2022-12-27T01:59:05.2233721Z Requested labels: self-hosted, macOS, X64
2022-12-27T01:59:05.2233794Z Job defined at: kilnbuild/python.build/.github/workflows/mac_arm_build.yml@refs/heads/main
2022-12-27T01:59:05.2233822Z Waiting for a runner to pick up this job...
2022-12-27T03:02:04.3757444Z Job is about to start running on the runner: kr2 (organization)
2022-12-27T03:02:10.3206470Z Current runner version: '2.300.2'
2022-12-27T03:02:10.3214430Z Runner name: 'kr2'
2022-12-27T03:02:10.3214830Z Runner group name: 'Default'
2022-12-27T03:02:10.3215740Z Machine name: 'kr2'
2022-12-27T03:02:10.3218370Z ##[group]GITHUB_TOKEN Permissions
2022-12-27T03:02:10.3219080Z Actions: write
2022-12-27T03:02:10.3219340Z Checks: write
2022-12-27T03:02:10.3219680Z Contents: write
2022-12-27T03:02:10.3219940Z Deployments: write
2022-12-27T03:02:10.3220210Z Discussions: write
2022-12-27T03:02:10.3220470Z Issues: write
2022-12-27T03:02:10.3220720Z Metadata: read
2022-12-27T03:02:10.3220970Z Packages: write
2022-12-27T03:02:10.3221230Z Pages: write
2022-12-27T03:02:10.3221500Z PullRequests: write
2022-12-27T03:02:10.3221800Z RepositoryProjects: write
2022-12-27T03:02:10.3222110Z SecurityEvents: write
2022-12-27T03:02:10.3222380Z Statuses: write
2022-12-27T03:02:10.3222630Z ##[endgroup]
2022-12-27T03:02:10.3226400Z Secret source: Actions
2022-12-27T03:02:10.3226910Z Prepare workflow directory
2022-12-27T03:02:10.4355800Z Prepare all required actions
2022-12-27T03:02:10.4566290Z Getting action download info
2022-12-27T03:02:11.1304720Z Download action repository 'actions/setup-python@v4' (SHA:5ccb29d8773c3f3f653e1705f474dfaa8a06a912)
2022-12-27T03:02:14.0445710Z Download action repository 'actions/upload-artifact@v3' (SHA:83fd05a356d7e2593de66fc9913b3002723633cb)
2022-12-27T03:02:16.5062160Z ##[group]Run echo '{
2022-12-27T03:02:16.5062760Z [36;1mecho '{[0m
2022-12-27T03:02:16.5063170Z [36;1m  "environment_variables": "GRPC_PYTHON_BUILD_WITH_CYTHON=1 GRPC_BUILD_WITH_BORING_SSL_ASM='' GRPC_PYTHON_BUILD_SYSTEM_OPENSSL=TRUE",[0m
2022-12-27T03:02:16.5063540Z [36;1m  "package_name": "grpcio",[0m
2022-12-27T03:02:16.5063980Z [36;1m  "package_url": "https://files.pythonhosted.org/packages/fb/d5/30bc142a40bb891c28739ec48c99730d20e5fb9cf9637036b4b52f70505b/grpcio-1.21.1.tar.gz",[0m
2022-12-27T03:02:16.5064350Z [36;1m  "package_version": "1.21.1",[0m
2022-12-27T03:02:16.5064590Z [36;1m  "python_version": "3.9",[0m
2022-12-27T03:02:16.5064930Z [36;1m  "use_ccache": "true"[0m
2022-12-27T03:02:16.5065170Z [36;1m}'[0m
2022-12-27T03:02:16.5094210Z shell: /bin/bash -e {0}
2022-12-27T03:02:16.5094510Z ##[endgroup]
2022-12-27T03:02:16.5493780Z {
2022-12-27T03:02:16.5497160Z   "environment_variables": "GRPC_PYTHON_BUILD_WITH_CYTHON=1 GRPC_BUILD_WITH_BORING_SSL_ASM= GRPC_PYTHON_BUILD_SYSTEM_OPENSSL=TRUE",
2022-12-27T03:02:16.5497610Z   "package_name": "grpcio",
2022-12-27T03:02:16.5498820Z   "package_url": "https://files.pythonhosted.org/packages/fb/d5/30bc142a40bb891c28739ec48c99730d20e5fb9cf9637036b4b52f70505b/grpcio-1.21.1.tar.gz",
2022-12-27T03:02:16.5499380Z   "package_version": "1.21.1",
2022-12-27T03:02:16.5499660Z   "python_version": "3.9",
2022-12-27T03:02:16.5500100Z   "use_ccache": "true"
2022-12-27T03:02:16.5500410Z }
2022-12-27T03:02:16.5899840Z ##[group]Run actions/setup-python@v4
2022-12-27T03:02:16.5900380Z with:
2022-12-27T03:02:16.5900750Z   python-version: 3.9
2022-12-27T03:02:16.5901160Z   check-latest: false
2022-12-27T03:02:16.5902060Z   token: ***
2022-12-27T03:02:16.5902440Z   update-environment: true
2022-12-27T03:02:16.5902770Z ##[endgroup]
2022-12-27T03:02:16.8197980Z ##[group]Installed versions
2022-12-27T03:02:16.8270480Z Successfully set up CPython (3.9.16)
2022-12-27T03:02:16.8271860Z ##[endgroup]
2022-12-27T03:02:16.8523460Z ##[group]Run if [ "true" == "true" ]
2022-12-27T03:02:16.8523840Z [36;1mif [ "true" == "true" ][0m
2022-12-27T03:02:16.8524210Z [36;1mthen[0m
2022-12-27T03:02:16.8524630Z [36;1m  echo "CCACHE_PATH_PREPEND=/usr/local/opt/ccache/libexec" >> $GITHUB_OUTPUT[0m
2022-12-27T03:02:16.8525020Z [36;1melse[0m
2022-12-27T03:02:16.8525490Z [36;1m  echo "CCACHE_PATH_PREPEND=" >> $GITHUB_OUTPUT[0m
2022-12-27T03:02:16.8526520Z [36;1mfi[0m
2022-12-27T03:02:16.8557960Z shell: /bin/bash -e {0}
2022-12-27T03:02:16.8558280Z env:
2022-12-27T03:02:16.8558880Z   pythonLocation: /Users/runner/hostedtoolcache/Python/3.9.16/x64
2022-12-27T03:02:16.8559520Z   PKG_CONFIG_PATH: /Users/runner/hostedtoolcache/Python/3.9.16/x64/lib/pkgconfig
2022-12-27T03:02:16.8560700Z   Python_ROOT_DIR: /Users/runner/hostedtoolcache/Python/3.9.16/x64
2022-12-27T03:02:16.8561190Z   Python2_ROOT_DIR: /Users/runner/hostedtoolcache/Python/3.9.16/x64
2022-12-27T03:02:16.8561990Z   Python3_ROOT_DIR: /Users/runner/hostedtoolcache/Python/3.9.16/x64
2022-12-27T03:02:16.8562340Z ##[endgroup]
2022-12-27T03:02:16.8869980Z ##[group]Run echo "BUILD_NAME=$(echo grpcio_1.21.1_3.9 | tr -dc '[:alnum:]\n\r' | tr '[:upper:]' '[:lower:]')" >> $GITHUB_OUTPUT
2022-12-27T03:02:16.8870580Z [36;1mecho "BUILD_NAME=$(echo grpcio_1.21.1_3.9 | tr -dc '[:alnum:]\n\r' | tr '[:upper:]' '[:lower:]')" >> $GITHUB_OUTPUT[0m
2022-12-27T03:02:16.8898370Z shell: /bin/bash -e {0}
2022-12-27T03:02:16.8898610Z env:
2022-12-27T03:02:16.8898850Z   pythonLocation: /Users/runner/hostedtoolcache/Python/3.9.16/x64
2022-12-27T03:02:16.8899160Z   PKG_CONFIG_PATH: /Users/runner/hostedtoolcache/Python/3.9.16/x64/lib/pkgconfig
2022-12-27T03:02:16.8899470Z   Python_ROOT_DIR: /Users/runner/hostedtoolcache/Python/3.9.16/x64
2022-12-27T03:02:16.8899890Z   Python2_ROOT_DIR: /Users/runner/hostedtoolcache/Python/3.9.16/x64
2022-12-27T03:02:16.8900190Z   Python3_ROOT_DIR: /Users/runner/hostedtoolcache/Python/3.9.16/x64
2022-12-27T03:02:16.8900410Z ##[endgroup]
2022-12-27T03:02:16.9147180Z ##[group]Run echo "PYTHON_NO_DOTS=$(echo 3.9 | tr -dc '[:alnum:]\n\r' | tr '[:upper:]' '[:lower:]')" >> $GITHUB_OUTPUT
2022-12-27T03:02:16.9147720Z [36;1mecho "PYTHON_NO_DOTS=$(echo 3.9 | tr -dc '[:alnum:]\n\r' | tr '[:upper:]' '[:lower:]')" >> $GITHUB_OUTPUT[0m
2022-12-27T03:02:16.9174710Z shell: /bin/bash -e {0}
2022-12-27T03:02:16.9175020Z env:
2022-12-27T03:02:16.9175390Z   pythonLocation: /Users/runner/hostedtoolcache/Python/3.9.16/x64
2022-12-27T03:02:16.9176970Z   PKG_CONFIG_PATH: /Users/runner/hostedtoolcache/Python/3.9.16/x64/lib/pkgconfig
2022-12-27T03:02:16.9177410Z   Python_ROOT_DIR: /Users/runner/hostedtoolcache/Python/3.9.16/x64
2022-12-27T03:02:16.9177920Z   Python2_ROOT_DIR: /Users/runner/hostedtoolcache/Python/3.9.16/x64
2022-12-27T03:02:16.9178420Z   Python3_ROOT_DIR: /Users/runner/hostedtoolcache/Python/3.9.16/x64
2022-12-27T03:02:16.9178720Z ##[endgroup]
2022-12-27T03:02:16.9437350Z ##[group]Run rm -rf build_grpcio121139
2022-12-27T03:02:16.9437950Z [36;1mrm -rf build_grpcio121139[0m
2022-12-27T03:02:16.9438230Z [36;1mmkdir build_grpcio121139[0m
2022-12-27T03:02:16.9438560Z [36;1mcd build_grpcio121139[0m
2022-12-27T03:02:16.9439080Z [36;1m/usr/local/bin/wget --quiet https://files.pythonhosted.org/packages/fb/d5/30bc142a40bb891c28739ec48c99730d20e5fb9cf9637036b4b52f70505b/grpcio-1.21.1.tar.gz[0m
2022-12-27T03:02:16.9439660Z [36;1mtar xf *.tar.gz[0m
2022-12-27T03:02:16.9439930Z [36;1mcd grpcio-*/[0m
2022-12-27T03:02:16.9440280Z [36;1mpython -m pip install cibuildwheel==2.11.3[0m
2022-12-27T03:02:16.9440680Z [36;1mpython -m cibuildwheel --output-dir ../wheelsout[0m
2022-12-27T03:02:16.9467730Z shell: /bin/bash -e {0}
2022-12-27T03:02:16.9468050Z env:
2022-12-27T03:02:16.9468490Z   pythonLocation: /Users/runner/hostedtoolcache/Python/3.9.16/x64
2022-12-27T03:02:16.9468980Z   PKG_CONFIG_PATH: /Users/runner/hostedtoolcache/Python/3.9.16/x64/lib/pkgconfig
2022-12-27T03:02:16.9469520Z   Python_ROOT_DIR: /Users/runner/hostedtoolcache/Python/3.9.16/x64
2022-12-27T03:02:16.9469880Z   Python2_ROOT_DIR: /Users/runner/hostedtoolcache/Python/3.9.16/x64
2022-12-27T03:02:16.9470300Z   Python3_ROOT_DIR: /Users/runner/hostedtoolcache/Python/3.9.16/x64
2022-12-27T03:02:16.9470670Z   CIBW_ARCHS_MACOS: arm64
2022-12-27T03:02:16.9470940Z   CIBW_TEST_SKIP: *_arm64
2022-12-27T03:02:16.9471350Z   CIBW_BUILD: cp39-macosx_arm64
2022-12-27T03:02:16.9471680Z   CIBW_BUILD_FRONTEND: pip
2022-12-27T03:02:16.9471950Z   CIBW_BUILD_VERBOSITY: 3
2022-12-27T03:02:16.9472850Z   CIBW_ENVIRONMENT_MACOS: GRPC_PYTHON_BUILD_WITH_CYTHON=1 GRPC_BUILD_WITH_BORING_SSL_ASM='' GRPC_PYTHON_BUILD_SYSTEM_OPENSSL=TRUE CFLAGS="-I/usr/local/opt/openssl@3/include" LDFLAGS="-L/usr/local/opt/openssl@3/lib" CPPFLAGS="-I/usr/local/opt/openssl@3/include" MAKEFLAGS="-j$(sysctl -n hw.logicalcpu)" PATH=/usr/local/opt/ccache/libexec:$PATH
2022-12-27T03:02:16.9474090Z   CIBW_BEFORE_BUILD: pip install Cython; if [[ -f requirements.txt ]]; then pip install -r requirements.txt; fi
2022-12-27T03:02:16.9474530Z   MAKEFLAGS: -j$(sysctl -n hw.logicalcpu)
2022-12-27T03:02:16.9474850Z ##[endgroup]
2022-12-27T03:02:18.4257750Z Requirement already satisfied: cibuildwheel==2.11.3 in /Users/runner/hostedtoolcache/Python/3.9.16/x64/lib/python3.9/site-packages (2.11.3)
2022-12-27T03:02:18.4687880Z Requirement already satisfied: packaging>=20.9 in /Users/runner/hostedtoolcache/Python/3.9.16/x64/lib/python3.9/site-packages (from cibuildwheel==2.11.3) (22.0)
2022-12-27T03:02:18.4698040Z Requirement already satisfied: typing-extensions>=4.1.0 in /Users/runner/hostedtoolcache/Python/3.9.16/x64/lib/python3.9/site-packages (from cibuildwheel==2.11.3) (4.4.0)
2022-12-27T03:02:18.4704380Z Requirement already satisfied: bracex in /Users/runner/hostedtoolcache/Python/3.9.16/x64/lib/python3.9/site-packages (from cibuildwheel==2.11.3) (2.3.post1)
2022-12-27T03:02:18.4708850Z Requirement already satisfied: filelock in /Users/runner/hostedtoolcache/Python/3.9.16/x64/lib/python3.9/site-packages (from cibuildwheel==2.11.3) (3.8.2)
2022-12-27T03:02:18.4715010Z Requirement already satisfied: platformdirs in /Users/runner/hostedtoolcache/Python/3.9.16/x64/lib/python3.9/site-packages (from cibuildwheel==2.11.3) (2.6.0)
2022-12-27T03:02:18.4719740Z Requirement already satisfied: certifi in /Users/runner/hostedtoolcache/Python/3.9.16/x64/lib/python3.9/site-packages (from cibuildwheel==2.11.3) (2022.12.7)
2022-12-27T03:02:18.4730160Z Requirement already satisfied: tomli in /Users/runner/hostedtoolcache/Python/3.9.16/x64/lib/python3.9/site-packages (from cibuildwheel==2.11.3) (2.0.1)
2022-12-27T03:02:18.4736610Z Requirement already satisfied: bashlex!=0.13 in /Users/runner/hostedtoolcache/Python/3.9.16/x64/lib/python3.9/site-packages (from cibuildwheel==2.11.3) (0.16)
2022-12-27T03:02:18.8053170Z 
2022-12-27T03:02:18.8053730Z      _ _       _ _   _       _           _
2022-12-27T03:02:18.8054320Z  ___|_| |_ _ _|_| |_| |_ _ _| |_ ___ ___| |
2022-12-27T03:02:18.8057960Z |  _| | . | | | | | . | | | |   | -_| -_| |
2022-12-27T03:02:18.8058760Z |___|_|___|___|_|_|___|_____|_|_|___|___|_|
2022-12-27T03:02:18.8058950Z 
2022-12-27T03:02:18.8059040Z cibuildwheel version 2.11.3
2022-12-27T03:02:18.8059250Z 
2022-12-27T03:02:18.8059430Z Build options:
2022-12-27T03:02:18.8059760Z   platform: macos
2022-12-27T03:02:18.8336440Z   architectures: arm64[0m
2022-12-27T03:02:18.8338350Z   build_selector: 
2022-12-27T03:02:18.8339700Z     build_config: cp39-macosx_arm64
2022-12-27T03:02:18.8340820Z     skip_config: 
2022-12-27T03:02:18.8342310Z     requires_python: None
2022-12-27T03:02:18.8345080Z     prerelease_pythons: False[0m
2022-12-27T03:02:18.8346270Z   [38;5;244mcontainer_engine: docker[0m
2022-12-27T03:02:18.8346800Z   output_dir: /Users/runner/actions-runner/_work/python.build/python.build/build_grpcio121139/wheelsout[0m
2022-12-27T03:02:18.8347500Z   package_dir: /Users/runner/actions-runner/_work/python.build/python.build/build_grpcio121139/grpcio-1.21.1[0m
2022-12-27T03:02:18.8348370Z   test_selector: 
2022-12-27T03:02:18.8348810Z     skip_config: *_arm64[0m
2022-12-27T03:02:18.8349200Z   [38;5;244mbefore_all: [0m
2022-12-27T03:02:18.8349770Z   before_build: pip install Cython; if [[ -f requirements.txt ]]; then pip install -r requirements.txt; fi[0m
2022-12-27T03:02:18.8350280Z   [38;5;244mbefore_test: [0m
2022-12-27T03:02:18.8350790Z   [38;5;244mbuild_frontend: pip[0m
2022-12-27T03:02:18.8351210Z   build_verbosity: 3[0m
2022-12-27T03:02:18.8351610Z   [38;5;244mconfig_settings: [0m
2022-12-27T03:02:18.8352030Z   [38;5;244mdependency_constraints: pinned[0m
2022-12-27T03:02:18.8352380Z   environment: 
2022-12-27T03:02:18.8352880Z     GRPC_PYTHON_BUILD_WITH_CYTHON=1
2022-12-27T03:02:18.8353360Z     GRPC_BUILD_WITH_BORING_SSL_ASM=''
2022-12-27T03:02:18.8354030Z     GRPC_PYTHON_BUILD_SYSTEM_OPENSSL=TRUE
2022-12-27T03:02:18.8355960Z     CFLAGS="-I/usr/local/opt/openssl@3/include"
2022-12-27T03:02:18.8357070Z     LDFLAGS="-L/usr/local/opt/openssl@3/lib"
2022-12-27T03:02:18.8357900Z     CPPFLAGS="-I/usr/local/opt/openssl@3/include"
2022-12-27T03:02:18.8358800Z     MAKEFLAGS="-j$(sysctl -n hw.logicalcpu)"
2022-12-27T03:02:18.8359700Z     PATH=/usr/local/opt/ccache/libexec:$PATH[0m
2022-12-27T03:02:18.8360430Z   [38;5;244mmanylinux_images: None[0m
2022-12-27T03:02:18.8361470Z   [38;5;244mmusllinux_images: None[0m
2022-12-27T03:02:18.8362670Z   [38;5;244mrepair_command: delocate-wheel --require-archs {delocate_archs} -w {dest_dir} -v {wheel}[0m
2022-12-27T03:02:18.8363360Z   [38;5;244mtest_command: [0m
2022-12-27T03:02:18.8363790Z   [38;5;244mtest_extras: [0m
2022-12-27T03:02:18.8364190Z   [38;5;244mtest_requires: [0m
2022-12-27T03:02:18.8364520Z 
2022-12-27T03:02:18.8364710Z Cache folder: /Users/runner/Library/Caches/cibuildwheel
2022-12-27T03:02:18.8382410Z 
2022-12-27T03:02:18.8383100Z Here we go!
2022-12-27T03:02:18.8383460Z 
2022-12-27T03:02:18.8506220Z 
2022-12-27T03:02:18.8507590Z [1m[34mBuilding cp39-macosx_arm64 wheel[0m
2022-12-27T03:02:18.8509000Z CPython 3.9 macOS arm64 - Apple Silicon
2022-12-27T03:02:18.8509450Z 
2022-12-27T03:02:18.8511960Z ##[group]Installing Python cp39...
2022-12-27T03:02:18.8512390Z 
2022-12-27T03:02:18.8512700Z + pkgutil --pkgs
2022-12-27T03:02:18.8723200Z ##[endgroup]
2022-12-27T03:02:18.8725690Z                                                               [32m✓ [0m0.02s
2022-12-27T03:02:18.8726470Z ##[group]Setting up build environment...
2022-12-27T03:02:18.8726720Z 
2022-12-27T03:02:18.8757920Z + /Users/runner/hostedtoolcache/Python/3.9.16/x64/bin/python -sS /Users/runner/Library/Caches/cibuildwheel/virtualenv-20.17.0.pyz --activators= --no-periodic-update --pip=22.3.1 --setuptools=65.6.3 --wheel=0.38.4 --symlink-app-data --python /Library/Frameworks/Python.framework/Versions/3.9/bin/python3 /private/var/folders/51/hd414ycd67n82196sw51xqtc0000gn/T/cibw-run-y9rvr6vb/cp39-macosx_arm64/build/venv
2022-12-27T03:02:19.1837230Z created virtual environment CPython3.9.13.final.0-64 in 81ms
2022-12-27T03:02:19.1838740Z   creator CPython3Posix(dest=/private/var/folders/51/hd414ycd67n82196sw51xqtc0000gn/T/cibw-run-y9rvr6vb/cp39-macosx_arm64/build/venv, clear=False, no_vcs_ignore=False, global=False)
2022-12-27T03:02:19.1839410Z   seeder FromAppData(download=False, pip=22.3.1, setuptools=65.6.3, wheel=0.38.4, via=symlink, app_data_dir=/Users/runner/Library/Application Support/virtualenv)
2022-12-27T03:02:19.1839950Z     added seed packages: pip==22.3.1, setuptools==65.6.3, wheel==0.38.4
2022-12-27T03:02:19.2073290Z + python -m pip install --upgrade pip -c /Users/runner/hostedtoolcache/Python/3.9.16/x64/lib/python3.9/site-packages/cibuildwheel/resources/constraints-python39.txt
2022-12-27T03:02:19.7414890Z Requirement already satisfied: pip in ./lib/python3.9/site-packages (22.3.1)
2022-12-27T03:02:20.0323050Z + which pip
2022-12-27T03:02:20.0370890Z /private/var/folders/51/hd414ycd67n82196sw51xqtc0000gn/T/cibw-run-y9rvr6vb/cp39-macosx_arm64/build/venv/bin/pip
2022-12-27T03:02:20.0375240Z + pip --version
2022-12-27T03:02:20.4247170Z pip 22.3.1 from /private/var/folders/51/hd414ycd67n82196sw51xqtc0000gn/T/cibw-run-y9rvr6vb/cp39-macosx_arm64/build/venv/lib/python3.9/site-packages/pip (python 3.9)
2022-12-27T03:02:20.4824300Z + which pip
2022-12-27T03:02:20.4889440Z + which python
2022-12-27T03:02:20.4929030Z /private/var/folders/51/hd414ycd67n82196sw51xqtc0000gn/T/cibw-run-y9rvr6vb/cp39-macosx_arm64/build/venv/bin/python
2022-12-27T03:02:20.4940070Z + python --version
2022-12-27T03:02:20.5040800Z Python 3.9.13
2022-12-27T03:02:20.5046310Z + which python
2022-12-27T03:02:20.5158980Z ##[endgroup]
2022-12-27T03:02:20.5160150Z                                                               [32m✓ [0m1.64s
2022-12-27T03:02:20.5161480Z ##[group]Installing build tools...
2022-12-27T03:02:20.5162230Z 
2022-12-27T03:02:20.5163450Z + pip install --upgrade setuptools wheel delocate -c /Users/runner/hostedtoolcache/Python/3.9.16/x64/lib/python3.9/site-packages/cibuildwheel/resources/constraints-python39.txt
2022-12-27T03:02:21.0648080Z Requirement already satisfied: setuptools in /private/var/folders/51/hd414ycd67n82196sw51xqtc0000gn/T/cibw-run-y9rvr6vb/cp39-macosx_arm64/build/venv/lib/python3.9/site-packages (65.6.3)
2022-12-27T03:02:21.4802600Z Requirement already satisfied: wheel in /private/var/folders/51/hd414ycd67n82196sw51xqtc0000gn/T/cibw-run-y9rvr6vb/cp39-macosx_arm64/build/venv/lib/python3.9/site-packages (0.38.4)
2022-12-27T03:02:21.5780390Z Collecting delocate
2022-12-27T03:02:21.5853760Z   Using cached delocate-0.10.3-py3-none-any.whl (142 kB)
2022-12-27T03:02:21.6470360Z Collecting packaging>=20.9
2022-12-27T03:02:21.6526500Z   Using cached packaging-21.3-py3-none-any.whl (40 kB)
2022-12-27T03:02:21.8948280Z Collecting typing-extensions
2022-12-27T03:02:21.9005060Z   Using cached typing_extensions-4.4.0-py3-none-any.whl (26 kB)
2022-12-27T03:02:21.9691690Z Collecting pyparsing!=3.0.5,>=2.0.2
2022-12-27T03:02:21.9743760Z   Using cached pyparsing-3.0.9-py3-none-any.whl (98 kB)
2022-12-27T03:02:22.0404280Z Installing collected packages: typing-extensions, pyparsing, packaging, delocate
2022-12-27T03:02:22.2971900Z Successfully installed delocate-0.10.3 packaging-21.3 pyparsing-3.0.9 typing-extensions-4.4.0
2022-12-27T03:02:22.4366120Z ##[endgroup]
2022-12-27T03:02:22.4368330Z                                                               [32m✓ [0m1.92s
2022-12-27T03:02:22.4369880Z ##[group]Running before_build...
2022-12-27T03:02:22.4370140Z 
2022-12-27T03:02:22.4384530Z + pip install Cython; if [[ -f requirements.txt ]]; then pip install -r requirements.txt; fi
2022-12-27T03:02:23.6957660Z Collecting Cython
2022-12-27T03:02:23.7059070Z   Using cached Cython-0.29.32-py2.py3-none-any.whl (986 kB)
2022-12-27T03:02:23.7843080Z Installing collected packages: Cython
2022-12-27T03:02:24.6073260Z Successfully installed Cython-0.29.32
2022-12-27T03:02:26.0652100Z Collecting coverage>=4.0
2022-12-27T03:02:26.0735720Z   Using cached coverage-7.0.1-cp39-cp39-macosx_10_9_x86_64.whl (188 kB)
2022-12-27T03:02:26.7629790Z Collecting cython==0.28.3
2022-12-27T03:02:26.7773810Z   Using cached Cython-0.28.3.tar.gz (1.9 MB)
2022-12-27T03:02:27.5972360Z   Preparing metadata (setup.py): started
2022-12-27T03:02:42.8190730Z   Preparing metadata (setup.py): finished with status 'done'
2022-12-27T03:02:42.8533200Z Collecting enum34>=1.0.4
2022-12-27T03:02:42.8645100Z   Using cached enum34-1.1.10-py3-none-any.whl (11 kB)
2022-12-27T03:02:43.4217160Z Collecting protobuf>=3.5.0.post1
2022-12-27T03:02:43.4289570Z   Using cached protobuf-4.21.12-cp37-abi3-macosx_10_9_universal2.whl (486 kB)
2022-12-27T03:02:43.4724750Z Collecting six>=1.10
2022-12-27T03:02:43.4766670Z   Using cached six-1.16.0-py2.py3-none-any.whl (11 kB)
2022-12-27T03:02:43.4801200Z Requirement already satisfied: wheel>=0.29 in /private/var/folders/51/hd414ycd67n82196sw51xqtc0000gn/T/cibw-run-y9rvr6vb/cp39-macosx_arm64/build/venv/lib/python3.9/site-packages (from -r requirements.txt (line 7)) (0.38.4)
2022-12-27T03:02:43.4949160Z Building wheels for collected packages: cython
2022-12-27T03:02:43.4958260Z   Building wheel for cython (setup.py): started
2022-12-27T03:02:44.7047700Z   Building wheel for cython (setup.py): finished with status 'error'
2022-12-27T03:02:44.7574940Z   error: subprocess-exited-with-error
2022-12-27T03:02:44.7575430Z   
2022-12-27T03:02:44.7576190Z   × python setup.py bdist_wheel did not run successfully.
2022-12-27T03:02:44.7577140Z   │ exit code: 1
2022-12-27T03:02:44.7579290Z   ╰─> [560 lines of output]
2022-12-27T03:02:44.7579740Z       Unable to find pgen, not compiling formal grammar.
2022-12-27T03:02:44.7580230Z       running bdist_wheel
2022-12-27T03:02:44.7580530Z       running build
2022-12-27T03:02:44.7585160Z   Running setup.py clean for cython
2022-12-27T03:02:44.7585970Z       running build_py
2022-12-27T03:02:44.7586760Z       creating build
2022-12-27T03:02:44.7588410Z       creating build/lib.macosx-11.0-arm64-cpython-39
2022-12-27T03:02:44.7590970Z       copying cython.py -> build/lib.macosx-11.0-arm64-cpython-39
2022-12-27T03:02:44.7592450Z       creating build/lib.macosx-11.0-arm64-cpython-39/Cython
2022-12-27T03:02:44.7593950Z       copying Cython/TestUtils.py -> build/lib.macosx-11.0-arm64-cpython-39/Cython
2022-12-27T03:02:44.7595040Z       copying Cython/StringIOTree.py -> build/lib.macosx-11.0-arm64-cpython-39/Cython
2022-12-27T03:02:44.7596530Z       copying Cython/__init__.py -> build/lib.macosx-11.0-arm64-cpython-39/Cython
2022-12-27T03:02:44.7599320Z       copying Cython/Coverage.py -> build/lib.macosx-11.0-arm64-cpython-39/Cython
2022-12-27T03:02:44.7601260Z       copying Cython/Debugging.py -> build/lib.macosx-11.0-arm64-cpython-39/Cython
2022-12-27T03:02:44.7602370Z       copying Cython/Utils.py -> build/lib.macosx-11.0-arm64-cpython-39/Cython
2022-12-27T03:02:44.7603570Z       copying Cython/Shadow.py -> build/lib.macosx-11.0-arm64-cpython-39/Cython
2022-12-27T03:02:44.7605740Z       copying Cython/CodeWriter.py -> build/lib.macosx-11.0-arm64-cpython-39/Cython
2022-12-27T03:02:44.7607470Z       creating build/lib.macosx-11.0-arm64-cpython-39/Cython/Build
2022-12-27T03:02:44.7609480Z       copying Cython/Build/Cythonize.py -> build/lib.macosx-11.0-arm64-cpython-39/Cython/Build
2022-12-27T03:02:44.7612120Z       copying Cython/Build/__init__.py -> build/lib.macosx-11.0-arm64-cpython-39/Cython/Build
2022-12-27T03:02:44.7613810Z       copying Cython/Build/IpythonMagic.py -> build/lib.macosx-11.0-arm64-cpython-39/Cython/Build
2022-12-27T03:02:44.7615140Z       copying Cython/Build/BuildExecutable.py -> build/lib.macosx-11.0-arm64-cpython-39/Cython/Build
2022-12-27T03:02:44.7616840Z       copying Cython/Build/Distutils.py -> build/lib.macosx-11.0-arm64-cpython-39/Cython/Build
2022-12-27T03:02:44.7618170Z       copying Cython/Build/Dependencies.py -> build/lib.macosx-11.0-arm64-cpython-39/Cython/Build
2022-12-27T03:02:44.7619600Z       copying Cython/Build/Inline.py -> build/lib.macosx-11.0-arm64-cpython-39/Cython/Build
2022-12-27T03:02:44.7621120Z       creating build/lib.macosx-11.0-arm64-cpython-39/Cython/Compiler
2022-12-27T03:02:44.7624000Z       copying Cython/Compiler/Optimize.py -> build/lib.macosx-11.0-arm64-cpython-39/Cython/Compiler
2022-12-27T03:02:44.7626940Z       copying Cython/Compiler/Options.py -> build/lib.macosx-11.0-arm64-cpython-39/Cython/Compiler
2022-12-27T03:02:44.7629350Z       copying Cython/Compiler/CodeGeneration.py -> build/lib.macosx-11.0-arm64-cpython-39/Cython/Compiler
2022-12-27T03:02:44.7630470Z       copying Cython/Compiler/ModuleNode.py -> build/lib.macosx-11.0-arm64-cpython-39/Cython/Compiler
2022-12-27T03:02:44.7631530Z       copying Cython/Compiler/DebugFlags.py -> build/lib.macosx-11.0-arm64-cpython-39/Cython/Compiler
2022-12-27T03:02:44.7632560Z       copying Cython/Compiler/TypeSlots.py -> build/lib.macosx-11.0-arm64-cpython-39/Cython/Compiler
2022-12-27T03:02:44.7634020Z       copying Cython/Compiler/Version.py -> build/lib.macosx-11.0-arm64-cpython-39/Cython/Compiler
2022-12-27T03:02:44.7636230Z       copying Cython/Compiler/Parsing.py -> build/lib.macosx-11.0-arm64-cpython-39/Cython/Compiler
2022-12-27T03:02:44.7637240Z       copying Cython/Compiler/Symtab.py -> build/lib.macosx-11.0-arm64-cpython-39/Cython/Compiler
2022-12-27T03:02:44.7638240Z       copying Cython/Compiler/UtilNodes.py -> build/lib.macosx-11.0-arm64-cpython-39/Cython/Compiler
2022-12-27T03:02:44.7639660Z       copying Cython/Compiler/Pythran.py -> build/lib.macosx-11.0-arm64-cpython-39/Cython/Compiler
2022-12-27T03:02:44.7640600Z       copying Cython/Compiler/Naming.py -> build/lib.macosx-11.0-arm64-cpython-39/Cython/Compiler
2022-12-27T03:02:44.7641790Z       copying Cython/Compiler/UtilityCode.py -> build/lib.macosx-11.0-arm64-cpython-39/Cython/Compiler
2022-12-27T03:02:44.7643500Z       copying Cython/Compiler/TreePath.py -> build/lib.macosx-11.0-arm64-cpython-39/Cython/Compiler
2022-12-27T03:02:44.7787920Z       copying Cython/Compiler/CmdLine.py -> build/lib.macosx-11.0-arm64-cpython-39/Cython/Compiler
2022-12-27T03:02:44.7790180Z       copying Cython/Compiler/MemoryView.py -> build/lib.macosx-11.0-arm64-cpython-39/Cython/Compiler
2022-12-27T03:02:44.7790920Z       copying Cython/Compiler/Code.py -> build/lib.macosx-11.0-arm64-cpython-39/Cython/Compiler
2022-12-27T03:02:44.7791970Z       copying Cython/Compiler/__init__.py -> build/lib.macosx-11.0-arm64-cpython-39/Cython/Compiler
2022-12-27T03:02:44.7792900Z       copying Cython/Compiler/TreeFragment.py -> build/lib.macosx-11.0-arm64-cpython-39/Cython/Compiler
2022-12-27T03:02:44.7793750Z       copying Cython/Compiler/ParseTreeTransforms.py -> build/lib.macosx-11.0-arm64-cpython-39/Cython/Compiler
2022-12-27T03:02:44.7796250Z       copying Cython/Compiler/Annotate.py -> build/lib.macosx-11.0-arm64-cpython-39/Cython/Compiler
2022-12-27T03:02:44.7798760Z       copying Cython/Compiler/Lexicon.py -> build/lib.macosx-11.0-arm64-cpython-39/Cython/Compiler
2022-12-27T03:02:44.7799880Z       copying Cython/Compiler/Interpreter.py -> build/lib.macosx-11.0-arm64-cpython-39/Cython/Compiler
2022-12-27T03:02:44.7800760Z       copying Cython/Compiler/AutoDocTransforms.py -> build/lib.macosx-11.0-arm64-cpython-39/Cython/Compiler
2022-12-27T03:02:44.7801780Z       copying Cython/Compiler/Visitor.py -> build/lib.macosx-11.0-arm64-cpython-39/Cython/Compiler
2022-12-27T03:02:44.7804100Z       copying Cython/Compiler/Pipeline.py -> build/lib.macosx-11.0-arm64-cpython-39/Cython/Compiler
2022-12-27T03:02:44.7805010Z       copying Cython/Compiler/Buffer.py -> build/lib.macosx-11.0-arm64-cpython-39/Cython/Compiler
2022-12-27T03:02:44.7805980Z       copying Cython/Compiler/ExprNodes.py -> build/lib.macosx-11.0-arm64-cpython-39/Cython/Compiler
2022-12-27T03:02:44.7809820Z       copying Cython/Compiler/CythonScope.py -> build/lib.macosx-11.0-arm64-cpython-39/Cython/Compiler
2022-12-27T03:02:44.7811520Z       copying Cython/Compiler/Scanning.py -> build/lib.macosx-11.0-arm64-cpython-39/Cython/Compiler
2022-12-27T03:02:44.7812620Z       copying Cython/Compiler/FusedNode.py -> build/lib.macosx-11.0-arm64-cpython-39/Cython/Compiler
2022-12-27T03:02:44.7814090Z       copying Cython/Compiler/TypeInference.py -> build/lib.macosx-11.0-arm64-cpython-39/Cython/Compiler
2022-12-27T03:02:44.7814880Z       copying Cython/Compiler/Builtin.py -> build/lib.macosx-11.0-arm64-cpython-39/Cython/Compiler
2022-12-27T03:02:44.7815760Z       copying Cython/Compiler/Future.py -> build/lib.macosx-11.0-arm64-cpython-39/Cython/Compiler
2022-12-27T03:02:44.7816500Z       copying Cython/Compiler/Errors.py -> build/lib.macosx-11.0-arm64-cpython-39/Cython/Compiler
2022-12-27T03:02:44.7817100Z       copying Cython/Compiler/Nodes.py -> build/lib.macosx-11.0-arm64-cpython-39/Cython/Compiler
2022-12-27T03:02:44.7817750Z       copying Cython/Compiler/Main.py -> build/lib.macosx-11.0-arm64-cpython-39/Cython/Compiler
2022-12-27T03:02:44.7818430Z       copying Cython/Compiler/StringEncoding.py -> build/lib.macosx-11.0-arm64-cpython-39/Cython/Compiler
2022-12-27T03:02:44.7819150Z       copying Cython/Compiler/AnalysedTreeTransforms.py -> build/lib.macosx-11.0-arm64-cpython-39/Cython/Compiler
2022-12-27T03:02:44.7819880Z       copying Cython/Compiler/FlowControl.py -> build/lib.macosx-11.0-arm64-cpython-39/Cython/Compiler
2022-12-27T03:02:44.7820560Z       copying Cython/Compiler/PyrexTypes.py -> build/lib.macosx-11.0-arm64-cpython-39/Cython/Compiler
2022-12-27T03:02:44.7821170Z       creating build/lib.macosx-11.0-arm64-cpython-39/Cython/Runtime
2022-12-27T03:02:44.7821720Z       copying Cython/Runtime/__init__.py -> build/lib.macosx-11.0-arm64-cpython-39/Cython/Runtime
2022-12-27T03:02:44.7822320Z       creating build/lib.macosx-11.0-arm64-cpython-39/Cython/Distutils
2022-12-27T03:02:44.7823000Z       copying Cython/Distutils/old_build_ext.py -> build/lib.macosx-11.0-arm64-cpython-39/Cython/Distutils
2022-12-27T03:02:44.7823600Z       copying Cython/Distutils/build_ext.py -> build/lib.macosx-11.0-arm64-cpython-39/Cython/Distutils
2022-12-27T03:02:44.7824170Z       copying Cython/Distutils/__init__.py -> build/lib.macosx-11.0-arm64-cpython-39/Cython/Distutils
2022-12-27T03:02:44.7825190Z       copying Cython/Distutils/extension.py -> build/lib.macosx-11.0-arm64-cpython-39/Cython/Distutils
2022-12-27T03:02:44.7825760Z       creating build/lib.macosx-11.0-arm64-cpython-39/Cython/Debugger
2022-12-27T03:02:44.7826320Z       copying Cython/Debugger/libcython.py -> build/lib.macosx-11.0-arm64-cpython-39/Cython/Debugger
2022-12-27T03:02:44.7826860Z       copying Cython/Debugger/__init__.py -> build/lib.macosx-11.0-arm64-cpython-39/Cython/Debugger
2022-12-27T03:02:44.7827470Z       copying Cython/Debugger/Cygdb.py -> build/lib.macosx-11.0-arm64-cpython-39/Cython/Debugger
2022-12-27T03:02:44.7828120Z       copying Cython/Debugger/DebugWriter.py -> build/lib.macosx-11.0-arm64-cpython-39/Cython/Debugger
2022-12-27T03:02:44.7828700Z       copying Cython/Debugger/libpython.py -> build/lib.macosx-11.0-arm64-cpython-39/Cython/Debugger
2022-12-27T03:02:44.7829370Z       creating build/lib.macosx-11.0-arm64-cpython-39/Cython/Debugger/Tests
2022-12-27T03:02:44.7830040Z       copying Cython/Debugger/Tests/test_libcython_in_gdb.py -> build/lib.macosx-11.0-arm64-cpython-39/Cython/Debugger/Tests
2022-12-27T03:02:44.7830720Z       copying Cython/Debugger/Tests/TestLibCython.py -> build/lib.macosx-11.0-arm64-cpython-39/Cython/Debugger/Tests
2022-12-27T03:02:44.7831360Z       copying Cython/Debugger/Tests/__init__.py -> build/lib.macosx-11.0-arm64-cpython-39/Cython/Debugger/Tests
2022-12-27T03:02:44.7832040Z       copying Cython/Debugger/Tests/test_libpython_in_gdb.py -> build/lib.macosx-11.0-arm64-cpython-39/Cython/Debugger/Tests
2022-12-27T03:02:44.7832640Z       creating build/lib.macosx-11.0-arm64-cpython-39/Cython/Plex
2022-12-27T03:02:44.7833220Z       copying Cython/Plex/Machines.py -> build/lib.macosx-11.0-arm64-cpython-39/Cython/Plex
2022-12-27T03:02:44.7834220Z       copying Cython/Plex/Actions.py -> build/lib.macosx-11.0-arm64-cpython-39/Cython/Plex
2022-12-27T03:02:44.7834850Z       copying Cython/Plex/__init__.py -> build/lib.macosx-11.0-arm64-cpython-39/Cython/Plex
2022-12-27T03:02:44.7835420Z       copying Cython/Plex/Timing.py -> build/lib.macosx-11.0-arm64-cpython-39/Cython/Plex
2022-12-27T03:02:44.7836290Z       copying Cython/Plex/Transitions.py -> build/lib.macosx-11.0-arm64-cpython-39/Cython/Plex
2022-12-27T03:02:44.7836840Z       copying Cython/Plex/Regexps.py -> build/lib.macosx-11.0-arm64-cpython-39/Cython/Plex
2022-12-27T03:02:44.7837490Z       copying Cython/Plex/DFA.py -> build/lib.macosx-11.0-arm64-cpython-39/Cython/Plex
2022-12-27T03:02:44.7838100Z       copying Cython/Plex/Errors.py -> build/lib.macosx-11.0-arm64-cpython-39/Cython/Plex
2022-12-27T03:02:44.7838660Z       copying Cython/Plex/Traditional.py -> build/lib.macosx-11.0-arm64-cpython-39/Cython/Plex
2022-12-27T03:02:44.7839300Z       copying Cython/Plex/Lexicons.py -> build/lib.macosx-11.0-arm64-cpython-39/Cython/Plex
2022-12-27T03:02:44.7839890Z       copying Cython/Plex/Scanners.py -> build/lib.macosx-11.0-arm64-cpython-39/Cython/Plex
2022-12-27T03:02:44.7840580Z       creating build/lib.macosx-11.0-arm64-cpython-39/Cython/Tests
2022-12-27T03:02:44.7841150Z       copying Cython/Tests/TestStringIOTree.py -> build/lib.macosx-11.0-arm64-cpython-39/Cython/Tests
2022-12-27T03:02:44.7841820Z       copying Cython/Tests/TestCodeWriter.py -> build/lib.macosx-11.0-arm64-cpython-39/Cython/Tests
2022-12-27T03:02:44.7842480Z       copying Cython/Tests/TestJediTyper.py -> build/lib.macosx-11.0-arm64-cpython-39/Cython/Tests
2022-12-27T03:02:44.7843260Z       copying Cython/Tests/xmlrunner.py -> build/lib.macosx-11.0-arm64-cpython-39/Cython/Tests
2022-12-27T03:02:44.7843820Z       copying Cython/Tests/__init__.py -> build/lib.macosx-11.0-arm64-cpython-39/Cython/Tests
2022-12-27T03:02:44.7844390Z       creating build/lib.macosx-11.0-arm64-cpython-39/Cython/Build/Tests
2022-12-27T03:02:44.7845030Z       copying Cython/Build/Tests/TestInline.py -> build/lib.macosx-11.0-arm64-cpython-39/Cython/Build/Tests
2022-12-27T03:02:44.7845620Z       copying Cython/Build/Tests/__init__.py -> build/lib.macosx-11.0-arm64-cpython-39/Cython/Build/Tests
2022-12-27T03:02:44.7846600Z       copying Cython/Build/Tests/TestIpythonMagic.py -> build/lib.macosx-11.0-arm64-cpython-39/Cython/Build/Tests
2022-12-27T03:02:44.7847300Z       copying Cython/Build/Tests/TestStripLiterals.py -> build/lib.macosx-11.0-arm64-cpython-39/Cython/Build/Tests
2022-12-27T03:02:44.7847920Z       creating build/lib.macosx-11.0-arm64-cpython-39/Cython/Compiler/Tests
2022-12-27T03:02:44.7848480Z       copying Cython/Compiler/Tests/TestGrammar.py -> build/lib.macosx-11.0-arm64-cpython-39/Cython/Compiler/Tests
2022-12-27T03:02:44.7849100Z       copying Cython/Compiler/Tests/TestCmdLine.py -> build/lib.macosx-11.0-arm64-cpython-39/Cython/Compiler/Tests
2022-12-27T03:02:44.7849900Z       copying Cython/Compiler/Tests/TestSignatureMatching.py -> build/lib.macosx-11.0-arm64-cpython-39/Cython/Compiler/Tests
2022-12-27T03:02:44.7850620Z       copying Cython/Compiler/Tests/TestTreeFragment.py -> build/lib.macosx-11.0-arm64-cpython-39/Cython/Compiler/Tests
2022-12-27T03:02:44.7851280Z       copying Cython/Compiler/Tests/TestParseTreeTransforms.py -> build/lib.macosx-11.0-arm64-cpython-39/Cython/Compiler/Tests
2022-12-27T03:02:44.7851980Z       copying Cython/Compiler/Tests/TestBuffer.py -> build/lib.macosx-11.0-arm64-cpython-39/Cython/Compiler/Tests
2022-12-27T03:02:44.7852770Z       copying Cython/Compiler/Tests/TestUtilityLoad.py -> build/lib.macosx-11.0-arm64-cpython-39/Cython/Compiler/Tests
2022-12-27T03:02:44.7853480Z       copying Cython/Compiler/Tests/TestFlowControl.py -> build/lib.macosx-11.0-arm64-cpython-39/Cython/Compiler/Tests
2022-12-27T03:02:44.7854100Z       copying Cython/Compiler/Tests/__init__.py -> build/lib.macosx-11.0-arm64-cpython-39/Cython/Compiler/Tests
2022-12-27T03:02:44.7854780Z       copying Cython/Compiler/Tests/TestTreePath.py -> build/lib.macosx-11.0-arm64-cpython-39/Cython/Compiler/Tests
2022-12-27T03:02:44.7855460Z       copying Cython/Compiler/Tests/TestTypes.py -> build/lib.macosx-11.0-arm64-cpython-39/Cython/Compiler/Tests
2022-12-27T03:02:44.7856230Z       copying Cython/Compiler/Tests/TestVisitor.py -> build/lib.macosx-11.0-arm64-cpython-39/Cython/Compiler/Tests
2022-12-27T03:02:44.7857120Z       copying Cython/Compiler/Tests/TestMemView.py -> build/lib.macosx-11.0-arm64-cpython-39/Cython/Compiler/Tests
2022-12-27T03:02:44.7857780Z       creating build/lib.macosx-11.0-arm64-cpython-39/Cython/Utility
2022-12-27T03:02:44.7858380Z       copying Cython/Utility/__init__.py -> build/lib.macosx-11.0-arm64-cpython-39/Cython/Utility
2022-12-27T03:02:44.7858890Z       creating build/lib.macosx-11.0-arm64-cpython-39/Cython/Tempita
2022-12-27T03:02:44.7859500Z       copying Cython/Tempita/__init__.py -> build/lib.macosx-11.0-arm64-cpython-39/Cython/Tempita
2022-12-27T03:02:44.7860110Z       copying Cython/Tempita/_looper.py -> build/lib.macosx-11.0-arm64-cpython-39/Cython/Tempita
2022-12-27T03:02:44.7860760Z       copying Cython/Tempita/_tempita.py -> build/lib.macosx-11.0-arm64-cpython-39/Cython/Tempita
2022-12-27T03:02:44.7861260Z       copying Cython/Tempita/compat3.py -> build/lib.macosx-11.0-arm64-cpython-39/Cython/Tempita
2022-12-27T03:02:44.7861840Z       creating build/lib.macosx-11.0-arm64-cpython-39/pyximport
2022-12-27T03:02:44.7862440Z       copying pyximport/pyximport.py -> build/lib.macosx-11.0-arm64-cpython-39/pyximport
2022-12-27T03:02:44.7863000Z       copying pyximport/__init__.py -> build/lib.macosx-11.0-arm64-cpython-39/pyximport
2022-12-27T03:02:44.7863530Z       copying pyximport/pyxbuild.py -> build/lib.macosx-11.0-arm64-cpython-39/pyximport
2022-12-27T03:02:44.7864100Z       creating build/lib.macosx-11.0-arm64-cpython-39/Cython/Includes
2022-12-27T03:02:44.7864820Z       copying Cython/Includes/openmp.pxd -> build/lib.macosx-11.0-arm64-cpython-39/Cython/Includes
2022-12-27T03:02:44.7865360Z       creating build/lib.macosx-11.0-arm64-cpython-39/Cython/Includes/posix
2022-12-27T03:02:44.7866000Z       copying Cython/Includes/posix/types.pxd -> build/lib.macosx-11.0-arm64-cpython-39/Cython/Includes/posix
2022-12-27T03:02:44.7866980Z       copying Cython/Includes/posix/select.pxd -> build/lib.macosx-11.0-arm64-cpython-39/Cython/Includes/posix
2022-12-27T03:02:44.7867670Z       copying Cython/Includes/posix/resource.pxd -> build/lib.macosx-11.0-arm64-cpython-39/Cython/Includes/posix
2022-12-27T03:02:44.7868280Z       copying Cython/Includes/posix/wait.pxd -> build/lib.macosx-11.0-arm64-cpython-39/Cython/Includes/posix
2022-12-27T03:02:44.7868910Z       copying Cython/Includes/posix/stat.pxd -> build/lib.macosx-11.0-arm64-cpython-39/Cython/Includes/posix
2022-12-27T03:02:44.7869670Z       copying Cython/Includes/posix/dlfcn.pxd -> build/lib.macosx-11.0-arm64-cpython-39/Cython/Includes/posix
2022-12-27T03:02:44.7870350Z       copying Cython/Includes/posix/__init__.pxd -> build/lib.macosx-11.0-arm64-cpython-39/Cython/Includes/posix
2022-12-27T03:02:44.7870970Z       copying Cython/Includes/posix/strings.pxd -> build/lib.macosx-11.0-arm64-cpython-39/Cython/Includes/posix
2022-12-27T03:02:44.7871610Z       copying Cython/Includes/posix/stdio.pxd -> build/lib.macosx-11.0-arm64-cpython-39/Cython/Includes/posix
2022-12-27T03:02:44.7872260Z       copying Cython/Includes/posix/stdlib.pxd -> build/lib.macosx-11.0-arm64-cpython-39/Cython/Includes/posix
2022-12-27T03:02:44.7872910Z       copying Cython/Includes/posix/mman.pxd -> build/lib.macosx-11.0-arm64-cpython-39/Cython/Includes/posix
2022-12-27T03:02:44.7873520Z       copying Cython/Includes/posix/ioctl.pxd -> build/lib.macosx-11.0-arm64-cpython-39/Cython/Includes/posix
2022-12-27T03:02:44.7874540Z       copying Cython/Includes/posix/signal.pxd -> build/lib.macosx-11.0-arm64-cpython-39/Cython/Includes/posix
2022-12-27T03:02:44.7875210Z       copying Cython/Includes/posix/fcntl.pxd -> build/lib.macosx-11.0-arm64-cpython-39/Cython/Includes/posix
2022-12-27T03:02:44.7875890Z       copying Cython/Includes/posix/unistd.pxd -> build/lib.macosx-11.0-arm64-cpython-39/Cython/Includes/posix
2022-12-27T03:02:44.7876470Z       copying Cython/Includes/posix/time.pxd -> build/lib.macosx-11.0-arm64-cpython-39/Cython/Includes/posix
2022-12-27T03:02:44.7877100Z       creating build/lib.macosx-11.0-arm64-cpython-39/Cython/Includes/libc
2022-12-27T03:02:44.7877960Z       copying Cython/Includes/libc/locale.pxd -> build/lib.macosx-11.0-arm64-cpython-39/Cython/Includes/libc
2022-12-27T03:02:44.7878600Z       copying Cython/Includes/libc/__init__.pxd -> build/lib.macosx-11.0-arm64-cpython-39/Cython/Includes/libc
2022-12-27T03:02:44.7879240Z       copying Cython/Includes/libc/math.pxd -> build/lib.macosx-11.0-arm64-cpython-39/Cython/Includes/libc
2022-12-27T03:02:44.7879840Z       copying Cython/Includes/libc/limits.pxd -> build/lib.macosx-11.0-arm64-cpython-39/Cython/Includes/libc
2022-12-27T03:02:44.7880440Z       copying Cython/Includes/libc/setjmp.pxd -> build/lib.macosx-11.0-arm64-cpython-39/Cython/Includes/libc
2022-12-27T03:02:44.7880970Z       copying Cython/Includes/libc/string.pxd -> build/lib.macosx-11.0-arm64-cpython-39/Cython/Includes/libc
2022-12-27T03:02:44.7881590Z       copying Cython/Includes/libc/stdint.pxd -> build/lib.macosx-11.0-arm64-cpython-39/Cython/Includes/libc
2022-12-27T03:02:44.7882140Z       copying Cython/Includes/libc/stdio.pxd -> build/lib.macosx-11.0-arm64-cpython-39/Cython/Includes/libc
2022-12-27T03:02:44.7882790Z       copying Cython/Includes/libc/stdlib.pxd -> build/lib.macosx-11.0-arm64-cpython-39/Cython/Includes/libc
2022-12-27T03:02:44.7883370Z       copying Cython/Includes/libc/float.pxd -> build/lib.macosx-11.0-arm64-cpython-39/Cython/Includes/libc
2022-12-27T03:02:44.7884020Z       copying Cython/Includes/libc/signal.pxd -> build/lib.macosx-11.0-arm64-cpython-39/Cython/Includes/libc
2022-12-27T03:02:44.7884670Z       copying Cython/Includes/libc/stddef.pxd -> build/lib.macosx-11.0-arm64-cpython-39/Cython/Includes/libc
2022-12-27T03:02:44.7885310Z       copying Cython/Includes/libc/errno.pxd -> build/lib.macosx-11.0-arm64-cpython-39/Cython/Includes/libc
2022-12-27T03:02:44.7885910Z       copying Cython/Includes/libc/time.pxd -> build/lib.macosx-11.0-arm64-cpython-39/Cython/Includes/libc
2022-12-27T03:02:44.7886780Z       creating build/lib.macosx-11.0-arm64-cpython-39/Cython/Includes/numpy
2022-12-27T03:02:44.7887420Z       copying Cython/Includes/numpy/__init__.pxd -> build/lib.macosx-11.0-arm64-cpython-39/Cython/Includes/numpy
2022-12-27T03:02:44.7888020Z       copying Cython/Includes/numpy/math.pxd -> build/lib.macosx-11.0-arm64-cpython-39/Cython/Includes/numpy
2022-12-27T03:02:44.7888570Z       creating build/lib.macosx-11.0-arm64-cpython-39/Cython/Includes/cpython
2022-12-27T03:02:44.7889290Z       copying Cython/Includes/cpython/ref.pxd -> build/lib.macosx-11.0-arm64-cpython-39/Cython/Includes/cpython
2022-12-27T03:02:44.7889980Z       copying Cython/Includes/cpython/long.pxd -> build/lib.macosx-11.0-arm64-cpython-39/Cython/Includes/cpython
2022-12-27T03:02:44.7890610Z       copying Cython/Includes/cpython/iterator.pxd -> build/lib.macosx-11.0-arm64-cpython-39/Cython/Includes/cpython
2022-12-27T03:02:44.7891280Z       copying Cython/Includes/cpython/weakref.pxd -> build/lib.macosx-11.0-arm64-cpython-39/Cython/Includes/cpython
2022-12-27T03:02:44.7892080Z       copying Cython/Includes/cpython/cobject.pxd -> build/lib.macosx-11.0-arm64-cpython-39/Cython/Includes/cpython
2022-12-27T03:02:44.7892760Z       copying Cython/Includes/cpython/set.pxd -> build/lib.macosx-11.0-arm64-cpython-39/Cython/Includes/cpython
2022-12-27T03:02:44.7893380Z       copying Cython/Includes/cpython/__init__.pxd -> build/lib.macosx-11.0-arm64-cpython-39/Cython/Includes/cpython
2022-12-27T03:02:44.7894050Z       copying Cython/Includes/cpython/object.pxd -> build/lib.macosx-11.0-arm64-cpython-39/Cython/Includes/cpython
2022-12-27T03:02:44.7894740Z       copying Cython/Includes/cpython/slice.pxd -> build/lib.macosx-11.0-arm64-cpython-39/Cython/Includes/cpython
2022-12-27T03:02:44.7895440Z       copying Cython/Includes/cpython/getargs.pxd -> build/lib.macosx-11.0-arm64-cpython-39/Cython/Includes/cpython
2022-12-27T03:02:44.7896200Z       copying Cython/Includes/cpython/module.pxd -> build/lib.macosx-11.0-arm64-cpython-39/Cython/Includes/cpython
2022-12-27T03:02:44.7897180Z       copying Cython/Includes/cpython/version.pxd -> build/lib.macosx-11.0-arm64-cpython-39/Cython/Includes/cpython
2022-12-27T03:02:44.7897850Z       copying Cython/Includes/cpython/buffer.pxd -> build/lib.macosx-11.0-arm64-cpython-39/Cython/Includes/cpython
2022-12-27T03:02:44.7898530Z       copying Cython/Includes/cpython/bytes.pxd -> build/lib.macosx-11.0-arm64-cpython-39/Cython/Includes/cpython
2022-12-27T03:02:44.7899140Z       copying Cython/Includes/cpython/exc.pxd -> build/lib.macosx-11.0-arm64-cpython-39/Cython/Includes/cpython
2022-12-27T03:02:44.7899790Z       copying Cython/Includes/cpython/int.pxd -> build/lib.macosx-11.0-arm64-cpython-39/Cython/Includes/cpython
2022-12-27T03:02:44.7900460Z       copying Cython/Includes/cpython/mapping.pxd -> build/lib.macosx-11.0-arm64-cpython-39/Cython/Includes/cpython
2022-12-27T03:02:44.7901290Z       copying Cython/Includes/cpython/string.pxd -> build/lib.macosx-11.0-arm64-cpython-39/Cython/Includes/cpython
2022-12-27T03:02:44.7902000Z       copying Cython/Includes/cpython/dict.pxd -> build/lib.macosx-11.0-arm64-cpython-39/Cython/Includes/cpython
2022-12-27T03:02:44.7902690Z       copying Cython/Includes/cpython/float.pxd -> build/lib.macosx-11.0-arm64-cpython-39/Cython/Includes/cpython
2022-12-27T03:02:44.7903320Z       copying Cython/Includes/cpython/complex.pxd -> build/lib.macosx-11.0-arm64-cpython-39/Cython/Includes/cpython
2022-12-27T03:02:44.7904020Z       copying Cython/Includes/cpython/array.pxd -> build/lib.macosx-11.0-arm64-cpython-39/Cython/Includes/cpython
2022-12-27T03:02:44.7904790Z       copying Cython/Includes/cpython/function.pxd -> build/lib.macosx-11.0-arm64-cpython-39/Cython/Includes/cpython
2022-12-27T03:02:44.7905530Z       copying Cython/Includes/cpython/sequence.pxd -> build/lib.macosx-11.0-arm64-cpython-39/Cython/Includes/cpython
2022-12-27T03:02:44.7906190Z       copying Cython/Includes/cpython/method.pxd -> build/lib.macosx-11.0-arm64-cpython-39/Cython/Includes/cpython
2022-12-27T03:02:44.7907270Z       copying Cython/Includes/cpython/oldbuffer.pxd -> build/lib.macosx-11.0-arm64-cpython-39/Cython/Includes/cpython
2022-12-27T03:02:44.7908020Z       copying Cython/Includes/cpython/longintrepr.pxd -> build/lib.macosx-11.0-arm64-cpython-39/Cython/Includes/cpython
2022-12-27T03:02:44.7908750Z       copying Cython/Includes/cpython/pycapsule.pxd -> build/lib.macosx-11.0-arm64-cpython-39/Cython/Includes/cpython
2022-12-27T03:02:44.7909510Z       copying Cython/Includes/cpython/tuple.pxd -> build/lib.macosx-11.0-arm64-cpython-39/Cython/Includes/cpython
2022-12-27T03:02:44.7910230Z       copying Cython/Includes/cpython/list.pxd -> build/lib.macosx-11.0-arm64-cpython-39/Cython/Includes/cpython
2022-12-27T03:02:44.7910960Z       copying Cython/Includes/cpython/pystate.pxd -> build/lib.macosx-11.0-arm64-cpython-39/Cython/Includes/cpython
2022-12-27T03:02:44.7911730Z       copying Cython/Includes/cpython/mem.pxd -> build/lib.macosx-11.0-arm64-cpython-39/Cython/Includes/cpython
2022-12-27T03:02:44.7912400Z       copying Cython/Includes/cpython/datetime.pxd -> build/lib.macosx-11.0-arm64-cpython-39/Cython/Includes/cpython
2022-12-27T03:02:44.7913140Z       copying Cython/Includes/cpython/pythread.pxd -> build/lib.macosx-11.0-arm64-cpython-39/Cython/Includes/cpython
2022-12-27T03:02:44.7913870Z       copying Cython/Includes/cpython/instance.pxd -> build/lib.macosx-11.0-arm64-cpython-39/Cython/Includes/cpython
2022-12-27T03:02:44.7914530Z       copying Cython/Includes/cpython/unicode.pxd -> build/lib.macosx-11.0-arm64-cpython-39/Cython/Includes/cpython
2022-12-27T03:02:44.7915260Z       copying Cython/Includes/cpython/number.pxd -> build/lib.macosx-11.0-arm64-cpython-39/Cython/Includes/cpython
2022-12-27T03:02:44.7915980Z       copying Cython/Includes/cpython/type.pxd -> build/lib.macosx-11.0-arm64-cpython-39/Cython/Includes/cpython
2022-12-27T03:02:44.7916700Z       copying Cython/Includes/cpython/bool.pxd -> build/lib.macosx-11.0-arm64-cpython-39/Cython/Includes/cpython
2022-12-27T03:02:44.7917290Z       creating build/lib.macosx-11.0-arm64-cpython-39/Cython/Includes/libcpp
2022-12-27T03:02:44.7918210Z       copying Cython/Includes/libcpp/unordered_set.pxd -> build/lib.macosx-11.0-arm64-cpython-39/Cython/Includes/libcpp
2022-12-27T03:02:44.7919010Z       copying Cython/Includes/libcpp/memory.pxd -> build/lib.macosx-11.0-arm64-cpython-39/Cython/Includes/libcpp
2022-12-27T03:02:44.7919740Z       copying Cython/Includes/libcpp/iterator.pxd -> build/lib.macosx-11.0-arm64-cpython-39/Cython/Includes/libcpp
2022-12-27T03:02:44.7920390Z       copying Cython/Includes/libcpp/set.pxd -> build/lib.macosx-11.0-arm64-cpython-39/Cython/Includes/libcpp
2022-12-27T03:02:44.7921050Z       copying Cython/Includes/libcpp/__init__.pxd -> build/lib.macosx-11.0-arm64-cpython-39/Cython/Includes/libcpp
2022-12-27T03:02:44.7921850Z       copying Cython/Includes/libcpp/limits.pxd -> build/lib.macosx-11.0-arm64-cpython-39/Cython/Includes/libcpp
2022-12-27T03:02:44.7922580Z       copying Cython/Includes/libcpp/deque.pxd -> build/lib.macosx-11.0-arm64-cpython-39/Cython/Includes/libcpp
2022-12-27T03:02:44.7923280Z       copying Cython/Includes/libcpp/stack.pxd -> build/lib.macosx-11.0-arm64-cpython-39/Cython/Includes/libcpp
2022-12-27T03:02:44.7923960Z       copying Cython/Includes/libcpp/string.pxd -> build/lib.macosx-11.0-arm64-cpython-39/Cython/Includes/libcpp
2022-12-27T03:02:44.7924650Z       copying Cython/Includes/libcpp/typeindex.pxd -> build/lib.macosx-11.0-arm64-cpython-39/Cython/Includes/libcpp
2022-12-27T03:02:44.7925430Z       copying Cython/Includes/libcpp/map.pxd -> build/lib.macosx-11.0-arm64-cpython-39/Cython/Includes/libcpp
2022-12-27T03:02:44.7926040Z       copying Cython/Includes/libcpp/complex.pxd -> build/lib.macosx-11.0-arm64-cpython-39/Cython/Includes/libcpp
2022-12-27T03:02:44.7926720Z       copying Cython/Includes/libcpp/vector.pxd -> build/lib.macosx-11.0-arm64-cpython-39/Cython/Includes/libcpp
2022-12-27T03:02:44.7927410Z       copying Cython/Includes/libcpp/functional.pxd -> build/lib.macosx-11.0-arm64-cpython-39/Cython/Includes/libcpp
2022-12-27T03:02:44.7928500Z       copying Cython/Includes/libcpp/algorithm.pxd -> build/lib.macosx-11.0-arm64-cpython-39/Cython/Includes/libcpp
2022-12-27T03:02:44.7929130Z       copying Cython/Includes/libcpp/list.pxd -> build/lib.macosx-11.0-arm64-cpython-39/Cython/Includes/libcpp
2022-12-27T03:02:44.7929890Z       copying Cython/Includes/libcpp/queue.pxd -> build/lib.macosx-11.0-arm64-cpython-39/Cython/Includes/libcpp
2022-12-27T03:02:44.7930580Z       copying Cython/Includes/libcpp/unordered_map.pxd -> build/lib.macosx-11.0-arm64-cpython-39/Cython/Includes/libcpp
2022-12-27T03:02:44.7931270Z       copying Cython/Includes/libcpp/cast.pxd -> build/lib.macosx-11.0-arm64-cpython-39/Cython/Includes/libcpp
2022-12-27T03:02:44.7931900Z       copying Cython/Includes/libcpp/typeinfo.pxd -> build/lib.macosx-11.0-arm64-cpython-39/Cython/Includes/libcpp
2022-12-27T03:02:44.7932520Z       copying Cython/Includes/libcpp/pair.pxd -> build/lib.macosx-11.0-arm64-cpython-39/Cython/Includes/libcpp
2022-12-27T03:02:44.7933130Z       copying Cython/Includes/libcpp/utility.pxd -> build/lib.macosx-11.0-arm64-cpython-39/Cython/Includes/libcpp
2022-12-27T03:02:44.7933640Z       creating build/lib.macosx-11.0-arm64-cpython-39/Cython/Includes/Deprecated
2022-12-27T03:02:44.7934270Z       copying Cython/Includes/Deprecated/python_number.pxd -> build/lib.macosx-11.0-arm64-cpython-39/Cython/Includes/Deprecated
2022-12-27T03:02:44.7934960Z       copying Cython/Includes/Deprecated/python_unicode.pxd -> build/lib.macosx-11.0-arm64-cpython-39/Cython/Includes/Deprecated
2022-12-27T03:02:44.7935650Z       copying Cython/Includes/Deprecated/python_dict.pxd -> build/lib.macosx-11.0-arm64-cpython-39/Cython/Includes/Deprecated
2022-12-27T03:02:44.7936260Z       copying Cython/Includes/Deprecated/python_mem.pxd -> build/lib.macosx-11.0-arm64-cpython-39/Cython/Includes/Deprecated
2022-12-27T03:02:44.7936930Z       copying Cython/Includes/Deprecated/stl.pxd -> build/lib.macosx-11.0-arm64-cpython-39/Cython/Includes/Deprecated
2022-12-27T03:02:44.7937610Z       copying Cython/Includes/Deprecated/python2.5.pxd -> build/lib.macosx-11.0-arm64-cpython-39/Cython/Includes/Deprecated
2022-12-27T03:02:44.7938480Z       copying Cython/Includes/Deprecated/python_method.pxd -> build/lib.macosx-11.0-arm64-cpython-39/Cython/Includes/Deprecated
2022-12-27T03:02:44.7939110Z       copying Cython/Includes/Deprecated/python_pycapsule.pxd -> build/lib.macosx-11.0-arm64-cpython-39/Cython/Includes/Deprecated
2022-12-27T03:02:44.7939780Z       copying Cython/Includes/Deprecated/python_oldbuffer.pxd -> build/lib.macosx-11.0-arm64-cpython-39/Cython/Includes/Deprecated
2022-12-27T03:02:44.7940360Z       copying Cython/Includes/Deprecated/python_complex.pxd -> build/lib.macosx-11.0-arm64-cpython-39/Cython/Includes/Deprecated
2022-12-27T03:02:44.7940930Z       copying Cython/Includes/Deprecated/python_bytes.pxd -> build/lib.macosx-11.0-arm64-cpython-39/Cython/Includes/Deprecated
2022-12-27T03:02:44.7941580Z       copying Cython/Includes/Deprecated/python_iterator.pxd -> build/lib.macosx-11.0-arm64-cpython-39/Cython/Includes/Deprecated
2022-12-27T03:02:44.7942280Z       copying Cython/Includes/Deprecated/python_long.pxd -> build/lib.macosx-11.0-arm64-cpython-39/Cython/Includes/Deprecated
2022-12-27T03:02:44.7942960Z       copying Cython/Includes/Deprecated/stdio.pxd -> build/lib.macosx-11.0-arm64-cpython-39/Cython/Includes/Deprecated
2022-12-27T03:02:44.7943640Z       copying Cython/Includes/Deprecated/stdlib.pxd -> build/lib.macosx-11.0-arm64-cpython-39/Cython/Includes/Deprecated
2022-12-27T03:02:44.7944260Z       copying Cython/Includes/Deprecated/python_float.pxd -> build/lib.macosx-11.0-arm64-cpython-39/Cython/Includes/Deprecated
2022-12-27T03:02:44.7944890Z       copying Cython/Includes/Deprecated/python_buffer.pxd -> build/lib.macosx-11.0-arm64-cpython-39/Cython/Includes/Deprecated
2022-12-27T03:02:44.7945570Z       copying Cython/Includes/Deprecated/python_mapping.pxd -> build/lib.macosx-11.0-arm64-cpython-39/Cython/Includes/Deprecated
2022-12-27T03:02:44.7946440Z       copying Cython/Includes/Deprecated/python_instance.pxd -> build/lib.macosx-11.0-arm64-cpython-39/Cython/Includes/Deprecated
2022-12-27T03:02:44.7947010Z       copying Cython/Includes/Deprecated/python_int.pxd -> build/lib.macosx-11.0-arm64-cpython-39/Cython/Includes/Deprecated
2022-12-27T03:02:44.7947570Z       copying Cython/Includes/Deprecated/python_exc.pxd -> build/lib.macosx-11.0-arm64-cpython-39/Cython/Includes/Deprecated
2022-12-27T03:02:44.7948120Z       copying Cython/Includes/Deprecated/python_string.pxd -> build/lib.macosx-11.0-arm64-cpython-39/Cython/Includes/Deprecated
2022-12-27T03:02:44.7948710Z       copying Cython/Includes/Deprecated/python_object.pxd -> build/lib.macosx-11.0-arm64-cpython-39/Cython/Includes/Deprecated
2022-12-27T03:02:44.7949350Z       copying Cython/Includes/Deprecated/python_bool.pxd -> build/lib.macosx-11.0-arm64-cpython-39/Cython/Includes/Deprecated
2022-12-27T03:02:44.7949930Z       copying Cython/Includes/Deprecated/python_module.pxd -> build/lib.macosx-11.0-arm64-cpython-39/Cython/Includes/Deprecated
2022-12-27T03:02:44.7950490Z       copying Cython/Includes/Deprecated/python_set.pxd -> build/lib.macosx-11.0-arm64-cpython-39/Cython/Includes/Deprecated
2022-12-27T03:02:44.7951060Z       copying Cython/Includes/Deprecated/python_getargs.pxd -> build/lib.macosx-11.0-arm64-cpython-39/Cython/Includes/Deprecated
2022-12-27T03:02:44.7951610Z       copying Cython/Includes/Deprecated/python_type.pxd -> build/lib.macosx-11.0-arm64-cpython-39/Cython/Includes/Deprecated
2022-12-27T03:02:44.7952150Z       copying Cython/Includes/Deprecated/python_version.pxd -> build/lib.macosx-11.0-arm64-cpython-39/Cython/Includes/Deprecated
2022-12-27T03:02:44.7952690Z       copying Cython/Includes/Deprecated/python_tuple.pxd -> build/lib.macosx-11.0-arm64-cpython-39/Cython/Includes/Deprecated
2022-12-27T03:02:44.7953240Z       copying Cython/Includes/Deprecated/python_weakref.pxd -> build/lib.macosx-11.0-arm64-cpython-39/Cython/Includes/Deprecated
2022-12-27T03:02:44.7953790Z       copying Cython/Includes/Deprecated/python_ref.pxd -> build/lib.macosx-11.0-arm64-cpython-39/Cython/Includes/Deprecated
2022-12-27T03:02:44.7954600Z       copying Cython/Includes/Deprecated/python_cobject.pxd -> build/lib.macosx-11.0-arm64-cpython-39/Cython/Includes/Deprecated
2022-12-27T03:02:44.7955210Z       copying Cython/Includes/Deprecated/python_function.pxd -> build/lib.macosx-11.0-arm64-cpython-39/Cython/Includes/Deprecated
2022-12-27T03:02:44.7955760Z       copying Cython/Includes/Deprecated/python_sequence.pxd -> build/lib.macosx-11.0-arm64-cpython-39/Cython/Includes/Deprecated
2022-12-27T03:02:44.7956300Z       copying Cython/Includes/Deprecated/python.pxd -> build/lib.macosx-11.0-arm64-cpython-39/Cython/Includes/Deprecated
2022-12-27T03:02:44.7956840Z       copying Cython/Includes/Deprecated/python_list.pxd -> build/lib.macosx-11.0-arm64-cpython-39/Cython/Includes/Deprecated
2022-12-27T03:02:44.7957350Z       copying Cython/Compiler/ParseTreeTransforms.pxd -> build/lib.macosx-11.0-arm64-cpython-39/Cython/Compiler
2022-12-27T03:02:44.7957870Z       copying Cython/Compiler/Scanning.pxd -> build/lib.macosx-11.0-arm64-cpython-39/Cython/Compiler
2022-12-27T03:02:44.7958350Z       copying Cython/Compiler/Parsing.pxd -> build/lib.macosx-11.0-arm64-cpython-39/Cython/Compiler
2022-12-27T03:02:44.7958860Z       copying Cython/Compiler/FlowControl.pxd -> build/lib.macosx-11.0-arm64-cpython-39/Cython/Compiler
2022-12-27T03:02:44.7959340Z       copying Cython/Compiler/Code.pxd -> build/lib.macosx-11.0-arm64-cpython-39/Cython/Compiler
2022-12-27T03:02:44.7959830Z       copying Cython/Compiler/Visitor.pxd -> build/lib.macosx-11.0-arm64-cpython-39/Cython/Compiler
2022-12-27T03:02:44.7960330Z       copying Cython/Runtime/refnanny.pyx -> build/lib.macosx-11.0-arm64-cpython-39/Cython/Runtime
2022-12-27T03:02:44.7960840Z       copying Cython/Debugger/Tests/codefile -> build/lib.macosx-11.0-arm64-cpython-39/Cython/Debugger/Tests
2022-12-27T03:02:44.7961330Z       copying Cython/Debugger/Tests/cfuncs.c -> build/lib.macosx-11.0-arm64-cpython-39/Cython/Debugger/Tests
2022-12-27T03:02:44.7962140Z       copying Cython/Plex/Scanners.pxd -> build/lib.macosx-11.0-arm64-cpython-39/Cython/Plex
2022-12-27T03:02:44.7962610Z       copying Cython/Plex/Actions.pxd -> build/lib.macosx-11.0-arm64-cpython-39/Cython/Plex
2022-12-27T03:02:44.7963090Z       copying Cython/Utility/CpdefEnums.pyx -> build/lib.macosx-11.0-arm64-cpython-39/Cython/Utility
2022-12-27T03:02:44.7963590Z       copying Cython/Utility/TestCyUtilityLoader.pyx -> build/lib.macosx-11.0-arm64-cpython-39/Cython/Utility
2022-12-27T03:02:44.7964120Z       copying Cython/Utility/CppConvert.pyx -> build/lib.macosx-11.0-arm64-cpython-39/Cython/Utility
2022-12-27T03:02:44.7964640Z       copying Cython/Utility/TestCythonScope.pyx -> build/lib.macosx-11.0-arm64-cpython-39/Cython/Utility
2022-12-27T03:02:44.7965100Z       copying Cython/Utility/MemoryView.pyx -> build/lib.macosx-11.0-arm64-cpython-39/Cython/Utility
2022-12-27T03:02:44.7965560Z       copying Cython/Utility/CConvert.pyx -> build/lib.macosx-11.0-arm64-cpython-39/Cython/Utility
2022-12-27T03:02:44.7966040Z       copying Cython/Utility/ObjectHandling.c -> build/lib.macosx-11.0-arm64-cpython-39/Cython/Utility
2022-12-27T03:02:44.7966520Z       copying Cython/Utility/Buffer.c -> build/lib.macosx-11.0-arm64-cpython-39/Cython/Utility
2022-12-27T03:02:44.7966970Z       copying Cython/Utility/Builtins.c -> build/lib.macosx-11.0-arm64-cpython-39/Cython/Utility
2022-12-27T03:02:44.7967420Z       copying Cython/Utility/Overflow.c -> build/lib.macosx-11.0-arm64-cpython-39/Cython/Utility
2022-12-27T03:02:44.7967890Z       copying Cython/Utility/Capsule.c -> build/lib.macosx-11.0-arm64-cpython-39/Cython/Utility
2022-12-27T03:02:44.7968400Z       copying Cython/Utility/FunctionArguments.c -> build/lib.macosx-11.0-arm64-cpython-39/Cython/Utility
2022-12-27T03:02:44.7968930Z       copying Cython/Utility/TestUtilityLoader.c -> build/lib.macosx-11.0-arm64-cpython-39/Cython/Utility
2022-12-27T03:02:44.7969480Z       copying Cython/Utility/MemoryView_C.c -> build/lib.macosx-11.0-arm64-cpython-39/Cython/Utility
2022-12-27T03:02:44.7970220Z       copying Cython/Utility/Printing.c -> build/lib.macosx-11.0-arm64-cpython-39/Cython/Utility
2022-12-27T03:02:44.7970790Z       copying Cython/Utility/CythonFunction.c -> build/lib.macosx-11.0-arm64-cpython-39/Cython/Utility
2022-12-27T03:02:44.7971280Z       copying Cython/Utility/Complex.c -> build/lib.macosx-11.0-arm64-cpython-39/Cython/Utility
2022-12-27T03:02:44.7971780Z       copying Cython/Utility/StringTools.c -> build/lib.macosx-11.0-arm64-cpython-39/Cython/Utility
2022-12-27T03:02:44.7972310Z       copying Cython/Utility/ImportExport.c -> build/lib.macosx-11.0-arm64-cpython-39/Cython/Utility
2022-12-27T03:02:44.7972790Z       copying Cython/Utility/CMath.c -> build/lib.macosx-11.0-arm64-cpython-39/Cython/Utility
2022-12-27T03:02:44.7973300Z       copying Cython/Utility/CommonStructures.c -> build/lib.macosx-11.0-arm64-cpython-39/Cython/Utility
2022-12-27T03:02:44.7973780Z       copying Cython/Utility/Embed.c -> build/lib.macosx-11.0-arm64-cpython-39/Cython/Utility
2022-12-27T03:02:44.7974280Z       copying Cython/Utility/ExtensionTypes.c -> build/lib.macosx-11.0-arm64-cpython-39/Cython/Utility
2022-12-27T03:02:44.7974760Z       copying Cython/Utility/Optimize.c -> build/lib.macosx-11.0-arm64-cpython-39/Cython/Utility
2022-12-27T03:02:44.7975250Z       copying Cython/Utility/ModuleSetupCode.c -> build/lib.macosx-11.0-arm64-cpython-39/Cython/Utility
2022-12-27T03:02:44.7975760Z       copying Cython/Utility/Profile.c -> build/lib.macosx-11.0-arm64-cpython-39/Cython/Utility
2022-12-27T03:02:44.7976250Z       copying Cython/Utility/Exceptions.c -> build/lib.macosx-11.0-arm64-cpython-39/Cython/Utility
2022-12-27T03:02:44.7976720Z       copying Cython/Utility/AsyncGen.c -> build/lib.macosx-11.0-arm64-cpython-39/Cython/Utility
2022-12-27T03:02:44.7977210Z       copying Cython/Utility/TypeConversion.c -> build/lib.macosx-11.0-arm64-cpython-39/Cython/Utility
2022-12-27T03:02:44.7977700Z       copying Cython/Utility/Coroutine.c -> build/lib.macosx-11.0-arm64-cpython-39/Cython/Utility
2022-12-27T03:02:44.7978500Z       copying Cython/Utility/arrayarray.h -> build/lib.macosx-11.0-arm64-cpython-39/Cython/Utility
2022-12-27T03:02:44.7978990Z       copying Cython/Utility/CppSupport.cpp -> build/lib.macosx-11.0-arm64-cpython-39/Cython/Utility
2022-12-27T03:02:44.7979310Z       running build_ext
2022-12-27T03:02:44.7979620Z       building 'Cython.Plex.Scanners' extension
2022-12-27T03:02:44.7979970Z       creating build/temp.macosx-11.0-arm64-cpython-39
2022-12-27T03:02:44.7980350Z       creating build/temp.macosx-11.0-arm64-cpython-39/private
2022-12-27T03:02:44.7980740Z       creating build/temp.macosx-11.0-arm64-cpython-39/private/var
2022-12-27T03:02:44.7981150Z       creating build/temp.macosx-11.0-arm64-cpython-39/private/var/folders
2022-12-27T03:02:44.7981590Z       creating build/temp.macosx-11.0-arm64-cpython-39/private/var/folders/51
2022-12-27T03:02:44.7982080Z       creating build/temp.macosx-11.0-arm64-cpython-39/private/var/folders/51/hd414ycd67n82196sw51xqtc0000gn
2022-12-27T03:02:44.7982630Z       creating build/temp.macosx-11.0-arm64-cpython-39/private/var/folders/51/hd414ycd67n82196sw51xqtc0000gn/T
2022-12-27T03:02:44.7983240Z       creating build/temp.macosx-11.0-arm64-cpython-39/private/var/folders/51/hd414ycd67n82196sw51xqtc0000gn/T/pip-install-rgdx73yy
2022-12-27T03:02:44.7983910Z       creating build/temp.macosx-11.0-arm64-cpython-39/private/var/folders/51/hd414ycd67n82196sw51xqtc0000gn/T/pip-install-rgdx73yy/cython_1fe4768dc1b840e6bbbacb23467237c8
2022-12-27T03:02:44.7984610Z       creating build/temp.macosx-11.0-arm64-cpython-39/private/var/folders/51/hd414ycd67n82196sw51xqtc0000gn/T/pip-install-rgdx73yy/cython_1fe4768dc1b840e6bbbacb23467237c8/Cython
2022-12-27T03:02:44.7985330Z       creating build/temp.macosx-11.0-arm64-cpython-39/private/var/folders/51/hd414ycd67n82196sw51xqtc0000gn/T/pip-install-rgdx73yy/cython_1fe4768dc1b840e6bbbacb23467237c8/Cython/Plex
2022-12-27T03:02:44.7987130Z       gcc -Wno-unused-result -Wsign-compare -Wunreachable-code -fno-common -dynamic -DNDEBUG -g -fwrapv -O3 -Wall -g -I/usr/local/opt/openssl@3/include -I/usr/local/opt/openssl@3/include -arch arm64 -I/private/var/folders/51/hd414ycd67n82196sw51xqtc0000gn/T/cibw-run-y9rvr6vb/cp39-macosx_arm64/build/venv/include -I/Library/Frameworks/Python.framework/Versions/3.9/include/python3.9 -c /private/var/folders/51/hd414ycd67n82196sw51xqtc0000gn/T/pip-install-rgdx73yy/cython_1fe4768dc1b840e6bbbacb23467237c8/Cython/Plex/Scanners.c -o build/temp.macosx-11.0-arm64-cpython-39/private/var/folders/51/hd414ycd67n82196sw51xqtc0000gn/T/pip-install-rgdx73yy/cython_1fe4768dc1b840e6bbbacb23467237c8/Cython/Plex/Scanners.o
2022-12-27T03:02:44.7988570Z       /private/var/folders/51/hd414ycd67n82196sw51xqtc0000gn/T/pip-install-rgdx73yy/cython_1fe4768dc1b840e6bbbacb23467237c8/Cython/Plex/Scanners.c:3495:51: warning: '_PyUnicode_get_wstr_length' is deprecated [-Wdeprecated-declarations]
2022-12-27T03:02:44.7989050Z                 __pyx_t_8 = (__pyx_v_data != Py_None)&&(__Pyx_PyUnicode_IS_TRUE(__pyx_v_data) != 0);
2022-12-27T03:02:44.7989390Z                                                         ^
2022-12-27T03:02:44.7989940Z       /private/var/folders/51/hd414ycd67n82196sw51xqtc0000gn/T/pip-install-rgdx73yy/cython_1fe4768dc1b840e6bbbacb23467237c8/Cython/Plex/Scanners.c:422:108: note: expanded from macro '__Pyx_PyUnicode_IS_TRUE'
2022-12-27T03:02:44.7990420Z         #define __Pyx_PyUnicode_IS_TRUE(u)      (0 != (likely(PyUnicode_IS_READY(u)) ? PyUnicode_GET_LENGTH(u) : PyUnicode_GET_SIZE(u)))
2022-12-27T03:02:44.7990770Z                                                                                                                  ^
2022-12-27T03:02:44.7991260Z       /Library/Frameworks/Python.framework/Versions/3.9/include/python3.9/cpython/unicodeobject.h:261:7: note: expanded from macro 'PyUnicode_GET_SIZE'
2022-12-27T03:02:44.7991640Z             PyUnicode_WSTR_LENGTH(op) :                    \
2022-12-27T03:02:44.7991860Z             ^
2022-12-27T03:02:44.7992650Z       /Library/Frameworks/Python.framework/Versions/3.9/include/python3.9/cpython/unicodeobject.h:451:35: note: expanded from macro 'PyUnicode_WSTR_LENGTH'
2022-12-27T03:02:44.7993080Z       #define PyUnicode_WSTR_LENGTH(op) _PyUnicode_get_wstr_length((PyObject*)op)
2022-12-27T03:02:44.7993330Z                                         ^
2022-12-27T03:02:44.7993870Z       /Library/Frameworks/Python.framework/Versions/3.9/include/python3.9/cpython/unicodeobject.h:445:1: note: '_PyUnicode_get_wstr_length' has been explicitly marked deprecated here
2022-12-27T03:02:44.7994240Z       Py_DEPRECATED(3.3)
2022-12-27T03:02:44.7994430Z       ^
2022-12-27T03:02:44.7994850Z       /Library/Frameworks/Python.framework/Versions/3.9/include/python3.9/pyport.h:508:54: note: expanded from macro 'Py_DEPRECATED'
2022-12-27T03:02:44.7995260Z       #define Py_DEPRECATED(VERSION_UNUSED) __attribute__((__deprecated__))
2022-12-27T03:02:44.7995540Z                                                            ^
2022-12-27T03:02:44.7996320Z       /private/var/folders/51/hd414ycd67n82196sw51xqtc0000gn/T/pip-install-rgdx73yy/cython_1fe4768dc1b840e6bbbacb23467237c8/Cython/Plex/Scanners.c:3495:51: warning: 'PyUnicode_AsUnicode' is deprecated [-Wdeprecated-declarations]
2022-12-27T03:02:44.7996840Z                 __pyx_t_8 = (__pyx_v_data != Py_None)&&(__Pyx_PyUnicode_IS_TRUE(__pyx_v_data) != 0);
2022-12-27T03:02:44.7997120Z                                                         ^
2022-12-27T03:02:44.7997730Z       /private/var/folders/51/hd414ycd67n82196sw51xqtc0000gn/T/pip-install-rgdx73yy/cython_1fe4768dc1b840e6bbbacb23467237c8/Cython/Plex/Scanners.c:422:108: note: expanded from macro '__Pyx_PyUnicode_IS_TRUE'
2022-12-27T03:02:44.7998230Z         #define __Pyx_PyUnicode_IS_TRUE(u)      (0 != (likely(PyUnicode_IS_READY(u)) ? PyUnicode_GET_LENGTH(u) : PyUnicode_GET_SIZE(u)))
2022-12-27T03:02:44.7998570Z                                                                                                                  ^
2022-12-27T03:02:44.7999330Z       /Library/Frameworks/Python.framework/Versions/3.9/include/python3.9/cpython/unicodeobject.h:262:14: note: expanded from macro 'PyUnicode_GET_SIZE'
2022-12-27T03:02:44.7999770Z             ((void)PyUnicode_AsUnicode(_PyObject_CAST(op)),\
2022-12-27T03:02:44.7999990Z                    ^
2022-12-27T03:02:44.8000530Z       /Library/Frameworks/Python.framework/Versions/3.9/include/python3.9/cpython/unicodeobject.h:580:1: note: 'PyUnicode_AsUnicode' has been explicitly marked deprecated here
2022-12-27T03:02:44.8000960Z       Py_DEPRECATED(3.3) PyAPI_FUNC(Py_UNICODE *) PyUnicode_AsUnicode(
2022-12-27T03:02:44.8001190Z       ^
2022-12-27T03:02:44.8001620Z       /Library/Frameworks/Python.framework/Versions/3.9/include/python3.9/pyport.h:508:54: note: expanded from macro 'Py_DEPRECATED'
2022-12-27T03:02:44.8002000Z       #define Py_DEPRECATED(VERSION_UNUSED) __attribute__((__deprecated__))
2022-12-27T03:02:44.8002270Z                                                            ^
2022-12-27T03:02:44.8002940Z       /private/var/folders/51/hd414ycd67n82196sw51xqtc0000gn/T/pip-install-rgdx73yy/cython_1fe4768dc1b840e6bbbacb23467237c8/Cython/Plex/Scanners.c:3495:51: warning: '_PyUnicode_get_wstr_length' is deprecated [-Wdeprecated-declarations]
2022-12-27T03:02:44.8003450Z                 __pyx_t_8 = (__pyx_v_data != Py_None)&&(__Pyx_PyUnicode_IS_TRUE(__pyx_v_data) != 0);
2022-12-27T03:02:44.8003700Z                                                         ^
2022-12-27T03:02:44.8004250Z       /private/var/folders/51/hd414ycd67n82196sw51xqtc0000gn/T/pip-install-rgdx73yy/cython_1fe4768dc1b840e6bbbacb23467237c8/Cython/Plex/Scanners.c:422:108: note: expanded from macro '__Pyx_PyUnicode_IS_TRUE'
2022-12-27T03:02:44.8004720Z         #define __Pyx_PyUnicode_IS_TRUE(u)      (0 != (likely(PyUnicode_IS_READY(u)) ? PyUnicode_GET_LENGTH(u) : PyUnicode_GET_SIZE(u)))
2022-12-27T03:02:44.8005050Z                                                                                                                  ^
2022-12-27T03:02:44.8005820Z       /Library/Frameworks/Python.framework/Versions/3.9/include/python3.9/cpython/unicodeobject.h:264:8: note: expanded from macro 'PyUnicode_GET_SIZE'
2022-12-27T03:02:44.8006160Z              PyUnicode_WSTR_LENGTH(op)))
2022-12-27T03:02:44.8006350Z              ^
2022-12-27T03:02:44.8006790Z       /Library/Frameworks/Python.framework/Versions/3.9/include/python3.9/cpython/unicodeobject.h:451:35: note: expanded from macro 'PyUnicode_WSTR_LENGTH'
2022-12-27T03:02:44.8007190Z       #define PyUnicode_WSTR_LENGTH(op) _PyUnicode_get_wstr_length((PyObject*)op)
2022-12-27T03:02:44.8007450Z                                         ^
2022-12-27T03:02:44.8007940Z       /Library/Frameworks/Python.framework/Versions/3.9/include/python3.9/cpython/unicodeobject.h:445:1: note: '_PyUnicode_get_wstr_length' has been explicitly marked deprecated here
2022-12-27T03:02:44.8008300Z       Py_DEPRECATED(3.3)
2022-12-27T03:02:44.8008480Z       ^
2022-12-27T03:02:44.8008870Z       /Library/Frameworks/Python.framework/Versions/3.9/include/python3.9/pyport.h:508:54: note: expanded from macro 'Py_DEPRECATED'
2022-12-27T03:02:44.8009290Z       #define Py_DEPRECATED(VERSION_UNUSED) __attribute__((__deprecated__))
2022-12-27T03:02:44.8009550Z                                                            ^
2022-12-27T03:02:44.8010110Z       /private/var/folders/51/hd414ycd67n82196sw51xqtc0000gn/T/pip-install-rgdx73yy/cython_1fe4768dc1b840e6bbbacb23467237c8/Cython/Plex/Scanners.c:8518:46: error: no member named 'tp_print' in 'struct _typeobject'
2022-12-27T03:02:44.8010520Z         __pyx_type_6Cython_4Plex_8Scanners_Scanner.tp_print = 0;
2022-12-27T03:02:44.8010760Z         ~~~~~~~~~~~~~~~~~~~~~~~~~~~~~~~~~~~~~~~~~~ ^
2022-12-27T03:02:44.8011350Z       /private/var/folders/51/hd414ycd67n82196sw51xqtc0000gn/T/pip-install-rgdx73yy/cython_1fe4768dc1b840e6bbbacb23467237c8/Cython/Plex/Scanners.c:9075:22: warning: '_PyUnicode_get_wstr_length' is deprecated [-Wdeprecated-declarations]
2022-12-27T03:02:44.8011810Z                           (PyUnicode_GET_SIZE(**name) != PyUnicode_GET_SIZE(key)) ? 1 :
2022-12-27T03:02:44.8012030Z                            ^
2022-12-27T03:02:44.8012720Z       /Library/Frameworks/Python.framework/Versions/3.9/include/python3.9/cpython/unicodeobject.h:261:7: note: expanded from macro 'PyUnicode_GET_SIZE'
2022-12-27T03:02:44.8013120Z             PyUnicode_WSTR_LENGTH(op) :                    \
2022-12-27T03:02:44.8013310Z             ^
2022-12-27T03:02:44.8013780Z       /Library/Frameworks/Python.framework/Versions/3.9/include/python3.9/cpython/unicodeobject.h:451:35: note: expanded from macro 'PyUnicode_WSTR_LENGTH'
2022-12-27T03:02:44.8014170Z       #define PyUnicode_WSTR_LENGTH(op) _PyUnicode_get_wstr_length((PyObject*)op)
2022-12-27T03:02:44.8014440Z                                         ^
2022-12-27T03:02:44.8014930Z       /Library/Frameworks/Python.framework/Versions/3.9/include/python3.9/cpython/unicodeobject.h:445:1: note: '_PyUnicode_get_wstr_length' has been explicitly marked deprecated here
2022-12-27T03:02:44.8015280Z       Py_DEPRECATED(3.3)
2022-12-27T03:02:44.8015460Z       ^
2022-12-27T03:02:44.8015860Z       /Library/Frameworks/Python.framework/Versions/3.9/include/python3.9/pyport.h:508:54: note: expanded from macro 'Py_DEPRECATED'
2022-12-27T03:02:44.8016230Z       #define Py_DEPRECATED(VERSION_UNUSED) __attribute__((__deprecated__))
2022-12-27T03:02:44.8016510Z                                                            ^
2022-12-27T03:02:44.8017110Z       /private/var/folders/51/hd414ycd67n82196sw51xqtc0000gn/T/pip-install-rgdx73yy/cython_1fe4768dc1b840e6bbbacb23467237c8/Cython/Plex/Scanners.c:9075:22: warning: 'PyUnicode_AsUnicode' is deprecated [-Wdeprecated-declarations]
2022-12-27T03:02:44.8017560Z                           (PyUnicode_GET_SIZE(**name) != PyUnicode_GET_SIZE(key)) ? 1 :
2022-12-27T03:02:44.8017790Z                            ^
2022-12-27T03:02:44.8018240Z       /Library/Frameworks/Python.framework/Versions/3.9/include/python3.9/cpython/unicodeobject.h:262:14: note: expanded from macro 'PyUnicode_GET_SIZE'
2022-12-27T03:02:44.8018790Z             ((void)PyUnicode_AsUnicode(_PyObject_CAST(op)),\
2022-12-27T03:02:44.8019010Z                    ^
2022-12-27T03:02:44.8019510Z       /Library/Frameworks/Python.framework/Versions/3.9/include/python3.9/cpython/unicodeobject.h:580:1: note: 'PyUnicode_AsUnicode' has been explicitly marked deprecated here
2022-12-27T03:02:44.8019910Z       Py_DEPRECATED(3.3) PyAPI_FUNC(Py_UNICODE *) PyUnicode_AsUnicode(
2022-12-27T03:02:44.8020130Z       ^
2022-12-27T03:02:44.8020540Z       /Library/Frameworks/Python.framework/Versions/3.9/include/python3.9/pyport.h:508:54: note: expanded from macro 'Py_DEPRECATED'
2022-12-27T03:02:44.8020900Z       #define Py_DEPRECATED(VERSION_UNUSED) __attribute__((__deprecated__))
2022-12-27T03:02:44.8021160Z                                                            ^
2022-12-27T03:02:44.8021740Z       /private/var/folders/51/hd414ycd67n82196sw51xqtc0000gn/T/pip-install-rgdx73yy/cython_1fe4768dc1b840e6bbbacb23467237c8/Cython/Plex/Scanners.c:9075:22: warning: '_PyUnicode_get_wstr_length' is deprecated [-Wdeprecated-declarations]
2022-12-27T03:02:44.8022210Z                           (PyUnicode_GET_SIZE(**name) != PyUnicode_GET_SIZE(key)) ? 1 :
2022-12-27T03:02:44.8022440Z                            ^
2022-12-27T03:02:44.8022890Z       /Library/Frameworks/Python.framework/Versions/3.9/include/python3.9/cpython/unicodeobject.h:264:8: note: expanded from macro 'PyUnicode_GET_SIZE'
2022-12-27T03:02:44.8023220Z              PyUnicode_WSTR_LENGTH(op)))
2022-12-27T03:02:44.8023410Z              ^
2022-12-27T03:02:44.8023860Z       /Library/Frameworks/Python.framework/Versions/3.9/include/python3.9/cpython/unicodeobject.h:451:35: note: expanded from macro 'PyUnicode_WSTR_LENGTH'
2022-12-27T03:02:44.8024240Z       #define PyUnicode_WSTR_LENGTH(op) _PyUnicode_get_wstr_length((PyObject*)op)
2022-12-27T03:02:44.8024500Z                                         ^
2022-12-27T03:02:44.8024990Z       /Library/Frameworks/Python.framework/Versions/3.9/include/python3.9/cpython/unicodeobject.h:445:1: note: '_PyUnicode_get_wstr_length' has been explicitly marked deprecated here
2022-12-27T03:02:44.8025580Z       Py_DEPRECATED(3.3)
2022-12-27T03:02:44.8025790Z       ^
2022-12-27T03:02:44.8026220Z       /Library/Frameworks/Python.framework/Versions/3.9/include/python3.9/pyport.h:508:54: note: expanded from macro 'Py_DEPRECATED'
2022-12-27T03:02:44.8026590Z       #define Py_DEPRECATED(VERSION_UNUSED) __attribute__((__deprecated__))
2022-12-27T03:02:44.8026850Z                                                            ^
2022-12-27T03:02:44.8027440Z       /private/var/folders/51/hd414ycd67n82196sw51xqtc0000gn/T/pip-install-rgdx73yy/cython_1fe4768dc1b840e6bbbacb23467237c8/Cython/Plex/Scanners.c:9075:52: warning: '_PyUnicode_get_wstr_length' is deprecated [-Wdeprecated-declarations]
2022-12-27T03:02:44.8027910Z                           (PyUnicode_GET_SIZE(**name) != PyUnicode_GET_SIZE(key)) ? 1 :
2022-12-27T03:02:44.8028170Z                                                          ^
2022-12-27T03:02:44.8028620Z       /Library/Frameworks/Python.framework/Versions/3.9/include/python3.9/cpython/unicodeobject.h:261:7: note: expanded from macro 'PyUnicode_GET_SIZE'
2022-12-27T03:02:44.8028980Z             PyUnicode_WSTR_LENGTH(op) :                    \
2022-12-27T03:02:44.8029180Z             ^
2022-12-27T03:02:44.8029690Z       /Library/Frameworks/Python.framework/Versions/3.9/include/python3.9/cpython/unicodeobject.h:451:35: note: expanded from macro 'PyUnicode_WSTR_LENGTH'
2022-12-27T03:02:44.8030070Z       #define PyUnicode_WSTR_LENGTH(op) _PyUnicode_get_wstr_length((PyObject*)op)
2022-12-27T03:02:44.8030320Z                                         ^
2022-12-27T03:02:44.8030820Z       /Library/Frameworks/Python.framework/Versions/3.9/include/python3.9/cpython/unicodeobject.h:445:1: note: '_PyUnicode_get_wstr_length' has been explicitly marked deprecated here
2022-12-27T03:02:44.8031170Z       Py_DEPRECATED(3.3)
2022-12-27T03:02:44.8031540Z       ^
2022-12-27T03:02:44.8031980Z       /Library/Frameworks/Python.framework/Versions/3.9/include/python3.9/pyport.h:508:54: note: expanded from macro 'Py_DEPRECATED'
2022-12-27T03:02:44.8032340Z       #define Py_DEPRECATED(VERSION_UNUSED) __attribute__((__deprecated__))
2022-12-27T03:02:44.8032590Z                                                            ^
2022-12-27T03:02:44.8033170Z       /private/var/folders/51/hd414ycd67n82196sw51xqtc0000gn/T/pip-install-rgdx73yy/cython_1fe4768dc1b840e6bbbacb23467237c8/Cython/Plex/Scanners.c:9075:52: warning: 'PyUnicode_AsUnicode' is deprecated [-Wdeprecated-declarations]
2022-12-27T03:02:44.8033630Z                           (PyUnicode_GET_SIZE(**name) != PyUnicode_GET_SIZE(key)) ? 1 :
2022-12-27T03:02:44.8033880Z                                                          ^
2022-12-27T03:02:44.8034330Z       /Library/Frameworks/Python.framework/Versions/3.9/include/python3.9/cpython/unicodeobject.h:262:14: note: expanded from macro 'PyUnicode_GET_SIZE'
2022-12-27T03:02:44.8034730Z             ((void)PyUnicode_AsUnicode(_PyObject_CAST(op)),\
2022-12-27T03:02:44.8034980Z                    ^
2022-12-27T03:02:44.8035470Z       /Library/Frameworks/Python.framework/Versions/3.9/include/python3.9/cpython/unicodeobject.h:580:1: note: 'PyUnicode_AsUnicode' has been explicitly marked deprecated here
2022-12-27T03:02:44.8035870Z       Py_DEPRECATED(3.3) PyAPI_FUNC(Py_UNICODE *) PyUnicode_AsUnicode(
2022-12-27T03:02:44.8036100Z       ^
2022-12-27T03:02:44.8036510Z       /Library/Frameworks/Python.framework/Versions/3.9/include/python3.9/pyport.h:508:54: note: expanded from macro 'Py_DEPRECATED'
2022-12-27T03:02:44.8036860Z       #define Py_DEPRECATED(VERSION_UNUSED) __attribute__((__deprecated__))
2022-12-27T03:02:44.8037130Z                                                            ^
2022-12-27T03:02:44.8037720Z       /private/var/folders/51/hd414ycd67n82196sw51xqtc0000gn/T/pip-install-rgdx73yy/cython_1fe4768dc1b840e6bbbacb23467237c8/Cython/Plex/Scanners.c:9075:52: warning: '_PyUnicode_get_wstr_length' is deprecated [-Wdeprecated-declarations]
2022-12-27T03:02:44.8038340Z                           (PyUnicode_GET_SIZE(**name) != PyUnicode_GET_SIZE(key)) ? 1 :
2022-12-27T03:02:44.8038620Z                                                          ^
2022-12-27T03:02:44.8039100Z       /Library/Frameworks/Python.framework/Versions/3.9/include/python3.9/cpython/unicodeobject.h:264:8: note: expanded from macro 'PyUnicode_GET_SIZE'
2022-12-27T03:02:44.8039450Z              PyUnicode_WSTR_LENGTH(op)))
2022-12-27T03:02:44.8039640Z              ^
2022-12-27T03:02:44.8040080Z       /Library/Frameworks/Python.framework/Versions/3.9/include/python3.9/cpython/unicodeobject.h:451:35: note: expanded from macro 'PyUnicode_WSTR_LENGTH'
2022-12-27T03:02:44.8040470Z       #define PyUnicode_WSTR_LENGTH(op) _PyUnicode_get_wstr_length((PyObject*)op)
2022-12-27T03:02:44.8040730Z                                         ^
2022-12-27T03:02:44.8041220Z       /Library/Frameworks/Python.framework/Versions/3.9/include/python3.9/cpython/unicodeobject.h:445:1: note: '_PyUnicode_get_wstr_length' has been explicitly marked deprecated here
2022-12-27T03:02:44.8041570Z       Py_DEPRECATED(3.3)
2022-12-27T03:02:44.8041760Z       ^
2022-12-27T03:02:44.8042170Z       /Library/Frameworks/Python.framework/Versions/3.9/include/python3.9/pyport.h:508:54: note: expanded from macro 'Py_DEPRECATED'
2022-12-27T03:02:44.8042540Z       #define Py_DEPRECATED(VERSION_UNUSED) __attribute__((__deprecated__))
2022-12-27T03:02:44.8042800Z                                                            ^
2022-12-27T03:02:44.8043400Z       /private/var/folders/51/hd414ycd67n82196sw51xqtc0000gn/T/pip-install-rgdx73yy/cython_1fe4768dc1b840e6bbbacb23467237c8/Cython/Plex/Scanners.c:9091:26: warning: '_PyUnicode_get_wstr_length' is deprecated [-Wdeprecated-declarations]
2022-12-27T03:02:44.8043860Z                               (PyUnicode_GET_SIZE(**argname) != PyUnicode_GET_SIZE(key)) ? 1 :
2022-12-27T03:02:44.8044100Z                                ^
2022-12-27T03:02:44.8044760Z       /Library/Frameworks/Python.framework/Versions/3.9/include/python3.9/cpython/unicodeobject.h:261:7: note: expanded from macro 'PyUnicode_GET_SIZE'
2022-12-27T03:02:44.8045130Z             PyUnicode_WSTR_LENGTH(op) :                    \
2022-12-27T03:02:44.8045330Z             ^
2022-12-27T03:02:44.8045780Z       /Library/Frameworks/Python.framework/Versions/3.9/include/python3.9/cpython/unicodeobject.h:451:35: note: expanded from macro 'PyUnicode_WSTR_LENGTH'
2022-12-27T03:02:44.8046170Z       #define PyUnicode_WSTR_LENGTH(op) _PyUnicode_get_wstr_length((PyObject*)op)
2022-12-27T03:02:44.8046420Z                                         ^
2022-12-27T03:02:44.8046910Z       /Library/Frameworks/Python.framework/Versions/3.9/include/python3.9/cpython/unicodeobject.h:445:1: note: '_PyUnicode_get_wstr_length' has been explicitly marked deprecated here
2022-12-27T03:02:44.8047270Z       Py_DEPRECATED(3.3)
2022-12-27T03:02:44.8047450Z       ^
2022-12-27T03:02:44.8047850Z       /Library/Frameworks/Python.framework/Versions/3.9/include/python3.9/pyport.h:508:54: note: expanded from macro 'Py_DEPRECATED'
2022-12-27T03:02:44.8048220Z       #define Py_DEPRECATED(VERSION_UNUSED) __attribute__((__deprecated__))
2022-12-27T03:02:44.8048470Z                                                            ^
2022-12-27T03:02:44.8049060Z       /private/var/folders/51/hd414ycd67n82196sw51xqtc0000gn/T/pip-install-rgdx73yy/cython_1fe4768dc1b840e6bbbacb23467237c8/Cython/Plex/Scanners.c:9091:26: warning: 'PyUnicode_AsUnicode' is deprecated [-Wdeprecated-declarations]
2022-12-27T03:02:44.8049570Z                               (PyUnicode_GET_SIZE(**argname) != PyUnicode_GET_SIZE(key)) ? 1 :
2022-12-27T03:02:44.8049820Z                                ^
2022-12-27T03:02:44.8050280Z       /Library/Frameworks/Python.framework/Versions/3.9/include/python3.9/cpython/unicodeobject.h:262:14: note: expanded from macro 'PyUnicode_GET_SIZE'
2022-12-27T03:02:44.8050640Z             ((void)PyUnicode_AsUnicode(_PyObject_CAST(op)),\
2022-12-27T03:02:44.8050860Z                    ^
2022-12-27T03:02:44.8051500Z       /Library/Frameworks/Python.framework/Versions/3.9/include/python3.9/cpython/unicodeobject.h:580:1: note: 'PyUnicode_AsUnicode' has been explicitly marked deprecated here
2022-12-27T03:02:44.8051940Z       Py_DEPRECATED(3.3) PyAPI_FUNC(Py_UNICODE *) PyUnicode_AsUnicode(
2022-12-27T03:02:44.8052160Z       ^
2022-12-27T03:02:44.8052600Z       /Library/Frameworks/Python.framework/Versions/3.9/include/python3.9/pyport.h:508:54: note: expanded from macro 'Py_DEPRECATED'
2022-12-27T03:02:44.8052960Z       #define Py_DEPRECATED(VERSION_UNUSED) __attribute__((__deprecated__))
2022-12-27T03:02:44.8053240Z                                                            ^
2022-12-27T03:02:44.8053840Z       /private/var/folders/51/hd414ycd67n82196sw51xqtc0000gn/T/pip-install-rgdx73yy/cython_1fe4768dc1b840e6bbbacb23467237c8/Cython/Plex/Scanners.c:9091:26: warning: '_PyUnicode_get_wstr_length' is deprecated [-Wdeprecated-declarations]
2022-12-27T03:02:44.8054320Z                               (PyUnicode_GET_SIZE(**argname) != PyUnicode_GET_SIZE(key)) ? 1 :
2022-12-27T03:02:44.8054570Z                                ^
2022-12-27T03:02:44.8055020Z       /Library/Frameworks/Python.framework/Versions/3.9/include/python3.9/cpython/unicodeobject.h:264:8: note: expanded from macro 'PyUnicode_GET_SIZE'
2022-12-27T03:02:44.8055350Z              PyUnicode_WSTR_LENGTH(op)))
2022-12-27T03:02:44.8055550Z              ^
2022-12-27T03:02:44.8056000Z       /Library/Frameworks/Python.framework/Versions/3.9/include/python3.9/cpython/unicodeobject.h:451:35: note: expanded from macro 'PyUnicode_WSTR_LENGTH'
2022-12-27T03:02:44.8056390Z       #define PyUnicode_WSTR_LENGTH(op) _PyUnicode_get_wstr_length((PyObject*)op)
2022-12-27T03:02:44.8056660Z                                         ^
2022-12-27T03:02:44.8057170Z       /Library/Frameworks/Python.framework/Versions/3.9/include/python3.9/cpython/unicodeobject.h:445:1: note: '_PyUnicode_get_wstr_length' has been explicitly marked deprecated here
2022-12-27T03:02:44.8057690Z       Py_DEPRECATED(3.3)
2022-12-27T03:02:44.8057870Z       ^
2022-12-27T03:02:44.8058300Z       /Library/Frameworks/Python.framework/Versions/3.9/include/python3.9/pyport.h:508:54: note: expanded from macro 'Py_DEPRECATED'
2022-12-27T03:02:44.8058680Z       #define Py_DEPRECATED(VERSION_UNUSED) __attribute__((__deprecated__))
2022-12-27T03:02:44.8058930Z                                                            ^
2022-12-27T03:02:44.8059520Z       /private/var/folders/51/hd414ycd67n82196sw51xqtc0000gn/T/pip-install-rgdx73yy/cython_1fe4768dc1b840e6bbbacb23467237c8/Cython/Plex/Scanners.c:9091:59: warning: '_PyUnicode_get_wstr_length' is deprecated [-Wdeprecated-declarations]
2022-12-27T03:02:44.8059990Z                               (PyUnicode_GET_SIZE(**argname) != PyUnicode_GET_SIZE(key)) ? 1 :
2022-12-27T03:02:44.8060240Z                                                                 ^
2022-12-27T03:02:44.8060700Z       /Library/Frameworks/Python.framework/Versions/3.9/include/python3.9/cpython/unicodeobject.h:261:7: note: expanded from macro 'PyUnicode_GET_SIZE'
2022-12-27T03:02:44.8061060Z             PyUnicode_WSTR_LENGTH(op) :                    \
2022-12-27T03:02:44.8061280Z             ^
2022-12-27T03:02:44.8061730Z       /Library/Frameworks/Python.framework/Versions/3.9/include/python3.9/cpython/unicodeobject.h:451:35: note: expanded from macro 'PyUnicode_WSTR_LENGTH'
2022-12-27T03:02:44.8062120Z       #define PyUnicode_WSTR_LENGTH(op) _PyUnicode_get_wstr_length((PyObject*)op)
2022-12-27T03:02:44.8062380Z                                         ^
2022-12-27T03:02:44.8062880Z       /Library/Frameworks/Python.framework/Versions/3.9/include/python3.9/cpython/unicodeobject.h:445:1: note: '_PyUnicode_get_wstr_length' has been explicitly marked deprecated here
2022-12-27T03:02:44.8063230Z       Py_DEPRECATED(3.3)
2022-12-27T03:02:44.8063410Z       ^
2022-12-27T03:02:44.8063820Z       /Library/Frameworks/Python.framework/Versions/3.9/include/python3.9/pyport.h:508:54: note: expanded from macro 'Py_DEPRECATED'
2022-12-27T03:02:44.8064200Z       #define Py_DEPRECATED(VERSION_UNUSED) __attribute__((__deprecated__))
2022-12-27T03:02:44.8064590Z                                                            ^
2022-12-27T03:02:44.8065230Z       /private/var/folders/51/hd414ycd67n82196sw51xqtc0000gn/T/pip-install-rgdx73yy/cython_1fe4768dc1b840e6bbbacb23467237c8/Cython/Plex/Scanners.c:9091:59: warning: 'PyUnicode_AsUnicode' is deprecated [-Wdeprecated-declarations]
2022-12-27T03:02:44.8065690Z                               (PyUnicode_GET_SIZE(**argname) != PyUnicode_GET_SIZE(key)) ? 1 :
2022-12-27T03:02:44.8065960Z                                                                 ^
2022-12-27T03:02:44.8066420Z       /Library/Frameworks/Python.framework/Versions/3.9/include/python3.9/cpython/unicodeobject.h:262:14: note: expanded from macro 'PyUnicode_GET_SIZE'
2022-12-27T03:02:44.8066800Z             ((void)PyUnicode_AsUnicode(_PyObject_CAST(op)),\
2022-12-27T03:02:44.8067030Z                    ^
2022-12-27T03:02:44.8067510Z       /Library/Frameworks/Python.framework/Versions/3.9/include/python3.9/cpython/unicodeobject.h:580:1: note: 'PyUnicode_AsUnicode' has been explicitly marked deprecated here
2022-12-27T03:02:44.8067920Z       Py_DEPRECATED(3.3) PyAPI_FUNC(Py_UNICODE *) PyUnicode_AsUnicode(
2022-12-27T03:02:44.8068160Z       ^
2022-12-27T03:02:44.8068580Z       /Library/Frameworks/Python.framework/Versions/3.9/include/python3.9/pyport.h:508:54: note: expanded from macro 'Py_DEPRECATED'
2022-12-27T03:02:44.8068930Z       #define Py_DEPRECATED(VERSION_UNUSED) __attribute__((__deprecated__))
2022-12-27T03:02:44.8069200Z                                                            ^
2022-12-27T03:02:44.8069860Z       /private/var/folders/51/hd414ycd67n82196sw51xqtc0000gn/T/pip-install-rgdx73yy/cython_1fe4768dc1b840e6bbbacb23467237c8/Cython/Plex/Scanners.c:9091:59: warning: '_PyUnicode_get_wstr_length' is deprecated [-Wdeprecated-declarations]
2022-12-27T03:02:44.8070520Z                               (PyUnicode_GET_SIZE(**argname) != PyUnicode_GET_SIZE(key)) ? 1 :
2022-12-27T03:02:44.8070780Z                                                                 ^
2022-12-27T03:02:44.8071260Z       /Library/Frameworks/Python.framework/Versions/3.9/include/python3.9/cpython/unicodeobject.h:264:8: note: expanded from macro 'PyUnicode_GET_SIZE'
2022-12-27T03:02:44.8071610Z              PyUnicode_WSTR_LENGTH(op)))
2022-12-27T03:02:44.8071790Z              ^
2022-12-27T03:02:44.8072250Z       /Library/Frameworks/Python.framework/Versions/3.9/include/python3.9/cpython/unicodeobject.h:451:35: note: expanded from macro 'PyUnicode_WSTR_LENGTH'
2022-12-27T03:02:44.8072670Z       #define PyUnicode_WSTR_LENGTH(op) _PyUnicode_get_wstr_length((PyObject*)op)
2022-12-27T03:02:44.8072930Z                                         ^
2022-12-27T03:02:44.8073420Z       /Library/Frameworks/Python.framework/Versions/3.9/include/python3.9/cpython/unicodeobject.h:445:1: note: '_PyUnicode_get_wstr_length' has been explicitly marked deprecated here
2022-12-27T03:02:44.8073790Z       Py_DEPRECATED(3.3)
2022-12-27T03:02:44.8073970Z       ^
2022-12-27T03:02:44.8074370Z       /Library/Frameworks/Python.framework/Versions/3.9/include/python3.9/pyport.h:508:54: note: expanded from macro 'Py_DEPRECATED'
2022-12-27T03:02:44.8074740Z       #define Py_DEPRECATED(VERSION_UNUSED) __attribute__((__deprecated__))
2022-12-27T03:02:44.8075000Z                                                            ^
2022-12-27T03:02:44.8075610Z       /private/var/folders/51/hd414ycd67n82196sw51xqtc0000gn/T/pip-install-rgdx73yy/cython_1fe4768dc1b840e6bbbacb23467237c8/Cython/Plex/Scanners.c:9540:16: warning: 'PyUnicode_FromUnicode' is deprecated [-Wdeprecated-declarations]
2022-12-27T03:02:44.8076030Z               return PyUnicode_FromUnicode(NULL, 0);
2022-12-27T03:02:44.8076240Z                      ^
2022-12-27T03:02:44.8076730Z       /Library/Frameworks/Python.framework/Versions/3.9/include/python3.9/cpython/unicodeobject.h:551:1: note: 'PyUnicode_FromUnicode' has been explicitly marked deprecated here
2022-12-27T03:02:44.8077140Z       Py_DEPRECATED(3.3) PyAPI_FUNC(PyObject*) PyUnicode_FromUnicode(
2022-12-27T03:02:44.8077520Z       ^
2022-12-27T03:02:44.8077990Z       /Library/Frameworks/Python.framework/Versions/3.9/include/python3.9/pyport.h:508:54: note: expanded from macro 'Py_DEPRECATED'
2022-12-27T03:02:44.8078350Z       #define Py_DEPRECATED(VERSION_UNUSED) __attribute__((__deprecated__))
2022-12-27T03:02:44.8078610Z                                                            ^
2022-12-27T03:02:44.8078820Z       16 warnings and 1 error generated.
2022-12-27T03:02:44.8079140Z       error: command '/usr/bin/gcc' failed with exit code 1
2022-12-27T03:02:44.8079380Z       [end of output]
2022-12-27T03:02:44.8079540Z   
2022-12-27T03:02:44.8079790Z   note: This error originates from a subprocess, and is likely not a problem with pip.
2022-12-27T03:02:44.8080090Z   ERROR: Failed building wheel for cython
2022-12-27T03:02:45.2771520Z Failed to build cython
2022-12-27T03:02:45.3732600Z Installing collected packages: enum34, six, protobuf, cython, coverage
2022-12-27T03:02:45.7051820Z   Attempting uninstall: cython
2022-12-27T03:02:45.7063360Z     Found existing installation: Cython 0.29.32
2022-12-27T03:02:46.0182440Z     Uninstalling Cython-0.29.32:
2022-12-27T03:02:46.0385340Z       Successfully uninstalled Cython-0.29.32
2022-12-27T03:02:46.0411060Z   Running setup.py install for cython: started
2022-12-27T03:02:47.2319310Z   Running setup.py install for cython: finished with status 'error'
2022-12-27T03:02:47.2784030Z   error: subprocess-exited-with-error
2022-12-27T03:02:47.2784560Z   
2022-12-27T03:02:47.2785240Z   × Running setup.py install for cython did not run successfully.
2022-12-27T03:02:47.2785840Z   │ exit code: 1
2022-12-27T03:02:47.2786330Z   ╰─> [562 lines of output]
2022-12-27T03:02:47.2786850Z       Unable to find pgen, not compiling formal grammar.
2022-12-27T03:02:47.2787310Z       running install
2022-12-27T03:02:47.2789730Z       /private/var/folders/51/hd414ycd67n82196sw51xqtc0000gn/T/cibw-run-y9rvr6vb/cp39-macosx_arm64/build/venv/lib/python3.9/site-packages/setuptools/command/install.py:34: SetuptoolsDeprecationWarning: setup.py install is deprecated. Use build and pip and other standards-based tools.
2022-12-27T03:02:47.2829500Z         warnings.warn(
2022-12-27T03:02:47.2830150Z       running build
2022-12-27T03:02:47.2830370Z       running build_py
2022-12-27T03:02:47.2830640Z       creating build
2022-12-27T03:02:47.2831350Z       creating build/lib.macosx-11.0-arm64-cpython-39
2022-12-27T03:02:47.2831950Z       copying cython.py -> build/lib.macosx-11.0-arm64-cpython-39
2022-12-27T03:02:47.2832530Z       creating build/lib.macosx-11.0-arm64-cpython-39/Cython
2022-12-27T03:02:47.2833130Z       copying Cython/TestUtils.py -> build/lib.macosx-11.0-arm64-cpython-39/Cython
2022-12-27T03:02:47.2833860Z       copying Cython/StringIOTree.py -> build/lib.macosx-11.0-arm64-cpython-39/Cython
2022-12-27T03:02:47.2835060Z       copying Cython/__init__.py -> build/lib.macosx-11.0-arm64-cpython-39/Cython
2022-12-27T03:02:47.2835990Z       copying Cython/Coverage.py -> build/lib.macosx-11.0-arm64-cpython-39/Cython
2022-12-27T03:02:47.2836660Z       copying Cython/Debugging.py -> build/lib.macosx-11.0-arm64-cpython-39/Cython
2022-12-27T03:02:47.2837330Z       copying Cython/Utils.py -> build/lib.macosx-11.0-arm64-cpython-39/Cython
2022-12-27T03:02:47.2838050Z       copying Cython/Shadow.py -> build/lib.macosx-11.0-arm64-cpython-39/Cython
2022-12-27T03:02:47.2838700Z       copying Cython/CodeWriter.py -> build/lib.macosx-11.0-arm64-cpython-39/Cython
2022-12-27T03:02:47.2839330Z       creating build/lib.macosx-11.0-arm64-cpython-39/Cython/Build
2022-12-27T03:02:47.2840050Z       copying Cython/Build/Cythonize.py -> build/lib.macosx-11.0-arm64-cpython-39/Cython/Build
2022-12-27T03:02:47.2840740Z       copying Cython/Build/__init__.py -> build/lib.macosx-11.0-arm64-cpython-39/Cython/Build
2022-12-27T03:02:47.2841490Z       copying Cython/Build/IpythonMagic.py -> build/lib.macosx-11.0-arm64-cpython-39/Cython/Build
2022-12-27T03:02:47.2843010Z       copying Cython/Build/BuildExecutable.py -> build/lib.macosx-11.0-arm64-cpython-39/Cython/Build
2022-12-27T03:02:47.2843890Z       copying Cython/Build/Distutils.py -> build/lib.macosx-11.0-arm64-cpython-39/Cython/Build
2022-12-27T03:02:47.2844620Z       copying Cython/Build/Dependencies.py -> build/lib.macosx-11.0-arm64-cpython-39/Cython/Build
2022-12-27T03:02:47.2845360Z       copying Cython/Build/Inline.py -> build/lib.macosx-11.0-arm64-cpython-39/Cython/Build
2022-12-27T03:02:47.2845960Z       creating build/lib.macosx-11.0-arm64-cpython-39/Cython/Compiler
2022-12-27T03:02:47.2846750Z       copying Cython/Compiler/Optimize.py -> build/lib.macosx-11.0-arm64-cpython-39/Cython/Compiler
2022-12-27T03:02:47.2847590Z       copying Cython/Compiler/Options.py -> build/lib.macosx-11.0-arm64-cpython-39/Cython/Compiler
2022-12-27T03:02:47.2848340Z       copying Cython/Compiler/CodeGeneration.py -> build/lib.macosx-11.0-arm64-cpython-39/Cython/Compiler
2022-12-27T03:02:47.2849270Z       copying Cython/Compiler/ModuleNode.py -> build/lib.macosx-11.0-arm64-cpython-39/Cython/Compiler
2022-12-27T03:02:47.2850170Z       copying Cython/Compiler/DebugFlags.py -> build/lib.macosx-11.0-arm64-cpython-39/Cython/Compiler
2022-12-27T03:02:47.2850880Z       copying Cython/Compiler/TypeSlots.py -> build/lib.macosx-11.0-arm64-cpython-39/Cython/Compiler
2022-12-27T03:02:47.2851500Z       copying Cython/Compiler/Version.py -> build/lib.macosx-11.0-arm64-cpython-39/Cython/Compiler
2022-12-27T03:02:47.2852270Z       copying Cython/Compiler/Parsing.py -> build/lib.macosx-11.0-arm64-cpython-39/Cython/Compiler
2022-12-27T03:02:47.2853090Z       copying Cython/Compiler/Symtab.py -> build/lib.macosx-11.0-arm64-cpython-39/Cython/Compiler
2022-12-27T03:02:47.2853680Z       copying Cython/Compiler/UtilNodes.py -> build/lib.macosx-11.0-arm64-cpython-39/Cython/Compiler
2022-12-27T03:02:47.2854300Z       copying Cython/Compiler/Pythran.py -> build/lib.macosx-11.0-arm64-cpython-39/Cython/Compiler
2022-12-27T03:02:47.2855580Z       copying Cython/Compiler/Naming.py -> build/lib.macosx-11.0-arm64-cpython-39/Cython/Compiler
2022-12-27T03:02:47.2856260Z       copying Cython/Compiler/UtilityCode.py -> build/lib.macosx-11.0-arm64-cpython-39/Cython/Compiler
2022-12-27T03:02:47.2856930Z       copying Cython/Compiler/TreePath.py -> build/lib.macosx-11.0-arm64-cpython-39/Cython/Compiler
2022-12-27T03:02:47.2857470Z       copying Cython/Compiler/CmdLine.py -> build/lib.macosx-11.0-arm64-cpython-39/Cython/Compiler
2022-12-27T03:02:47.2857990Z       copying Cython/Compiler/MemoryView.py -> build/lib.macosx-11.0-arm64-cpython-39/Cython/Compiler
2022-12-27T03:02:47.2858500Z       copying Cython/Compiler/Code.py -> build/lib.macosx-11.0-arm64-cpython-39/Cython/Compiler
2022-12-27T03:02:47.2859010Z       copying Cython/Compiler/__init__.py -> build/lib.macosx-11.0-arm64-cpython-39/Cython/Compiler
2022-12-27T03:02:47.2859520Z       copying Cython/Compiler/TreeFragment.py -> build/lib.macosx-11.0-arm64-cpython-39/Cython/Compiler
2022-12-27T03:02:47.2860080Z       copying Cython/Compiler/ParseTreeTransforms.py -> build/lib.macosx-11.0-arm64-cpython-39/Cython/Compiler
2022-12-27T03:02:47.2860620Z       copying Cython/Compiler/Annotate.py -> build/lib.macosx-11.0-arm64-cpython-39/Cython/Compiler
2022-12-27T03:02:47.2861120Z       copying Cython/Compiler/Lexicon.py -> build/lib.macosx-11.0-arm64-cpython-39/Cython/Compiler
2022-12-27T03:02:47.2861650Z       copying Cython/Compiler/Interpreter.py -> build/lib.macosx-11.0-arm64-cpython-39/Cython/Compiler
2022-12-27T03:02:47.2862200Z       copying Cython/Compiler/AutoDocTransforms.py -> build/lib.macosx-11.0-arm64-cpython-39/Cython/Compiler
2022-12-27T03:02:47.2862730Z       copying Cython/Compiler/Visitor.py -> build/lib.macosx-11.0-arm64-cpython-39/Cython/Compiler
2022-12-27T03:02:47.2863230Z       copying Cython/Compiler/Pipeline.py -> build/lib.macosx-11.0-arm64-cpython-39/Cython/Compiler
2022-12-27T03:02:47.2863750Z       copying Cython/Compiler/Buffer.py -> build/lib.macosx-11.0-arm64-cpython-39/Cython/Compiler
2022-12-27T03:02:47.2864520Z       copying Cython/Compiler/ExprNodes.py -> build/lib.macosx-11.0-arm64-cpython-39/Cython/Compiler
2022-12-27T03:02:47.2865130Z       copying Cython/Compiler/CythonScope.py -> build/lib.macosx-11.0-arm64-cpython-39/Cython/Compiler
2022-12-27T03:02:47.2865640Z       copying Cython/Compiler/Scanning.py -> build/lib.macosx-11.0-arm64-cpython-39/Cython/Compiler
2022-12-27T03:02:47.2866160Z       copying Cython/Compiler/FusedNode.py -> build/lib.macosx-11.0-arm64-cpython-39/Cython/Compiler
2022-12-27T03:02:47.2866700Z       copying Cython/Compiler/TypeInference.py -> build/lib.macosx-11.0-arm64-cpython-39/Cython/Compiler
2022-12-27T03:02:47.2867210Z       copying Cython/Compiler/Builtin.py -> build/lib.macosx-11.0-arm64-cpython-39/Cython/Compiler
2022-12-27T03:02:47.2867710Z       copying Cython/Compiler/Future.py -> build/lib.macosx-11.0-arm64-cpython-39/Cython/Compiler
2022-12-27T03:02:47.2868220Z       copying Cython/Compiler/Errors.py -> build/lib.macosx-11.0-arm64-cpython-39/Cython/Compiler
2022-12-27T03:02:47.2868730Z       copying Cython/Compiler/Nodes.py -> build/lib.macosx-11.0-arm64-cpython-39/Cython/Compiler
2022-12-27T03:02:47.2869220Z       copying Cython/Compiler/Main.py -> build/lib.macosx-11.0-arm64-cpython-39/Cython/Compiler
2022-12-27T03:02:47.2869760Z       copying Cython/Compiler/StringEncoding.py -> build/lib.macosx-11.0-arm64-cpython-39/Cython/Compiler
2022-12-27T03:02:47.2870420Z       copying Cython/Compiler/AnalysedTreeTransforms.py -> build/lib.macosx-11.0-arm64-cpython-39/Cython/Compiler
2022-12-27T03:02:47.2870980Z       copying Cython/Compiler/FlowControl.py -> build/lib.macosx-11.0-arm64-cpython-39/Cython/Compiler
2022-12-27T03:02:47.2871500Z       copying Cython/Compiler/PyrexTypes.py -> build/lib.macosx-11.0-arm64-cpython-39/Cython/Compiler
2022-12-27T03:02:47.2871960Z       creating build/lib.macosx-11.0-arm64-cpython-39/Cython/Runtime
2022-12-27T03:02:47.2872440Z       copying Cython/Runtime/__init__.py -> build/lib.macosx-11.0-arm64-cpython-39/Cython/Runtime
2022-12-27T03:02:47.2873180Z       creating build/lib.macosx-11.0-arm64-cpython-39/Cython/Distutils
2022-12-27T03:02:47.2873670Z       copying Cython/Distutils/old_build_ext.py -> build/lib.macosx-11.0-arm64-cpython-39/Cython/Distutils
2022-12-27T03:02:47.2874200Z       copying Cython/Distutils/build_ext.py -> build/lib.macosx-11.0-arm64-cpython-39/Cython/Distutils
2022-12-27T03:02:47.2874720Z       copying Cython/Distutils/__init__.py -> build/lib.macosx-11.0-arm64-cpython-39/Cython/Distutils
2022-12-27T03:02:47.2875240Z       copying Cython/Distutils/extension.py -> build/lib.macosx-11.0-arm64-cpython-39/Cython/Distutils
2022-12-27T03:02:47.2875690Z       creating build/lib.macosx-11.0-arm64-cpython-39/Cython/Debugger
2022-12-27T03:02:47.2876180Z       copying Cython/Debugger/libcython.py -> build/lib.macosx-11.0-arm64-cpython-39/Cython/Debugger
2022-12-27T03:02:47.2876690Z       copying Cython/Debugger/__init__.py -> build/lib.macosx-11.0-arm64-cpython-39/Cython/Debugger
2022-12-27T03:02:47.2877190Z       copying Cython/Debugger/Cygdb.py -> build/lib.macosx-11.0-arm64-cpython-39/Cython/Debugger
2022-12-27T03:02:47.2877710Z       copying Cython/Debugger/DebugWriter.py -> build/lib.macosx-11.0-arm64-cpython-39/Cython/Debugger
2022-12-27T03:02:47.2878240Z       copying Cython/Debugger/libpython.py -> build/lib.macosx-11.0-arm64-cpython-39/Cython/Debugger
2022-12-27T03:02:47.2878720Z       creating build/lib.macosx-11.0-arm64-cpython-39/Cython/Debugger/Tests
2022-12-27T03:02:47.2879250Z       copying Cython/Debugger/Tests/test_libcython_in_gdb.py -> build/lib.macosx-11.0-arm64-cpython-39/Cython/Debugger/Tests
2022-12-27T03:02:47.2879830Z       copying Cython/Debugger/Tests/TestLibCython.py -> build/lib.macosx-11.0-arm64-cpython-39/Cython/Debugger/Tests
2022-12-27T03:02:47.2880390Z       copying Cython/Debugger/Tests/__init__.py -> build/lib.macosx-11.0-arm64-cpython-39/Cython/Debugger/Tests
2022-12-27T03:02:47.2880970Z       copying Cython/Debugger/Tests/test_libpython_in_gdb.py -> build/lib.macosx-11.0-arm64-cpython-39/Cython/Debugger/Tests
2022-12-27T03:02:47.2881630Z       creating build/lib.macosx-11.0-arm64-cpython-39/Cython/Plex
2022-12-27T03:02:47.2882160Z       copying Cython/Plex/Machines.py -> build/lib.macosx-11.0-arm64-cpython-39/Cython/Plex
2022-12-27T03:02:47.2882660Z       copying Cython/Plex/Actions.py -> build/lib.macosx-11.0-arm64-cpython-39/Cython/Plex
2022-12-27T03:02:47.2883140Z       copying Cython/Plex/__init__.py -> build/lib.macosx-11.0-arm64-cpython-39/Cython/Plex
2022-12-27T03:02:47.2883620Z       copying Cython/Plex/Timing.py -> build/lib.macosx-11.0-arm64-cpython-39/Cython/Plex
2022-12-27T03:02:47.2884120Z       copying Cython/Plex/Transitions.py -> build/lib.macosx-11.0-arm64-cpython-39/Cython/Plex
2022-12-27T03:02:47.2884620Z       copying Cython/Plex/Regexps.py -> build/lib.macosx-11.0-arm64-cpython-39/Cython/Plex
2022-12-27T03:02:47.2885100Z       copying Cython/Plex/DFA.py -> build/lib.macosx-11.0-arm64-cpython-39/Cython/Plex
2022-12-27T03:02:47.2885790Z       copying Cython/Plex/Errors.py -> build/lib.macosx-11.0-arm64-cpython-39/Cython/Plex
2022-12-27T03:02:47.2886330Z       copying Cython/Plex/Traditional.py -> build/lib.macosx-11.0-arm64-cpython-39/Cython/Plex
2022-12-27T03:02:47.2886830Z       copying Cython/Plex/Lexicons.py -> build/lib.macosx-11.0-arm64-cpython-39/Cython/Plex
2022-12-27T03:02:47.2887310Z       copying Cython/Plex/Scanners.py -> build/lib.macosx-11.0-arm64-cpython-39/Cython/Plex
2022-12-27T03:02:47.2887760Z       creating build/lib.macosx-11.0-arm64-cpython-39/Cython/Tests
2022-12-27T03:02:47.2888240Z       copying Cython/Tests/TestStringIOTree.py -> build/lib.macosx-11.0-arm64-cpython-39/Cython/Tests
2022-12-27T03:02:47.2888750Z       copying Cython/Tests/TestCodeWriter.py -> build/lib.macosx-11.0-arm64-cpython-39/Cython/Tests
2022-12-27T03:02:47.2889280Z       copying Cython/Tests/TestJediTyper.py -> build/lib.macosx-11.0-arm64-cpython-39/Cython/Tests
2022-12-27T03:02:47.2890090Z       copying Cython/Tests/xmlrunner.py -> build/lib.macosx-11.0-arm64-cpython-39/Cython/Tests
2022-12-27T03:02:47.2890430Z   Rolling back uninstall of Cython
2022-12-27T03:02:47.2890920Z   Moving to /private/var/folders/51/hd414ycd67n82196sw51xqtc0000gn/T/cibw-run-y9rvr6vb/cp39-macosx_arm64/build/venv/bin/cygdb
2022-12-27T03:02:47.2891460Z    from /private/var/folders/51/hd414ycd67n82196sw51xqtc0000gn/T/pip-uninstall-s47t37z6/cygdb
2022-12-27T03:02:47.2892020Z   Moving to /private/var/folders/51/hd414ycd67n82196sw51xqtc0000gn/T/cibw-run-y9rvr6vb/cp39-macosx_arm64/build/venv/bin/cython
2022-12-27T03:02:47.2892560Z    from /private/var/folders/51/hd414ycd67n82196sw51xqtc0000gn/T/pip-uninstall-s47t37z6/cython
2022-12-27T03:02:47.2893110Z   Moving to /private/var/folders/51/hd414ycd67n82196sw51xqtc0000gn/T/cibw-run-y9rvr6vb/cp39-macosx_arm64/build/venv/bin/cythonize
2022-12-27T03:02:47.2893650Z    from /private/var/folders/51/hd414ycd67n82196sw51xqtc0000gn/T/pip-uninstall-s47t37z6/cythonize
2022-12-27T03:02:47.2894310Z   Moving to /private/var/folders/51/hd414ycd67n82196sw51xqtc0000gn/T/cibw-run-y9rvr6vb/cp39-macosx_arm64/build/venv/lib/python3.9/site-packages/Cython-0.29.32.dist-info/
2022-12-27T03:02:47.2895010Z    from /private/var/folders/51/hd414ycd67n82196sw51xqtc0000gn/T/cibw-run-y9rvr6vb/cp39-macosx_arm64/build/venv/lib/python3.9/site-packages/~ython-0.29.32.dist-info
2022-12-27T03:02:47.2895680Z   Moving to /private/var/folders/51/hd414ycd67n82196sw51xqtc0000gn/T/cibw-run-y9rvr6vb/cp39-macosx_arm64/build/venv/lib/python3.9/site-packages/Cython/
2022-12-27T03:02:47.2896340Z    from /private/var/folders/51/hd414ycd67n82196sw51xqtc0000gn/T/cibw-run-y9rvr6vb/cp39-macosx_arm64/build/venv/lib/python3.9/site-packages/~ython
2022-12-27T03:02:47.2897040Z   Moving to /private/var/folders/51/hd414ycd67n82196sw51xqtc0000gn/T/cibw-run-y9rvr6vb/cp39-macosx_arm64/build/venv/lib/python3.9/site-packages/__pycache__/cython.cpython-39.pyc
2022-12-27T03:02:47.2897670Z    from /private/var/folders/51/hd414ycd67n82196sw51xqtc0000gn/T/pip-uninstall-eg7cc_1z/cython.cpython-39.pyc
2022-12-27T03:02:47.2898490Z   Moving to /private/var/folders/51/hd414ycd67n82196sw51xqtc0000gn/T/cibw-run-y9rvr6vb/cp39-macosx_arm64/build/venv/lib/python3.9/site-packages/cython.py
2022-12-27T03:02:47.2899130Z    from /private/var/folders/51/hd414ycd67n82196sw51xqtc0000gn/T/pip-uninstall-xy9635lb/cython.py
2022-12-27T03:02:47.2899750Z   Moving to /private/var/folders/51/hd414ycd67n82196sw51xqtc0000gn/T/cibw-run-y9rvr6vb/cp39-macosx_arm64/build/venv/lib/python3.9/site-packages/pyximport/
2022-12-27T03:02:47.2900420Z    from /private/var/folders/51/hd414ycd67n82196sw51xqtc0000gn/T/cibw-run-y9rvr6vb/cp39-macosx_arm64/build/venv/lib/python3.9/site-packages/~yximport
2022-12-27T03:02:47.2901670Z       copying Cython/Tests/__init__.py -> build/lib.macosx-11.0-arm64-cpython-39/Cython/Tests
2022-12-27T03:02:47.2902140Z       creating build/lib.macosx-11.0-arm64-cpython-39/Cython/Build/Tests
2022-12-27T03:02:47.2902650Z       copying Cython/Build/Tests/TestInline.py -> build/lib.macosx-11.0-arm64-cpython-39/Cython/Build/Tests
2022-12-27T03:02:47.2903190Z       copying Cython/Build/Tests/__init__.py -> build/lib.macosx-11.0-arm64-cpython-39/Cython/Build/Tests
2022-12-27T03:02:47.2903730Z       copying Cython/Build/Tests/TestIpythonMagic.py -> build/lib.macosx-11.0-arm64-cpython-39/Cython/Build/Tests
2022-12-27T03:02:47.2904300Z       copying Cython/Build/Tests/TestStripLiterals.py -> build/lib.macosx-11.0-arm64-cpython-39/Cython/Build/Tests
2022-12-27T03:02:47.2904800Z       creating build/lib.macosx-11.0-arm64-cpython-39/Cython/Compiler/Tests
2022-12-27T03:02:47.2905330Z       copying Cython/Compiler/Tests/TestGrammar.py -> build/lib.macosx-11.0-arm64-cpython-39/Cython/Compiler/Tests
2022-12-27T03:02:47.2905900Z       copying Cython/Compiler/Tests/TestCmdLine.py -> build/lib.macosx-11.0-arm64-cpython-39/Cython/Compiler/Tests
2022-12-27T03:02:47.2906490Z       copying Cython/Compiler/Tests/TestSignatureMatching.py -> build/lib.macosx-11.0-arm64-cpython-39/Cython/Compiler/Tests
2022-12-27T03:02:47.2907330Z       copying Cython/Compiler/Tests/TestTreeFragment.py -> build/lib.macosx-11.0-arm64-cpython-39/Cython/Compiler/Tests
2022-12-27T03:02:47.2907940Z       copying Cython/Compiler/Tests/TestParseTreeTransforms.py -> build/lib.macosx-11.0-arm64-cpython-39/Cython/Compiler/Tests
2022-12-27T03:02:47.2908520Z       copying Cython/Compiler/Tests/TestBuffer.py -> build/lib.macosx-11.0-arm64-cpython-39/Cython/Compiler/Tests
2022-12-27T03:02:47.2909100Z       copying Cython/Compiler/Tests/TestUtilityLoad.py -> build/lib.macosx-11.0-arm64-cpython-39/Cython/Compiler/Tests
2022-12-27T03:02:47.2909680Z       copying Cython/Compiler/Tests/TestFlowControl.py -> build/lib.macosx-11.0-arm64-cpython-39/Cython/Compiler/Tests
2022-12-27T03:02:47.2910320Z       copying Cython/Compiler/Tests/__init__.py -> build/lib.macosx-11.0-arm64-cpython-39/Cython/Compiler/Tests
2022-12-27T03:02:47.2910870Z       copying Cython/Compiler/Tests/TestTreePath.py -> build/lib.macosx-11.0-arm64-cpython-39/Cython/Compiler/Tests
2022-12-27T03:02:47.2911440Z       copying Cython/Compiler/Tests/TestTypes.py -> build/lib.macosx-11.0-arm64-cpython-39/Cython/Compiler/Tests
2022-12-27T03:02:47.2912010Z       copying Cython/Compiler/Tests/TestVisitor.py -> build/lib.macosx-11.0-arm64-cpython-39/Cython/Compiler/Tests
2022-12-27T03:02:47.2912580Z       copying Cython/Compiler/Tests/TestMemView.py -> build/lib.macosx-11.0-arm64-cpython-39/Cython/Compiler/Tests
2022-12-27T03:02:47.2913050Z       creating build/lib.macosx-11.0-arm64-cpython-39/Cython/Utility
2022-12-27T03:02:47.2913530Z       copying Cython/Utility/__init__.py -> build/lib.macosx-11.0-arm64-cpython-39/Cython/Utility
2022-12-27T03:02:47.2913990Z       creating build/lib.macosx-11.0-arm64-cpython-39/Cython/Tempita
2022-12-27T03:02:47.2914450Z       copying Cython/Tempita/__init__.py -> build/lib.macosx-11.0-arm64-cpython-39/Cython/Tempita
2022-12-27T03:02:47.2914960Z       copying Cython/Tempita/_looper.py -> build/lib.macosx-11.0-arm64-cpython-39/Cython/Tempita
2022-12-27T03:02:47.2915480Z       copying Cython/Tempita/_tempita.py -> build/lib.macosx-11.0-arm64-cpython-39/Cython/Tempita
2022-12-27T03:02:47.2916170Z       copying Cython/Tempita/compat3.py -> build/lib.macosx-11.0-arm64-cpython-39/Cython/Tempita
2022-12-27T03:02:47.2916680Z       creating build/lib.macosx-11.0-arm64-cpython-39/pyximport
2022-12-27T03:02:47.2917150Z       copying pyximport/pyximport.py -> build/lib.macosx-11.0-arm64-cpython-39/pyximport
2022-12-27T03:02:47.2917640Z       copying pyximport/__init__.py -> build/lib.macosx-11.0-arm64-cpython-39/pyximport
2022-12-27T03:02:47.2918120Z       copying pyximport/pyxbuild.py -> build/lib.macosx-11.0-arm64-cpython-39/pyximport
2022-12-27T03:02:47.2918580Z       creating build/lib.macosx-11.0-arm64-cpython-39/Cython/Includes
2022-12-27T03:02:47.2919070Z       copying Cython/Includes/openmp.pxd -> build/lib.macosx-11.0-arm64-cpython-39/Cython/Includes
2022-12-27T03:02:47.2919540Z       creating build/lib.macosx-11.0-arm64-cpython-39/Cython/Includes/posix
2022-12-27T03:02:47.2920050Z       copying Cython/Includes/posix/types.pxd -> build/lib.macosx-11.0-arm64-cpython-39/Cython/Includes/posix
2022-12-27T03:02:47.2920610Z       copying Cython/Includes/posix/select.pxd -> build/lib.macosx-11.0-arm64-cpython-39/Cython/Includes/posix
2022-12-27T03:02:47.2921170Z       copying Cython/Includes/posix/resource.pxd -> build/lib.macosx-11.0-arm64-cpython-39/Cython/Includes/posix
2022-12-27T03:02:47.2921730Z       copying Cython/Includes/posix/wait.pxd -> build/lib.macosx-11.0-arm64-cpython-39/Cython/Includes/posix
2022-12-27T03:02:47.2922260Z       copying Cython/Includes/posix/stat.pxd -> build/lib.macosx-11.0-arm64-cpython-39/Cython/Includes/posix
2022-12-27T03:02:47.2922810Z       copying Cython/Includes/posix/dlfcn.pxd -> build/lib.macosx-11.0-arm64-cpython-39/Cython/Includes/posix
2022-12-27T03:02:47.2923370Z       copying Cython/Includes/posix/__init__.pxd -> build/lib.macosx-11.0-arm64-cpython-39/Cython/Includes/posix
2022-12-27T03:02:47.2923920Z       copying Cython/Includes/posix/strings.pxd -> build/lib.macosx-11.0-arm64-cpython-39/Cython/Includes/posix
2022-12-27T03:02:47.2924840Z       copying Cython/Includes/posix/stdio.pxd -> build/lib.macosx-11.0-arm64-cpython-39/Cython/Includes/posix
2022-12-27T03:02:47.2925400Z       copying Cython/Includes/posix/stdlib.pxd -> build/lib.macosx-11.0-arm64-cpython-39/Cython/Includes/posix
2022-12-27T03:02:47.2925950Z       copying Cython/Includes/posix/mman.pxd -> build/lib.macosx-11.0-arm64-cpython-39/Cython/Includes/posix
2022-12-27T03:02:47.2926500Z       copying Cython/Includes/posix/ioctl.pxd -> build/lib.macosx-11.0-arm64-cpython-39/Cython/Includes/posix
2022-12-27T03:02:47.2927040Z       copying Cython/Includes/posix/signal.pxd -> build/lib.macosx-11.0-arm64-cpython-39/Cython/Includes/posix
2022-12-27T03:02:47.2927600Z       copying Cython/Includes/posix/fcntl.pxd -> build/lib.macosx-11.0-arm64-cpython-39/Cython/Includes/posix
2022-12-27T03:02:47.2928150Z       copying Cython/Includes/posix/unistd.pxd -> build/lib.macosx-11.0-arm64-cpython-39/Cython/Includes/posix
2022-12-27T03:02:47.2928700Z       copying Cython/Includes/posix/time.pxd -> build/lib.macosx-11.0-arm64-cpython-39/Cython/Includes/posix
2022-12-27T03:02:47.2929190Z       creating build/lib.macosx-11.0-arm64-cpython-39/Cython/Includes/libc
2022-12-27T03:02:47.2929700Z       copying Cython/Includes/libc/locale.pxd -> build/lib.macosx-11.0-arm64-cpython-39/Cython/Includes/libc
2022-12-27T03:02:47.2930320Z       copying Cython/Includes/libc/__init__.pxd -> build/lib.macosx-11.0-arm64-cpython-39/Cython/Includes/libc
2022-12-27T03:02:47.2930860Z       copying Cython/Includes/libc/math.pxd -> build/lib.macosx-11.0-arm64-cpython-39/Cython/Includes/libc
2022-12-27T03:02:47.2931400Z       copying Cython/Includes/libc/limits.pxd -> build/lib.macosx-11.0-arm64-cpython-39/Cython/Includes/libc
2022-12-27T03:02:47.2931940Z       copying Cython/Includes/libc/setjmp.pxd -> build/lib.macosx-11.0-arm64-cpython-39/Cython/Includes/libc
2022-12-27T03:02:47.2932480Z       copying Cython/Includes/libc/string.pxd -> build/lib.macosx-11.0-arm64-cpython-39/Cython/Includes/libc
2022-12-27T03:02:47.2933220Z       copying Cython/Includes/libc/stdint.pxd -> build/lib.macosx-11.0-arm64-cpython-39/Cython/Includes/libc
2022-12-27T03:02:47.2933830Z       copying Cython/Includes/libc/stdio.pxd -> build/lib.macosx-11.0-arm64-cpython-39/Cython/Includes/libc
2022-12-27T03:02:47.2934380Z       copying Cython/Includes/libc/stdlib.pxd -> build/lib.macosx-11.0-arm64-cpython-39/Cython/Includes/libc
2022-12-27T03:02:47.2934920Z       copying Cython/Includes/libc/float.pxd -> build/lib.macosx-11.0-arm64-cpython-39/Cython/Includes/libc
2022-12-27T03:02:47.2935450Z       copying Cython/Includes/libc/signal.pxd -> build/lib.macosx-11.0-arm64-cpython-39/Cython/Includes/libc
2022-12-27T03:02:47.2935990Z       copying Cython/Includes/libc/stddef.pxd -> build/lib.macosx-11.0-arm64-cpython-39/Cython/Includes/libc
2022-12-27T03:02:47.2936530Z       copying Cython/Includes/libc/errno.pxd -> build/lib.macosx-11.0-arm64-cpython-39/Cython/Includes/libc
2022-12-27T03:02:47.2937070Z       copying Cython/Includes/libc/time.pxd -> build/lib.macosx-11.0-arm64-cpython-39/Cython/Includes/libc
2022-12-27T03:02:47.2937550Z       creating build/lib.macosx-11.0-arm64-cpython-39/Cython/Includes/numpy
2022-12-27T03:02:47.2938050Z       copying Cython/Includes/numpy/__init__.pxd -> build/lib.macosx-11.0-arm64-cpython-39/Cython/Includes/numpy
2022-12-27T03:02:47.2938600Z       copying Cython/Includes/numpy/math.pxd -> build/lib.macosx-11.0-arm64-cpython-39/Cython/Includes/numpy
2022-12-27T03:02:47.2939080Z       creating build/lib.macosx-11.0-arm64-cpython-39/Cython/Includes/cpython
2022-12-27T03:02:47.2939600Z       copying Cython/Includes/cpython/ref.pxd -> build/lib.macosx-11.0-arm64-cpython-39/Cython/Includes/cpython
2022-12-27T03:02:47.2940160Z       copying Cython/Includes/cpython/long.pxd -> build/lib.macosx-11.0-arm64-cpython-39/Cython/Includes/cpython
2022-12-27T03:02:47.2940730Z       copying Cython/Includes/cpython/iterator.pxd -> build/lib.macosx-11.0-arm64-cpython-39/Cython/Includes/cpython
2022-12-27T03:02:47.2941530Z       copying Cython/Includes/cpython/weakref.pxd -> build/lib.macosx-11.0-arm64-cpython-39/Cython/Includes/cpython
2022-12-27T03:02:47.2942110Z       copying Cython/Includes/cpython/cobject.pxd -> build/lib.macosx-11.0-arm64-cpython-39/Cython/Includes/cpython
2022-12-27T03:02:47.2942660Z       copying Cython/Includes/cpython/set.pxd -> build/lib.macosx-11.0-arm64-cpython-39/Cython/Includes/cpython
2022-12-27T03:02:47.2943220Z       copying Cython/Includes/cpython/__init__.pxd -> build/lib.macosx-11.0-arm64-cpython-39/Cython/Includes/cpython
2022-12-27T03:02:47.2943770Z       copying Cython/Includes/cpython/object.pxd -> build/lib.macosx-11.0-arm64-cpython-39/Cython/Includes/cpython
2022-12-27T03:02:47.2944330Z       copying Cython/Includes/cpython/slice.pxd -> build/lib.macosx-11.0-arm64-cpython-39/Cython/Includes/cpython
2022-12-27T03:02:47.2944900Z       copying Cython/Includes/cpython/getargs.pxd -> build/lib.macosx-11.0-arm64-cpython-39/Cython/Includes/cpython
2022-12-27T03:02:47.2945480Z       copying Cython/Includes/cpython/module.pxd -> build/lib.macosx-11.0-arm64-cpython-39/Cython/Includes/cpython
2022-12-27T03:02:47.2946030Z       copying Cython/Includes/cpython/version.pxd -> build/lib.macosx-11.0-arm64-cpython-39/Cython/Includes/cpython
2022-12-27T03:02:47.2946590Z       copying Cython/Includes/cpython/buffer.pxd -> build/lib.macosx-11.0-arm64-cpython-39/Cython/Includes/cpython
2022-12-27T03:02:47.2947150Z       copying Cython/Includes/cpython/bytes.pxd -> build/lib.macosx-11.0-arm64-cpython-39/Cython/Includes/cpython
2022-12-27T03:02:47.2947750Z       copying Cython/Includes/cpython/exc.pxd -> build/lib.macosx-11.0-arm64-cpython-39/Cython/Includes/cpython
2022-12-27T03:02:47.2948260Z       copying Cython/Includes/cpython/int.pxd -> build/lib.macosx-11.0-arm64-cpython-39/Cython/Includes/cpython
2022-12-27T03:02:47.2948780Z       copying Cython/Includes/cpython/mapping.pxd -> build/lib.macosx-11.0-arm64-cpython-39/Cython/Includes/cpython
2022-12-27T03:02:47.2949490Z       copying Cython/Includes/cpython/string.pxd -> build/lib.macosx-11.0-arm64-cpython-39/Cython/Includes/cpython
2022-12-27T03:02:47.2950380Z       copying Cython/Includes/cpython/dict.pxd -> build/lib.macosx-11.0-arm64-cpython-39/Cython/Includes/cpython
2022-12-27T03:02:47.2950920Z       copying Cython/Includes/cpython/float.pxd -> build/lib.macosx-11.0-arm64-cpython-39/Cython/Includes/cpython
2022-12-27T03:02:47.2951450Z       copying Cython/Includes/cpython/complex.pxd -> build/lib.macosx-11.0-arm64-cpython-39/Cython/Includes/cpython
2022-12-27T03:02:47.2951970Z       copying Cython/Includes/cpython/array.pxd -> build/lib.macosx-11.0-arm64-cpython-39/Cython/Includes/cpython
2022-12-27T03:02:47.2952500Z       copying Cython/Includes/cpython/function.pxd -> build/lib.macosx-11.0-arm64-cpython-39/Cython/Includes/cpython
2022-12-27T03:02:47.2953030Z       copying Cython/Includes/cpython/sequence.pxd -> build/lib.macosx-11.0-arm64-cpython-39/Cython/Includes/cpython
2022-12-27T03:02:47.2953570Z       copying Cython/Includes/cpython/method.pxd -> build/lib.macosx-11.0-arm64-cpython-39/Cython/Includes/cpython
2022-12-27T03:02:47.2954100Z       copying Cython/Includes/cpython/oldbuffer.pxd -> build/lib.macosx-11.0-arm64-cpython-39/Cython/Includes/cpython
2022-12-27T03:02:47.2954640Z       copying Cython/Includes/cpython/longintrepr.pxd -> build/lib.macosx-11.0-arm64-cpython-39/Cython/Includes/cpython
2022-12-27T03:02:47.2955190Z       copying Cython/Includes/cpython/pycapsule.pxd -> build/lib.macosx-11.0-arm64-cpython-39/Cython/Includes/cpython
2022-12-27T03:02:47.2955720Z       copying Cython/Includes/cpython/tuple.pxd -> build/lib.macosx-11.0-arm64-cpython-39/Cython/Includes/cpython
2022-12-27T03:02:47.2956230Z       copying Cython/Includes/cpython/list.pxd -> build/lib.macosx-11.0-arm64-cpython-39/Cython/Includes/cpython
2022-12-27T03:02:47.2956760Z       copying Cython/Includes/cpython/pystate.pxd -> build/lib.macosx-11.0-arm64-cpython-39/Cython/Includes/cpython
2022-12-27T03:02:47.2957550Z       copying Cython/Includes/cpython/mem.pxd -> build/lib.macosx-11.0-arm64-cpython-39/Cython/Includes/cpython
2022-12-27T03:02:47.2958090Z       copying Cython/Includes/cpython/datetime.pxd -> build/lib.macosx-11.0-arm64-cpython-39/Cython/Includes/cpython
2022-12-27T03:02:47.2958620Z       copying Cython/Includes/cpython/pythread.pxd -> build/lib.macosx-11.0-arm64-cpython-39/Cython/Includes/cpython
2022-12-27T03:02:47.2959160Z       copying Cython/Includes/cpython/instance.pxd -> build/lib.macosx-11.0-arm64-cpython-39/Cython/Includes/cpython
2022-12-27T03:02:47.2959690Z       copying Cython/Includes/cpython/unicode.pxd -> build/lib.macosx-11.0-arm64-cpython-39/Cython/Includes/cpython
2022-12-27T03:02:47.2960220Z       copying Cython/Includes/cpython/number.pxd -> build/lib.macosx-11.0-arm64-cpython-39/Cython/Includes/cpython
2022-12-27T03:02:47.2960740Z       copying Cython/Includes/cpython/type.pxd -> build/lib.macosx-11.0-arm64-cpython-39/Cython/Includes/cpython
2022-12-27T03:02:47.2961260Z       copying Cython/Includes/cpython/bool.pxd -> build/lib.macosx-11.0-arm64-cpython-39/Cython/Includes/cpython
2022-12-27T03:02:47.2961720Z       creating build/lib.macosx-11.0-arm64-cpython-39/Cython/Includes/libcpp
2022-12-27T03:02:47.2962230Z       copying Cython/Includes/libcpp/unordered_set.pxd -> build/lib.macosx-11.0-arm64-cpython-39/Cython/Includes/libcpp
2022-12-27T03:02:47.2962750Z       copying Cython/Includes/libcpp/memory.pxd -> build/lib.macosx-11.0-arm64-cpython-39/Cython/Includes/libcpp
2022-12-27T03:02:47.2963280Z       copying Cython/Includes/libcpp/iterator.pxd -> build/lib.macosx-11.0-arm64-cpython-39/Cython/Includes/libcpp
2022-12-27T03:02:47.2963810Z       copying Cython/Includes/libcpp/set.pxd -> build/lib.macosx-11.0-arm64-cpython-39/Cython/Includes/libcpp
2022-12-27T03:02:47.2964330Z       copying Cython/Includes/libcpp/__init__.pxd -> build/lib.macosx-11.0-arm64-cpython-39/Cython/Includes/libcpp
2022-12-27T03:02:47.2964840Z       copying Cython/Includes/libcpp/limits.pxd -> build/lib.macosx-11.0-arm64-cpython-39/Cython/Includes/libcpp
2022-12-27T03:02:47.2965550Z       copying Cython/Includes/libcpp/deque.pxd -> build/lib.macosx-11.0-arm64-cpython-39/Cython/Includes/libcpp
2022-12-27T03:02:47.2966130Z       copying Cython/Includes/libcpp/stack.pxd -> build/lib.macosx-11.0-arm64-cpython-39/Cython/Includes/libcpp
2022-12-27T03:02:47.2966650Z       copying Cython/Includes/libcpp/string.pxd -> build/lib.macosx-11.0-arm64-cpython-39/Cython/Includes/libcpp
2022-12-27T03:02:47.2967160Z       copying Cython/Includes/libcpp/typeindex.pxd -> build/lib.macosx-11.0-arm64-cpython-39/Cython/Includes/libcpp
2022-12-27T03:02:47.2967700Z       copying Cython/Includes/libcpp/map.pxd -> build/lib.macosx-11.0-arm64-cpython-39/Cython/Includes/libcpp
2022-12-27T03:02:47.2968220Z       copying Cython/Includes/libcpp/complex.pxd -> build/lib.macosx-11.0-arm64-cpython-39/Cython/Includes/libcpp
2022-12-27T03:02:47.2968750Z       copying Cython/Includes/libcpp/vector.pxd -> build/lib.macosx-11.0-arm64-cpython-39/Cython/Includes/libcpp
2022-12-27T03:02:47.2969290Z       copying Cython/Includes/libcpp/functional.pxd -> build/lib.macosx-11.0-arm64-cpython-39/Cython/Includes/libcpp
2022-12-27T03:02:47.2969830Z       copying Cython/Includes/libcpp/algorithm.pxd -> build/lib.macosx-11.0-arm64-cpython-39/Cython/Includes/libcpp
2022-12-27T03:02:47.2970430Z       copying Cython/Includes/libcpp/list.pxd -> build/lib.macosx-11.0-arm64-cpython-39/Cython/Includes/libcpp
2022-12-27T03:02:47.2970940Z       copying Cython/Includes/libcpp/queue.pxd -> build/lib.macosx-11.0-arm64-cpython-39/Cython/Includes/libcpp
2022-12-27T03:02:47.2971470Z       copying Cython/Includes/libcpp/unordered_map.pxd -> build/lib.macosx-11.0-arm64-cpython-39/Cython/Includes/libcpp
2022-12-27T03:02:47.2972000Z       copying Cython/Includes/libcpp/cast.pxd -> build/lib.macosx-11.0-arm64-cpython-39/Cython/Includes/libcpp
2022-12-27T03:02:47.2972520Z       copying Cython/Includes/libcpp/typeinfo.pxd -> build/lib.macosx-11.0-arm64-cpython-39/Cython/Includes/libcpp
2022-12-27T03:02:47.2973510Z       copying Cython/Includes/libcpp/pair.pxd -> build/lib.macosx-11.0-arm64-cpython-39/Cython/Includes/libcpp
2022-12-27T03:02:47.2974090Z       copying Cython/Includes/libcpp/utility.pxd -> build/lib.macosx-11.0-arm64-cpython-39/Cython/Includes/libcpp
2022-12-27T03:02:47.2974560Z       creating build/lib.macosx-11.0-arm64-cpython-39/Cython/Includes/Deprecated
2022-12-27T03:02:47.2975090Z       copying Cython/Includes/Deprecated/python_number.pxd -> build/lib.macosx-11.0-arm64-cpython-39/Cython/Includes/Deprecated
2022-12-27T03:02:47.2975670Z       copying Cython/Includes/Deprecated/python_unicode.pxd -> build/lib.macosx-11.0-arm64-cpython-39/Cython/Includes/Deprecated
2022-12-27T03:02:47.2976240Z       copying Cython/Includes/Deprecated/python_dict.pxd -> build/lib.macosx-11.0-arm64-cpython-39/Cython/Includes/Deprecated
2022-12-27T03:02:47.2976800Z       copying Cython/Includes/Deprecated/python_mem.pxd -> build/lib.macosx-11.0-arm64-cpython-39/Cython/Includes/Deprecated
2022-12-27T03:02:47.2977380Z       copying Cython/Includes/Deprecated/stl.pxd -> build/lib.macosx-11.0-arm64-cpython-39/Cython/Includes/Deprecated
2022-12-27T03:02:47.2977930Z       copying Cython/Includes/Deprecated/python2.5.pxd -> build/lib.macosx-11.0-arm64-cpython-39/Cython/Includes/Deprecated
2022-12-27T03:02:47.2978500Z       copying Cython/Includes/Deprecated/python_method.pxd -> build/lib.macosx-11.0-arm64-cpython-39/Cython/Includes/Deprecated
2022-12-27T03:02:47.2979090Z       copying Cython/Includes/Deprecated/python_pycapsule.pxd -> build/lib.macosx-11.0-arm64-cpython-39/Cython/Includes/Deprecated
2022-12-27T03:02:47.2979690Z       copying Cython/Includes/Deprecated/python_oldbuffer.pxd -> build/lib.macosx-11.0-arm64-cpython-39/Cython/Includes/Deprecated
2022-12-27T03:02:47.2980260Z       copying Cython/Includes/Deprecated/python_complex.pxd -> build/lib.macosx-11.0-arm64-cpython-39/Cython/Includes/Deprecated
2022-12-27T03:02:47.2980830Z       copying Cython/Includes/Deprecated/python_bytes.pxd -> build/lib.macosx-11.0-arm64-cpython-39/Cython/Includes/Deprecated
2022-12-27T03:02:47.2981620Z       copying Cython/Includes/Deprecated/python_iterator.pxd -> build/lib.macosx-11.0-arm64-cpython-39/Cython/Includes/Deprecated
2022-12-27T03:02:47.2982260Z       copying Cython/Includes/Deprecated/python_long.pxd -> build/lib.macosx-11.0-arm64-cpython-39/Cython/Includes/Deprecated
2022-12-27T03:02:47.2982810Z       copying Cython/Includes/Deprecated/stdio.pxd -> build/lib.macosx-11.0-arm64-cpython-39/Cython/Includes/Deprecated
2022-12-27T03:02:47.2983370Z       copying Cython/Includes/Deprecated/stdlib.pxd -> build/lib.macosx-11.0-arm64-cpython-39/Cython/Includes/Deprecated
2022-12-27T03:02:47.2983930Z       copying Cython/Includes/Deprecated/python_float.pxd -> build/lib.macosx-11.0-arm64-cpython-39/Cython/Includes/Deprecated
2022-12-27T03:02:47.2984510Z       copying Cython/Includes/Deprecated/python_buffer.pxd -> build/lib.macosx-11.0-arm64-cpython-39/Cython/Includes/Deprecated
2022-12-27T03:02:47.2985080Z       copying Cython/Includes/Deprecated/python_mapping.pxd -> build/lib.macosx-11.0-arm64-cpython-39/Cython/Includes/Deprecated
2022-12-27T03:02:47.2985670Z       copying Cython/Includes/Deprecated/python_instance.pxd -> build/lib.macosx-11.0-arm64-cpython-39/Cython/Includes/Deprecated
2022-12-27T03:02:47.2986250Z       copying Cython/Includes/Deprecated/python_int.pxd -> build/lib.macosx-11.0-arm64-cpython-39/Cython/Includes/Deprecated
2022-12-27T03:02:47.2986820Z       copying Cython/Includes/Deprecated/python_exc.pxd -> build/lib.macosx-11.0-arm64-cpython-39/Cython/Includes/Deprecated
2022-12-27T03:02:47.2987380Z       copying Cython/Includes/Deprecated/python_string.pxd -> build/lib.macosx-11.0-arm64-cpython-39/Cython/Includes/Deprecated
2022-12-27T03:02:47.2987950Z       copying Cython/Includes/Deprecated/python_object.pxd -> build/lib.macosx-11.0-arm64-cpython-39/Cython/Includes/Deprecated
2022-12-27T03:02:47.2988520Z       copying Cython/Includes/Deprecated/python_bool.pxd -> build/lib.macosx-11.0-arm64-cpython-39/Cython/Includes/Deprecated
2022-12-27T03:02:47.2989410Z       copying Cython/Includes/Deprecated/python_module.pxd -> build/lib.macosx-11.0-arm64-cpython-39/Cython/Includes/Deprecated
2022-12-27T03:02:47.2990040Z       copying Cython/Includes/Deprecated/python_set.pxd -> build/lib.macosx-11.0-arm64-cpython-39/Cython/Includes/Deprecated
2022-12-27T03:02:47.2990620Z       copying Cython/Includes/Deprecated/python_getargs.pxd -> build/lib.macosx-11.0-arm64-cpython-39/Cython/Includes/Deprecated
2022-12-27T03:02:47.2991190Z       copying Cython/Includes/Deprecated/python_type.pxd -> build/lib.macosx-11.0-arm64-cpython-39/Cython/Includes/Deprecated
2022-12-27T03:02:47.2991770Z       copying Cython/Includes/Deprecated/python_version.pxd -> build/lib.macosx-11.0-arm64-cpython-39/Cython/Includes/Deprecated
2022-12-27T03:02:47.2992330Z       copying Cython/Includes/Deprecated/python_tuple.pxd -> build/lib.macosx-11.0-arm64-cpython-39/Cython/Includes/Deprecated
2022-12-27T03:02:47.2992920Z       copying Cython/Includes/Deprecated/python_weakref.pxd -> build/lib.macosx-11.0-arm64-cpython-39/Cython/Includes/Deprecated
2022-12-27T03:02:47.2993490Z       copying Cython/Includes/Deprecated/python_ref.pxd -> build/lib.macosx-11.0-arm64-cpython-39/Cython/Includes/Deprecated
2022-12-27T03:02:47.2994070Z       copying Cython/Includes/Deprecated/python_cobject.pxd -> build/lib.macosx-11.0-arm64-cpython-39/Cython/Includes/Deprecated
2022-12-27T03:02:47.2994640Z       copying Cython/Includes/Deprecated/python_function.pxd -> build/lib.macosx-11.0-arm64-cpython-39/Cython/Includes/Deprecated
2022-12-27T03:02:47.2995220Z       copying Cython/Includes/Deprecated/python_sequence.pxd -> build/lib.macosx-11.0-arm64-cpython-39/Cython/Includes/Deprecated
2022-12-27T03:02:47.2995790Z       copying Cython/Includes/Deprecated/python.pxd -> build/lib.macosx-11.0-arm64-cpython-39/Cython/Includes/Deprecated
2022-12-27T03:02:47.2996360Z       copying Cython/Includes/Deprecated/python_list.pxd -> build/lib.macosx-11.0-arm64-cpython-39/Cython/Includes/Deprecated
2022-12-27T03:02:47.2997140Z       copying Cython/Compiler/ParseTreeTransforms.pxd -> build/lib.macosx-11.0-arm64-cpython-39/Cython/Compiler
2022-12-27T03:02:47.2997750Z       copying Cython/Compiler/Scanning.pxd -> build/lib.macosx-11.0-arm64-cpython-39/Cython/Compiler
2022-12-27T03:02:47.2998250Z       copying Cython/Compiler/Parsing.pxd -> build/lib.macosx-11.0-arm64-cpython-39/Cython/Compiler
2022-12-27T03:02:47.2998750Z       copying Cython/Compiler/FlowControl.pxd -> build/lib.macosx-11.0-arm64-cpython-39/Cython/Compiler
2022-12-27T03:02:47.2999240Z       copying Cython/Compiler/Code.pxd -> build/lib.macosx-11.0-arm64-cpython-39/Cython/Compiler
2022-12-27T03:02:47.2999730Z       copying Cython/Compiler/Visitor.pxd -> build/lib.macosx-11.0-arm64-cpython-39/Cython/Compiler
2022-12-27T03:02:47.3005020Z       copying Cython/Runtime/refnanny.pyx -> build/lib.macosx-11.0-arm64-cpython-39/Cython/Runtime
2022-12-27T03:02:47.3005640Z       copying Cython/Debugger/Tests/codefile -> build/lib.macosx-11.0-arm64-cpython-39/Cython/Debugger/Tests
2022-12-27T03:02:47.3006210Z       copying Cython/Debugger/Tests/cfuncs.c -> build/lib.macosx-11.0-arm64-cpython-39/Cython/Debugger/Tests
2022-12-27T03:02:47.3006740Z       copying Cython/Plex/Scanners.pxd -> build/lib.macosx-11.0-arm64-cpython-39/Cython/Plex
2022-12-27T03:02:47.3007260Z       copying Cython/Plex/Actions.pxd -> build/lib.macosx-11.0-arm64-cpython-39/Cython/Plex
2022-12-27T03:02:47.3007790Z       copying Cython/Utility/CpdefEnums.pyx -> build/lib.macosx-11.0-arm64-cpython-39/Cython/Utility
2022-12-27T03:02:47.3008340Z       copying Cython/Utility/TestCyUtilityLoader.pyx -> build/lib.macosx-11.0-arm64-cpython-39/Cython/Utility
2022-12-27T03:02:47.3008890Z       copying Cython/Utility/CppConvert.pyx -> build/lib.macosx-11.0-arm64-cpython-39/Cython/Utility
2022-12-27T03:02:47.3009440Z       copying Cython/Utility/TestCythonScope.pyx -> build/lib.macosx-11.0-arm64-cpython-39/Cython/Utility
2022-12-27T03:02:47.3010700Z       copying Cython/Utility/MemoryView.pyx -> build/lib.macosx-11.0-arm64-cpython-39/Cython/Utility
2022-12-27T03:02:47.3011210Z       copying Cython/Utility/CConvert.pyx -> build/lib.macosx-11.0-arm64-cpython-39/Cython/Utility
2022-12-27T03:02:47.3011710Z       copying Cython/Utility/ObjectHandling.c -> build/lib.macosx-11.0-arm64-cpython-39/Cython/Utility
2022-12-27T03:02:47.3012180Z       copying Cython/Utility/Buffer.c -> build/lib.macosx-11.0-arm64-cpython-39/Cython/Utility
2022-12-27T03:02:47.3012650Z       copying Cython/Utility/Builtins.c -> build/lib.macosx-11.0-arm64-cpython-39/Cython/Utility
2022-12-27T03:02:47.3013130Z       copying Cython/Utility/Overflow.c -> build/lib.macosx-11.0-arm64-cpython-39/Cython/Utility
2022-12-27T03:02:47.3013600Z       copying Cython/Utility/Capsule.c -> build/lib.macosx-11.0-arm64-cpython-39/Cython/Utility
2022-12-27T03:02:47.3014100Z       copying Cython/Utility/FunctionArguments.c -> build/lib.macosx-11.0-arm64-cpython-39/Cython/Utility
2022-12-27T03:02:47.3014600Z       copying Cython/Utility/TestUtilityLoader.c -> build/lib.macosx-11.0-arm64-cpython-39/Cython/Utility
2022-12-27T03:02:47.3015100Z       copying Cython/Utility/MemoryView_C.c -> build/lib.macosx-11.0-arm64-cpython-39/Cython/Utility
2022-12-27T03:02:47.3015590Z       copying Cython/Utility/Printing.c -> build/lib.macosx-11.0-arm64-cpython-39/Cython/Utility
2022-12-27T03:02:47.3016080Z       copying Cython/Utility/CythonFunction.c -> build/lib.macosx-11.0-arm64-cpython-39/Cython/Utility
2022-12-27T03:02:47.3016550Z       copying Cython/Utility/Complex.c -> build/lib.macosx-11.0-arm64-cpython-39/Cython/Utility
2022-12-27T03:02:47.3017030Z       copying Cython/Utility/StringTools.c -> build/lib.macosx-11.0-arm64-cpython-39/Cython/Utility
2022-12-27T03:02:47.3017530Z       copying Cython/Utility/ImportExport.c -> build/lib.macosx-11.0-arm64-cpython-39/Cython/Utility
2022-12-27T03:02:47.3017990Z       copying Cython/Utility/CMath.c -> build/lib.macosx-11.0-arm64-cpython-39/Cython/Utility
2022-12-27T03:02:47.3018490Z       copying Cython/Utility/CommonStructures.c -> build/lib.macosx-11.0-arm64-cpython-39/Cython/Utility
2022-12-27T03:02:47.3019230Z       copying Cython/Utility/Embed.c -> build/lib.macosx-11.0-arm64-cpython-39/Cython/Utility
2022-12-27T03:02:47.3019790Z       copying Cython/Utility/ExtensionTypes.c -> build/lib.macosx-11.0-arm64-cpython-39/Cython/Utility
2022-12-27T03:02:47.3020270Z       copying Cython/Utility/Optimize.c -> build/lib.macosx-11.0-arm64-cpython-39/Cython/Utility
2022-12-27T03:02:47.3020770Z       copying Cython/Utility/ModuleSetupCode.c -> build/lib.macosx-11.0-arm64-cpython-39/Cython/Utility
2022-12-27T03:02:47.3021250Z       copying Cython/Utility/Profile.c -> build/lib.macosx-11.0-arm64-cpython-39/Cython/Utility
2022-12-27T03:02:47.3021740Z       copying Cython/Utility/Exceptions.c -> build/lib.macosx-11.0-arm64-cpython-39/Cython/Utility
2022-12-27T03:02:47.3022210Z       copying Cython/Utility/AsyncGen.c -> build/lib.macosx-11.0-arm64-cpython-39/Cython/Utility
2022-12-27T03:02:47.3022710Z       copying Cython/Utility/TypeConversion.c -> build/lib.macosx-11.0-arm64-cpython-39/Cython/Utility
2022-12-27T03:02:47.3023190Z       copying Cython/Utility/Coroutine.c -> build/lib.macosx-11.0-arm64-cpython-39/Cython/Utility
2022-12-27T03:02:47.3023670Z       copying Cython/Utility/arrayarray.h -> build/lib.macosx-11.0-arm64-cpython-39/Cython/Utility
2022-12-27T03:02:47.3024170Z       copying Cython/Utility/CppSupport.cpp -> build/lib.macosx-11.0-arm64-cpython-39/Cython/Utility
2022-12-27T03:02:47.3024470Z       running build_ext
2022-12-27T03:02:47.3024780Z       building 'Cython.Plex.Scanners' extension
2022-12-27T03:02:47.3025200Z       creating build/temp.macosx-11.0-arm64-cpython-39
2022-12-27T03:02:47.3025630Z       creating build/temp.macosx-11.0-arm64-cpython-39/private
2022-12-27T03:02:47.3026030Z       creating build/temp.macosx-11.0-arm64-cpython-39/private/var
2022-12-27T03:02:47.3026430Z       creating build/temp.macosx-11.0-arm64-cpython-39/private/var/folders
2022-12-27T03:02:47.3027140Z       creating build/temp.macosx-11.0-arm64-cpython-39/private/var/folders/51
2022-12-27T03:02:47.3027640Z       creating build/temp.macosx-11.0-arm64-cpython-39/private/var/folders/51/hd414ycd67n82196sw51xqtc0000gn
2022-12-27T03:02:47.3028170Z       creating build/temp.macosx-11.0-arm64-cpython-39/private/var/folders/51/hd414ycd67n82196sw51xqtc0000gn/T
2022-12-27T03:02:47.3028730Z       creating build/temp.macosx-11.0-arm64-cpython-39/private/var/folders/51/hd414ycd67n82196sw51xqtc0000gn/T/pip-install-rgdx73yy
2022-12-27T03:02:47.3029400Z       creating build/temp.macosx-11.0-arm64-cpython-39/private/var/folders/51/hd414ycd67n82196sw51xqtc0000gn/T/pip-install-rgdx73yy/cython_1fe4768dc1b840e6bbbacb23467237c8
2022-12-27T03:02:47.3030180Z       creating build/temp.macosx-11.0-arm64-cpython-39/private/var/folders/51/hd414ycd67n82196sw51xqtc0000gn/T/pip-install-rgdx73yy/cython_1fe4768dc1b840e6bbbacb23467237c8/Cython
2022-12-27T03:02:47.3030910Z       creating build/temp.macosx-11.0-arm64-cpython-39/private/var/folders/51/hd414ycd67n82196sw51xqtc0000gn/T/pip-install-rgdx73yy/cython_1fe4768dc1b840e6bbbacb23467237c8/Cython/Plex
2022-12-27T03:02:47.3032550Z       gcc -Wno-unused-result -Wsign-compare -Wunreachable-code -fno-common -dynamic -DNDEBUG -g -fwrapv -O3 -Wall -g -I/usr/local/opt/openssl@3/include -I/usr/local/opt/openssl@3/include -arch arm64 -I/private/var/folders/51/hd414ycd67n82196sw51xqtc0000gn/T/cibw-run-y9rvr6vb/cp39-macosx_arm64/build/venv/include -I/Library/Frameworks/Python.framework/Versions/3.9/include/python3.9 -c /private/var/folders/51/hd414ycd67n82196sw51xqtc0000gn/T/pip-install-rgdx73yy/cython_1fe4768dc1b840e6bbbacb23467237c8/Cython/Plex/Scanners.c -o build/temp.macosx-11.0-arm64-cpython-39/private/var/folders/51/hd414ycd67n82196sw51xqtc0000gn/T/pip-install-rgdx73yy/cython_1fe4768dc1b840e6bbbacb23467237c8/Cython/Plex/Scanners.o
2022-12-27T03:02:47.3034070Z       /private/var/folders/51/hd414ycd67n82196sw51xqtc0000gn/T/pip-install-rgdx73yy/cython_1fe4768dc1b840e6bbbacb23467237c8/Cython/Plex/Scanners.c:3495:51: warning: '_PyUnicode_get_wstr_length' is deprecated [-Wdeprecated-declarations]
2022-12-27T03:02:47.3034930Z                 __pyx_t_8 = (__pyx_v_data != Py_None)&&(__Pyx_PyUnicode_IS_TRUE(__pyx_v_data) != 0);
2022-12-27T03:02:47.3035240Z                                                         ^
2022-12-27T03:02:47.3035850Z       /private/var/folders/51/hd414ycd67n82196sw51xqtc0000gn/T/pip-install-rgdx73yy/cython_1fe4768dc1b840e6bbbacb23467237c8/Cython/Plex/Scanners.c:422:108: note: expanded from macro '__Pyx_PyUnicode_IS_TRUE'
2022-12-27T03:02:47.3036360Z         #define __Pyx_PyUnicode_IS_TRUE(u)      (0 != (likely(PyUnicode_IS_READY(u)) ? PyUnicode_GET_LENGTH(u) : PyUnicode_GET_SIZE(u)))
2022-12-27T03:02:47.3036700Z                                                                                                                  ^
2022-12-27T03:02:47.3037200Z       /Library/Frameworks/Python.framework/Versions/3.9/include/python3.9/cpython/unicodeobject.h:261:7: note: expanded from macro 'PyUnicode_GET_SIZE'
2022-12-27T03:02:47.3037610Z             PyUnicode_WSTR_LENGTH(op) :                    \
2022-12-27T03:02:47.3037850Z             ^
2022-12-27T03:02:47.3038360Z       /Library/Frameworks/Python.framework/Versions/3.9/include/python3.9/cpython/unicodeobject.h:451:35: note: expanded from macro 'PyUnicode_WSTR_LENGTH'
2022-12-27T03:02:47.3038800Z       #define PyUnicode_WSTR_LENGTH(op) _PyUnicode_get_wstr_length((PyObject*)op)
2022-12-27T03:02:47.3039090Z                                         ^
2022-12-27T03:02:47.3039660Z       /Library/Frameworks/Python.framework/Versions/3.9/include/python3.9/cpython/unicodeobject.h:445:1: note: '_PyUnicode_get_wstr_length' has been explicitly marked deprecated here
2022-12-27T03:02:47.3040060Z       Py_DEPRECATED(3.3)
2022-12-27T03:02:47.3040260Z       ^
2022-12-27T03:02:47.3040720Z       /Library/Frameworks/Python.framework/Versions/3.9/include/python3.9/pyport.h:508:54: note: expanded from macro 'Py_DEPRECATED'
2022-12-27T03:02:47.3041370Z       #define Py_DEPRECATED(VERSION_UNUSED) __attribute__((__deprecated__))
2022-12-27T03:02:47.3041660Z                                                            ^
2022-12-27T03:02:47.3042360Z       /private/var/folders/51/hd414ycd67n82196sw51xqtc0000gn/T/pip-install-rgdx73yy/cython_1fe4768dc1b840e6bbbacb23467237c8/Cython/Plex/Scanners.c:3495:51: warning: 'PyUnicode_AsUnicode' is deprecated [-Wdeprecated-declarations]
2022-12-27T03:02:47.3042890Z                 __pyx_t_8 = (__pyx_v_data != Py_None)&&(__Pyx_PyUnicode_IS_TRUE(__pyx_v_data) != 0);
2022-12-27T03:02:47.3043190Z                                                         ^
2022-12-27T03:02:47.3043800Z       /private/var/folders/51/hd414ycd67n82196sw51xqtc0000gn/T/pip-install-rgdx73yy/cython_1fe4768dc1b840e6bbbacb23467237c8/Cython/Plex/Scanners.c:422:108: note: expanded from macro '__Pyx_PyUnicode_IS_TRUE'
2022-12-27T03:02:47.3044340Z         #define __Pyx_PyUnicode_IS_TRUE(u)      (0 != (likely(PyUnicode_IS_READY(u)) ? PyUnicode_GET_LENGTH(u) : PyUnicode_GET_SIZE(u)))
2022-12-27T03:02:47.3044710Z                                                                                                                  ^
2022-12-27T03:02:47.3045260Z       /Library/Frameworks/Python.framework/Versions/3.9/include/python3.9/cpython/unicodeobject.h:262:14: note: expanded from macro 'PyUnicode_GET_SIZE'
2022-12-27T03:02:47.3045670Z             ((void)PyUnicode_AsUnicode(_PyObject_CAST(op)),\
2022-12-27T03:02:47.3045920Z                    ^
2022-12-27T03:02:47.3046470Z       /Library/Frameworks/Python.framework/Versions/3.9/include/python3.9/cpython/unicodeobject.h:580:1: note: 'PyUnicode_AsUnicode' has been explicitly marked deprecated here
2022-12-27T03:02:47.3046920Z       Py_DEPRECATED(3.3) PyAPI_FUNC(Py_UNICODE *) PyUnicode_AsUnicode(
2022-12-27T03:02:47.3047170Z       ^
2022-12-27T03:02:47.3047640Z       /Library/Frameworks/Python.framework/Versions/3.9/include/python3.9/pyport.h:508:54: note: expanded from macro 'Py_DEPRECATED'
2022-12-27T03:02:47.3048050Z       #define Py_DEPRECATED(VERSION_UNUSED) __attribute__((__deprecated__))
2022-12-27T03:02:47.3048340Z                                                            ^
2022-12-27T03:02:47.3049200Z       /private/var/folders/51/hd414ycd67n82196sw51xqtc0000gn/T/pip-install-rgdx73yy/cython_1fe4768dc1b840e6bbbacb23467237c8/Cython/Plex/Scanners.c:3495:51: warning: '_PyUnicode_get_wstr_length' is deprecated [-Wdeprecated-declarations]
2022-12-27T03:02:47.3049780Z                 __pyx_t_8 = (__pyx_v_data != Py_None)&&(__Pyx_PyUnicode_IS_TRUE(__pyx_v_data) != 0);
2022-12-27T03:02:47.3050150Z                                                         ^
2022-12-27T03:02:47.3050790Z       /private/var/folders/51/hd414ycd67n82196sw51xqtc0000gn/T/pip-install-rgdx73yy/cython_1fe4768dc1b840e6bbbacb23467237c8/Cython/Plex/Scanners.c:422:108: note: expanded from macro '__Pyx_PyUnicode_IS_TRUE'
2022-12-27T03:02:47.3051320Z         #define __Pyx_PyUnicode_IS_TRUE(u)      (0 != (likely(PyUnicode_IS_READY(u)) ? PyUnicode_GET_LENGTH(u) : PyUnicode_GET_SIZE(u)))
2022-12-27T03:02:47.3051690Z                                                                                                                  ^
2022-12-27T03:02:47.3052240Z       /Library/Frameworks/Python.framework/Versions/3.9/include/python3.9/cpython/unicodeobject.h:264:8: note: expanded from macro 'PyUnicode_GET_SIZE'
2022-12-27T03:02:47.3052610Z              PyUnicode_WSTR_LENGTH(op)))
2022-12-27T03:02:47.3052830Z              ^
2022-12-27T03:02:47.3053340Z       /Library/Frameworks/Python.framework/Versions/3.9/include/python3.9/cpython/unicodeobject.h:451:35: note: expanded from macro 'PyUnicode_WSTR_LENGTH'
2022-12-27T03:02:47.3053780Z       #define PyUnicode_WSTR_LENGTH(op) _PyUnicode_get_wstr_length((PyObject*)op)
2022-12-27T03:02:47.3054060Z                                         ^
2022-12-27T03:02:47.3054620Z       /Library/Frameworks/Python.framework/Versions/3.9/include/python3.9/cpython/unicodeobject.h:445:1: note: '_PyUnicode_get_wstr_length' has been explicitly marked deprecated here
2022-12-27T03:02:47.3055250Z       Py_DEPRECATED(3.3)
2022-12-27T03:02:47.3055450Z       ^
2022-12-27T03:02:47.3055930Z       /Library/Frameworks/Python.framework/Versions/3.9/include/python3.9/pyport.h:508:54: note: expanded from macro 'Py_DEPRECATED'
2022-12-27T03:02:47.3056340Z       #define Py_DEPRECATED(VERSION_UNUSED) __attribute__((__deprecated__))
2022-12-27T03:02:47.3056640Z                                                            ^
2022-12-27T03:02:47.3057250Z       /private/var/folders/51/hd414ycd67n82196sw51xqtc0000gn/T/pip-install-rgdx73yy/cython_1fe4768dc1b840e6bbbacb23467237c8/Cython/Plex/Scanners.c:8518:46: error: no member named 'tp_print' in 'struct _typeobject'
2022-12-27T03:02:47.3057720Z         __pyx_type_6Cython_4Plex_8Scanners_Scanner.tp_print = 0;
2022-12-27T03:02:47.3057990Z         ~~~~~~~~~~~~~~~~~~~~~~~~~~~~~~~~~~~~~~~~~~ ^
2022-12-27T03:02:47.3058660Z       /private/var/folders/51/hd414ycd67n82196sw51xqtc0000gn/T/pip-install-rgdx73yy/cython_1fe4768dc1b840e6bbbacb23467237c8/Cython/Plex/Scanners.c:9075:22: warning: '_PyUnicode_get_wstr_length' is deprecated [-Wdeprecated-declarations]
2022-12-27T03:02:47.3059180Z                           (PyUnicode_GET_SIZE(**name) != PyUnicode_GET_SIZE(key)) ? 1 :
2022-12-27T03:02:47.3059440Z                            ^
2022-12-27T03:02:47.3059950Z       /Library/Frameworks/Python.framework/Versions/3.9/include/python3.9/cpython/unicodeobject.h:261:7: note: expanded from macro 'PyUnicode_GET_SIZE'
2022-12-27T03:02:47.3060350Z             PyUnicode_WSTR_LENGTH(op) :                    \
2022-12-27T03:02:47.3060560Z             ^
2022-12-27T03:02:47.3061070Z       /Library/Frameworks/Python.framework/Versions/3.9/include/python3.9/cpython/unicodeobject.h:451:35: note: expanded from macro 'PyUnicode_WSTR_LENGTH'
2022-12-27T03:02:47.3061510Z       #define PyUnicode_WSTR_LENGTH(op) _PyUnicode_get_wstr_length((PyObject*)op)
2022-12-27T03:02:47.3061790Z                                         ^
2022-12-27T03:02:47.3062360Z       /Library/Frameworks/Python.framework/Versions/3.9/include/python3.9/cpython/unicodeobject.h:445:1: note: '_PyUnicode_get_wstr_length' has been explicitly marked deprecated here
2022-12-27T03:02:47.3062950Z       Py_DEPRECATED(3.3)
2022-12-27T03:02:47.3063180Z       ^
2022-12-27T03:02:47.3063660Z       /Library/Frameworks/Python.framework/Versions/3.9/include/python3.9/pyport.h:508:54: note: expanded from macro 'Py_DEPRECATED'
2022-12-27T03:02:47.3064070Z       #define Py_DEPRECATED(VERSION_UNUSED) __attribute__((__deprecated__))
2022-12-27T03:02:47.3064370Z                                                            ^
2022-12-27T03:02:47.3065040Z       /private/var/folders/51/hd414ycd67n82196sw51xqtc0000gn/T/pip-install-rgdx73yy/cython_1fe4768dc1b840e6bbbacb23467237c8/Cython/Plex/Scanners.c:9075:22: warning: 'PyUnicode_AsUnicode' is deprecated [-Wdeprecated-declarations]
2022-12-27T03:02:47.3065550Z                           (PyUnicode_GET_SIZE(**name) != PyUnicode_GET_SIZE(key)) ? 1 :
2022-12-27T03:02:47.3065820Z                            ^
2022-12-27T03:02:47.3066340Z       /Library/Frameworks/Python.framework/Versions/3.9/include/python3.9/cpython/unicodeobject.h:262:14: note: expanded from macro 'PyUnicode_GET_SIZE'
2022-12-27T03:02:47.3066750Z             ((void)PyUnicode_AsUnicode(_PyObject_CAST(op)),\
2022-12-27T03:02:47.3066990Z                    ^
2022-12-27T03:02:47.3067530Z       /Library/Frameworks/Python.framework/Versions/3.9/include/python3.9/cpython/unicodeobject.h:580:1: note: 'PyUnicode_AsUnicode' has been explicitly marked deprecated here
2022-12-27T03:02:47.3067990Z       Py_DEPRECATED(3.3) PyAPI_FUNC(Py_UNICODE *) PyUnicode_AsUnicode(
2022-12-27T03:02:47.3068240Z       ^
2022-12-27T03:02:47.3068700Z       /Library/Frameworks/Python.framework/Versions/3.9/include/python3.9/pyport.h:508:54: note: expanded from macro 'Py_DEPRECATED'
2022-12-27T03:02:47.3069120Z       #define Py_DEPRECATED(VERSION_UNUSED) __attribute__((__deprecated__))
2022-12-27T03:02:47.3069450Z                                                            ^
2022-12-27T03:02:47.3070670Z       /private/var/folders/51/hd414ycd67n82196sw51xqtc0000gn/T/pip-install-rgdx73yy/cython_1fe4768dc1b840e6bbbacb23467237c8/Cython/Plex/Scanners.c:9075:22: warning: '_PyUnicode_get_wstr_length' is deprecated [-Wdeprecated-declarations]
2022-12-27T03:02:47.3071200Z                           (PyUnicode_GET_SIZE(**name) != PyUnicode_GET_SIZE(key)) ? 1 :
2022-12-27T03:02:47.3071460Z                            ^
2022-12-27T03:02:47.3071960Z       /Library/Frameworks/Python.framework/Versions/3.9/include/python3.9/cpython/unicodeobject.h:264:8: note: expanded from macro 'PyUnicode_GET_SIZE'
2022-12-27T03:02:47.3072350Z              PyUnicode_WSTR_LENGTH(op)))
2022-12-27T03:02:47.3072570Z              ^
2022-12-27T03:02:47.3073070Z       /Library/Frameworks/Python.framework/Versions/3.9/include/python3.9/cpython/unicodeobject.h:451:35: note: expanded from macro 'PyUnicode_WSTR_LENGTH'
2022-12-27T03:02:47.3073520Z       #define PyUnicode_WSTR_LENGTH(op) _PyUnicode_get_wstr_length((PyObject*)op)
2022-12-27T03:02:47.3073820Z                                         ^
2022-12-27T03:02:47.3074390Z       /Library/Frameworks/Python.framework/Versions/3.9/include/python3.9/cpython/unicodeobject.h:445:1: note: '_PyUnicode_get_wstr_length' has been explicitly marked deprecated here
2022-12-27T03:02:47.3074780Z       Py_DEPRECATED(3.3)
2022-12-27T03:02:47.3074980Z       ^
2022-12-27T03:02:47.3075440Z       /Library/Frameworks/Python.framework/Versions/3.9/include/python3.9/pyport.h:508:54: note: expanded from macro 'Py_DEPRECATED'
2022-12-27T03:02:47.3075840Z       #define Py_DEPRECATED(VERSION_UNUSED) __attribute__((__deprecated__))
2022-12-27T03:02:47.3076120Z                                                            ^
2022-12-27T03:02:47.3076790Z       /private/var/folders/51/hd414ycd67n82196sw51xqtc0000gn/T/pip-install-rgdx73yy/cython_1fe4768dc1b840e6bbbacb23467237c8/Cython/Plex/Scanners.c:9075:52: warning: '_PyUnicode_get_wstr_length' is deprecated [-Wdeprecated-declarations]
2022-12-27T03:02:47.3077310Z                           (PyUnicode_GET_SIZE(**name) != PyUnicode_GET_SIZE(key)) ? 1 :
2022-12-27T03:02:47.3077840Z                                                          ^
2022-12-27T03:02:47.3078420Z       /Library/Frameworks/Python.framework/Versions/3.9/include/python3.9/cpython/unicodeobject.h:261:7: note: expanded from macro 'PyUnicode_GET_SIZE'
2022-12-27T03:02:47.3078830Z             PyUnicode_WSTR_LENGTH(op) :                    \
2022-12-27T03:02:47.3079050Z             ^
2022-12-27T03:02:47.3079550Z       /Library/Frameworks/Python.framework/Versions/3.9/include/python3.9/cpython/unicodeobject.h:451:35: note: expanded from macro 'PyUnicode_WSTR_LENGTH'
2022-12-27T03:02:47.3079990Z       #define PyUnicode_WSTR_LENGTH(op) _PyUnicode_get_wstr_length((PyObject*)op)
2022-12-27T03:02:47.3080280Z                                         ^
2022-12-27T03:02:47.3080840Z       /Library/Frameworks/Python.framework/Versions/3.9/include/python3.9/cpython/unicodeobject.h:445:1: note: '_PyUnicode_get_wstr_length' has been explicitly marked deprecated here
2022-12-27T03:02:47.3081230Z       Py_DEPRECATED(3.3)
2022-12-27T03:02:47.3081430Z       ^
2022-12-27T03:02:47.3081880Z       /Library/Frameworks/Python.framework/Versions/3.9/include/python3.9/pyport.h:508:54: note: expanded from macro 'Py_DEPRECATED'
2022-12-27T03:02:47.3082280Z       #define Py_DEPRECATED(VERSION_UNUSED) __attribute__((__deprecated__))
2022-12-27T03:02:47.3082560Z                                                            ^
2022-12-27T03:02:47.3083230Z       /private/var/folders/51/hd414ycd67n82196sw51xqtc0000gn/T/pip-install-rgdx73yy/cython_1fe4768dc1b840e6bbbacb23467237c8/Cython/Plex/Scanners.c:9075:52: warning: 'PyUnicode_AsUnicode' is deprecated [-Wdeprecated-declarations]
2022-12-27T03:02:47.3083740Z                           (PyUnicode_GET_SIZE(**name) != PyUnicode_GET_SIZE(key)) ? 1 :
2022-12-27T03:02:47.3084010Z                                                          ^
2022-12-27T03:02:47.3084540Z       /Library/Frameworks/Python.framework/Versions/3.9/include/python3.9/cpython/unicodeobject.h:262:14: note: expanded from macro 'PyUnicode_GET_SIZE'
2022-12-27T03:02:47.3085160Z             ((void)PyUnicode_AsUnicode(_PyObject_CAST(op)),\
2022-12-27T03:02:47.3085410Z                    ^
2022-12-27T03:02:47.3085970Z       /Library/Frameworks/Python.framework/Versions/3.9/include/python3.9/cpython/unicodeobject.h:580:1: note: 'PyUnicode_AsUnicode' has been explicitly marked deprecated here
2022-12-27T03:02:47.3086420Z       Py_DEPRECATED(3.3) PyAPI_FUNC(Py_UNICODE *) PyUnicode_AsUnicode(
2022-12-27T03:02:47.3086680Z       ^
2022-12-27T03:02:47.3087120Z       /Library/Frameworks/Python.framework/Versions/3.9/include/python3.9/pyport.h:508:54: note: expanded from macro 'Py_DEPRECATED'
2022-12-27T03:02:47.3087520Z       #define Py_DEPRECATED(VERSION_UNUSED) __attribute__((__deprecated__))
2022-12-27T03:02:47.3087810Z                                                            ^
2022-12-27T03:02:47.3088490Z       /private/var/folders/51/hd414ycd67n82196sw51xqtc0000gn/T/pip-install-rgdx73yy/cython_1fe4768dc1b840e6bbbacb23467237c8/Cython/Plex/Scanners.c:9075:52: warning: '_PyUnicode_get_wstr_length' is deprecated [-Wdeprecated-declarations]
2022-12-27T03:02:47.3088990Z                           (PyUnicode_GET_SIZE(**name) != PyUnicode_GET_SIZE(key)) ? 1 :
2022-12-27T03:02:47.3089270Z                                                          ^
2022-12-27T03:02:47.3089790Z       /Library/Frameworks/Python.framework/Versions/3.9/include/python3.9/cpython/unicodeobject.h:264:8: note: expanded from macro 'PyUnicode_GET_SIZE'
2022-12-27T03:02:47.3090460Z              PyUnicode_WSTR_LENGTH(op)))
2022-12-27T03:02:47.3090680Z              ^
2022-12-27T03:02:47.3091180Z       /Library/Frameworks/Python.framework/Versions/3.9/include/python3.9/cpython/unicodeobject.h:451:35: note: expanded from macro 'PyUnicode_WSTR_LENGTH'
2022-12-27T03:02:47.3091620Z       #define PyUnicode_WSTR_LENGTH(op) _PyUnicode_get_wstr_length((PyObject*)op)
2022-12-27T03:02:47.3091910Z                                         ^
2022-12-27T03:02:47.3092660Z       /Library/Frameworks/Python.framework/Versions/3.9/include/python3.9/cpython/unicodeobject.h:445:1: note: '_PyUnicode_get_wstr_length' has been explicitly marked deprecated here
2022-12-27T03:02:47.3093100Z       Py_DEPRECATED(3.3)
2022-12-27T03:02:47.3093300Z       ^
2022-12-27T03:02:47.3093770Z       /Library/Frameworks/Python.framework/Versions/3.9/include/python3.9/pyport.h:508:54: note: expanded from macro 'Py_DEPRECATED'
2022-12-27T03:02:47.3094180Z       #define Py_DEPRECATED(VERSION_UNUSED) __attribute__((__deprecated__))
2022-12-27T03:02:47.3094470Z                                                            ^
2022-12-27T03:02:47.3095130Z       /private/var/folders/51/hd414ycd67n82196sw51xqtc0000gn/T/pip-install-rgdx73yy/cython_1fe4768dc1b840e6bbbacb23467237c8/Cython/Plex/Scanners.c:9091:26: warning: '_PyUnicode_get_wstr_length' is deprecated [-Wdeprecated-declarations]
2022-12-27T03:02:47.3095660Z                               (PyUnicode_GET_SIZE(**argname) != PyUnicode_GET_SIZE(key)) ? 1 :
2022-12-27T03:02:47.3095940Z                                ^
2022-12-27T03:02:47.3096440Z       /Library/Frameworks/Python.framework/Versions/3.9/include/python3.9/cpython/unicodeobject.h:261:7: note: expanded from macro 'PyUnicode_GET_SIZE'
2022-12-27T03:02:47.3096830Z             PyUnicode_WSTR_LENGTH(op) :                    \
2022-12-27T03:02:47.3097060Z             ^
2022-12-27T03:02:47.3097560Z       /Library/Frameworks/Python.framework/Versions/3.9/include/python3.9/cpython/unicodeobject.h:451:35: note: expanded from macro 'PyUnicode_WSTR_LENGTH'
2022-12-27T03:02:47.3098000Z       #define PyUnicode_WSTR_LENGTH(op) _PyUnicode_get_wstr_length((PyObject*)op)
2022-12-27T03:02:47.3098280Z                                         ^
2022-12-27T03:02:47.3098850Z       /Library/Frameworks/Python.framework/Versions/3.9/include/python3.9/cpython/unicodeobject.h:445:1: note: '_PyUnicode_get_wstr_length' has been explicitly marked deprecated here
2022-12-27T03:02:47.3099450Z       Py_DEPRECATED(3.3)
2022-12-27T03:02:47.3099640Z       ^
2022-12-27T03:02:47.3100120Z       /Library/Frameworks/Python.framework/Versions/3.9/include/python3.9/pyport.h:508:54: note: expanded from macro 'Py_DEPRECATED'
2022-12-27T03:02:47.3100530Z       #define Py_DEPRECATED(VERSION_UNUSED) __attribute__((__deprecated__))
2022-12-27T03:02:47.3100820Z                                                            ^
2022-12-27T03:02:47.3101480Z       /private/var/folders/51/hd414ycd67n82196sw51xqtc0000gn/T/pip-install-rgdx73yy/cython_1fe4768dc1b840e6bbbacb23467237c8/Cython/Plex/Scanners.c:9091:26: warning: 'PyUnicode_AsUnicode' is deprecated [-Wdeprecated-declarations]
2022-12-27T03:02:47.3101990Z                               (PyUnicode_GET_SIZE(**argname) != PyUnicode_GET_SIZE(key)) ? 1 :
2022-12-27T03:02:47.3102270Z                                ^
2022-12-27T03:02:47.3102780Z       /Library/Frameworks/Python.framework/Versions/3.9/include/python3.9/cpython/unicodeobject.h:262:14: note: expanded from macro 'PyUnicode_GET_SIZE'
2022-12-27T03:02:47.3103190Z             ((void)PyUnicode_AsUnicode(_PyObject_CAST(op)),\
2022-12-27T03:02:47.3103430Z                    ^
2022-12-27T03:02:47.3103970Z       /Library/Frameworks/Python.framework/Versions/3.9/include/python3.9/cpython/unicodeobject.h:580:1: note: 'PyUnicode_AsUnicode' has been explicitly marked deprecated here
2022-12-27T03:02:47.3104420Z       Py_DEPRECATED(3.3) PyAPI_FUNC(Py_UNICODE *) PyUnicode_AsUnicode(
2022-12-27T03:02:47.3104680Z       ^
2022-12-27T03:02:47.3105450Z       /Library/Frameworks/Python.framework/Versions/3.9/include/python3.9/pyport.h:508:54: note: expanded from macro 'Py_DEPRECATED'
2022-12-27T03:02:47.3105870Z       #define Py_DEPRECATED(VERSION_UNUSED) __attribute__((__deprecated__))
2022-12-27T03:02:47.3106150Z                                                            ^
2022-12-27T03:02:47.3106830Z       /private/var/folders/51/hd414ycd67n82196sw51xqtc0000gn/T/pip-install-rgdx73yy/cython_1fe4768dc1b840e6bbbacb23467237c8/Cython/Plex/Scanners.c:9091:26: warning: '_PyUnicode_get_wstr_length' is deprecated [-Wdeprecated-declarations]
2022-12-27T03:02:47.3107560Z                               (PyUnicode_GET_SIZE(**argname) != PyUnicode_GET_SIZE(key)) ? 1 :
2022-12-27T03:02:47.3107860Z                                ^
2022-12-27T03:02:47.3108390Z       /Library/Frameworks/Python.framework/Versions/3.9/include/python3.9/cpython/unicodeobject.h:264:8: note: expanded from macro 'PyUnicode_GET_SIZE'
2022-12-27T03:02:47.3108780Z              PyUnicode_WSTR_LENGTH(op)))
2022-12-27T03:02:47.3109000Z              ^
2022-12-27T03:02:47.3109490Z       /Library/Frameworks/Python.framework/Versions/3.9/include/python3.9/cpython/unicodeobject.h:451:35: note: expanded from macro 'PyUnicode_WSTR_LENGTH'
2022-12-27T03:02:47.3110010Z       #define PyUnicode_WSTR_LENGTH(op) _PyUnicode_get_wstr_length((PyObject*)op)
2022-12-27T03:02:47.3110300Z                                         ^
2022-12-27T03:02:47.3110880Z       /Library/Frameworks/Python.framework/Versions/3.9/include/python3.9/cpython/unicodeobject.h:445:1: note: '_PyUnicode_get_wstr_length' has been explicitly marked deprecated here
2022-12-27T03:02:47.3111270Z       Py_DEPRECATED(3.3)
2022-12-27T03:02:47.3111470Z       ^
2022-12-27T03:02:47.3111930Z       /Library/Frameworks/Python.framework/Versions/3.9/include/python3.9/pyport.h:508:54: note: expanded from macro 'Py_DEPRECATED'
2022-12-27T03:02:47.3112330Z       #define Py_DEPRECATED(VERSION_UNUSED) __attribute__((__deprecated__))
2022-12-27T03:02:47.3112630Z                                                            ^
2022-12-27T03:02:47.3113300Z       /private/var/folders/51/hd414ycd67n82196sw51xqtc0000gn/T/pip-install-rgdx73yy/cython_1fe4768dc1b840e6bbbacb23467237c8/Cython/Plex/Scanners.c:9091:59: warning: '_PyUnicode_get_wstr_length' is deprecated [-Wdeprecated-declarations]
2022-12-27T03:02:47.3113830Z                               (PyUnicode_GET_SIZE(**argname) != PyUnicode_GET_SIZE(key)) ? 1 :
2022-12-27T03:02:47.3114350Z                                                                 ^
2022-12-27T03:02:47.3114910Z       /Library/Frameworks/Python.framework/Versions/3.9/include/python3.9/cpython/unicodeobject.h:261:7: note: expanded from macro 'PyUnicode_GET_SIZE'
2022-12-27T03:02:47.3115310Z             PyUnicode_WSTR_LENGTH(op) :                    \
2022-12-27T03:02:47.3115540Z             ^
2022-12-27T03:02:47.3116040Z       /Library/Frameworks/Python.framework/Versions/3.9/include/python3.9/cpython/unicodeobject.h:451:35: note: expanded from macro 'PyUnicode_WSTR_LENGTH'
2022-12-27T03:02:47.3116480Z       #define PyUnicode_WSTR_LENGTH(op) _PyUnicode_get_wstr_length((PyObject*)op)
2022-12-27T03:02:47.3116770Z                                         ^
2022-12-27T03:02:47.3117340Z       /Library/Frameworks/Python.framework/Versions/3.9/include/python3.9/cpython/unicodeobject.h:445:1: note: '_PyUnicode_get_wstr_length' has been explicitly marked deprecated here
2022-12-27T03:02:47.3117720Z       Py_DEPRECATED(3.3)
2022-12-27T03:02:47.3117930Z       ^
2022-12-27T03:02:47.3118380Z       /Library/Frameworks/Python.framework/Versions/3.9/include/python3.9/pyport.h:508:54: note: expanded from macro 'Py_DEPRECATED'
2022-12-27T03:02:47.3118790Z       #define Py_DEPRECATED(VERSION_UNUSED) __attribute__((__deprecated__))
2022-12-27T03:02:47.3119080Z                                                            ^
2022-12-27T03:02:47.3119740Z       /private/var/folders/51/hd414ycd67n82196sw51xqtc0000gn/T/pip-install-rgdx73yy/cython_1fe4768dc1b840e6bbbacb23467237c8/Cython/Plex/Scanners.c:9091:59: warning: 'PyUnicode_AsUnicode' is deprecated [-Wdeprecated-declarations]
2022-12-27T03:02:47.3120260Z                               (PyUnicode_GET_SIZE(**argname) != PyUnicode_GET_SIZE(key)) ? 1 :
2022-12-27T03:02:47.3120550Z                                                                 ^
2022-12-27T03:02:47.3121070Z       /Library/Frameworks/Python.framework/Versions/3.9/include/python3.9/cpython/unicodeobject.h:262:14: note: expanded from macro 'PyUnicode_GET_SIZE'
2022-12-27T03:02:47.3121490Z             ((void)PyUnicode_AsUnicode(_PyObject_CAST(op)),\
2022-12-27T03:02:47.3121930Z                    ^
2022-12-27T03:02:47.3122550Z       /Library/Frameworks/Python.framework/Versions/3.9/include/python3.9/cpython/unicodeobject.h:580:1: note: 'PyUnicode_AsUnicode' has been explicitly marked deprecated here
2022-12-27T03:02:47.3123010Z       Py_DEPRECATED(3.3) PyAPI_FUNC(Py_UNICODE *) PyUnicode_AsUnicode(
2022-12-27T03:02:47.3123270Z       ^
2022-12-27T03:02:47.3123720Z       /Library/Frameworks/Python.framework/Versions/3.9/include/python3.9/pyport.h:508:54: note: expanded from macro 'Py_DEPRECATED'
2022-12-27T03:02:47.3124130Z       #define Py_DEPRECATED(VERSION_UNUSED) __attribute__((__deprecated__))
2022-12-27T03:02:47.3124430Z                                                            ^
2022-12-27T03:02:47.3125110Z       /private/var/folders/51/hd414ycd67n82196sw51xqtc0000gn/T/pip-install-rgdx73yy/cython_1fe4768dc1b840e6bbbacb23467237c8/Cython/Plex/Scanners.c:9091:59: warning: '_PyUnicode_get_wstr_length' is deprecated [-Wdeprecated-declarations]
2022-12-27T03:02:47.3125620Z                               (PyUnicode_GET_SIZE(**argname) != PyUnicode_GET_SIZE(key)) ? 1 :
2022-12-27T03:02:47.3125910Z                                                                 ^
2022-12-27T03:02:47.3126430Z       /Library/Frameworks/Python.framework/Versions/3.9/include/python3.9/cpython/unicodeobject.h:264:8: note: expanded from macro 'PyUnicode_GET_SIZE'
2022-12-27T03:02:47.3126820Z              PyUnicode_WSTR_LENGTH(op)))
2022-12-27T03:02:47.3127030Z              ^
2022-12-27T03:02:47.3127550Z       /Library/Frameworks/Python.framework/Versions/3.9/include/python3.9/cpython/unicodeobject.h:451:35: note: expanded from macro 'PyUnicode_WSTR_LENGTH'
2022-12-27T03:02:47.3127990Z       #define PyUnicode_WSTR_LENGTH(op) _PyUnicode_get_wstr_length((PyObject*)op)
2022-12-27T03:02:47.3128270Z                                         ^
2022-12-27T03:02:47.3129090Z       /Library/Frameworks/Python.framework/Versions/3.9/include/python3.9/cpython/unicodeobject.h:445:1: note: '_PyUnicode_get_wstr_length' has been explicitly marked deprecated here
2022-12-27T03:02:47.3129480Z       Py_DEPRECATED(3.3)
2022-12-27T03:02:47.3129700Z       ^
2022-12-27T03:02:47.3130220Z       /Library/Frameworks/Python.framework/Versions/3.9/include/python3.9/pyport.h:508:54: note: expanded from macro 'Py_DEPRECATED'
2022-12-27T03:02:47.3132360Z       #define Py_DEPRECATED(VERSION_UNUSED) __attribute__((__deprecated__))
2022-12-27T03:02:47.3133070Z                                                            ^
2022-12-27T03:02:47.3134900Z       /private/var/folders/51/hd414ycd67n82196sw51xqtc0000gn/T/pip-install-rgdx73yy/cython_1fe4768dc1b840e6bbbacb23467237c8/Cython/Plex/Scanners.c:9540:16: warning: 'PyUnicode_FromUnicode' is deprecated [-Wdeprecated-declarations]
2022-12-27T03:02:47.3136030Z               return PyUnicode_FromUnicode(NULL, 0);
2022-12-27T03:02:47.3136540Z                      ^
2022-12-27T03:02:47.3137610Z       /Library/Frameworks/Python.framework/Versions/3.9/include/python3.9/cpython/unicodeobject.h:551:1: note: 'PyUnicode_FromUnicode' has been explicitly marked deprecated here
2022-12-27T03:02:47.3138130Z       Py_DEPRECATED(3.3) PyAPI_FUNC(PyObject*) PyUnicode_FromUnicode(
2022-12-27T03:02:47.3138390Z       ^
2022-12-27T03:02:47.3138860Z       /Library/Frameworks/Python.framework/Versions/3.9/include/python3.9/pyport.h:508:54: note: expanded from macro 'Py_DEPRECATED'
2022-12-27T03:02:47.3139270Z       #define Py_DEPRECATED(VERSION_UNUSED) __attribute__((__deprecated__))
2022-12-27T03:02:47.3139570Z                                                            ^
2022-12-27T03:02:47.3139820Z       16 warnings and 1 error generated.
2022-12-27T03:02:47.3140170Z       error: command '/usr/bin/gcc' failed with exit code 1
2022-12-27T03:02:47.3163870Z       [end of output]
2022-12-27T03:02:47.3164160Z   
2022-12-27T03:02:47.3164450Z   note: This error originates from a subprocess, and is likely not a problem with pip.
2022-12-27T03:02:47.3165020Z error: legacy-install-failure
2022-12-27T03:02:47.3165180Z 
2022-12-27T03:02:47.3166110Z × Encountered error while trying to install package.
2022-12-27T03:02:47.3166490Z ╰─> cython
2022-12-27T03:02:47.3166610Z 
2022-12-27T03:02:47.3166770Z note: This is an issue with the package mentioned above, not pip.
2022-12-27T03:02:47.3167080Z hint: See above for output from the failure.
2022-12-27T03:02:47.7742010Z ##[endgroup]
2022-12-27T03:02:47.7791910Z ##[error]Command pip install Cython; if [[ -f requirements.txt ]]; then pip install -r requirements.txt; fi failed with code 1. None
2022-12-27T03:02:47.7800470Z 
2022-12-27T03:02:47.7800920Z                                                              [31m✕ [0m25.34s
2022-12-27T03:02:47.8843340Z ##[error]Process completed with exit code 1.
2022-12-27T03:02:47.8909030Z ##[group]Run rm -rf build_grpcio121139 wheelsout
2022-12-27T03:02:47.8909320Z [36;1mrm -rf build_grpcio121139 wheelsout[0m
2022-12-27T03:02:47.8937150Z shell: /bin/bash -e {0}
2022-12-27T03:02:47.8937340Z env:
2022-12-27T03:02:47.8937580Z   pythonLocation: /Users/runner/hostedtoolcache/Python/3.9.16/x64
2022-12-27T03:02:47.8937900Z   PKG_CONFIG_PATH: /Users/runner/hostedtoolcache/Python/3.9.16/x64/lib/pkgconfig
2022-12-27T03:02:47.8938220Z   Python_ROOT_DIR: /Users/runner/hostedtoolcache/Python/3.9.16/x64
2022-12-27T03:02:47.8938520Z   Python2_ROOT_DIR: /Users/runner/hostedtoolcache/Python/3.9.16/x64
2022-12-27T03:02:47.8938810Z   Python3_ROOT_DIR: /Users/runner/hostedtoolcache/Python/3.9.16/x64
2022-12-27T03:02:47.8939050Z ##[endgroup]
2022-12-27T03:02:48.1481370Z Cleaning up orphan processes
