2022-12-27T08:46:16.9168794Z Requested labels: self-hosted, macOS, X64
2022-12-27T08:46:16.9168905Z Job defined at: kilnbuild/python.build/.github/workflows/mac_arm_build.yml@refs/heads/main
2022-12-27T08:46:16.9168931Z Waiting for a runner to pick up this job...
2022-12-27T11:06:49.5992452Z Job is about to start running on the runner: k2 (organization)
2022-12-27T11:06:52.1353250Z Current runner version: '2.300.2'
2022-12-27T11:06:52.1358300Z Runner name: 'k2'
2022-12-27T11:06:52.1358550Z Runner group name: 'Default'
2022-12-27T11:06:52.1358970Z Machine name: 'k2'
2022-12-27T11:06:52.1360410Z ##[group]GITHUB_TOKEN Permissions
2022-12-27T11:06:52.1360820Z Actions: write
2022-12-27T11:06:52.1360950Z Checks: write
2022-12-27T11:06:52.1361080Z Contents: write
2022-12-27T11:06:52.1361220Z Deployments: write
2022-12-27T11:06:52.1361360Z Discussions: write
2022-12-27T11:06:52.1361490Z Issues: write
2022-12-27T11:06:52.1361610Z Metadata: read
2022-12-27T11:06:52.1361740Z Packages: write
2022-12-27T11:06:52.1361880Z Pages: write
2022-12-27T11:06:52.1362010Z PullRequests: write
2022-12-27T11:06:52.1362170Z RepositoryProjects: write
2022-12-27T11:06:52.1362330Z SecurityEvents: write
2022-12-27T11:06:52.1362460Z Statuses: write
2022-12-27T11:06:52.1362600Z ##[endgroup]
2022-12-27T11:06:52.1364980Z Secret source: Actions
2022-12-27T11:06:52.1365290Z Prepare workflow directory
2022-12-27T11:06:52.2018440Z Prepare all required actions
2022-12-27T11:06:52.2136300Z Getting action download info
2022-12-27T11:06:52.6431960Z Download action repository 'actions/setup-python@v4' (SHA:5ccb29d8773c3f3f653e1705f474dfaa8a06a912)
2022-12-27T11:06:54.3793400Z Download action repository 'actions/upload-artifact@v3' (SHA:83fd05a356d7e2593de66fc9913b3002723633cb)
2022-12-27T11:06:55.6796350Z ##[group]Run echo '{
2022-12-27T11:06:55.6796580Z [36;1mecho '{[0m
2022-12-27T11:06:55.6796740Z [36;1m  "package_name": "lxml",[0m
2022-12-27T11:06:55.6797020Z [36;1m  "package_url": "https://files.pythonhosted.org/packages/09/87/0ff7644775ecaa2e9e94e6bae12cbcc13b025a683a957c1c58d0037d503b/lxml-2.0.9.tar.gz",[0m
2022-12-27T11:06:55.6797260Z [36;1m  "package_version": "2.0.9",[0m
2022-12-27T11:06:55.6797370Z [36;1m  "python_version": "3.11",[0m
2022-12-27T11:06:55.6797490Z [36;1m  "use_ccache": "true"[0m
2022-12-27T11:06:55.6797590Z [36;1m}'[0m
2022-12-27T11:06:55.6812460Z shell: /bin/bash -e {0}
2022-12-27T11:06:55.6812610Z ##[endgroup]
2022-12-27T11:06:55.7026530Z {
2022-12-27T11:06:55.7027830Z   "package_name": "lxml",
2022-12-27T11:06:55.7028520Z   "package_url": "https://files.pythonhosted.org/packages/09/87/0ff7644775ecaa2e9e94e6bae12cbcc13b025a683a957c1c58d0037d503b/lxml-2.0.9.tar.gz",
2022-12-27T11:06:55.7028820Z   "package_version": "2.0.9",
2022-12-27T11:06:55.7029050Z   "python_version": "3.11",
2022-12-27T11:06:55.7029240Z   "use_ccache": "true"
2022-12-27T11:06:55.7029390Z }
2022-12-27T11:06:55.7235930Z ##[group]Run actions/setup-python@v4
2022-12-27T11:06:55.7236220Z with:
2022-12-27T11:06:55.7236400Z   python-version: 3.11
2022-12-27T11:06:55.7236550Z   check-latest: false
2022-12-27T11:06:55.7236840Z   token: ***
2022-12-27T11:06:55.7237090Z   update-environment: true
2022-12-27T11:06:55.7237270Z ##[endgroup]
2022-12-27T11:06:55.8431130Z ##[group]Installed versions
2022-12-27T11:06:55.8530820Z Successfully set up CPython (3.11.1)
2022-12-27T11:06:55.8531570Z ##[endgroup]
2022-12-27T11:06:55.8674350Z ##[group]Run if [ "true" == "true" ]
2022-12-27T11:06:55.8674690Z [36;1mif [ "true" == "true" ][0m
2022-12-27T11:06:55.8674870Z [36;1mthen[0m
2022-12-27T11:06:55.8675050Z [36;1m  echo "CCACHE_PATH_PREPEND=/usr/local/opt/ccache/libexec" >> $GITHUB_OUTPUT[0m
2022-12-27T11:06:55.8675260Z [36;1melse[0m
2022-12-27T11:06:55.8675530Z [36;1m  echo "CCACHE_PATH_PREPEND=" >> $GITHUB_OUTPUT[0m
2022-12-27T11:06:55.8675710Z [36;1mfi[0m
2022-12-27T11:06:55.8693210Z shell: /bin/bash -e {0}
2022-12-27T11:06:55.8693490Z env:
2022-12-27T11:06:55.8693710Z   pythonLocation: /Users/runner/hostedtoolcache/Python/3.11.1/x64
2022-12-27T11:06:55.8693940Z   PKG_CONFIG_PATH: /Users/runner/hostedtoolcache/Python/3.11.1/x64/lib/pkgconfig
2022-12-27T11:06:55.8694190Z   Python_ROOT_DIR: /Users/runner/hostedtoolcache/Python/3.11.1/x64
2022-12-27T11:06:55.8694430Z   Python2_ROOT_DIR: /Users/runner/hostedtoolcache/Python/3.11.1/x64
2022-12-27T11:06:55.8694740Z   Python3_ROOT_DIR: /Users/runner/hostedtoolcache/Python/3.11.1/x64
2022-12-27T11:06:55.8695350Z ##[endgroup]
2022-12-27T11:06:55.8802280Z ##[group]Run echo "BUILD_NAME=$(echo lxml_2.0.9_3.11 | tr -dc '[:alnum:]\n\r' | tr '[:upper:]' '[:lower:]')" >> $GITHUB_OUTPUT
2022-12-27T11:06:55.8802690Z [36;1mecho "BUILD_NAME=$(echo lxml_2.0.9_3.11 | tr -dc '[:alnum:]\n\r' | tr '[:upper:]' '[:lower:]')" >> $GITHUB_OUTPUT[0m
2022-12-27T11:06:55.8817380Z shell: /bin/bash -e {0}
2022-12-27T11:06:55.8817520Z env:
2022-12-27T11:06:55.8817740Z   pythonLocation: /Users/runner/hostedtoolcache/Python/3.11.1/x64
2022-12-27T11:06:55.8817990Z   PKG_CONFIG_PATH: /Users/runner/hostedtoolcache/Python/3.11.1/x64/lib/pkgconfig
2022-12-27T11:06:55.8818210Z   Python_ROOT_DIR: /Users/runner/hostedtoolcache/Python/3.11.1/x64
2022-12-27T11:06:55.8818520Z   Python2_ROOT_DIR: /Users/runner/hostedtoolcache/Python/3.11.1/x64
2022-12-27T11:06:55.8818800Z   Python3_ROOT_DIR: /Users/runner/hostedtoolcache/Python/3.11.1/x64
2022-12-27T11:06:55.8818980Z ##[endgroup]
2022-12-27T11:06:55.8933850Z ##[group]Run echo "PYTHON_NO_DOTS=$(echo 3.11 | tr -dc '[:alnum:]\n\r' | tr '[:upper:]' '[:lower:]')" >> $GITHUB_OUTPUT
2022-12-27T11:06:55.8934230Z [36;1mecho "PYTHON_NO_DOTS=$(echo 3.11 | tr -dc '[:alnum:]\n\r' | tr '[:upper:]' '[:lower:]')" >> $GITHUB_OUTPUT[0m
2022-12-27T11:06:55.8948060Z shell: /bin/bash -e {0}
2022-12-27T11:06:55.8948250Z env:
2022-12-27T11:06:55.8948420Z   pythonLocation: /Users/runner/hostedtoolcache/Python/3.11.1/x64
2022-12-27T11:06:55.8949080Z   PKG_CONFIG_PATH: /Users/runner/hostedtoolcache/Python/3.11.1/x64/lib/pkgconfig
2022-12-27T11:06:55.8949330Z   Python_ROOT_DIR: /Users/runner/hostedtoolcache/Python/3.11.1/x64
2022-12-27T11:06:55.8949550Z   Python2_ROOT_DIR: /Users/runner/hostedtoolcache/Python/3.11.1/x64
2022-12-27T11:06:55.8949770Z   Python3_ROOT_DIR: /Users/runner/hostedtoolcache/Python/3.11.1/x64
2022-12-27T11:06:55.8949960Z ##[endgroup]
2022-12-27T11:06:55.9055750Z ##[group]Run rm -rf build_lxml209311
2022-12-27T11:06:55.9056100Z [36;1mrm -rf build_lxml209311[0m
2022-12-27T11:06:55.9056290Z [36;1mmkdir build_lxml209311[0m
2022-12-27T11:06:55.9056460Z [36;1mcd build_lxml209311[0m
2022-12-27T11:06:55.9056770Z [36;1m/usr/local/bin/wget --quiet https://files.pythonhosted.org/packages/09/87/0ff7644775ecaa2e9e94e6bae12cbcc13b025a683a957c1c58d0037d503b/lxml-2.0.9.tar.gz[0m
2022-12-27T11:06:55.9057090Z [36;1mtar xf *.tar.gz[0m
2022-12-27T11:06:55.9057260Z [36;1mcd *[0m
2022-12-27T11:06:55.9057410Z [36;1mpython -m pip install cibuildwheel==2.11.3[0m
2022-12-27T11:06:55.9057610Z [36;1mpython -m cibuildwheel --output-dir ../wheelsout[0m
2022-12-27T11:06:55.9071570Z shell: /bin/bash -e {0}
2022-12-27T11:06:55.9071720Z env:
2022-12-27T11:06:55.9071920Z   pythonLocation: /Users/runner/hostedtoolcache/Python/3.11.1/x64
2022-12-27T11:06:55.9072260Z   PKG_CONFIG_PATH: /Users/runner/hostedtoolcache/Python/3.11.1/x64/lib/pkgconfig
2022-12-27T11:06:55.9072550Z   Python_ROOT_DIR: /Users/runner/hostedtoolcache/Python/3.11.1/x64
2022-12-27T11:06:55.9072750Z   Python2_ROOT_DIR: /Users/runner/hostedtoolcache/Python/3.11.1/x64
2022-12-27T11:06:55.9072980Z   Python3_ROOT_DIR: /Users/runner/hostedtoolcache/Python/3.11.1/x64
2022-12-27T11:06:55.9073210Z   CIBW_ARCHS_MACOS: arm64
2022-12-27T11:06:55.9073350Z   CIBW_TEST_SKIP: *_arm64
2022-12-27T11:06:55.9073520Z   CIBW_BUILD: cp311-macosx_arm64
2022-12-27T11:06:55.9073700Z   CIBW_BUILD_FRONTEND: pip
2022-12-27T11:06:55.9073840Z   CIBW_BUILD_VERBOSITY: 3
2022-12-27T11:06:55.9074170Z   CIBW_ENVIRONMENT_MACOS:  CFLAGS="-I/usr/local/opt/openssl@3/include" LDFLAGS="-L/usr/local/opt/openssl@3/lib" CPPFLAGS="-I/usr/local/opt/openssl@3/include" MAKEFLAGS="-j$(sysctl -n hw.logicalcpu)" PATH=/usr/local/opt/ccache/libexec:$PATH
2022-12-27T11:06:55.9074520Z   CIBW_BEFORE_BUILD: pip install Cython; if [[ -f requirements.txt ]]; then pip install -r requirements.txt; fi
2022-12-27T11:06:55.9074760Z   MAKEFLAGS: -j$(sysctl -n hw.logicalcpu)
2022-12-27T11:06:55.9074900Z ##[endgroup]
2022-12-27T11:06:56.3109690Z Requirement already satisfied: cibuildwheel==2.11.3 in /Library/Frameworks/Python.framework/Versions/3.11/lib/python3.11/site-packages (2.11.3)
2022-12-27T11:06:56.3413750Z Requirement already satisfied: bashlex!=0.13 in /Library/Frameworks/Python.framework/Versions/3.11/lib/python3.11/site-packages (from cibuildwheel==2.11.3) (0.16)
2022-12-27T11:06:56.3419970Z Requirement already satisfied: bracex in /Library/Frameworks/Python.framework/Versions/3.11/lib/python3.11/site-packages (from cibuildwheel==2.11.3) (2.3.post1)
2022-12-27T11:06:56.3426120Z Requirement already satisfied: certifi in /Library/Frameworks/Python.framework/Versions/3.11/lib/python3.11/site-packages (from cibuildwheel==2.11.3) (2022.12.7)
2022-12-27T11:06:56.3432340Z Requirement already satisfied: filelock in /Library/Frameworks/Python.framework/Versions/3.11/lib/python3.11/site-packages (from cibuildwheel==2.11.3) (3.8.2)
2022-12-27T11:06:56.3441110Z Requirement already satisfied: packaging>=20.9 in /Library/Frameworks/Python.framework/Versions/3.11/lib/python3.11/site-packages (from cibuildwheel==2.11.3) (22.0)
2022-12-27T11:06:56.3448530Z Requirement already satisfied: platformdirs in /Library/Frameworks/Python.framework/Versions/3.11/lib/python3.11/site-packages (from cibuildwheel==2.11.3) (2.6.0)
2022-12-27T11:06:56.5550940Z 
2022-12-27T11:06:56.5551220Z      _ _       _ _   _       _           _
2022-12-27T11:06:56.5552220Z  ___|_| |_ _ _|_| |_| |_ _ _| |_ ___ ___| |
2022-12-27T11:06:56.5554080Z |  _| | . | | | | | . | | | |   | -_| -_| |
2022-12-27T11:06:56.5554340Z |___|_|___|___|_|_|___|_____|_|_|___|___|_|
2022-12-27T11:06:56.5554480Z 
2022-12-27T11:06:56.5554610Z cibuildwheel version 2.11.3
2022-12-27T11:06:56.5554760Z 
2022-12-27T11:06:56.5554980Z Build options:
2022-12-27T11:06:56.5555220Z   platform: macos
2022-12-27T11:06:56.5599230Z   architectures: arm64[0m
2022-12-27T11:06:56.5599690Z   build_selector: 
2022-12-27T11:06:56.5601530Z     build_config: cp311-macosx_arm64
2022-12-27T11:06:56.5602100Z     skip_config: 
2022-12-27T11:06:56.5602450Z     requires_python: None
2022-12-27T11:06:56.5602970Z     prerelease_pythons: False[0m
2022-12-27T11:06:56.5603370Z   [38;5;244mcontainer_engine: docker[0m
2022-12-27T11:06:56.5603810Z   output_dir: /Users/runner/actions-runner/_work/python.build/python.build/build_lxml209311/wheelsout[0m
2022-12-27T11:06:56.5604410Z   package_dir: /Users/runner/actions-runner/_work/python.build/python.build/build_lxml209311/lxml-2.0.9[0m
2022-12-27T11:06:56.5604740Z   test_selector: 
2022-12-27T11:06:56.5605000Z     skip_config: *_arm64[0m
2022-12-27T11:06:56.5605300Z   [38;5;244mbefore_all: [0m
2022-12-27T11:06:56.5605840Z   before_build: pip install Cython; if [[ -f requirements.txt ]]; then pip install -r requirements.txt; fi[0m
2022-12-27T11:06:56.5606240Z   [38;5;244mbefore_test: [0m
2022-12-27T11:06:56.5606520Z   [38;5;244mbuild_frontend: pip[0m
2022-12-27T11:06:56.5606830Z   build_verbosity: 3[0m
2022-12-27T11:06:56.5607140Z   [38;5;244mconfig_settings: [0m
2022-12-27T11:06:56.5607510Z   [38;5;244mdependency_constraints: pinned[0m
2022-12-27T11:06:56.5607770Z   environment: 
2022-12-27T11:06:56.5608060Z     CFLAGS="-I/usr/local/opt/openssl@3/include"
2022-12-27T11:06:56.5608330Z     LDFLAGS="-L/usr/local/opt/openssl@3/lib"
2022-12-27T11:06:56.5608650Z     CPPFLAGS="-I/usr/local/opt/openssl@3/include"
2022-12-27T11:06:56.5609010Z     MAKEFLAGS="-j$(sysctl -n hw.logicalcpu)"
2022-12-27T11:06:56.5609300Z     PATH=/usr/local/opt/ccache/libexec:$PATH[0m
2022-12-27T11:06:56.5609580Z   [38;5;244mmanylinux_images: None[0m
2022-12-27T11:06:56.5609860Z   [38;5;244mmusllinux_images: None[0m
2022-12-27T11:06:56.5610210Z   [38;5;244mrepair_command: delocate-wheel --require-archs {delocate_archs} -w {dest_dir} -v {wheel}[0m
2022-12-27T11:06:56.5610590Z   [38;5;244mtest_command: [0m
2022-12-27T11:06:56.5610850Z   [38;5;244mtest_extras: [0m
2022-12-27T11:06:56.5611110Z   [38;5;244mtest_requires: [0m
2022-12-27T11:06:56.5611200Z 
2022-12-27T11:06:56.5611330Z Cache folder: /Users/runner/Library/Caches/cibuildwheel
2022-12-27T11:06:56.5612680Z 
2022-12-27T11:06:56.5613150Z Here we go!
2022-12-27T11:06:56.5613300Z 
2022-12-27T11:06:56.5721020Z 
2022-12-27T11:06:56.5721480Z [1m[34mBuilding cp311-macosx_arm64 wheel[0m
2022-12-27T11:06:56.5721840Z CPython 3.11 macOS arm64 - Apple Silicon
2022-12-27T11:06:56.5722000Z 
2022-12-27T11:06:56.5724060Z ##[group]Installing Python cp311...
2022-12-27T11:06:56.5724300Z 
2022-12-27T11:06:56.5724470Z + pkgutil --pkgs
2022-12-27T11:06:56.5820900Z ##[endgroup]
2022-12-27T11:06:56.5821750Z                                                               [32mâœ“ [0m0.01s
2022-12-27T11:06:56.5822400Z ##[group]Setting up build environment...
2022-12-27T11:06:56.5822570Z 
2022-12-27T11:06:56.5837650Z + /Library/Frameworks/Python.framework/Versions/3.11/bin/python -sS /Users/runner/Library/Caches/cibuildwheel/virtualenv-20.17.0.pyz --activators= --no-periodic-update --pip=22.3.1 --setuptools=65.6.3 --wheel=0.38.4 --symlink-app-data --python /Library/Frameworks/Python.framework/Versions/3.11/bin/python3 /private/var/folders/51/hd414ycd67n82196sw51xqtc0000gn/T/cibw-run-1rgj235v/cp311-macosx_arm64/build/venv
2022-12-27T11:06:56.7665470Z created virtual environment CPython3.11.1.final.0-64 in 50ms
2022-12-27T11:06:56.7666000Z   creator CPython3Posix(dest=/private/var/folders/51/hd414ycd67n82196sw51xqtc0000gn/T/cibw-run-1rgj235v/cp311-macosx_arm64/build/venv, clear=False, no_vcs_ignore=False, global=False)
2022-12-27T11:06:56.7666370Z   seeder FromAppData(download=False, pip=22.3.1, setuptools=65.6.3, wheel=0.38.4, via=symlink, app_data_dir=/Users/runner/Library/Application Support/virtualenv)
2022-12-27T11:06:56.7666670Z     added seed packages: pip==22.3.1, setuptools==65.6.3, wheel==0.38.4
2022-12-27T11:06:56.7792010Z + python -m pip install --upgrade pip -c /Library/Frameworks/Python.framework/Versions/3.11/lib/python3.11/site-packages/cibuildwheel/resources/constraints-python311.txt
2022-12-27T11:06:57.0420090Z Requirement already satisfied: pip in ./lib/python3.11/site-packages (22.3.1)
2022-12-27T11:06:57.1638010Z + which pip
2022-12-27T11:06:57.1654120Z /private/var/folders/51/hd414ycd67n82196sw51xqtc0000gn/T/cibw-run-1rgj235v/cp311-macosx_arm64/build/venv/bin/pip
2022-12-27T11:06:57.1655640Z + pip --version
2022-12-27T11:06:57.3502990Z pip 22.3.1 from /private/var/folders/51/hd414ycd67n82196sw51xqtc0000gn/T/cibw-run-1rgj235v/cp311-macosx_arm64/build/venv/lib/python3.11/site-packages/pip (python 3.11)
2022-12-27T11:06:57.3736550Z + which pip
2022-12-27T11:06:57.3762160Z + which python
2022-12-27T11:06:57.3779120Z /private/var/folders/51/hd414ycd67n82196sw51xqtc0000gn/T/cibw-run-1rgj235v/cp311-macosx_arm64/build/venv/bin/python
2022-12-27T11:06:57.3780440Z + python --version
2022-12-27T11:06:57.3835330Z Python 3.11.1
2022-12-27T11:06:57.3837810Z + which python
2022-12-27T11:06:57.3884050Z ##[endgroup]
2022-12-27T11:06:57.3884530Z                                                               [32mâœ“ [0m0.81s
2022-12-27T11:06:57.3884960Z ##[group]Installing build tools...
2022-12-27T11:06:57.3885240Z 
2022-12-27T11:06:57.3885670Z + pip install --upgrade setuptools wheel delocate -c /Library/Frameworks/Python.framework/Versions/3.11/lib/python3.11/site-packages/cibuildwheel/resources/constraints-python311.txt
2022-12-27T11:06:57.6471950Z Requirement already satisfied: setuptools in /private/var/folders/51/hd414ycd67n82196sw51xqtc0000gn/T/cibw-run-1rgj235v/cp311-macosx_arm64/build/venv/lib/python3.11/site-packages (65.6.3)
2022-12-27T11:06:57.8128570Z Requirement already satisfied: wheel in /private/var/folders/51/hd414ycd67n82196sw51xqtc0000gn/T/cibw-run-1rgj235v/cp311-macosx_arm64/build/venv/lib/python3.11/site-packages (0.38.4)
2022-12-27T11:06:57.8574910Z Collecting delocate
2022-12-27T11:06:57.8594670Z   Using cached delocate-0.10.3-py3-none-any.whl (142 kB)
2022-12-27T11:06:57.8846010Z Collecting packaging>=20.9
2022-12-27T11:06:57.8863430Z   Using cached packaging-21.3-py3-none-any.whl (40 kB)
2022-12-27T11:06:57.9004030Z Collecting typing-extensions
2022-12-27T11:06:57.9021510Z   Using cached typing_extensions-4.4.0-py3-none-any.whl (26 kB)
2022-12-27T11:06:57.9295210Z Collecting pyparsing!=3.0.5,>=2.0.2
2022-12-27T11:06:57.9310990Z   Using cached pyparsing-3.0.9-py3-none-any.whl (98 kB)
2022-12-27T11:06:57.9846930Z Installing collected packages: typing-extensions, pyparsing, packaging, delocate
2022-12-27T11:06:58.1099630Z Successfully installed delocate-0.10.3 packaging-21.3 pyparsing-3.0.9 typing-extensions-4.4.0
2022-12-27T11:06:58.1556000Z ##[endgroup]
2022-12-27T11:06:58.1556890Z                                                               [32mâœ“ [0m0.77s
2022-12-27T11:06:58.1557320Z ##[group]Running before_build...
2022-12-27T11:06:58.1557460Z 
2022-12-27T11:06:58.1561450Z + pip install Cython; if [[ -f requirements.txt ]]; then pip install -r requirements.txt; fi
2022-12-27T11:06:58.7106380Z Collecting Cython
2022-12-27T11:06:58.7149180Z   Using cached Cython-0.29.32-py2.py3-none-any.whl (986 kB)
2022-12-27T11:06:58.7600850Z Installing collected packages: Cython
2022-12-27T11:06:59.1656630Z Successfully installed Cython-0.29.32
2022-12-27T11:06:59.2152680Z ##[endgroup]
2022-12-27T11:06:59.2153490Z                                                               [32mâœ“ [0m1.06s
2022-12-27T11:06:59.2154190Z ##[group]Building wheel...
2022-12-27T11:06:59.2154490Z 
2022-12-27T11:06:59.2158090Z + python -m pip wheel /Users/runner/actions-runner/_work/python.build/python.build/build_lxml209311/lxml-2.0.9 --wheel-dir=/private/var/folders/51/hd414ycd67n82196sw51xqtc0000gn/T/cibw-run-1rgj235v/cp311-macosx_arm64/built_wheel --no-deps -vvv
2022-12-27T11:06:59.4594960Z Created temporary directory: /private/var/folders/51/hd414ycd67n82196sw51xqtc0000gn/T/pip-ephem-wheel-cache-9_vdolxw
2022-12-27T11:06:59.4599610Z Created temporary directory: /private/var/folders/51/hd414ycd67n82196sw51xqtc0000gn/T/pip-build-tracker-tdfvyt9d
2022-12-27T11:06:59.4601560Z Initialized build tracking at /private/var/folders/51/hd414ycd67n82196sw51xqtc0000gn/T/pip-build-tracker-tdfvyt9d
2022-12-27T11:06:59.4602790Z Created build tracker: /private/var/folders/51/hd414ycd67n82196sw51xqtc0000gn/T/pip-build-tracker-tdfvyt9d
2022-12-27T11:06:59.4604080Z Entered build tracker: /private/var/folders/51/hd414ycd67n82196sw51xqtc0000gn/T/pip-build-tracker-tdfvyt9d
2022-12-27T11:06:59.4606920Z Created temporary directory: /private/var/folders/51/hd414ycd67n82196sw51xqtc0000gn/T/pip-wheel-jzcbiwo2
2022-12-27T11:06:59.4611710Z Created temporary directory: /private/var/folders/51/hd414ycd67n82196sw51xqtc0000gn/T/pip-ephem-wheel-cache-br0rl_87
2022-12-27T11:06:59.4682060Z Processing /Users/runner/actions-runner/_work/python.build/python.build/build_lxml209311/lxml-2.0.9
2022-12-27T11:06:59.4686400Z   Added file:///Users/runner/actions-runner/_work/python.build/python.build/build_lxml209311/lxml-2.0.9 to build tracker '/private/var/folders/51/hd414ycd67n82196sw51xqtc0000gn/T/pip-build-tracker-tdfvyt9d'
2022-12-27T11:06:59.4689270Z   Running setup.py (path:/Users/runner/actions-runner/_work/python.build/python.build/build_lxml209311/lxml-2.0.9/setup.py) egg_info for package from file:///Users/runner/actions-runner/_work/python.build/python.build/build_lxml209311/lxml-2.0.9
2022-12-27T11:06:59.4691730Z   Created temporary directory: /private/var/folders/51/hd414ycd67n82196sw51xqtc0000gn/T/pip-pip-egg-info-_9ujr919
2022-12-27T11:06:59.4692840Z   Preparing metadata (setup.py): started
2022-12-27T11:06:59.4694530Z   Running command python setup.py egg_info
2022-12-27T11:06:59.7214800Z   Traceback (most recent call last):
2022-12-27T11:06:59.7223050Z     File "<string>", line 2, in <module>
2022-12-27T11:06:59.7223670Z     File "<pip-setuptools-caller>", line 34, in <module>
2022-12-27T11:06:59.7224190Z     File "/Users/runner/actions-runner/_work/python.build/python.build/build_lxml209311/lxml-2.0.9/setup.py", line 104, in <module>
2022-12-27T11:06:59.7224660Z       ext_modules = setupinfo.ext_modules(
2022-12-27T11:06:59.7224880Z                     ^^^^^^^^^^^^^^^^^^^^^^
2022-12-27T11:06:59.7225350Z     File "/Users/runner/actions-runner/_work/python.build/python.build/build_lxml209311/lxml-2.0.9/setupinfo.py", line 42, in ext_modules
2022-12-27T11:06:59.7226150Z       _include_dirs = include_dirs(static_include_dirs)
2022-12-27T11:06:59.7226480Z                       ^^^^^^^^^^^^^^^^^^^^^^^^^^^^^^^^^
2022-12-27T11:06:59.7226970Z     File "/Users/runner/actions-runner/_work/python.build/python.build/build_lxml209311/lxml-2.0.9/setupinfo.py", line 120, in include_dirs
2022-12-27T11:06:59.7227360Z       if possible_include_dir.startswith('-I'):
2022-12-27T11:06:59.7227630Z          ^^^^^^^^^^^^^^^^^^^^^^^^^^^^^^^^^^^^^
2022-12-27T11:06:59.7227870Z   TypeError: startswith first arg must be bytes or a tuple of bytes, not str
2022-12-27T11:06:59.7228640Z   Building lxml version 2.0.9.
2022-12-27T11:06:59.7229570Z   Building with Cython 0.29.32.
2022-12-27T11:06:59.7230710Z   Using build configuration of libxslt b'1.1.29'
2022-12-27T11:06:59.7651280Z   error: subprocess-exited-with-error
2022-12-27T11:06:59.7651510Z   
2022-12-27T11:06:59.7651880Z   Ã— python setup.py egg_info did not run successfully.
2022-12-27T11:06:59.7652200Z   â”‚ exit code: 1
2022-12-27T11:06:59.7652440Z   â•°â”€> See above for output.
2022-12-27T11:06:59.7652720Z   
2022-12-27T11:06:59.7653000Z   note: This error originates from a subprocess, and is likely not a problem with pip.
2022-12-27T11:06:59.7658130Z   full command: /private/var/folders/51/hd414ycd67n82196sw51xqtc0000gn/T/cibw-run-1rgj235v/cp311-macosx_arm64/build/venv/bin/python -c '
2022-12-27T11:06:59.7658930Z   exec(compile('"'"''"'"''"'"'
2022-12-27T11:06:59.7659700Z   # This is <pip-setuptools-caller> -- a caller that pip uses to run setup.py
2022-12-27T11:06:59.7659970Z   #
2022-12-27T11:06:59.7660280Z   # - It imports setuptools before invoking setup.py, to enable projects that directly
2022-12-27T11:06:59.7660620Z   #   import from `distutils.core` to work with newer packaging standards.
2022-12-27T11:06:59.7661520Z   # - It provides a clear error message when setuptools is not installed.
2022-12-27T11:06:59.7661930Z   # - It sets `sys.argv[0]` to the underlying `setup.py`, when invoking `setup.py` so
2022-12-27T11:06:59.7662450Z   #   setuptools doesn'"'"'t think the script is `-c`. This avoids the following warning:
2022-12-27T11:06:59.7663060Z   #     manifest_maker: standard file '"'"'-c'"'"' not found".
2022-12-27T11:06:59.7663450Z   # - It generates a shim setup.py, for handling setup.cfg-only projects.
2022-12-27T11:06:59.7663790Z   import os, sys, tokenize
2022-12-27T11:06:59.7664030Z   
2022-12-27T11:06:59.7664300Z   try:
2022-12-27T11:06:59.7664470Z       import setuptools
2022-12-27T11:06:59.7664710Z   except ImportError as error:
2022-12-27T11:06:59.7664930Z       print(
2022-12-27T11:06:59.7665150Z           "ERROR: Can not execute `setup.py` since setuptools is not available in "
2022-12-27T11:06:59.7665530Z           "the build environment.",
2022-12-27T11:06:59.7665750Z           file=sys.stderr,
2022-12-27T11:06:59.7665950Z       )
2022-12-27T11:06:59.7666100Z       sys.exit(1)
2022-12-27T11:06:59.7666330Z   
2022-12-27T11:06:59.7666510Z   __file__ = %r
2022-12-27T11:06:59.7666680Z   sys.argv[0] = __file__
2022-12-27T11:06:59.7666870Z   
2022-12-27T11:06:59.7667100Z   if os.path.exists(__file__):
2022-12-27T11:06:59.7667310Z       filename = __file__
2022-12-27T11:06:59.7667550Z       with tokenize.open(__file__) as f:
2022-12-27T11:06:59.7667800Z           setup_py_code = f.read()
2022-12-27T11:06:59.7667980Z   else:
2022-12-27T11:06:59.7668320Z       filename = "<auto-generated setuptools caller>"
2022-12-27T11:06:59.7668620Z       setup_py_code = "from setuptools import setup; setup()"
2022-12-27T11:06:59.7668830Z   
2022-12-27T11:06:59.7669070Z   exec(compile(setup_py_code, filename, "exec"))
2022-12-27T11:06:59.7669780Z   '"'"''"'"''"'"' % ('"'"'/Users/runner/actions-runner/_work/python.build/python.build/build_lxml209311/lxml-2.0.9/setup.py'"'"',), "<pip-setuptools-caller>", "exec"))' egg_info --egg-base /private/var/folders/51/hd414ycd67n82196sw51xqtc0000gn/T/pip-pip-egg-info-_9ujr919
2022-12-27T11:06:59.7670440Z   cwd: /Users/runner/actions-runner/_work/python.build/python.build/build_lxml209311/lxml-2.0.9/
2022-12-27T11:06:59.7671070Z   Preparing metadata (setup.py): finished with status 'error'
2022-12-27T11:06:59.7673800Z error: metadata-generation-failed
2022-12-27T11:06:59.7674030Z 
2022-12-27T11:06:59.7674260Z Ã— Encountered error while generating package metadata.
2022-12-27T11:06:59.7674660Z â•°â”€> See above for output.
2022-12-27T11:06:59.7674740Z 
2022-12-27T11:06:59.7674860Z note: This is an issue with the package mentioned above, not pip.
2022-12-27T11:06:59.7675200Z hint: See above for details.
2022-12-27T11:06:59.7702180Z Exception information:
2022-12-27T11:06:59.7702510Z Traceback (most recent call last):
2022-12-27T11:06:59.7704570Z   File "/private/var/folders/51/hd414ycd67n82196sw51xqtc0000gn/T/cibw-run-1rgj235v/cp311-macosx_arm64/build/venv/lib/python3.11/site-packages/pip/_internal/operations/build/metadata_legacy.py", line 64, in generate_metadata
2022-12-27T11:06:59.7705090Z     call_subprocess(
2022-12-27T11:06:59.7705720Z   File "/private/var/folders/51/hd414ycd67n82196sw51xqtc0000gn/T/cibw-run-1rgj235v/cp311-macosx_arm64/build/venv/lib/python3.11/site-packages/pip/_internal/utils/subprocess.py", line 224, in call_subprocess
2022-12-27T11:06:59.7706230Z     raise error
2022-12-27T11:06:59.7706580Z pip._internal.exceptions.InstallationSubprocessError: python setup.py egg_info exited with 1
2022-12-27T11:06:59.7706810Z 
2022-12-27T11:06:59.7706960Z The above exception was the direct cause of the following exception:
2022-12-27T11:06:59.7707390Z 
2022-12-27T11:06:59.7707490Z Traceback (most recent call last):
2022-12-27T11:06:59.7709080Z   File "/private/var/folders/51/hd414ycd67n82196sw51xqtc0000gn/T/cibw-run-1rgj235v/cp311-macosx_arm64/build/venv/lib/python3.11/site-packages/pip/_internal/cli/base_command.py", line 160, in exc_logging_wrapper
2022-12-27T11:06:59.7709940Z     status = run_func(*args)
2022-12-27T11:06:59.7710740Z              ^^^^^^^^^^^^^^^
2022-12-27T11:06:59.7711690Z   File "/private/var/folders/51/hd414ycd67n82196sw51xqtc0000gn/T/cibw-run-1rgj235v/cp311-macosx_arm64/build/venv/lib/python3.11/site-packages/pip/_internal/cli/req_command.py", line 247, in wrapper
2022-12-27T11:06:59.7712080Z     return func(self, options, args)
2022-12-27T11:06:59.7712330Z            ^^^^^^^^^^^^^^^^^^^^^^^^^
2022-12-27T11:06:59.7713260Z   File "/private/var/folders/51/hd414ycd67n82196sw51xqtc0000gn/T/cibw-run-1rgj235v/cp311-macosx_arm64/build/venv/lib/python3.11/site-packages/pip/_internal/commands/wheel.py", line 170, in run
2022-12-27T11:06:59.7714070Z     requirement_set = resolver.resolve(reqs, check_supported_wheels=True)
2022-12-27T11:06:59.7714350Z                       ^^^^^^^^^^^^^^^^^^^^^^^^^^^^^^^^^^^^^^^^^^^^^^^^^^^
2022-12-27T11:06:59.7715340Z   File "/private/var/folders/51/hd414ycd67n82196sw51xqtc0000gn/T/cibw-run-1rgj235v/cp311-macosx_arm64/build/venv/lib/python3.11/site-packages/pip/_internal/resolution/resolvelib/resolver.py", line 73, in resolve
2022-12-27T11:06:59.7715810Z     collected = self.factory.collect_root_requirements(root_reqs)
2022-12-27T11:06:59.7716390Z                 ^^^^^^^^^^^^^^^^^^^^^^^^^^^^^^^^^^^^^^^^^^^^^^^^^
2022-12-27T11:06:59.7717080Z   File "/private/var/folders/51/hd414ycd67n82196sw51xqtc0000gn/T/cibw-run-1rgj235v/cp311-macosx_arm64/build/venv/lib/python3.11/site-packages/pip/_internal/resolution/resolvelib/factory.py", line 491, in collect_root_requirements
2022-12-27T11:06:59.7717610Z     req = self._make_requirement_from_install_req(
2022-12-27T11:06:59.7717840Z           ^^^^^^^^^^^^^^^^^^^^^^^^^^^^^^^^^^^^^^^^
2022-12-27T11:06:59.7718310Z   File "/private/var/folders/51/hd414ycd67n82196sw51xqtc0000gn/T/cibw-run-1rgj235v/cp311-macosx_arm64/build/venv/lib/python3.11/site-packages/pip/_internal/resolution/resolvelib/factory.py", line 453, in _make_requirement_from_install_req
2022-12-27T11:06:59.7718630Z     cand = self._make_candidate_from_link(
2022-12-27T11:06:59.7718850Z            ^^^^^^^^^^^^^^^^^^^^^^^^^^^^^^^
2022-12-27T11:06:59.7719310Z   File "/private/var/folders/51/hd414ycd67n82196sw51xqtc0000gn/T/cibw-run-1rgj235v/cp311-macosx_arm64/build/venv/lib/python3.11/site-packages/pip/_internal/resolution/resolvelib/factory.py", line 206, in _make_candidate_from_link
2022-12-27T11:06:59.7719860Z     self._link_candidate_cache[link] = LinkCandidate(
2022-12-27T11:06:59.7720060Z                                        ^^^^^^^^^^^^^^
2022-12-27T11:06:59.7720510Z   File "/private/var/folders/51/hd414ycd67n82196sw51xqtc0000gn/T/cibw-run-1rgj235v/cp311-macosx_arm64/build/venv/lib/python3.11/site-packages/pip/_internal/resolution/resolvelib/candidates.py", line 297, in __init__
2022-12-27T11:06:59.7720890Z     super().__init__(
2022-12-27T11:06:59.7721310Z   File "/private/var/folders/51/hd414ycd67n82196sw51xqtc0000gn/T/cibw-run-1rgj235v/cp311-macosx_arm64/build/venv/lib/python3.11/site-packages/pip/_internal/resolution/resolvelib/candidates.py", line 162, in __init__
2022-12-27T11:06:59.7721610Z     self.dist = self._prepare()
2022-12-27T11:06:59.7721800Z                 ^^^^^^^^^^^^^^^
2022-12-27T11:06:59.7722260Z   File "/private/var/folders/51/hd414ycd67n82196sw51xqtc0000gn/T/cibw-run-1rgj235v/cp311-macosx_arm64/build/venv/lib/python3.11/site-packages/pip/_internal/resolution/resolvelib/candidates.py", line 231, in _prepare
2022-12-27T11:06:59.7722570Z     dist = self._prepare_distribution()
2022-12-27T11:06:59.7722750Z            ^^^^^^^^^^^^^^^^^^^^^^^^^^^^
2022-12-27T11:06:59.7723210Z   File "/private/var/folders/51/hd414ycd67n82196sw51xqtc0000gn/T/cibw-run-1rgj235v/cp311-macosx_arm64/build/venv/lib/python3.11/site-packages/pip/_internal/resolution/resolvelib/candidates.py", line 308, in _prepare_distribution
2022-12-27T11:06:59.7723630Z     return preparer.prepare_linked_requirement(self._ireq, parallel_builds=True)
2022-12-27T11:06:59.7723830Z            ^^^^^^^^^^^^^^^^^^^^^^^^^^^^^^^^^^^^^^^^^^^^^^^^^^^^^^^^^^^^^^^^^^^^^
2022-12-27T11:06:59.7724430Z   File "/private/var/folders/51/hd414ycd67n82196sw51xqtc0000gn/T/cibw-run-1rgj235v/cp311-macosx_arm64/build/venv/lib/python3.11/site-packages/pip/_internal/operations/prepare.py", line 491, in prepare_linked_requirement
2022-12-27T11:06:59.7724800Z     return self._prepare_linked_requirement(req, parallel_builds)
2022-12-27T11:06:59.7725010Z            ^^^^^^^^^^^^^^^^^^^^^^^^^^^^^^^^^^^^^^^^^^^^^^^^^^^^^^
2022-12-27T11:06:59.7725540Z   File "/private/var/folders/51/hd414ycd67n82196sw51xqtc0000gn/T/cibw-run-1rgj235v/cp311-macosx_arm64/build/venv/lib/python3.11/site-packages/pip/_internal/operations/prepare.py", line 577, in _prepare_linked_requirement
2022-12-27T11:06:59.7725810Z     dist = _get_prepared_distribution(
2022-12-27T11:06:59.7726000Z            ^^^^^^^^^^^^^^^^^^^^^^^^^^^
2022-12-27T11:06:59.7726540Z   File "/private/var/folders/51/hd414ycd67n82196sw51xqtc0000gn/T/cibw-run-1rgj235v/cp311-macosx_arm64/build/venv/lib/python3.11/site-packages/pip/_internal/operations/prepare.py", line 69, in _get_prepared_distribution
2022-12-27T11:06:59.7726930Z     abstract_dist.prepare_distribution_metadata(
2022-12-27T11:06:59.7727400Z   File "/private/var/folders/51/hd414ycd67n82196sw51xqtc0000gn/T/cibw-run-1rgj235v/cp311-macosx_arm64/build/venv/lib/python3.11/site-packages/pip/_internal/distributions/sdist.py", line 61, in prepare_distribution_metadata
2022-12-27T11:06:59.7727670Z     self.req.prepare_metadata()
2022-12-27T11:06:59.7728140Z   File "/private/var/folders/51/hd414ycd67n82196sw51xqtc0000gn/T/cibw-run-1rgj235v/cp311-macosx_arm64/build/venv/lib/python3.11/site-packages/pip/_internal/req/req_install.py", line 541, in prepare_metadata
2022-12-27T11:06:59.7728440Z     self.metadata_directory = generate_metadata_legacy(
2022-12-27T11:06:59.7728750Z                               ^^^^^^^^^^^^^^^^^^^^^^^^^
2022-12-27T11:06:59.7729240Z   File "/private/var/folders/51/hd414ycd67n82196sw51xqtc0000gn/T/cibw-run-1rgj235v/cp311-macosx_arm64/build/venv/lib/python3.11/site-packages/pip/_internal/operations/build/metadata_legacy.py", line 71, in generate_metadata
2022-12-27T11:06:59.7729550Z     raise MetadataGenerationFailed(package_details=details) from error
2022-12-27T11:06:59.7729820Z pip._internal.exceptions.MetadataGenerationFailed: metadata generation failed
2022-12-27T11:06:59.7730510Z Removed file:///Users/runner/actions-runner/_work/python.build/python.build/build_lxml209311/lxml-2.0.9 from build tracker '/private/var/folders/51/hd414ycd67n82196sw51xqtc0000gn/T/pip-build-tracker-tdfvyt9d'
2022-12-27T11:06:59.7730940Z Removed build tracker: '/private/var/folders/51/hd414ycd67n82196sw51xqtc0000gn/T/pip-build-tracker-tdfvyt9d'
2022-12-27T11:06:59.8067280Z ##[endgroup]
2022-12-27T11:06:59.8092060Z ##[error]Command ['python', '-m', 'pip', 'wheel', '/Users/runner/actions-runner/_work/python.build/python.build/build_lxml209311/lxml-2.0.9', '--wheel-dir=/private/var/folders/51/hd414ycd67n82196sw51xqtc0000gn/T/cibw-run-1rgj235v/cp311-macosx_arm64/built_wheel', '--no-deps', '-vvv'] failed with code 1. None
2022-12-27T11:06:59.8098020Z 
2022-12-27T11:06:59.8098360Z                                                               [31mâœ• [0m0.59s
2022-12-27T11:06:59.8527800Z ##[error]Process completed with exit code 1.
2022-12-27T11:06:59.8559020Z ##[group]Run rm -rf build_lxml209311 wheelsout
2022-12-27T11:06:59.8559230Z [36;1mrm -rf build_lxml209311 wheelsout[0m
2022-12-27T11:06:59.8575170Z shell: /bin/bash -e {0}
2022-12-27T11:06:59.8575340Z env:
2022-12-27T11:06:59.8575500Z   pythonLocation: /Users/runner/hostedtoolcache/Python/3.11.1/x64
2022-12-27T11:06:59.8575740Z   PKG_CONFIG_PATH: /Users/runner/hostedtoolcache/Python/3.11.1/x64/lib/pkgconfig
2022-12-27T11:06:59.8575970Z   Python_ROOT_DIR: /Users/runner/hostedtoolcache/Python/3.11.1/x64
2022-12-27T11:06:59.8576200Z   Python2_ROOT_DIR: /Users/runner/hostedtoolcache/Python/3.11.1/x64
2022-12-27T11:06:59.8576380Z   Python3_ROOT_DIR: /Users/runner/hostedtoolcache/Python/3.11.1/x64
2022-12-27T11:06:59.8576550Z ##[endgroup]
2022-12-27T11:06:59.8999240Z Cleaning up orphan processes
