2022-12-27T08:55:30.3820829Z Requested labels: self-hosted, macOS, X64
2022-12-27T08:55:30.3820936Z Job defined at: kilnbuild/python.build/.github/workflows/mac_arm_build.yml@refs/heads/main
2022-12-27T08:55:30.3820968Z Waiting for a runner to pick up this job...
2022-12-27T11:34:15.3265686Z Job is about to start running on the runner: k2 (organization)
2022-12-27T11:34:18.5012230Z Current runner version: '2.300.2'
2022-12-27T11:34:18.5017200Z Runner name: 'k2'
2022-12-27T11:34:18.5017440Z Runner group name: 'Default'
2022-12-27T11:34:18.5017900Z Machine name: 'k2'
2022-12-27T11:34:18.5019370Z ##[group]GITHUB_TOKEN Permissions
2022-12-27T11:34:18.5019780Z Actions: write
2022-12-27T11:34:18.5019920Z Checks: write
2022-12-27T11:34:18.5020060Z Contents: write
2022-12-27T11:34:18.5020190Z Deployments: write
2022-12-27T11:34:18.5020330Z Discussions: write
2022-12-27T11:34:18.5020470Z Issues: write
2022-12-27T11:34:18.5020590Z Metadata: read
2022-12-27T11:34:18.5020730Z Packages: write
2022-12-27T11:34:18.5020860Z Pages: write
2022-12-27T11:34:18.5021000Z PullRequests: write
2022-12-27T11:34:18.5021170Z RepositoryProjects: write
2022-12-27T11:34:18.5021330Z SecurityEvents: write
2022-12-27T11:34:18.5021460Z Statuses: write
2022-12-27T11:34:18.5021600Z ##[endgroup]
2022-12-27T11:34:18.5024270Z Secret source: Actions
2022-12-27T11:34:18.5024590Z Prepare workflow directory
2022-12-27T11:34:18.5685570Z Prepare all required actions
2022-12-27T11:34:18.5804320Z Getting action download info
2022-12-27T11:34:19.0418360Z Download action repository 'actions/setup-python@v4' (SHA:5ccb29d8773c3f3f653e1705f474dfaa8a06a912)
2022-12-27T11:34:20.7989550Z Download action repository 'actions/upload-artifact@v3' (SHA:83fd05a356d7e2593de66fc9913b3002723633cb)
2022-12-27T11:34:22.1221970Z ##[group]Run echo '{
2022-12-27T11:34:22.1222250Z [36;1mecho '{[0m
2022-12-27T11:34:22.1222380Z [36;1m  "package_name": "lxml",[0m
2022-12-27T11:34:22.1222630Z [36;1m  "package_url": "https://files.pythonhosted.org/packages/09/70/9176a425aa436677dcc4ddd39b78ba598ca55683aefb47c6b7f617fa17cc/lxml-2.3.3.tar.gz",[0m
2022-12-27T11:34:22.1222850Z [36;1m  "package_version": "2.3.3",[0m
2022-12-27T11:34:22.1223050Z [36;1m  "python_version": "3.9",[0m
2022-12-27T11:34:22.1223230Z [36;1m  "use_ccache": "true"[0m
2022-12-27T11:34:22.1223350Z [36;1m}'[0m
2022-12-27T11:34:22.1239300Z shell: /bin/bash -e {0}
2022-12-27T11:34:22.1239480Z ##[endgroup]
2022-12-27T11:34:22.1461840Z {
2022-12-27T11:34:22.1463180Z   "package_name": "lxml",
2022-12-27T11:34:22.1463860Z   "package_url": "https://files.pythonhosted.org/packages/09/70/9176a425aa436677dcc4ddd39b78ba598ca55683aefb47c6b7f617fa17cc/lxml-2.3.3.tar.gz",
2022-12-27T11:34:22.1464150Z   "package_version": "2.3.3",
2022-12-27T11:34:22.1464350Z   "python_version": "3.9",
2022-12-27T11:34:22.1464580Z   "use_ccache": "true"
2022-12-27T11:34:22.1464740Z }
2022-12-27T11:34:22.1677020Z ##[group]Run actions/setup-python@v4
2022-12-27T11:34:22.1677280Z with:
2022-12-27T11:34:22.1677440Z   python-version: 3.9
2022-12-27T11:34:22.1677680Z   check-latest: false
2022-12-27T11:34:22.1677990Z   token: ***
2022-12-27T11:34:22.1678180Z   update-environment: true
2022-12-27T11:34:22.1678360Z ##[endgroup]
2022-12-27T11:34:22.3143620Z ##[group]Installed versions
2022-12-27T11:34:22.3248810Z Successfully set up CPython (3.9.16)
2022-12-27T11:34:22.3249710Z ##[endgroup]
2022-12-27T11:34:22.3400100Z ##[group]Run if [ "true" == "true" ]
2022-12-27T11:34:22.3400470Z [36;1mif [ "true" == "true" ][0m
2022-12-27T11:34:22.3400690Z [36;1mthen[0m
2022-12-27T11:34:22.3400990Z [36;1m  echo "CCACHE_PATH_PREPEND=/usr/local/opt/ccache/libexec" >> $GITHUB_OUTPUT[0m
2022-12-27T11:34:22.3401210Z [36;1melse[0m
2022-12-27T11:34:22.3401410Z [36;1m  echo "CCACHE_PATH_PREPEND=" >> $GITHUB_OUTPUT[0m
2022-12-27T11:34:22.3401610Z [36;1mfi[0m
2022-12-27T11:34:22.3418360Z shell: /bin/bash -e {0}
2022-12-27T11:34:22.3418580Z env:
2022-12-27T11:34:22.3418800Z   pythonLocation: /Users/runner/hostedtoolcache/Python/3.9.16/x64
2022-12-27T11:34:22.3419040Z   PKG_CONFIG_PATH: /Users/runner/hostedtoolcache/Python/3.9.16/x64/lib/pkgconfig
2022-12-27T11:34:22.3419380Z   Python_ROOT_DIR: /Users/runner/hostedtoolcache/Python/3.9.16/x64
2022-12-27T11:34:22.3419640Z   Python2_ROOT_DIR: /Users/runner/hostedtoolcache/Python/3.9.16/x64
2022-12-27T11:34:22.3419910Z   Python3_ROOT_DIR: /Users/runner/hostedtoolcache/Python/3.9.16/x64
2022-12-27T11:34:22.3420740Z ##[endgroup]
2022-12-27T11:34:22.3535270Z ##[group]Run echo "BUILD_NAME=$(echo lxml_2.3.3_3.9 | tr -dc '[:alnum:]\n\r' | tr '[:upper:]' '[:lower:]')" >> $GITHUB_OUTPUT
2022-12-27T11:34:22.3535790Z [36;1mecho "BUILD_NAME=$(echo lxml_2.3.3_3.9 | tr -dc '[:alnum:]\n\r' | tr '[:upper:]' '[:lower:]')" >> $GITHUB_OUTPUT[0m
2022-12-27T11:34:22.3551110Z shell: /bin/bash -e {0}
2022-12-27T11:34:22.3551570Z env:
2022-12-27T11:34:22.3551790Z   pythonLocation: /Users/runner/hostedtoolcache/Python/3.9.16/x64
2022-12-27T11:34:22.3552120Z   PKG_CONFIG_PATH: /Users/runner/hostedtoolcache/Python/3.9.16/x64/lib/pkgconfig
2022-12-27T11:34:22.3552380Z   Python_ROOT_DIR: /Users/runner/hostedtoolcache/Python/3.9.16/x64
2022-12-27T11:34:22.3552630Z   Python2_ROOT_DIR: /Users/runner/hostedtoolcache/Python/3.9.16/x64
2022-12-27T11:34:22.3553000Z   Python3_ROOT_DIR: /Users/runner/hostedtoolcache/Python/3.9.16/x64
2022-12-27T11:34:22.3553230Z ##[endgroup]
2022-12-27T11:34:22.3714270Z ##[group]Run echo "PYTHON_NO_DOTS=$(echo 3.9 | tr -dc '[:alnum:]\n\r' | tr '[:upper:]' '[:lower:]')" >> $GITHUB_OUTPUT
2022-12-27T11:34:22.3714740Z [36;1mecho "PYTHON_NO_DOTS=$(echo 3.9 | tr -dc '[:alnum:]\n\r' | tr '[:upper:]' '[:lower:]')" >> $GITHUB_OUTPUT[0m
2022-12-27T11:34:22.3728880Z shell: /bin/bash -e {0}
2022-12-27T11:34:22.3729030Z env:
2022-12-27T11:34:22.3729290Z   pythonLocation: /Users/runner/hostedtoolcache/Python/3.9.16/x64
2022-12-27T11:34:22.3729550Z   PKG_CONFIG_PATH: /Users/runner/hostedtoolcache/Python/3.9.16/x64/lib/pkgconfig
2022-12-27T11:34:22.3729760Z   Python_ROOT_DIR: /Users/runner/hostedtoolcache/Python/3.9.16/x64
2022-12-27T11:34:22.3730000Z   Python2_ROOT_DIR: /Users/runner/hostedtoolcache/Python/3.9.16/x64
2022-12-27T11:34:22.3730280Z   Python3_ROOT_DIR: /Users/runner/hostedtoolcache/Python/3.9.16/x64
2022-12-27T11:34:22.3730480Z ##[endgroup]
2022-12-27T11:34:22.3848630Z ##[group]Run rm -rf build_lxml23339
2022-12-27T11:34:22.3848960Z [36;1mrm -rf build_lxml23339[0m
2022-12-27T11:34:22.3849130Z [36;1mmkdir build_lxml23339[0m
2022-12-27T11:34:22.3849350Z [36;1mcd build_lxml23339[0m
2022-12-27T11:34:22.3849700Z [36;1m/usr/local/bin/wget --quiet https://files.pythonhosted.org/packages/09/70/9176a425aa436677dcc4ddd39b78ba598ca55683aefb47c6b7f617fa17cc/lxml-2.3.3.tar.gz[0m
2022-12-27T11:34:22.3849990Z [36;1mtar xf *.tar.gz[0m
2022-12-27T11:34:22.3850140Z [36;1mcd *[0m
2022-12-27T11:34:22.3850340Z [36;1mpython -m pip install cibuildwheel==2.11.3[0m
2022-12-27T11:34:22.3850570Z [36;1mpython -m cibuildwheel --output-dir ../wheelsout[0m
2022-12-27T11:34:22.3864110Z shell: /bin/bash -e {0}
2022-12-27T11:34:22.3864320Z env:
2022-12-27T11:34:22.3864540Z   pythonLocation: /Users/runner/hostedtoolcache/Python/3.9.16/x64
2022-12-27T11:34:22.3864860Z   PKG_CONFIG_PATH: /Users/runner/hostedtoolcache/Python/3.9.16/x64/lib/pkgconfig
2022-12-27T11:34:22.3865150Z   Python_ROOT_DIR: /Users/runner/hostedtoolcache/Python/3.9.16/x64
2022-12-27T11:34:22.3865360Z   Python2_ROOT_DIR: /Users/runner/hostedtoolcache/Python/3.9.16/x64
2022-12-27T11:34:22.3865630Z   Python3_ROOT_DIR: /Users/runner/hostedtoolcache/Python/3.9.16/x64
2022-12-27T11:34:22.3866060Z   CIBW_ARCHS_MACOS: arm64
2022-12-27T11:34:22.3866440Z   CIBW_TEST_SKIP: *_arm64
2022-12-27T11:34:22.3866680Z   CIBW_BUILD: cp39-macosx_arm64
2022-12-27T11:34:22.3866870Z   CIBW_BUILD_FRONTEND: pip
2022-12-27T11:34:22.3867060Z   CIBW_BUILD_VERBOSITY: 3
2022-12-27T11:34:22.3867350Z   CIBW_ENVIRONMENT_MACOS:  CFLAGS="-I/usr/local/opt/openssl@3/include" LDFLAGS="-L/usr/local/opt/openssl@3/lib" CPPFLAGS="-I/usr/local/opt/openssl@3/include" MAKEFLAGS="-j$(sysctl -n hw.logicalcpu)" PATH=/usr/local/opt/ccache/libexec:$PATH
2022-12-27T11:34:22.3867770Z   CIBW_BEFORE_BUILD: pip install Cython; if [[ -f requirements.txt ]]; then pip install -r requirements.txt; fi
2022-12-27T11:34:22.3868040Z   MAKEFLAGS: -j$(sysctl -n hw.logicalcpu)
2022-12-27T11:34:22.3868220Z ##[endgroup]
2022-12-27T11:34:22.8927730Z Requirement already satisfied: cibuildwheel==2.11.3 in /Users/runner/hostedtoolcache/Python/3.9.16/x64/lib/python3.9/site-packages (2.11.3)
2022-12-27T11:34:22.9174790Z Requirement already satisfied: typing-extensions>=4.1.0 in /Users/runner/hostedtoolcache/Python/3.9.16/x64/lib/python3.9/site-packages (from cibuildwheel==2.11.3) (4.4.0)
2022-12-27T11:34:22.9177760Z Requirement already satisfied: platformdirs in /Users/runner/hostedtoolcache/Python/3.9.16/x64/lib/python3.9/site-packages (from cibuildwheel==2.11.3) (2.6.0)
2022-12-27T11:34:22.9181080Z Requirement already satisfied: bracex in /Users/runner/hostedtoolcache/Python/3.9.16/x64/lib/python3.9/site-packages (from cibuildwheel==2.11.3) (2.3.post1)
2022-12-27T11:34:22.9186940Z Requirement already satisfied: bashlex!=0.13 in /Users/runner/hostedtoolcache/Python/3.9.16/x64/lib/python3.9/site-packages (from cibuildwheel==2.11.3) (0.16)
2022-12-27T11:34:22.9190350Z Requirement already satisfied: filelock in /Users/runner/hostedtoolcache/Python/3.9.16/x64/lib/python3.9/site-packages (from cibuildwheel==2.11.3) (3.8.2)
2022-12-27T11:34:22.9195080Z Requirement already satisfied: packaging>=20.9 in /Users/runner/hostedtoolcache/Python/3.9.16/x64/lib/python3.9/site-packages (from cibuildwheel==2.11.3) (22.0)
2022-12-27T11:34:22.9201440Z Requirement already satisfied: tomli in /Users/runner/hostedtoolcache/Python/3.9.16/x64/lib/python3.9/site-packages (from cibuildwheel==2.11.3) (2.0.1)
2022-12-27T11:34:22.9204410Z Requirement already satisfied: certifi in /Users/runner/hostedtoolcache/Python/3.9.16/x64/lib/python3.9/site-packages (from cibuildwheel==2.11.3) (2022.12.7)
2022-12-27T11:34:23.0962370Z 
2022-12-27T11:34:23.0962780Z      _ _       _ _   _       _           _
2022-12-27T11:34:23.0963680Z  ___|_| |_ _ _|_| |_| |_ _ _| |_ ___ ___| |
2022-12-27T11:34:23.0964640Z |  _| | . | | | | | . | | | |   | -_| -_| |
2022-12-27T11:34:23.0965410Z |___|_|___|___|_|_|___|_____|_|_|___|___|_|
2022-12-27T11:34:23.0966400Z 
2022-12-27T11:34:23.0966590Z cibuildwheel version 2.11.3
2022-12-27T11:34:23.0966850Z 
2022-12-27T11:34:23.0967000Z Build options:
2022-12-27T11:34:23.0967310Z   platform: macos
2022-12-27T11:34:23.1074910Z   architectures: arm64[0m
2022-12-27T11:34:23.1075640Z   build_selector: 
2022-12-27T11:34:23.1076360Z     build_config: cp39-macosx_arm64
2022-12-27T11:34:23.1076890Z     skip_config: 
2022-12-27T11:34:23.1077380Z     requires_python: None
2022-12-27T11:34:23.1078160Z     prerelease_pythons: False[0m
2022-12-27T11:34:23.1078730Z   [38;5;244mcontainer_engine: docker[0m
2022-12-27T11:34:23.1079340Z   output_dir: /Users/runner/actions-runner/_work/python.build/python.build/build_lxml23339/wheelsout[0m
2022-12-27T11:34:23.1079960Z   package_dir: /Users/runner/actions-runner/_work/python.build/python.build/build_lxml23339/lxml-2.3.3[0m
2022-12-27T11:34:23.1080300Z   test_selector: 
2022-12-27T11:34:23.1080750Z     skip_config: *_arm64[0m
2022-12-27T11:34:23.1081100Z   [38;5;244mbefore_all: [0m
2022-12-27T11:34:23.1081560Z   before_build: pip install Cython; if [[ -f requirements.txt ]]; then pip install -r requirements.txt; fi[0m
2022-12-27T11:34:23.1082000Z   [38;5;244mbefore_test: [0m
2022-12-27T11:34:23.1082400Z   [38;5;244mbuild_frontend: pip[0m
2022-12-27T11:34:23.1082700Z   build_verbosity: 3[0m
2022-12-27T11:34:23.1083040Z   [38;5;244mconfig_settings: [0m
2022-12-27T11:34:23.1083360Z   [38;5;244mdependency_constraints: pinned[0m
2022-12-27T11:34:23.1083590Z   environment: 
2022-12-27T11:34:23.1083900Z     CFLAGS="-I/usr/local/opt/openssl@3/include"
2022-12-27T11:34:23.1084210Z     LDFLAGS="-L/usr/local/opt/openssl@3/lib"
2022-12-27T11:34:23.1084540Z     CPPFLAGS="-I/usr/local/opt/openssl@3/include"
2022-12-27T11:34:23.1084830Z     MAKEFLAGS="-j$(sysctl -n hw.logicalcpu)"
2022-12-27T11:34:23.1085150Z     PATH=/usr/local/opt/ccache/libexec:$PATH[0m
2022-12-27T11:34:23.1085500Z   [38;5;244mmanylinux_images: None[0m
2022-12-27T11:34:23.1085760Z   [38;5;244mmusllinux_images: None[0m
2022-12-27T11:34:23.1086160Z   [38;5;244mrepair_command: delocate-wheel --require-archs {delocate_archs} -w {dest_dir} -v {wheel}[0m
2022-12-27T11:34:23.1086830Z   [38;5;244mtest_command: [0m
2022-12-27T11:34:23.1087060Z   [38;5;244mtest_extras: [0m
2022-12-27T11:34:23.1087380Z   [38;5;244mtest_requires: [0m
2022-12-27T11:34:23.1087520Z 
2022-12-27T11:34:23.1087660Z Cache folder: /Users/runner/Library/Caches/cibuildwheel
2022-12-27T11:34:23.1093760Z 
2022-12-27T11:34:23.1093960Z Here we go!
2022-12-27T11:34:23.1094120Z 
2022-12-27T11:34:23.1148380Z 
2022-12-27T11:34:23.1148930Z [1m[34mBuilding cp39-macosx_arm64 wheel[0m
2022-12-27T11:34:23.1149550Z CPython 3.9 macOS arm64 - Apple Silicon
2022-12-27T11:34:23.1149740Z 
2022-12-27T11:34:23.1151910Z ##[group]Installing Python cp39...
2022-12-27T11:34:23.1152150Z 
2022-12-27T11:34:23.1152470Z + pkgutil --pkgs
2022-12-27T11:34:23.1264130Z ##[endgroup]
2022-12-27T11:34:23.1265150Z                                                               [32m✓ [0m0.01s
2022-12-27T11:34:23.1265570Z ##[group]Setting up build environment...
2022-12-27T11:34:23.1265720Z 
2022-12-27T11:34:23.1286520Z + /Users/runner/hostedtoolcache/Python/3.9.16/x64/bin/python -sS /Users/runner/Library/Caches/cibuildwheel/virtualenv-20.17.0.pyz --activators= --no-periodic-update --pip=22.3.1 --setuptools=65.6.3 --wheel=0.38.4 --symlink-app-data --python /Library/Frameworks/Python.framework/Versions/3.9/bin/python3 /private/var/folders/51/hd414ycd67n82196sw51xqtc0000gn/T/cibw-run-_xu9o5em/cp39-macosx_arm64/build/venv
2022-12-27T11:34:23.3214340Z created virtual environment CPython3.9.13.final.0-64 in 54ms
2022-12-27T11:34:23.3215640Z   creator CPython3Posix(dest=/private/var/folders/51/hd414ycd67n82196sw51xqtc0000gn/T/cibw-run-_xu9o5em/cp39-macosx_arm64/build/venv, clear=False, no_vcs_ignore=False, global=False)
2022-12-27T11:34:23.3216430Z   seeder FromAppData(download=False, pip=22.3.1, setuptools=65.6.3, wheel=0.38.4, via=symlink, app_data_dir=/Users/runner/Library/Application Support/virtualenv)
2022-12-27T11:34:23.3216830Z     added seed packages: pip==22.3.1, setuptools==65.6.3, wheel==0.38.4
2022-12-27T11:34:23.3311470Z + python -m pip install --upgrade pip -c /Users/runner/hostedtoolcache/Python/3.9.16/x64/lib/python3.9/site-packages/cibuildwheel/resources/constraints-python39.txt
2022-12-27T11:34:23.6347110Z Requirement already satisfied: pip in ./lib/python3.9/site-packages (22.3.1)
2022-12-27T11:34:23.7849470Z + which pip
2022-12-27T11:34:23.7870860Z /private/var/folders/51/hd414ycd67n82196sw51xqtc0000gn/T/cibw-run-_xu9o5em/cp39-macosx_arm64/build/venv/bin/pip
2022-12-27T11:34:23.7872940Z + pip --version
2022-12-27T11:34:24.0085710Z pip 22.3.1 from /private/var/folders/51/hd414ycd67n82196sw51xqtc0000gn/T/cibw-run-_xu9o5em/cp39-macosx_arm64/build/venv/lib/python3.9/site-packages/pip (python 3.9)
2022-12-27T11:34:24.0334370Z + which pip
2022-12-27T11:34:24.0364590Z + which python
2022-12-27T11:34:24.0386170Z /private/var/folders/51/hd414ycd67n82196sw51xqtc0000gn/T/cibw-run-_xu9o5em/cp39-macosx_arm64/build/venv/bin/python
2022-12-27T11:34:24.0389200Z + python --version
2022-12-27T11:34:24.0442210Z Python 3.9.13
2022-12-27T11:34:24.0445810Z + which python
2022-12-27T11:34:24.0502140Z ##[endgroup]
2022-12-27T11:34:24.0503060Z                                                               [32m✓ [0m0.92s
2022-12-27T11:34:24.0503890Z ##[group]Installing build tools...
2022-12-27T11:34:24.0504030Z 
2022-12-27T11:34:24.0504570Z + pip install --upgrade setuptools wheel delocate -c /Users/runner/hostedtoolcache/Python/3.9.16/x64/lib/python3.9/site-packages/cibuildwheel/resources/constraints-python39.txt
2022-12-27T11:34:24.3575180Z Requirement already satisfied: setuptools in /private/var/folders/51/hd414ycd67n82196sw51xqtc0000gn/T/cibw-run-_xu9o5em/cp39-macosx_arm64/build/venv/lib/python3.9/site-packages (65.6.3)
2022-12-27T11:34:24.5901180Z Requirement already satisfied: wheel in /private/var/folders/51/hd414ycd67n82196sw51xqtc0000gn/T/cibw-run-_xu9o5em/cp39-macosx_arm64/build/venv/lib/python3.9/site-packages (0.38.4)
2022-12-27T11:34:24.6455320Z Collecting delocate
2022-12-27T11:34:24.6537290Z   Using cached delocate-0.10.3-py3-none-any.whl (142 kB)
2022-12-27T11:34:24.6856620Z Collecting packaging>=20.9
2022-12-27T11:34:24.6879580Z   Using cached packaging-21.3-py3-none-any.whl (40 kB)
2022-12-27T11:34:24.7060870Z Collecting typing-extensions
2022-12-27T11:34:24.7083160Z   Using cached typing_extensions-4.4.0-py3-none-any.whl (26 kB)
2022-12-27T11:34:24.7484470Z Collecting pyparsing!=3.0.5,>=2.0.2
2022-12-27T11:34:24.7512050Z   Using cached pyparsing-3.0.9-py3-none-any.whl (98 kB)
2022-12-27T11:34:24.7865620Z Installing collected packages: typing-extensions, pyparsing, packaging, delocate
2022-12-27T11:34:24.9403680Z Successfully installed delocate-0.10.3 packaging-21.3 pyparsing-3.0.9 typing-extensions-4.4.0
2022-12-27T11:34:24.9854490Z ##[endgroup]
2022-12-27T11:34:24.9855090Z                                                               [32m✓ [0m0.94s
2022-12-27T11:34:24.9855520Z ##[group]Running before_build...
2022-12-27T11:34:24.9855660Z 
2022-12-27T11:34:24.9861610Z + pip install Cython; if [[ -f requirements.txt ]]; then pip install -r requirements.txt; fi
2022-12-27T11:34:25.6861880Z Collecting Cython
2022-12-27T11:34:25.6910230Z   Using cached Cython-0.29.32-py2.py3-none-any.whl (986 kB)
2022-12-27T11:34:25.7400290Z Installing collected packages: Cython
2022-12-27T11:34:26.2104690Z Successfully installed Cython-0.29.32
2022-12-27T11:34:26.2562480Z ##[endgroup]
2022-12-27T11:34:26.2563080Z                                                               [32m✓ [0m1.27s
2022-12-27T11:34:26.2563510Z ##[group]Building wheel...
2022-12-27T11:34:26.2563640Z 
2022-12-27T11:34:26.2568740Z + python -m pip wheel /Users/runner/actions-runner/_work/python.build/python.build/build_lxml23339/lxml-2.3.3 --wheel-dir=/private/var/folders/51/hd414ycd67n82196sw51xqtc0000gn/T/cibw-run-_xu9o5em/cp39-macosx_arm64/built_wheel --no-deps -vvv
2022-12-27T11:34:26.5353960Z Created temporary directory: /private/var/folders/51/hd414ycd67n82196sw51xqtc0000gn/T/pip-ephem-wheel-cache-_9oqtofi
2022-12-27T11:34:26.5358450Z Created temporary directory: /private/var/folders/51/hd414ycd67n82196sw51xqtc0000gn/T/pip-build-tracker-t6stgzxu
2022-12-27T11:34:26.5360470Z Initialized build tracking at /private/var/folders/51/hd414ycd67n82196sw51xqtc0000gn/T/pip-build-tracker-t6stgzxu
2022-12-27T11:34:26.5361690Z Created build tracker: /private/var/folders/51/hd414ycd67n82196sw51xqtc0000gn/T/pip-build-tracker-t6stgzxu
2022-12-27T11:34:26.5363190Z Entered build tracker: /private/var/folders/51/hd414ycd67n82196sw51xqtc0000gn/T/pip-build-tracker-t6stgzxu
2022-12-27T11:34:26.5366710Z Created temporary directory: /private/var/folders/51/hd414ycd67n82196sw51xqtc0000gn/T/pip-wheel-87koqu85
2022-12-27T11:34:26.5373060Z Created temporary directory: /private/var/folders/51/hd414ycd67n82196sw51xqtc0000gn/T/pip-ephem-wheel-cache-3z8jvsep
2022-12-27T11:34:26.5529590Z Processing /Users/runner/actions-runner/_work/python.build/python.build/build_lxml23339/lxml-2.3.3
2022-12-27T11:34:26.5535090Z   Added file:///Users/runner/actions-runner/_work/python.build/python.build/build_lxml23339/lxml-2.3.3 to build tracker '/private/var/folders/51/hd414ycd67n82196sw51xqtc0000gn/T/pip-build-tracker-t6stgzxu'
2022-12-27T11:34:26.5539530Z   Running setup.py (path:/Users/runner/actions-runner/_work/python.build/python.build/build_lxml23339/lxml-2.3.3/setup.py) egg_info for package from file:///Users/runner/actions-runner/_work/python.build/python.build/build_lxml23339/lxml-2.3.3
2022-12-27T11:34:26.5542430Z   Created temporary directory: /private/var/folders/51/hd414ycd67n82196sw51xqtc0000gn/T/pip-pip-egg-info-abvfzmmt
2022-12-27T11:34:26.5543740Z   Preparing metadata (setup.py): started
2022-12-27T11:34:26.5545660Z   Running command python setup.py egg_info
2022-12-27T11:34:26.9297410Z   Building lxml version 2.3.3.
2022-12-27T11:34:26.9298720Z   Building with Cython 0.29.32.
2022-12-27T11:34:26.9300040Z   Using build configuration of libxslt 1.1.29
2022-12-27T11:34:26.9302120Z   Building against libxml2/libxslt in the following directory: /Library/Developer/CommandLineTools/SDKs/MacOSX12.1.sdk/usr/lib
2022-12-27T11:34:26.9303210Z   running egg_info
2022-12-27T11:34:26.9305380Z   creating /private/var/folders/51/hd414ycd67n82196sw51xqtc0000gn/T/pip-pip-egg-info-abvfzmmt/lxml.egg-info
2022-12-27T11:34:26.9309440Z   writing /private/var/folders/51/hd414ycd67n82196sw51xqtc0000gn/T/pip-pip-egg-info-abvfzmmt/lxml.egg-info/PKG-INFO
2022-12-27T11:34:26.9314280Z   writing dependency_links to /private/var/folders/51/hd414ycd67n82196sw51xqtc0000gn/T/pip-pip-egg-info-abvfzmmt/lxml.egg-info/dependency_links.txt
2022-12-27T11:34:26.9318090Z   writing top-level names to /private/var/folders/51/hd414ycd67n82196sw51xqtc0000gn/T/pip-pip-egg-info-abvfzmmt/lxml.egg-info/top_level.txt
2022-12-27T11:34:26.9320150Z   writing manifest file '/private/var/folders/51/hd414ycd67n82196sw51xqtc0000gn/T/pip-pip-egg-info-abvfzmmt/lxml.egg-info/SOURCES.txt'
2022-12-27T11:34:26.9387720Z   reading manifest file '/private/var/folders/51/hd414ycd67n82196sw51xqtc0000gn/T/pip-pip-egg-info-abvfzmmt/lxml.egg-info/SOURCES.txt'
2022-12-27T11:34:26.9389720Z   reading manifest template 'MANIFEST.in'
2022-12-27T11:34:27.0371480Z   adding license file 'LICENSES.txt'
2022-12-27T11:34:27.0436340Z   writing manifest file '/private/var/folders/51/hd414ycd67n82196sw51xqtc0000gn/T/pip-pip-egg-info-abvfzmmt/lxml.egg-info/SOURCES.txt'
2022-12-27T11:34:27.0696930Z   Preparing metadata (setup.py): finished with status 'done'
2022-12-27T11:34:27.0722830Z   Source in /Users/runner/actions-runner/_work/python.build/python.build/build_lxml23339/lxml-2.3.3 has version 2.3.3, which satisfies requirement lxml==2.3.3 from file:///Users/runner/actions-runner/_work/python.build/python.build/build_lxml23339/lxml-2.3.3
2022-12-27T11:34:27.0726840Z   Removed lxml==2.3.3 from file:///Users/runner/actions-runner/_work/python.build/python.build/build_lxml23339/lxml-2.3.3 from build tracker '/private/var/folders/51/hd414ycd67n82196sw51xqtc0000gn/T/pip-build-tracker-t6stgzxu'
2022-12-27T11:34:27.0743620Z Created temporary directory: /private/var/folders/51/hd414ycd67n82196sw51xqtc0000gn/T/pip-unpack-qysf019f
2022-12-27T11:34:27.0745510Z Building wheels for collected packages: lxml
2022-12-27T11:34:27.0751220Z   Created temporary directory: /private/var/folders/51/hd414ycd67n82196sw51xqtc0000gn/T/pip-wheel-htzh3ext
2022-12-27T11:34:27.0753120Z   Building wheel for lxml (setup.py): started
2022-12-27T11:34:27.0755070Z   Destination directory: /private/var/folders/51/hd414ycd67n82196sw51xqtc0000gn/T/pip-wheel-htzh3ext
2022-12-27T11:34:27.0756350Z   Running command python setup.py bdist_wheel
2022-12-27T11:34:27.3211070Z   Building lxml version 2.3.3.
2022-12-27T11:34:27.3213350Z   Building with Cython 0.29.32.
2022-12-27T11:34:27.3348670Z   Using build configuration of libxslt 1.1.29
2022-12-27T11:34:27.4312340Z   Building against libxml2/libxslt in the following directory: /Library/Developer/CommandLineTools/SDKs/MacOSX12.1.sdk/usr/lib
2022-12-27T11:34:27.4548720Z   running bdist_wheel
2022-12-27T11:34:27.4592770Z   running build
2022-12-27T11:34:27.4594810Z   running build_py
2022-12-27T11:34:27.4616580Z   creating build
2022-12-27T11:34:27.4618940Z   creating build/lib.macosx-11.0-arm64-cpython-39
2022-12-27T11:34:27.4621060Z   creating build/lib.macosx-11.0-arm64-cpython-39/lxml
2022-12-27T11:34:27.4623270Z   copying src/lxml/_elementpath.py -> build/lib.macosx-11.0-arm64-cpython-39/lxml
2022-12-27T11:34:27.4624580Z   copying src/lxml/sax.py -> build/lib.macosx-11.0-arm64-cpython-39/lxml
2022-12-27T11:34:27.4626250Z   copying src/lxml/pyclasslookup.py -> build/lib.macosx-11.0-arm64-cpython-39/lxml
2022-12-27T11:34:27.4627860Z   copying src/lxml/__init__.py -> build/lib.macosx-11.0-arm64-cpython-39/lxml
2022-12-27T11:34:27.4631400Z   copying src/lxml/builder.py -> build/lib.macosx-11.0-arm64-cpython-39/lxml
2022-12-27T11:34:27.4633630Z   copying src/lxml/doctestcompare.py -> build/lib.macosx-11.0-arm64-cpython-39/lxml
2022-12-27T11:34:27.4636140Z   copying src/lxml/usedoctest.py -> build/lib.macosx-11.0-arm64-cpython-39/lxml
2022-12-27T11:34:27.4640040Z   copying src/lxml/cssselect.py -> build/lib.macosx-11.0-arm64-cpython-39/lxml
2022-12-27T11:34:27.4642110Z   copying src/lxml/ElementInclude.py -> build/lib.macosx-11.0-arm64-cpython-39/lxml
2022-12-27T11:34:27.4649400Z   creating build/lib.macosx-11.0-arm64-cpython-39/lxml/html
2022-12-27T11:34:27.4651630Z   copying src/lxml/html/soupparser.py -> build/lib.macosx-11.0-arm64-cpython-39/lxml/html
2022-12-27T11:34:27.4653820Z   copying src/lxml/html/defs.py -> build/lib.macosx-11.0-arm64-cpython-39/lxml/html
2022-12-27T11:34:27.4656570Z   copying src/lxml/html/_setmixin.py -> build/lib.macosx-11.0-arm64-cpython-39/lxml/html
2022-12-27T11:34:27.4659610Z   copying src/lxml/html/clean.py -> build/lib.macosx-11.0-arm64-cpython-39/lxml/html
2022-12-27T11:34:27.4662030Z   copying src/lxml/html/_diffcommand.py -> build/lib.macosx-11.0-arm64-cpython-39/lxml/html
2022-12-27T11:34:27.4664320Z   copying src/lxml/html/html5parser.py -> build/lib.macosx-11.0-arm64-cpython-39/lxml/html
2022-12-27T11:34:27.4668090Z   copying src/lxml/html/__init__.py -> build/lib.macosx-11.0-arm64-cpython-39/lxml/html
2022-12-27T11:34:27.4670270Z   copying src/lxml/html/formfill.py -> build/lib.macosx-11.0-arm64-cpython-39/lxml/html
2022-12-27T11:34:27.4672790Z   copying src/lxml/html/builder.py -> build/lib.macosx-11.0-arm64-cpython-39/lxml/html
2022-12-27T11:34:27.4675270Z   copying src/lxml/html/ElementSoup.py -> build/lib.macosx-11.0-arm64-cpython-39/lxml/html
2022-12-27T11:34:27.4677740Z   copying src/lxml/html/_html5builder.py -> build/lib.macosx-11.0-arm64-cpython-39/lxml/html
2022-12-27T11:34:27.4680610Z   copying src/lxml/html/usedoctest.py -> build/lib.macosx-11.0-arm64-cpython-39/lxml/html
2022-12-27T11:34:27.4683050Z   copying src/lxml/html/diff.py -> build/lib.macosx-11.0-arm64-cpython-39/lxml/html
2022-12-27T11:34:27.4687070Z   copying src/lxml/html/_dictmixin.py -> build/lib.macosx-11.0-arm64-cpython-39/lxml/html
2022-12-27T11:34:27.4690910Z   creating build/lib.macosx-11.0-arm64-cpython-39/lxml/isoschematron
2022-12-27T11:34:27.4692150Z   copying src/lxml/isoschematron/__init__.py -> build/lib.macosx-11.0-arm64-cpython-39/lxml/isoschematron
2022-12-27T11:34:27.4704940Z   copying src/lxml/etreepublic.pxd -> build/lib.macosx-11.0-arm64-cpython-39/lxml
2022-12-27T11:34:27.4708450Z   copying src/lxml/tree.pxd -> build/lib.macosx-11.0-arm64-cpython-39/lxml
2022-12-27T11:34:27.4711610Z   copying src/lxml/etree_defs.h -> build/lib.macosx-11.0-arm64-cpython-39/lxml
2022-12-27T11:34:27.4714850Z   creating build/lib.macosx-11.0-arm64-cpython-39/lxml/isoschematron/resources
2022-12-27T11:34:27.4717030Z   creating build/lib.macosx-11.0-arm64-cpython-39/lxml/isoschematron/resources/rng
2022-12-27T11:34:27.4718930Z   copying src/lxml/isoschematron/resources/rng/iso-schematron.rng -> build/lib.macosx-11.0-arm64-cpython-39/lxml/isoschematron/resources/rng
2022-12-27T11:34:27.4721630Z   creating build/lib.macosx-11.0-arm64-cpython-39/lxml/isoschematron/resources/xsl
2022-12-27T11:34:27.4723360Z   copying src/lxml/isoschematron/resources/xsl/XSD2Schtrn.xsl -> build/lib.macosx-11.0-arm64-cpython-39/lxml/isoschematron/resources/xsl
2022-12-27T11:34:27.4724910Z   copying src/lxml/isoschematron/resources/xsl/RNG2Schtrn.xsl -> build/lib.macosx-11.0-arm64-cpython-39/lxml/isoschematron/resources/xsl
2022-12-27T11:34:27.4728550Z   creating build/lib.macosx-11.0-arm64-cpython-39/lxml/isoschematron/resources/xsl/iso-schematron-xslt1
2022-12-27T11:34:27.4730410Z   copying src/lxml/isoschematron/resources/xsl/iso-schematron-xslt1/iso_abstract_expand.xsl -> build/lib.macosx-11.0-arm64-cpython-39/lxml/isoschematron/resources/xsl/iso-schematron-xslt1
2022-12-27T11:34:27.4733570Z   copying src/lxml/isoschematron/resources/xsl/iso-schematron-xslt1/iso_dsdl_include.xsl -> build/lib.macosx-11.0-arm64-cpython-39/lxml/isoschematron/resources/xsl/iso-schematron-xslt1
2022-12-27T11:34:27.4736360Z   copying src/lxml/isoschematron/resources/xsl/iso-schematron-xslt1/iso_schematron_skeleton_for_xslt1.xsl -> build/lib.macosx-11.0-arm64-cpython-39/lxml/isoschematron/resources/xsl/iso-schematron-xslt1
2022-12-27T11:34:27.4740320Z   copying src/lxml/isoschematron/resources/xsl/iso-schematron-xslt1/iso_svrl_for_xslt1.xsl -> build/lib.macosx-11.0-arm64-cpython-39/lxml/isoschematron/resources/xsl/iso-schematron-xslt1
2022-12-27T11:34:27.4743790Z   copying src/lxml/isoschematron/resources/xsl/iso-schematron-xslt1/iso_schematron_message.xsl -> build/lib.macosx-11.0-arm64-cpython-39/lxml/isoschematron/resources/xsl/iso-schematron-xslt1
2022-12-27T11:34:27.4746890Z   copying src/lxml/isoschematron/resources/xsl/iso-schematron-xslt1/readme.txt -> build/lib.macosx-11.0-arm64-cpython-39/lxml/isoschematron/resources/xsl/iso-schematron-xslt1
2022-12-27T11:34:27.4758510Z   running build_ext
2022-12-27T11:34:27.5159190Z   skipping 'src/lxml/lxml.etree.c' Cython extension (up-to-date)
2022-12-27T11:34:27.5161250Z   skipping 'src/lxml/lxml.objectify.c' Cython extension (up-to-date)
2022-12-27T11:34:27.5163620Z   building 'lxml.etree' extension
2022-12-27T11:34:27.5165090Z   creating build/temp.macosx-11.0-arm64-cpython-39
2022-12-27T11:34:27.5166710Z   creating build/temp.macosx-11.0-arm64-cpython-39/src
2022-12-27T11:34:27.5168340Z   creating build/temp.macosx-11.0-arm64-cpython-39/src/lxml
2022-12-27T11:34:27.5171170Z   gcc -Wno-unused-result -Wsign-compare -Wunreachable-code -fno-common -dynamic -DNDEBUG -g -fwrapv -O3 -Wall -g -I/usr/local/opt/openssl@3/include -I/usr/local/opt/openssl@3/include -arch arm64 -I/Library/Developer/CommandLineTools/SDKs/MacOSX12.1.sdk/usr/include -I/private/var/folders/51/hd414ycd67n82196sw51xqtc0000gn/T/cibw-run-_xu9o5em/cp39-macosx_arm64/build/venv/include -I/Library/Frameworks/Python.framework/Versions/3.9/include/python3.9 -c src/lxml/lxml.etree.c -o build/temp.macosx-11.0-arm64-cpython-39/src/lxml/lxml.etree.o -w -flat_namespace
2022-12-27T11:34:28.1259210Z   src/lxml/lxml.etree.c:164389:24: error: no member named 'exc_type' in 'struct _ts'
2022-12-27T11:34:28.1261470Z       tmp_type = tstate->exc_type;
2022-12-27T11:34:28.1262910Z                  ~~~~~~  ^
2022-12-27T11:34:28.1266080Z   src/lxml/lxml.etree.c:164390:25: error: no member named 'exc_value' in 'struct _ts'; did you mean 'curexc_value'?
2022-12-27T11:34:28.1266480Z       tmp_value = tstate->exc_value;
2022-12-27T11:34:28.1267820Z                           ^~~~~~~~~
2022-12-27T11:34:28.1269360Z                           curexc_value
2022-12-27T11:34:28.1271060Z   /Library/Frameworks/Python.framework/Versions/3.9/include/python3.9/cpython/pystate.h:78:15: note: 'curexc_value' declared here
2022-12-27T11:34:28.1272290Z       PyObject *curexc_value;
2022-12-27T11:34:28.1273550Z                 ^
2022-12-27T11:34:28.1275490Z   src/lxml/lxml.etree.c:164391:22: error: no member named 'exc_traceback' in 'struct _ts'; did you mean 'curexc_traceback'?
2022-12-27T11:34:28.1276710Z       tmp_tb = tstate->exc_traceback;
2022-12-27T11:34:28.1278330Z                        ^~~~~~~~~~~~~
2022-12-27T11:34:28.1344490Z                        curexc_traceback
2022-12-27T11:34:28.1344930Z   /Library/Frameworks/Python.framework/Versions/3.9/include/python3.9/cpython/pystate.h:79:15: note: 'curexc_traceback' declared here
2022-12-27T11:34:28.1345210Z       PyObject *curexc_traceback;
2022-12-27T11:34:28.1345440Z                 ^
2022-12-27T11:34:28.1347420Z   src/lxml/lxml.etree.c:164392:13: error: no member named 'exc_type' in 'struct _ts'
2022-12-27T11:34:28.1349120Z       tstate->exc_type = local_type;
2022-12-27T11:34:28.1349750Z       ~~~~~~  ^
2022-12-27T11:34:28.1350760Z   src/lxml/lxml.etree.c:164393:13: error: no member named 'exc_value' in 'struct _ts'; did you mean 'curexc_value'?
2022-12-27T11:34:28.1351510Z       tstate->exc_value = local_value;
2022-12-27T11:34:28.1351900Z               ^~~~~~~~~
2022-12-27T11:34:28.1352220Z               curexc_value
2022-12-27T11:34:28.1353090Z   /Library/Frameworks/Python.framework/Versions/3.9/include/python3.9/cpython/pystate.h:78:15: note: 'curexc_value' declared here
2022-12-27T11:34:28.1353600Z       PyObject *curexc_value;
2022-12-27T11:34:28.1353850Z                 ^
2022-12-27T11:34:28.1354520Z   src/lxml/lxml.etree.c:164394:13: error: no member named 'exc_traceback' in 'struct _ts'; did you mean 'curexc_traceback'?
2022-12-27T11:34:28.1355510Z       tstate->exc_traceback = local_tb;
2022-12-27T11:34:28.1355780Z               ^~~~~~~~~~~~~
2022-12-27T11:34:28.1356080Z               curexc_traceback
2022-12-27T11:34:28.1357080Z   /Library/Frameworks/Python.framework/Versions/3.9/include/python3.9/cpython/pystate.h:79:15: note: 'curexc_traceback' declared here
2022-12-27T11:34:28.1357650Z       PyObject *curexc_traceback;
2022-12-27T11:34:28.1357930Z                 ^
2022-12-27T11:34:28.1358750Z   src/lxml/lxml.etree.c:164558:21: error: no member named 'exc_type' in 'struct _ts'
2022-12-27T11:34:28.1359270Z       *type = tstate->exc_type;
2022-12-27T11:34:28.1359540Z               ~~~~~~  ^
2022-12-27T11:34:28.1360150Z   src/lxml/lxml.etree.c:164559:22: error: no member named 'exc_value' in 'struct _ts'; did you mean 'curexc_value'?
2022-12-27T11:34:28.1360630Z       *value = tstate->exc_value;
2022-12-27T11:34:28.1360950Z                        ^~~~~~~~~
2022-12-27T11:34:28.1361210Z                        curexc_value
2022-12-27T11:34:28.1361850Z   /Library/Frameworks/Python.framework/Versions/3.9/include/python3.9/cpython/pystate.h:78:15: note: 'curexc_value' declared here
2022-12-27T11:34:28.1362320Z       PyObject *curexc_value;
2022-12-27T11:34:28.1362600Z                 ^
2022-12-27T11:34:28.1363260Z   src/lxml/lxml.etree.c:164560:19: error: no member named 'exc_traceback' in 'struct _ts'; did you mean 'curexc_traceback'?
2022-12-27T11:34:28.1364110Z       *tb = tstate->exc_traceback;
2022-12-27T11:34:28.1364420Z                     ^~~~~~~~~~~~~
2022-12-27T11:34:28.1364620Z                     curexc_traceback
2022-12-27T11:34:28.1365420Z   /Library/Frameworks/Python.framework/Versions/3.9/include/python3.9/cpython/pystate.h:79:15: note: 'curexc_traceback' declared here
2022-12-27T11:34:28.1365840Z       PyObject *curexc_traceback;
2022-12-27T11:34:28.1366050Z                 ^
2022-12-27T11:34:28.1366460Z   src/lxml/lxml.etree.c:164569:24: error: no member named 'exc_type' in 'struct _ts'
2022-12-27T11:34:28.1366850Z       tmp_type = tstate->exc_type;
2022-12-27T11:34:28.1367060Z                  ~~~~~~  ^
2022-12-27T11:34:28.1367500Z   src/lxml/lxml.etree.c:164570:25: error: no member named 'exc_value' in 'struct _ts'; did you mean 'curexc_value'?
2022-12-27T11:34:28.1367910Z       tmp_value = tstate->exc_value;
2022-12-27T11:34:28.1368150Z                           ^~~~~~~~~
2022-12-27T11:34:28.1368360Z                           curexc_value
2022-12-27T11:34:28.1368840Z   /Library/Frameworks/Python.framework/Versions/3.9/include/python3.9/cpython/pystate.h:78:15: note: 'curexc_value' declared here
2022-12-27T11:34:28.1369470Z       PyObject *curexc_value;
2022-12-27T11:34:28.1369680Z                 ^
2022-12-27T11:34:28.1370160Z   src/lxml/lxml.etree.c:164571:22: error: no member named 'exc_traceback' in 'struct _ts'; did you mean 'curexc_traceback'?
2022-12-27T11:34:28.1370560Z       tmp_tb = tstate->exc_traceback;
2022-12-27T11:34:28.1370830Z                        ^~~~~~~~~~~~~
2022-12-27T11:34:28.1371040Z                        curexc_traceback
2022-12-27T11:34:28.1371910Z   /Library/Frameworks/Python.framework/Versions/3.9/include/python3.9/cpython/pystate.h:79:15: note: 'curexc_traceback' declared here
2022-12-27T11:34:28.1372280Z       PyObject *curexc_traceback;
2022-12-27T11:34:28.1372510Z                 ^
2022-12-27T11:34:28.1372830Z   src/lxml/lxml.etree.c:164572:13: error: no member named 'exc_type' in 'struct _ts'
2022-12-27T11:34:28.1373200Z       tstate->exc_type = type;
2022-12-27T11:34:28.1373440Z       ~~~~~~  ^
2022-12-27T11:34:28.1373830Z   src/lxml/lxml.etree.c:164573:13: error: no member named 'exc_value' in 'struct _ts'; did you mean 'curexc_value'?
2022-12-27T11:34:28.1374180Z       tstate->exc_value = value;
2022-12-27T11:34:28.1374390Z               ^~~~~~~~~
2022-12-27T11:34:28.1374590Z               curexc_value
2022-12-27T11:34:28.1375150Z   /Library/Frameworks/Python.framework/Versions/3.9/include/python3.9/cpython/pystate.h:78:15: note: 'curexc_value' declared here
2022-12-27T11:34:28.1375740Z       PyObject *curexc_value;
2022-12-27T11:34:28.1376000Z                 ^
2022-12-27T11:34:28.1376430Z   src/lxml/lxml.etree.c:164574:13: error: no member named 'exc_traceback' in 'struct _ts'; did you mean 'curexc_traceback'?
2022-12-27T11:34:28.1376810Z       tstate->exc_traceback = tb;
2022-12-27T11:34:28.1377040Z               ^~~~~~~~~~~~~
2022-12-27T11:34:28.1377230Z               curexc_traceback
2022-12-27T11:34:28.1377710Z   /Library/Frameworks/Python.framework/Versions/3.9/include/python3.9/cpython/pystate.h:79:15: note: 'curexc_traceback' declared here
2022-12-27T11:34:28.1378260Z       PyObject *curexc_traceback;
2022-12-27T11:34:28.1379760Z                 ^
2022-12-27T11:34:28.1381670Z   15 errors generated.
2022-12-27T11:34:28.1407400Z   error: command '/usr/bin/gcc' failed with exit code 1
2022-12-27T11:34:28.1751980Z   error: subprocess-exited-with-error
2022-12-27T11:34:28.1752360Z   
2022-12-27T11:34:28.1752770Z   × python setup.py bdist_wheel did not run successfully.
2022-12-27T11:34:28.1753120Z   │ exit code: 1
2022-12-27T11:34:28.1753430Z   ╰─> See above for output.
2022-12-27T11:34:28.1753600Z   
2022-12-27T11:34:28.1753880Z   note: This error originates from a subprocess, and is likely not a problem with pip.
2022-12-27T11:34:28.1761620Z   full command: /private/var/folders/51/hd414ycd67n82196sw51xqtc0000gn/T/cibw-run-_xu9o5em/cp39-macosx_arm64/build/venv/bin/python -u -c '
2022-12-27T11:34:28.1762180Z   exec(compile('"'"''"'"''"'"'
2022-12-27T11:34:28.1762630Z   # This is <pip-setuptools-caller> -- a caller that pip uses to run setup.py
2022-12-27T11:34:28.1763040Z   #
2022-12-27T11:34:28.1763550Z   # - It imports setuptools before invoking setup.py, to enable projects that directly
2022-12-27T11:34:28.1764440Z   #   import from `distutils.core` to work with newer packaging standards.
2022-12-27T11:34:28.1765000Z   # - It provides a clear error message when setuptools is not installed.
2022-12-27T11:34:28.1765620Z   # - It sets `sys.argv[0]` to the underlying `setup.py`, when invoking `setup.py` so
2022-12-27T11:34:28.1766190Z   #   setuptools doesn'"'"'t think the script is `-c`. This avoids the following warning:
2022-12-27T11:34:28.1766610Z   #     manifest_maker: standard file '"'"'-c'"'"' not found".
2022-12-27T11:34:28.1767080Z   # - It generates a shim setup.py, for handling setup.cfg-only projects.
2022-12-27T11:34:28.1767440Z   import os, sys, tokenize
2022-12-27T11:34:28.1767640Z   
2022-12-27T11:34:28.1767860Z   try:
2022-12-27T11:34:28.1768110Z       import setuptools
2022-12-27T11:34:28.1768390Z   except ImportError as error:
2022-12-27T11:34:28.1768610Z       print(
2022-12-27T11:34:28.1768930Z           "ERROR: Can not execute `setup.py` since setuptools is not available in "
2022-12-27T11:34:28.1769280Z           "the build environment.",
2022-12-27T11:34:28.1769510Z           file=sys.stderr,
2022-12-27T11:34:28.1769750Z       )
2022-12-27T11:34:28.1769990Z       sys.exit(1)
2022-12-27T11:34:28.1770170Z   
2022-12-27T11:34:28.1770350Z   __file__ = %r
2022-12-27T11:34:28.1770620Z   sys.argv[0] = __file__
2022-12-27T11:34:28.1770820Z   
2022-12-27T11:34:28.1771060Z   if os.path.exists(__file__):
2022-12-27T11:34:28.1771310Z       filename = __file__
2022-12-27T11:34:28.1771550Z       with tokenize.open(__file__) as f:
2022-12-27T11:34:28.1771840Z           setup_py_code = f.read()
2022-12-27T11:34:28.1772090Z   else:
2022-12-27T11:34:28.1772440Z       filename = "<auto-generated setuptools caller>"
2022-12-27T11:34:28.1772780Z       setup_py_code = "from setuptools import setup; setup()"
2022-12-27T11:34:28.1773050Z   
2022-12-27T11:34:28.1773280Z   exec(compile(setup_py_code, filename, "exec"))
2022-12-27T11:34:28.1773980Z   '"'"''"'"''"'"' % ('"'"'/Users/runner/actions-runner/_work/python.build/python.build/build_lxml23339/lxml-2.3.3/setup.py'"'"',), "<pip-setuptools-caller>", "exec"))' bdist_wheel -d /private/var/folders/51/hd414ycd67n82196sw51xqtc0000gn/T/pip-wheel-htzh3ext
2022-12-27T11:34:28.1775090Z   cwd: /Users/runner/actions-runner/_work/python.build/python.build/build_lxml23339/lxml-2.3.3/
2022-12-27T11:34:28.1775580Z   Building wheel for lxml (setup.py): finished with status 'error'
2022-12-27T11:34:28.1775860Z   ERROR: Failed building wheel for lxml
2022-12-27T11:34:28.1776100Z   Running command python setup.py clean
2022-12-27T11:34:28.1776380Z   Running setup.py clean for lxml
2022-12-27T11:34:28.4265330Z   Building lxml version 2.3.3.
2022-12-27T11:34:28.4267070Z   Building with Cython 0.29.32.
2022-12-27T11:34:28.4403110Z   Using build configuration of libxslt 1.1.29
2022-12-27T11:34:28.5374570Z   Building against libxml2/libxslt in the following directory: /Library/Developer/CommandLineTools/SDKs/MacOSX12.1.sdk/usr/lib
2022-12-27T11:34:28.5509860Z   running clean
2022-12-27T11:34:28.5538180Z   removing 'build/temp.macosx-11.0-arm64-cpython-39' (and everything under it)
2022-12-27T11:34:28.5543250Z   removing 'build/lib.macosx-11.0-arm64-cpython-39' (and everything under it)
2022-12-27T11:34:28.5577590Z   'build/bdist.macosx-11.0-arm64' does not exist -- can't clean it
2022-12-27T11:34:28.5579460Z   'build/scripts-3.9' does not exist -- can't clean it
2022-12-27T11:34:28.5581380Z   removing 'build'
2022-12-27T11:34:28.5825530Z Failed to build lxml
2022-12-27T11:34:28.5829830Z ERROR: Failed to build one or more wheels
2022-12-27T11:34:28.5839400Z Exception information:
2022-12-27T11:34:28.5839600Z Traceback (most recent call last):
2022-12-27T11:34:28.5846390Z   File "/private/var/folders/51/hd414ycd67n82196sw51xqtc0000gn/T/cibw-run-_xu9o5em/cp39-macosx_arm64/build/venv/lib/python3.9/site-packages/pip/_internal/cli/base_command.py", line 160, in exc_logging_wrapper
2022-12-27T11:34:28.5846840Z     status = run_func(*args)
2022-12-27T11:34:28.5847770Z   File "/private/var/folders/51/hd414ycd67n82196sw51xqtc0000gn/T/cibw-run-_xu9o5em/cp39-macosx_arm64/build/venv/lib/python3.9/site-packages/pip/_internal/cli/req_command.py", line 247, in wrapper
2022-12-27T11:34:28.5848240Z     return func(self, options, args)
2022-12-27T11:34:28.5848830Z   File "/private/var/folders/51/hd414ycd67n82196sw51xqtc0000gn/T/cibw-run-_xu9o5em/cp39-macosx_arm64/build/venv/lib/python3.9/site-packages/pip/_internal/commands/wheel.py", line 201, in run
2022-12-27T11:34:28.5849210Z     raise CommandError("Failed to build one or more wheels")
2022-12-27T11:34:28.5849530Z pip._internal.exceptions.CommandError: Failed to build one or more wheels
2022-12-27T11:34:28.5850000Z Removed build tracker: '/private/var/folders/51/hd414ycd67n82196sw51xqtc0000gn/T/pip-build-tracker-t6stgzxu'
2022-12-27T11:34:28.6233850Z ##[endgroup]
2022-12-27T11:34:28.6258200Z ##[error]Command ['python', '-m', 'pip', 'wheel', '/Users/runner/actions-runner/_work/python.build/python.build/build_lxml23339/lxml-2.3.3', '--wheel-dir=/private/var/folders/51/hd414ycd67n82196sw51xqtc0000gn/T/cibw-run-_xu9o5em/cp39-macosx_arm64/built_wheel', '--no-deps', '-vvv'] failed with code 1. None
2022-12-27T11:34:28.6264360Z 
2022-12-27T11:34:28.6264640Z                                                               [31m✕ [0m2.37s
2022-12-27T11:34:28.6688040Z ##[error]Process completed with exit code 1.
2022-12-27T11:34:28.6717990Z ##[group]Run rm -rf build_lxml23339 wheelsout
2022-12-27T11:34:28.6718170Z [36;1mrm -rf build_lxml23339 wheelsout[0m
2022-12-27T11:34:28.6732000Z shell: /bin/bash -e {0}
2022-12-27T11:34:28.6732120Z env:
2022-12-27T11:34:28.6732260Z   pythonLocation: /Users/runner/hostedtoolcache/Python/3.9.16/x64
2022-12-27T11:34:28.6732450Z   PKG_CONFIG_PATH: /Users/runner/hostedtoolcache/Python/3.9.16/x64/lib/pkgconfig
2022-12-27T11:34:28.6732640Z   Python_ROOT_DIR: /Users/runner/hostedtoolcache/Python/3.9.16/x64
2022-12-27T11:34:28.6732810Z   Python2_ROOT_DIR: /Users/runner/hostedtoolcache/Python/3.9.16/x64
2022-12-27T11:34:28.6732970Z   Python3_ROOT_DIR: /Users/runner/hostedtoolcache/Python/3.9.16/x64
2022-12-27T11:34:28.6733100Z ##[endgroup]
2022-12-27T11:34:28.7273070Z Cleaning up orphan processes
