2022-12-27T08:47:17.3804319Z Requested labels: self-hosted, macOS, X64
2022-12-27T08:47:17.3804410Z Job defined at: kilnbuild/python.build/.github/workflows/mac_arm_build.yml@refs/heads/main
2022-12-27T08:47:17.3804440Z Waiting for a runner to pick up this job...
2022-12-27T11:09:42.6543343Z Job is about to start running on the runner: kr2 (organization)
2022-12-27T11:09:48.3978810Z Current runner version: '2.300.2'
2022-12-27T11:09:48.3986800Z Runner name: 'kr2'
2022-12-27T11:09:48.3987280Z Runner group name: 'Default'
2022-12-27T11:09:48.3988080Z Machine name: 'kr2'
2022-12-27T11:09:48.3990740Z ##[group]GITHUB_TOKEN Permissions
2022-12-27T11:09:48.3991430Z Actions: write
2022-12-27T11:09:48.3991690Z Checks: write
2022-12-27T11:09:48.3991940Z Contents: write
2022-12-27T11:09:48.3992180Z Deployments: write
2022-12-27T11:09:48.3992440Z Discussions: write
2022-12-27T11:09:48.3992690Z Issues: write
2022-12-27T11:09:48.3992940Z Metadata: read
2022-12-27T11:09:48.3993180Z Packages: write
2022-12-27T11:09:48.3993430Z Pages: write
2022-12-27T11:09:48.3993690Z PullRequests: write
2022-12-27T11:09:48.3993970Z RepositoryProjects: write
2022-12-27T11:09:48.3994260Z SecurityEvents: write
2022-12-27T11:09:48.3994520Z Statuses: write
2022-12-27T11:09:48.3994760Z ##[endgroup]
2022-12-27T11:09:48.3998380Z Secret source: Actions
2022-12-27T11:09:48.3998870Z Prepare workflow directory
2022-12-27T11:09:48.5113540Z Prepare all required actions
2022-12-27T11:09:48.5316510Z Getting action download info
2022-12-27T11:09:48.9683910Z Download action repository 'actions/setup-python@v4' (SHA:5ccb29d8773c3f3f653e1705f474dfaa8a06a912)
2022-12-27T11:09:50.8842290Z Download action repository 'actions/upload-artifact@v3' (SHA:83fd05a356d7e2593de66fc9913b3002723633cb)
2022-12-27T11:09:52.3473280Z ##[group]Run echo '{
2022-12-27T11:09:52.3473780Z [36;1mecho '{[0m
2022-12-27T11:09:52.3474100Z [36;1m  "package_name": "lxml",[0m
2022-12-27T11:09:52.3474630Z [36;1m  "package_url": "https://files.pythonhosted.org/packages/59/a1/bb5fecb3aed33e8455057e455e90d6b7e9246cfb8b0e9b2cd7b7e9310a46/lxml-3.6.3.tar.gz",[0m
2022-12-27T11:09:52.3475050Z [36;1m  "package_version": "3.6.3",[0m
2022-12-27T11:09:52.3475540Z [36;1m  "python_version": "3.9",[0m
2022-12-27T11:09:52.3475870Z [36;1m  "use_ccache": "true"[0m
2022-12-27T11:09:52.3476180Z [36;1m}'[0m
2022-12-27T11:09:52.3503660Z shell: /bin/bash -e {0}
2022-12-27T11:09:52.3504080Z ##[endgroup]
2022-12-27T11:09:52.3897350Z {
2022-12-27T11:09:52.3899910Z   "package_name": "lxml",
2022-12-27T11:09:52.3901520Z   "package_url": "https://files.pythonhosted.org/packages/59/a1/bb5fecb3aed33e8455057e455e90d6b7e9246cfb8b0e9b2cd7b7e9310a46/lxml-3.6.3.tar.gz",
2022-12-27T11:09:52.3902040Z   "package_version": "3.6.3",
2022-12-27T11:09:52.3902460Z   "python_version": "3.9",
2022-12-27T11:09:52.3902820Z   "use_ccache": "true"
2022-12-27T11:09:52.3903220Z }
2022-12-27T11:09:52.4251870Z ##[group]Run actions/setup-python@v4
2022-12-27T11:09:52.4252300Z with:
2022-12-27T11:09:52.4252620Z   python-version: 3.9
2022-12-27T11:09:52.4252880Z   check-latest: false
2022-12-27T11:09:52.4253530Z   token: ***
2022-12-27T11:09:52.4253870Z   update-environment: true
2022-12-27T11:09:52.4254130Z ##[endgroup]
2022-12-27T11:09:52.6457850Z ##[group]Installed versions
2022-12-27T11:09:52.6494420Z Successfully set up CPython (3.9.16)
2022-12-27T11:09:52.6496380Z ##[endgroup]
2022-12-27T11:09:52.6736190Z ##[group]Run if [ "true" == "true" ]
2022-12-27T11:09:52.6736730Z [36;1mif [ "true" == "true" ][0m
2022-12-27T11:09:52.6737190Z [36;1mthen[0m
2022-12-27T11:09:52.6737600Z [36;1m  echo "CCACHE_PATH_PREPEND=/usr/local/opt/ccache/libexec" >> $GITHUB_OUTPUT[0m
2022-12-27T11:09:52.6737960Z [36;1melse[0m
2022-12-27T11:09:52.6738350Z [36;1m  echo "CCACHE_PATH_PREPEND=" >> $GITHUB_OUTPUT[0m
2022-12-27T11:09:52.6738780Z [36;1mfi[0m
2022-12-27T11:09:52.6768770Z shell: /bin/bash -e {0}
2022-12-27T11:09:52.6769060Z env:
2022-12-27T11:09:52.6769480Z   pythonLocation: /Users/runner/hostedtoolcache/Python/3.9.16/x64
2022-12-27T11:09:52.6770080Z   PKG_CONFIG_PATH: /Users/runner/hostedtoolcache/Python/3.9.16/x64/lib/pkgconfig
2022-12-27T11:09:52.6770480Z   Python_ROOT_DIR: /Users/runner/hostedtoolcache/Python/3.9.16/x64
2022-12-27T11:09:52.6771010Z   Python2_ROOT_DIR: /Users/runner/hostedtoolcache/Python/3.9.16/x64
2022-12-27T11:09:52.6771590Z   Python3_ROOT_DIR: /Users/runner/hostedtoolcache/Python/3.9.16/x64
2022-12-27T11:09:52.6772630Z ##[endgroup]
2022-12-27T11:09:52.7060140Z ##[group]Run echo "BUILD_NAME=$(echo lxml_3.6.3_3.9 | tr -dc '[:alnum:]\n\r' | tr '[:upper:]' '[:lower:]')" >> $GITHUB_OUTPUT
2022-12-27T11:09:52.7060750Z [36;1mecho "BUILD_NAME=$(echo lxml_3.6.3_3.9 | tr -dc '[:alnum:]\n\r' | tr '[:upper:]' '[:lower:]')" >> $GITHUB_OUTPUT[0m
2022-12-27T11:09:52.7086160Z shell: /bin/bash -e {0}
2022-12-27T11:09:52.7086470Z env:
2022-12-27T11:09:52.7086920Z   pythonLocation: /Users/runner/hostedtoolcache/Python/3.9.16/x64
2022-12-27T11:09:52.7087370Z   PKG_CONFIG_PATH: /Users/runner/hostedtoolcache/Python/3.9.16/x64/lib/pkgconfig
2022-12-27T11:09:52.7087750Z   Python_ROOT_DIR: /Users/runner/hostedtoolcache/Python/3.9.16/x64
2022-12-27T11:09:52.7088170Z   Python2_ROOT_DIR: /Users/runner/hostedtoolcache/Python/3.9.16/x64
2022-12-27T11:09:52.7088660Z   Python3_ROOT_DIR: /Users/runner/hostedtoolcache/Python/3.9.16/x64
2022-12-27T11:09:52.7088950Z ##[endgroup]
2022-12-27T11:09:52.7338380Z ##[group]Run echo "PYTHON_NO_DOTS=$(echo 3.9 | tr -dc '[:alnum:]\n\r' | tr '[:upper:]' '[:lower:]')" >> $GITHUB_OUTPUT
2022-12-27T11:09:52.7339220Z [36;1mecho "PYTHON_NO_DOTS=$(echo 3.9 | tr -dc '[:alnum:]\n\r' | tr '[:upper:]' '[:lower:]')" >> $GITHUB_OUTPUT[0m
2022-12-27T11:09:52.7365940Z shell: /bin/bash -e {0}
2022-12-27T11:09:52.7366280Z env:
2022-12-27T11:09:52.7366750Z   pythonLocation: /Users/runner/hostedtoolcache/Python/3.9.16/x64
2022-12-27T11:09:52.7367170Z   PKG_CONFIG_PATH: /Users/runner/hostedtoolcache/Python/3.9.16/x64/lib/pkgconfig
2022-12-27T11:09:52.7367630Z   Python_ROOT_DIR: /Users/runner/hostedtoolcache/Python/3.9.16/x64
2022-12-27T11:09:52.7368080Z   Python2_ROOT_DIR: /Users/runner/hostedtoolcache/Python/3.9.16/x64
2022-12-27T11:09:52.7368540Z   Python3_ROOT_DIR: /Users/runner/hostedtoolcache/Python/3.9.16/x64
2022-12-27T11:09:52.7368920Z ##[endgroup]
2022-12-27T11:09:52.7623360Z ##[group]Run rm -rf build_lxml36339
2022-12-27T11:09:52.7623850Z [36;1mrm -rf build_lxml36339[0m
2022-12-27T11:09:52.7624130Z [36;1mmkdir build_lxml36339[0m
2022-12-27T11:09:52.7624640Z [36;1mcd build_lxml36339[0m
2022-12-27T11:09:52.7625310Z [36;1m/usr/local/bin/wget --quiet https://files.pythonhosted.org/packages/59/a1/bb5fecb3aed33e8455057e455e90d6b7e9246cfb8b0e9b2cd7b7e9310a46/lxml-3.6.3.tar.gz[0m
2022-12-27T11:09:52.7625820Z [36;1mtar xf *.tar.gz[0m
2022-12-27T11:09:52.7626080Z [36;1mcd *[0m
2022-12-27T11:09:52.7626440Z [36;1mpython -m pip install cibuildwheel==2.11.3[0m
2022-12-27T11:09:52.7626930Z [36;1mpython -m cibuildwheel --output-dir ../wheelsout[0m
2022-12-27T11:09:52.7655190Z shell: /bin/bash -e {0}
2022-12-27T11:09:52.7655530Z env:
2022-12-27T11:09:52.7656010Z   pythonLocation: /Users/runner/hostedtoolcache/Python/3.9.16/x64
2022-12-27T11:09:52.7656420Z   PKG_CONFIG_PATH: /Users/runner/hostedtoolcache/Python/3.9.16/x64/lib/pkgconfig
2022-12-27T11:09:52.7657010Z   Python_ROOT_DIR: /Users/runner/hostedtoolcache/Python/3.9.16/x64
2022-12-27T11:09:52.7657400Z   Python2_ROOT_DIR: /Users/runner/hostedtoolcache/Python/3.9.16/x64
2022-12-27T11:09:52.7657930Z   Python3_ROOT_DIR: /Users/runner/hostedtoolcache/Python/3.9.16/x64
2022-12-27T11:09:52.7658330Z   CIBW_ARCHS_MACOS: arm64
2022-12-27T11:09:52.7658600Z   CIBW_TEST_SKIP: *_arm64
2022-12-27T11:09:52.7658950Z   CIBW_BUILD: cp39-macosx_arm64
2022-12-27T11:09:52.7659290Z   CIBW_BUILD_FRONTEND: pip
2022-12-27T11:09:52.7659650Z   CIBW_BUILD_VERBOSITY: 3
2022-12-27T11:09:52.7660230Z   CIBW_ENVIRONMENT_MACOS:  CFLAGS="-I/usr/local/opt/openssl@3/include" LDFLAGS="-L/usr/local/opt/openssl@3/lib" CPPFLAGS="-I/usr/local/opt/openssl@3/include" MAKEFLAGS="-j$(sysctl -n hw.logicalcpu)" PATH=/usr/local/opt/ccache/libexec:$PATH
2022-12-27T11:09:52.7660940Z   CIBW_BEFORE_BUILD: pip install Cython; if [[ -f requirements.txt ]]; then pip install -r requirements.txt; fi
2022-12-27T11:09:52.7662240Z   MAKEFLAGS: -j$(sysctl -n hw.logicalcpu)
2022-12-27T11:09:52.7662670Z ##[endgroup]
2022-12-27T11:09:53.6131980Z Requirement already satisfied: cibuildwheel==2.11.3 in /Users/runner/hostedtoolcache/Python/3.9.16/x64/lib/python3.9/site-packages (2.11.3)
2022-12-27T11:09:53.6515480Z Requirement already satisfied: packaging>=20.9 in /Users/runner/hostedtoolcache/Python/3.9.16/x64/lib/python3.9/site-packages (from cibuildwheel==2.11.3) (22.0)
2022-12-27T11:09:53.6523250Z Requirement already satisfied: tomli in /Users/runner/hostedtoolcache/Python/3.9.16/x64/lib/python3.9/site-packages (from cibuildwheel==2.11.3) (2.0.1)
2022-12-27T11:09:53.6531720Z Requirement already satisfied: bashlex!=0.13 in /Users/runner/hostedtoolcache/Python/3.9.16/x64/lib/python3.9/site-packages (from cibuildwheel==2.11.3) (0.16)
2022-12-27T11:09:53.6537190Z Requirement already satisfied: filelock in /Users/runner/hostedtoolcache/Python/3.9.16/x64/lib/python3.9/site-packages (from cibuildwheel==2.11.3) (3.8.2)
2022-12-27T11:09:53.6541630Z Requirement already satisfied: platformdirs in /Users/runner/hostedtoolcache/Python/3.9.16/x64/lib/python3.9/site-packages (from cibuildwheel==2.11.3) (2.6.0)
2022-12-27T11:09:53.6554170Z Requirement already satisfied: typing-extensions>=4.1.0 in /Users/runner/hostedtoolcache/Python/3.9.16/x64/lib/python3.9/site-packages (from cibuildwheel==2.11.3) (4.4.0)
2022-12-27T11:09:53.6559090Z Requirement already satisfied: bracex in /Users/runner/hostedtoolcache/Python/3.9.16/x64/lib/python3.9/site-packages (from cibuildwheel==2.11.3) (2.3.post1)
2022-12-27T11:09:53.6563640Z Requirement already satisfied: certifi in /Users/runner/hostedtoolcache/Python/3.9.16/x64/lib/python3.9/site-packages (from cibuildwheel==2.11.3) (2022.12.7)
2022-12-27T11:09:53.9761890Z 
2022-12-27T11:09:53.9763040Z      _ _       _ _   _       _           _
2022-12-27T11:09:53.9764050Z  ___|_| |_ _ _|_| |_| |_ _ _| |_ ___ ___| |
2022-12-27T11:09:53.9765530Z |  _| | . | | | | | . | | | |   | -_| -_| |
2022-12-27T11:09:53.9767080Z |___|_|___|___|_|_|___|_____|_|_|___|___|_|
2022-12-27T11:09:53.9769430Z 
2022-12-27T11:09:53.9769860Z cibuildwheel version 2.11.3
2022-12-27T11:09:53.9770290Z 
2022-12-27T11:09:53.9770610Z Build options:
2022-12-27T11:09:53.9771150Z   platform: macos
2022-12-27T11:09:53.9946820Z   architectures: arm64[0m
2022-12-27T11:09:53.9947840Z   build_selector: 
2022-12-27T11:09:53.9948600Z     build_config: cp39-macosx_arm64
2022-12-27T11:09:53.9949250Z     skip_config: 
2022-12-27T11:09:53.9949920Z     requires_python: None
2022-12-27T11:09:53.9951130Z     prerelease_pythons: False[0m
2022-12-27T11:09:53.9952080Z   [38;5;244mcontainer_engine: docker[0m
2022-12-27T11:09:53.9954290Z   output_dir: /Users/runner/actions-runner/_work/python.build/python.build/build_lxml36339/wheelsout[0m
2022-12-27T11:09:53.9955760Z   package_dir: /Users/runner/actions-runner/_work/python.build/python.build/build_lxml36339/lxml-3.6.3[0m
2022-12-27T11:09:53.9956350Z   test_selector: 
2022-12-27T11:09:53.9957760Z     skip_config: *_arm64[0m
2022-12-27T11:09:53.9958380Z   [38;5;244mbefore_all: [0m
2022-12-27T11:09:53.9958950Z   before_build: pip install Cython; if [[ -f requirements.txt ]]; then pip install -r requirements.txt; fi[0m
2022-12-27T11:09:53.9959400Z   [38;5;244mbefore_test: [0m
2022-12-27T11:09:53.9959910Z   [38;5;244mbuild_frontend: pip[0m
2022-12-27T11:09:53.9960600Z   build_verbosity: 3[0m
2022-12-27T11:09:53.9960960Z   [38;5;244mconfig_settings: [0m
2022-12-27T11:09:53.9961410Z   [38;5;244mdependency_constraints: pinned[0m
2022-12-27T11:09:53.9961760Z   environment: 
2022-12-27T11:09:53.9962140Z     CFLAGS="-I/usr/local/opt/openssl@3/include"
2022-12-27T11:09:53.9962740Z     LDFLAGS="-L/usr/local/opt/openssl@3/lib"
2022-12-27T11:09:53.9963210Z     CPPFLAGS="-I/usr/local/opt/openssl@3/include"
2022-12-27T11:09:53.9963610Z     MAKEFLAGS="-j$(sysctl -n hw.logicalcpu)"
2022-12-27T11:09:53.9964070Z     PATH=/usr/local/opt/ccache/libexec:$PATH[0m
2022-12-27T11:09:53.9964690Z   [38;5;244mmanylinux_images: None[0m
2022-12-27T11:09:53.9965140Z   [38;5;244mmusllinux_images: None[0m
2022-12-27T11:09:53.9965630Z   [38;5;244mrepair_command: delocate-wheel --require-archs {delocate_archs} -w {dest_dir} -v {wheel}[0m
2022-12-27T11:09:53.9967590Z   [38;5;244mtest_command: [0m
2022-12-27T11:09:53.9968370Z   [38;5;244mtest_extras: [0m
2022-12-27T11:09:53.9969200Z   [38;5;244mtest_requires: [0m
2022-12-27T11:09:53.9969620Z 
2022-12-27T11:09:53.9970000Z Cache folder: /Users/runner/Library/Caches/cibuildwheel
2022-12-27T11:09:53.9975860Z 
2022-12-27T11:09:53.9976490Z Here we go!
2022-12-27T11:09:53.9977100Z 
2022-12-27T11:09:54.0143110Z 
2022-12-27T11:09:54.0145370Z [1m[34mBuilding cp39-macosx_arm64 wheel[0m
2022-12-27T11:09:54.0146500Z CPython 3.9 macOS arm64 - Apple Silicon
2022-12-27T11:09:54.0146980Z 
2022-12-27T11:09:54.0149530Z ##[group]Installing Python cp39...
2022-12-27T11:09:54.0149790Z 
2022-12-27T11:09:54.0150470Z + pkgutil --pkgs
2022-12-27T11:09:54.0341830Z ##[endgroup]
2022-12-27T11:09:54.0344280Z                                                               [32mâœ“ [0m0.02s
2022-12-27T11:09:54.0344980Z ##[group]Setting up build environment...
2022-12-27T11:09:54.0345230Z 
2022-12-27T11:09:54.0375080Z + /Users/runner/hostedtoolcache/Python/3.9.16/x64/bin/python -sS /Users/runner/Library/Caches/cibuildwheel/virtualenv-20.17.0.pyz --activators= --no-periodic-update --pip=22.3.1 --setuptools=65.6.3 --wheel=0.38.4 --symlink-app-data --python /Library/Frameworks/Python.framework/Versions/3.9/bin/python3 /private/var/folders/51/hd414ycd67n82196sw51xqtc0000gn/T/cibw-run-af760zbq/cp39-macosx_arm64/build/venv
2022-12-27T11:09:54.3472110Z created virtual environment CPython3.9.13.final.0-64 in 86ms
2022-12-27T11:09:54.3472910Z   creator CPython3Posix(dest=/private/var/folders/51/hd414ycd67n82196sw51xqtc0000gn/T/cibw-run-af760zbq/cp39-macosx_arm64/build/venv, clear=False, no_vcs_ignore=False, global=False)
2022-12-27T11:09:54.3474280Z   seeder FromAppData(download=False, pip=22.3.1, setuptools=65.6.3, wheel=0.38.4, via=symlink, app_data_dir=/Users/runner/Library/Application Support/virtualenv)
2022-12-27T11:09:54.3474980Z     added seed packages: pip==22.3.1, setuptools==65.6.3, wheel==0.38.4
2022-12-27T11:09:54.3706570Z + python -m pip install --upgrade pip -c /Users/runner/hostedtoolcache/Python/3.9.16/x64/lib/python3.9/site-packages/cibuildwheel/resources/constraints-python39.txt
2022-12-27T11:09:54.8980430Z Requirement already satisfied: pip in ./lib/python3.9/site-packages (22.3.1)
2022-12-27T11:09:55.1679760Z + which pip
2022-12-27T11:09:55.1717430Z /private/var/folders/51/hd414ycd67n82196sw51xqtc0000gn/T/cibw-run-af760zbq/cp39-macosx_arm64/build/venv/bin/pip
2022-12-27T11:09:55.1723750Z + pip --version
2022-12-27T11:09:55.5377060Z pip 22.3.1 from /private/var/folders/51/hd414ycd67n82196sw51xqtc0000gn/T/cibw-run-af760zbq/cp39-macosx_arm64/build/venv/lib/python3.9/site-packages/pip (python 3.9)
2022-12-27T11:09:55.5955260Z + which pip
2022-12-27T11:09:55.6021580Z + which python
2022-12-27T11:09:55.6072690Z /private/var/folders/51/hd414ycd67n82196sw51xqtc0000gn/T/cibw-run-af760zbq/cp39-macosx_arm64/build/venv/bin/python
2022-12-27T11:09:55.6078050Z + python --version
2022-12-27T11:09:55.6176190Z Python 3.9.13
2022-12-27T11:09:55.6186000Z + which python
2022-12-27T11:09:55.6295150Z ##[endgroup]
2022-12-27T11:09:55.6296290Z                                                               [32mâœ“ [0m1.60s
2022-12-27T11:09:55.6296870Z ##[group]Installing build tools...
2022-12-27T11:09:55.6297100Z 
2022-12-27T11:09:55.6297780Z + pip install --upgrade setuptools wheel delocate -c /Users/runner/hostedtoolcache/Python/3.9.16/x64/lib/python3.9/site-packages/cibuildwheel/resources/constraints-python39.txt
2022-12-27T11:09:56.1387740Z Requirement already satisfied: setuptools in /private/var/folders/51/hd414ycd67n82196sw51xqtc0000gn/T/cibw-run-af760zbq/cp39-macosx_arm64/build/venv/lib/python3.9/site-packages (65.6.3)
2022-12-27T11:09:56.5667350Z Requirement already satisfied: wheel in /private/var/folders/51/hd414ycd67n82196sw51xqtc0000gn/T/cibw-run-af760zbq/cp39-macosx_arm64/build/venv/lib/python3.9/site-packages (0.38.4)
2022-12-27T11:09:56.6668380Z Collecting delocate
2022-12-27T11:09:56.6735570Z   Using cached delocate-0.10.3-py3-none-any.whl (142 kB)
2022-12-27T11:09:56.7166120Z Collecting typing-extensions
2022-12-27T11:09:56.7237040Z   Using cached typing_extensions-4.4.0-py3-none-any.whl (26 kB)
2022-12-27T11:09:56.7746560Z Collecting packaging>=20.9
2022-12-27T11:09:56.7795860Z   Using cached packaging-21.3-py3-none-any.whl (40 kB)
2022-12-27T11:09:56.8481560Z Collecting pyparsing!=3.0.5,>=2.0.2
2022-12-27T11:09:56.8526950Z   Using cached pyparsing-3.0.9-py3-none-any.whl (98 kB)
2022-12-27T11:09:56.9175830Z Installing collected packages: typing-extensions, pyparsing, packaging, delocate
2022-12-27T11:09:57.1784550Z Successfully installed delocate-0.10.3 packaging-21.3 pyparsing-3.0.9 typing-extensions-4.4.0
2022-12-27T11:09:57.2859960Z ##[endgroup]
2022-12-27T11:09:57.2861100Z                                                               [32mâœ“ [0m1.66s
2022-12-27T11:09:57.2862280Z ##[group]Running before_build...
2022-12-27T11:09:57.2862690Z 
2022-12-27T11:09:57.2871150Z + pip install Cython; if [[ -f requirements.txt ]]; then pip install -r requirements.txt; fi
2022-12-27T11:09:58.5486090Z Collecting Cython
2022-12-27T11:09:58.5566050Z   Using cached Cython-0.29.32-py2.py3-none-any.whl (986 kB)
2022-12-27T11:09:58.6426050Z Installing collected packages: Cython
2022-12-27T11:09:59.4832050Z Successfully installed Cython-0.29.32
2022-12-27T11:10:00.1276820Z Requirement already satisfied: Cython>=0.20 in /private/var/folders/51/hd414ycd67n82196sw51xqtc0000gn/T/cibw-run-af760zbq/cp39-macosx_arm64/build/venv/lib/python3.9/site-packages (from -r requirements.txt (line 1)) (0.29.32)
2022-12-27T11:10:00.2731220Z ##[endgroup]
2022-12-27T11:10:00.2732760Z                                                               [32mâœ“ [0m2.99s
2022-12-27T11:10:00.2733650Z ##[group]Building wheel...
2022-12-27T11:10:00.2733930Z 
2022-12-27T11:10:00.2742990Z + python -m pip wheel /Users/runner/actions-runner/_work/python.build/python.build/build_lxml36339/lxml-3.6.3 --wheel-dir=/private/var/folders/51/hd414ycd67n82196sw51xqtc0000gn/T/cibw-run-af760zbq/cp39-macosx_arm64/built_wheel --no-deps -vvv
2022-12-27T11:10:00.7375680Z Created temporary directory: /private/var/folders/51/hd414ycd67n82196sw51xqtc0000gn/T/pip-ephem-wheel-cache-8ue9xfyh
2022-12-27T11:10:00.7380960Z Created temporary directory: /private/var/folders/51/hd414ycd67n82196sw51xqtc0000gn/T/pip-build-tracker-zh3vf6jr
2022-12-27T11:10:00.7384380Z Initialized build tracking at /private/var/folders/51/hd414ycd67n82196sw51xqtc0000gn/T/pip-build-tracker-zh3vf6jr
2022-12-27T11:10:00.7386640Z Created build tracker: /private/var/folders/51/hd414ycd67n82196sw51xqtc0000gn/T/pip-build-tracker-zh3vf6jr
2022-12-27T11:10:00.7390580Z Entered build tracker: /private/var/folders/51/hd414ycd67n82196sw51xqtc0000gn/T/pip-build-tracker-zh3vf6jr
2022-12-27T11:10:00.7397100Z Created temporary directory: /private/var/folders/51/hd414ycd67n82196sw51xqtc0000gn/T/pip-wheel-q8otw0rk
2022-12-27T11:10:00.7407650Z Created temporary directory: /private/var/folders/51/hd414ycd67n82196sw51xqtc0000gn/T/pip-ephem-wheel-cache-amd1htea
2022-12-27T11:10:00.7705120Z Processing /Users/runner/actions-runner/_work/python.build/python.build/build_lxml36339/lxml-3.6.3
2022-12-27T11:10:00.7712530Z   Added file:///Users/runner/actions-runner/_work/python.build/python.build/build_lxml36339/lxml-3.6.3 to build tracker '/private/var/folders/51/hd414ycd67n82196sw51xqtc0000gn/T/pip-build-tracker-zh3vf6jr'
2022-12-27T11:10:00.7719130Z   Running setup.py (path:/Users/runner/actions-runner/_work/python.build/python.build/build_lxml36339/lxml-3.6.3/setup.py) egg_info for package from file:///Users/runner/actions-runner/_work/python.build/python.build/build_lxml36339/lxml-3.6.3
2022-12-27T11:10:00.7724170Z   Created temporary directory: /private/var/folders/51/hd414ycd67n82196sw51xqtc0000gn/T/pip-pip-egg-info-rasespxf
2022-12-27T11:10:00.7726910Z   Preparing metadata (setup.py): started
2022-12-27T11:10:00.7729830Z   Running command python setup.py egg_info
2022-12-27T11:10:01.3175340Z   Building lxml version 3.6.3.
2022-12-27T11:10:01.3176600Z   Building without Cython.
2022-12-27T11:10:01.3179960Z   Using build configuration of libxslt 1.1.29
2022-12-27T11:10:01.3183110Z   Building against libxml2/libxslt in the following directory: /Library/Developer/CommandLineTools/SDKs/MacOSX12.1.sdk/usr/lib
2022-12-27T11:10:01.3184750Z   running egg_info
2022-12-27T11:10:01.3188150Z   creating /private/var/folders/51/hd414ycd67n82196sw51xqtc0000gn/T/pip-pip-egg-info-rasespxf/lxml.egg-info
2022-12-27T11:10:01.3190790Z   writing /private/var/folders/51/hd414ycd67n82196sw51xqtc0000gn/T/pip-pip-egg-info-rasespxf/lxml.egg-info/PKG-INFO
2022-12-27T11:10:01.3193940Z   writing dependency_links to /private/var/folders/51/hd414ycd67n82196sw51xqtc0000gn/T/pip-pip-egg-info-rasespxf/lxml.egg-info/dependency_links.txt
2022-12-27T11:10:01.3196170Z   writing requirements to /private/var/folders/51/hd414ycd67n82196sw51xqtc0000gn/T/pip-pip-egg-info-rasespxf/lxml.egg-info/requires.txt
2022-12-27T11:10:01.3198300Z   writing top-level names to /private/var/folders/51/hd414ycd67n82196sw51xqtc0000gn/T/pip-pip-egg-info-rasespxf/lxml.egg-info/top_level.txt
2022-12-27T11:10:01.3202120Z   writing manifest file '/private/var/folders/51/hd414ycd67n82196sw51xqtc0000gn/T/pip-pip-egg-info-rasespxf/lxml.egg-info/SOURCES.txt'
2022-12-27T11:10:01.3371410Z   reading manifest file '/private/var/folders/51/hd414ycd67n82196sw51xqtc0000gn/T/pip-pip-egg-info-rasespxf/lxml.egg-info/SOURCES.txt'
2022-12-27T11:10:01.3373300Z   reading manifest template 'MANIFEST.in'
2022-12-27T11:10:01.5563160Z   adding license file 'LICENSES.txt'
2022-12-27T11:10:01.5698860Z   writing manifest file '/private/var/folders/51/hd414ycd67n82196sw51xqtc0000gn/T/pip-pip-egg-info-rasespxf/lxml.egg-info/SOURCES.txt'
2022-12-27T11:10:01.6286870Z   Preparing metadata (setup.py): finished with status 'done'
2022-12-27T11:10:01.6335060Z   Source in /Users/runner/actions-runner/_work/python.build/python.build/build_lxml36339/lxml-3.6.3 has version 3.6.3, which satisfies requirement lxml==3.6.3 from file:///Users/runner/actions-runner/_work/python.build/python.build/build_lxml36339/lxml-3.6.3
2022-12-27T11:10:01.6337370Z   Removed lxml==3.6.3 from file:///Users/runner/actions-runner/_work/python.build/python.build/build_lxml36339/lxml-3.6.3 from build tracker '/private/var/folders/51/hd414ycd67n82196sw51xqtc0000gn/T/pip-build-tracker-zh3vf6jr'
2022-12-27T11:10:01.6368330Z Created temporary directory: /private/var/folders/51/hd414ycd67n82196sw51xqtc0000gn/T/pip-unpack-1clb855h
2022-12-27T11:10:01.6371350Z Building wheels for collected packages: lxml
2022-12-27T11:10:01.6384780Z   Created temporary directory: /private/var/folders/51/hd414ycd67n82196sw51xqtc0000gn/T/pip-wheel-zp2ko2k7
2022-12-27T11:10:01.6386830Z   Building wheel for lxml (setup.py): started
2022-12-27T11:10:01.6390190Z   Destination directory: /private/var/folders/51/hd414ycd67n82196sw51xqtc0000gn/T/pip-wheel-zp2ko2k7
2022-12-27T11:10:01.6394180Z   Running command python setup.py bdist_wheel
2022-12-27T11:10:01.9153640Z   Building lxml version 3.6.3.
2022-12-27T11:10:01.9159820Z   Building without Cython.
2022-12-27T11:10:01.9456270Z   Using build configuration of libxslt 1.1.29
2022-12-27T11:10:02.1499900Z   Building against libxml2/libxslt in the following directory: /Library/Developer/CommandLineTools/SDKs/MacOSX12.1.sdk/usr/lib
2022-12-27T11:10:02.1960100Z   running bdist_wheel
2022-12-27T11:10:02.2033370Z   running build
2022-12-27T11:10:02.2033950Z   running build_py
2022-12-27T11:10:02.2069640Z   creating build
2022-12-27T11:10:02.2072610Z   creating build/lib.macosx-11.0-arm64-cpython-39
2022-12-27T11:10:02.2077010Z   creating build/lib.macosx-11.0-arm64-cpython-39/lxml
2022-12-27T11:10:02.2081430Z   copying src/lxml/_elementpath.py -> build/lib.macosx-11.0-arm64-cpython-39/lxml
2022-12-27T11:10:02.2085660Z   copying src/lxml/sax.py -> build/lib.macosx-11.0-arm64-cpython-39/lxml
2022-12-27T11:10:02.2089350Z   copying src/lxml/pyclasslookup.py -> build/lib.macosx-11.0-arm64-cpython-39/lxml
2022-12-27T11:10:02.2091370Z   copying src/lxml/__init__.py -> build/lib.macosx-11.0-arm64-cpython-39/lxml
2022-12-27T11:10:02.2094490Z   copying src/lxml/builder.py -> build/lib.macosx-11.0-arm64-cpython-39/lxml
2022-12-27T11:10:02.2102340Z   copying src/lxml/doctestcompare.py -> build/lib.macosx-11.0-arm64-cpython-39/lxml
2022-12-27T11:10:02.2105670Z   copying src/lxml/usedoctest.py -> build/lib.macosx-11.0-arm64-cpython-39/lxml
2022-12-27T11:10:02.2108610Z   copying src/lxml/cssselect.py -> build/lib.macosx-11.0-arm64-cpython-39/lxml
2022-12-27T11:10:02.2112730Z   copying src/lxml/ElementInclude.py -> build/lib.macosx-11.0-arm64-cpython-39/lxml
2022-12-27T11:10:02.2123040Z   creating build/lib.macosx-11.0-arm64-cpython-39/lxml/includes
2022-12-27T11:10:02.2127550Z   copying src/lxml/includes/__init__.py -> build/lib.macosx-11.0-arm64-cpython-39/lxml/includes
2022-12-27T11:10:02.2139470Z   creating build/lib.macosx-11.0-arm64-cpython-39/lxml/html
2022-12-27T11:10:02.2142880Z   copying src/lxml/html/soupparser.py -> build/lib.macosx-11.0-arm64-cpython-39/lxml/html
2022-12-27T11:10:02.2145010Z   copying src/lxml/html/defs.py -> build/lib.macosx-11.0-arm64-cpython-39/lxml/html
2022-12-27T11:10:02.2148240Z   copying src/lxml/html/_setmixin.py -> build/lib.macosx-11.0-arm64-cpython-39/lxml/html
2022-12-27T11:10:02.2151490Z   copying src/lxml/html/clean.py -> build/lib.macosx-11.0-arm64-cpython-39/lxml/html
2022-12-27T11:10:02.2156370Z   copying src/lxml/html/_diffcommand.py -> build/lib.macosx-11.0-arm64-cpython-39/lxml/html
2022-12-27T11:10:02.2158800Z   copying src/lxml/html/html5parser.py -> build/lib.macosx-11.0-arm64-cpython-39/lxml/html
2022-12-27T11:10:02.2164200Z   copying src/lxml/html/__init__.py -> build/lib.macosx-11.0-arm64-cpython-39/lxml/html
2022-12-27T11:10:02.2170120Z   copying src/lxml/html/formfill.py -> build/lib.macosx-11.0-arm64-cpython-39/lxml/html
2022-12-27T11:10:02.2173820Z   copying src/lxml/html/builder.py -> build/lib.macosx-11.0-arm64-cpython-39/lxml/html
2022-12-27T11:10:02.2179020Z   copying src/lxml/html/ElementSoup.py -> build/lib.macosx-11.0-arm64-cpython-39/lxml/html
2022-12-27T11:10:02.2183630Z   copying src/lxml/html/_html5builder.py -> build/lib.macosx-11.0-arm64-cpython-39/lxml/html
2022-12-27T11:10:02.2185990Z   copying src/lxml/html/usedoctest.py -> build/lib.macosx-11.0-arm64-cpython-39/lxml/html
2022-12-27T11:10:02.2193540Z   copying src/lxml/html/diff.py -> build/lib.macosx-11.0-arm64-cpython-39/lxml/html
2022-12-27T11:10:02.2338080Z   creating build/lib.macosx-11.0-arm64-cpython-39/lxml/isoschematron
2022-12-27T11:10:02.2339460Z   copying src/lxml/isoschematron/__init__.py -> build/lib.macosx-11.0-arm64-cpython-39/lxml/isoschematron
2022-12-27T11:10:02.2340360Z   copying src/lxml/lxml.etree.h -> build/lib.macosx-11.0-arm64-cpython-39/lxml
2022-12-27T11:10:02.2341410Z   copying src/lxml/lxml.etree_api.h -> build/lib.macosx-11.0-arm64-cpython-39/lxml
2022-12-27T11:10:02.2342510Z   copying src/lxml/includes/xmlerror.pxd -> build/lib.macosx-11.0-arm64-cpython-39/lxml/includes
2022-12-27T11:10:02.2343410Z   copying src/lxml/includes/c14n.pxd -> build/lib.macosx-11.0-arm64-cpython-39/lxml/includes
2022-12-27T11:10:02.2344280Z   copying src/lxml/includes/xmlschema.pxd -> build/lib.macosx-11.0-arm64-cpython-39/lxml/includes
2022-12-27T11:10:02.2345270Z   copying src/lxml/includes/schematron.pxd -> build/lib.macosx-11.0-arm64-cpython-39/lxml/includes
2022-12-27T11:10:02.2346200Z   copying src/lxml/includes/tree.pxd -> build/lib.macosx-11.0-arm64-cpython-39/lxml/includes
2022-12-27T11:10:02.2347100Z   copying src/lxml/includes/uri.pxd -> build/lib.macosx-11.0-arm64-cpython-39/lxml/includes
2022-12-27T11:10:02.2347930Z   copying src/lxml/includes/etreepublic.pxd -> build/lib.macosx-11.0-arm64-cpython-39/lxml/includes
2022-12-27T11:10:02.2349430Z   copying src/lxml/includes/xpath.pxd -> build/lib.macosx-11.0-arm64-cpython-39/lxml/includes
2022-12-27T11:10:02.2350350Z   copying src/lxml/includes/htmlparser.pxd -> build/lib.macosx-11.0-arm64-cpython-39/lxml/includes
2022-12-27T11:10:02.2351170Z   copying src/lxml/includes/xslt.pxd -> build/lib.macosx-11.0-arm64-cpython-39/lxml/includes
2022-12-27T11:10:02.2352690Z   copying src/lxml/includes/config.pxd -> build/lib.macosx-11.0-arm64-cpython-39/lxml/includes
2022-12-27T11:10:02.2353330Z   copying src/lxml/includes/xmlparser.pxd -> build/lib.macosx-11.0-arm64-cpython-39/lxml/includes
2022-12-27T11:10:02.2354290Z   copying src/lxml/includes/xinclude.pxd -> build/lib.macosx-11.0-arm64-cpython-39/lxml/includes
2022-12-27T11:10:02.2354860Z   copying src/lxml/includes/dtdvalid.pxd -> build/lib.macosx-11.0-arm64-cpython-39/lxml/includes
2022-12-27T11:10:02.2355500Z   copying src/lxml/includes/relaxng.pxd -> build/lib.macosx-11.0-arm64-cpython-39/lxml/includes
2022-12-27T11:10:02.2356160Z   copying src/lxml/includes/lxml-version.h -> build/lib.macosx-11.0-arm64-cpython-39/lxml/includes
2022-12-27T11:10:02.2356800Z   copying src/lxml/includes/etree_defs.h -> build/lib.macosx-11.0-arm64-cpython-39/lxml/includes
2022-12-27T11:10:02.2363740Z   creating build/lib.macosx-11.0-arm64-cpython-39/lxml/isoschematron/resources
2022-12-27T11:10:02.2367720Z   creating build/lib.macosx-11.0-arm64-cpython-39/lxml/isoschematron/resources/rng
2022-12-27T11:10:02.2369660Z   copying src/lxml/isoschematron/resources/rng/iso-schematron.rng -> build/lib.macosx-11.0-arm64-cpython-39/lxml/isoschematron/resources/rng
2022-12-27T11:10:02.2373190Z   creating build/lib.macosx-11.0-arm64-cpython-39/lxml/isoschematron/resources/xsl
2022-12-27T11:10:02.2376470Z   copying src/lxml/isoschematron/resources/xsl/XSD2Schtrn.xsl -> build/lib.macosx-11.0-arm64-cpython-39/lxml/isoschematron/resources/xsl
2022-12-27T11:10:02.2378650Z   copying src/lxml/isoschematron/resources/xsl/RNG2Schtrn.xsl -> build/lib.macosx-11.0-arm64-cpython-39/lxml/isoschematron/resources/xsl
2022-12-27T11:10:02.2386940Z   creating build/lib.macosx-11.0-arm64-cpython-39/lxml/isoschematron/resources/xsl/iso-schematron-xslt1
2022-12-27T11:10:02.2391120Z   copying src/lxml/isoschematron/resources/xsl/iso-schematron-xslt1/iso_abstract_expand.xsl -> build/lib.macosx-11.0-arm64-cpython-39/lxml/isoschematron/resources/xsl/iso-schematron-xslt1
2022-12-27T11:10:02.2393190Z   copying src/lxml/isoschematron/resources/xsl/iso-schematron-xslt1/iso_dsdl_include.xsl -> build/lib.macosx-11.0-arm64-cpython-39/lxml/isoschematron/resources/xsl/iso-schematron-xslt1
2022-12-27T11:10:02.2399040Z   copying src/lxml/isoschematron/resources/xsl/iso-schematron-xslt1/iso_schematron_skeleton_for_xslt1.xsl -> build/lib.macosx-11.0-arm64-cpython-39/lxml/isoschematron/resources/xsl/iso-schematron-xslt1
2022-12-27T11:10:02.2407200Z   copying src/lxml/isoschematron/resources/xsl/iso-schematron-xslt1/iso_svrl_for_xslt1.xsl -> build/lib.macosx-11.0-arm64-cpython-39/lxml/isoschematron/resources/xsl/iso-schematron-xslt1
2022-12-27T11:10:02.2416650Z   copying src/lxml/isoschematron/resources/xsl/iso-schematron-xslt1/iso_schematron_message.xsl -> build/lib.macosx-11.0-arm64-cpython-39/lxml/isoschematron/resources/xsl/iso-schematron-xslt1
2022-12-27T11:10:02.2422060Z   copying src/lxml/isoschematron/resources/xsl/iso-schematron-xslt1/readme.txt -> build/lib.macosx-11.0-arm64-cpython-39/lxml/isoschematron/resources/xsl/iso-schematron-xslt1
2022-12-27T11:10:02.2448340Z   running build_ext
2022-12-27T11:10:02.3043330Z   building 'lxml.etree' extension
2022-12-27T11:10:02.3046390Z   creating build/temp.macosx-11.0-arm64-cpython-39
2022-12-27T11:10:02.3048920Z   creating build/temp.macosx-11.0-arm64-cpython-39/src
2022-12-27T11:10:02.3051060Z   creating build/temp.macosx-11.0-arm64-cpython-39/src/lxml
2022-12-27T11:10:02.3055660Z   gcc -Wno-unused-result -Wsign-compare -Wunreachable-code -fno-common -dynamic -DNDEBUG -g -fwrapv -O3 -Wall -g -I/usr/local/opt/openssl@3/include -I/usr/local/opt/openssl@3/include -arch arm64 -I/Library/Developer/CommandLineTools/SDKs/MacOSX12.1.sdk/usr/include -Isrc/lxml/includes -I/private/var/folders/51/hd414ycd67n82196sw51xqtc0000gn/T/cibw-run-af760zbq/cp39-macosx_arm64/build/venv/include -I/Library/Frameworks/Python.framework/Versions/3.9/include/python3.9 -c src/lxml/lxml.etree.c -o build/temp.macosx-11.0-arm64-cpython-39/src/lxml/lxml.etree.o -w -flat_namespace
2022-12-27T11:10:03.5493620Z   src/lxml/lxml.etree.c:214085:38: error: no member named 'tp_print' in 'struct _typeobject'
2022-12-27T11:10:03.5497110Z     __pyx_type_4lxml_5etree__TempStore.tp_print = 0;
2022-12-27T11:10:03.5501190Z     ~~~~~~~~~~~~~~~~~~~~~~~~~~~~~~~~~~ ^
2022-12-27T11:10:03.5505900Z   src/lxml/lxml.etree.c:214095:45: error: no member named 'tp_print' in 'struct _typeobject'
2022-12-27T11:10:03.5506860Z     __pyx_type_4lxml_5etree__ExceptionContext.tp_print = 0;
2022-12-27T11:10:03.5509150Z     ~~~~~~~~~~~~~~~~~~~~~~~~~~~~~~~~~~~~~~~~~ ^
2022-12-27T11:10:03.5512530Z   src/lxml/lxml.etree.c:214102:37: error: no member named 'tp_print' in 'struct _typeobject'
2022-12-27T11:10:03.5514330Z     __pyx_type_4lxml_5etree__LogEntry.tp_print = 0;
2022-12-27T11:10:03.5517170Z     ~~~~~~~~~~~~~~~~~~~~~~~~~~~~~~~~~ ^
2022-12-27T11:10:03.5519930Z   src/lxml/lxml.etree.c:214114:41: error: no member named 'tp_print' in 'struct _typeobject'
2022-12-27T11:10:03.5522310Z     __pyx_type_4lxml_5etree__BaseErrorLog.tp_print = 0;
2022-12-27T11:10:03.5524550Z     ~~~~~~~~~~~~~~~~~~~~~~~~~~~~~~~~~~~~~ ^
2022-12-27T11:10:03.5528120Z   src/lxml/lxml.etree.c:214123:41: error: no member named 'tp_print' in 'struct _typeobject'
2022-12-27T11:10:03.5530130Z     __pyx_type_4lxml_5etree__ListErrorLog.tp_print = 0;
2022-12-27T11:10:03.5532420Z     ~~~~~~~~~~~~~~~~~~~~~~~~~~~~~~~~~~~~~ ^
2022-12-27T11:10:03.5535610Z   src/lxml/lxml.etree.c:214128:44: error: no member named 'tp_print' in 'struct _typeobject'
2022-12-27T11:10:03.5537440Z     __pyx_type_4lxml_5etree__ErrorLogContext.tp_print = 0;
2022-12-27T11:10:03.5540000Z     ~~~~~~~~~~~~~~~~~~~~~~~~~~~~~~~~~~~~~~~~ ^
2022-12-27T11:10:03.5542540Z   src/lxml/lxml.etree.c:214140:37: error: no member named 'tp_print' in 'struct _typeobject'
2022-12-27T11:10:03.5546590Z     __pyx_type_4lxml_5etree__ErrorLog.tp_print = 0;
2022-12-27T11:10:03.5547330Z     ~~~~~~~~~~~~~~~~~~~~~~~~~~~~~~~~~ ^
2022-12-27T11:10:03.5549660Z   src/lxml/lxml.etree.c:214149:43: error: no member named 'tp_print' in 'struct _typeobject'
2022-12-27T11:10:03.5552910Z     __pyx_type_4lxml_5etree__DomainErrorLog.tp_print = 0;
2022-12-27T11:10:03.5554800Z     ~~~~~~~~~~~~~~~~~~~~~~~~~~~~~~~~~~~~~~~ ^
2022-12-27T11:10:03.5557700Z   src/lxml/lxml.etree.c:214158:45: error: no member named 'tp_print' in 'struct _typeobject'
2022-12-27T11:10:03.5560050Z     __pyx_type_4lxml_5etree__RotatingErrorLog.tp_print = 0;
2022-12-27T11:10:03.5562800Z     ~~~~~~~~~~~~~~~~~~~~~~~~~~~~~~~~~~~~~~~~~ ^
2022-12-27T11:10:03.5566020Z   src/lxml/lxml.etree.c:214168:38: error: no member named 'tp_print' in 'struct _typeobject'
2022-12-27T11:10:03.5568170Z     __pyx_type_4lxml_5etree_PyErrorLog.tp_print = 0;
2022-12-27T11:10:03.5570560Z     ~~~~~~~~~~~~~~~~~~~~~~~~~~~~~~~~~~ ^
2022-12-27T11:10:03.5574080Z   src/lxml/lxml.etree.c:214182:20: error: no member named 'tp_print' in 'struct _typeobject'
2022-12-27T11:10:03.5576430Z     LxmlDocumentType.tp_print = 0;
2022-12-27T11:10:03.5578670Z     ~~~~~~~~~~~~~~~~ ^
2022-12-27T11:10:03.5581880Z   src/lxml/lxml.etree.c:214189:35: error: no member named 'tp_print' in 'struct _typeobject'
2022-12-27T11:10:03.5584530Z     __pyx_type_4lxml_5etree_DocInfo.tp_print = 0;
2022-12-27T11:10:03.5586880Z     ~~~~~~~~~~~~~~~~~~~~~~~~~~~~~~~ ^
2022-12-27T11:10:03.5590000Z   src/lxml/lxml.etree.c:214194:19: error: no member named 'tp_print' in 'struct _typeobject'
2022-12-27T11:10:03.5591930Z     LxmlElementType.tp_print = 0;
2022-12-27T11:10:03.5594830Z     ~~~~~~~~~~~~~~~ ^
2022-12-27T11:10:03.5597880Z   src/lxml/lxml.etree.c:214271:48: error: no member named 'tp_print' in 'struct _typeobject'
2022-12-27T11:10:03.5599950Z     __pyx_type_4lxml_5etree___ContentOnlyElement.tp_print = 0;
2022-12-27T11:10:03.5602410Z     ~~~~~~~~~~~~~~~~~~~~~~~~~~~~~~~~~~~~~~~~~~~~ ^
2022-12-27T11:10:03.5605530Z   src/lxml/lxml.etree.c:214308:36: error: no member named 'tp_print' in 'struct _typeobject'
2022-12-27T11:10:03.5607820Z     __pyx_type_4lxml_5etree__Comment.tp_print = 0;
2022-12-27T11:10:03.5610570Z     ~~~~~~~~~~~~~~~~~~~~~~~~~~~~~~~~ ^
2022-12-27T11:10:03.5613110Z   src/lxml/lxml.etree.c:214316:50: error: no member named 'tp_print' in 'struct _typeobject'
2022-12-27T11:10:03.5615750Z     __pyx_type_4lxml_5etree__ProcessingInstruction.tp_print = 0;
2022-12-27T11:10:03.5618290Z     ~~~~~~~~~~~~~~~~~~~~~~~~~~~~~~~~~~~~~~~~~~~~~~ ^
2022-12-27T11:10:03.5621130Z   src/lxml/lxml.etree.c:214324:35: error: no member named 'tp_print' in 'struct _typeobject'
2022-12-27T11:10:03.5623610Z     __pyx_type_4lxml_5etree__Entity.tp_print = 0;
2022-12-27T11:10:03.5626060Z     ~~~~~~~~~~~~~~~~~~~~~~~~~~~~~~~ ^
2022-12-27T11:10:03.5628940Z   src/lxml/lxml.etree.c:214329:33: error: no member named 'tp_print' in 'struct _typeobject'
2022-12-27T11:10:03.5631360Z     __pyx_type_4lxml_5etree_QName.tp_print = 0;
2022-12-27T11:10:03.5633880Z     ~~~~~~~~~~~~~~~~~~~~~~~~~~~~~ ^
2022-12-27T11:10:03.5637030Z   src/lxml/lxml.etree.c:214335:23: error: no member named 'tp_print' in 'struct _typeobject'
2022-12-27T11:10:03.5639350Z     LxmlElementTreeType.tp_print = 0;
2022-12-27T11:10:03.5641920Z     ~~~~~~~~~~~~~~~~~~~ ^
2022-12-27T11:10:03.5644680Z   fatal error: too many errors emitted, stopping now [-ferror-limit=]
2022-12-27T11:10:03.6816610Z   20 errors generated.
2022-12-27T11:10:03.6896870Z   Compile failed: command '/usr/bin/gcc' failed with exit code 1
2022-12-27T11:10:03.8269100Z   creating var
2022-12-27T11:10:03.8272380Z   creating var/folders
2022-12-27T11:10:03.8274710Z   creating var/folders/51
2022-12-27T11:10:03.8278080Z   creating var/folders/51/hd414ycd67n82196sw51xqtc0000gn
2022-12-27T11:10:03.8280280Z   creating var/folders/51/hd414ycd67n82196sw51xqtc0000gn/T
2022-12-27T11:10:03.8285360Z   cc -arch arm64 -I/Library/Developer/CommandLineTools/SDKs/MacOSX12.1.sdk/usr/include -I/usr/include/libxml2 -c /var/folders/51/hd414ycd67n82196sw51xqtc0000gn/T/xmlXPathInitq9v1aemv.c -o var/folders/51/hd414ycd67n82196sw51xqtc0000gn/T/xmlXPathInitq9v1aemv.o
2022-12-27T11:10:03.9136640Z   cc -arch arm64 var/folders/51/hd414ycd67n82196sw51xqtc0000gn/T/xmlXPathInitq9v1aemv.o -L/Library/Developer/CommandLineTools/SDKs/MacOSX12.1.sdk/usr/lib -lxml2 -o a.out
2022-12-27T11:10:03.9839420Z   error: command '/usr/bin/gcc' failed with exit code 1
2022-12-27T11:10:04.0437050Z   error: subprocess-exited-with-error
2022-12-27T11:10:04.0437410Z   
2022-12-27T11:10:04.0437970Z   Ã— python setup.py bdist_wheel did not run successfully.
2022-12-27T11:10:04.0438610Z   â”‚ exit code: 1
2022-12-27T11:10:04.0439090Z   â•°â”€> See above for output.
2022-12-27T11:10:04.0439510Z   
2022-12-27T11:10:04.0440040Z   note: This error originates from a subprocess, and is likely not a problem with pip.
2022-12-27T11:10:04.0456940Z   full command: /private/var/folders/51/hd414ycd67n82196sw51xqtc0000gn/T/cibw-run-af760zbq/cp39-macosx_arm64/build/venv/bin/python -u -c '
2022-12-27T11:10:04.0457590Z   exec(compile('"'"''"'"''"'"'
2022-12-27T11:10:04.0458130Z   # This is <pip-setuptools-caller> -- a caller that pip uses to run setup.py
2022-12-27T11:10:04.0458810Z   #
2022-12-27T11:10:04.0459290Z   # - It imports setuptools before invoking setup.py, to enable projects that directly
2022-12-27T11:10:04.0459870Z   #   import from `distutils.core` to work with newer packaging standards.
2022-12-27T11:10:04.0460480Z   # - It provides a clear error message when setuptools is not installed.
2022-12-27T11:10:04.0461100Z   # - It sets `sys.argv[0]` to the underlying `setup.py`, when invoking `setup.py` so
2022-12-27T11:10:04.0461640Z   #   setuptools doesn'"'"'t think the script is `-c`. This avoids the following warning:
2022-12-27T11:10:04.0462180Z   #     manifest_maker: standard file '"'"'-c'"'"' not found".
2022-12-27T11:10:04.0462710Z   # - It generates a shim setup.py, for handling setup.cfg-only projects.
2022-12-27T11:10:04.0463330Z   import os, sys, tokenize
2022-12-27T11:10:04.0463580Z   
2022-12-27T11:10:04.0463810Z   try:
2022-12-27T11:10:04.0464060Z       import setuptools
2022-12-27T11:10:04.0464330Z   except ImportError as error:
2022-12-27T11:10:04.0464600Z       print(
2022-12-27T11:10:04.0465690Z           "ERROR: Can not execute `setup.py` since setuptools is not available in "
2022-12-27T11:10:04.0466080Z           "the build environment.",
2022-12-27T11:10:04.0466410Z           file=sys.stderr,
2022-12-27T11:10:04.0466730Z       )
2022-12-27T11:10:04.0466980Z       sys.exit(1)
2022-12-27T11:10:04.0467240Z   
2022-12-27T11:10:04.0467530Z   __file__ = %r
2022-12-27T11:10:04.0467800Z   sys.argv[0] = __file__
2022-12-27T11:10:04.0468140Z   
2022-12-27T11:10:04.0468390Z   if os.path.exists(__file__):
2022-12-27T11:10:04.0468680Z       filename = __file__
2022-12-27T11:10:04.0469050Z       with tokenize.open(__file__) as f:
2022-12-27T11:10:04.0469440Z           setup_py_code = f.read()
2022-12-27T11:10:04.0469720Z   else:
2022-12-27T11:10:04.0470180Z       filename = "<auto-generated setuptools caller>"
2022-12-27T11:10:04.0470640Z       setup_py_code = "from setuptools import setup; setup()"
2022-12-27T11:10:04.0470950Z   
2022-12-27T11:10:04.0471910Z   exec(compile(setup_py_code, filename, "exec"))
2022-12-27T11:10:04.0472820Z   '"'"''"'"''"'"' % ('"'"'/Users/runner/actions-runner/_work/python.build/python.build/build_lxml36339/lxml-3.6.3/setup.py'"'"',), "<pip-setuptools-caller>", "exec"))' bdist_wheel -d /private/var/folders/51/hd414ycd67n82196sw51xqtc0000gn/T/pip-wheel-zp2ko2k7
2022-12-27T11:10:04.0473690Z   cwd: /Users/runner/actions-runner/_work/python.build/python.build/build_lxml36339/lxml-3.6.3/
2022-12-27T11:10:04.0474190Z   ERROR: Failed building wheel for lxml
2022-12-27T11:10:04.0474730Z   Building wheel for lxml (setup.py): finished with status 'error'
2022-12-27T11:10:04.0476010Z   Running setup.py clean for lxml
2022-12-27T11:10:04.0479720Z   Running command python setup.py clean
2022-12-27T11:10:04.3248440Z   Building lxml version 3.6.3.
2022-12-27T11:10:04.3254030Z   Building without Cython.
2022-12-27T11:10:04.3545770Z   Using build configuration of libxslt 1.1.29
2022-12-27T11:10:04.5496680Z   Building against libxml2/libxslt in the following directory: /Library/Developer/CommandLineTools/SDKs/MacOSX12.1.sdk/usr/lib
2022-12-27T11:10:04.5801540Z   running clean
2022-12-27T11:10:04.5851570Z   removing 'build/temp.macosx-11.0-arm64-cpython-39' (and everything under it)
2022-12-27T11:10:04.5855400Z   removing 'build/lib.macosx-11.0-arm64-cpython-39' (and everything under it)
2022-12-27T11:10:04.5943410Z   'build/bdist.macosx-11.0-arm64' does not exist -- can't clean it
2022-12-27T11:10:04.5944460Z   'build/scripts-3.9' does not exist -- can't clean it
2022-12-27T11:10:04.5947020Z   removing 'build'
2022-12-27T11:10:04.6503330Z Failed to build lxml
2022-12-27T11:10:04.6512660Z ERROR: Failed to build one or more wheels
2022-12-27T11:10:04.6529370Z Exception information:
2022-12-27T11:10:04.6530200Z Traceback (most recent call last):
2022-12-27T11:10:04.6547750Z   File "/private/var/folders/51/hd414ycd67n82196sw51xqtc0000gn/T/cibw-run-af760zbq/cp39-macosx_arm64/build/venv/lib/python3.9/site-packages/pip/_internal/cli/base_command.py", line 160, in exc_logging_wrapper
2022-12-27T11:10:04.6548490Z     status = run_func(*args)
2022-12-27T11:10:04.6549420Z   File "/private/var/folders/51/hd414ycd67n82196sw51xqtc0000gn/T/cibw-run-af760zbq/cp39-macosx_arm64/build/venv/lib/python3.9/site-packages/pip/_internal/cli/req_command.py", line 247, in wrapper
2022-12-27T11:10:04.6550210Z     return func(self, options, args)
2022-12-27T11:10:04.6550980Z   File "/private/var/folders/51/hd414ycd67n82196sw51xqtc0000gn/T/cibw-run-af760zbq/cp39-macosx_arm64/build/venv/lib/python3.9/site-packages/pip/_internal/commands/wheel.py", line 201, in run
2022-12-27T11:10:04.6551570Z     raise CommandError("Failed to build one or more wheels")
2022-12-27T11:10:04.6552080Z pip._internal.exceptions.CommandError: Failed to build one or more wheels
2022-12-27T11:10:04.6552670Z Removed build tracker: '/private/var/folders/51/hd414ycd67n82196sw51xqtc0000gn/T/pip-build-tracker-zh3vf6jr'
2022-12-27T11:10:04.7413850Z ##[error]Command ['python', '-m', 'pip', 'wheel', '/Users/runner/actions-runner/_work/python.build/python.build/build_lxml36339/lxml-3.6.3', '--wheel-dir=/private/var/folders/51/hd414ycd67n82196sw51xqtc0000gn/T/cibw-run-af760zbq/cp39-macosx_arm64/built_wheel', '--no-deps', '-vvv'] failed with code 1. None
2022-12-27T11:10:04.7431710Z ##[endgroup]
2022-12-27T11:10:04.7431940Z 
2022-12-27T11:10:04.7432430Z                                                               [31mâœ• [0m4.46s
2022-12-27T11:10:04.8241300Z ##[error]Process completed with exit code 1.
2022-12-27T11:10:04.8296600Z ##[group]Run rm -rf build_lxml36339 wheelsout
2022-12-27T11:10:04.8296890Z [36;1mrm -rf build_lxml36339 wheelsout[0m
2022-12-27T11:10:04.8325250Z shell: /bin/bash -e {0}
2022-12-27T11:10:04.8325430Z env:
2022-12-27T11:10:04.8325680Z   pythonLocation: /Users/runner/hostedtoolcache/Python/3.9.16/x64
2022-12-27T11:10:04.8325990Z   PKG_CONFIG_PATH: /Users/runner/hostedtoolcache/Python/3.9.16/x64/lib/pkgconfig
2022-12-27T11:10:04.8326310Z   Python_ROOT_DIR: /Users/runner/hostedtoolcache/Python/3.9.16/x64
2022-12-27T11:10:04.8326620Z   Python2_ROOT_DIR: /Users/runner/hostedtoolcache/Python/3.9.16/x64
2022-12-27T11:10:04.8326920Z   Python3_ROOT_DIR: /Users/runner/hostedtoolcache/Python/3.9.16/x64
2022-12-27T11:10:04.8327160Z ##[endgroup]
2022-12-27T11:10:04.9428060Z Cleaning up orphan processes
