2022-12-27T08:47:15.2983259Z Requested labels: self-hosted, macOS, X64
2022-12-27T08:47:15.2983379Z Job defined at: kilnbuild/python.build/.github/workflows/mac_arm_build.yml@refs/heads/main
2022-12-27T08:47:15.2983409Z Waiting for a runner to pick up this job...
2022-12-27T11:09:13.6800314Z Job is about to start running on the runner: k1 (organization)
2022-12-27T11:09:16.2331860Z Current runner version: '2.300.2'
2022-12-27T11:09:16.2336510Z Runner name: 'k1'
2022-12-27T11:09:16.2336740Z Runner group name: 'Default'
2022-12-27T11:09:16.2337150Z Machine name: 'k1'
2022-12-27T11:09:16.2338570Z ##[group]GITHUB_TOKEN Permissions
2022-12-27T11:09:16.2339140Z Actions: write
2022-12-27T11:09:16.2339280Z Checks: write
2022-12-27T11:09:16.2339410Z Contents: write
2022-12-27T11:09:16.2339540Z Deployments: write
2022-12-27T11:09:16.2339680Z Discussions: write
2022-12-27T11:09:16.2339810Z Issues: write
2022-12-27T11:09:16.2339920Z Metadata: read
2022-12-27T11:09:16.2340050Z Packages: write
2022-12-27T11:09:16.2340190Z Pages: write
2022-12-27T11:09:16.2340320Z PullRequests: write
2022-12-27T11:09:16.2340470Z RepositoryProjects: write
2022-12-27T11:09:16.2340620Z SecurityEvents: write
2022-12-27T11:09:16.2340750Z Statuses: write
2022-12-27T11:09:16.2340880Z ##[endgroup]
2022-12-27T11:09:16.2343380Z Secret source: Actions
2022-12-27T11:09:16.2343690Z Prepare workflow directory
2022-12-27T11:09:16.2991630Z Prepare all required actions
2022-12-27T11:09:16.3105070Z Getting action download info
2022-12-27T11:09:17.5118410Z Download action repository 'actions/setup-python@v4' (SHA:5ccb29d8773c3f3f653e1705f474dfaa8a06a912)
2022-12-27T11:09:19.2505660Z Download action repository 'actions/upload-artifact@v3' (SHA:83fd05a356d7e2593de66fc9913b3002723633cb)
2022-12-27T11:09:20.7800430Z ##[group]Run echo '{
2022-12-27T11:09:20.7800760Z [36;1mecho '{[0m
2022-12-27T11:09:20.7800910Z [36;1m  "package_name": "lxml",[0m
2022-12-27T11:09:20.7801130Z [36;1m  "package_url": "https://files.pythonhosted.org/packages/09/f3/c41293bc181b8c727cc485339dc57af653dae6d17d4c8dbf0cbac53cb4aa/lxml-3.6.1.tar.gz",[0m
2022-12-27T11:09:20.7801330Z [36;1m  "package_version": "3.6.1",[0m
2022-12-27T11:09:20.7801480Z [36;1m  "python_version": "3.9",[0m
2022-12-27T11:09:20.7801590Z [36;1m  "use_ccache": "true"[0m
2022-12-27T11:09:20.7801720Z [36;1m}'[0m
2022-12-27T11:09:20.7816630Z shell: /bin/bash -e {0}
2022-12-27T11:09:20.7816860Z ##[endgroup]
2022-12-27T11:09:20.8025110Z {
2022-12-27T11:09:20.8026540Z   "package_name": "lxml",
2022-12-27T11:09:20.8027300Z   "package_url": "https://files.pythonhosted.org/packages/09/f3/c41293bc181b8c727cc485339dc57af653dae6d17d4c8dbf0cbac53cb4aa/lxml-3.6.1.tar.gz",
2022-12-27T11:09:20.8027590Z   "package_version": "3.6.1",
2022-12-27T11:09:20.8027800Z   "python_version": "3.9",
2022-12-27T11:09:20.8028030Z   "use_ccache": "true"
2022-12-27T11:09:20.8028200Z }
2022-12-27T11:09:20.8244350Z ##[group]Run actions/setup-python@v4
2022-12-27T11:09:20.8244600Z with:
2022-12-27T11:09:20.8244780Z   python-version: 3.9
2022-12-27T11:09:20.8244990Z   check-latest: false
2022-12-27T11:09:20.8245270Z   token: ***
2022-12-27T11:09:20.8245440Z   update-environment: true
2022-12-27T11:09:20.8245590Z ##[endgroup]
2022-12-27T11:09:20.9461610Z ##[group]Installed versions
2022-12-27T11:09:20.9566370Z Successfully set up CPython (3.9.16)
2022-12-27T11:09:20.9567150Z ##[endgroup]
2022-12-27T11:09:20.9708070Z ##[group]Run if [ "true" == "true" ]
2022-12-27T11:09:20.9708420Z [36;1mif [ "true" == "true" ][0m
2022-12-27T11:09:20.9708680Z [36;1mthen[0m
2022-12-27T11:09:20.9708950Z [36;1m  echo "CCACHE_PATH_PREPEND=/usr/local/opt/ccache/libexec" >> $GITHUB_OUTPUT[0m
2022-12-27T11:09:20.9709160Z [36;1melse[0m
2022-12-27T11:09:20.9709390Z [36;1m  echo "CCACHE_PATH_PREPEND=" >> $GITHUB_OUTPUT[0m
2022-12-27T11:09:20.9709580Z [36;1mfi[0m
2022-12-27T11:09:20.9726030Z shell: /bin/bash -e {0}
2022-12-27T11:09:20.9726200Z env:
2022-12-27T11:09:20.9726500Z   pythonLocation: /Users/runner/hostedtoolcache/Python/3.9.16/x64
2022-12-27T11:09:20.9726760Z   PKG_CONFIG_PATH: /Users/runner/hostedtoolcache/Python/3.9.16/x64/lib/pkgconfig
2022-12-27T11:09:20.9726970Z   Python_ROOT_DIR: /Users/runner/hostedtoolcache/Python/3.9.16/x64
2022-12-27T11:09:20.9727210Z   Python2_ROOT_DIR: /Users/runner/hostedtoolcache/Python/3.9.16/x64
2022-12-27T11:09:20.9727550Z   Python3_ROOT_DIR: /Users/runner/hostedtoolcache/Python/3.9.16/x64
2022-12-27T11:09:20.9728140Z ##[endgroup]
2022-12-27T11:09:20.9837680Z ##[group]Run echo "BUILD_NAME=$(echo lxml_3.6.1_3.9 | tr -dc '[:alnum:]\n\r' | tr '[:upper:]' '[:lower:]')" >> $GITHUB_OUTPUT
2022-12-27T11:09:20.9837980Z [36;1mecho "BUILD_NAME=$(echo lxml_3.6.1_3.9 | tr -dc '[:alnum:]\n\r' | tr '[:upper:]' '[:lower:]')" >> $GITHUB_OUTPUT[0m
2022-12-27T11:09:20.9851170Z shell: /bin/bash -e {0}
2022-12-27T11:09:20.9851340Z env:
2022-12-27T11:09:20.9851560Z   pythonLocation: /Users/runner/hostedtoolcache/Python/3.9.16/x64
2022-12-27T11:09:20.9851780Z   PKG_CONFIG_PATH: /Users/runner/hostedtoolcache/Python/3.9.16/x64/lib/pkgconfig
2022-12-27T11:09:20.9852030Z   Python_ROOT_DIR: /Users/runner/hostedtoolcache/Python/3.9.16/x64
2022-12-27T11:09:20.9852320Z   Python2_ROOT_DIR: /Users/runner/hostedtoolcache/Python/3.9.16/x64
2022-12-27T11:09:20.9852510Z   Python3_ROOT_DIR: /Users/runner/hostedtoolcache/Python/3.9.16/x64
2022-12-27T11:09:20.9852710Z ##[endgroup]
2022-12-27T11:09:20.9999990Z ##[group]Run echo "PYTHON_NO_DOTS=$(echo 3.9 | tr -dc '[:alnum:]\n\r' | tr '[:upper:]' '[:lower:]')" >> $GITHUB_OUTPUT
2022-12-27T11:09:21.0000380Z [36;1mecho "PYTHON_NO_DOTS=$(echo 3.9 | tr -dc '[:alnum:]\n\r' | tr '[:upper:]' '[:lower:]')" >> $GITHUB_OUTPUT[0m
2022-12-27T11:09:21.0013400Z shell: /bin/bash -e {0}
2022-12-27T11:09:21.0013540Z env:
2022-12-27T11:09:21.0013780Z   pythonLocation: /Users/runner/hostedtoolcache/Python/3.9.16/x64
2022-12-27T11:09:21.0014430Z   PKG_CONFIG_PATH: /Users/runner/hostedtoolcache/Python/3.9.16/x64/lib/pkgconfig
2022-12-27T11:09:21.0014660Z   Python_ROOT_DIR: /Users/runner/hostedtoolcache/Python/3.9.16/x64
2022-12-27T11:09:21.0014850Z   Python2_ROOT_DIR: /Users/runner/hostedtoolcache/Python/3.9.16/x64
2022-12-27T11:09:21.0015080Z   Python3_ROOT_DIR: /Users/runner/hostedtoolcache/Python/3.9.16/x64
2022-12-27T11:09:21.0015270Z ##[endgroup]
2022-12-27T11:09:21.0123370Z ##[group]Run rm -rf build_lxml36139
2022-12-27T11:09:21.0123680Z [36;1mrm -rf build_lxml36139[0m
2022-12-27T11:09:21.0123890Z [36;1mmkdir build_lxml36139[0m
2022-12-27T11:09:21.0124060Z [36;1mcd build_lxml36139[0m
2022-12-27T11:09:21.0124330Z [36;1m/usr/local/bin/wget --quiet https://files.pythonhosted.org/packages/09/f3/c41293bc181b8c727cc485339dc57af653dae6d17d4c8dbf0cbac53cb4aa/lxml-3.6.1.tar.gz[0m
2022-12-27T11:09:21.0124590Z [36;1mtar xf *.tar.gz[0m
2022-12-27T11:09:21.0124770Z [36;1mcd *[0m
2022-12-27T11:09:21.0124920Z [36;1mpython -m pip install cibuildwheel==2.11.3[0m
2022-12-27T11:09:21.0125120Z [36;1mpython -m cibuildwheel --output-dir ../wheelsout[0m
2022-12-27T11:09:21.0137970Z shell: /bin/bash -e {0}
2022-12-27T11:09:21.0138160Z env:
2022-12-27T11:09:21.0138350Z   pythonLocation: /Users/runner/hostedtoolcache/Python/3.9.16/x64
2022-12-27T11:09:21.0138590Z   PKG_CONFIG_PATH: /Users/runner/hostedtoolcache/Python/3.9.16/x64/lib/pkgconfig
2022-12-27T11:09:21.0138860Z   Python_ROOT_DIR: /Users/runner/hostedtoolcache/Python/3.9.16/x64
2022-12-27T11:09:21.0139080Z   Python2_ROOT_DIR: /Users/runner/hostedtoolcache/Python/3.9.16/x64
2022-12-27T11:09:21.0139290Z   Python3_ROOT_DIR: /Users/runner/hostedtoolcache/Python/3.9.16/x64
2022-12-27T11:09:21.0139530Z   CIBW_ARCHS_MACOS: arm64
2022-12-27T11:09:21.0139670Z   CIBW_TEST_SKIP: *_arm64
2022-12-27T11:09:21.0139830Z   CIBW_BUILD: cp39-macosx_arm64
2022-12-27T11:09:21.0140050Z   CIBW_BUILD_FRONTEND: pip
2022-12-27T11:09:21.0140190Z   CIBW_BUILD_VERBOSITY: 3
2022-12-27T11:09:21.0140480Z   CIBW_ENVIRONMENT_MACOS:  CFLAGS="-I/usr/local/opt/openssl@3/include" LDFLAGS="-L/usr/local/opt/openssl@3/lib" CPPFLAGS="-I/usr/local/opt/openssl@3/include" MAKEFLAGS="-j$(sysctl -n hw.logicalcpu)" PATH=/usr/local/opt/ccache/libexec:$PATH
2022-12-27T11:09:21.0140820Z   CIBW_BEFORE_BUILD: pip install Cython; if [[ -f requirements.txt ]]; then pip install -r requirements.txt; fi
2022-12-27T11:09:21.0141080Z   MAKEFLAGS: -j$(sysctl -n hw.logicalcpu)
2022-12-27T11:09:21.0141230Z ##[endgroup]
2022-12-27T11:09:21.5093230Z Requirement already satisfied: cibuildwheel==2.11.3 in /Users/runner/hostedtoolcache/Python/3.9.16/x64/lib/python3.9/site-packages (2.11.3)
2022-12-27T11:09:21.5333530Z Requirement already satisfied: platformdirs in /Users/runner/hostedtoolcache/Python/3.9.16/x64/lib/python3.9/site-packages (from cibuildwheel==2.11.3) (2.6.0)
2022-12-27T11:09:21.5336690Z Requirement already satisfied: certifi in /Users/runner/hostedtoolcache/Python/3.9.16/x64/lib/python3.9/site-packages (from cibuildwheel==2.11.3) (2022.12.7)
2022-12-27T11:09:21.5345790Z Requirement already satisfied: typing-extensions>=4.1.0 in /Users/runner/hostedtoolcache/Python/3.9.16/x64/lib/python3.9/site-packages (from cibuildwheel==2.11.3) (4.4.0)
2022-12-27T11:09:21.5348540Z Requirement already satisfied: bracex in /Users/runner/hostedtoolcache/Python/3.9.16/x64/lib/python3.9/site-packages (from cibuildwheel==2.11.3) (2.3.post1)
2022-12-27T11:09:21.5352640Z Requirement already satisfied: filelock in /Users/runner/hostedtoolcache/Python/3.9.16/x64/lib/python3.9/site-packages (from cibuildwheel==2.11.3) (3.8.2)
2022-12-27T11:09:21.5358750Z Requirement already satisfied: tomli in /Users/runner/hostedtoolcache/Python/3.9.16/x64/lib/python3.9/site-packages (from cibuildwheel==2.11.3) (2.0.1)
2022-12-27T11:09:21.5363470Z Requirement already satisfied: bashlex!=0.13 in /Users/runner/hostedtoolcache/Python/3.9.16/x64/lib/python3.9/site-packages (from cibuildwheel==2.11.3) (0.16)
2022-12-27T11:09:21.5368310Z Requirement already satisfied: packaging>=20.9 in /Users/runner/hostedtoolcache/Python/3.9.16/x64/lib/python3.9/site-packages (from cibuildwheel==2.11.3) (22.0)
2022-12-27T11:09:21.7070210Z 
2022-12-27T11:09:21.7070550Z      _ _       _ _   _       _           _
2022-12-27T11:09:21.7070860Z  ___|_| |_ _ _|_| |_| |_ _ _| |_ ___ ___| |
2022-12-27T11:09:21.7071360Z |  _| | . | | | | | . | | | |   | -_| -_| |
2022-12-27T11:09:21.7071650Z |___|_|___|___|_|_|___|_____|_|_|___|___|_|
2022-12-27T11:09:21.7072610Z 
2022-12-27T11:09:21.7072870Z cibuildwheel version 2.11.3
2022-12-27T11:09:21.7073040Z 
2022-12-27T11:09:21.7073170Z Build options:
2022-12-27T11:09:21.7073460Z   platform: macos
2022-12-27T11:09:21.7180030Z   architectures: arm64[0m
2022-12-27T11:09:21.7180470Z   build_selector: 
2022-12-27T11:09:21.7181390Z     build_config: cp39-macosx_arm64
2022-12-27T11:09:21.7181690Z     skip_config: 
2022-12-27T11:09:21.7181950Z     requires_python: None
2022-12-27T11:09:21.7182290Z     prerelease_pythons: False[0m
2022-12-27T11:09:21.7182790Z   [38;5;244mcontainer_engine: docker[0m
2022-12-27T11:09:21.7183300Z   output_dir: /Users/runner/actions-runner/_work/python.build/python.build/build_lxml36139/wheelsout[0m
2022-12-27T11:09:21.7183850Z   package_dir: /Users/runner/actions-runner/_work/python.build/python.build/build_lxml36139/lxml-3.6.1[0m
2022-12-27T11:09:21.7184210Z   test_selector: 
2022-12-27T11:09:21.7184530Z     skip_config: *_arm64[0m
2022-12-27T11:09:21.7184910Z   [38;5;244mbefore_all: [0m
2022-12-27T11:09:21.7185390Z   before_build: pip install Cython; if [[ -f requirements.txt ]]; then pip install -r requirements.txt; fi[0m
2022-12-27T11:09:21.7185760Z   [38;5;244mbefore_test: [0m
2022-12-27T11:09:21.7186080Z   [38;5;244mbuild_frontend: pip[0m
2022-12-27T11:09:21.7186430Z   build_verbosity: 3[0m
2022-12-27T11:09:21.7186750Z   [38;5;244mconfig_settings: [0m
2022-12-27T11:09:21.7187060Z   [38;5;244mdependency_constraints: pinned[0m
2022-12-27T11:09:21.7187320Z   environment: 
2022-12-27T11:09:21.7187670Z     CFLAGS="-I/usr/local/opt/openssl@3/include"
2022-12-27T11:09:21.7188040Z     LDFLAGS="-L/usr/local/opt/openssl@3/lib"
2022-12-27T11:09:21.7188450Z     CPPFLAGS="-I/usr/local/opt/openssl@3/include"
2022-12-27T11:09:21.7188840Z     MAKEFLAGS="-j$(sysctl -n hw.logicalcpu)"
2022-12-27T11:09:21.7189170Z     PATH=/usr/local/opt/ccache/libexec:$PATH[0m
2022-12-27T11:09:21.7189520Z   [38;5;244mmanylinux_images: None[0m
2022-12-27T11:09:21.7189900Z   [38;5;244mmusllinux_images: None[0m
2022-12-27T11:09:21.7190330Z   [38;5;244mrepair_command: delocate-wheel --require-archs {delocate_archs} -w {dest_dir} -v {wheel}[0m
2022-12-27T11:09:21.7191070Z   [38;5;244mtest_command: [0m
2022-12-27T11:09:21.7191380Z   [38;5;244mtest_extras: [0m
2022-12-27T11:09:21.7191730Z   [38;5;244mtest_requires: [0m
2022-12-27T11:09:21.7191850Z 
2022-12-27T11:09:21.7192000Z Cache folder: /Users/runner/Library/Caches/cibuildwheel
2022-12-27T11:09:21.7198840Z 
2022-12-27T11:09:21.7199120Z Here we go!
2022-12-27T11:09:21.7199290Z 
2022-12-27T11:09:21.7319170Z 
2022-12-27T11:09:21.7319880Z [1m[34mBuilding cp39-macosx_arm64 wheel[0m
2022-12-27T11:09:21.7320250Z CPython 3.9 macOS arm64 - Apple Silicon
2022-12-27T11:09:21.7320490Z 
2022-12-27T11:09:21.7322830Z ##[group]Installing Python cp39...
2022-12-27T11:09:21.7323010Z 
2022-12-27T11:09:21.7323190Z + pkgutil --pkgs
2022-12-27T11:09:21.7420960Z ##[endgroup]
2022-12-27T11:09:21.7421820Z                                                               [32m✓ [0m0.01s
2022-12-27T11:09:21.7422530Z ##[group]Setting up build environment...
2022-12-27T11:09:21.7422700Z 
2022-12-27T11:09:21.7442230Z + /Users/runner/hostedtoolcache/Python/3.9.16/x64/bin/python -sS /Users/runner/Library/Caches/cibuildwheel/virtualenv-20.17.0.pyz --activators= --no-periodic-update --pip=22.3.1 --setuptools=65.6.3 --wheel=0.38.4 --symlink-app-data --python /Library/Frameworks/Python.framework/Versions/3.9/bin/python3 /private/var/folders/51/hd414ycd67n82196sw51xqtc0000gn/T/cibw-run-fa33hr8b/cp39-macosx_arm64/build/venv
2022-12-27T11:09:21.9270500Z created virtual environment CPython3.9.13.final.0-64 in 52ms
2022-12-27T11:09:21.9271380Z   creator CPython3Posix(dest=/private/var/folders/51/hd414ycd67n82196sw51xqtc0000gn/T/cibw-run-fa33hr8b/cp39-macosx_arm64/build/venv, clear=False, no_vcs_ignore=False, global=False)
2022-12-27T11:09:21.9272200Z   seeder FromAppData(download=False, pip=22.3.1, setuptools=65.6.3, wheel=0.38.4, via=symlink, app_data_dir=/Users/runner/Library/Application Support/virtualenv)
2022-12-27T11:09:21.9272620Z     added seed packages: pip==22.3.1, setuptools==65.6.3, wheel==0.38.4
2022-12-27T11:09:21.9379940Z + python -m pip install --upgrade pip -c /Users/runner/hostedtoolcache/Python/3.9.16/x64/lib/python3.9/site-packages/cibuildwheel/resources/constraints-python39.txt
2022-12-27T11:09:22.2297310Z Requirement already satisfied: pip in ./lib/python3.9/site-packages (22.3.1)
2022-12-27T11:09:22.3681570Z + which pip
2022-12-27T11:09:22.3702430Z /private/var/folders/51/hd414ycd67n82196sw51xqtc0000gn/T/cibw-run-fa33hr8b/cp39-macosx_arm64/build/venv/bin/pip
2022-12-27T11:09:22.3704800Z + pip --version
2022-12-27T11:09:22.5852640Z pip 22.3.1 from /private/var/folders/51/hd414ycd67n82196sw51xqtc0000gn/T/cibw-run-fa33hr8b/cp39-macosx_arm64/build/venv/lib/python3.9/site-packages/pip (python 3.9)
2022-12-27T11:09:22.6072120Z + which pip
2022-12-27T11:09:22.6100800Z + which python
2022-12-27T11:09:22.6120180Z /private/var/folders/51/hd414ycd67n82196sw51xqtc0000gn/T/cibw-run-fa33hr8b/cp39-macosx_arm64/build/venv/bin/python
2022-12-27T11:09:22.6123980Z + python --version
2022-12-27T11:09:22.6178350Z Python 3.9.13
2022-12-27T11:09:22.6181830Z + which python
2022-12-27T11:09:22.6236060Z ##[endgroup]
2022-12-27T11:09:22.6236610Z                                                               [32m✓ [0m0.88s
2022-12-27T11:09:22.6237400Z ##[group]Installing build tools...
2022-12-27T11:09:22.6237540Z 
2022-12-27T11:09:22.6238060Z + pip install --upgrade setuptools wheel delocate -c /Users/runner/hostedtoolcache/Python/3.9.16/x64/lib/python3.9/site-packages/cibuildwheel/resources/constraints-python39.txt
2022-12-27T11:09:22.9183450Z Requirement already satisfied: setuptools in /private/var/folders/51/hd414ycd67n82196sw51xqtc0000gn/T/cibw-run-fa33hr8b/cp39-macosx_arm64/build/venv/lib/python3.9/site-packages (65.6.3)
2022-12-27T11:09:23.1411540Z Requirement already satisfied: wheel in /private/var/folders/51/hd414ycd67n82196sw51xqtc0000gn/T/cibw-run-fa33hr8b/cp39-macosx_arm64/build/venv/lib/python3.9/site-packages (0.38.4)
2022-12-27T11:09:23.1947250Z Collecting delocate
2022-12-27T11:09:23.1971740Z   Using cached delocate-0.10.3-py3-none-any.whl (142 kB)
2022-12-27T11:09:23.2197920Z Collecting typing-extensions
2022-12-27T11:09:23.2218020Z   Using cached typing_extensions-4.4.0-py3-none-any.whl (26 kB)
2022-12-27T11:09:23.2469880Z Collecting packaging>=20.9
2022-12-27T11:09:23.2490540Z   Using cached packaging-21.3-py3-none-any.whl (40 kB)
2022-12-27T11:09:23.2884330Z Collecting pyparsing!=3.0.5,>=2.0.2
2022-12-27T11:09:23.2906180Z   Using cached pyparsing-3.0.9-py3-none-any.whl (98 kB)
2022-12-27T11:09:23.3271850Z Installing collected packages: typing-extensions, pyparsing, packaging, delocate
2022-12-27T11:09:23.4720910Z Successfully installed delocate-0.10.3 packaging-21.3 pyparsing-3.0.9 typing-extensions-4.4.0
2022-12-27T11:09:23.5190230Z ##[endgroup]
2022-12-27T11:09:23.5190870Z                                                               [32m✓ [0m0.90s
2022-12-27T11:09:23.5191370Z ##[group]Running before_build...
2022-12-27T11:09:23.5191520Z 
2022-12-27T11:09:23.5197770Z + pip install Cython; if [[ -f requirements.txt ]]; then pip install -r requirements.txt; fi
2022-12-27T11:09:24.2078430Z Collecting Cython
2022-12-27T11:09:24.2125370Z   Using cached Cython-0.29.32-py2.py3-none-any.whl (986 kB)
2022-12-27T11:09:24.2612550Z Installing collected packages: Cython
2022-12-27T11:09:24.7272120Z Successfully installed Cython-0.29.32
2022-12-27T11:09:25.0584370Z Requirement already satisfied: Cython>=0.20 in /private/var/folders/51/hd414ycd67n82196sw51xqtc0000gn/T/cibw-run-fa33hr8b/cp39-macosx_arm64/build/venv/lib/python3.9/site-packages (from -r requirements.txt (line 1)) (0.29.32)
2022-12-27T11:09:25.1199400Z ##[endgroup]
2022-12-27T11:09:25.1200070Z                                                               [32m✓ [0m1.60s
2022-12-27T11:09:25.1200640Z ##[group]Building wheel...
2022-12-27T11:09:25.1200780Z 
2022-12-27T11:09:25.1205760Z + python -m pip wheel /Users/runner/actions-runner/_work/python.build/python.build/build_lxml36139/lxml-3.6.1 --wheel-dir=/private/var/folders/51/hd414ycd67n82196sw51xqtc0000gn/T/cibw-run-fa33hr8b/cp39-macosx_arm64/built_wheel --no-deps -vvv
2022-12-27T11:09:25.3913330Z Created temporary directory: /private/var/folders/51/hd414ycd67n82196sw51xqtc0000gn/T/pip-ephem-wheel-cache-9a_4_o3r
2022-12-27T11:09:25.3917740Z Created temporary directory: /private/var/folders/51/hd414ycd67n82196sw51xqtc0000gn/T/pip-build-tracker-uh96xw1m
2022-12-27T11:09:25.3919210Z Initialized build tracking at /private/var/folders/51/hd414ycd67n82196sw51xqtc0000gn/T/pip-build-tracker-uh96xw1m
2022-12-27T11:09:25.3920610Z Created build tracker: /private/var/folders/51/hd414ycd67n82196sw51xqtc0000gn/T/pip-build-tracker-uh96xw1m
2022-12-27T11:09:25.3922470Z Entered build tracker: /private/var/folders/51/hd414ycd67n82196sw51xqtc0000gn/T/pip-build-tracker-uh96xw1m
2022-12-27T11:09:25.3925730Z Created temporary directory: /private/var/folders/51/hd414ycd67n82196sw51xqtc0000gn/T/pip-wheel-ttxsouz7
2022-12-27T11:09:25.3931760Z Created temporary directory: /private/var/folders/51/hd414ycd67n82196sw51xqtc0000gn/T/pip-ephem-wheel-cache-ztrkmvz2
2022-12-27T11:09:25.4083860Z Processing /Users/runner/actions-runner/_work/python.build/python.build/build_lxml36139/lxml-3.6.1
2022-12-27T11:09:25.4089290Z   Added file:///Users/runner/actions-runner/_work/python.build/python.build/build_lxml36139/lxml-3.6.1 to build tracker '/private/var/folders/51/hd414ycd67n82196sw51xqtc0000gn/T/pip-build-tracker-uh96xw1m'
2022-12-27T11:09:25.4092370Z   Running setup.py (path:/Users/runner/actions-runner/_work/python.build/python.build/build_lxml36139/lxml-3.6.1/setup.py) egg_info for package from file:///Users/runner/actions-runner/_work/python.build/python.build/build_lxml36139/lxml-3.6.1
2022-12-27T11:09:25.4095380Z   Created temporary directory: /private/var/folders/51/hd414ycd67n82196sw51xqtc0000gn/T/pip-pip-egg-info-1u0j92v1
2022-12-27T11:09:25.4096740Z   Preparing metadata (setup.py): started
2022-12-27T11:09:25.4098470Z   Running command python setup.py egg_info
2022-12-27T11:09:25.6968360Z   Building lxml version 3.6.1.
2022-12-27T11:09:25.6970140Z   Building without Cython.
2022-12-27T11:09:25.6971180Z   Using build configuration of libxslt 1.1.29
2022-12-27T11:09:25.6973090Z   Building against libxml2/libxslt in the following directory: /Library/Developer/CommandLineTools/SDKs/MacOSX12.1.sdk/usr/lib
2022-12-27T11:09:25.6974100Z   running egg_info
2022-12-27T11:09:25.6976360Z   creating /private/var/folders/51/hd414ycd67n82196sw51xqtc0000gn/T/pip-pip-egg-info-1u0j92v1/lxml.egg-info
2022-12-27T11:09:25.6977830Z   writing /private/var/folders/51/hd414ycd67n82196sw51xqtc0000gn/T/pip-pip-egg-info-1u0j92v1/lxml.egg-info/PKG-INFO
2022-12-27T11:09:25.6979550Z   writing dependency_links to /private/var/folders/51/hd414ycd67n82196sw51xqtc0000gn/T/pip-pip-egg-info-1u0j92v1/lxml.egg-info/dependency_links.txt
2022-12-27T11:09:25.6984480Z   writing requirements to /private/var/folders/51/hd414ycd67n82196sw51xqtc0000gn/T/pip-pip-egg-info-1u0j92v1/lxml.egg-info/requires.txt
2022-12-27T11:09:25.6986640Z   writing top-level names to /private/var/folders/51/hd414ycd67n82196sw51xqtc0000gn/T/pip-pip-egg-info-1u0j92v1/lxml.egg-info/top_level.txt
2022-12-27T11:09:25.6988440Z   writing manifest file '/private/var/folders/51/hd414ycd67n82196sw51xqtc0000gn/T/pip-pip-egg-info-1u0j92v1/lxml.egg-info/SOURCES.txt'
2022-12-27T11:09:25.7080670Z   reading manifest file '/private/var/folders/51/hd414ycd67n82196sw51xqtc0000gn/T/pip-pip-egg-info-1u0j92v1/lxml.egg-info/SOURCES.txt'
2022-12-27T11:09:25.7083890Z   reading manifest template 'MANIFEST.in'
2022-12-27T11:09:25.8133240Z   adding license file 'LICENSES.txt'
2022-12-27T11:09:25.8199780Z   writing manifest file '/private/var/folders/51/hd414ycd67n82196sw51xqtc0000gn/T/pip-pip-egg-info-1u0j92v1/lxml.egg-info/SOURCES.txt'
2022-12-27T11:09:25.8447930Z   Preparing metadata (setup.py): finished with status 'done'
2022-12-27T11:09:25.8475330Z   Source in /Users/runner/actions-runner/_work/python.build/python.build/build_lxml36139/lxml-3.6.1 has version 3.6.1, which satisfies requirement lxml==3.6.1 from file:///Users/runner/actions-runner/_work/python.build/python.build/build_lxml36139/lxml-3.6.1
2022-12-27T11:09:25.8478460Z   Removed lxml==3.6.1 from file:///Users/runner/actions-runner/_work/python.build/python.build/build_lxml36139/lxml-3.6.1 from build tracker '/private/var/folders/51/hd414ycd67n82196sw51xqtc0000gn/T/pip-build-tracker-uh96xw1m'
2022-12-27T11:09:25.8495610Z Created temporary directory: /private/var/folders/51/hd414ycd67n82196sw51xqtc0000gn/T/pip-unpack-asiuun5k
2022-12-27T11:09:25.8497520Z Building wheels for collected packages: lxml
2022-12-27T11:09:25.8503130Z   Created temporary directory: /private/var/folders/51/hd414ycd67n82196sw51xqtc0000gn/T/pip-wheel-3qs9hrt1
2022-12-27T11:09:25.8504970Z   Building wheel for lxml (setup.py): started
2022-12-27T11:09:25.8506750Z   Destination directory: /private/var/folders/51/hd414ycd67n82196sw51xqtc0000gn/T/pip-wheel-3qs9hrt1
2022-12-27T11:09:25.8508120Z   Running command python setup.py bdist_wheel
2022-12-27T11:09:26.0062090Z   Building lxml version 3.6.1.
2022-12-27T11:09:26.0062950Z   Building without Cython.
2022-12-27T11:09:26.0200040Z   Using build configuration of libxslt 1.1.29
2022-12-27T11:09:26.1145290Z   Building against libxml2/libxslt in the following directory: /Library/Developer/CommandLineTools/SDKs/MacOSX12.1.sdk/usr/lib
2022-12-27T11:09:26.1407770Z   running bdist_wheel
2022-12-27T11:09:26.1450640Z   running build
2022-12-27T11:09:26.1452990Z   running build_py
2022-12-27T11:09:26.1473450Z   creating build
2022-12-27T11:09:26.1475390Z   creating build/lib.macosx-11.0-arm64-cpython-39
2022-12-27T11:09:26.1477050Z   creating build/lib.macosx-11.0-arm64-cpython-39/lxml
2022-12-27T11:09:26.1478470Z   copying src/lxml/_elementpath.py -> build/lib.macosx-11.0-arm64-cpython-39/lxml
2022-12-27T11:09:26.1480080Z   copying src/lxml/sax.py -> build/lib.macosx-11.0-arm64-cpython-39/lxml
2022-12-27T11:09:26.1484830Z   copying src/lxml/pyclasslookup.py -> build/lib.macosx-11.0-arm64-cpython-39/lxml
2022-12-27T11:09:26.1487020Z   copying src/lxml/__init__.py -> build/lib.macosx-11.0-arm64-cpython-39/lxml
2022-12-27T11:09:26.1488700Z   copying src/lxml/builder.py -> build/lib.macosx-11.0-arm64-cpython-39/lxml
2022-12-27T11:09:26.1490480Z   copying src/lxml/doctestcompare.py -> build/lib.macosx-11.0-arm64-cpython-39/lxml
2022-12-27T11:09:26.1493830Z   copying src/lxml/usedoctest.py -> build/lib.macosx-11.0-arm64-cpython-39/lxml
2022-12-27T11:09:26.1495850Z   copying src/lxml/cssselect.py -> build/lib.macosx-11.0-arm64-cpython-39/lxml
2022-12-27T11:09:26.1498130Z   copying src/lxml/ElementInclude.py -> build/lib.macosx-11.0-arm64-cpython-39/lxml
2022-12-27T11:09:26.1502580Z   creating build/lib.macosx-11.0-arm64-cpython-39/lxml/includes
2022-12-27T11:09:26.1504180Z   copying src/lxml/includes/__init__.py -> build/lib.macosx-11.0-arm64-cpython-39/lxml/includes
2022-12-27T11:09:26.1510310Z   creating build/lib.macosx-11.0-arm64-cpython-39/lxml/html
2022-12-27T11:09:26.1511760Z   copying src/lxml/html/soupparser.py -> build/lib.macosx-11.0-arm64-cpython-39/lxml/html
2022-12-27T11:09:26.1515760Z   copying src/lxml/html/defs.py -> build/lib.macosx-11.0-arm64-cpython-39/lxml/html
2022-12-27T11:09:26.1517970Z   copying src/lxml/html/_setmixin.py -> build/lib.macosx-11.0-arm64-cpython-39/lxml/html
2022-12-27T11:09:26.1519960Z   copying src/lxml/html/clean.py -> build/lib.macosx-11.0-arm64-cpython-39/lxml/html
2022-12-27T11:09:26.1523540Z   copying src/lxml/html/_diffcommand.py -> build/lib.macosx-11.0-arm64-cpython-39/lxml/html
2022-12-27T11:09:26.1525480Z   copying src/lxml/html/html5parser.py -> build/lib.macosx-11.0-arm64-cpython-39/lxml/html
2022-12-27T11:09:26.1528710Z   copying src/lxml/html/__init__.py -> build/lib.macosx-11.0-arm64-cpython-39/lxml/html
2022-12-27T11:09:26.1531140Z   copying src/lxml/html/formfill.py -> build/lib.macosx-11.0-arm64-cpython-39/lxml/html
2022-12-27T11:09:26.1534530Z   copying src/lxml/html/builder.py -> build/lib.macosx-11.0-arm64-cpython-39/lxml/html
2022-12-27T11:09:26.1536410Z   copying src/lxml/html/ElementSoup.py -> build/lib.macosx-11.0-arm64-cpython-39/lxml/html
2022-12-27T11:09:26.1537970Z   copying src/lxml/html/_html5builder.py -> build/lib.macosx-11.0-arm64-cpython-39/lxml/html
2022-12-27T11:09:26.1541380Z   copying src/lxml/html/usedoctest.py -> build/lib.macosx-11.0-arm64-cpython-39/lxml/html
2022-12-27T11:09:26.1543420Z   copying src/lxml/html/diff.py -> build/lib.macosx-11.0-arm64-cpython-39/lxml/html
2022-12-27T11:09:26.1547930Z   creating build/lib.macosx-11.0-arm64-cpython-39/lxml/isoschematron
2022-12-27T11:09:26.1549380Z   copying src/lxml/isoschematron/__init__.py -> build/lib.macosx-11.0-arm64-cpython-39/lxml/isoschematron
2022-12-27T11:09:26.1573720Z   copying src/lxml/lxml.etree.h -> build/lib.macosx-11.0-arm64-cpython-39/lxml
2022-12-27T11:09:26.1577040Z   copying src/lxml/lxml.etree_api.h -> build/lib.macosx-11.0-arm64-cpython-39/lxml
2022-12-27T11:09:26.1581200Z   copying src/lxml/includes/xmlerror.pxd -> build/lib.macosx-11.0-arm64-cpython-39/lxml/includes
2022-12-27T11:09:26.1584260Z   copying src/lxml/includes/c14n.pxd -> build/lib.macosx-11.0-arm64-cpython-39/lxml/includes
2022-12-27T11:09:26.1585890Z   copying src/lxml/includes/xmlschema.pxd -> build/lib.macosx-11.0-arm64-cpython-39/lxml/includes
2022-12-27T11:09:26.1589430Z   copying src/lxml/includes/schematron.pxd -> build/lib.macosx-11.0-arm64-cpython-39/lxml/includes
2022-12-27T11:09:26.1591910Z   copying src/lxml/includes/tree.pxd -> build/lib.macosx-11.0-arm64-cpython-39/lxml/includes
2022-12-27T11:09:26.1594900Z   copying src/lxml/includes/uri.pxd -> build/lib.macosx-11.0-arm64-cpython-39/lxml/includes
2022-12-27T11:09:26.1598210Z   copying src/lxml/includes/etreepublic.pxd -> build/lib.macosx-11.0-arm64-cpython-39/lxml/includes
2022-12-27T11:09:26.1600430Z   copying src/lxml/includes/xpath.pxd -> build/lib.macosx-11.0-arm64-cpython-39/lxml/includes
2022-12-27T11:09:26.1603020Z   copying src/lxml/includes/htmlparser.pxd -> build/lib.macosx-11.0-arm64-cpython-39/lxml/includes
2022-12-27T11:09:26.1606220Z   copying src/lxml/includes/xslt.pxd -> build/lib.macosx-11.0-arm64-cpython-39/lxml/includes
2022-12-27T11:09:26.1608420Z   copying src/lxml/includes/config.pxd -> build/lib.macosx-11.0-arm64-cpython-39/lxml/includes
2022-12-27T11:09:26.1611800Z   copying src/lxml/includes/xmlparser.pxd -> build/lib.macosx-11.0-arm64-cpython-39/lxml/includes
2022-12-27T11:09:26.1614010Z   copying src/lxml/includes/xinclude.pxd -> build/lib.macosx-11.0-arm64-cpython-39/lxml/includes
2022-12-27T11:09:26.1617180Z   copying src/lxml/includes/dtdvalid.pxd -> build/lib.macosx-11.0-arm64-cpython-39/lxml/includes
2022-12-27T11:09:26.1619970Z   copying src/lxml/includes/relaxng.pxd -> build/lib.macosx-11.0-arm64-cpython-39/lxml/includes
2022-12-27T11:09:26.1623070Z   copying src/lxml/includes/lxml-version.h -> build/lib.macosx-11.0-arm64-cpython-39/lxml/includes
2022-12-27T11:09:26.1625220Z   copying src/lxml/includes/etree_defs.h -> build/lib.macosx-11.0-arm64-cpython-39/lxml/includes
2022-12-27T11:09:26.1628420Z   creating build/lib.macosx-11.0-arm64-cpython-39/lxml/isoschematron/resources
2022-12-27T11:09:26.1629930Z   creating build/lib.macosx-11.0-arm64-cpython-39/lxml/isoschematron/resources/rng
2022-12-27T11:09:26.1631590Z   copying src/lxml/isoschematron/resources/rng/iso-schematron.rng -> build/lib.macosx-11.0-arm64-cpython-39/lxml/isoschematron/resources/rng
2022-12-27T11:09:26.1634780Z   creating build/lib.macosx-11.0-arm64-cpython-39/lxml/isoschematron/resources/xsl
2022-12-27T11:09:26.1636700Z   copying src/lxml/isoschematron/resources/xsl/XSD2Schtrn.xsl -> build/lib.macosx-11.0-arm64-cpython-39/lxml/isoschematron/resources/xsl
2022-12-27T11:09:26.1638380Z   copying src/lxml/isoschematron/resources/xsl/RNG2Schtrn.xsl -> build/lib.macosx-11.0-arm64-cpython-39/lxml/isoschematron/resources/xsl
2022-12-27T11:09:26.1642270Z   creating build/lib.macosx-11.0-arm64-cpython-39/lxml/isoschematron/resources/xsl/iso-schematron-xslt1
2022-12-27T11:09:26.1644250Z   copying src/lxml/isoschematron/resources/xsl/iso-schematron-xslt1/iso_abstract_expand.xsl -> build/lib.macosx-11.0-arm64-cpython-39/lxml/isoschematron/resources/xsl/iso-schematron-xslt1
2022-12-27T11:09:26.1645980Z   copying src/lxml/isoschematron/resources/xsl/iso-schematron-xslt1/iso_dsdl_include.xsl -> build/lib.macosx-11.0-arm64-cpython-39/lxml/isoschematron/resources/xsl/iso-schematron-xslt1
2022-12-27T11:09:26.1648760Z   copying src/lxml/isoschematron/resources/xsl/iso-schematron-xslt1/iso_schematron_skeleton_for_xslt1.xsl -> build/lib.macosx-11.0-arm64-cpython-39/lxml/isoschematron/resources/xsl/iso-schematron-xslt1
2022-12-27T11:09:26.1652560Z   copying src/lxml/isoschematron/resources/xsl/iso-schematron-xslt1/iso_svrl_for_xslt1.xsl -> build/lib.macosx-11.0-arm64-cpython-39/lxml/isoschematron/resources/xsl/iso-schematron-xslt1
2022-12-27T11:09:26.1655540Z   copying src/lxml/isoschematron/resources/xsl/iso-schematron-xslt1/iso_schematron_message.xsl -> build/lib.macosx-11.0-arm64-cpython-39/lxml/isoschematron/resources/xsl/iso-schematron-xslt1
2022-12-27T11:09:26.1658470Z   copying src/lxml/isoschematron/resources/xsl/iso-schematron-xslt1/readme.txt -> build/lib.macosx-11.0-arm64-cpython-39/lxml/isoschematron/resources/xsl/iso-schematron-xslt1
2022-12-27T11:09:26.1671820Z   running build_ext
2022-12-27T11:09:26.1966120Z   building 'lxml.etree' extension
2022-12-27T11:09:26.1967900Z   creating build/temp.macosx-11.0-arm64-cpython-39
2022-12-27T11:09:26.1969770Z   creating build/temp.macosx-11.0-arm64-cpython-39/src
2022-12-27T11:09:26.1971570Z   creating build/temp.macosx-11.0-arm64-cpython-39/src/lxml
2022-12-27T11:09:26.1974480Z   gcc -Wno-unused-result -Wsign-compare -Wunreachable-code -fno-common -dynamic -DNDEBUG -g -fwrapv -O3 -Wall -g -I/usr/local/opt/openssl@3/include -I/usr/local/opt/openssl@3/include -arch arm64 -I/Library/Developer/CommandLineTools/SDKs/MacOSX12.1.sdk/usr/include -Isrc/lxml/includes -I/private/var/folders/51/hd414ycd67n82196sw51xqtc0000gn/T/cibw-run-fa33hr8b/cp39-macosx_arm64/build/venv/include -I/Library/Frameworks/Python.framework/Versions/3.9/include/python3.9 -c src/lxml/lxml.etree.c -o build/temp.macosx-11.0-arm64-cpython-39/src/lxml/lxml.etree.o -w -flat_namespace
2022-12-27T11:09:26.8981780Z   src/lxml/lxml.etree.c:214084:38: error: no member named 'tp_print' in 'struct _typeobject'
2022-12-27T11:09:26.8982990Z     __pyx_type_4lxml_5etree__TempStore.tp_print = 0;
2022-12-27T11:09:26.8985260Z     ~~~~~~~~~~~~~~~~~~~~~~~~~~~~~~~~~~ ^
2022-12-27T11:09:26.8986840Z   src/lxml/lxml.etree.c:214094:45: error: no member named 'tp_print' in 'struct _typeobject'
2022-12-27T11:09:26.8988570Z     __pyx_type_4lxml_5etree__ExceptionContext.tp_print = 0;
2022-12-27T11:09:26.8989780Z     ~~~~~~~~~~~~~~~~~~~~~~~~~~~~~~~~~~~~~~~~~ ^
2022-12-27T11:09:26.8991520Z   src/lxml/lxml.etree.c:214101:37: error: no member named 'tp_print' in 'struct _typeobject'
2022-12-27T11:09:26.8992760Z     __pyx_type_4lxml_5etree__LogEntry.tp_print = 0;
2022-12-27T11:09:26.8994050Z     ~~~~~~~~~~~~~~~~~~~~~~~~~~~~~~~~~ ^
2022-12-27T11:09:26.9060880Z   src/lxml/lxml.etree.c:214113:41: error: no member named 'tp_print' in 'struct _typeobject'
2022-12-27T11:09:26.9061130Z     __pyx_type_4lxml_5etree__BaseErrorLog.tp_print = 0;
2022-12-27T11:09:26.9061400Z     ~~~~~~~~~~~~~~~~~~~~~~~~~~~~~~~~~~~~~ ^
2022-12-27T11:09:26.9061870Z   src/lxml/lxml.etree.c:214122:41: error: no member named 'tp_print' in 'struct _typeobject'
2022-12-27T11:09:26.9062350Z     __pyx_type_4lxml_5etree__ListErrorLog.tp_print = 0;
2022-12-27T11:09:26.9064540Z     ~~~~~~~~~~~~~~~~~~~~~~~~~~~~~~~~~~~~~ ^
2022-12-27T11:09:26.9065220Z   src/lxml/lxml.etree.c:214127:44: error: no member named 'tp_print' in 'struct _typeobject'
2022-12-27T11:09:26.9065600Z     __pyx_type_4lxml_5etree__ErrorLogContext.tp_print = 0;
2022-12-27T11:09:26.9065890Z     ~~~~~~~~~~~~~~~~~~~~~~~~~~~~~~~~~~~~~~~~ ^
2022-12-27T11:09:26.9066360Z   src/lxml/lxml.etree.c:214139:37: error: no member named 'tp_print' in 'struct _typeobject'
2022-12-27T11:09:26.9067240Z     __pyx_type_4lxml_5etree__ErrorLog.tp_print = 0;
2022-12-27T11:09:26.9067530Z     ~~~~~~~~~~~~~~~~~~~~~~~~~~~~~~~~~ ^
2022-12-27T11:09:26.9067980Z   src/lxml/lxml.etree.c:214148:43: error: no member named 'tp_print' in 'struct _typeobject'
2022-12-27T11:09:26.9068500Z     __pyx_type_4lxml_5etree__DomainErrorLog.tp_print = 0;
2022-12-27T11:09:26.9068790Z     ~~~~~~~~~~~~~~~~~~~~~~~~~~~~~~~~~~~~~~~ ^
2022-12-27T11:09:26.9069270Z   src/lxml/lxml.etree.c:214157:45: error: no member named 'tp_print' in 'struct _typeobject'
2022-12-27T11:09:26.9069680Z     __pyx_type_4lxml_5etree__RotatingErrorLog.tp_print = 0;
2022-12-27T11:09:26.9070220Z     ~~~~~~~~~~~~~~~~~~~~~~~~~~~~~~~~~~~~~~~~~ ^
2022-12-27T11:09:26.9070680Z   src/lxml/lxml.etree.c:214167:38: error: no member named 'tp_print' in 'struct _typeobject'
2022-12-27T11:09:26.9071070Z     __pyx_type_4lxml_5etree_PyErrorLog.tp_print = 0;
2022-12-27T11:09:26.9071400Z     ~~~~~~~~~~~~~~~~~~~~~~~~~~~~~~~~~~ ^
2022-12-27T11:09:26.9071830Z   src/lxml/lxml.etree.c:214181:20: error: no member named 'tp_print' in 'struct _typeobject'
2022-12-27T11:09:26.9072190Z     LxmlDocumentType.tp_print = 0;
2022-12-27T11:09:26.9072490Z     ~~~~~~~~~~~~~~~~ ^
2022-12-27T11:09:26.9072880Z   src/lxml/lxml.etree.c:214188:35: error: no member named 'tp_print' in 'struct _typeobject'
2022-12-27T11:09:26.9073180Z     __pyx_type_4lxml_5etree_DocInfo.tp_print = 0;
2022-12-27T11:09:26.9073430Z     ~~~~~~~~~~~~~~~~~~~~~~~~~~~~~~~ ^
2022-12-27T11:09:26.9073930Z   src/lxml/lxml.etree.c:214193:19: error: no member named 'tp_print' in 'struct _typeobject'
2022-12-27T11:09:26.9074240Z     LxmlElementType.tp_print = 0;
2022-12-27T11:09:26.9074470Z     ~~~~~~~~~~~~~~~ ^
2022-12-27T11:09:26.9078320Z   src/lxml/lxml.etree.c:214270:48: error: no member named 'tp_print' in 'struct _typeobject'
2022-12-27T11:09:26.9078800Z     __pyx_type_4lxml_5etree___ContentOnlyElement.tp_print = 0;
2022-12-27T11:09:26.9079170Z     ~~~~~~~~~~~~~~~~~~~~~~~~~~~~~~~~~~~~~~~~~~~~ ^
2022-12-27T11:09:26.9079730Z   src/lxml/lxml.etree.c:214307:36: error: no member named 'tp_print' in 'struct _typeobject'
2022-12-27T11:09:26.9080130Z     __pyx_type_4lxml_5etree__Comment.tp_print = 0;
2022-12-27T11:09:26.9080510Z     ~~~~~~~~~~~~~~~~~~~~~~~~~~~~~~~~ ^
2022-12-27T11:09:26.9081400Z   src/lxml/lxml.etree.c:214315:50: error: no member named 'tp_print' in 'struct _typeobject'
2022-12-27T11:09:26.9081870Z     __pyx_type_4lxml_5etree__ProcessingInstruction.tp_print = 0;
2022-12-27T11:09:26.9082210Z     ~~~~~~~~~~~~~~~~~~~~~~~~~~~~~~~~~~~~~~~~~~~~~~ ^
2022-12-27T11:09:26.9082750Z   src/lxml/lxml.etree.c:214323:35: error: no member named 'tp_print' in 'struct _typeobject'
2022-12-27T11:09:26.9083090Z     __pyx_type_4lxml_5etree__Entity.tp_print = 0;
2022-12-27T11:09:26.9083320Z     ~~~~~~~~~~~~~~~~~~~~~~~~~~~~~~~ ^
2022-12-27T11:09:26.9084040Z   src/lxml/lxml.etree.c:214328:33: error: no member named 'tp_print' in 'struct _typeobject'
2022-12-27T11:09:26.9084370Z     __pyx_type_4lxml_5etree_QName.tp_print = 0;
2022-12-27T11:09:26.9084600Z     ~~~~~~~~~~~~~~~~~~~~~~~~~~~~~ ^
2022-12-27T11:09:26.9085050Z   src/lxml/lxml.etree.c:214334:23: error: no member named 'tp_print' in 'struct _typeobject'
2022-12-27T11:09:26.9085370Z     LxmlElementTreeType.tp_print = 0;
2022-12-27T11:09:26.9085610Z     ~~~~~~~~~~~~~~~~~~~ ^
2022-12-27T11:09:26.9085860Z   fatal error: too many errors emitted, stopping now [-ferror-limit=]
2022-12-27T11:09:26.9695450Z   20 errors generated.
2022-12-27T11:09:26.9740770Z   Compile failed: command '/usr/bin/gcc' failed with exit code 1
2022-12-27T11:09:27.0386760Z   creating var
2022-12-27T11:09:27.0388210Z   creating var/folders
2022-12-27T11:09:27.0389760Z   creating var/folders/51
2022-12-27T11:09:27.0391690Z   creating var/folders/51/hd414ycd67n82196sw51xqtc0000gn
2022-12-27T11:09:27.0393610Z   creating var/folders/51/hd414ycd67n82196sw51xqtc0000gn/T
2022-12-27T11:09:27.0396650Z   cc -arch arm64 -I/Library/Developer/CommandLineTools/SDKs/MacOSX12.1.sdk/usr/include -I/usr/include/libxml2 -c /var/folders/51/hd414ycd67n82196sw51xqtc0000gn/T/xmlXPathInit4nnfetwh.c -o var/folders/51/hd414ycd67n82196sw51xqtc0000gn/T/xmlXPathInit4nnfetwh.o
2022-12-27T11:09:27.0821210Z   cc -arch arm64 var/folders/51/hd414ycd67n82196sw51xqtc0000gn/T/xmlXPathInit4nnfetwh.o -L/Library/Developer/CommandLineTools/SDKs/MacOSX12.1.sdk/usr/lib -lxml2 -o a.out
2022-12-27T11:09:27.1216970Z   error: command '/usr/bin/gcc' failed with exit code 1
2022-12-27T11:09:27.1530040Z   error: subprocess-exited-with-error
2022-12-27T11:09:27.1530370Z   
2022-12-27T11:09:27.1530770Z   × python setup.py bdist_wheel did not run successfully.
2022-12-27T11:09:27.1531140Z   │ exit code: 1
2022-12-27T11:09:27.1531400Z   ╰─> See above for output.
2022-12-27T11:09:27.1531590Z   
2022-12-27T11:09:27.1531840Z   note: This error originates from a subprocess, and is likely not a problem with pip.
2022-12-27T11:09:27.1539350Z   full command: /private/var/folders/51/hd414ycd67n82196sw51xqtc0000gn/T/cibw-run-fa33hr8b/cp39-macosx_arm64/build/venv/bin/python -u -c '
2022-12-27T11:09:27.1540030Z   exec(compile('"'"''"'"''"'"'
2022-12-27T11:09:27.1540690Z   # This is <pip-setuptools-caller> -- a caller that pip uses to run setup.py
2022-12-27T11:09:27.1541120Z   #
2022-12-27T11:09:27.1541660Z   # - It imports setuptools before invoking setup.py, to enable projects that directly
2022-12-27T11:09:27.1542230Z   #   import from `distutils.core` to work with newer packaging standards.
2022-12-27T11:09:27.1542800Z   # - It provides a clear error message when setuptools is not installed.
2022-12-27T11:09:27.1543400Z   # - It sets `sys.argv[0]` to the underlying `setup.py`, when invoking `setup.py` so
2022-12-27T11:09:27.1543940Z   #   setuptools doesn'"'"'t think the script is `-c`. This avoids the following warning:
2022-12-27T11:09:27.1544450Z   #     manifest_maker: standard file '"'"'-c'"'"' not found".
2022-12-27T11:09:27.1544960Z   # - It generates a shim setup.py, for handling setup.cfg-only projects.
2022-12-27T11:09:27.1545340Z   import os, sys, tokenize
2022-12-27T11:09:27.1545910Z   
2022-12-27T11:09:27.1546160Z   try:
2022-12-27T11:09:27.1546440Z       import setuptools
2022-12-27T11:09:27.1546710Z   except ImportError as error:
2022-12-27T11:09:27.1547000Z       print(
2022-12-27T11:09:27.1547760Z           "ERROR: Can not execute `setup.py` since setuptools is not available in "
2022-12-27T11:09:27.1548130Z           "the build environment.",
2022-12-27T11:09:27.1548430Z           file=sys.stderr,
2022-12-27T11:09:27.1548660Z       )
2022-12-27T11:09:27.1548870Z       sys.exit(1)
2022-12-27T11:09:27.1549140Z   
2022-12-27T11:09:27.1549360Z   __file__ = %r
2022-12-27T11:09:27.1549600Z   sys.argv[0] = __file__
2022-12-27T11:09:27.1549880Z   
2022-12-27T11:09:27.1550160Z   if os.path.exists(__file__):
2022-12-27T11:09:27.1550430Z       filename = __file__
2022-12-27T11:09:27.1550730Z       with tokenize.open(__file__) as f:
2022-12-27T11:09:27.1551020Z           setup_py_code = f.read()
2022-12-27T11:09:27.1551250Z   else:
2022-12-27T11:09:27.1551700Z       filename = "<auto-generated setuptools caller>"
2022-12-27T11:09:27.1552100Z       setup_py_code = "from setuptools import setup; setup()"
2022-12-27T11:09:27.1552420Z   
2022-12-27T11:09:27.1552630Z   exec(compile(setup_py_code, filename, "exec"))
2022-12-27T11:09:27.1553320Z   '"'"''"'"''"'"' % ('"'"'/Users/runner/actions-runner/_work/python.build/python.build/build_lxml36139/lxml-3.6.1/setup.py'"'"',), "<pip-setuptools-caller>", "exec"))' bdist_wheel -d /private/var/folders/51/hd414ycd67n82196sw51xqtc0000gn/T/pip-wheel-3qs9hrt1
2022-12-27T11:09:27.1553970Z   cwd: /Users/runner/actions-runner/_work/python.build/python.build/build_lxml36139/lxml-3.6.1/
2022-12-27T11:09:27.1554260Z   ERROR: Failed building wheel for lxml
2022-12-27T11:09:27.1554680Z   Building wheel for lxml (setup.py): finished with status 'error'
2022-12-27T11:09:27.1554950Z   Running setup.py clean for lxml
2022-12-27T11:09:27.1555610Z   Running command python setup.py clean
2022-12-27T11:09:27.3084510Z   Building lxml version 3.6.1.
2022-12-27T11:09:27.3086070Z   Building without Cython.
2022-12-27T11:09:27.3217850Z   Using build configuration of libxslt 1.1.29
2022-12-27T11:09:27.4182940Z   Building against libxml2/libxslt in the following directory: /Library/Developer/CommandLineTools/SDKs/MacOSX12.1.sdk/usr/lib
2022-12-27T11:09:27.4351840Z   running clean
2022-12-27T11:09:27.4379700Z   removing 'build/temp.macosx-11.0-arm64-cpython-39' (and everything under it)
2022-12-27T11:09:27.4382720Z   removing 'build/lib.macosx-11.0-arm64-cpython-39' (and everything under it)
2022-12-27T11:09:27.4429240Z   'build/bdist.macosx-11.0-arm64' does not exist -- can't clean it
2022-12-27T11:09:27.4431130Z   'build/scripts-3.9' does not exist -- can't clean it
2022-12-27T11:09:27.4432730Z   removing 'build'
2022-12-27T11:09:27.4673250Z Failed to build lxml
2022-12-27T11:09:27.4677230Z ERROR: Failed to build one or more wheels
2022-12-27T11:09:27.4687070Z Exception information:
2022-12-27T11:09:27.4687300Z Traceback (most recent call last):
2022-12-27T11:09:27.4694740Z   File "/private/var/folders/51/hd414ycd67n82196sw51xqtc0000gn/T/cibw-run-fa33hr8b/cp39-macosx_arm64/build/venv/lib/python3.9/site-packages/pip/_internal/cli/base_command.py", line 160, in exc_logging_wrapper
2022-12-27T11:09:27.4695300Z     status = run_func(*args)
2022-12-27T11:09:27.4695990Z   File "/private/var/folders/51/hd414ycd67n82196sw51xqtc0000gn/T/cibw-run-fa33hr8b/cp39-macosx_arm64/build/venv/lib/python3.9/site-packages/pip/_internal/cli/req_command.py", line 247, in wrapper
2022-12-27T11:09:27.4696390Z     return func(self, options, args)
2022-12-27T11:09:27.4696990Z   File "/private/var/folders/51/hd414ycd67n82196sw51xqtc0000gn/T/cibw-run-fa33hr8b/cp39-macosx_arm64/build/venv/lib/python3.9/site-packages/pip/_internal/commands/wheel.py", line 201, in run
2022-12-27T11:09:27.4697440Z     raise CommandError("Failed to build one or more wheels")
2022-12-27T11:09:27.4697800Z pip._internal.exceptions.CommandError: Failed to build one or more wheels
2022-12-27T11:09:27.4698280Z Removed build tracker: '/private/var/folders/51/hd414ycd67n82196sw51xqtc0000gn/T/pip-build-tracker-uh96xw1m'
2022-12-27T11:09:27.5159300Z ##[endgroup]
2022-12-27T11:09:27.5182490Z ##[error]Command ['python', '-m', 'pip', 'wheel', '/Users/runner/actions-runner/_work/python.build/python.build/build_lxml36139/lxml-3.6.1', '--wheel-dir=/private/var/folders/51/hd414ycd67n82196sw51xqtc0000gn/T/cibw-run-fa33hr8b/cp39-macosx_arm64/built_wheel', '--no-deps', '-vvv'] failed with code 1. None
2022-12-27T11:09:27.5188660Z 
2022-12-27T11:09:27.5188980Z                                                               [31m✕ [0m2.40s
2022-12-27T11:09:27.5637130Z ##[error]Process completed with exit code 1.
2022-12-27T11:09:27.5667980Z ##[group]Run rm -rf build_lxml36139 wheelsout
2022-12-27T11:09:27.5668160Z [36;1mrm -rf build_lxml36139 wheelsout[0m
2022-12-27T11:09:27.5682890Z shell: /bin/bash -e {0}
2022-12-27T11:09:27.5682990Z env:
2022-12-27T11:09:27.5683140Z   pythonLocation: /Users/runner/hostedtoolcache/Python/3.9.16/x64
2022-12-27T11:09:27.5683350Z   PKG_CONFIG_PATH: /Users/runner/hostedtoolcache/Python/3.9.16/x64/lib/pkgconfig
2022-12-27T11:09:27.5683530Z   Python_ROOT_DIR: /Users/runner/hostedtoolcache/Python/3.9.16/x64
2022-12-27T11:09:27.5683710Z   Python2_ROOT_DIR: /Users/runner/hostedtoolcache/Python/3.9.16/x64
2022-12-27T11:09:27.5683890Z   Python3_ROOT_DIR: /Users/runner/hostedtoolcache/Python/3.9.16/x64
2022-12-27T11:09:27.5684020Z ##[endgroup]
2022-12-27T11:09:27.6230250Z Cleaning up orphan processes
