2022-12-27T08:49:24.0256535Z Requested labels: self-hosted, macOS, X64
2022-12-27T08:49:24.0256656Z Job defined at: kilnbuild/python.build/.github/workflows/mac_arm_build.yml@refs/heads/main
2022-12-27T08:49:24.0256684Z Waiting for a runner to pick up this job...
2022-12-27T11:17:39.3812280Z Job is about to start running on the runner: kr2 (organization)
2022-12-27T11:17:45.4032910Z Current runner version: '2.300.2'
2022-12-27T11:17:45.4040680Z Runner name: 'kr2'
2022-12-27T11:17:45.4041110Z Runner group name: 'Default'
2022-12-27T11:17:45.4041990Z Machine name: 'kr2'
2022-12-27T11:17:45.4044620Z ##[group]GITHUB_TOKEN Permissions
2022-12-27T11:17:45.4045320Z Actions: write
2022-12-27T11:17:45.4045560Z Checks: write
2022-12-27T11:17:45.4045810Z Contents: write
2022-12-27T11:17:45.4046070Z Deployments: write
2022-12-27T11:17:45.4046330Z Discussions: write
2022-12-27T11:17:45.4046580Z Issues: write
2022-12-27T11:17:45.4046820Z Metadata: read
2022-12-27T11:17:45.4047060Z Packages: write
2022-12-27T11:17:45.4047310Z Pages: write
2022-12-27T11:17:45.4047570Z PullRequests: write
2022-12-27T11:17:45.4047860Z RepositoryProjects: write
2022-12-27T11:17:45.4048150Z SecurityEvents: write
2022-12-27T11:17:45.4048420Z Statuses: write
2022-12-27T11:17:45.4048660Z ##[endgroup]
2022-12-27T11:17:45.4052270Z Secret source: Actions
2022-12-27T11:17:45.4052770Z Prepare workflow directory
2022-12-27T11:17:45.5200500Z Prepare all required actions
2022-12-27T11:17:45.5412000Z Getting action download info
2022-12-27T11:17:46.0067690Z Download action repository 'actions/setup-python@v4' (SHA:5ccb29d8773c3f3f653e1705f474dfaa8a06a912)
2022-12-27T11:17:47.8968130Z Download action repository 'actions/upload-artifact@v3' (SHA:83fd05a356d7e2593de66fc9913b3002723633cb)
2022-12-27T11:17:49.3794740Z ##[group]Run echo '{
2022-12-27T11:17:49.3795270Z [36;1mecho '{[0m
2022-12-27T11:17:49.3795600Z [36;1m  "package_name": "lxml",[0m
2022-12-27T11:17:49.3795980Z [36;1m  "package_url": "https://files.pythonhosted.org/packages/18/74/a2f3781469d7e6f268c1ba94d4784f4c4c2f727f4f5c6d928a44220c9fe6/lxml-0.9.1.tar.gz",[0m
2022-12-27T11:17:49.3796310Z [36;1m  "package_version": "0.9.1",[0m
2022-12-27T11:17:49.3796610Z [36;1m  "python_version": "3.10",[0m
2022-12-27T11:17:49.3796870Z [36;1m  "use_ccache": "true"[0m
2022-12-27T11:17:49.3797100Z [36;1m}'[0m
2022-12-27T11:17:49.3824570Z shell: /bin/bash -e {0}
2022-12-27T11:17:49.3824910Z ##[endgroup]
2022-12-27T11:17:49.4249240Z {
2022-12-27T11:17:49.4251830Z   "package_name": "lxml",
2022-12-27T11:17:49.4253370Z   "package_url": "https://files.pythonhosted.org/packages/18/74/a2f3781469d7e6f268c1ba94d4784f4c4c2f727f4f5c6d928a44220c9fe6/lxml-0.9.1.tar.gz",
2022-12-27T11:17:49.4253880Z   "package_version": "0.9.1",
2022-12-27T11:17:49.4254270Z   "python_version": "3.10",
2022-12-27T11:17:49.4254620Z   "use_ccache": "true"
2022-12-27T11:17:49.4254990Z }
2022-12-27T11:17:49.4601350Z ##[group]Run actions/setup-python@v4
2022-12-27T11:17:49.4601770Z with:
2022-12-27T11:17:49.4602080Z   python-version: 3.10
2022-12-27T11:17:49.4602340Z   check-latest: false
2022-12-27T11:17:49.4602950Z   token: ***
2022-12-27T11:17:49.4603270Z   update-environment: true
2022-12-27T11:17:49.4603590Z ##[endgroup]
2022-12-27T11:17:49.6930230Z ##[group]Installed versions
2022-12-27T11:17:49.6976060Z Successfully set up CPython (3.10.9)
2022-12-27T11:17:49.6978450Z ##[endgroup]
2022-12-27T11:17:49.7212110Z ##[group]Run if [ "true" == "true" ]
2022-12-27T11:17:49.7212700Z [36;1mif [ "true" == "true" ][0m
2022-12-27T11:17:49.7213500Z [36;1mthen[0m
2022-12-27T11:17:49.7213820Z [36;1m  echo "CCACHE_PATH_PREPEND=/usr/local/opt/ccache/libexec" >> $GITHUB_OUTPUT[0m
2022-12-27T11:17:49.7214330Z [36;1melse[0m
2022-12-27T11:17:49.7214730Z [36;1m  echo "CCACHE_PATH_PREPEND=" >> $GITHUB_OUTPUT[0m
2022-12-27T11:17:49.7215020Z [36;1mfi[0m
2022-12-27T11:17:49.7243140Z shell: /bin/bash -e {0}
2022-12-27T11:17:49.7243550Z env:
2022-12-27T11:17:49.7244000Z   pythonLocation: /Users/runner/hostedtoolcache/Python/3.10.9/x64
2022-12-27T11:17:49.7244390Z   PKG_CONFIG_PATH: /Users/runner/hostedtoolcache/Python/3.10.9/x64/lib/pkgconfig
2022-12-27T11:17:49.7244990Z   Python_ROOT_DIR: /Users/runner/hostedtoolcache/Python/3.10.9/x64
2022-12-27T11:17:49.7245420Z   Python2_ROOT_DIR: /Users/runner/hostedtoolcache/Python/3.10.9/x64
2022-12-27T11:17:49.7245930Z   Python3_ROOT_DIR: /Users/runner/hostedtoolcache/Python/3.10.9/x64
2022-12-27T11:17:49.7246790Z ##[endgroup]
2022-12-27T11:17:49.7551400Z ##[group]Run echo "BUILD_NAME=$(echo lxml_0.9.1_3.10 | tr -dc '[:alnum:]\n\r' | tr '[:upper:]' '[:lower:]')" >> $GITHUB_OUTPUT
2022-12-27T11:17:49.7552060Z [36;1mecho "BUILD_NAME=$(echo lxml_0.9.1_3.10 | tr -dc '[:alnum:]\n\r' | tr '[:upper:]' '[:lower:]')" >> $GITHUB_OUTPUT[0m
2022-12-27T11:17:49.7577760Z shell: /bin/bash -e {0}
2022-12-27T11:17:49.7578080Z env:
2022-12-27T11:17:49.7578370Z   pythonLocation: /Users/runner/hostedtoolcache/Python/3.10.9/x64
2022-12-27T11:17:49.7578810Z   PKG_CONFIG_PATH: /Users/runner/hostedtoolcache/Python/3.10.9/x64/lib/pkgconfig
2022-12-27T11:17:49.7579250Z   Python_ROOT_DIR: /Users/runner/hostedtoolcache/Python/3.10.9/x64
2022-12-27T11:17:49.7579680Z   Python2_ROOT_DIR: /Users/runner/hostedtoolcache/Python/3.10.9/x64
2022-12-27T11:17:49.7580090Z   Python3_ROOT_DIR: /Users/runner/hostedtoolcache/Python/3.10.9/x64
2022-12-27T11:17:49.7580440Z ##[endgroup]
2022-12-27T11:17:49.7821610Z ##[group]Run echo "PYTHON_NO_DOTS=$(echo 3.10 | tr -dc '[:alnum:]\n\r' | tr '[:upper:]' '[:lower:]')" >> $GITHUB_OUTPUT
2022-12-27T11:17:49.7822270Z [36;1mecho "PYTHON_NO_DOTS=$(echo 3.10 | tr -dc '[:alnum:]\n\r' | tr '[:upper:]' '[:lower:]')" >> $GITHUB_OUTPUT[0m
2022-12-27T11:17:49.7848440Z shell: /bin/bash -e {0}
2022-12-27T11:17:49.7848830Z env:
2022-12-27T11:17:49.7849130Z   pythonLocation: /Users/runner/hostedtoolcache/Python/3.10.9/x64
2022-12-27T11:17:49.7849580Z   PKG_CONFIG_PATH: /Users/runner/hostedtoolcache/Python/3.10.9/x64/lib/pkgconfig
2022-12-27T11:17:49.7850020Z   Python_ROOT_DIR: /Users/runner/hostedtoolcache/Python/3.10.9/x64
2022-12-27T11:17:49.7850510Z   Python2_ROOT_DIR: /Users/runner/hostedtoolcache/Python/3.10.9/x64
2022-12-27T11:17:49.7850880Z   Python3_ROOT_DIR: /Users/runner/hostedtoolcache/Python/3.10.9/x64
2022-12-27T11:17:49.7851230Z ##[endgroup]
2022-12-27T11:17:49.8157800Z ##[group]Run rm -rf build_lxml091310
2022-12-27T11:17:49.8158430Z [36;1mrm -rf build_lxml091310[0m
2022-12-27T11:17:49.8158710Z [36;1mmkdir build_lxml091310[0m
2022-12-27T11:17:49.8159080Z [36;1mcd build_lxml091310[0m
2022-12-27T11:17:49.8159640Z [36;1m/usr/local/bin/wget --quiet https://files.pythonhosted.org/packages/18/74/a2f3781469d7e6f268c1ba94d4784f4c4c2f727f4f5c6d928a44220c9fe6/lxml-0.9.1.tar.gz[0m
2022-12-27T11:17:49.8160110Z [36;1mtar xf *.tar.gz[0m
2022-12-27T11:17:49.8160430Z [36;1mcd *[0m
2022-12-27T11:17:49.8160770Z [36;1mpython -m pip install cibuildwheel==2.11.3[0m
2022-12-27T11:17:49.8161170Z [36;1mpython -m cibuildwheel --output-dir ../wheelsout[0m
2022-12-27T11:17:49.8188280Z shell: /bin/bash -e {0}
2022-12-27T11:17:49.8188530Z env:
2022-12-27T11:17:49.8188900Z   pythonLocation: /Users/runner/hostedtoolcache/Python/3.10.9/x64
2022-12-27T11:17:49.8189360Z   PKG_CONFIG_PATH: /Users/runner/hostedtoolcache/Python/3.10.9/x64/lib/pkgconfig
2022-12-27T11:17:49.8190770Z   Python_ROOT_DIR: /Users/runner/hostedtoolcache/Python/3.10.9/x64
2022-12-27T11:17:49.8191210Z   Python2_ROOT_DIR: /Users/runner/hostedtoolcache/Python/3.10.9/x64
2022-12-27T11:17:49.8191580Z   Python3_ROOT_DIR: /Users/runner/hostedtoolcache/Python/3.10.9/x64
2022-12-27T11:17:49.8191950Z   CIBW_ARCHS_MACOS: arm64
2022-12-27T11:17:49.8192270Z   CIBW_TEST_SKIP: *_arm64
2022-12-27T11:17:49.8192610Z   CIBW_BUILD: cp310-macosx_arm64
2022-12-27T11:17:49.8192950Z   CIBW_BUILD_FRONTEND: pip
2022-12-27T11:17:49.8194720Z   CIBW_BUILD_VERBOSITY: 3
2022-12-27T11:17:49.8195280Z   CIBW_ENVIRONMENT_MACOS:  CFLAGS="-I/usr/local/opt/openssl@3/include" LDFLAGS="-L/usr/local/opt/openssl@3/lib" CPPFLAGS="-I/usr/local/opt/openssl@3/include" MAKEFLAGS="-j$(sysctl -n hw.logicalcpu)" PATH=/usr/local/opt/ccache/libexec:$PATH
2022-12-27T11:17:49.8195870Z   CIBW_BEFORE_BUILD: pip install Cython; if [[ -f requirements.txt ]]; then pip install -r requirements.txt; fi
2022-12-27T11:17:49.8196400Z   MAKEFLAGS: -j$(sysctl -n hw.logicalcpu)
2022-12-27T11:17:49.8196720Z ##[endgroup]
2022-12-27T11:17:50.3851390Z Requirement already satisfied: cibuildwheel==2.11.3 in /Users/runner/hostedtoolcache/Python/3.10.9/x64/lib/python3.10/site-packages (2.11.3)
2022-12-27T11:17:50.4244930Z Requirement already satisfied: packaging>=20.9 in /Users/runner/hostedtoolcache/Python/3.10.9/x64/lib/python3.10/site-packages (from cibuildwheel==2.11.3) (22.0)
2022-12-27T11:17:50.4249880Z Requirement already satisfied: filelock in /Users/runner/hostedtoolcache/Python/3.10.9/x64/lib/python3.10/site-packages (from cibuildwheel==2.11.3) (3.8.2)
2022-12-27T11:17:50.4264410Z Requirement already satisfied: typing-extensions>=4.1.0 in /Users/runner/hostedtoolcache/Python/3.10.9/x64/lib/python3.10/site-packages (from cibuildwheel==2.11.3) (4.4.0)
2022-12-27T11:17:50.4268510Z Requirement already satisfied: bracex in /Users/runner/hostedtoolcache/Python/3.10.9/x64/lib/python3.10/site-packages (from cibuildwheel==2.11.3) (2.3.post1)
2022-12-27T11:17:50.4277900Z Requirement already satisfied: tomli in /Users/runner/hostedtoolcache/Python/3.10.9/x64/lib/python3.10/site-packages (from cibuildwheel==2.11.3) (2.0.1)
2022-12-27T11:17:50.4283220Z Requirement already satisfied: certifi in /Users/runner/hostedtoolcache/Python/3.10.9/x64/lib/python3.10/site-packages (from cibuildwheel==2.11.3) (2022.12.7)
2022-12-27T11:17:50.4293570Z Requirement already satisfied: bashlex!=0.13 in /Users/runner/hostedtoolcache/Python/3.10.9/x64/lib/python3.10/site-packages (from cibuildwheel==2.11.3) (0.16)
2022-12-27T11:17:50.4296590Z Requirement already satisfied: platformdirs in /Users/runner/hostedtoolcache/Python/3.10.9/x64/lib/python3.10/site-packages (from cibuildwheel==2.11.3) (2.6.0)
2022-12-27T11:17:50.7835910Z 
2022-12-27T11:17:50.7836940Z      _ _       _ _   _       _           _
2022-12-27T11:17:50.7838580Z  ___|_| |_ _ _|_| |_| |_ _ _| |_ ___ ___| |
2022-12-27T11:17:50.7840290Z |  _| | . | | | | | . | | | |   | -_| -_| |
2022-12-27T11:17:50.7843370Z |___|_|___|___|_|_|___|_____|_|_|___|___|_|
2022-12-27T11:17:50.7843690Z 
2022-12-27T11:17:50.7844200Z cibuildwheel version 2.11.3
2022-12-27T11:17:50.7844620Z 
2022-12-27T11:17:50.7845270Z Build options:
2022-12-27T11:17:50.7845910Z   platform: macos
2022-12-27T11:17:50.7896090Z   architectures: arm64[0m
2022-12-27T11:17:50.7897790Z   build_selector: 
2022-12-27T11:17:50.7899600Z     build_config: cp310-macosx_arm64
2022-12-27T11:17:50.7901920Z     skip_config: 
2022-12-27T11:17:50.7902980Z     requires_python: None
2022-12-27T11:17:50.7904200Z     prerelease_pythons: False[0m
2022-12-27T11:17:50.7905100Z   [38;5;244mcontainer_engine: docker[0m
2022-12-27T11:17:50.7906550Z   output_dir: /Users/runner/actions-runner/_work/python.build/python.build/build_lxml091310/wheelsout[0m
2022-12-27T11:17:50.7907720Z   package_dir: /Users/runner/actions-runner/_work/python.build/python.build/build_lxml091310/lxml-0.9.1[0m
2022-12-27T11:17:50.7908460Z   test_selector: 
2022-12-27T11:17:50.7909220Z     skip_config: *_arm64[0m
2022-12-27T11:17:50.7909860Z   [38;5;244mbefore_all: [0m
2022-12-27T11:17:50.7911070Z   before_build: pip install Cython; if [[ -f requirements.txt ]]; then pip install -r requirements.txt; fi[0m
2022-12-27T11:17:50.7911990Z   [38;5;244mbefore_test: [0m
2022-12-27T11:17:50.7912670Z   [38;5;244mbuild_frontend: pip[0m
2022-12-27T11:17:50.7913370Z   build_verbosity: 3[0m
2022-12-27T11:17:50.7914270Z   [38;5;244mconfig_settings: [0m
2022-12-27T11:17:50.7914990Z   [38;5;244mdependency_constraints: pinned[0m
2022-12-27T11:17:50.7915590Z   environment: 
2022-12-27T11:17:50.7916400Z     CFLAGS="-I/usr/local/opt/openssl@3/include"
2022-12-27T11:17:50.7917270Z     LDFLAGS="-L/usr/local/opt/openssl@3/lib"
2022-12-27T11:17:50.7918200Z     CPPFLAGS="-I/usr/local/opt/openssl@3/include"
2022-12-27T11:17:50.7919040Z     MAKEFLAGS="-j$(sysctl -n hw.logicalcpu)"
2022-12-27T11:17:50.7919850Z     PATH=/usr/local/opt/ccache/libexec:$PATH[0m
2022-12-27T11:17:50.7920530Z   [38;5;244mmanylinux_images: None[0m
2022-12-27T11:17:50.7921280Z   [38;5;244mmusllinux_images: None[0m
2022-12-27T11:17:50.7922510Z   [38;5;244mrepair_command: delocate-wheel --require-archs {delocate_archs} -w {dest_dir} -v {wheel}[0m
2022-12-27T11:17:50.7924500Z   [38;5;244mtest_command: [0m
2022-12-27T11:17:50.7925170Z   [38;5;244mtest_extras: [0m
2022-12-27T11:17:50.7925820Z   [38;5;244mtest_requires: [0m
2022-12-27T11:17:50.7926120Z 
2022-12-27T11:17:50.7926320Z Cache folder: /Users/runner/Library/Caches/cibuildwheel
2022-12-27T11:17:50.7926970Z 
2022-12-27T11:17:50.7927730Z Here we go!
2022-12-27T11:17:50.7928030Z 
2022-12-27T11:17:50.8037780Z 
2022-12-27T11:17:50.8039740Z [1m[34mBuilding cp310-macosx_arm64 wheel[0m
2022-12-27T11:17:50.8040670Z CPython 3.10 macOS arm64 - Apple Silicon
2022-12-27T11:17:50.8041490Z 
2022-12-27T11:17:50.8043520Z ##[group]Installing Python cp310...
2022-12-27T11:17:50.8044070Z 
2022-12-27T11:17:50.8048850Z + pkgutil --pkgs
2022-12-27T11:17:50.8263830Z ##[endgroup]
2022-12-27T11:17:50.8265410Z                                                               [32mâœ“ [0m0.02s
2022-12-27T11:17:50.8266260Z ##[group]Setting up build environment...
2022-12-27T11:17:50.8266420Z 
2022-12-27T11:17:50.8297840Z + /Users/runner/hostedtoolcache/Python/3.10.9/x64/bin/python -sS /Users/runner/Library/Caches/cibuildwheel/virtualenv-20.17.0.pyz --activators= --no-periodic-update --pip=22.3.1 --setuptools=65.6.3 --wheel=0.38.4 --symlink-app-data --python /Library/Frameworks/Python.framework/Versions/3.10/bin/python3 /private/var/folders/51/hd414ycd67n82196sw51xqtc0000gn/T/cibw-run-l9vsix8q/cp310-macosx_arm64/build/venv
2022-12-27T11:17:51.1618240Z created virtual environment CPython3.10.8.final.0-64 in 90ms
2022-12-27T11:17:51.1619190Z   creator CPython3Posix(dest=/private/var/folders/51/hd414ycd67n82196sw51xqtc0000gn/T/cibw-run-l9vsix8q/cp310-macosx_arm64/build/venv, clear=False, no_vcs_ignore=False, global=False)
2022-12-27T11:17:51.1620530Z   seeder FromAppData(download=False, pip=22.3.1, setuptools=65.6.3, wheel=0.38.4, via=symlink, app_data_dir=/Users/runner/Library/Application Support/virtualenv)
2022-12-27T11:17:51.1621280Z     added seed packages: pip==22.3.1, setuptools==65.6.3, wheel==0.38.4
2022-12-27T11:17:51.1910600Z + python -m pip install --upgrade pip -c /Users/runner/hostedtoolcache/Python/3.10.9/x64/lib/python3.10/site-packages/cibuildwheel/resources/constraints-python310.txt
2022-12-27T11:17:51.6728910Z Requirement already satisfied: pip in ./lib/python3.10/site-packages (22.3.1)
2022-12-27T11:17:51.9241020Z + which pip
2022-12-27T11:17:51.9287790Z /private/var/folders/51/hd414ycd67n82196sw51xqtc0000gn/T/cibw-run-l9vsix8q/cp310-macosx_arm64/build/venv/bin/pip
2022-12-27T11:17:51.9293930Z + pip --version
2022-12-27T11:17:52.2730870Z pip 22.3.1 from /private/var/folders/51/hd414ycd67n82196sw51xqtc0000gn/T/cibw-run-l9vsix8q/cp310-macosx_arm64/build/venv/lib/python3.10/site-packages/pip (python 3.10)
2022-12-27T11:17:52.3347390Z + which pip
2022-12-27T11:17:52.3427060Z + which python
2022-12-27T11:17:52.3475910Z /private/var/folders/51/hd414ycd67n82196sw51xqtc0000gn/T/cibw-run-l9vsix8q/cp310-macosx_arm64/build/venv/bin/python
2022-12-27T11:17:52.3482520Z + python --version
2022-12-27T11:17:52.3589180Z Python 3.10.8
2022-12-27T11:17:52.3594620Z + which python
2022-12-27T11:17:52.3700970Z ##[endgroup]
2022-12-27T11:17:52.3702330Z                                                               [32mâœ“ [0m1.54s
2022-12-27T11:17:52.3703100Z ##[group]Installing build tools...
2022-12-27T11:17:52.3703320Z 
2022-12-27T11:17:52.3703880Z + pip install --upgrade setuptools wheel delocate -c /Users/runner/hostedtoolcache/Python/3.10.9/x64/lib/python3.10/site-packages/cibuildwheel/resources/constraints-python310.txt
2022-12-27T11:17:52.8307710Z Requirement already satisfied: setuptools in /private/var/folders/51/hd414ycd67n82196sw51xqtc0000gn/T/cibw-run-l9vsix8q/cp310-macosx_arm64/build/venv/lib/python3.10/site-packages (65.6.3)
2022-12-27T11:17:53.1517950Z Requirement already satisfied: wheel in /private/var/folders/51/hd414ycd67n82196sw51xqtc0000gn/T/cibw-run-l9vsix8q/cp310-macosx_arm64/build/venv/lib/python3.10/site-packages (0.38.4)
2022-12-27T11:17:53.2179900Z Collecting delocate
2022-12-27T11:17:53.2228910Z   Using cached delocate-0.10.3-py3-none-any.whl (142 kB)
2022-12-27T11:17:53.2769180Z Collecting packaging>=20.9
2022-12-27T11:17:53.2809550Z   Using cached packaging-21.3-py3-none-any.whl (40 kB)
2022-12-27T11:17:53.3067620Z Collecting typing-extensions
2022-12-27T11:17:53.3104000Z   Using cached typing_extensions-4.4.0-py3-none-any.whl (26 kB)
2022-12-27T11:17:53.3680110Z Collecting pyparsing!=3.0.5,>=2.0.2
2022-12-27T11:17:53.3721640Z   Using cached pyparsing-3.0.9-py3-none-any.whl (98 kB)
2022-12-27T11:17:53.4303440Z Installing collected packages: typing-extensions, pyparsing, packaging, delocate
2022-12-27T11:17:53.6364280Z Successfully installed delocate-0.10.3 packaging-21.3 pyparsing-3.0.9 typing-extensions-4.4.0
2022-12-27T11:17:53.7703460Z ##[endgroup]
2022-12-27T11:17:53.7705110Z                                                               [32mâœ“ [0m1.40s
2022-12-27T11:17:53.7706810Z ##[group]Running before_build...
2022-12-27T11:17:53.7707310Z 
2022-12-27T11:17:53.7716260Z + pip install Cython; if [[ -f requirements.txt ]]; then pip install -r requirements.txt; fi
2022-12-27T11:17:54.7379380Z Collecting Cython
2022-12-27T11:17:54.7467570Z   Using cached Cython-0.29.32-py2.py3-none-any.whl (986 kB)
2022-12-27T11:17:54.8160260Z Installing collected packages: Cython
2022-12-27T11:17:55.4504320Z Successfully installed Cython-0.29.32
2022-12-27T11:17:55.5775560Z ##[endgroup]
2022-12-27T11:17:55.5777090Z                                                               [32mâœ“ [0m1.81s
2022-12-27T11:17:55.5778470Z ##[group]Building wheel...
2022-12-27T11:17:55.5778890Z 
2022-12-27T11:17:55.5791200Z + python -m pip wheel /Users/runner/actions-runner/_work/python.build/python.build/build_lxml091310/lxml-0.9.1 --wheel-dir=/private/var/folders/51/hd414ycd67n82196sw51xqtc0000gn/T/cibw-run-l9vsix8q/cp310-macosx_arm64/built_wheel --no-deps -vvv
2022-12-27T11:17:55.9959120Z Created temporary directory: /private/var/folders/51/hd414ycd67n82196sw51xqtc0000gn/T/pip-ephem-wheel-cache-uguuetvc
2022-12-27T11:17:55.9973540Z Created temporary directory: /private/var/folders/51/hd414ycd67n82196sw51xqtc0000gn/T/pip-build-tracker-caawr8wm
2022-12-27T11:17:55.9977450Z Initialized build tracking at /private/var/folders/51/hd414ycd67n82196sw51xqtc0000gn/T/pip-build-tracker-caawr8wm
2022-12-27T11:17:55.9982720Z Created build tracker: /private/var/folders/51/hd414ycd67n82196sw51xqtc0000gn/T/pip-build-tracker-caawr8wm
2022-12-27T11:17:55.9985710Z Entered build tracker: /private/var/folders/51/hd414ycd67n82196sw51xqtc0000gn/T/pip-build-tracker-caawr8wm
2022-12-27T11:17:55.9991920Z Created temporary directory: /private/var/folders/51/hd414ycd67n82196sw51xqtc0000gn/T/pip-wheel-zn0emmjo
2022-12-27T11:17:56.0003110Z Created temporary directory: /private/var/folders/51/hd414ycd67n82196sw51xqtc0000gn/T/pip-ephem-wheel-cache-749gq95w
2022-12-27T11:17:56.0339920Z Processing /Users/runner/actions-runner/_work/python.build/python.build/build_lxml091310/lxml-0.9.1
2022-12-27T11:17:56.0348350Z   Added file:///Users/runner/actions-runner/_work/python.build/python.build/build_lxml091310/lxml-0.9.1 to build tracker '/private/var/folders/51/hd414ycd67n82196sw51xqtc0000gn/T/pip-build-tracker-caawr8wm'
2022-12-27T11:17:56.0354130Z   Running setup.py (path:/Users/runner/actions-runner/_work/python.build/python.build/build_lxml091310/lxml-0.9.1/setup.py) egg_info for package from file:///Users/runner/actions-runner/_work/python.build/python.build/build_lxml091310/lxml-0.9.1
2022-12-27T11:17:56.0358990Z   Created temporary directory: /private/var/folders/51/hd414ycd67n82196sw51xqtc0000gn/T/pip-pip-egg-info-s5lkie98
2022-12-27T11:17:56.0361430Z   Preparing metadata (setup.py): started
2022-12-27T11:17:56.0363960Z   Running command python setup.py egg_info
2022-12-27T11:17:56.2767860Z   Traceback (most recent call last):
2022-12-27T11:17:56.2792180Z     File "<string>", line 2, in <module>
2022-12-27T11:17:56.2793110Z     File "<pip-setuptools-caller>", line 34, in <module>
2022-12-27T11:17:56.2793780Z     File "/Users/runner/actions-runner/_work/python.build/python.build/build_lxml091310/lxml-0.9.1/setup.py", line 23
2022-12-27T11:17:56.2795300Z       print "*NOTE*: Trying to build without Pyrex, needs pre-generated 'src/lxml/etree.c' !"
2022-12-27T11:17:56.2795670Z       ^^^^^^^^^^^^^^^^^^^^^^^^^^^^^^^^^^^^^^^^^^^^^^^^^^^^^^^^^^^^^^^^^^^^^^^^^^^^^^^^^^^^^^^
2022-12-27T11:17:56.2796780Z   SyntaxError: Missing parentheses in call to 'print'. Did you mean print(...)?
2022-12-27T11:17:56.3293510Z   error: subprocess-exited-with-error
2022-12-27T11:17:56.3294110Z   
2022-12-27T11:17:56.3296310Z   Ã— python setup.py egg_info did not run successfully.
2022-12-27T11:17:56.3298240Z   â”‚ exit code: 1
2022-12-27T11:17:56.3299080Z   â•°â”€> See above for output.
2022-12-27T11:17:56.3299590Z   
2022-12-27T11:17:56.3300400Z   note: This error originates from a subprocess, and is likely not a problem with pip.
2022-12-27T11:17:56.3306310Z   full command: /private/var/folders/51/hd414ycd67n82196sw51xqtc0000gn/T/cibw-run-l9vsix8q/cp310-macosx_arm64/build/venv/bin/python -c '
2022-12-27T11:17:56.3307060Z   exec(compile('"'"''"'"''"'"'
2022-12-27T11:17:56.3307530Z   # This is <pip-setuptools-caller> -- a caller that pip uses to run setup.py
2022-12-27T11:17:56.3308070Z   #
2022-12-27T11:17:56.3309050Z   # - It imports setuptools before invoking setup.py, to enable projects that directly
2022-12-27T11:17:56.3309520Z   #   import from `distutils.core` to work with newer packaging standards.
2022-12-27T11:17:56.3310780Z   # - It provides a clear error message when setuptools is not installed.
2022-12-27T11:17:56.3311390Z   # - It sets `sys.argv[0]` to the underlying `setup.py`, when invoking `setup.py` so
2022-12-27T11:17:56.3312040Z   #   setuptools doesn'"'"'t think the script is `-c`. This avoids the following warning:
2022-12-27T11:17:56.3312510Z   #     manifest_maker: standard file '"'"'-c'"'"' not found".
2022-12-27T11:17:56.3314830Z   # - It generates a shim setup.py, for handling setup.cfg-only projects.
2022-12-27T11:17:56.3315340Z   import os, sys, tokenize
2022-12-27T11:17:56.3315690Z   
2022-12-27T11:17:56.3315930Z   try:
2022-12-27T11:17:56.3316400Z       import setuptools
2022-12-27T11:17:56.3316800Z   except ImportError as error:
2022-12-27T11:17:56.3317070Z       print(
2022-12-27T11:17:56.3317490Z           "ERROR: Can not execute `setup.py` since setuptools is not available in "
2022-12-27T11:17:56.3317940Z           "the build environment.",
2022-12-27T11:17:56.3318330Z           file=sys.stderr,
2022-12-27T11:17:56.3318660Z       )
2022-12-27T11:17:56.3318980Z       sys.exit(1)
2022-12-27T11:17:56.3319220Z   
2022-12-27T11:17:56.3319540Z   __file__ = %r
2022-12-27T11:17:56.3319960Z   sys.argv[0] = __file__
2022-12-27T11:17:56.3320220Z   
2022-12-27T11:17:56.3320560Z   if os.path.exists(__file__):
2022-12-27T11:17:56.3320930Z       filename = __file__
2022-12-27T11:17:56.3321230Z       with tokenize.open(__file__) as f:
2022-12-27T11:17:56.3321740Z           setup_py_code = f.read()
2022-12-27T11:17:56.3322080Z   else:
2022-12-27T11:17:56.3322490Z       filename = "<auto-generated setuptools caller>"
2022-12-27T11:17:56.3322940Z       setup_py_code = "from setuptools import setup; setup()"
2022-12-27T11:17:56.3323410Z   
2022-12-27T11:17:56.3323880Z   exec(compile(setup_py_code, filename, "exec"))
2022-12-27T11:17:56.3325800Z   '"'"''"'"''"'"' % ('"'"'/Users/runner/actions-runner/_work/python.build/python.build/build_lxml091310/lxml-0.9.1/setup.py'"'"',), "<pip-setuptools-caller>", "exec"))' egg_info --egg-base /private/var/folders/51/hd414ycd67n82196sw51xqtc0000gn/T/pip-pip-egg-info-s5lkie98
2022-12-27T11:17:56.3327430Z   cwd: /Users/runner/actions-runner/_work/python.build/python.build/build_lxml091310/lxml-0.9.1/
2022-12-27T11:17:56.3328600Z   Preparing metadata (setup.py): finished with status 'error'
2022-12-27T11:17:56.3338120Z error: metadata-generation-failed
2022-12-27T11:17:56.3338390Z 
2022-12-27T11:17:56.3338960Z Ã— Encountered error while generating package metadata.
2022-12-27T11:17:56.3339420Z â•°â”€> See above for output.
2022-12-27T11:17:56.3339630Z 
2022-12-27T11:17:56.3340240Z note: This is an issue with the package mentioned above, not pip.
2022-12-27T11:17:56.3340570Z hint: See above for details.
2022-12-27T11:17:56.3380660Z Exception information:
2022-12-27T11:17:56.3381840Z Traceback (most recent call last):
2022-12-27T11:17:56.3384290Z   File "/private/var/folders/51/hd414ycd67n82196sw51xqtc0000gn/T/cibw-run-l9vsix8q/cp310-macosx_arm64/build/venv/lib/python3.10/site-packages/pip/_internal/operations/build/metadata_legacy.py", line 64, in generate_metadata
2022-12-27T11:17:56.3387440Z     call_subprocess(
2022-12-27T11:17:56.3390320Z   File "/private/var/folders/51/hd414ycd67n82196sw51xqtc0000gn/T/cibw-run-l9vsix8q/cp310-macosx_arm64/build/venv/lib/python3.10/site-packages/pip/_internal/utils/subprocess.py", line 224, in call_subprocess
2022-12-27T11:17:56.3391860Z     raise error
2022-12-27T11:17:56.3393120Z pip._internal.exceptions.InstallationSubprocessError: python setup.py egg_info exited with 1
2022-12-27T11:17:56.3393750Z 
2022-12-27T11:17:56.3394640Z The above exception was the direct cause of the following exception:
2022-12-27T11:17:56.3396410Z 
2022-12-27T11:17:56.3396590Z Traceback (most recent call last):
2022-12-27T11:17:56.3397870Z   File "/private/var/folders/51/hd414ycd67n82196sw51xqtc0000gn/T/cibw-run-l9vsix8q/cp310-macosx_arm64/build/venv/lib/python3.10/site-packages/pip/_internal/cli/base_command.py", line 160, in exc_logging_wrapper
2022-12-27T11:17:56.3398620Z     status = run_func(*args)
2022-12-27T11:17:56.3399670Z   File "/private/var/folders/51/hd414ycd67n82196sw51xqtc0000gn/T/cibw-run-l9vsix8q/cp310-macosx_arm64/build/venv/lib/python3.10/site-packages/pip/_internal/cli/req_command.py", line 247, in wrapper
2022-12-27T11:17:56.3538300Z     return func(self, options, args)
2022-12-27T11:17:56.3540690Z   File "/private/var/folders/51/hd414ycd67n82196sw51xqtc0000gn/T/cibw-run-l9vsix8q/cp310-macosx_arm64/build/venv/lib/python3.10/site-packages/pip/_internal/commands/wheel.py", line 170, in run
2022-12-27T11:17:56.3541360Z     requirement_set = resolver.resolve(reqs, check_supported_wheels=True)
2022-12-27T11:17:56.3542130Z   File "/private/var/folders/51/hd414ycd67n82196sw51xqtc0000gn/T/cibw-run-l9vsix8q/cp310-macosx_arm64/build/venv/lib/python3.10/site-packages/pip/_internal/resolution/resolvelib/resolver.py", line 73, in resolve
2022-12-27T11:17:56.3542660Z     collected = self.factory.collect_root_requirements(root_reqs)
2022-12-27T11:17:56.3543480Z   File "/private/var/folders/51/hd414ycd67n82196sw51xqtc0000gn/T/cibw-run-l9vsix8q/cp310-macosx_arm64/build/venv/lib/python3.10/site-packages/pip/_internal/resolution/resolvelib/factory.py", line 491, in collect_root_requirements
2022-12-27T11:17:56.3544000Z     req = self._make_requirement_from_install_req(
2022-12-27T11:17:56.3544860Z   File "/private/var/folders/51/hd414ycd67n82196sw51xqtc0000gn/T/cibw-run-l9vsix8q/cp310-macosx_arm64/build/venv/lib/python3.10/site-packages/pip/_internal/resolution/resolvelib/factory.py", line 453, in _make_requirement_from_install_req
2022-12-27T11:17:56.3545440Z     cand = self._make_candidate_from_link(
2022-12-27T11:17:56.3546130Z   File "/private/var/folders/51/hd414ycd67n82196sw51xqtc0000gn/T/cibw-run-l9vsix8q/cp310-macosx_arm64/build/venv/lib/python3.10/site-packages/pip/_internal/resolution/resolvelib/factory.py", line 206, in _make_candidate_from_link
2022-12-27T11:17:56.3546630Z     self._link_candidate_cache[link] = LinkCandidate(
2022-12-27T11:17:56.3547320Z   File "/private/var/folders/51/hd414ycd67n82196sw51xqtc0000gn/T/cibw-run-l9vsix8q/cp310-macosx_arm64/build/venv/lib/python3.10/site-packages/pip/_internal/resolution/resolvelib/candidates.py", line 297, in __init__
2022-12-27T11:17:56.3547810Z     super().__init__(
2022-12-27T11:17:56.3548510Z   File "/private/var/folders/51/hd414ycd67n82196sw51xqtc0000gn/T/cibw-run-l9vsix8q/cp310-macosx_arm64/build/venv/lib/python3.10/site-packages/pip/_internal/resolution/resolvelib/candidates.py", line 162, in __init__
2022-12-27T11:17:56.3549030Z     self.dist = self._prepare()
2022-12-27T11:17:56.3549750Z   File "/private/var/folders/51/hd414ycd67n82196sw51xqtc0000gn/T/cibw-run-l9vsix8q/cp310-macosx_arm64/build/venv/lib/python3.10/site-packages/pip/_internal/resolution/resolvelib/candidates.py", line 231, in _prepare
2022-12-27T11:17:56.3550640Z     dist = self._prepare_distribution()
2022-12-27T11:17:56.3551590Z   File "/private/var/folders/51/hd414ycd67n82196sw51xqtc0000gn/T/cibw-run-l9vsix8q/cp310-macosx_arm64/build/venv/lib/python3.10/site-packages/pip/_internal/resolution/resolvelib/candidates.py", line 308, in _prepare_distribution
2022-12-27T11:17:56.3552210Z     return preparer.prepare_linked_requirement(self._ireq, parallel_builds=True)
2022-12-27T11:17:56.3553040Z   File "/private/var/folders/51/hd414ycd67n82196sw51xqtc0000gn/T/cibw-run-l9vsix8q/cp310-macosx_arm64/build/venv/lib/python3.10/site-packages/pip/_internal/operations/prepare.py", line 491, in prepare_linked_requirement
2022-12-27T11:17:56.3553610Z     return self._prepare_linked_requirement(req, parallel_builds)
2022-12-27T11:17:56.3554560Z   File "/private/var/folders/51/hd414ycd67n82196sw51xqtc0000gn/T/cibw-run-l9vsix8q/cp310-macosx_arm64/build/venv/lib/python3.10/site-packages/pip/_internal/operations/prepare.py", line 577, in _prepare_linked_requirement
2022-12-27T11:17:56.3555050Z     dist = _get_prepared_distribution(
2022-12-27T11:17:56.3555810Z   File "/private/var/folders/51/hd414ycd67n82196sw51xqtc0000gn/T/cibw-run-l9vsix8q/cp310-macosx_arm64/build/venv/lib/python3.10/site-packages/pip/_internal/operations/prepare.py", line 69, in _get_prepared_distribution
2022-12-27T11:17:56.3556370Z     abstract_dist.prepare_distribution_metadata(
2022-12-27T11:17:56.3557170Z   File "/private/var/folders/51/hd414ycd67n82196sw51xqtc0000gn/T/cibw-run-l9vsix8q/cp310-macosx_arm64/build/venv/lib/python3.10/site-packages/pip/_internal/distributions/sdist.py", line 61, in prepare_distribution_metadata
2022-12-27T11:17:56.3557970Z     self.req.prepare_metadata()
2022-12-27T11:17:56.3558680Z   File "/private/var/folders/51/hd414ycd67n82196sw51xqtc0000gn/T/cibw-run-l9vsix8q/cp310-macosx_arm64/build/venv/lib/python3.10/site-packages/pip/_internal/req/req_install.py", line 541, in prepare_metadata
2022-12-27T11:17:56.3559160Z     self.metadata_directory = generate_metadata_legacy(
2022-12-27T11:17:56.3559940Z   File "/private/var/folders/51/hd414ycd67n82196sw51xqtc0000gn/T/cibw-run-l9vsix8q/cp310-macosx_arm64/build/venv/lib/python3.10/site-packages/pip/_internal/operations/build/metadata_legacy.py", line 71, in generate_metadata
2022-12-27T11:17:56.3560570Z     raise MetadataGenerationFailed(package_details=details) from error
2022-12-27T11:17:56.3561000Z pip._internal.exceptions.MetadataGenerationFailed: metadata generation failed
2022-12-27T11:17:56.3561710Z Removed file:///Users/runner/actions-runner/_work/python.build/python.build/build_lxml091310/lxml-0.9.1 from build tracker '/private/var/folders/51/hd414ycd67n82196sw51xqtc0000gn/T/pip-build-tracker-caawr8wm'
2022-12-27T11:17:56.3562460Z Removed build tracker: '/private/var/folders/51/hd414ycd67n82196sw51xqtc0000gn/T/pip-build-tracker-caawr8wm'
2022-12-27T11:17:56.4367800Z ##[endgroup]
2022-12-27T11:17:56.4415370Z ##[error]Command ['python', '-m', 'pip', 'wheel', '/Users/runner/actions-runner/_work/python.build/python.build/build_lxml091310/lxml-0.9.1', '--wheel-dir=/private/var/folders/51/hd414ycd67n82196sw51xqtc0000gn/T/cibw-run-l9vsix8q/cp310-macosx_arm64/built_wheel', '--no-deps', '-vvv'] failed with code 1. None
2022-12-27T11:17:56.4424820Z 
2022-12-27T11:17:56.4425470Z                                                               [31mâœ• [0m0.86s
2022-12-27T11:17:56.5239900Z ##[error]Process completed with exit code 1.
2022-12-27T11:17:56.5292930Z ##[group]Run rm -rf build_lxml091310 wheelsout
2022-12-27T11:17:56.5293270Z [36;1mrm -rf build_lxml091310 wheelsout[0m
2022-12-27T11:17:56.5319380Z shell: /bin/bash -e {0}
2022-12-27T11:17:56.5319680Z env:
2022-12-27T11:17:56.5319980Z   pythonLocation: /Users/runner/hostedtoolcache/Python/3.10.9/x64
2022-12-27T11:17:56.5320410Z   PKG_CONFIG_PATH: /Users/runner/hostedtoolcache/Python/3.10.9/x64/lib/pkgconfig
2022-12-27T11:17:56.5321150Z   Python_ROOT_DIR: /Users/runner/hostedtoolcache/Python/3.10.9/x64
2022-12-27T11:17:56.5321530Z   Python2_ROOT_DIR: /Users/runner/hostedtoolcache/Python/3.10.9/x64
2022-12-27T11:17:56.5321880Z   Python3_ROOT_DIR: /Users/runner/hostedtoolcache/Python/3.10.9/x64
2022-12-27T11:17:56.5322230Z ##[endgroup]
2022-12-27T11:17:56.5793000Z Cleaning up orphan processes
