2022-12-27T08:46:16.5334296Z Requested labels: self-hosted, macOS, X64
2022-12-27T08:46:16.5334377Z Job defined at: kilnbuild/python.build/.github/workflows/mac_arm_build.yml@refs/heads/main
2022-12-27T08:46:16.5334403Z Waiting for a runner to pick up this job...
2022-12-27T11:06:42.6598663Z Job is about to start running on the runner: s1 (organization)
2022-12-27T11:06:45.1254950Z Current runner version: '2.300.2'
2022-12-27T11:06:45.1260000Z Runner name: 's1'
2022-12-27T11:06:45.1260250Z Runner group name: 'Default'
2022-12-27T11:06:45.1260700Z Machine name: 's1'
2022-12-27T11:06:45.1262270Z ##[group]GITHUB_TOKEN Permissions
2022-12-27T11:06:45.1262690Z Actions: write
2022-12-27T11:06:45.1262840Z Checks: write
2022-12-27T11:06:45.1262980Z Contents: write
2022-12-27T11:06:45.1263120Z Deployments: write
2022-12-27T11:06:45.1263260Z Discussions: write
2022-12-27T11:06:45.1263400Z Issues: write
2022-12-27T11:06:45.1263530Z Metadata: read
2022-12-27T11:06:45.1263670Z Packages: write
2022-12-27T11:06:45.1263810Z Pages: write
2022-12-27T11:06:45.1263950Z PullRequests: write
2022-12-27T11:06:45.1264110Z RepositoryProjects: write
2022-12-27T11:06:45.1264280Z SecurityEvents: write
2022-12-27T11:06:45.1264430Z Statuses: write
2022-12-27T11:06:45.1264560Z ##[endgroup]
2022-12-27T11:06:45.1267270Z Secret source: Actions
2022-12-27T11:06:45.1267590Z Prepare workflow directory
2022-12-27T11:06:45.1939030Z Prepare all required actions
2022-12-27T11:06:45.2060850Z Getting action download info
2022-12-27T11:06:45.6513970Z Download action repository 'actions/setup-python@v4' (SHA:5ccb29d8773c3f3f653e1705f474dfaa8a06a912)
2022-12-27T11:06:48.4501500Z Download action repository 'actions/upload-artifact@v3' (SHA:83fd05a356d7e2593de66fc9913b3002723633cb)
2022-12-27T11:06:49.7774960Z ##[group]Run echo '{
2022-12-27T11:06:49.7775220Z [36;1mecho '{[0m
2022-12-27T11:06:49.7775340Z [36;1m  "package_name": "lxml",[0m
2022-12-27T11:06:49.7775560Z [36;1m  "package_url": "https://files.pythonhosted.org/packages/9c/f0/4a1c5c235118b74815ec4749f2e479e10c8f11fbdc8db644da02fc28476d/lxml-2.0.5.tar.gz",[0m
2022-12-27T11:06:49.7775820Z [36;1m  "package_version": "2.0.5",[0m
2022-12-27T11:06:49.7776010Z [36;1m  "python_version": "3.11",[0m
2022-12-27T11:06:49.7776150Z [36;1m  "use_ccache": "true"[0m
2022-12-27T11:06:49.7776300Z [36;1m}'[0m
2022-12-27T11:06:49.7792220Z shell: /bin/bash -e {0}
2022-12-27T11:06:49.7792400Z ##[endgroup]
2022-12-27T11:06:49.8009250Z {
2022-12-27T11:06:49.8010880Z   "package_name": "lxml",
2022-12-27T11:06:49.8011730Z   "package_url": "https://files.pythonhosted.org/packages/9c/f0/4a1c5c235118b74815ec4749f2e479e10c8f11fbdc8db644da02fc28476d/lxml-2.0.5.tar.gz",
2022-12-27T11:06:49.8012130Z   "package_version": "2.0.5",
2022-12-27T11:06:49.8012520Z   "python_version": "3.11",
2022-12-27T11:06:49.8012740Z   "use_ccache": "true"
2022-12-27T11:06:49.8012970Z }
2022-12-27T11:06:49.8234310Z ##[group]Run actions/setup-python@v4
2022-12-27T11:06:49.8234650Z with:
2022-12-27T11:06:49.8234990Z   python-version: 3.11
2022-12-27T11:06:49.8235280Z   check-latest: false
2022-12-27T11:06:49.8235670Z   token: ***
2022-12-27T11:06:49.8235930Z   update-environment: true
2022-12-27T11:06:49.8236180Z ##[endgroup]
2022-12-27T11:06:49.9463120Z ##[group]Installed versions
2022-12-27T11:06:49.9496850Z Successfully set up CPython (3.11.1)
2022-12-27T11:06:49.9497720Z ##[endgroup]
2022-12-27T11:06:49.9643110Z ##[group]Run if [ "true" == "true" ]
2022-12-27T11:06:49.9643420Z [36;1mif [ "true" == "true" ][0m
2022-12-27T11:06:49.9643680Z [36;1mthen[0m
2022-12-27T11:06:49.9643900Z [36;1m  echo "CCACHE_PATH_PREPEND=/usr/local/opt/ccache/libexec" >> $GITHUB_OUTPUT[0m
2022-12-27T11:06:49.9644110Z [36;1melse[0m
2022-12-27T11:06:49.9644310Z [36;1m  echo "CCACHE_PATH_PREPEND=" >> $GITHUB_OUTPUT[0m
2022-12-27T11:06:49.9644760Z [36;1mfi[0m
2022-12-27T11:06:49.9663040Z shell: /bin/bash -e {0}
2022-12-27T11:06:49.9663270Z env:
2022-12-27T11:06:49.9663470Z   pythonLocation: /Users/runner/hostedtoolcache/Python/3.11.1/x64
2022-12-27T11:06:49.9663760Z   PKG_CONFIG_PATH: /Users/runner/hostedtoolcache/Python/3.11.1/x64/lib/pkgconfig
2022-12-27T11:06:49.9664110Z   Python_ROOT_DIR: /Users/runner/hostedtoolcache/Python/3.11.1/x64
2022-12-27T11:06:49.9664330Z   Python2_ROOT_DIR: /Users/runner/hostedtoolcache/Python/3.11.1/x64
2022-12-27T11:06:49.9664640Z   Python3_ROOT_DIR: /Users/runner/hostedtoolcache/Python/3.11.1/x64
2022-12-27T11:06:49.9665150Z ##[endgroup]
2022-12-27T11:06:49.9775870Z ##[group]Run echo "BUILD_NAME=$(echo lxml_2.0.5_3.11 | tr -dc '[:alnum:]\n\r' | tr '[:upper:]' '[:lower:]')" >> $GITHUB_OUTPUT
2022-12-27T11:06:49.9776400Z [36;1mecho "BUILD_NAME=$(echo lxml_2.0.5_3.11 | tr -dc '[:alnum:]\n\r' | tr '[:upper:]' '[:lower:]')" >> $GITHUB_OUTPUT[0m
2022-12-27T11:06:49.9791460Z shell: /bin/bash -e {0}
2022-12-27T11:06:49.9791670Z env:
2022-12-27T11:06:49.9791960Z   pythonLocation: /Users/runner/hostedtoolcache/Python/3.11.1/x64
2022-12-27T11:06:49.9792240Z   PKG_CONFIG_PATH: /Users/runner/hostedtoolcache/Python/3.11.1/x64/lib/pkgconfig
2022-12-27T11:06:49.9792570Z   Python_ROOT_DIR: /Users/runner/hostedtoolcache/Python/3.11.1/x64
2022-12-27T11:06:49.9792780Z   Python2_ROOT_DIR: /Users/runner/hostedtoolcache/Python/3.11.1/x64
2022-12-27T11:06:49.9793020Z   Python3_ROOT_DIR: /Users/runner/hostedtoolcache/Python/3.11.1/x64
2022-12-27T11:06:49.9793300Z ##[endgroup]
2022-12-27T11:06:49.9938450Z ##[group]Run echo "PYTHON_NO_DOTS=$(echo 3.11 | tr -dc '[:alnum:]\n\r' | tr '[:upper:]' '[:lower:]')" >> $GITHUB_OUTPUT
2022-12-27T11:06:49.9938850Z [36;1mecho "PYTHON_NO_DOTS=$(echo 3.11 | tr -dc '[:alnum:]\n\r' | tr '[:upper:]' '[:lower:]')" >> $GITHUB_OUTPUT[0m
2022-12-27T11:06:49.9953810Z shell: /bin/bash -e {0}
2022-12-27T11:06:49.9953970Z env:
2022-12-27T11:06:49.9954250Z   pythonLocation: /Users/runner/hostedtoolcache/Python/3.11.1/x64
2022-12-27T11:06:49.9954520Z   PKG_CONFIG_PATH: /Users/runner/hostedtoolcache/Python/3.11.1/x64/lib/pkgconfig
2022-12-27T11:06:49.9954730Z   Python_ROOT_DIR: /Users/runner/hostedtoolcache/Python/3.11.1/x64
2022-12-27T11:06:49.9954960Z   Python2_ROOT_DIR: /Users/runner/hostedtoolcache/Python/3.11.1/x64
2022-12-27T11:06:49.9955200Z   Python3_ROOT_DIR: /Users/runner/hostedtoolcache/Python/3.11.1/x64
2022-12-27T11:06:49.9955360Z ##[endgroup]
2022-12-27T11:06:50.0066530Z ##[group]Run rm -rf build_lxml205311
2022-12-27T11:06:50.0066880Z [36;1mrm -rf build_lxml205311[0m
2022-12-27T11:06:50.0067080Z [36;1mmkdir build_lxml205311[0m
2022-12-27T11:06:50.0067280Z [36;1mcd build_lxml205311[0m
2022-12-27T11:06:50.0067590Z [36;1m/usr/local/bin/wget --quiet https://files.pythonhosted.org/packages/9c/f0/4a1c5c235118b74815ec4749f2e479e10c8f11fbdc8db644da02fc28476d/lxml-2.0.5.tar.gz[0m
2022-12-27T11:06:50.0067850Z [36;1mtar xf *.tar.gz[0m
2022-12-27T11:06:50.0067990Z [36;1mcd *[0m
2022-12-27T11:06:50.0068210Z [36;1mpython -m pip install cibuildwheel==2.11.3[0m
2022-12-27T11:06:50.0068430Z [36;1mpython -m cibuildwheel --output-dir ../wheelsout[0m
2022-12-27T11:06:50.0083190Z shell: /bin/bash -e {0}
2022-12-27T11:06:50.0083390Z env:
2022-12-27T11:06:50.0083600Z   pythonLocation: /Users/runner/hostedtoolcache/Python/3.11.1/x64
2022-12-27T11:06:50.0083850Z   PKG_CONFIG_PATH: /Users/runner/hostedtoolcache/Python/3.11.1/x64/lib/pkgconfig
2022-12-27T11:06:50.0084120Z   Python_ROOT_DIR: /Users/runner/hostedtoolcache/Python/3.11.1/x64
2022-12-27T11:06:50.0084370Z   Python2_ROOT_DIR: /Users/runner/hostedtoolcache/Python/3.11.1/x64
2022-12-27T11:06:50.0084600Z   Python3_ROOT_DIR: /Users/runner/hostedtoolcache/Python/3.11.1/x64
2022-12-27T11:06:50.0084800Z   CIBW_ARCHS_MACOS: arm64
2022-12-27T11:06:50.0084970Z   CIBW_TEST_SKIP: *_arm64
2022-12-27T11:06:50.0085120Z   CIBW_BUILD: cp311-macosx_arm64
2022-12-27T11:06:50.0085330Z   CIBW_BUILD_FRONTEND: pip
2022-12-27T11:06:50.0085500Z   CIBW_BUILD_VERBOSITY: 3
2022-12-27T11:06:50.0085780Z   CIBW_ENVIRONMENT_MACOS:  CFLAGS="-I/usr/local/opt/openssl@3/include" LDFLAGS="-L/usr/local/opt/openssl@3/lib" CPPFLAGS="-I/usr/local/opt/openssl@3/include" MAKEFLAGS="-j$(sysctl -n hw.logicalcpu)" PATH=/usr/local/opt/ccache/libexec:$PATH
2022-12-27T11:06:50.0086130Z   CIBW_BEFORE_BUILD: pip install Cython; if [[ -f requirements.txt ]]; then pip install -r requirements.txt; fi
2022-12-27T11:06:50.0086400Z   MAKEFLAGS: -j$(sysctl -n hw.logicalcpu)
2022-12-27T11:06:50.0086580Z ##[endgroup]
2022-12-27T11:06:50.4737050Z Requirement already satisfied: cibuildwheel==2.11.3 in /Library/Frameworks/Python.framework/Versions/3.11/lib/python3.11/site-packages (2.11.3)
2022-12-27T11:06:50.5041110Z Requirement already satisfied: bashlex!=0.13 in /Library/Frameworks/Python.framework/Versions/3.11/lib/python3.11/site-packages (from cibuildwheel==2.11.3) (0.16)
2022-12-27T11:06:50.5048000Z Requirement already satisfied: bracex in /Library/Frameworks/Python.framework/Versions/3.11/lib/python3.11/site-packages (from cibuildwheel==2.11.3) (2.3.post1)
2022-12-27T11:06:50.5055090Z Requirement already satisfied: certifi in /Library/Frameworks/Python.framework/Versions/3.11/lib/python3.11/site-packages (from cibuildwheel==2.11.3) (2022.12.7)
2022-12-27T11:06:50.5061990Z Requirement already satisfied: filelock in /Library/Frameworks/Python.framework/Versions/3.11/lib/python3.11/site-packages (from cibuildwheel==2.11.3) (3.8.2)
2022-12-27T11:06:50.5071870Z Requirement already satisfied: packaging>=20.9 in /Library/Frameworks/Python.framework/Versions/3.11/lib/python3.11/site-packages (from cibuildwheel==2.11.3) (22.0)
2022-12-27T11:06:50.5080380Z Requirement already satisfied: platformdirs in /Library/Frameworks/Python.framework/Versions/3.11/lib/python3.11/site-packages (from cibuildwheel==2.11.3) (2.6.0)
2022-12-27T11:06:50.7363130Z 
2022-12-27T11:06:50.7363550Z      _ _       _ _   _       _           _
2022-12-27T11:06:50.7364160Z  ___|_| |_ _ _|_| |_| |_ _ _| |_ ___ ___| |
2022-12-27T11:06:50.7365010Z |  _| | . | | | | | . | | | |   | -_| -_| |
2022-12-27T11:06:50.7365380Z |___|_|___|___|_|_|___|_____|_|_|___|___|_|
2022-12-27T11:06:50.7365590Z 
2022-12-27T11:06:50.7365850Z cibuildwheel version 2.11.3
2022-12-27T11:06:50.7366010Z 
2022-12-27T11:06:50.7366110Z Build options:
2022-12-27T11:06:50.7366300Z   platform: macos
2022-12-27T11:06:50.7417460Z   architectures: arm64[0m
2022-12-27T11:06:50.7417870Z   build_selector: 
2022-12-27T11:06:50.7419320Z     build_config: cp311-macosx_arm64
2022-12-27T11:06:50.7419740Z     skip_config: 
2022-12-27T11:06:50.7420100Z     requires_python: None
2022-12-27T11:06:50.7420540Z     prerelease_pythons: False[0m
2022-12-27T11:06:50.7421320Z   [38;5;244mcontainer_engine: docker[0m
2022-12-27T11:06:50.7422060Z   output_dir: /Users/runner/actions-runner/_work/python.build/python.build/build_lxml205311/wheelsout[0m
2022-12-27T11:06:50.7423050Z   package_dir: /Users/runner/actions-runner/_work/python.build/python.build/build_lxml205311/lxml-2.0.5[0m
2022-12-27T11:06:50.7423480Z   test_selector: 
2022-12-27T11:06:50.7423950Z     skip_config: *_arm64[0m
2022-12-27T11:06:50.7424400Z   [38;5;244mbefore_all: [0m
2022-12-27T11:06:50.7425000Z   before_build: pip install Cython; if [[ -f requirements.txt ]]; then pip install -r requirements.txt; fi[0m
2022-12-27T11:06:50.7425760Z   [38;5;244mbefore_test: [0m
2022-12-27T11:06:50.7426230Z   [38;5;244mbuild_frontend: pip[0m
2022-12-27T11:06:50.7426690Z   build_verbosity: 3[0m
2022-12-27T11:06:50.7427100Z   [38;5;244mconfig_settings: [0m
2022-12-27T11:06:50.7427770Z   [38;5;244mdependency_constraints: pinned[0m
2022-12-27T11:06:50.7428150Z   environment: 
2022-12-27T11:06:50.7428590Z     CFLAGS="-I/usr/local/opt/openssl@3/include"
2022-12-27T11:06:50.7429070Z     LDFLAGS="-L/usr/local/opt/openssl@3/lib"
2022-12-27T11:06:50.7429550Z     CPPFLAGS="-I/usr/local/opt/openssl@3/include"
2022-12-27T11:06:50.7430060Z     MAKEFLAGS="-j$(sysctl -n hw.logicalcpu)"
2022-12-27T11:06:50.7430670Z     PATH=/usr/local/opt/ccache/libexec:$PATH[0m
2022-12-27T11:06:50.7431110Z   [38;5;244mmanylinux_images: None[0m
2022-12-27T11:06:50.7431450Z   [38;5;244mmusllinux_images: None[0m
2022-12-27T11:06:50.7431970Z   [38;5;244mrepair_command: delocate-wheel --require-archs {delocate_archs} -w {dest_dir} -v {wheel}[0m
2022-12-27T11:06:50.7432580Z   [38;5;244mtest_command: [0m
2022-12-27T11:06:50.7432920Z   [38;5;244mtest_extras: [0m
2022-12-27T11:06:50.7433210Z   [38;5;244mtest_requires: [0m
2022-12-27T11:06:50.7433320Z 
2022-12-27T11:06:50.7433440Z Cache folder: /Users/runner/Library/Caches/cibuildwheel
2022-12-27T11:06:50.7437310Z 
2022-12-27T11:06:50.7437910Z Here we go!
2022-12-27T11:06:50.7438080Z 
2022-12-27T11:06:50.7482470Z 
2022-12-27T11:06:50.7482990Z [1m[34mBuilding cp311-macosx_arm64 wheel[0m
2022-12-27T11:06:50.7483390Z CPython 3.11 macOS arm64 - Apple Silicon
2022-12-27T11:06:50.7483550Z 
2022-12-27T11:06:50.7486340Z ##[group]Installing Python cp311...
2022-12-27T11:06:50.7486610Z 
2022-12-27T11:06:50.7486920Z + pkgutil --pkgs
2022-12-27T11:06:50.7586850Z ##[endgroup]
2022-12-27T11:06:50.7588150Z                                                               [32m✓ [0m0.01s
2022-12-27T11:06:50.7589140Z ##[group]Setting up build environment...
2022-12-27T11:06:50.7589350Z 
2022-12-27T11:06:50.7606560Z + /Library/Frameworks/Python.framework/Versions/3.11/bin/python -sS /Users/runner/Library/Caches/cibuildwheel/virtualenv-20.17.0.pyz --activators= --no-periodic-update --pip=22.3.1 --setuptools=65.6.3 --wheel=0.38.4 --symlink-app-data --python /Library/Frameworks/Python.framework/Versions/3.11/bin/python3 /private/var/folders/51/hd414ycd67n82196sw51xqtc0000gn/T/cibw-run-ik3szbcf/cp311-macosx_arm64/build/venv
2022-12-27T11:06:50.9538000Z created virtual environment CPython3.11.1.final.0-64 in 48ms
2022-12-27T11:06:50.9538770Z   creator CPython3Posix(dest=/private/var/folders/51/hd414ycd67n82196sw51xqtc0000gn/T/cibw-run-ik3szbcf/cp311-macosx_arm64/build/venv, clear=False, no_vcs_ignore=False, global=False)
2022-12-27T11:06:50.9539280Z   seeder FromAppData(download=False, pip=22.3.1, setuptools=65.6.3, wheel=0.38.4, via=symlink, app_data_dir=/Users/runner/Library/Application Support/virtualenv)
2022-12-27T11:06:50.9539910Z     added seed packages: pip==22.3.1, setuptools==65.6.3, wheel==0.38.4
2022-12-27T11:06:50.9673520Z + python -m pip install --upgrade pip -c /Library/Frameworks/Python.framework/Versions/3.11/lib/python3.11/site-packages/cibuildwheel/resources/constraints-python311.txt
2022-12-27T11:06:51.2479740Z Requirement already satisfied: pip in ./lib/python3.11/site-packages (22.3.1)
2022-12-27T11:06:51.3760050Z + which pip
2022-12-27T11:06:51.3776910Z /private/var/folders/51/hd414ycd67n82196sw51xqtc0000gn/T/cibw-run-ik3szbcf/cp311-macosx_arm64/build/venv/bin/pip
2022-12-27T11:06:51.3779470Z + pip --version
2022-12-27T11:06:51.5769890Z pip 22.3.1 from /private/var/folders/51/hd414ycd67n82196sw51xqtc0000gn/T/cibw-run-ik3szbcf/cp311-macosx_arm64/build/venv/lib/python3.11/site-packages/pip (python 3.11)
2022-12-27T11:06:51.6006870Z + which pip
2022-12-27T11:06:51.6032230Z + which python
2022-12-27T11:06:51.6049430Z /private/var/folders/51/hd414ycd67n82196sw51xqtc0000gn/T/cibw-run-ik3szbcf/cp311-macosx_arm64/build/venv/bin/python
2022-12-27T11:06:51.6051250Z + python --version
2022-12-27T11:06:51.6108340Z Python 3.11.1
2022-12-27T11:06:51.6111450Z + which python
2022-12-27T11:06:51.6161980Z ##[endgroup]
2022-12-27T11:06:51.6162480Z                                                               [32m✓ [0m0.86s
2022-12-27T11:06:51.6163040Z ##[group]Installing build tools...
2022-12-27T11:06:51.6163190Z 
2022-12-27T11:06:51.6163560Z + pip install --upgrade setuptools wheel delocate -c /Library/Frameworks/Python.framework/Versions/3.11/lib/python3.11/site-packages/cibuildwheel/resources/constraints-python311.txt
2022-12-27T11:06:51.8934530Z Requirement already satisfied: setuptools in /private/var/folders/51/hd414ycd67n82196sw51xqtc0000gn/T/cibw-run-ik3szbcf/cp311-macosx_arm64/build/venv/lib/python3.11/site-packages (65.6.3)
2022-12-27T11:06:52.0731700Z Requirement already satisfied: wheel in /private/var/folders/51/hd414ycd67n82196sw51xqtc0000gn/T/cibw-run-ik3szbcf/cp311-macosx_arm64/build/venv/lib/python3.11/site-packages (0.38.4)
2022-12-27T11:06:52.1118950Z Collecting delocate
2022-12-27T11:06:52.1140200Z   Using cached delocate-0.10.3-py3-none-any.whl (142 kB)
2022-12-27T11:06:52.1396990Z Collecting packaging>=20.9
2022-12-27T11:06:52.1415170Z   Using cached packaging-21.3-py3-none-any.whl (40 kB)
2022-12-27T11:06:52.1571030Z Collecting typing-extensions
2022-12-27T11:06:52.1589040Z   Using cached typing_extensions-4.4.0-py3-none-any.whl (26 kB)
2022-12-27T11:06:52.1896760Z Collecting pyparsing!=3.0.5,>=2.0.2
2022-12-27T11:06:52.1913800Z   Using cached pyparsing-3.0.9-py3-none-any.whl (98 kB)
2022-12-27T11:06:52.2488160Z Installing collected packages: typing-extensions, pyparsing, packaging, delocate
2022-12-27T11:06:52.3825850Z Successfully installed delocate-0.10.3 packaging-21.3 pyparsing-3.0.9 typing-extensions-4.4.0
2022-12-27T11:06:52.4283050Z ##[endgroup]
2022-12-27T11:06:52.4283750Z                                                               [32m✓ [0m0.81s
2022-12-27T11:06:52.4284100Z ##[group]Running before_build...
2022-12-27T11:06:52.4284220Z 
2022-12-27T11:06:52.4287380Z + pip install Cython; if [[ -f requirements.txt ]]; then pip install -r requirements.txt; fi
2022-12-27T11:06:53.0137460Z Collecting Cython
2022-12-27T11:06:53.0181060Z   Using cached Cython-0.29.32-py2.py3-none-any.whl (986 kB)
2022-12-27T11:06:53.0597980Z Installing collected packages: Cython
2022-12-27T11:06:53.4755890Z Successfully installed Cython-0.29.32
2022-12-27T11:06:53.5211010Z ##[endgroup]
2022-12-27T11:06:53.5211970Z                                                               [32m✓ [0m1.09s
2022-12-27T11:06:53.5212600Z ##[group]Building wheel...
2022-12-27T11:06:53.5212730Z 
2022-12-27T11:06:53.5216310Z + python -m pip wheel /Users/runner/actions-runner/_work/python.build/python.build/build_lxml205311/lxml-2.0.5 --wheel-dir=/private/var/folders/51/hd414ycd67n82196sw51xqtc0000gn/T/cibw-run-ik3szbcf/cp311-macosx_arm64/built_wheel --no-deps -vvv
2022-12-27T11:06:53.7679970Z Created temporary directory: /private/var/folders/51/hd414ycd67n82196sw51xqtc0000gn/T/pip-ephem-wheel-cache-f1g5tne2
2022-12-27T11:06:53.7683530Z Created temporary directory: /private/var/folders/51/hd414ycd67n82196sw51xqtc0000gn/T/pip-build-tracker-9qcn7uuu
2022-12-27T11:06:53.7686750Z Initialized build tracking at /private/var/folders/51/hd414ycd67n82196sw51xqtc0000gn/T/pip-build-tracker-9qcn7uuu
2022-12-27T11:06:53.7689000Z Created build tracker: /private/var/folders/51/hd414ycd67n82196sw51xqtc0000gn/T/pip-build-tracker-9qcn7uuu
2022-12-27T11:06:53.7690820Z Entered build tracker: /private/var/folders/51/hd414ycd67n82196sw51xqtc0000gn/T/pip-build-tracker-9qcn7uuu
2022-12-27T11:06:53.7694050Z Created temporary directory: /private/var/folders/51/hd414ycd67n82196sw51xqtc0000gn/T/pip-wheel-fzcfl57d
2022-12-27T11:06:53.7699370Z Created temporary directory: /private/var/folders/51/hd414ycd67n82196sw51xqtc0000gn/T/pip-ephem-wheel-cache-91upr5uo
2022-12-27T11:06:53.7773110Z Processing /Users/runner/actions-runner/_work/python.build/python.build/build_lxml205311/lxml-2.0.5
2022-12-27T11:06:53.7777990Z   Added file:///Users/runner/actions-runner/_work/python.build/python.build/build_lxml205311/lxml-2.0.5 to build tracker '/private/var/folders/51/hd414ycd67n82196sw51xqtc0000gn/T/pip-build-tracker-9qcn7uuu'
2022-12-27T11:06:53.7781270Z   Running setup.py (path:/Users/runner/actions-runner/_work/python.build/python.build/build_lxml205311/lxml-2.0.5/setup.py) egg_info for package from file:///Users/runner/actions-runner/_work/python.build/python.build/build_lxml205311/lxml-2.0.5
2022-12-27T11:06:53.7784380Z   Created temporary directory: /private/var/folders/51/hd414ycd67n82196sw51xqtc0000gn/T/pip-pip-egg-info-5etf52zf
2022-12-27T11:06:53.7785710Z   Preparing metadata (setup.py): started
2022-12-27T11:06:53.7787520Z   Running command python setup.py egg_info
2022-12-27T11:06:54.0413690Z   Traceback (most recent call last):
2022-12-27T11:06:54.0423610Z     File "<string>", line 2, in <module>
2022-12-27T11:06:54.0424460Z     File "<pip-setuptools-caller>", line 34, in <module>
2022-12-27T11:06:54.0425250Z     File "/Users/runner/actions-runner/_work/python.build/python.build/build_lxml205311/lxml-2.0.5/setup.py", line 104, in <module>
2022-12-27T11:06:54.0425740Z       ext_modules = setupinfo.ext_modules(
2022-12-27T11:06:54.0426080Z                     ^^^^^^^^^^^^^^^^^^^^^^
2022-12-27T11:06:54.0426750Z     File "/Users/runner/actions-runner/_work/python.build/python.build/build_lxml205311/lxml-2.0.5/setupinfo.py", line 40, in ext_modules
2022-12-27T11:06:54.0427660Z       _include_dirs = include_dirs(static_include_dirs)
2022-12-27T11:06:54.0428120Z                       ^^^^^^^^^^^^^^^^^^^^^^^^^^^^^^^^^
2022-12-27T11:06:54.0429940Z     File "/Users/runner/actions-runner/_work/python.build/python.build/build_lxml205311/lxml-2.0.5/setupinfo.py", line 118, in include_dirs
2022-12-27T11:06:54.0431280Z       if possible_include_dir.startswith('-I'):
2022-12-27T11:06:54.0432610Z          ^^^^^^^^^^^^^^^^^^^^^^^^^^^^^^^^^^^^^
2022-12-27T11:06:54.0434380Z   TypeError: startswith first arg must be bytes or a tuple of bytes, not str
2022-12-27T11:06:54.0435770Z   Building lxml version 2.0.5.
2022-12-27T11:06:54.0437280Z   Building with Cython 0.29.32.
2022-12-27T11:06:54.0439020Z   Using build configuration of libxslt b'1.1.29'
2022-12-27T11:06:54.0829000Z   error: subprocess-exited-with-error
2022-12-27T11:06:54.0829490Z   
2022-12-27T11:06:54.0829900Z   × python setup.py egg_info did not run successfully.
2022-12-27T11:06:54.0830380Z   │ exit code: 1
2022-12-27T11:06:54.0831050Z   ╰─> See above for output.
2022-12-27T11:06:54.0831420Z   
2022-12-27T11:06:54.0831790Z   note: This error originates from a subprocess, and is likely not a problem with pip.
2022-12-27T11:06:54.0839330Z   full command: /private/var/folders/51/hd414ycd67n82196sw51xqtc0000gn/T/cibw-run-ik3szbcf/cp311-macosx_arm64/build/venv/bin/python -c '
2022-12-27T11:06:54.0840090Z   exec(compile('"'"''"'"''"'"'
2022-12-27T11:06:54.0840590Z   # This is <pip-setuptools-caller> -- a caller that pip uses to run setup.py
2022-12-27T11:06:54.0840920Z   #
2022-12-27T11:06:54.0841340Z   # - It imports setuptools before invoking setup.py, to enable projects that directly
2022-12-27T11:06:54.0841770Z   #   import from `distutils.core` to work with newer packaging standards.
2022-12-27T11:06:54.0842810Z   # - It provides a clear error message when setuptools is not installed.
2022-12-27T11:06:54.0843370Z   # - It sets `sys.argv[0]` to the underlying `setup.py`, when invoking `setup.py` so
2022-12-27T11:06:54.0843870Z   #   setuptools doesn'"'"'t think the script is `-c`. This avoids the following warning:
2022-12-27T11:06:54.0844350Z   #     manifest_maker: standard file '"'"'-c'"'"' not found".
2022-12-27T11:06:54.0844970Z   # - It generates a shim setup.py, for handling setup.cfg-only projects.
2022-12-27T11:06:54.0845280Z   import os, sys, tokenize
2022-12-27T11:06:54.0845540Z   
2022-12-27T11:06:54.0845780Z   try:
2022-12-27T11:06:54.0845990Z       import setuptools
2022-12-27T11:06:54.0846420Z   except ImportError as error:
2022-12-27T11:06:54.0846710Z       print(
2022-12-27T11:06:54.0847050Z           "ERROR: Can not execute `setup.py` since setuptools is not available in "
2022-12-27T11:06:54.0847350Z           "the build environment.",
2022-12-27T11:06:54.0847640Z           file=sys.stderr,
2022-12-27T11:06:54.0848040Z       )
2022-12-27T11:06:54.0848240Z       sys.exit(1)
2022-12-27T11:06:54.0848490Z   
2022-12-27T11:06:54.0848740Z   __file__ = %r
2022-12-27T11:06:54.0848960Z   sys.argv[0] = __file__
2022-12-27T11:06:54.0849270Z   
2022-12-27T11:06:54.0849450Z   if os.path.exists(__file__):
2022-12-27T11:06:54.0849610Z       filename = __file__
2022-12-27T11:06:54.0849800Z       with tokenize.open(__file__) as f:
2022-12-27T11:06:54.0850030Z           setup_py_code = f.read()
2022-12-27T11:06:54.0850170Z   else:
2022-12-27T11:06:54.0850470Z       filename = "<auto-generated setuptools caller>"
2022-12-27T11:06:54.0850710Z       setup_py_code = "from setuptools import setup; setup()"
2022-12-27T11:06:54.0850870Z   
2022-12-27T11:06:54.0851100Z   exec(compile(setup_py_code, filename, "exec"))
2022-12-27T11:06:54.0851610Z   '"'"''"'"''"'"' % ('"'"'/Users/runner/actions-runner/_work/python.build/python.build/build_lxml205311/lxml-2.0.5/setup.py'"'"',), "<pip-setuptools-caller>", "exec"))' egg_info --egg-base /private/var/folders/51/hd414ycd67n82196sw51xqtc0000gn/T/pip-pip-egg-info-5etf52zf
2022-12-27T11:06:54.0852080Z   cwd: /Users/runner/actions-runner/_work/python.build/python.build/build_lxml205311/lxml-2.0.5/
2022-12-27T11:06:54.0852640Z   Preparing metadata (setup.py): finished with status 'error'
2022-12-27T11:06:54.0856290Z error: metadata-generation-failed
2022-12-27T11:06:54.0856660Z 
2022-12-27T11:06:54.0856970Z × Encountered error while generating package metadata.
2022-12-27T11:06:54.0857360Z ╰─> See above for output.
2022-12-27T11:06:54.0857440Z 
2022-12-27T11:06:54.0857560Z note: This is an issue with the package mentioned above, not pip.
2022-12-27T11:06:54.0857810Z hint: See above for details.
2022-12-27T11:06:54.0887790Z Exception information:
2022-12-27T11:06:54.0888140Z Traceback (most recent call last):
2022-12-27T11:06:54.0889220Z   File "/private/var/folders/51/hd414ycd67n82196sw51xqtc0000gn/T/cibw-run-ik3szbcf/cp311-macosx_arm64/build/venv/lib/python3.11/site-packages/pip/_internal/operations/build/metadata_legacy.py", line 64, in generate_metadata
2022-12-27T11:06:54.0890000Z     call_subprocess(
2022-12-27T11:06:54.0891020Z   File "/private/var/folders/51/hd414ycd67n82196sw51xqtc0000gn/T/cibw-run-ik3szbcf/cp311-macosx_arm64/build/venv/lib/python3.11/site-packages/pip/_internal/utils/subprocess.py", line 224, in call_subprocess
2022-12-27T11:06:54.0891620Z     raise error
2022-12-27T11:06:54.0892380Z pip._internal.exceptions.InstallationSubprocessError: python setup.py egg_info exited with 1
2022-12-27T11:06:54.0892750Z 
2022-12-27T11:06:54.0892900Z The above exception was the direct cause of the following exception:
2022-12-27T11:06:54.0893130Z 
2022-12-27T11:06:54.0893280Z Traceback (most recent call last):
2022-12-27T11:06:54.0894520Z   File "/private/var/folders/51/hd414ycd67n82196sw51xqtc0000gn/T/cibw-run-ik3szbcf/cp311-macosx_arm64/build/venv/lib/python3.11/site-packages/pip/_internal/cli/base_command.py", line 160, in exc_logging_wrapper
2022-12-27T11:06:54.0895030Z     status = run_func(*args)
2022-12-27T11:06:54.0895530Z              ^^^^^^^^^^^^^^^
2022-12-27T11:06:54.0896400Z   File "/private/var/folders/51/hd414ycd67n82196sw51xqtc0000gn/T/cibw-run-ik3szbcf/cp311-macosx_arm64/build/venv/lib/python3.11/site-packages/pip/_internal/cli/req_command.py", line 247, in wrapper
2022-12-27T11:06:54.0896910Z     return func(self, options, args)
2022-12-27T11:06:54.0897210Z            ^^^^^^^^^^^^^^^^^^^^^^^^^
2022-12-27T11:06:54.0898170Z   File "/private/var/folders/51/hd414ycd67n82196sw51xqtc0000gn/T/cibw-run-ik3szbcf/cp311-macosx_arm64/build/venv/lib/python3.11/site-packages/pip/_internal/commands/wheel.py", line 170, in run
2022-12-27T11:06:54.0898780Z     requirement_set = resolver.resolve(reqs, check_supported_wheels=True)
2022-12-27T11:06:54.0899140Z                       ^^^^^^^^^^^^^^^^^^^^^^^^^^^^^^^^^^^^^^^^^^^^^^^^^^^
2022-12-27T11:06:54.0899840Z   File "/private/var/folders/51/hd414ycd67n82196sw51xqtc0000gn/T/cibw-run-ik3szbcf/cp311-macosx_arm64/build/venv/lib/python3.11/site-packages/pip/_internal/resolution/resolvelib/resolver.py", line 73, in resolve
2022-12-27T11:06:54.0900370Z     collected = self.factory.collect_root_requirements(root_reqs)
2022-12-27T11:06:54.0900720Z                 ^^^^^^^^^^^^^^^^^^^^^^^^^^^^^^^^^^^^^^^^^^^^^^^^^
2022-12-27T11:06:54.0901580Z   File "/private/var/folders/51/hd414ycd67n82196sw51xqtc0000gn/T/cibw-run-ik3szbcf/cp311-macosx_arm64/build/venv/lib/python3.11/site-packages/pip/_internal/resolution/resolvelib/factory.py", line 491, in collect_root_requirements
2022-12-27T11:06:54.0902110Z     req = self._make_requirement_from_install_req(
2022-12-27T11:06:54.0902380Z           ^^^^^^^^^^^^^^^^^^^^^^^^^^^^^^^^^^^^^^^^
2022-12-27T11:06:54.0903160Z   File "/private/var/folders/51/hd414ycd67n82196sw51xqtc0000gn/T/cibw-run-ik3szbcf/cp311-macosx_arm64/build/venv/lib/python3.11/site-packages/pip/_internal/resolution/resolvelib/factory.py", line 453, in _make_requirement_from_install_req
2022-12-27T11:06:54.0903760Z     cand = self._make_candidate_from_link(
2022-12-27T11:06:54.0904070Z            ^^^^^^^^^^^^^^^^^^^^^^^^^^^^^^^
2022-12-27T11:06:54.0904760Z   File "/private/var/folders/51/hd414ycd67n82196sw51xqtc0000gn/T/cibw-run-ik3szbcf/cp311-macosx_arm64/build/venv/lib/python3.11/site-packages/pip/_internal/resolution/resolvelib/factory.py", line 206, in _make_candidate_from_link
2022-12-27T11:06:54.0905550Z     self._link_candidate_cache[link] = LinkCandidate(
2022-12-27T11:06:54.0905880Z                                        ^^^^^^^^^^^^^^
2022-12-27T11:06:54.0906750Z   File "/private/var/folders/51/hd414ycd67n82196sw51xqtc0000gn/T/cibw-run-ik3szbcf/cp311-macosx_arm64/build/venv/lib/python3.11/site-packages/pip/_internal/resolution/resolvelib/candidates.py", line 297, in __init__
2022-12-27T11:06:54.0907210Z     super().__init__(
2022-12-27T11:06:54.0907880Z   File "/private/var/folders/51/hd414ycd67n82196sw51xqtc0000gn/T/cibw-run-ik3szbcf/cp311-macosx_arm64/build/venv/lib/python3.11/site-packages/pip/_internal/resolution/resolvelib/candidates.py", line 162, in __init__
2022-12-27T11:06:54.0908380Z     self.dist = self._prepare()
2022-12-27T11:06:54.0908750Z                 ^^^^^^^^^^^^^^^
2022-12-27T11:06:54.0909370Z   File "/private/var/folders/51/hd414ycd67n82196sw51xqtc0000gn/T/cibw-run-ik3szbcf/cp311-macosx_arm64/build/venv/lib/python3.11/site-packages/pip/_internal/resolution/resolvelib/candidates.py", line 231, in _prepare
2022-12-27T11:06:54.0909700Z     dist = self._prepare_distribution()
2022-12-27T11:06:54.0909860Z            ^^^^^^^^^^^^^^^^^^^^^^^^^^^^
2022-12-27T11:06:54.0910320Z   File "/private/var/folders/51/hd414ycd67n82196sw51xqtc0000gn/T/cibw-run-ik3szbcf/cp311-macosx_arm64/build/venv/lib/python3.11/site-packages/pip/_internal/resolution/resolvelib/candidates.py", line 308, in _prepare_distribution
2022-12-27T11:06:54.0910800Z     return preparer.prepare_linked_requirement(self._ireq, parallel_builds=True)
2022-12-27T11:06:54.0911050Z            ^^^^^^^^^^^^^^^^^^^^^^^^^^^^^^^^^^^^^^^^^^^^^^^^^^^^^^^^^^^^^^^^^^^^^
2022-12-27T11:06:54.0911680Z   File "/private/var/folders/51/hd414ycd67n82196sw51xqtc0000gn/T/cibw-run-ik3szbcf/cp311-macosx_arm64/build/venv/lib/python3.11/site-packages/pip/_internal/operations/prepare.py", line 491, in prepare_linked_requirement
2022-12-27T11:06:54.0912010Z     return self._prepare_linked_requirement(req, parallel_builds)
2022-12-27T11:06:54.0912310Z            ^^^^^^^^^^^^^^^^^^^^^^^^^^^^^^^^^^^^^^^^^^^^^^^^^^^^^^
2022-12-27T11:06:54.0912770Z   File "/private/var/folders/51/hd414ycd67n82196sw51xqtc0000gn/T/cibw-run-ik3szbcf/cp311-macosx_arm64/build/venv/lib/python3.11/site-packages/pip/_internal/operations/prepare.py", line 577, in _prepare_linked_requirement
2022-12-27T11:06:54.0913090Z     dist = _get_prepared_distribution(
2022-12-27T11:06:54.0913250Z            ^^^^^^^^^^^^^^^^^^^^^^^^^^^
2022-12-27T11:06:54.0913690Z   File "/private/var/folders/51/hd414ycd67n82196sw51xqtc0000gn/T/cibw-run-ik3szbcf/cp311-macosx_arm64/build/venv/lib/python3.11/site-packages/pip/_internal/operations/prepare.py", line 69, in _get_prepared_distribution
2022-12-27T11:06:54.0914070Z     abstract_dist.prepare_distribution_metadata(
2022-12-27T11:06:54.0914540Z   File "/private/var/folders/51/hd414ycd67n82196sw51xqtc0000gn/T/cibw-run-ik3szbcf/cp311-macosx_arm64/build/venv/lib/python3.11/site-packages/pip/_internal/distributions/sdist.py", line 61, in prepare_distribution_metadata
2022-12-27T11:06:54.0914860Z     self.req.prepare_metadata()
2022-12-27T11:06:54.0915260Z   File "/private/var/folders/51/hd414ycd67n82196sw51xqtc0000gn/T/cibw-run-ik3szbcf/cp311-macosx_arm64/build/venv/lib/python3.11/site-packages/pip/_internal/req/req_install.py", line 541, in prepare_metadata
2022-12-27T11:06:54.0976000Z     self.metadata_directory = generate_metadata_legacy(
2022-12-27T11:06:54.0976310Z                               ^^^^^^^^^^^^^^^^^^^^^^^^^
2022-12-27T11:06:54.0977280Z   File "/private/var/folders/51/hd414ycd67n82196sw51xqtc0000gn/T/cibw-run-ik3szbcf/cp311-macosx_arm64/build/venv/lib/python3.11/site-packages/pip/_internal/operations/build/metadata_legacy.py", line 71, in generate_metadata
2022-12-27T11:06:54.0977670Z     raise MetadataGenerationFailed(package_details=details) from error
2022-12-27T11:06:54.0977950Z pip._internal.exceptions.MetadataGenerationFailed: metadata generation failed
2022-12-27T11:06:54.0978860Z Removed file:///Users/runner/actions-runner/_work/python.build/python.build/build_lxml205311/lxml-2.0.5 from build tracker '/private/var/folders/51/hd414ycd67n82196sw51xqtc0000gn/T/pip-build-tracker-9qcn7uuu'
2022-12-27T11:06:54.0979290Z Removed build tracker: '/private/var/folders/51/hd414ycd67n82196sw51xqtc0000gn/T/pip-build-tracker-9qcn7uuu'
2022-12-27T11:06:54.1278170Z ##[endgroup]
2022-12-27T11:06:54.1301670Z ##[error]Command ['python', '-m', 'pip', 'wheel', '/Users/runner/actions-runner/_work/python.build/python.build/build_lxml205311/lxml-2.0.5', '--wheel-dir=/private/var/folders/51/hd414ycd67n82196sw51xqtc0000gn/T/cibw-run-ik3szbcf/cp311-macosx_arm64/built_wheel', '--no-deps', '-vvv'] failed with code 1. None
2022-12-27T11:06:54.1308580Z 
2022-12-27T11:06:54.1308850Z                                                               [31m✕ [0m0.61s
2022-12-27T11:06:54.1788500Z ##[error]Process completed with exit code 1.
2022-12-27T11:06:54.1821660Z ##[group]Run rm -rf build_lxml205311 wheelsout
2022-12-27T11:06:54.1821910Z [36;1mrm -rf build_lxml205311 wheelsout[0m
2022-12-27T11:06:54.1838030Z shell: /bin/bash -e {0}
2022-12-27T11:06:54.1838150Z env:
2022-12-27T11:06:54.1838350Z   pythonLocation: /Users/runner/hostedtoolcache/Python/3.11.1/x64
2022-12-27T11:06:54.1838570Z   PKG_CONFIG_PATH: /Users/runner/hostedtoolcache/Python/3.11.1/x64/lib/pkgconfig
2022-12-27T11:06:54.1838770Z   Python_ROOT_DIR: /Users/runner/hostedtoolcache/Python/3.11.1/x64
2022-12-27T11:06:54.1838940Z   Python2_ROOT_DIR: /Users/runner/hostedtoolcache/Python/3.11.1/x64
2022-12-27T11:06:54.1839170Z   Python3_ROOT_DIR: /Users/runner/hostedtoolcache/Python/3.11.1/x64
2022-12-27T11:06:54.1839350Z ##[endgroup]
2022-12-27T11:06:54.2322810Z Cleaning up orphan processes
