2022-12-27T01:57:08.8953918Z Requested labels: self-hosted, macOS, X64
2022-12-27T01:57:08.8954007Z Job defined at: kilnbuild/python.build/.github/workflows/mac_arm_build.yml@refs/heads/main
2022-12-27T01:57:08.8954041Z Waiting for a runner to pick up this job...
2022-12-27T02:54:20.3998899Z Job is about to start running on the runner: k2 (organization)
2022-12-27T02:54:21.6742940Z Current runner version: '2.300.2'
2022-12-27T02:54:21.6747830Z Runner name: 'k2'
2022-12-27T02:54:21.6748060Z Runner group name: 'Default'
2022-12-27T02:54:21.6748480Z Machine name: 'k2'
2022-12-27T02:54:21.6750010Z ##[group]GITHUB_TOKEN Permissions
2022-12-27T02:54:21.6750400Z Actions: write
2022-12-27T02:54:21.6750530Z Checks: write
2022-12-27T02:54:21.6750660Z Contents: write
2022-12-27T02:54:21.6750800Z Deployments: write
2022-12-27T02:54:21.6750940Z Discussions: write
2022-12-27T02:54:21.6751070Z Issues: write
2022-12-27T02:54:21.6751200Z Metadata: read
2022-12-27T02:54:21.6751330Z Packages: write
2022-12-27T02:54:21.6751460Z Pages: write
2022-12-27T02:54:21.6751600Z PullRequests: write
2022-12-27T02:54:21.6751750Z RepositoryProjects: write
2022-12-27T02:54:21.6751910Z SecurityEvents: write
2022-12-27T02:54:21.6752050Z Statuses: write
2022-12-27T02:54:21.6752180Z ##[endgroup]
2022-12-27T02:54:21.6754810Z Secret source: Actions
2022-12-27T02:54:21.6755120Z Prepare workflow directory
2022-12-27T02:54:21.7393240Z Prepare all required actions
2022-12-27T02:54:21.7510720Z Getting action download info
2022-12-27T02:54:22.1672750Z Download action repository 'actions/setup-python@v4' (SHA:5ccb29d8773c3f3f653e1705f474dfaa8a06a912)
2022-12-27T02:54:24.1581310Z Download action repository 'actions/upload-artifact@v3' (SHA:83fd05a356d7e2593de66fc9913b3002723633cb)
2022-12-27T02:54:25.4627850Z ##[group]Run echo '{
2022-12-27T02:54:25.4628100Z [36;1mecho '{[0m
2022-12-27T02:54:25.4628300Z [36;1m  "environment_variables": "GRPC_PYTHON_BUILD_WITH_CYTHON=1 GRPC_BUILD_WITH_BORING_SSL_ASM='' GRPC_PYTHON_BUILD_SYSTEM_OPENSSL=TRUE",[0m
2022-12-27T02:54:25.4628570Z [36;1m  "package_name": "grpcio",[0m
2022-12-27T02:54:25.4628840Z [36;1m  "package_url": "https://files.pythonhosted.org/packages/2e/d5/99d57e830347122d402a084b7ec18f9d1e2ef2b9a9254980b79a9a155631/grpcio-0.11.0b1.tar.gz",[0m
2022-12-27T02:54:25.4629140Z [36;1m  "package_version": "0.11.0b1",[0m
2022-12-27T02:54:25.4629260Z [36;1m  "python_version": "3.9",[0m
2022-12-27T02:54:25.4629440Z [36;1m  "use_ccache": "true"[0m
2022-12-27T02:54:25.4629610Z [36;1m}'[0m
2022-12-27T02:54:25.4644870Z shell: /bin/bash -e {0}
2022-12-27T02:54:25.4645100Z ##[endgroup]
2022-12-27T02:54:25.4867440Z {
2022-12-27T02:54:25.4868910Z   "environment_variables": "GRPC_PYTHON_BUILD_WITH_CYTHON=1 GRPC_BUILD_WITH_BORING_SSL_ASM= GRPC_PYTHON_BUILD_SYSTEM_OPENSSL=TRUE",
2022-12-27T02:54:25.4869210Z   "package_name": "grpcio",
2022-12-27T02:54:25.4869780Z   "package_url": "https://files.pythonhosted.org/packages/2e/d5/99d57e830347122d402a084b7ec18f9d1e2ef2b9a9254980b79a9a155631/grpcio-0.11.0b1.tar.gz",
2022-12-27T02:54:25.4870070Z   "package_version": "0.11.0b1",
2022-12-27T02:54:25.4870300Z   "python_version": "3.9",
2022-12-27T02:54:25.4870470Z   "use_ccache": "true"
2022-12-27T02:54:25.4870640Z }
2022-12-27T02:54:25.5078460Z ##[group]Run actions/setup-python@v4
2022-12-27T02:54:25.5078680Z with:
2022-12-27T02:54:25.5078920Z   python-version: 3.9
2022-12-27T02:54:25.5079110Z   check-latest: false
2022-12-27T02:54:25.5079390Z   token: ***
2022-12-27T02:54:25.5079580Z   update-environment: true
2022-12-27T02:54:25.5079780Z ##[endgroup]
2022-12-27T02:54:25.6301860Z ##[group]Installed versions
2022-12-27T02:54:25.6411130Z Successfully set up CPython (3.9.16)
2022-12-27T02:54:25.6412340Z ##[endgroup]
2022-12-27T02:54:25.6559170Z ##[group]Run if [ "true" == "true" ]
2022-12-27T02:54:25.6559520Z [36;1mif [ "true" == "true" ][0m
2022-12-27T02:54:25.6559710Z [36;1mthen[0m
2022-12-27T02:54:25.6559900Z [36;1m  echo "CCACHE_PATH_PREPEND=/usr/local/opt/ccache/libexec" >> $GITHUB_OUTPUT[0m
2022-12-27T02:54:25.6560110Z [36;1melse[0m
2022-12-27T02:54:25.6560300Z [36;1m  echo "CCACHE_PATH_PREPEND=" >> $GITHUB_OUTPUT[0m
2022-12-27T02:54:25.6560550Z [36;1mfi[0m
2022-12-27T02:54:25.6577130Z shell: /bin/bash -e {0}
2022-12-27T02:54:25.6577340Z env:
2022-12-27T02:54:25.6577660Z   pythonLocation: /Users/runner/hostedtoolcache/Python/3.9.16/x64
2022-12-27T02:54:25.6577900Z   PKG_CONFIG_PATH: /Users/runner/hostedtoolcache/Python/3.9.16/x64/lib/pkgconfig
2022-12-27T02:54:25.6578590Z   Python_ROOT_DIR: /Users/runner/hostedtoolcache/Python/3.9.16/x64
2022-12-27T02:54:25.6578850Z   Python2_ROOT_DIR: /Users/runner/hostedtoolcache/Python/3.9.16/x64
2022-12-27T02:54:25.6579110Z   Python3_ROOT_DIR: /Users/runner/hostedtoolcache/Python/3.9.16/x64
2022-12-27T02:54:25.6579380Z ##[endgroup]
2022-12-27T02:54:25.6689250Z ##[group]Run echo "BUILD_NAME=$(echo grpcio_0.11.0b1_3.9 | tr -dc '[:alnum:]\n\r' | tr '[:upper:]' '[:lower:]')" >> $GITHUB_OUTPUT
2022-12-27T02:54:25.6689710Z [36;1mecho "BUILD_NAME=$(echo grpcio_0.11.0b1_3.9 | tr -dc '[:alnum:]\n\r' | tr '[:upper:]' '[:lower:]')" >> $GITHUB_OUTPUT[0m
2022-12-27T02:54:25.6703240Z shell: /bin/bash -e {0}
2022-12-27T02:54:25.6703510Z env:
2022-12-27T02:54:25.6703690Z   pythonLocation: /Users/runner/hostedtoolcache/Python/3.9.16/x64
2022-12-27T02:54:25.6703950Z   PKG_CONFIG_PATH: /Users/runner/hostedtoolcache/Python/3.9.16/x64/lib/pkgconfig
2022-12-27T02:54:25.6704190Z   Python_ROOT_DIR: /Users/runner/hostedtoolcache/Python/3.9.16/x64
2022-12-27T02:54:25.6704440Z   Python2_ROOT_DIR: /Users/runner/hostedtoolcache/Python/3.9.16/x64
2022-12-27T02:54:25.6704720Z   Python3_ROOT_DIR: /Users/runner/hostedtoolcache/Python/3.9.16/x64
2022-12-27T02:54:25.6704930Z ##[endgroup]
2022-12-27T02:54:25.6848070Z ##[group]Run echo "PYTHON_NO_DOTS=$(echo 3.9 | tr -dc '[:alnum:]\n\r' | tr '[:upper:]' '[:lower:]')" >> $GITHUB_OUTPUT
2022-12-27T02:54:25.6848490Z [36;1mecho "PYTHON_NO_DOTS=$(echo 3.9 | tr -dc '[:alnum:]\n\r' | tr '[:upper:]' '[:lower:]')" >> $GITHUB_OUTPUT[0m
2022-12-27T02:54:25.6861950Z shell: /bin/bash -e {0}
2022-12-27T02:54:25.6862120Z env:
2022-12-27T02:54:25.6862400Z   pythonLocation: /Users/runner/hostedtoolcache/Python/3.9.16/x64
2022-12-27T02:54:25.6862670Z   PKG_CONFIG_PATH: /Users/runner/hostedtoolcache/Python/3.9.16/x64/lib/pkgconfig
2022-12-27T02:54:25.6862910Z   Python_ROOT_DIR: /Users/runner/hostedtoolcache/Python/3.9.16/x64
2022-12-27T02:54:25.6863140Z   Python2_ROOT_DIR: /Users/runner/hostedtoolcache/Python/3.9.16/x64
2022-12-27T02:54:25.6863400Z   Python3_ROOT_DIR: /Users/runner/hostedtoolcache/Python/3.9.16/x64
2022-12-27T02:54:25.6863580Z ##[endgroup]
2022-12-27T02:54:25.6971810Z ##[group]Run rm -rf build_grpcio0110b139
2022-12-27T02:54:25.6972150Z [36;1mrm -rf build_grpcio0110b139[0m
2022-12-27T02:54:25.6972350Z [36;1mmkdir build_grpcio0110b139[0m
2022-12-27T02:54:25.6972570Z [36;1mcd build_grpcio0110b139[0m
2022-12-27T02:54:25.6972860Z [36;1m/usr/local/bin/wget --quiet https://files.pythonhosted.org/packages/2e/d5/99d57e830347122d402a084b7ec18f9d1e2ef2b9a9254980b79a9a155631/grpcio-0.11.0b1.tar.gz[0m
2022-12-27T02:54:25.6973160Z [36;1mtar xf *.tar.gz[0m
2022-12-27T02:54:25.6973340Z [36;1mcd grpcio-*/[0m
2022-12-27T02:54:25.6973570Z [36;1mpython -m pip install cibuildwheel==2.11.3[0m
2022-12-27T02:54:25.6973770Z [36;1mpython -m cibuildwheel --output-dir ../wheelsout[0m
2022-12-27T02:54:25.6987320Z shell: /bin/bash -e {0}
2022-12-27T02:54:25.6987530Z env:
2022-12-27T02:54:25.6987750Z   pythonLocation: /Users/runner/hostedtoolcache/Python/3.9.16/x64
2022-12-27T02:54:25.6988080Z   PKG_CONFIG_PATH: /Users/runner/hostedtoolcache/Python/3.9.16/x64/lib/pkgconfig
2022-12-27T02:54:25.6988300Z   Python_ROOT_DIR: /Users/runner/hostedtoolcache/Python/3.9.16/x64
2022-12-27T02:54:25.6988540Z   Python2_ROOT_DIR: /Users/runner/hostedtoolcache/Python/3.9.16/x64
2022-12-27T02:54:25.6988790Z   Python3_ROOT_DIR: /Users/runner/hostedtoolcache/Python/3.9.16/x64
2022-12-27T02:54:25.6988970Z   CIBW_ARCHS_MACOS: arm64
2022-12-27T02:54:25.6989140Z   CIBW_TEST_SKIP: *_arm64
2022-12-27T02:54:25.6989320Z   CIBW_BUILD: cp39-macosx_arm64
2022-12-27T02:54:25.6989500Z   CIBW_BUILD_FRONTEND: pip
2022-12-27T02:54:25.6989690Z   CIBW_BUILD_VERBOSITY: 3
2022-12-27T02:54:25.6990070Z   CIBW_ENVIRONMENT_MACOS: GRPC_PYTHON_BUILD_WITH_CYTHON=1 GRPC_BUILD_WITH_BORING_SSL_ASM='' GRPC_PYTHON_BUILD_SYSTEM_OPENSSL=TRUE CFLAGS="-I/usr/local/opt/openssl@3/include" LDFLAGS="-L/usr/local/opt/openssl@3/lib" CPPFLAGS="-I/usr/local/opt/openssl@3/include" MAKEFLAGS="-j$(sysctl -n hw.logicalcpu)" PATH=/usr/local/opt/ccache/libexec:$PATH
2022-12-27T02:54:25.6990700Z   CIBW_BEFORE_BUILD: pip install Cython; if [[ -f requirements.txt ]]; then pip install -r requirements.txt; fi
2022-12-27T02:54:25.6990940Z   MAKEFLAGS: -j$(sysctl -n hw.logicalcpu)
2022-12-27T02:54:25.6991090Z ##[endgroup]
2022-12-27T02:54:26.0509540Z Requirement already satisfied: cibuildwheel==2.11.3 in /Users/runner/hostedtoolcache/Python/3.9.16/x64/lib/python3.9/site-packages (2.11.3)
2022-12-27T02:54:26.0752570Z Requirement already satisfied: filelock in /Users/runner/hostedtoolcache/Python/3.9.16/x64/lib/python3.9/site-packages (from cibuildwheel==2.11.3) (3.8.2)
2022-12-27T02:54:26.0757150Z Requirement already satisfied: packaging>=20.9 in /Users/runner/hostedtoolcache/Python/3.9.16/x64/lib/python3.9/site-packages (from cibuildwheel==2.11.3) (22.0)
2022-12-27T02:54:26.0766290Z Requirement already satisfied: typing-extensions>=4.1.0 in /Users/runner/hostedtoolcache/Python/3.9.16/x64/lib/python3.9/site-packages (from cibuildwheel==2.11.3) (4.4.0)
2022-12-27T02:54:26.0769730Z Requirement already satisfied: bracex in /Users/runner/hostedtoolcache/Python/3.9.16/x64/lib/python3.9/site-packages (from cibuildwheel==2.11.3) (2.3.post1)
2022-12-27T02:54:26.0775810Z Requirement already satisfied: tomli in /Users/runner/hostedtoolcache/Python/3.9.16/x64/lib/python3.9/site-packages (from cibuildwheel==2.11.3) (2.0.1)
2022-12-27T02:54:26.0780540Z Requirement already satisfied: bashlex!=0.13 in /Users/runner/hostedtoolcache/Python/3.9.16/x64/lib/python3.9/site-packages (from cibuildwheel==2.11.3) (0.16)
2022-12-27T02:54:26.0783660Z Requirement already satisfied: certifi in /Users/runner/hostedtoolcache/Python/3.9.16/x64/lib/python3.9/site-packages (from cibuildwheel==2.11.3) (2022.12.7)
2022-12-27T02:54:26.0787050Z Requirement already satisfied: platformdirs in /Users/runner/hostedtoolcache/Python/3.9.16/x64/lib/python3.9/site-packages (from cibuildwheel==2.11.3) (2.6.0)
2022-12-27T02:54:26.2404120Z 
2022-12-27T02:54:26.2404630Z      _ _       _ _   _       _           _
2022-12-27T02:54:26.2405250Z  ___|_| |_ _ _|_| |_| |_ _ _| |_ ___ ___| |
2022-12-27T02:54:26.2406720Z |  _| | . | | | | | . | | | |   | -_| -_| |
2022-12-27T02:54:26.2407220Z |___|_|___|___|_|_|___|_____|_|_|___|___|_|
2022-12-27T02:54:26.2407390Z 
2022-12-27T02:54:26.2407490Z cibuildwheel version 2.11.3
2022-12-27T02:54:26.2407670Z 
2022-12-27T02:54:26.2407790Z Build options:
2022-12-27T02:54:26.2408160Z   platform: macos
2022-12-27T02:54:26.2463900Z   architectures: arm64[0m
2022-12-27T02:54:26.2467950Z   build_selector: 
2022-12-27T02:54:26.2469540Z     build_config: cp39-macosx_arm64
2022-12-27T02:54:26.2469870Z     skip_config: 
2022-12-27T02:54:26.2470070Z     requires_python: None
2022-12-27T02:54:26.2470570Z     prerelease_pythons: False[0m
2022-12-27T02:54:26.2470920Z   [38;5;244mcontainer_engine: docker[0m
2022-12-27T02:54:26.2471440Z   output_dir: /Users/runner/actions-runner/_work/python.build/python.build/build_grpcio0110b139/wheelsout[0m
2022-12-27T02:54:26.2472100Z   package_dir: /Users/runner/actions-runner/_work/python.build/python.build/build_grpcio0110b139/grpcio-0.11.0b1[0m
2022-12-27T02:54:26.2472460Z   test_selector: 
2022-12-27T02:54:26.2472760Z     skip_config: *_arm64[0m
2022-12-27T02:54:26.2473170Z   [38;5;244mbefore_all: [0m
2022-12-27T02:54:26.2473620Z   before_build: pip install Cython; if [[ -f requirements.txt ]]; then pip install -r requirements.txt; fi[0m
2022-12-27T02:54:26.2474000Z   [38;5;244mbefore_test: [0m
2022-12-27T02:54:26.2474380Z   [38;5;244mbuild_frontend: pip[0m
2022-12-27T02:54:26.2474680Z   build_verbosity: 3[0m
2022-12-27T02:54:26.2475040Z   [38;5;244mconfig_settings: [0m
2022-12-27T02:54:26.2475560Z   [38;5;244mdependency_constraints: pinned[0m
2022-12-27T02:54:26.2475880Z   environment: 
2022-12-27T02:54:26.2476340Z     GRPC_PYTHON_BUILD_WITH_CYTHON=1
2022-12-27T02:54:26.2477490Z     GRPC_BUILD_WITH_BORING_SSL_ASM=''
2022-12-27T02:54:26.2478160Z     GRPC_PYTHON_BUILD_SYSTEM_OPENSSL=TRUE
2022-12-27T02:54:26.2479130Z     CFLAGS="-I/usr/local/opt/openssl@3/include"
2022-12-27T02:54:26.2479560Z     LDFLAGS="-L/usr/local/opt/openssl@3/lib"
2022-12-27T02:54:26.2479910Z     CPPFLAGS="-I/usr/local/opt/openssl@3/include"
2022-12-27T02:54:26.2480400Z     MAKEFLAGS="-j$(sysctl -n hw.logicalcpu)"
2022-12-27T02:54:26.2481070Z     PATH=/usr/local/opt/ccache/libexec:$PATH[0m
2022-12-27T02:54:26.2481430Z   [38;5;244mmanylinux_images: None[0m
2022-12-27T02:54:26.2481770Z   [38;5;244mmusllinux_images: None[0m
2022-12-27T02:54:26.2482230Z   [38;5;244mrepair_command: delocate-wheel --require-archs {delocate_archs} -w {dest_dir} -v {wheel}[0m
2022-12-27T02:54:26.2482830Z   [38;5;244mtest_command: [0m
2022-12-27T02:54:26.2483110Z   [38;5;244mtest_extras: [0m
2022-12-27T02:54:26.2483430Z   [38;5;244mtest_requires: [0m
2022-12-27T02:54:26.2483610Z 
2022-12-27T02:54:26.2483750Z Cache folder: /Users/runner/Library/Caches/cibuildwheel
2022-12-27T02:54:26.2493130Z 
2022-12-27T02:54:26.2493660Z Here we go!
2022-12-27T02:54:26.2494010Z 
2022-12-27T02:54:26.2623500Z 
2022-12-27T02:54:26.2624050Z [1m[34mBuilding cp39-macosx_arm64 wheel[0m
2022-12-27T02:54:26.2624520Z CPython 3.9 macOS arm64 - Apple Silicon
2022-12-27T02:54:26.2624740Z 
2022-12-27T02:54:26.2627290Z ##[group]Installing Python cp39...
2022-12-27T02:54:26.2627540Z 
2022-12-27T02:54:26.2627780Z + pkgutil --pkgs
2022-12-27T02:54:26.2727360Z ##[endgroup]
2022-12-27T02:54:26.2728400Z                                                               [32m✓ [0m0.01s
2022-12-27T02:54:26.2729080Z ##[group]Setting up build environment...
2022-12-27T02:54:26.2729260Z 
2022-12-27T02:54:26.2747570Z + /Users/runner/hostedtoolcache/Python/3.9.16/x64/bin/python -sS /Users/runner/Library/Caches/cibuildwheel/virtualenv-20.17.0.pyz --activators= --no-periodic-update --pip=22.3.1 --setuptools=65.6.3 --wheel=0.38.4 --symlink-app-data --python /Library/Frameworks/Python.framework/Versions/3.9/bin/python3 /private/var/folders/51/hd414ycd67n82196sw51xqtc0000gn/T/cibw-run-l0v0wihm/cp39-macosx_arm64/build/venv
2022-12-27T02:54:26.4625200Z created virtual environment CPython3.9.13.final.0-64 in 52ms
2022-12-27T02:54:26.4625930Z   creator CPython3Posix(dest=/private/var/folders/51/hd414ycd67n82196sw51xqtc0000gn/T/cibw-run-l0v0wihm/cp39-macosx_arm64/build/venv, clear=False, no_vcs_ignore=False, global=False)
2022-12-27T02:54:26.4626480Z   seeder FromAppData(download=False, pip=22.3.1, setuptools=65.6.3, wheel=0.38.4, via=symlink, app_data_dir=/Users/runner/Library/Application Support/virtualenv)
2022-12-27T02:54:26.4626810Z     added seed packages: pip==22.3.1, setuptools==65.6.3, wheel==0.38.4
2022-12-27T02:54:26.4724850Z + python -m pip install --upgrade pip -c /Users/runner/hostedtoolcache/Python/3.9.16/x64/lib/python3.9/site-packages/cibuildwheel/resources/constraints-python39.txt
2022-12-27T02:54:26.7709060Z Requirement already satisfied: pip in ./lib/python3.9/site-packages (22.3.1)
2022-12-27T02:54:26.9209250Z + which pip
2022-12-27T02:54:26.9228100Z /private/var/folders/51/hd414ycd67n82196sw51xqtc0000gn/T/cibw-run-l0v0wihm/cp39-macosx_arm64/build/venv/bin/pip
2022-12-27T02:54:26.9230630Z + pip --version
2022-12-27T02:54:27.1400670Z pip 22.3.1 from /private/var/folders/51/hd414ycd67n82196sw51xqtc0000gn/T/cibw-run-l0v0wihm/cp39-macosx_arm64/build/venv/lib/python3.9/site-packages/pip (python 3.9)
2022-12-27T02:54:27.1621130Z + which pip
2022-12-27T02:54:27.1649830Z + which python
2022-12-27T02:54:27.1668160Z /private/var/folders/51/hd414ycd67n82196sw51xqtc0000gn/T/cibw-run-l0v0wihm/cp39-macosx_arm64/build/venv/bin/python
2022-12-27T02:54:27.1670270Z + python --version
2022-12-27T02:54:27.1714890Z Python 3.9.13
2022-12-27T02:54:27.1717320Z + which python
2022-12-27T02:54:27.1772900Z ##[endgroup]
2022-12-27T02:54:27.1773580Z                                                               [32m✓ [0m0.90s
2022-12-27T02:54:27.1774340Z ##[group]Installing build tools...
2022-12-27T02:54:27.1774510Z 
2022-12-27T02:54:27.1774980Z + pip install --upgrade setuptools wheel delocate -c /Users/runner/hostedtoolcache/Python/3.9.16/x64/lib/python3.9/site-packages/cibuildwheel/resources/constraints-python39.txt
2022-12-27T02:54:27.4694310Z Requirement already satisfied: setuptools in /private/var/folders/51/hd414ycd67n82196sw51xqtc0000gn/T/cibw-run-l0v0wihm/cp39-macosx_arm64/build/venv/lib/python3.9/site-packages (65.6.3)
2022-12-27T02:54:27.7019940Z Requirement already satisfied: wheel in /private/var/folders/51/hd414ycd67n82196sw51xqtc0000gn/T/cibw-run-l0v0wihm/cp39-macosx_arm64/build/venv/lib/python3.9/site-packages (0.38.4)
2022-12-27T02:54:27.7998870Z Collecting delocate
2022-12-27T02:54:27.8024000Z   Using cached delocate-0.10.3-py3-none-any.whl (142 kB)
2022-12-27T02:54:27.8257130Z Collecting typing-extensions
2022-12-27T02:54:27.8279170Z   Using cached typing_extensions-4.4.0-py3-none-any.whl (26 kB)
2022-12-27T02:54:27.8538620Z Collecting packaging>=20.9
2022-12-27T02:54:27.8559740Z   Using cached packaging-21.3-py3-none-any.whl (40 kB)
2022-12-27T02:54:27.8955020Z Collecting pyparsing!=3.0.5,>=2.0.2
2022-12-27T02:54:27.8976000Z   Using cached pyparsing-3.0.9-py3-none-any.whl (98 kB)
2022-12-27T02:54:27.9349470Z Installing collected packages: typing-extensions, pyparsing, packaging, delocate
2022-12-27T02:54:28.0789790Z Successfully installed delocate-0.10.3 packaging-21.3 pyparsing-3.0.9 typing-extensions-4.4.0
2022-12-27T02:54:28.1240680Z ##[endgroup]
2022-12-27T02:54:28.1241430Z                                                               [32m✓ [0m0.95s
2022-12-27T02:54:28.1241860Z ##[group]Running before_build...
2022-12-27T02:54:28.1242110Z 
2022-12-27T02:54:28.1247040Z + pip install Cython; if [[ -f requirements.txt ]]; then pip install -r requirements.txt; fi
2022-12-27T02:54:28.8249550Z Collecting Cython
2022-12-27T02:54:28.8296580Z   Using cached Cython-0.29.32-py2.py3-none-any.whl (986 kB)
2022-12-27T02:54:28.8791990Z Installing collected packages: Cython
2022-12-27T02:54:29.3629490Z Successfully installed Cython-0.29.32
2022-12-27T02:54:29.7269600Z Collecting enum34>=1.0.4
2022-12-27T02:54:29.7292400Z   Using cached enum34-1.1.10-py3-none-any.whl (11 kB)
2022-12-27T02:54:29.7457270Z Collecting futures>=2.2.0
2022-12-27T02:54:29.7459320Z   Using cached futures-3.0.5-py3-none-any.whl
2022-12-27T02:54:29.7816490Z Installing collected packages: futures, enum34
2022-12-27T02:54:29.8050080Z Successfully installed enum34-1.1.10 futures-3.0.5
2022-12-27T02:54:29.8394780Z ##[endgroup]
2022-12-27T02:54:29.8395550Z                                                               [32m✓ [0m1.72s
2022-12-27T02:54:29.8396110Z ##[group]Building wheel...
2022-12-27T02:54:29.8396420Z 
2022-12-27T02:54:29.8400900Z + python -m pip wheel /Users/runner/actions-runner/_work/python.build/python.build/build_grpcio0110b139/grpcio-0.11.0b1 --wheel-dir=/private/var/folders/51/hd414ycd67n82196sw51xqtc0000gn/T/cibw-run-l0v0wihm/cp39-macosx_arm64/built_wheel --no-deps -vvv
2022-12-27T02:54:30.1117350Z Created temporary directory: /private/var/folders/51/hd414ycd67n82196sw51xqtc0000gn/T/pip-ephem-wheel-cache-62i2enxl
2022-12-27T02:54:30.1121410Z Created temporary directory: /private/var/folders/51/hd414ycd67n82196sw51xqtc0000gn/T/pip-build-tracker-crsxpb7o
2022-12-27T02:54:30.1123430Z Initialized build tracking at /private/var/folders/51/hd414ycd67n82196sw51xqtc0000gn/T/pip-build-tracker-crsxpb7o
2022-12-27T02:54:30.1124910Z Created build tracker: /private/var/folders/51/hd414ycd67n82196sw51xqtc0000gn/T/pip-build-tracker-crsxpb7o
2022-12-27T02:54:30.1126600Z Entered build tracker: /private/var/folders/51/hd414ycd67n82196sw51xqtc0000gn/T/pip-build-tracker-crsxpb7o
2022-12-27T02:54:30.1130030Z Created temporary directory: /private/var/folders/51/hd414ycd67n82196sw51xqtc0000gn/T/pip-wheel-5po01lo5
2022-12-27T02:54:30.1136260Z Created temporary directory: /private/var/folders/51/hd414ycd67n82196sw51xqtc0000gn/T/pip-ephem-wheel-cache-eb47tdoq
2022-12-27T02:54:30.1293890Z Processing /Users/runner/actions-runner/_work/python.build/python.build/build_grpcio0110b139/grpcio-0.11.0b1
2022-12-27T02:54:30.1299160Z   Added file:///Users/runner/actions-runner/_work/python.build/python.build/build_grpcio0110b139/grpcio-0.11.0b1 to build tracker '/private/var/folders/51/hd414ycd67n82196sw51xqtc0000gn/T/pip-build-tracker-crsxpb7o'
2022-12-27T02:54:30.1302810Z   Running setup.py (path:/Users/runner/actions-runner/_work/python.build/python.build/build_grpcio0110b139/grpcio-0.11.0b1/setup.py) egg_info for package from file:///Users/runner/actions-runner/_work/python.build/python.build/build_grpcio0110b139/grpcio-0.11.0b1
2022-12-27T02:54:30.1305990Z   Created temporary directory: /private/var/folders/51/hd414ycd67n82196sw51xqtc0000gn/T/pip-pip-egg-info-trhts01h
2022-12-27T02:54:30.1307630Z   Preparing metadata (setup.py): started
2022-12-27T02:54:30.1310250Z   Running command python setup.py egg_info
2022-12-27T02:54:30.3051900Z   /private/var/folders/51/hd414ycd67n82196sw51xqtc0000gn/T/cibw-run-l0v0wihm/cp39-macosx_arm64/build/venv/lib/python3.9/site-packages/setuptools/installer.py:27: SetuptoolsDeprecationWarning: setuptools.installer is deprecated. Requirements should be satisfied by a PEP 517 installer.
2022-12-27T02:54:30.3052730Z     warnings.warn(
2022-12-27T02:54:43.9481390Z   running egg_info
2022-12-27T02:54:43.9484240Z   creating /private/var/folders/51/hd414ycd67n82196sw51xqtc0000gn/T/pip-pip-egg-info-trhts01h/grpcio.egg-info
2022-12-27T02:54:43.9589980Z   writing /private/var/folders/51/hd414ycd67n82196sw51xqtc0000gn/T/pip-pip-egg-info-trhts01h/grpcio.egg-info/PKG-INFO
2022-12-27T02:54:43.9592110Z   writing dependency_links to /private/var/folders/51/hd414ycd67n82196sw51xqtc0000gn/T/pip-pip-egg-info-trhts01h/grpcio.egg-info/dependency_links.txt
2022-12-27T02:54:43.9596420Z   writing requirements to /private/var/folders/51/hd414ycd67n82196sw51xqtc0000gn/T/pip-pip-egg-info-trhts01h/grpcio.egg-info/requires.txt
2022-12-27T02:54:43.9598610Z   writing top-level names to /private/var/folders/51/hd414ycd67n82196sw51xqtc0000gn/T/pip-pip-egg-info-trhts01h/grpcio.egg-info/top_level.txt
2022-12-27T02:54:43.9600390Z   writing manifest file '/private/var/folders/51/hd414ycd67n82196sw51xqtc0000gn/T/pip-pip-egg-info-trhts01h/grpcio.egg-info/SOURCES.txt'
2022-12-27T02:54:44.0857170Z   reading manifest file '/private/var/folders/51/hd414ycd67n82196sw51xqtc0000gn/T/pip-pip-egg-info-trhts01h/grpcio.egg-info/SOURCES.txt'
2022-12-27T02:54:44.0859280Z   reading manifest template 'MANIFEST.in'
2022-12-27T02:54:44.0905470Z   writing manifest file '/private/var/folders/51/hd414ycd67n82196sw51xqtc0000gn/T/pip-pip-egg-info-trhts01h/grpcio.egg-info/SOURCES.txt'
2022-12-27T02:54:44.1187100Z   Preparing metadata (setup.py): finished with status 'done'
2022-12-27T02:54:44.1213490Z   Source in /Users/runner/actions-runner/_work/python.build/python.build/build_grpcio0110b139/grpcio-0.11.0b1 has version 0.11.0b1, which satisfies requirement grpcio==0.11.0b1 from file:///Users/runner/actions-runner/_work/python.build/python.build/build_grpcio0110b139/grpcio-0.11.0b1
2022-12-27T02:54:44.1217440Z   Removed grpcio==0.11.0b1 from file:///Users/runner/actions-runner/_work/python.build/python.build/build_grpcio0110b139/grpcio-0.11.0b1 from build tracker '/private/var/folders/51/hd414ycd67n82196sw51xqtc0000gn/T/pip-build-tracker-crsxpb7o'
2022-12-27T02:54:44.1235060Z Created temporary directory: /private/var/folders/51/hd414ycd67n82196sw51xqtc0000gn/T/pip-unpack-_q9up5c6
2022-12-27T02:54:44.1237640Z Building wheels for collected packages: grpcio
2022-12-27T02:54:44.1244020Z   Created temporary directory: /private/var/folders/51/hd414ycd67n82196sw51xqtc0000gn/T/pip-wheel-kdviqi0r
2022-12-27T02:54:44.1245630Z   Building wheel for grpcio (setup.py): started
2022-12-27T02:54:44.1247860Z   Destination directory: /private/var/folders/51/hd414ycd67n82196sw51xqtc0000gn/T/pip-wheel-kdviqi0r
2022-12-27T02:54:44.1249280Z   Running command python setup.py bdist_wheel
2022-12-27T02:54:44.3039420Z   /private/var/folders/51/hd414ycd67n82196sw51xqtc0000gn/T/cibw-run-l0v0wihm/cp39-macosx_arm64/build/venv/lib/python3.9/site-packages/setuptools/installer.py:27: SetuptoolsDeprecationWarning: setuptools.installer is deprecated. Requirements should be satisfied by a PEP 517 installer.
2022-12-27T02:54:44.3040720Z     warnings.warn(
2022-12-27T02:54:44.5394610Z   running bdist_wheel
2022-12-27T02:54:44.6669720Z   running build
2022-12-27T02:54:44.6672240Z   running build_py
2022-12-27T02:54:44.6674040Z   running build_project_metadata
2022-12-27T02:54:44.6677090Z   creating build
2022-12-27T02:54:44.6679520Z   creating build/lib.macosx-11.0-arm64-cpython-39
2022-12-27T02:54:44.6680910Z   creating build/lib.macosx-11.0-arm64-cpython-39/grpc
2022-12-27T02:54:44.6682770Z   copying ./grpc/__init__.py -> build/lib.macosx-11.0-arm64-cpython-39/grpc
2022-12-27T02:54:44.6684140Z   copying ./grpc/_grpcio_metadata.py -> build/lib.macosx-11.0-arm64-cpython-39/grpc
2022-12-27T02:54:44.6688870Z   creating build/lib.macosx-11.0-arm64-cpython-39/grpc/beta
2022-12-27T02:54:44.6690410Z   copying ./grpc/beta/interfaces.py -> build/lib.macosx-11.0-arm64-cpython-39/grpc/beta
2022-12-27T02:54:44.6693860Z   copying ./grpc/beta/_stub.py -> build/lib.macosx-11.0-arm64-cpython-39/grpc/beta
2022-12-27T02:54:44.6696300Z   copying ./grpc/beta/_connectivity_channel.py -> build/lib.macosx-11.0-arm64-cpython-39/grpc/beta
2022-12-27T02:54:44.6698500Z   copying ./grpc/beta/__init__.py -> build/lib.macosx-11.0-arm64-cpython-39/grpc/beta
2022-12-27T02:54:44.6701650Z   copying ./grpc/beta/utilities.py -> build/lib.macosx-11.0-arm64-cpython-39/grpc/beta
2022-12-27T02:54:44.6704120Z   copying ./grpc/beta/implementations.py -> build/lib.macosx-11.0-arm64-cpython-39/grpc/beta
2022-12-27T02:54:44.6706860Z   copying ./grpc/beta/_server.py -> build/lib.macosx-11.0-arm64-cpython-39/grpc/beta
2022-12-27T02:54:44.6711310Z   creating build/lib.macosx-11.0-arm64-cpython-39/grpc/framework
2022-12-27T02:54:44.6713930Z   copying ./grpc/framework/__init__.py -> build/lib.macosx-11.0-arm64-cpython-39/grpc/framework
2022-12-27T02:54:44.6718760Z   creating build/lib.macosx-11.0-arm64-cpython-39/grpc/_adapter
2022-12-27T02:54:44.6720590Z   copying ./grpc/_adapter/fore.py -> build/lib.macosx-11.0-arm64-cpython-39/grpc/_adapter
2022-12-27T02:54:44.6723200Z   copying ./grpc/_adapter/_types.py -> build/lib.macosx-11.0-arm64-cpython-39/grpc/_adapter
2022-12-27T02:54:44.6725040Z   copying ./grpc/_adapter/_intermediary_low.py -> build/lib.macosx-11.0-arm64-cpython-39/grpc/_adapter
2022-12-27T02:54:44.6727480Z   copying ./grpc/_adapter/_common.py -> build/lib.macosx-11.0-arm64-cpython-39/grpc/_adapter
2022-12-27T02:54:44.6730310Z   copying ./grpc/_adapter/__init__.py -> build/lib.macosx-11.0-arm64-cpython-39/grpc/_adapter
2022-12-27T02:54:44.6732860Z   copying ./grpc/_adapter/_low.py -> build/lib.macosx-11.0-arm64-cpython-39/grpc/_adapter
2022-12-27T02:54:44.6735150Z   copying ./grpc/_adapter/rear.py -> build/lib.macosx-11.0-arm64-cpython-39/grpc/_adapter
2022-12-27T02:54:44.6739480Z   creating build/lib.macosx-11.0-arm64-cpython-39/grpc/early_adopter
2022-12-27T02:54:44.6741470Z   copying ./grpc/early_adopter/__init__.py -> build/lib.macosx-11.0-arm64-cpython-39/grpc/early_adopter
2022-12-27T02:54:44.6743950Z   copying ./grpc/early_adopter/implementations.py -> build/lib.macosx-11.0-arm64-cpython-39/grpc/early_adopter
2022-12-27T02:54:44.6748420Z   creating build/lib.macosx-11.0-arm64-cpython-39/grpc/_links
2022-12-27T02:54:44.6750540Z   copying ./grpc/_links/_constants.py -> build/lib.macosx-11.0-arm64-cpython-39/grpc/_links
2022-12-27T02:54:44.6752740Z   copying ./grpc/_links/service.py -> build/lib.macosx-11.0-arm64-cpython-39/grpc/_links
2022-12-27T02:54:44.6756120Z   copying ./grpc/_links/__init__.py -> build/lib.macosx-11.0-arm64-cpython-39/grpc/_links
2022-12-27T02:54:44.6758320Z   copying ./grpc/_links/invocation.py -> build/lib.macosx-11.0-arm64-cpython-39/grpc/_links
2022-12-27T02:54:44.6766480Z   creating build/lib.macosx-11.0-arm64-cpython-39/grpc/framework/core
2022-12-27T02:54:44.6768500Z   copying ./grpc/framework/core/_constants.py -> build/lib.macosx-11.0-arm64-cpython-39/grpc/framework/core
2022-12-27T02:54:44.6770340Z   copying ./grpc/framework/core/_expiration.py -> build/lib.macosx-11.0-arm64-cpython-39/grpc/framework/core
2022-12-27T02:54:44.6773720Z   copying ./grpc/framework/core/_operation.py -> build/lib.macosx-11.0-arm64-cpython-39/grpc/framework/core
2022-12-27T02:54:44.6775860Z   copying ./grpc/framework/core/_transmission.py -> build/lib.macosx-11.0-arm64-cpython-39/grpc/framework/core
2022-12-27T02:54:44.6778740Z   copying ./grpc/framework/core/_reception.py -> build/lib.macosx-11.0-arm64-cpython-39/grpc/framework/core
2022-12-27T02:54:44.6780690Z   copying ./grpc/framework/core/_ingestion.py -> build/lib.macosx-11.0-arm64-cpython-39/grpc/framework/core
2022-12-27T02:54:44.6784000Z   copying ./grpc/framework/core/_termination.py -> build/lib.macosx-11.0-arm64-cpython-39/grpc/framework/core
2022-12-27T02:54:44.6786310Z   copying ./grpc/framework/core/__init__.py -> build/lib.macosx-11.0-arm64-cpython-39/grpc/framework/core
2022-12-27T02:54:44.6788850Z   copying ./grpc/framework/core/_interfaces.py -> build/lib.macosx-11.0-arm64-cpython-39/grpc/framework/core
2022-12-27T02:54:44.6791860Z   copying ./grpc/framework/core/_protocol.py -> build/lib.macosx-11.0-arm64-cpython-39/grpc/framework/core
2022-12-27T02:54:44.6794710Z   copying ./grpc/framework/core/_utilities.py -> build/lib.macosx-11.0-arm64-cpython-39/grpc/framework/core
2022-12-27T02:54:44.6796920Z   copying ./grpc/framework/core/_context.py -> build/lib.macosx-11.0-arm64-cpython-39/grpc/framework/core
2022-12-27T02:54:44.6799410Z   copying ./grpc/framework/core/_end.py -> build/lib.macosx-11.0-arm64-cpython-39/grpc/framework/core
2022-12-27T02:54:44.6802030Z   copying ./grpc/framework/core/_emission.py -> build/lib.macosx-11.0-arm64-cpython-39/grpc/framework/core
2022-12-27T02:54:44.6804720Z   copying ./grpc/framework/core/implementations.py -> build/lib.macosx-11.0-arm64-cpython-39/grpc/framework/core
2022-12-27T02:54:44.6811180Z   creating build/lib.macosx-11.0-arm64-cpython-39/grpc/framework/face
2022-12-27T02:54:44.6812700Z   copying ./grpc/framework/face/_service.py -> build/lib.macosx-11.0-arm64-cpython-39/grpc/framework/face
2022-12-27T02:54:44.6815370Z   copying ./grpc/framework/face/interfaces.py -> build/lib.macosx-11.0-arm64-cpython-39/grpc/framework/face
2022-12-27T02:54:44.6817930Z   copying ./grpc/framework/face/_control.py -> build/lib.macosx-11.0-arm64-cpython-39/grpc/framework/face
2022-12-27T02:54:44.6820850Z   copying ./grpc/framework/face/__init__.py -> build/lib.macosx-11.0-arm64-cpython-39/grpc/framework/face
2022-12-27T02:54:44.6887280Z   copying ./grpc/framework/face/demonstration.py -> build/lib.macosx-11.0-arm64-cpython-39/grpc/framework/face
2022-12-27T02:54:44.6887910Z   copying ./grpc/framework/face/_calls.py -> build/lib.macosx-11.0-arm64-cpython-39/grpc/framework/face
2022-12-27T02:54:44.6888590Z   copying ./grpc/framework/face/exceptions.py -> build/lib.macosx-11.0-arm64-cpython-39/grpc/framework/face
2022-12-27T02:54:44.6889480Z   copying ./grpc/framework/face/utilities.py -> build/lib.macosx-11.0-arm64-cpython-39/grpc/framework/face
2022-12-27T02:54:44.6890100Z   copying ./grpc/framework/face/implementations.py -> build/lib.macosx-11.0-arm64-cpython-39/grpc/framework/face
2022-12-27T02:54:44.6890590Z   creating build/lib.macosx-11.0-arm64-cpython-39/grpc/framework/foundation
2022-12-27T02:54:44.6890990Z   copying ./grpc/framework/foundation/callable_util.py -> build/lib.macosx-11.0-arm64-cpython-39/grpc/framework/foundation
2022-12-27T02:54:44.6891390Z   copying ./grpc/framework/foundation/abandonment.py -> build/lib.macosx-11.0-arm64-cpython-39/grpc/framework/foundation
2022-12-27T02:54:44.6891780Z   copying ./grpc/framework/foundation/__init__.py -> build/lib.macosx-11.0-arm64-cpython-39/grpc/framework/foundation
2022-12-27T02:54:44.6892190Z   copying ./grpc/framework/foundation/stream.py -> build/lib.macosx-11.0-arm64-cpython-39/grpc/framework/foundation
2022-12-27T02:54:44.6892690Z   copying ./grpc/framework/foundation/activated.py -> build/lib.macosx-11.0-arm64-cpython-39/grpc/framework/foundation
2022-12-27T02:54:44.6893320Z   copying ./grpc/framework/foundation/later.py -> build/lib.macosx-11.0-arm64-cpython-39/grpc/framework/foundation
2022-12-27T02:54:44.6893660Z   copying ./grpc/framework/foundation/relay.py -> build/lib.macosx-11.0-arm64-cpython-39/grpc/framework/foundation
2022-12-27T02:54:44.6893980Z   copying ./grpc/framework/foundation/stream_util.py -> build/lib.macosx-11.0-arm64-cpython-39/grpc/framework/foundation
2022-12-27T02:54:44.6894340Z   copying ./grpc/framework/foundation/future.py -> build/lib.macosx-11.0-arm64-cpython-39/grpc/framework/foundation
2022-12-27T02:54:44.6894650Z   copying ./grpc/framework/foundation/_timer_future.py -> build/lib.macosx-11.0-arm64-cpython-39/grpc/framework/foundation
2022-12-27T02:54:44.6895020Z   copying ./grpc/framework/foundation/logging_pool.py -> build/lib.macosx-11.0-arm64-cpython-39/grpc/framework/foundation
2022-12-27T02:54:44.6895290Z   creating build/lib.macosx-11.0-arm64-cpython-39/grpc/framework/common
2022-12-27T02:54:44.6895640Z   copying ./grpc/framework/common/style.py -> build/lib.macosx-11.0-arm64-cpython-39/grpc/framework/common
2022-12-27T02:54:44.6895970Z   copying ./grpc/framework/common/cardinality.py -> build/lib.macosx-11.0-arm64-cpython-39/grpc/framework/common
2022-12-27T02:54:44.6896320Z   copying ./grpc/framework/common/__init__.py -> build/lib.macosx-11.0-arm64-cpython-39/grpc/framework/common
2022-12-27T02:54:44.6896650Z   creating build/lib.macosx-11.0-arm64-cpython-39/grpc/framework/crust
2022-12-27T02:54:44.6896960Z   copying ./grpc/framework/crust/_service.py -> build/lib.macosx-11.0-arm64-cpython-39/grpc/framework/crust
2022-12-27T02:54:44.6897310Z   copying ./grpc/framework/crust/_control.py -> build/lib.macosx-11.0-arm64-cpython-39/grpc/framework/crust
2022-12-27T02:54:44.6897680Z   copying ./grpc/framework/crust/__init__.py -> build/lib.macosx-11.0-arm64-cpython-39/grpc/framework/crust
2022-12-27T02:54:44.6898080Z   copying ./grpc/framework/crust/_calls.py -> build/lib.macosx-11.0-arm64-cpython-39/grpc/framework/crust
2022-12-27T02:54:44.6899160Z   copying ./grpc/framework/crust/implementations.py -> build/lib.macosx-11.0-arm64-cpython-39/grpc/framework/crust
2022-12-27T02:54:44.6904690Z   creating build/lib.macosx-11.0-arm64-cpython-39/grpc/framework/alpha
2022-12-27T02:54:44.6906460Z   copying ./grpc/framework/alpha/interfaces.py -> build/lib.macosx-11.0-arm64-cpython-39/grpc/framework/alpha
2022-12-27T02:54:44.6908300Z   copying ./grpc/framework/alpha/_face_utilities.py -> build/lib.macosx-11.0-arm64-cpython-39/grpc/framework/alpha
2022-12-27T02:54:44.6911920Z   copying ./grpc/framework/alpha/__init__.py -> build/lib.macosx-11.0-arm64-cpython-39/grpc/framework/alpha
2022-12-27T02:54:44.6913970Z   copying ./grpc/framework/alpha/exceptions.py -> build/lib.macosx-11.0-arm64-cpython-39/grpc/framework/alpha
2022-12-27T02:54:44.6916490Z   copying ./grpc/framework/alpha/_reexport.py -> build/lib.macosx-11.0-arm64-cpython-39/grpc/framework/alpha
2022-12-27T02:54:44.6919170Z   copying ./grpc/framework/alpha/utilities.py -> build/lib.macosx-11.0-arm64-cpython-39/grpc/framework/alpha
2022-12-27T02:54:44.6927360Z   creating build/lib.macosx-11.0-arm64-cpython-39/grpc/framework/base
2022-12-27T02:54:44.6929030Z   copying ./grpc/framework/base/interfaces.py -> build/lib.macosx-11.0-arm64-cpython-39/grpc/framework/base
2022-12-27T02:54:44.6932110Z   copying ./grpc/framework/base/_constants.py -> build/lib.macosx-11.0-arm64-cpython-39/grpc/framework/base
2022-12-27T02:54:44.6934500Z   copying ./grpc/framework/base/_expiration.py -> build/lib.macosx-11.0-arm64-cpython-39/grpc/framework/base
2022-12-27T02:54:44.6936790Z   copying ./grpc/framework/base/_transmission.py -> build/lib.macosx-11.0-arm64-cpython-39/grpc/framework/base
2022-12-27T02:54:44.6939570Z   copying ./grpc/framework/base/_reception.py -> build/lib.macosx-11.0-arm64-cpython-39/grpc/framework/base
2022-12-27T02:54:44.6941990Z   copying ./grpc/framework/base/_ingestion.py -> build/lib.macosx-11.0-arm64-cpython-39/grpc/framework/base
2022-12-27T02:54:44.6945470Z   copying ./grpc/framework/base/util.py -> build/lib.macosx-11.0-arm64-cpython-39/grpc/framework/base
2022-12-27T02:54:44.6948490Z   copying ./grpc/framework/base/_termination.py -> build/lib.macosx-11.0-arm64-cpython-39/grpc/framework/base
2022-12-27T02:54:44.6951220Z   copying ./grpc/framework/base/null.py -> build/lib.macosx-11.0-arm64-cpython-39/grpc/framework/base
2022-12-27T02:54:44.6953570Z   copying ./grpc/framework/base/__init__.py -> build/lib.macosx-11.0-arm64-cpython-39/grpc/framework/base
2022-12-27T02:54:44.6955940Z   copying ./grpc/framework/base/_interfaces.py -> build/lib.macosx-11.0-arm64-cpython-39/grpc/framework/base
2022-12-27T02:54:44.6958340Z   copying ./grpc/framework/base/_context.py -> build/lib.macosx-11.0-arm64-cpython-39/grpc/framework/base
2022-12-27T02:54:44.6961420Z   copying ./grpc/framework/base/exceptions.py -> build/lib.macosx-11.0-arm64-cpython-39/grpc/framework/base
2022-12-27T02:54:44.6964100Z   copying ./grpc/framework/base/_ends.py -> build/lib.macosx-11.0-arm64-cpython-39/grpc/framework/base
2022-12-27T02:54:44.6966600Z   copying ./grpc/framework/base/_emission.py -> build/lib.macosx-11.0-arm64-cpython-39/grpc/framework/base
2022-12-27T02:54:44.6969480Z   copying ./grpc/framework/base/implementations.py -> build/lib.macosx-11.0-arm64-cpython-39/grpc/framework/base
2022-12-27T02:54:44.6971710Z   copying ./grpc/framework/base/in_memory.py -> build/lib.macosx-11.0-arm64-cpython-39/grpc/framework/base
2022-12-27T02:54:44.6974380Z   copying ./grpc/framework/base/_cancellation.py -> build/lib.macosx-11.0-arm64-cpython-39/grpc/framework/base
2022-12-27T02:54:44.6978690Z   creating build/lib.macosx-11.0-arm64-cpython-39/grpc/framework/interfaces
2022-12-27T02:54:44.6980400Z   copying ./grpc/framework/interfaces/__init__.py -> build/lib.macosx-11.0-arm64-cpython-39/grpc/framework/interfaces
2022-12-27T02:54:44.6984830Z   creating build/lib.macosx-11.0-arm64-cpython-39/grpc/framework/interfaces/face
2022-12-27T02:54:44.6986610Z   copying ./grpc/framework/interfaces/face/__init__.py -> build/lib.macosx-11.0-arm64-cpython-39/grpc/framework/interfaces/face
2022-12-27T02:54:44.6988690Z   copying ./grpc/framework/interfaces/face/utilities.py -> build/lib.macosx-11.0-arm64-cpython-39/grpc/framework/interfaces/face
2022-12-27T02:54:44.6991370Z   copying ./grpc/framework/interfaces/face/face.py -> build/lib.macosx-11.0-arm64-cpython-39/grpc/framework/interfaces/face
2022-12-27T02:54:44.6996730Z   creating build/lib.macosx-11.0-arm64-cpython-39/grpc/framework/interfaces/links
2022-12-27T02:54:44.6998240Z   copying ./grpc/framework/interfaces/links/__init__.py -> build/lib.macosx-11.0-arm64-cpython-39/grpc/framework/interfaces/links
2022-12-27T02:54:44.7000790Z   copying ./grpc/framework/interfaces/links/links.py -> build/lib.macosx-11.0-arm64-cpython-39/grpc/framework/interfaces/links
2022-12-27T02:54:44.7003930Z   copying ./grpc/framework/interfaces/links/utilities.py -> build/lib.macosx-11.0-arm64-cpython-39/grpc/framework/interfaces/links
2022-12-27T02:54:44.7008480Z   creating build/lib.macosx-11.0-arm64-cpython-39/grpc/framework/interfaces/base
2022-12-27T02:54:44.7010520Z   copying ./grpc/framework/interfaces/base/__init__.py -> build/lib.macosx-11.0-arm64-cpython-39/grpc/framework/interfaces/base
2022-12-27T02:54:44.7012560Z   copying ./grpc/framework/interfaces/base/utilities.py -> build/lib.macosx-11.0-arm64-cpython-39/grpc/framework/interfaces/base
2022-12-27T02:54:44.7015160Z   copying ./grpc/framework/interfaces/base/base.py -> build/lib.macosx-11.0-arm64-cpython-39/grpc/framework/interfaces/base
2022-12-27T02:54:44.7061840Z   running build_ext
2022-12-27T02:54:44.7355720Z   building 'grpc._adapter._c' extension
2022-12-27T02:54:44.7357470Z   creating build/temp.macosx-11.0-arm64-cpython-39
2022-12-27T02:54:44.7359460Z   creating build/temp.macosx-11.0-arm64-cpython-39/grpc
2022-12-27T02:54:44.7361190Z   creating build/temp.macosx-11.0-arm64-cpython-39/grpc/_adapter
2022-12-27T02:54:44.7362820Z   creating build/temp.macosx-11.0-arm64-cpython-39/grpc/_adapter/_c
2022-12-27T02:54:44.7364540Z   creating build/temp.macosx-11.0-arm64-cpython-39/grpc/_adapter/_c/types
2022-12-27T02:54:44.7367210Z   gcc -Wno-unused-result -Wsign-compare -Wunreachable-code -fno-common -dynamic -DNDEBUG -g -fwrapv -O3 -Wall -g -I/usr/local/opt/openssl@3/include -I/usr/local/opt/openssl@3/include -arch arm64 -I. -I/private/var/folders/51/hd414ycd67n82196sw51xqtc0000gn/T/cibw-run-l0v0wihm/cp39-macosx_arm64/build/venv/include -I/Library/Frameworks/Python.framework/Versions/3.9/include/python3.9 -c grpc/_adapter/_c/module.c -o build/temp.macosx-11.0-arm64-cpython-39/grpc/_adapter/_c/module.o
2022-12-27T02:54:44.8046860Z   grpc/_adapter/_c/module.c:38:10: fatal error: 'grpc/grpc.h' file not found
2022-12-27T02:54:44.8048490Z   #include <grpc/grpc.h>
2022-12-27T02:54:44.8050160Z            ^~~~~~~~~~~~~
2022-12-27T02:54:44.8052850Z   1 error generated.
2022-12-27T02:54:44.8072500Z   error: command '/usr/bin/gcc' failed with exit code 1
2022-12-27T02:54:44.8440700Z   error: subprocess-exited-with-error
2022-12-27T02:54:44.8441210Z   
2022-12-27T02:54:44.8441900Z   × python setup.py bdist_wheel did not run successfully.
2022-12-27T02:54:44.8442350Z   │ exit code: 1
2022-12-27T02:54:44.8442770Z   ╰─> See above for output.
2022-12-27T02:54:44.8443040Z   
2022-12-27T02:54:44.8443420Z   note: This error originates from a subprocess, and is likely not a problem with pip.
2022-12-27T02:54:44.8449900Z   full command: /private/var/folders/51/hd414ycd67n82196sw51xqtc0000gn/T/cibw-run-l0v0wihm/cp39-macosx_arm64/build/venv/bin/python -u -c '
2022-12-27T02:54:44.8450540Z   exec(compile('"'"''"'"''"'"'
2022-12-27T02:54:44.8451110Z   # This is <pip-setuptools-caller> -- a caller that pip uses to run setup.py
2022-12-27T02:54:44.8451470Z   #
2022-12-27T02:54:44.8451980Z   # - It imports setuptools before invoking setup.py, to enable projects that directly
2022-12-27T02:54:44.8452410Z   #   import from `distutils.core` to work with newer packaging standards.
2022-12-27T02:54:44.8452870Z   # - It provides a clear error message when setuptools is not installed.
2022-12-27T02:54:44.8453310Z   # - It sets `sys.argv[0]` to the underlying `setup.py`, when invoking `setup.py` so
2022-12-27T02:54:44.8454160Z   #   setuptools doesn'"'"'t think the script is `-c`. This avoids the following warning:
2022-12-27T02:54:44.8454690Z   #     manifest_maker: standard file '"'"'-c'"'"' not found".
2022-12-27T02:54:44.8455220Z   # - It generates a shim setup.py, for handling setup.cfg-only projects.
2022-12-27T02:54:44.8455590Z   import os, sys, tokenize
2022-12-27T02:54:44.8455880Z   
2022-12-27T02:54:44.8456040Z   try:
2022-12-27T02:54:44.8456260Z       import setuptools
2022-12-27T02:54:44.8456500Z   except ImportError as error:
2022-12-27T02:54:44.8456770Z       print(
2022-12-27T02:54:44.8457080Z           "ERROR: Can not execute `setup.py` since setuptools is not available in "
2022-12-27T02:54:44.8457340Z           "the build environment.",
2022-12-27T02:54:44.8457550Z           file=sys.stderr,
2022-12-27T02:54:44.8457760Z       )
2022-12-27T02:54:44.8457950Z       sys.exit(1)
2022-12-27T02:54:44.8458100Z   
2022-12-27T02:54:44.8458310Z   __file__ = %r
2022-12-27T02:54:44.8458520Z   sys.argv[0] = __file__
2022-12-27T02:54:44.8458710Z   
2022-12-27T02:54:44.8458940Z   if os.path.exists(__file__):
2022-12-27T02:54:44.8459170Z       filename = __file__
2022-12-27T02:54:44.8459350Z       with tokenize.open(__file__) as f:
2022-12-27T02:54:44.8459550Z           setup_py_code = f.read()
2022-12-27T02:54:44.8459750Z   else:
2022-12-27T02:54:44.8460020Z       filename = "<auto-generated setuptools caller>"
2022-12-27T02:54:44.8460290Z       setup_py_code = "from setuptools import setup; setup()"
2022-12-27T02:54:44.8460480Z   
2022-12-27T02:54:44.8460690Z   exec(compile(setup_py_code, filename, "exec"))
2022-12-27T02:54:44.8461280Z   '"'"''"'"''"'"' % ('"'"'/Users/runner/actions-runner/_work/python.build/python.build/build_grpcio0110b139/grpcio-0.11.0b1/setup.py'"'"',), "<pip-setuptools-caller>", "exec"))' bdist_wheel -d /private/var/folders/51/hd414ycd67n82196sw51xqtc0000gn/T/pip-wheel-kdviqi0r
2022-12-27T02:54:44.8462270Z   cwd: /Users/runner/actions-runner/_work/python.build/python.build/build_grpcio0110b139/grpcio-0.11.0b1/
2022-12-27T02:54:44.8462570Z   ERROR: Failed building wheel for grpcio
2022-12-27T02:54:44.8462800Z   Running command python setup.py clean
2022-12-27T02:54:44.8463100Z   Building wheel for grpcio (setup.py): finished with status 'error'
2022-12-27T02:54:44.8463340Z   Running setup.py clean for grpcio
2022-12-27T02:54:45.0201050Z   /private/var/folders/51/hd414ycd67n82196sw51xqtc0000gn/T/cibw-run-l0v0wihm/cp39-macosx_arm64/build/venv/lib/python3.9/site-packages/setuptools/installer.py:27: SetuptoolsDeprecationWarning: setuptools.installer is deprecated. Requirements should be satisfied by a PEP 517 installer.
2022-12-27T02:54:45.0201710Z     warnings.warn(
2022-12-27T02:54:45.2422280Z   running clean
2022-12-27T02:54:45.2617190Z   removing 'build/temp.macosx-11.0-arm64-cpython-39' (and everything under it)
2022-12-27T02:54:45.2621250Z   removing 'build/lib.macosx-11.0-arm64-cpython-39' (and everything under it)
2022-12-27T02:54:45.2721150Z   'build/bdist.macosx-11.0-arm64' does not exist -- can't clean it
2022-12-27T02:54:45.2723600Z   'build/scripts-3.9' does not exist -- can't clean it
2022-12-27T02:54:45.2725740Z   removing 'build'
2022-12-27T02:54:45.2914870Z Failed to build grpcio
2022-12-27T02:54:45.2920700Z ERROR: Failed to build one or more wheels
2022-12-27T02:54:45.2931080Z Exception information:
2022-12-27T02:54:45.2931410Z Traceback (most recent call last):
2022-12-27T02:54:45.2939410Z   File "/private/var/folders/51/hd414ycd67n82196sw51xqtc0000gn/T/cibw-run-l0v0wihm/cp39-macosx_arm64/build/venv/lib/python3.9/site-packages/pip/_internal/cli/base_command.py", line 160, in exc_logging_wrapper
2022-12-27T02:54:45.2939800Z     status = run_func(*args)
2022-12-27T02:54:45.2940350Z   File "/private/var/folders/51/hd414ycd67n82196sw51xqtc0000gn/T/cibw-run-l0v0wihm/cp39-macosx_arm64/build/venv/lib/python3.9/site-packages/pip/_internal/cli/req_command.py", line 247, in wrapper
2022-12-27T02:54:45.2940630Z     return func(self, options, args)
2022-12-27T02:54:45.2941370Z   File "/private/var/folders/51/hd414ycd67n82196sw51xqtc0000gn/T/cibw-run-l0v0wihm/cp39-macosx_arm64/build/venv/lib/python3.9/site-packages/pip/_internal/commands/wheel.py", line 201, in run
2022-12-27T02:54:45.2941740Z     raise CommandError("Failed to build one or more wheels")
2022-12-27T02:54:45.2941970Z pip._internal.exceptions.CommandError: Failed to build one or more wheels
2022-12-27T02:54:45.2942340Z Removed build tracker: '/private/var/folders/51/hd414ycd67n82196sw51xqtc0000gn/T/pip-build-tracker-crsxpb7o'
2022-12-27T02:54:45.3356270Z ##[endgroup]
2022-12-27T02:54:45.3381090Z ##[error]Command ['python', '-m', 'pip', 'wheel', '/Users/runner/actions-runner/_work/python.build/python.build/build_grpcio0110b139/grpcio-0.11.0b1', '--wheel-dir=/private/var/folders/51/hd414ycd67n82196sw51xqtc0000gn/T/cibw-run-l0v0wihm/cp39-macosx_arm64/built_wheel', '--no-deps', '-vvv'] failed with code 1. None
2022-12-27T02:54:45.3387210Z 
2022-12-27T02:54:45.3387560Z                                                              [31m✕ [0m15.50s
2022-12-27T02:54:45.3850890Z ##[error]Process completed with exit code 1.
2022-12-27T02:54:45.3883320Z ##[group]Run rm -rf build_grpcio0110b139 wheelsout
2022-12-27T02:54:45.3883510Z [36;1mrm -rf build_grpcio0110b139 wheelsout[0m
2022-12-27T02:54:45.3898360Z shell: /bin/bash -e {0}
2022-12-27T02:54:45.3898470Z env:
2022-12-27T02:54:45.3898630Z   pythonLocation: /Users/runner/hostedtoolcache/Python/3.9.16/x64
2022-12-27T02:54:45.3898830Z   PKG_CONFIG_PATH: /Users/runner/hostedtoolcache/Python/3.9.16/x64/lib/pkgconfig
2022-12-27T02:54:45.3899020Z   Python_ROOT_DIR: /Users/runner/hostedtoolcache/Python/3.9.16/x64
2022-12-27T02:54:45.3899200Z   Python2_ROOT_DIR: /Users/runner/hostedtoolcache/Python/3.9.16/x64
2022-12-27T02:54:45.3899380Z   Python3_ROOT_DIR: /Users/runner/hostedtoolcache/Python/3.9.16/x64
2022-12-27T02:54:45.3899520Z ##[endgroup]
2022-12-27T02:54:45.6257370Z Cleaning up orphan processes
