2022-12-27T01:55:02.1697432Z Requested labels: self-hosted, macOS, X64
2022-12-27T01:55:02.1697499Z Job defined at: kilnbuild/python.build/.github/workflows/mac_arm_build.yml@refs/heads/main
2022-12-27T01:55:02.1697531Z Waiting for a runner to pick up this job...
2022-12-27T02:23:11.6655092Z Job is about to start running on the runner: s1 (organization)
2022-12-27T02:23:15.3892040Z Current runner version: '2.300.2'
2022-12-27T02:23:15.3897230Z Runner name: 's1'
2022-12-27T02:23:15.3897480Z Runner group name: 'Default'
2022-12-27T02:23:15.3897930Z Machine name: 's1'
2022-12-27T02:23:15.3899460Z ##[group]GITHUB_TOKEN Permissions
2022-12-27T02:23:15.3899870Z Actions: write
2022-12-27T02:23:15.3900010Z Checks: write
2022-12-27T02:23:15.3900150Z Contents: write
2022-12-27T02:23:15.3900290Z Deployments: write
2022-12-27T02:23:15.3900430Z Discussions: write
2022-12-27T02:23:15.3900570Z Issues: write
2022-12-27T02:23:15.3900700Z Metadata: read
2022-12-27T02:23:15.3900830Z Packages: write
2022-12-27T02:23:15.3900980Z Pages: write
2022-12-27T02:23:15.3901120Z PullRequests: write
2022-12-27T02:23:15.3901280Z RepositoryProjects: write
2022-12-27T02:23:15.3901450Z SecurityEvents: write
2022-12-27T02:23:15.3901590Z Statuses: write
2022-12-27T02:23:15.3901730Z ##[endgroup]
2022-12-27T02:23:15.3904250Z Secret source: Actions
2022-12-27T02:23:15.3904580Z Prepare workflow directory
2022-12-27T02:23:15.4579530Z Prepare all required actions
2022-12-27T02:23:15.4704620Z Getting action download info
2022-12-27T02:23:15.9149430Z Download action repository 'actions/setup-python@v4' (SHA:5ccb29d8773c3f3f653e1705f474dfaa8a06a912)
2022-12-27T02:23:17.2227950Z Download action repository 'actions/upload-artifact@v3' (SHA:83fd05a356d7e2593de66fc9913b3002723633cb)
2022-12-27T02:23:18.5381110Z ##[group]Run echo '{
2022-12-27T02:23:18.5381460Z [36;1mecho '{[0m
2022-12-27T02:23:18.5381750Z [36;1m  "environment_variables": "GRPC_PYTHON_BUILD_WITH_CYTHON=1 GRPC_BUILD_WITH_BORING_SSL_ASM='' GRPC_PYTHON_BUILD_SYSTEM_OPENSSL=TRUE",[0m
2022-12-27T02:23:18.5382000Z [36;1m  "package_name": "grpcio",[0m
2022-12-27T02:23:18.5382280Z [36;1m  "package_url": "https://files.pythonhosted.org/packages/ec/d1/4d3853097df7304a93053bc6ead69a776c4279b3271defddcd75b2118bbc/grpcio-0.4.0a2.tar.gz",[0m
2022-12-27T02:23:18.5382540Z [36;1m  "package_version": "0.4.0a2",[0m
2022-12-27T02:23:18.5382670Z [36;1m  "python_version": "3.8",[0m
2022-12-27T02:23:18.5382790Z [36;1m  "use_ccache": "true"[0m
2022-12-27T02:23:18.5382900Z [36;1m}'[0m
2022-12-27T02:23:18.5399120Z shell: /bin/bash -e {0}
2022-12-27T02:23:18.5399280Z ##[endgroup]
2022-12-27T02:23:18.5616180Z {
2022-12-27T02:23:18.5617700Z   "environment_variables": "GRPC_PYTHON_BUILD_WITH_CYTHON=1 GRPC_BUILD_WITH_BORING_SSL_ASM= GRPC_PYTHON_BUILD_SYSTEM_OPENSSL=TRUE",
2022-12-27T02:23:18.5618000Z   "package_name": "grpcio",
2022-12-27T02:23:18.5618910Z   "package_url": "https://files.pythonhosted.org/packages/ec/d1/4d3853097df7304a93053bc6ead69a776c4279b3271defddcd75b2118bbc/grpcio-0.4.0a2.tar.gz",
2022-12-27T02:23:18.5619220Z   "package_version": "0.4.0a2",
2022-12-27T02:23:18.5619380Z   "python_version": "3.8",
2022-12-27T02:23:18.5619560Z   "use_ccache": "true"
2022-12-27T02:23:18.5619720Z }
2022-12-27T02:23:18.5840910Z ##[group]Run actions/setup-python@v4
2022-12-27T02:23:18.5841180Z with:
2022-12-27T02:23:18.5841370Z   python-version: 3.8
2022-12-27T02:23:18.5841530Z   check-latest: false
2022-12-27T02:23:18.5841850Z   token: ***
2022-12-27T02:23:18.5842110Z   update-environment: true
2022-12-27T02:23:18.5842300Z ##[endgroup]
2022-12-27T02:23:18.7094300Z ##[group]Installed versions
2022-12-27T02:23:18.7118430Z Successfully set up CPython (3.8.15)
2022-12-27T02:23:18.7119180Z ##[endgroup]
2022-12-27T02:23:18.7267430Z ##[group]Run if [ "true" == "true" ]
2022-12-27T02:23:18.7267760Z [36;1mif [ "true" == "true" ][0m
2022-12-27T02:23:18.7267970Z [36;1mthen[0m
2022-12-27T02:23:18.7268190Z [36;1m  echo "CCACHE_PATH_PREPEND=/usr/local/opt/ccache/libexec" >> $GITHUB_OUTPUT[0m
2022-12-27T02:23:18.7268400Z [36;1melse[0m
2022-12-27T02:23:18.7268570Z [36;1m  echo "CCACHE_PATH_PREPEND=" >> $GITHUB_OUTPUT[0m
2022-12-27T02:23:18.7268750Z [36;1mfi[0m
2022-12-27T02:23:18.7285670Z shell: /bin/bash -e {0}
2022-12-27T02:23:18.7285850Z env:
2022-12-27T02:23:18.7286090Z   pythonLocation: /Users/runner/hostedtoolcache/Python/3.8.15/x64
2022-12-27T02:23:18.7286420Z   PKG_CONFIG_PATH: /Users/runner/hostedtoolcache/Python/3.8.15/x64/lib/pkgconfig
2022-12-27T02:23:18.7286940Z   Python_ROOT_DIR: /Users/runner/hostedtoolcache/Python/3.8.15/x64
2022-12-27T02:23:18.7287160Z   Python2_ROOT_DIR: /Users/runner/hostedtoolcache/Python/3.8.15/x64
2022-12-27T02:23:18.7287440Z   Python3_ROOT_DIR: /Users/runner/hostedtoolcache/Python/3.8.15/x64
2022-12-27T02:23:18.7287770Z ##[endgroup]
2022-12-27T02:23:18.7395230Z ##[group]Run echo "BUILD_NAME=$(echo grpcio_0.4.0a2_3.8 | tr -dc '[:alnum:]\n\r' | tr '[:upper:]' '[:lower:]')" >> $GITHUB_OUTPUT
2022-12-27T02:23:18.7395780Z [36;1mecho "BUILD_NAME=$(echo grpcio_0.4.0a2_3.8 | tr -dc '[:alnum:]\n\r' | tr '[:upper:]' '[:lower:]')" >> $GITHUB_OUTPUT[0m
2022-12-27T02:23:18.7410150Z shell: /bin/bash -e {0}
2022-12-27T02:23:18.7410360Z env:
2022-12-27T02:23:18.7410680Z   pythonLocation: /Users/runner/hostedtoolcache/Python/3.8.15/x64
2022-12-27T02:23:18.7410930Z   PKG_CONFIG_PATH: /Users/runner/hostedtoolcache/Python/3.8.15/x64/lib/pkgconfig
2022-12-27T02:23:18.7411200Z   Python_ROOT_DIR: /Users/runner/hostedtoolcache/Python/3.8.15/x64
2022-12-27T02:23:18.7411490Z   Python2_ROOT_DIR: /Users/runner/hostedtoolcache/Python/3.8.15/x64
2022-12-27T02:23:18.7411750Z   Python3_ROOT_DIR: /Users/runner/hostedtoolcache/Python/3.8.15/x64
2022-12-27T02:23:18.7411990Z ##[endgroup]
2022-12-27T02:23:18.7549700Z ##[group]Run echo "PYTHON_NO_DOTS=$(echo 3.8 | tr -dc '[:alnum:]\n\r' | tr '[:upper:]' '[:lower:]')" >> $GITHUB_OUTPUT
2022-12-27T02:23:18.7550080Z [36;1mecho "PYTHON_NO_DOTS=$(echo 3.8 | tr -dc '[:alnum:]\n\r' | tr '[:upper:]' '[:lower:]')" >> $GITHUB_OUTPUT[0m
2022-12-27T02:23:18.7564420Z shell: /bin/bash -e {0}
2022-12-27T02:23:18.7564600Z env:
2022-12-27T02:23:18.7564780Z   pythonLocation: /Users/runner/hostedtoolcache/Python/3.8.15/x64
2022-12-27T02:23:18.7565010Z   PKG_CONFIG_PATH: /Users/runner/hostedtoolcache/Python/3.8.15/x64/lib/pkgconfig
2022-12-27T02:23:18.7565260Z   Python_ROOT_DIR: /Users/runner/hostedtoolcache/Python/3.8.15/x64
2022-12-27T02:23:18.7565500Z   Python2_ROOT_DIR: /Users/runner/hostedtoolcache/Python/3.8.15/x64
2022-12-27T02:23:18.7566190Z   Python3_ROOT_DIR: /Users/runner/hostedtoolcache/Python/3.8.15/x64
2022-12-27T02:23:18.7566400Z ##[endgroup]
2022-12-27T02:23:18.7678190Z ##[group]Run rm -rf build_grpcio040a238
2022-12-27T02:23:18.7678540Z [36;1mrm -rf build_grpcio040a238[0m
2022-12-27T02:23:18.7678790Z [36;1mmkdir build_grpcio040a238[0m
2022-12-27T02:23:18.7678980Z [36;1mcd build_grpcio040a238[0m
2022-12-27T02:23:18.7679290Z [36;1m/usr/local/bin/wget --quiet https://files.pythonhosted.org/packages/ec/d1/4d3853097df7304a93053bc6ead69a776c4279b3271defddcd75b2118bbc/grpcio-0.4.0a2.tar.gz[0m
2022-12-27T02:23:18.7679530Z [36;1mtar xf *.tar.gz[0m
2022-12-27T02:23:18.7679770Z [36;1mcd grpcio-*/[0m
2022-12-27T02:23:18.7679980Z [36;1mpython -m pip install cibuildwheel==2.11.3[0m
2022-12-27T02:23:18.7680170Z [36;1mpython -m cibuildwheel --output-dir ../wheelsout[0m
2022-12-27T02:23:18.7694950Z shell: /bin/bash -e {0}
2022-12-27T02:23:18.7695200Z env:
2022-12-27T02:23:18.7695440Z   pythonLocation: /Users/runner/hostedtoolcache/Python/3.8.15/x64
2022-12-27T02:23:18.7695740Z   PKG_CONFIG_PATH: /Users/runner/hostedtoolcache/Python/3.8.15/x64/lib/pkgconfig
2022-12-27T02:23:18.7695970Z   Python_ROOT_DIR: /Users/runner/hostedtoolcache/Python/3.8.15/x64
2022-12-27T02:23:18.7696250Z   Python2_ROOT_DIR: /Users/runner/hostedtoolcache/Python/3.8.15/x64
2022-12-27T02:23:18.7696490Z   Python3_ROOT_DIR: /Users/runner/hostedtoolcache/Python/3.8.15/x64
2022-12-27T02:23:18.7696700Z   CIBW_ARCHS_MACOS: arm64
2022-12-27T02:23:18.7696840Z   CIBW_TEST_SKIP: *_arm64
2022-12-27T02:23:18.7697040Z   CIBW_BUILD: cp38-macosx_arm64
2022-12-27T02:23:18.7697230Z   CIBW_BUILD_FRONTEND: pip
2022-12-27T02:23:18.7697380Z   CIBW_BUILD_VERBOSITY: 3
2022-12-27T02:23:18.7697760Z   CIBW_ENVIRONMENT_MACOS: GRPC_PYTHON_BUILD_WITH_CYTHON=1 GRPC_BUILD_WITH_BORING_SSL_ASM='' GRPC_PYTHON_BUILD_SYSTEM_OPENSSL=TRUE CFLAGS="-I/usr/local/opt/openssl@3/include" LDFLAGS="-L/usr/local/opt/openssl@3/lib" CPPFLAGS="-I/usr/local/opt/openssl@3/include" MAKEFLAGS="-j$(sysctl -n hw.logicalcpu)" PATH=/usr/local/opt/ccache/libexec:$PATH
2022-12-27T02:23:18.7698360Z   CIBW_BEFORE_BUILD: pip install Cython; if [[ -f requirements.txt ]]; then pip install -r requirements.txt; fi
2022-12-27T02:23:18.7698640Z   MAKEFLAGS: -j$(sysctl -n hw.logicalcpu)
2022-12-27T02:23:18.7698790Z ##[endgroup]
2022-12-27T02:23:19.1100180Z Requirement already satisfied: cibuildwheel==2.11.3 in /Users/runner/hostedtoolcache/Python/3.8.15/x64/lib/python3.8/site-packages (2.11.3)
2022-12-27T02:23:19.1445290Z Requirement already satisfied: bracex in /Users/runner/hostedtoolcache/Python/3.8.15/x64/lib/python3.8/site-packages (from cibuildwheel==2.11.3) (2.3.post1)
2022-12-27T02:23:19.1453820Z Requirement already satisfied: typing-extensions>=4.1.0 in /Users/runner/hostedtoolcache/Python/3.8.15/x64/lib/python3.8/site-packages (from cibuildwheel==2.11.3) (4.4.0)
2022-12-27T02:23:19.1458890Z Requirement already satisfied: bashlex!=0.13 in /Users/runner/hostedtoolcache/Python/3.8.15/x64/lib/python3.8/site-packages (from cibuildwheel==2.11.3) (0.16)
2022-12-27T02:23:19.1465140Z Requirement already satisfied: packaging>=20.9 in /Users/runner/hostedtoolcache/Python/3.8.15/x64/lib/python3.8/site-packages (from cibuildwheel==2.11.3) (22.0)
2022-12-27T02:23:19.1468660Z Requirement already satisfied: filelock in /Users/runner/hostedtoolcache/Python/3.8.15/x64/lib/python3.8/site-packages (from cibuildwheel==2.11.3) (3.8.2)
2022-12-27T02:23:19.1474440Z Requirement already satisfied: tomli in /Users/runner/hostedtoolcache/Python/3.8.15/x64/lib/python3.8/site-packages (from cibuildwheel==2.11.3) (2.0.1)
2022-12-27T02:23:19.1477890Z Requirement already satisfied: platformdirs in /Users/runner/hostedtoolcache/Python/3.8.15/x64/lib/python3.8/site-packages (from cibuildwheel==2.11.3) (2.6.0)
2022-12-27T02:23:19.1481310Z Requirement already satisfied: certifi in /Users/runner/hostedtoolcache/Python/3.8.15/x64/lib/python3.8/site-packages (from cibuildwheel==2.11.3) (2022.12.7)
2022-12-27T02:23:19.3181480Z 
2022-12-27T02:23:19.3181800Z      _ _       _ _   _       _           _
2022-12-27T02:23:19.3182110Z  ___|_| |_ _ _|_| |_| |_ _ _| |_ ___ ___| |
2022-12-27T02:23:19.3183150Z |  _| | . | | | | | . | | | |   | -_| -_| |
2022-12-27T02:23:19.3183480Z |___|_|___|___|_|_|___|_____|_|_|___|___|_|
2022-12-27T02:23:19.3183630Z 
2022-12-27T02:23:19.3183740Z cibuildwheel version 2.11.3
2022-12-27T02:23:19.3183880Z 
2022-12-27T02:23:19.3183990Z Build options:
2022-12-27T02:23:19.3184170Z   platform: macos
2022-12-27T02:23:19.3269420Z   architectures: arm64[0m
2022-12-27T02:23:19.3269710Z   build_selector: 
2022-12-27T02:23:19.3270080Z     build_config: cp38-macosx_arm64
2022-12-27T02:23:19.3270280Z     skip_config: 
2022-12-27T02:23:19.3270510Z     requires_python: None
2022-12-27T02:23:19.3270880Z     prerelease_pythons: False[0m
2022-12-27T02:23:19.3271160Z   [38;5;244mcontainer_engine: docker[0m
2022-12-27T02:23:19.3271580Z   output_dir: /Users/runner/actions-runner/_work/python.build/python.build/build_grpcio040a238/wheelsout[0m
2022-12-27T02:23:19.3272140Z   package_dir: /Users/runner/actions-runner/_work/python.build/python.build/build_grpcio040a238/grpcio-0.4.0a2[0m
2022-12-27T02:23:19.3272400Z   test_selector: 
2022-12-27T02:23:19.3272740Z     skip_config: *_arm64[0m
2022-12-27T02:23:19.3273020Z   [38;5;244mbefore_all: [0m
2022-12-27T02:23:19.3273410Z   before_build: pip install Cython; if [[ -f requirements.txt ]]; then pip install -r requirements.txt; fi[0m
2022-12-27T02:23:19.3273720Z   [38;5;244mbefore_test: [0m
2022-12-27T02:23:19.3274040Z   [38;5;244mbuild_frontend: pip[0m
2022-12-27T02:23:19.3274320Z   build_verbosity: 3[0m
2022-12-27T02:23:19.3274560Z   [38;5;244mconfig_settings: [0m
2022-12-27T02:23:19.3274890Z   [38;5;244mdependency_constraints: pinned[0m
2022-12-27T02:23:19.3275130Z   environment: 
2022-12-27T02:23:19.3275360Z     GRPC_PYTHON_BUILD_WITH_CYTHON=1
2022-12-27T02:23:19.3275640Z     GRPC_BUILD_WITH_BORING_SSL_ASM=''
2022-12-27T02:23:19.3275890Z     GRPC_PYTHON_BUILD_SYSTEM_OPENSSL=TRUE
2022-12-27T02:23:19.3276510Z     CFLAGS="-I/usr/local/opt/openssl@3/include"
2022-12-27T02:23:19.3276850Z     LDFLAGS="-L/usr/local/opt/openssl@3/lib"
2022-12-27T02:23:19.3277240Z     CPPFLAGS="-I/usr/local/opt/openssl@3/include"
2022-12-27T02:23:19.3277540Z     MAKEFLAGS="-j$(sysctl -n hw.logicalcpu)"
2022-12-27T02:23:19.3277880Z     PATH=/usr/local/opt/ccache/libexec:$PATH[0m
2022-12-27T02:23:19.3278190Z   [38;5;244mmanylinux_images: None[0m
2022-12-27T02:23:19.3278520Z   [38;5;244mmusllinux_images: None[0m
2022-12-27T02:23:19.3278880Z   [38;5;244mrepair_command: delocate-wheel --require-archs {delocate_archs} -w {dest_dir} -v {wheel}[0m
2022-12-27T02:23:19.3279230Z   [38;5;244mtest_command: [0m
2022-12-27T02:23:19.3279510Z   [38;5;244mtest_extras: [0m
2022-12-27T02:23:19.3279750Z   [38;5;244mtest_requires: [0m
2022-12-27T02:23:19.3279890Z 
2022-12-27T02:23:19.3280080Z Cache folder: /Users/runner/Library/Caches/cibuildwheel
2022-12-27T02:23:19.3293100Z 
2022-12-27T02:23:19.3293330Z Here we go!
2022-12-27T02:23:19.3293460Z 
2022-12-27T02:23:19.3362600Z 
2022-12-27T02:23:19.3363210Z [1m[34mBuilding cp38-macosx_arm64 wheel[0m
2022-12-27T02:23:19.3363620Z CPython 3.8 macOS arm64 - Apple Silicon
2022-12-27T02:23:19.3363790Z 
2022-12-27T02:23:19.3366520Z ##[group]Installing Python cp38...
2022-12-27T02:23:19.3366710Z 
2022-12-27T02:23:19.3367250Z + pkgutil --pkgs
2022-12-27T02:23:19.3465450Z ##[endgroup]
2022-12-27T02:23:19.3466290Z                                                               [32m✓ [0m0.01s
2022-12-27T02:23:19.3466840Z ##[group]Setting up build environment...
2022-12-27T02:23:19.3466970Z 
2022-12-27T02:23:19.3487220Z + /Users/runner/hostedtoolcache/Python/3.8.15/x64/bin/python -sS /Users/runner/Library/Caches/cibuildwheel/virtualenv-20.17.0.pyz --activators= --no-periodic-update --pip=22.3.1 --setuptools=65.6.3 --wheel=0.38.4 --symlink-app-data --python /Library/Frameworks/Python.framework/Versions/3.8/bin/python3 /private/var/folders/51/hd414ycd67n82196sw51xqtc0000gn/T/cibw-run-d_8n7n34/cp38-macosx_arm64/build/venv
2022-12-27T02:23:19.5394620Z created virtual environment CPython3.8.10.final.0-64 in 47ms
2022-12-27T02:23:19.5395740Z   creator CPython3Posix(dest=/private/var/folders/51/hd414ycd67n82196sw51xqtc0000gn/T/cibw-run-d_8n7n34/cp38-macosx_arm64/build/venv, clear=False, no_vcs_ignore=False, global=False)
2022-12-27T02:23:19.5396300Z   seeder FromAppData(download=False, pip=22.3.1, setuptools=65.6.3, wheel=0.38.4, via=symlink, app_data_dir=/Users/runner/Library/Application Support/virtualenv)
2022-12-27T02:23:19.5396740Z     added seed packages: pip==22.3.1, setuptools==65.6.3, wheel==0.38.4
2022-12-27T02:23:19.5517630Z + python -m pip install --upgrade pip -c /Users/runner/hostedtoolcache/Python/3.8.15/x64/lib/python3.8/site-packages/cibuildwheel/resources/constraints-python38.txt
2022-12-27T02:23:19.8720910Z Requirement already satisfied: pip in ./lib/python3.8/site-packages (22.3.1)
2022-12-27T02:23:20.0152690Z + which pip
2022-12-27T02:23:20.0169160Z /private/var/folders/51/hd414ycd67n82196sw51xqtc0000gn/T/cibw-run-d_8n7n34/cp38-macosx_arm64/build/venv/bin/pip
2022-12-27T02:23:20.0171650Z + pip --version
2022-12-27T02:23:20.2487940Z pip 22.3.1 from /private/var/folders/51/hd414ycd67n82196sw51xqtc0000gn/T/cibw-run-d_8n7n34/cp38-macosx_arm64/build/venv/lib/python3.8/site-packages/pip (python 3.8)
2022-12-27T02:23:20.2709320Z + which pip
2022-12-27T02:23:20.2737830Z + which python
2022-12-27T02:23:20.2757130Z /private/var/folders/51/hd414ycd67n82196sw51xqtc0000gn/T/cibw-run-d_8n7n34/cp38-macosx_arm64/build/venv/bin/python
2022-12-27T02:23:20.2759580Z + python --version
2022-12-27T02:23:20.2807170Z Python 3.8.10
2022-12-27T02:23:20.2809900Z + which python
2022-12-27T02:23:20.2864300Z ##[endgroup]
2022-12-27T02:23:20.2864750Z                                                               [32m✓ [0m0.94s
2022-12-27T02:23:20.2865210Z ##[group]Installing build tools...
2022-12-27T02:23:20.2865420Z 
2022-12-27T02:23:20.2865830Z + pip install --upgrade setuptools wheel delocate -c /Users/runner/hostedtoolcache/Python/3.8.15/x64/lib/python3.8/site-packages/cibuildwheel/resources/constraints-python38.txt
2022-12-27T02:23:20.5931930Z Requirement already satisfied: setuptools in /private/var/folders/51/hd414ycd67n82196sw51xqtc0000gn/T/cibw-run-d_8n7n34/cp38-macosx_arm64/build/venv/lib/python3.8/site-packages (65.6.3)
2022-12-27T02:23:20.8212550Z Requirement already satisfied: wheel in /private/var/folders/51/hd414ycd67n82196sw51xqtc0000gn/T/cibw-run-d_8n7n34/cp38-macosx_arm64/build/venv/lib/python3.8/site-packages (0.38.4)
2022-12-27T02:23:20.8704870Z Collecting delocate
2022-12-27T02:23:20.8729190Z   Using cached delocate-0.10.3-py3-none-any.whl (142 kB)
2022-12-27T02:23:20.8966600Z Collecting typing-extensions
2022-12-27T02:23:20.8987520Z   Using cached typing_extensions-4.4.0-py3-none-any.whl (26 kB)
2022-12-27T02:23:20.9239440Z Collecting packaging>=20.9
2022-12-27T02:23:20.9261660Z   Using cached packaging-21.3-py3-none-any.whl (40 kB)
2022-12-27T02:23:20.9647380Z Collecting pyparsing!=3.0.5,>=2.0.2
2022-12-27T02:23:20.9668990Z   Using cached pyparsing-3.0.9-py3-none-any.whl (98 kB)
2022-12-27T02:23:21.0050400Z Installing collected packages: typing-extensions, pyparsing, packaging, delocate
2022-12-27T02:23:21.1399500Z Successfully installed delocate-0.10.3 packaging-21.3 pyparsing-3.0.9 typing-extensions-4.4.0
2022-12-27T02:23:21.1808490Z ##[endgroup]
2022-12-27T02:23:21.1809070Z                                                               [32m✓ [0m0.89s
2022-12-27T02:23:21.1809420Z ##[group]Running before_build...
2022-12-27T02:23:21.1809540Z 
2022-12-27T02:23:21.1815130Z + pip install Cython; if [[ -f requirements.txt ]]; then pip install -r requirements.txt; fi
2022-12-27T02:23:21.8651340Z Collecting Cython
2022-12-27T02:23:21.8699520Z   Using cached Cython-0.29.32-py2.py3-none-any.whl (986 kB)
2022-12-27T02:23:21.9155490Z Installing collected packages: Cython
2022-12-27T02:23:22.3604650Z Successfully installed Cython-0.29.32
2022-12-27T02:23:22.4002870Z ##[endgroup]
2022-12-27T02:23:22.4003950Z                                                               [32m✓ [0m1.22s
2022-12-27T02:23:22.4004430Z ##[group]Building wheel...
2022-12-27T02:23:22.4004890Z 
2022-12-27T02:23:22.4008880Z + python -m pip wheel /Users/runner/actions-runner/_work/python.build/python.build/build_grpcio040a238/grpcio-0.4.0a2 --wheel-dir=/private/var/folders/51/hd414ycd67n82196sw51xqtc0000gn/T/cibw-run-d_8n7n34/cp38-macosx_arm64/built_wheel --no-deps -vvv
2022-12-27T02:23:22.6883530Z Created temporary directory: /private/var/folders/51/hd414ycd67n82196sw51xqtc0000gn/T/pip-ephem-wheel-cache-04j55y52
2022-12-27T02:23:22.6888650Z Created temporary directory: /private/var/folders/51/hd414ycd67n82196sw51xqtc0000gn/T/pip-build-tracker-263lbiq1
2022-12-27T02:23:22.6890620Z Initialized build tracking at /private/var/folders/51/hd414ycd67n82196sw51xqtc0000gn/T/pip-build-tracker-263lbiq1
2022-12-27T02:23:22.6892190Z Created build tracker: /private/var/folders/51/hd414ycd67n82196sw51xqtc0000gn/T/pip-build-tracker-263lbiq1
2022-12-27T02:23:22.6893800Z Entered build tracker: /private/var/folders/51/hd414ycd67n82196sw51xqtc0000gn/T/pip-build-tracker-263lbiq1
2022-12-27T02:23:22.6897280Z Created temporary directory: /private/var/folders/51/hd414ycd67n82196sw51xqtc0000gn/T/pip-wheel-hejnyzem
2022-12-27T02:23:22.6903890Z Created temporary directory: /private/var/folders/51/hd414ycd67n82196sw51xqtc0000gn/T/pip-ephem-wheel-cache-qnkh20ql
2022-12-27T02:23:22.6987630Z Processing /Users/runner/actions-runner/_work/python.build/python.build/build_grpcio040a238/grpcio-0.4.0a2
2022-12-27T02:23:22.6993330Z   Added file:///Users/runner/actions-runner/_work/python.build/python.build/build_grpcio040a238/grpcio-0.4.0a2 to build tracker '/private/var/folders/51/hd414ycd67n82196sw51xqtc0000gn/T/pip-build-tracker-263lbiq1'
2022-12-27T02:23:22.6996830Z   Running setup.py (path:/Users/runner/actions-runner/_work/python.build/python.build/build_grpcio040a238/grpcio-0.4.0a2/setup.py) egg_info for package from file:///Users/runner/actions-runner/_work/python.build/python.build/build_grpcio040a238/grpcio-0.4.0a2
2022-12-27T02:23:22.7000130Z   Created temporary directory: /private/var/folders/51/hd414ycd67n82196sw51xqtc0000gn/T/pip-pip-egg-info-iw1o6_2c
2022-12-27T02:23:22.7001810Z   Preparing metadata (setup.py): started
2022-12-27T02:23:22.7003720Z   Running command python setup.py egg_info
2022-12-27T02:23:22.8854270Z   running egg_info
2022-12-27T02:23:22.8856620Z   creating /private/var/folders/51/hd414ycd67n82196sw51xqtc0000gn/T/pip-pip-egg-info-iw1o6_2c/grpcio.egg-info
2022-12-27T02:23:22.8863080Z   writing /private/var/folders/51/hd414ycd67n82196sw51xqtc0000gn/T/pip-pip-egg-info-iw1o6_2c/grpcio.egg-info/PKG-INFO
2022-12-27T02:23:22.8867010Z   writing dependency_links to /private/var/folders/51/hd414ycd67n82196sw51xqtc0000gn/T/pip-pip-egg-info-iw1o6_2c/grpcio.egg-info/dependency_links.txt
2022-12-27T02:23:22.8870740Z   writing requirements to /private/var/folders/51/hd414ycd67n82196sw51xqtc0000gn/T/pip-pip-egg-info-iw1o6_2c/grpcio.egg-info/requires.txt
2022-12-27T02:23:22.8872860Z   writing top-level names to /private/var/folders/51/hd414ycd67n82196sw51xqtc0000gn/T/pip-pip-egg-info-iw1o6_2c/grpcio.egg-info/top_level.txt
2022-12-27T02:23:22.8878060Z   writing manifest file '/private/var/folders/51/hd414ycd67n82196sw51xqtc0000gn/T/pip-pip-egg-info-iw1o6_2c/grpcio.egg-info/SOURCES.txt'
2022-12-27T02:23:22.9858310Z   reading manifest file '/private/var/folders/51/hd414ycd67n82196sw51xqtc0000gn/T/pip-pip-egg-info-iw1o6_2c/grpcio.egg-info/SOURCES.txt'
2022-12-27T02:23:22.9860720Z   reading manifest template 'MANIFEST.in'
2022-12-27T02:23:22.9894100Z   writing manifest file '/private/var/folders/51/hd414ycd67n82196sw51xqtc0000gn/T/pip-pip-egg-info-iw1o6_2c/grpcio.egg-info/SOURCES.txt'
2022-12-27T02:23:23.0095030Z   Preparing metadata (setup.py): finished with status 'done'
2022-12-27T02:23:23.0121020Z   Source in /Users/runner/actions-runner/_work/python.build/python.build/build_grpcio040a238/grpcio-0.4.0a2 has version 0.4.0a2, which satisfies requirement grpcio==0.4.0a2 from file:///Users/runner/actions-runner/_work/python.build/python.build/build_grpcio040a238/grpcio-0.4.0a2
2022-12-27T02:23:23.0125090Z   Removed grpcio==0.4.0a2 from file:///Users/runner/actions-runner/_work/python.build/python.build/build_grpcio040a238/grpcio-0.4.0a2 from build tracker '/private/var/folders/51/hd414ycd67n82196sw51xqtc0000gn/T/pip-build-tracker-263lbiq1'
2022-12-27T02:23:23.0238430Z Created temporary directory: /private/var/folders/51/hd414ycd67n82196sw51xqtc0000gn/T/pip-unpack-9t58we6l
2022-12-27T02:23:23.0240710Z Building wheels for collected packages: grpcio
2022-12-27T02:23:23.0248010Z   Created temporary directory: /private/var/folders/51/hd414ycd67n82196sw51xqtc0000gn/T/pip-wheel-mjvu11x9
2022-12-27T02:23:23.0249940Z   Building wheel for grpcio (setup.py): started
2022-12-27T02:23:23.0252150Z   Destination directory: /private/var/folders/51/hd414ycd67n82196sw51xqtc0000gn/T/pip-wheel-mjvu11x9
2022-12-27T02:23:23.0253950Z   Running command python setup.py bdist_wheel
2022-12-27T02:23:23.2137270Z   running bdist_wheel
2022-12-27T02:23:23.3024920Z   running build
2022-12-27T02:23:23.3027010Z   running build_py
2022-12-27T02:23:23.3045070Z   creating build
2022-12-27T02:23:23.3047700Z   creating build/lib.macosx-11.0-arm64-cpython-38
2022-12-27T02:23:23.3050150Z   creating build/lib.macosx-11.0-arm64-cpython-38/grpc
2022-12-27T02:23:23.3052770Z   copying grpc/__init__.py -> build/lib.macosx-11.0-arm64-cpython-38/grpc
2022-12-27T02:23:23.3058310Z   creating build/lib.macosx-11.0-arm64-cpython-38/grpc/_adapter
2022-12-27T02:23:23.3060550Z   copying grpc/_adapter/fore.py -> build/lib.macosx-11.0-arm64-cpython-38/grpc/_adapter
2022-12-27T02:23:23.3062830Z   copying grpc/_adapter/_event_invocation_synchronous_event_service_test.py -> build/lib.macosx-11.0-arm64-cpython-38/grpc/_adapter
2022-12-27T02:23:23.3065270Z   copying grpc/_adapter/_lonely_rear_link_test.py -> build/lib.macosx-11.0-arm64-cpython-38/grpc/_adapter
2022-12-27T02:23:23.3068940Z   copying grpc/_adapter/_face_test_case.py -> build/lib.macosx-11.0-arm64-cpython-38/grpc/_adapter
2022-12-27T02:23:23.3071410Z   copying grpc/_adapter/_future_invocation_asynchronous_event_service_test.py -> build/lib.macosx-11.0-arm64-cpython-38/grpc/_adapter
2022-12-27T02:23:23.3073510Z   copying grpc/_adapter/_common.py -> build/lib.macosx-11.0-arm64-cpython-38/grpc/_adapter
2022-12-27T02:23:23.3076150Z   copying grpc/_adapter/__init__.py -> build/lib.macosx-11.0-arm64-cpython-38/grpc/_adapter
2022-12-27T02:23:23.3078740Z   copying grpc/_adapter/_low.py -> build/lib.macosx-11.0-arm64-cpython-38/grpc/_adapter
2022-12-27T02:23:23.3082200Z   copying grpc/_adapter/_blocking_invocation_inline_service_test.py -> build/lib.macosx-11.0-arm64-cpython-38/grpc/_adapter
2022-12-27T02:23:23.3084460Z   copying grpc/_adapter/_test_links.py -> build/lib.macosx-11.0-arm64-cpython-38/grpc/_adapter
2022-12-27T02:23:23.3086990Z   copying grpc/_adapter/rear.py -> build/lib.macosx-11.0-arm64-cpython-38/grpc/_adapter
2022-12-27T02:23:23.3089810Z   copying grpc/_adapter/_proto_scenarios.py -> build/lib.macosx-11.0-arm64-cpython-38/grpc/_adapter
2022-12-27T02:23:23.3092530Z   copying grpc/_adapter/_low_test.py -> build/lib.macosx-11.0-arm64-cpython-38/grpc/_adapter
2022-12-27T02:23:23.3094920Z   copying grpc/_adapter/_datatypes.py -> build/lib.macosx-11.0-arm64-cpython-38/grpc/_adapter
2022-12-27T02:23:23.3098120Z   copying grpc/_adapter/_links_test.py -> build/lib.macosx-11.0-arm64-cpython-38/grpc/_adapter
2022-12-27T02:23:23.3100780Z   copying grpc/_adapter/_c_test.py -> build/lib.macosx-11.0-arm64-cpython-38/grpc/_adapter
2022-12-27T02:23:23.3105300Z   creating build/lib.macosx-11.0-arm64-cpython-38/grpc/_junkdrawer
2022-12-27T02:23:23.3107580Z   copying grpc/_junkdrawer/stock_pb2.py -> build/lib.macosx-11.0-arm64-cpython-38/grpc/_junkdrawer
2022-12-27T02:23:23.3109940Z   copying grpc/_junkdrawer/__init__.py -> build/lib.macosx-11.0-arm64-cpython-38/grpc/_junkdrawer
2022-12-27T02:23:23.3112530Z   copying grpc/_junkdrawer/math_pb2.py -> build/lib.macosx-11.0-arm64-cpython-38/grpc/_junkdrawer
2022-12-27T02:23:23.3116380Z   creating build/lib.macosx-11.0-arm64-cpython-38/grpc/early_adopter
2022-12-27T02:23:23.3119230Z   copying grpc/early_adopter/__init__.py -> build/lib.macosx-11.0-arm64-cpython-38/grpc/early_adopter
2022-12-27T02:23:23.3121640Z   copying grpc/early_adopter/implementations_test.py -> build/lib.macosx-11.0-arm64-cpython-38/grpc/early_adopter
2022-12-27T02:23:23.3123990Z   copying grpc/early_adopter/implementations.py -> build/lib.macosx-11.0-arm64-cpython-38/grpc/early_adopter
2022-12-27T02:23:23.3128940Z   creating build/lib.macosx-11.0-arm64-cpython-38/grpc/framework
2022-12-27T02:23:23.3131830Z   copying grpc/framework/__init__.py -> build/lib.macosx-11.0-arm64-cpython-38/grpc/framework
2022-12-27T02:23:23.3135450Z   creating build/lib.macosx-11.0-arm64-cpython-38/grpc/framework/alpha
2022-12-27T02:23:23.3138420Z   copying grpc/framework/alpha/interfaces.py -> build/lib.macosx-11.0-arm64-cpython-38/grpc/framework/alpha
2022-12-27T02:23:23.3140790Z   copying grpc/framework/alpha/_face_utilities.py -> build/lib.macosx-11.0-arm64-cpython-38/grpc/framework/alpha
2022-12-27T02:23:23.3143330Z   copying grpc/framework/alpha/__init__.py -> build/lib.macosx-11.0-arm64-cpython-38/grpc/framework/alpha
2022-12-27T02:23:23.3145670Z   copying grpc/framework/alpha/exceptions.py -> build/lib.macosx-11.0-arm64-cpython-38/grpc/framework/alpha
2022-12-27T02:23:23.3148170Z   copying grpc/framework/alpha/_reexport.py -> build/lib.macosx-11.0-arm64-cpython-38/grpc/framework/alpha
2022-12-27T02:23:23.3150360Z   copying grpc/framework/alpha/utilities.py -> build/lib.macosx-11.0-arm64-cpython-38/grpc/framework/alpha
2022-12-27T02:23:23.3158860Z   creating build/lib.macosx-11.0-arm64-cpython-38/grpc/framework/base
2022-12-27T02:23:23.3162100Z   copying grpc/framework/base/interfaces.py -> build/lib.macosx-11.0-arm64-cpython-38/grpc/framework/base
2022-12-27T02:23:23.3163890Z   copying grpc/framework/base/_constants.py -> build/lib.macosx-11.0-arm64-cpython-38/grpc/framework/base
2022-12-27T02:23:23.3167290Z   copying grpc/framework/base/_expiration.py -> build/lib.macosx-11.0-arm64-cpython-38/grpc/framework/base
2022-12-27T02:23:23.3169680Z   copying grpc/framework/base/_transmission.py -> build/lib.macosx-11.0-arm64-cpython-38/grpc/framework/base
2022-12-27T02:23:23.3172690Z   copying grpc/framework/base/_reception.py -> build/lib.macosx-11.0-arm64-cpython-38/grpc/framework/base
2022-12-27T02:23:23.3175510Z   copying grpc/framework/base/_ingestion.py -> build/lib.macosx-11.0-arm64-cpython-38/grpc/framework/base
2022-12-27T02:23:23.3178500Z   copying grpc/framework/base/util.py -> build/lib.macosx-11.0-arm64-cpython-38/grpc/framework/base
2022-12-27T02:23:23.3180770Z   copying grpc/framework/base/_termination.py -> build/lib.macosx-11.0-arm64-cpython-38/grpc/framework/base
2022-12-27T02:23:23.3184220Z   copying grpc/framework/base/null.py -> build/lib.macosx-11.0-arm64-cpython-38/grpc/framework/base
2022-12-27T02:23:23.3186430Z   copying grpc/framework/base/__init__.py -> build/lib.macosx-11.0-arm64-cpython-38/grpc/framework/base
2022-12-27T02:23:23.3188870Z   copying grpc/framework/base/_interfaces.py -> build/lib.macosx-11.0-arm64-cpython-38/grpc/framework/base
2022-12-27T02:23:23.3191520Z   copying grpc/framework/base/_context.py -> build/lib.macosx-11.0-arm64-cpython-38/grpc/framework/base
2022-12-27T02:23:23.3194860Z   copying grpc/framework/base/implementations_test.py -> build/lib.macosx-11.0-arm64-cpython-38/grpc/framework/base
2022-12-27T02:23:23.3198280Z   copying grpc/framework/base/interfaces_test_case.py -> build/lib.macosx-11.0-arm64-cpython-38/grpc/framework/base
2022-12-27T02:23:23.3200850Z   copying grpc/framework/base/exceptions.py -> build/lib.macosx-11.0-arm64-cpython-38/grpc/framework/base
2022-12-27T02:23:23.3203920Z   copying grpc/framework/base/_ends.py -> build/lib.macosx-11.0-arm64-cpython-38/grpc/framework/base
2022-12-27T02:23:23.3207420Z   copying grpc/framework/base/_emission.py -> build/lib.macosx-11.0-arm64-cpython-38/grpc/framework/base
2022-12-27T02:23:23.3210640Z   copying grpc/framework/base/implementations.py -> build/lib.macosx-11.0-arm64-cpython-38/grpc/framework/base
2022-12-27T02:23:23.3214560Z   copying grpc/framework/base/in_memory.py -> build/lib.macosx-11.0-arm64-cpython-38/grpc/framework/base
2022-12-27T02:23:23.3216730Z   copying grpc/framework/base/_cancellation.py -> build/lib.macosx-11.0-arm64-cpython-38/grpc/framework/base
2022-12-27T02:23:23.3222200Z   creating build/lib.macosx-11.0-arm64-cpython-38/grpc/framework/common
2022-12-27T02:23:23.3224450Z   copying grpc/framework/common/style.py -> build/lib.macosx-11.0-arm64-cpython-38/grpc/framework/common
2022-12-27T02:23:23.3226900Z   copying grpc/framework/common/cardinality.py -> build/lib.macosx-11.0-arm64-cpython-38/grpc/framework/common
2022-12-27T02:23:23.3229820Z   copying grpc/framework/common/__init__.py -> build/lib.macosx-11.0-arm64-cpython-38/grpc/framework/common
2022-12-27T02:23:23.3238060Z   creating build/lib.macosx-11.0-arm64-cpython-38/grpc/framework/face
2022-12-27T02:23:23.3241150Z   copying grpc/framework/face/_service.py -> build/lib.macosx-11.0-arm64-cpython-38/grpc/framework/face
2022-12-27T02:23:23.3243580Z   copying grpc/framework/face/interfaces.py -> build/lib.macosx-11.0-arm64-cpython-38/grpc/framework/face
2022-12-27T02:23:23.3246070Z   copying grpc/framework/face/_control.py -> build/lib.macosx-11.0-arm64-cpython-38/grpc/framework/face
2022-12-27T02:23:23.3249160Z   copying grpc/framework/face/blocking_invocation_inline_service_test.py -> build/lib.macosx-11.0-arm64-cpython-38/grpc/framework/face
2022-12-27T02:23:23.3252040Z   copying grpc/framework/face/__init__.py -> build/lib.macosx-11.0-arm64-cpython-38/grpc/framework/face
2022-12-27T02:23:23.3255630Z   copying grpc/framework/face/demonstration.py -> build/lib.macosx-11.0-arm64-cpython-38/grpc/framework/face
2022-12-27T02:23:23.3258160Z   copying grpc/framework/face/_calls.py -> build/lib.macosx-11.0-arm64-cpython-38/grpc/framework/face
2022-12-27T02:23:23.3261020Z   copying grpc/framework/face/exceptions.py -> build/lib.macosx-11.0-arm64-cpython-38/grpc/framework/face
2022-12-27T02:23:23.3264690Z   copying grpc/framework/face/utilities.py -> build/lib.macosx-11.0-arm64-cpython-38/grpc/framework/face
2022-12-27T02:23:23.3267500Z   copying grpc/framework/face/event_invocation_synchronous_event_service_test.py -> build/lib.macosx-11.0-arm64-cpython-38/grpc/framework/face
2022-12-27T02:23:23.3271590Z   copying grpc/framework/face/_test_case.py -> build/lib.macosx-11.0-arm64-cpython-38/grpc/framework/face
2022-12-27T02:23:23.3275810Z   copying grpc/framework/face/implementations.py -> build/lib.macosx-11.0-arm64-cpython-38/grpc/framework/face
2022-12-27T02:23:23.3277830Z   copying grpc/framework/face/future_invocation_asynchronous_event_service_test.py -> build/lib.macosx-11.0-arm64-cpython-38/grpc/framework/face
2022-12-27T02:23:23.3286420Z   creating build/lib.macosx-11.0-arm64-cpython-38/grpc/framework/face/testing
2022-12-27T02:23:23.3289230Z   copying grpc/framework/face/testing/callback.py -> build/lib.macosx-11.0-arm64-cpython-38/grpc/framework/face/testing
2022-12-27T02:23:23.3291460Z   copying grpc/framework/face/testing/digest.py -> build/lib.macosx-11.0-arm64-cpython-38/grpc/framework/face/testing
2022-12-27T02:23:23.3294540Z   copying grpc/framework/face/testing/interfaces.py -> build/lib.macosx-11.0-arm64-cpython-38/grpc/framework/face/testing
2022-12-27T02:23:23.3297290Z   copying grpc/framework/face/testing/stock_service.py -> build/lib.macosx-11.0-arm64-cpython-38/grpc/framework/face/testing
2022-12-27T02:23:23.3299980Z   copying grpc/framework/face/testing/service.py -> build/lib.macosx-11.0-arm64-cpython-38/grpc/framework/face/testing
2022-12-27T02:23:23.3303300Z   copying grpc/framework/face/testing/blocking_invocation_inline_service_test_case.py -> build/lib.macosx-11.0-arm64-cpython-38/grpc/framework/face/testing
2022-12-27T02:23:23.3306470Z   copying grpc/framework/face/testing/base_util.py -> build/lib.macosx-11.0-arm64-cpython-38/grpc/framework/face/testing
2022-12-27T02:23:23.3309520Z   copying grpc/framework/face/testing/control.py -> build/lib.macosx-11.0-arm64-cpython-38/grpc/framework/face/testing
2022-12-27T02:23:23.3312110Z   copying grpc/framework/face/testing/__init__.py -> build/lib.macosx-11.0-arm64-cpython-38/grpc/framework/face/testing
2022-12-27T02:23:23.3314600Z   copying grpc/framework/face/testing/coverage.py -> build/lib.macosx-11.0-arm64-cpython-38/grpc/framework/face/testing
2022-12-27T02:23:23.3317770Z   copying grpc/framework/face/testing/event_invocation_synchronous_event_service_test_case.py -> build/lib.macosx-11.0-arm64-cpython-38/grpc/framework/face/testing
2022-12-27T02:23:23.3321240Z   copying grpc/framework/face/testing/test_case.py -> build/lib.macosx-11.0-arm64-cpython-38/grpc/framework/face/testing
2022-12-27T02:23:23.3324060Z   copying grpc/framework/face/testing/serial.py -> build/lib.macosx-11.0-arm64-cpython-38/grpc/framework/face/testing
2022-12-27T02:23:23.3327030Z   copying grpc/framework/face/testing/future_invocation_asynchronous_event_service_test_case.py -> build/lib.macosx-11.0-arm64-cpython-38/grpc/framework/face/testing
2022-12-27T02:23:23.3335010Z   creating build/lib.macosx-11.0-arm64-cpython-38/grpc/framework/foundation
2022-12-27T02:23:23.3337350Z   copying grpc/framework/foundation/callable_util.py -> build/lib.macosx-11.0-arm64-cpython-38/grpc/framework/foundation
2022-12-27T02:23:23.3339550Z   copying grpc/framework/foundation/abandonment.py -> build/lib.macosx-11.0-arm64-cpython-38/grpc/framework/foundation
2022-12-27T02:23:23.3342440Z   copying grpc/framework/foundation/stream_testing.py -> build/lib.macosx-11.0-arm64-cpython-38/grpc/framework/foundation
2022-12-27T02:23:23.3346090Z   copying grpc/framework/foundation/__init__.py -> build/lib.macosx-11.0-arm64-cpython-38/grpc/framework/foundation
2022-12-27T02:23:23.3348970Z   copying grpc/framework/foundation/stream.py -> build/lib.macosx-11.0-arm64-cpython-38/grpc/framework/foundation
2022-12-27T02:23:23.3351520Z   copying grpc/framework/foundation/activated.py -> build/lib.macosx-11.0-arm64-cpython-38/grpc/framework/foundation
2022-12-27T02:23:23.3355000Z   copying grpc/framework/foundation/later.py -> build/lib.macosx-11.0-arm64-cpython-38/grpc/framework/foundation
2022-12-27T02:23:23.3357200Z   copying grpc/framework/foundation/_later_test.py -> build/lib.macosx-11.0-arm64-cpython-38/grpc/framework/foundation
2022-12-27T02:23:23.3360420Z   copying grpc/framework/foundation/_logging_pool_test.py -> build/lib.macosx-11.0-arm64-cpython-38/grpc/framework/foundation
2022-12-27T02:23:23.3364070Z   copying grpc/framework/foundation/stream_util.py -> build/lib.macosx-11.0-arm64-cpython-38/grpc/framework/foundation
2022-12-27T02:23:23.3369200Z   copying grpc/framework/foundation/future.py -> build/lib.macosx-11.0-arm64-cpython-38/grpc/framework/foundation
2022-12-27T02:23:23.3372110Z   copying grpc/framework/foundation/_timer_future.py -> build/lib.macosx-11.0-arm64-cpython-38/grpc/framework/foundation
2022-12-27T02:23:23.3375750Z   copying grpc/framework/foundation/logging_pool.py -> build/lib.macosx-11.0-arm64-cpython-38/grpc/framework/foundation
2022-12-27T02:23:23.3422160Z   running build_ext
2022-12-27T02:23:23.3706450Z   building 'grpc._adapter._c' extension
2022-12-27T02:23:23.3708380Z   creating build/temp.macosx-11.0-arm64-cpython-38
2022-12-27T02:23:23.3710100Z   creating build/temp.macosx-11.0-arm64-cpython-38/grpc
2022-12-27T02:23:23.3711330Z   creating build/temp.macosx-11.0-arm64-cpython-38/grpc/_adapter
2022-12-27T02:23:23.3714100Z   gcc -Wno-unused-result -Wsign-compare -Wunreachable-code -fno-common -dynamic -DNDEBUG -g -fwrapv -O3 -Wall -g -I/usr/local/opt/openssl@3/include -I/usr/local/opt/openssl@3/include -arch arm64 -I. -I/private/var/folders/51/hd414ycd67n82196sw51xqtc0000gn/T/cibw-run-d_8n7n34/cp38-macosx_arm64/build/venv/include -I/Library/Frameworks/Python.framework/Versions/3.8/include/python3.8 -c grpc/_adapter/_c.c -o build/temp.macosx-11.0-arm64-cpython-38/grpc/_adapter/_c.o
2022-12-27T02:23:23.4364230Z   grpc/_adapter/_c.c:35:10: fatal error: 'grpc/grpc.h' file not found
2022-12-27T02:23:23.4365340Z   #include <grpc/grpc.h>
2022-12-27T02:23:23.4367240Z            ^~~~~~~~~~~~~
2022-12-27T02:23:23.4370810Z   1 error generated.
2022-12-27T02:23:23.4388660Z   error: command '/usr/bin/gcc' failed with exit code 1
2022-12-27T02:23:23.4697460Z   error: subprocess-exited-with-error
2022-12-27T02:23:23.4698200Z   
2022-12-27T02:23:23.4698620Z   × python setup.py bdist_wheel did not run successfully.
2022-12-27T02:23:23.4699020Z   │ exit code: 1
2022-12-27T02:23:23.4699310Z   ╰─> See above for output.
2022-12-27T02:23:23.4699490Z   
2022-12-27T02:23:23.4699870Z   note: This error originates from a subprocess, and is likely not a problem with pip.
2022-12-27T02:23:23.4765960Z   full command: /private/var/folders/51/hd414ycd67n82196sw51xqtc0000gn/T/cibw-run-d_8n7n34/cp38-macosx_arm64/build/venv/bin/python -u -c '
2022-12-27T02:23:23.4766700Z   exec(compile('"'"''"'"''"'"'
2022-12-27T02:23:23.4767180Z   # This is <pip-setuptools-caller> -- a caller that pip uses to run setup.py
2022-12-27T02:23:23.4767870Z   #
2022-12-27T02:23:23.4768350Z   # - It imports setuptools before invoking setup.py, to enable projects that directly
2022-12-27T02:23:23.4768770Z   #   import from `distutils.core` to work with newer packaging standards.
2022-12-27T02:23:23.4769320Z   # - It provides a clear error message when setuptools is not installed.
2022-12-27T02:23:23.4769950Z   # - It sets `sys.argv[0]` to the underlying `setup.py`, when invoking `setup.py` so
2022-12-27T02:23:23.4770510Z   #   setuptools doesn'"'"'t think the script is `-c`. This avoids the following warning:
2022-12-27T02:23:23.4771010Z   Building wheel for grpcio (setup.py): finished with status 'error'
2022-12-27T02:23:23.4771530Z   #     manifest_maker: standard file '"'"'-c'"'"' not found".
2022-12-27T02:23:23.4772040Z   # - It generates a shim setup.py, for handling setup.cfg-only projects.
2022-12-27T02:23:23.4772340Z   import os, sys, tokenize
2022-12-27T02:23:23.4772630Z   
2022-12-27T02:23:23.4773110Z   try:
2022-12-27T02:23:23.4773860Z       import setuptools
2022-12-27T02:23:23.4774110Z   Running setup.py clean for grpcio
2022-12-27T02:23:23.4774440Z   except ImportError as error:
2022-12-27T02:23:23.4774720Z       print(
2022-12-27T02:23:23.4775010Z           "ERROR: Can not execute `setup.py` since setuptools is not available in "
2022-12-27T02:23:23.4775360Z           "the build environment.",
2022-12-27T02:23:23.4775630Z           file=sys.stderr,
2022-12-27T02:23:23.4775850Z       )
2022-12-27T02:23:23.4776060Z       sys.exit(1)
2022-12-27T02:23:23.4776300Z   
2022-12-27T02:23:23.4776500Z   __file__ = %r
2022-12-27T02:23:23.4776740Z   sys.argv[0] = __file__
2022-12-27T02:23:23.4776940Z   
2022-12-27T02:23:23.4777160Z   if os.path.exists(__file__):
2022-12-27T02:23:23.4777350Z       filename = __file__
2022-12-27T02:23:23.4777610Z       with tokenize.open(__file__) as f:
2022-12-27T02:23:23.4777820Z           setup_py_code = f.read()
2022-12-27T02:23:23.4778070Z   else:
2022-12-27T02:23:23.4778470Z       filename = "<auto-generated setuptools caller>"
2022-12-27T02:23:23.4778790Z       setup_py_code = "from setuptools import setup; setup()"
2022-12-27T02:23:23.4779080Z   
2022-12-27T02:23:23.4779350Z   exec(compile(setup_py_code, filename, "exec"))
2022-12-27T02:23:23.4780170Z   '"'"''"'"''"'"' % ('"'"'/Users/runner/actions-runner/_work/python.build/python.build/build_grpcio040a238/grpcio-0.4.0a2/setup.py'"'"',), "<pip-setuptools-caller>", "exec"))' bdist_wheel -d /private/var/folders/51/hd414ycd67n82196sw51xqtc0000gn/T/pip-wheel-mjvu11x9
2022-12-27T02:23:23.4780910Z   cwd: /Users/runner/actions-runner/_work/python.build/python.build/build_grpcio040a238/grpcio-0.4.0a2/
2022-12-27T02:23:23.4781310Z   ERROR: Failed building wheel for grpcio
2022-12-27T02:23:23.4781630Z   Running command python setup.py clean
2022-12-27T02:23:23.6519480Z   running clean
2022-12-27T02:23:23.6539310Z   removing 'build/temp.macosx-11.0-arm64-cpython-38' (and everything under it)
2022-12-27T02:23:23.6543190Z   removing 'build/lib.macosx-11.0-arm64-cpython-38' (and everything under it)
2022-12-27T02:23:23.6638760Z   'build/bdist.macosx-11.0-arm64' does not exist -- can't clean it
2022-12-27T02:23:23.6641000Z   'build/scripts-3.8' does not exist -- can't clean it
2022-12-27T02:23:23.6642550Z   removing 'build'
2022-12-27T02:23:23.6817160Z Failed to build grpcio
2022-12-27T02:23:23.6821860Z ERROR: Failed to build one or more wheels
2022-12-27T02:23:23.6832630Z Exception information:
2022-12-27T02:23:23.6832900Z Traceback (most recent call last):
2022-12-27T02:23:23.6843260Z   File "/private/var/folders/51/hd414ycd67n82196sw51xqtc0000gn/T/cibw-run-d_8n7n34/cp38-macosx_arm64/build/venv/lib/python3.8/site-packages/pip/_internal/cli/base_command.py", line 160, in exc_logging_wrapper
2022-12-27T02:23:23.6843990Z     status = run_func(*args)
2022-12-27T02:23:23.6844550Z   File "/private/var/folders/51/hd414ycd67n82196sw51xqtc0000gn/T/cibw-run-d_8n7n34/cp38-macosx_arm64/build/venv/lib/python3.8/site-packages/pip/_internal/cli/req_command.py", line 247, in wrapper
2022-12-27T02:23:23.6844900Z     return func(self, options, args)
2022-12-27T02:23:23.6845310Z   File "/private/var/folders/51/hd414ycd67n82196sw51xqtc0000gn/T/cibw-run-d_8n7n34/cp38-macosx_arm64/build/venv/lib/python3.8/site-packages/pip/_internal/commands/wheel.py", line 201, in run
2022-12-27T02:23:23.6845600Z     raise CommandError("Failed to build one or more wheels")
2022-12-27T02:23:23.6845850Z pip._internal.exceptions.CommandError: Failed to build one or more wheels
2022-12-27T02:23:23.6846230Z Removed build tracker: '/private/var/folders/51/hd414ycd67n82196sw51xqtc0000gn/T/pip-build-tracker-263lbiq1'
2022-12-27T02:23:23.7203410Z ##[endgroup]
2022-12-27T02:23:23.7204010Z                                                               [31m✕ [0m1.32s
2022-12-27T02:23:23.7591130Z ##[error]Command ['python', '-m', 'pip', 'wheel', '/Users/runner/actions-runner/_work/python.build/python.build/build_grpcio040a238/grpcio-0.4.0a2', '--wheel-dir=/private/var/folders/51/hd414ycd67n82196sw51xqtc0000gn/T/cibw-run-d_8n7n34/cp38-macosx_arm64/built_wheel', '--no-deps', '-vvv'] failed with code 1. None
2022-12-27T02:23:23.7597430Z 
2022-12-27T02:23:23.7694080Z ##[error]Process completed with exit code 1.
2022-12-27T02:23:23.7726650Z ##[group]Run rm -rf build_grpcio040a238 wheelsout
2022-12-27T02:23:23.7726850Z [36;1mrm -rf build_grpcio040a238 wheelsout[0m
2022-12-27T02:23:23.7741970Z shell: /bin/bash -e {0}
2022-12-27T02:23:23.7742090Z env:
2022-12-27T02:23:23.7742230Z   pythonLocation: /Users/runner/hostedtoolcache/Python/3.8.15/x64
2022-12-27T02:23:23.7742440Z   PKG_CONFIG_PATH: /Users/runner/hostedtoolcache/Python/3.8.15/x64/lib/pkgconfig
2022-12-27T02:23:23.7742630Z   Python_ROOT_DIR: /Users/runner/hostedtoolcache/Python/3.8.15/x64
2022-12-27T02:23:23.7742810Z   Python2_ROOT_DIR: /Users/runner/hostedtoolcache/Python/3.8.15/x64
2022-12-27T02:23:23.7742980Z   Python3_ROOT_DIR: /Users/runner/hostedtoolcache/Python/3.8.15/x64
2022-12-27T02:23:23.7743120Z ##[endgroup]
2022-12-27T02:23:23.8002500Z Cleaning up orphan processes
