2022-12-27T08:52:26.7366292Z Requested labels: self-hosted, macOS, X64
2022-12-27T08:52:26.7366372Z Job defined at: kilnbuild/python.build/.github/workflows/mac_arm_build.yml@refs/heads/main
2022-12-27T08:52:26.7366429Z Waiting for a runner to pick up this job...
2022-12-27T11:25:49.1878971Z Job is about to start running on the runner: kr1 (organization)
2022-12-27T11:25:53.5016390Z Current runner version: '2.300.2'
2022-12-27T11:25:53.5023780Z Runner name: 'kr1'
2022-12-27T11:25:53.5024150Z Runner group name: 'Default'
2022-12-27T11:25:53.5024930Z Machine name: 'kr1'
2022-12-27T11:25:53.5027440Z ##[group]GITHUB_TOKEN Permissions
2022-12-27T11:25:53.5028090Z Actions: write
2022-12-27T11:25:53.5028340Z Checks: write
2022-12-27T11:25:53.5028580Z Contents: write
2022-12-27T11:25:53.5028830Z Deployments: write
2022-12-27T11:25:53.5029080Z Discussions: write
2022-12-27T11:25:53.5029320Z Issues: write
2022-12-27T11:25:53.5029550Z Metadata: read
2022-12-27T11:25:53.5029790Z Packages: write
2022-12-27T11:25:53.5030050Z Pages: write
2022-12-27T11:25:53.5030290Z PullRequests: write
2022-12-27T11:25:53.5030580Z RepositoryProjects: write
2022-12-27T11:25:53.5030860Z SecurityEvents: write
2022-12-27T11:25:53.5031110Z Statuses: write
2022-12-27T11:25:53.5031380Z ##[endgroup]
2022-12-27T11:25:53.5034850Z Secret source: Actions
2022-12-27T11:25:53.5035330Z Prepare workflow directory
2022-12-27T11:25:53.6124410Z Prepare all required actions
2022-12-27T11:25:53.6329010Z Getting action download info
2022-12-27T11:25:54.0640010Z Download action repository 'actions/setup-python@v4' (SHA:5ccb29d8773c3f3f653e1705f474dfaa8a06a912)
2022-12-27T11:25:55.9531170Z Download action repository 'actions/upload-artifact@v3' (SHA:83fd05a356d7e2593de66fc9913b3002723633cb)
2022-12-27T11:25:57.4203500Z ##[group]Run echo '{
2022-12-27T11:25:57.4204170Z [36;1mecho '{[0m
2022-12-27T11:25:57.4204510Z [36;1m  "package_name": "lxml",[0m
2022-12-27T11:25:57.4204970Z [36;1m  "package_url": "https://files.pythonhosted.org/packages/9c/f0/4a1c5c235118b74815ec4749f2e479e10c8f11fbdc8db644da02fc28476d/lxml-2.0.5.tar.gz",[0m
2022-12-27T11:25:57.4205310Z [36;1m  "package_version": "2.0.5",[0m
2022-12-27T11:25:57.4205530Z [36;1m  "python_version": "3.8",[0m
2022-12-27T11:25:57.4205800Z [36;1m  "use_ccache": "true"[0m
2022-12-27T11:25:57.4206050Z [36;1m}'[0m
2022-12-27T11:25:57.4234550Z shell: /bin/bash -e {0}
2022-12-27T11:25:57.4234880Z ##[endgroup]
2022-12-27T11:25:57.4632030Z {
2022-12-27T11:25:57.4634990Z   "package_name": "lxml",
2022-12-27T11:25:57.4636220Z   "package_url": "https://files.pythonhosted.org/packages/9c/f0/4a1c5c235118b74815ec4749f2e479e10c8f11fbdc8db644da02fc28476d/lxml-2.0.5.tar.gz",
2022-12-27T11:25:57.4636690Z   "package_version": "2.0.5",
2022-12-27T11:25:57.4637160Z   "python_version": "3.8",
2022-12-27T11:25:57.4637560Z   "use_ccache": "true"
2022-12-27T11:25:57.4637870Z }
2022-12-27T11:25:57.4995210Z ##[group]Run actions/setup-python@v4
2022-12-27T11:25:57.4995710Z with:
2022-12-27T11:25:57.4996040Z   python-version: 3.8
2022-12-27T11:25:57.4996320Z   check-latest: false
2022-12-27T11:25:57.4996970Z   token: ***
2022-12-27T11:25:57.4997390Z   update-environment: true
2022-12-27T11:25:57.4997720Z ##[endgroup]
2022-12-27T11:25:57.7204600Z ##[group]Installed versions
2022-12-27T11:25:57.7264430Z Successfully set up CPython (3.8.15)
2022-12-27T11:25:57.7265590Z ##[endgroup]
2022-12-27T11:25:57.7504970Z ##[group]Run if [ "true" == "true" ]
2022-12-27T11:25:57.7505630Z [36;1mif [ "true" == "true" ][0m
2022-12-27T11:25:57.7506010Z [36;1mthen[0m
2022-12-27T11:25:57.7506450Z [36;1m  echo "CCACHE_PATH_PREPEND=/usr/local/opt/ccache/libexec" >> $GITHUB_OUTPUT[0m
2022-12-27T11:25:57.7506810Z [36;1melse[0m
2022-12-27T11:25:57.7507230Z [36;1m  echo "CCACHE_PATH_PREPEND=" >> $GITHUB_OUTPUT[0m
2022-12-27T11:25:57.7507740Z [36;1mfi[0m
2022-12-27T11:25:57.7539180Z shell: /bin/bash -e {0}
2022-12-27T11:25:57.7539500Z env:
2022-12-27T11:25:57.7540090Z   pythonLocation: /Users/runner/hostedtoolcache/Python/3.8.15/x64
2022-12-27T11:25:57.7540620Z   PKG_CONFIG_PATH: /Users/runner/hostedtoolcache/Python/3.8.15/x64/lib/pkgconfig
2022-12-27T11:25:57.7541050Z   Python_ROOT_DIR: /Users/runner/hostedtoolcache/Python/3.8.15/x64
2022-12-27T11:25:57.7541530Z   Python2_ROOT_DIR: /Users/runner/hostedtoolcache/Python/3.8.15/x64
2022-12-27T11:25:57.7542320Z   Python3_ROOT_DIR: /Users/runner/hostedtoolcache/Python/3.8.15/x64
2022-12-27T11:25:57.7543160Z ##[endgroup]
2022-12-27T11:25:57.7844090Z ##[group]Run echo "BUILD_NAME=$(echo lxml_2.0.5_3.8 | tr -dc '[:alnum:]\n\r' | tr '[:upper:]' '[:lower:]')" >> $GITHUB_OUTPUT
2022-12-27T11:25:57.7844720Z [36;1mecho "BUILD_NAME=$(echo lxml_2.0.5_3.8 | tr -dc '[:alnum:]\n\r' | tr '[:upper:]' '[:lower:]')" >> $GITHUB_OUTPUT[0m
2022-12-27T11:25:57.7870780Z shell: /bin/bash -e {0}
2022-12-27T11:25:57.7871130Z env:
2022-12-27T11:25:57.7871480Z   pythonLocation: /Users/runner/hostedtoolcache/Python/3.8.15/x64
2022-12-27T11:25:57.7871940Z   PKG_CONFIG_PATH: /Users/runner/hostedtoolcache/Python/3.8.15/x64/lib/pkgconfig
2022-12-27T11:25:57.7872320Z   Python_ROOT_DIR: /Users/runner/hostedtoolcache/Python/3.8.15/x64
2022-12-27T11:25:57.7872770Z   Python2_ROOT_DIR: /Users/runner/hostedtoolcache/Python/3.8.15/x64
2022-12-27T11:25:57.7873200Z   Python3_ROOT_DIR: /Users/runner/hostedtoolcache/Python/3.8.15/x64
2022-12-27T11:25:57.7873500Z ##[endgroup]
2022-12-27T11:25:57.8109720Z ##[group]Run echo "PYTHON_NO_DOTS=$(echo 3.8 | tr -dc '[:alnum:]\n\r' | tr '[:upper:]' '[:lower:]')" >> $GITHUB_OUTPUT
2022-12-27T11:25:57.8110440Z [36;1mecho "PYTHON_NO_DOTS=$(echo 3.8 | tr -dc '[:alnum:]\n\r' | tr '[:upper:]' '[:lower:]')" >> $GITHUB_OUTPUT[0m
2022-12-27T11:25:57.8137090Z shell: /bin/bash -e {0}
2022-12-27T11:25:57.8137500Z env:
2022-12-27T11:25:57.8137860Z   pythonLocation: /Users/runner/hostedtoolcache/Python/3.8.15/x64
2022-12-27T11:25:57.8139510Z   PKG_CONFIG_PATH: /Users/runner/hostedtoolcache/Python/3.8.15/x64/lib/pkgconfig
2022-12-27T11:25:57.8139950Z   Python_ROOT_DIR: /Users/runner/hostedtoolcache/Python/3.8.15/x64
2022-12-27T11:25:57.8140440Z   Python2_ROOT_DIR: /Users/runner/hostedtoolcache/Python/3.8.15/x64
2022-12-27T11:25:57.8140860Z   Python3_ROOT_DIR: /Users/runner/hostedtoolcache/Python/3.8.15/x64
2022-12-27T11:25:57.8141150Z ##[endgroup]
2022-12-27T11:25:57.8398670Z ##[group]Run rm -rf build_lxml20538
2022-12-27T11:25:57.8399290Z [36;1mrm -rf build_lxml20538[0m
2022-12-27T11:25:57.8399570Z [36;1mmkdir build_lxml20538[0m
2022-12-27T11:25:57.8399950Z [36;1mcd build_lxml20538[0m
2022-12-27T11:25:57.8400450Z [36;1m/usr/local/bin/wget --quiet https://files.pythonhosted.org/packages/9c/f0/4a1c5c235118b74815ec4749f2e479e10c8f11fbdc8db644da02fc28476d/lxml-2.0.5.tar.gz[0m
2022-12-27T11:25:57.8401010Z [36;1mtar xf *.tar.gz[0m
2022-12-27T11:25:57.8401260Z [36;1mcd *[0m
2022-12-27T11:25:57.8401690Z [36;1mpython -m pip install cibuildwheel==2.11.3[0m
2022-12-27T11:25:57.8402110Z [36;1mpython -m cibuildwheel --output-dir ../wheelsout[0m
2022-12-27T11:25:57.8429440Z shell: /bin/bash -e {0}
2022-12-27T11:25:57.8429770Z env:
2022-12-27T11:25:57.8430160Z   pythonLocation: /Users/runner/hostedtoolcache/Python/3.8.15/x64
2022-12-27T11:25:57.8430720Z   PKG_CONFIG_PATH: /Users/runner/hostedtoolcache/Python/3.8.15/x64/lib/pkgconfig
2022-12-27T11:25:57.8431270Z   Python_ROOT_DIR: /Users/runner/hostedtoolcache/Python/3.8.15/x64
2022-12-27T11:25:57.8431660Z   Python2_ROOT_DIR: /Users/runner/hostedtoolcache/Python/3.8.15/x64
2022-12-27T11:25:57.8432100Z   Python3_ROOT_DIR: /Users/runner/hostedtoolcache/Python/3.8.15/x64
2022-12-27T11:25:57.8432550Z   CIBW_ARCHS_MACOS: arm64
2022-12-27T11:25:57.8432820Z   CIBW_TEST_SKIP: *_arm64
2022-12-27T11:25:57.8433320Z   CIBW_BUILD: cp38-macosx_arm64
2022-12-27T11:25:57.8433660Z   CIBW_BUILD_FRONTEND: pip
2022-12-27T11:25:57.8434010Z   CIBW_BUILD_VERBOSITY: 3
2022-12-27T11:25:57.8434620Z   CIBW_ENVIRONMENT_MACOS:  CFLAGS="-I/usr/local/opt/openssl@3/include" LDFLAGS="-L/usr/local/opt/openssl@3/lib" CPPFLAGS="-I/usr/local/opt/openssl@3/include" MAKEFLAGS="-j$(sysctl -n hw.logicalcpu)" PATH=/usr/local/opt/ccache/libexec:$PATH
2022-12-27T11:25:57.8435300Z   CIBW_BEFORE_BUILD: pip install Cython; if [[ -f requirements.txt ]]; then pip install -r requirements.txt; fi
2022-12-27T11:25:57.8435760Z   MAKEFLAGS: -j$(sysctl -n hw.logicalcpu)
2022-12-27T11:25:57.8436100Z ##[endgroup]
2022-12-27T11:25:58.5359140Z Requirement already satisfied: cibuildwheel==2.11.3 in /Users/runner/hostedtoolcache/Python/3.8.15/x64/lib/python3.8/site-packages (2.11.3)
2022-12-27T11:25:58.5915230Z Requirement already satisfied: platformdirs in /Users/runner/hostedtoolcache/Python/3.8.15/x64/lib/python3.8/site-packages (from cibuildwheel==2.11.3) (2.6.0)
2022-12-27T11:25:58.5917160Z Requirement already satisfied: certifi in /Users/runner/hostedtoolcache/Python/3.8.15/x64/lib/python3.8/site-packages (from cibuildwheel==2.11.3) (2022.12.7)
2022-12-27T11:25:58.5923610Z Requirement already satisfied: bracex in /Users/runner/hostedtoolcache/Python/3.8.15/x64/lib/python3.8/site-packages (from cibuildwheel==2.11.3) (2.3.post1)
2022-12-27T11:25:58.5935590Z Requirement already satisfied: typing-extensions>=4.1.0 in /Users/runner/hostedtoolcache/Python/3.8.15/x64/lib/python3.8/site-packages (from cibuildwheel==2.11.3) (4.4.0)
2022-12-27T11:25:58.5948520Z Requirement already satisfied: tomli in /Users/runner/hostedtoolcache/Python/3.8.15/x64/lib/python3.8/site-packages (from cibuildwheel==2.11.3) (2.0.1)
2022-12-27T11:25:58.5952170Z Requirement already satisfied: filelock in /Users/runner/hostedtoolcache/Python/3.8.15/x64/lib/python3.8/site-packages (from cibuildwheel==2.11.3) (3.8.2)
2022-12-27T11:25:58.5960810Z Requirement already satisfied: bashlex!=0.13 in /Users/runner/hostedtoolcache/Python/3.8.15/x64/lib/python3.8/site-packages (from cibuildwheel==2.11.3) (0.16)
2022-12-27T11:25:58.5969550Z Requirement already satisfied: packaging>=20.9 in /Users/runner/hostedtoolcache/Python/3.8.15/x64/lib/python3.8/site-packages (from cibuildwheel==2.11.3) (22.0)
2022-12-27T11:25:58.8847080Z 
2022-12-27T11:25:58.8847560Z      _ _       _ _   _       _           _
2022-12-27T11:25:58.8848020Z  ___|_| |_ _ _|_| |_| |_ _ _| |_ ___ ___| |
2022-12-27T11:25:58.8848940Z |  _| | . | | | | | . | | | |   | -_| -_| |
2022-12-27T11:25:58.8853620Z |___|_|___|___|_|_|___|_____|_|_|___|___|_|
2022-12-27T11:25:58.8856700Z 
2022-12-27T11:25:58.8857160Z cibuildwheel version 2.11.3
2022-12-27T11:25:58.8857570Z 
2022-12-27T11:25:58.8857910Z Build options:
2022-12-27T11:25:58.8858550Z   platform: macos
2022-12-27T11:25:58.9018650Z   architectures: arm64[0m
2022-12-27T11:25:58.9019880Z   build_selector: 
2022-12-27T11:25:58.9021580Z     build_config: cp38-macosx_arm64
2022-12-27T11:25:58.9022660Z     skip_config: 
2022-12-27T11:25:58.9023550Z     requires_python: None
2022-12-27T11:25:58.9027190Z     prerelease_pythons: False[0m
2022-12-27T11:25:58.9028700Z   [38;5;244mcontainer_engine: docker[0m
2022-12-27T11:25:58.9029870Z   output_dir: /Users/runner/actions-runner/_work/python.build/python.build/build_lxml20538/wheelsout[0m
2022-12-27T11:25:58.9033130Z   package_dir: /Users/runner/actions-runner/_work/python.build/python.build/build_lxml20538/lxml-2.0.5[0m
2022-12-27T11:25:58.9033840Z   test_selector: 
2022-12-27T11:25:58.9035150Z     skip_config: *_arm64[0m
2022-12-27T11:25:58.9035790Z   [38;5;244mbefore_all: [0m
2022-12-27T11:25:58.9036630Z   before_build: pip install Cython; if [[ -f requirements.txt ]]; then pip install -r requirements.txt; fi[0m
2022-12-27T11:25:58.9037120Z   [38;5;244mbefore_test: [0m
2022-12-27T11:25:58.9037550Z   [38;5;244mbuild_frontend: pip[0m
2022-12-27T11:25:58.9038130Z   build_verbosity: 3[0m
2022-12-27T11:25:58.9038490Z   [38;5;244mconfig_settings: [0m
2022-12-27T11:25:58.9038950Z   [38;5;244mdependency_constraints: pinned[0m
2022-12-27T11:25:58.9039310Z   environment: 
2022-12-27T11:25:58.9039720Z     CFLAGS="-I/usr/local/opt/openssl@3/include"
2022-12-27T11:25:58.9040330Z     LDFLAGS="-L/usr/local/opt/openssl@3/lib"
2022-12-27T11:25:58.9040820Z     CPPFLAGS="-I/usr/local/opt/openssl@3/include"
2022-12-27T11:25:58.9041310Z     MAKEFLAGS="-j$(sysctl -n hw.logicalcpu)"
2022-12-27T11:25:58.9041830Z     PATH=/usr/local/opt/ccache/libexec:$PATH[0m
2022-12-27T11:25:58.9042430Z   [38;5;244mmanylinux_images: None[0m
2022-12-27T11:25:58.9042890Z   [38;5;244mmusllinux_images: None[0m
2022-12-27T11:25:58.9043430Z   [38;5;244mrepair_command: delocate-wheel --require-archs {delocate_archs} -w {dest_dir} -v {wheel}[0m
2022-12-27T11:25:58.9044700Z   [38;5;244mtest_command: [0m
2022-12-27T11:25:58.9045110Z   [38;5;244mtest_extras: [0m
2022-12-27T11:25:58.9045620Z   [38;5;244mtest_requires: [0m
2022-12-27T11:25:58.9045820Z 
2022-12-27T11:25:58.9046020Z Cache folder: /Users/runner/Library/Caches/cibuildwheel
2022-12-27T11:25:58.9051140Z 
2022-12-27T11:25:58.9052010Z Here we go!
2022-12-27T11:25:58.9052240Z 
2022-12-27T11:25:58.9153940Z 
2022-12-27T11:25:58.9155300Z [1m[34mBuilding cp38-macosx_arm64 wheel[0m
2022-12-27T11:25:58.9156290Z CPython 3.8 macOS arm64 - Apple Silicon
2022-12-27T11:25:58.9156990Z 
2022-12-27T11:25:58.9159550Z ##[group]Installing Python cp38...
2022-12-27T11:25:58.9159800Z 
2022-12-27T11:25:58.9161030Z + pkgutil --pkgs
2022-12-27T11:25:58.9357960Z ##[endgroup]
2022-12-27T11:25:58.9359820Z                                                               [32m✓ [0m0.02s
2022-12-27T11:25:58.9360530Z ##[group]Setting up build environment...
2022-12-27T11:25:58.9360700Z 
2022-12-27T11:25:58.9393880Z + /Users/runner/hostedtoolcache/Python/3.8.15/x64/bin/python -sS /Users/runner/Library/Caches/cibuildwheel/virtualenv-20.17.0.pyz --activators= --no-periodic-update --pip=22.3.1 --setuptools=65.6.3 --wheel=0.38.4 --symlink-app-data --python /Library/Frameworks/Python.framework/Versions/3.8/bin/python3 /private/var/folders/51/hd414ycd67n82196sw51xqtc0000gn/T/cibw-run-isjaumk_/cp38-macosx_arm64/build/venv
2022-12-27T11:25:59.2596860Z created virtual environment CPython3.8.10.final.0-64 in 78ms
2022-12-27T11:25:59.2597990Z   creator CPython3Posix(dest=/private/var/folders/51/hd414ycd67n82196sw51xqtc0000gn/T/cibw-run-isjaumk_/cp38-macosx_arm64/build/venv, clear=False, no_vcs_ignore=False, global=False)
2022-12-27T11:25:59.2599520Z   seeder FromAppData(download=False, pip=22.3.1, setuptools=65.6.3, wheel=0.38.4, via=symlink, app_data_dir=/Users/runner/Library/Application Support/virtualenv)
2022-12-27T11:25:59.2600150Z     added seed packages: pip==22.3.1, setuptools==65.6.3, wheel==0.38.4
2022-12-27T11:25:59.2850630Z + python -m pip install --upgrade pip -c /Users/runner/hostedtoolcache/Python/3.8.15/x64/lib/python3.8/site-packages/cibuildwheel/resources/constraints-python38.txt
2022-12-27T11:25:59.8361420Z Requirement already satisfied: pip in ./lib/python3.8/site-packages (22.3.1)
2022-12-27T11:26:00.1282680Z + which pip
2022-12-27T11:26:00.1322840Z /private/var/folders/51/hd414ycd67n82196sw51xqtc0000gn/T/cibw-run-isjaumk_/cp38-macosx_arm64/build/venv/bin/pip
2022-12-27T11:26:00.1328580Z + pip --version
2022-12-27T11:26:00.5290140Z pip 22.3.1 from /private/var/folders/51/hd414ycd67n82196sw51xqtc0000gn/T/cibw-run-isjaumk_/cp38-macosx_arm64/build/venv/lib/python3.8/site-packages/pip (python 3.8)
2022-12-27T11:26:00.5764290Z + which pip
2022-12-27T11:26:00.5820700Z + which python
2022-12-27T11:26:00.5862320Z /private/var/folders/51/hd414ycd67n82196sw51xqtc0000gn/T/cibw-run-isjaumk_/cp38-macosx_arm64/build/venv/bin/python
2022-12-27T11:26:00.5868510Z + python --version
2022-12-27T11:26:00.5969410Z Python 3.8.10
2022-12-27T11:26:00.5980060Z + which python
2022-12-27T11:26:00.6116560Z ##[endgroup]
2022-12-27T11:26:00.6117310Z                                                               [32m✓ [0m1.68s
2022-12-27T11:26:00.6118080Z ##[group]Installing build tools...
2022-12-27T11:26:01.1495640Z 
2022-12-27T11:26:01.1497110Z + pip install --upgrade setuptools wheel delocate -c /Users/runner/hostedtoolcache/Python/3.8.15/x64/lib/python3.8/site-packages/cibuildwheel/resources/constraints-python38.txt
2022-12-27T11:26:01.1499260Z Requirement already satisfied: setuptools in /private/var/folders/51/hd414ycd67n82196sw51xqtc0000gn/T/cibw-run-isjaumk_/cp38-macosx_arm64/build/venv/lib/python3.8/site-packages (65.6.3)
2022-12-27T11:26:01.5484020Z Requirement already satisfied: wheel in /private/var/folders/51/hd414ycd67n82196sw51xqtc0000gn/T/cibw-run-isjaumk_/cp38-macosx_arm64/build/venv/lib/python3.8/site-packages (0.38.4)
2022-12-27T11:26:01.6350240Z Collecting delocate
2022-12-27T11:26:01.6405040Z   Using cached delocate-0.10.3-py3-none-any.whl (142 kB)
2022-12-27T11:26:01.6818380Z Collecting typing-extensions
2022-12-27T11:26:01.6867600Z   Using cached typing_extensions-4.4.0-py3-none-any.whl (26 kB)
2022-12-27T11:26:01.7331490Z Collecting packaging>=20.9
2022-12-27T11:26:01.7375520Z   Using cached packaging-21.3-py3-none-any.whl (40 kB)
2022-12-27T11:26:01.8119610Z Collecting pyparsing!=3.0.5,>=2.0.2
2022-12-27T11:26:01.8165190Z   Using cached pyparsing-3.0.9-py3-none-any.whl (98 kB)
2022-12-27T11:26:01.8891860Z Installing collected packages: typing-extensions, pyparsing, packaging, delocate
2022-12-27T11:26:02.1203470Z Successfully installed delocate-0.10.3 packaging-21.3 pyparsing-3.0.9 typing-extensions-4.4.0
2022-12-27T11:26:02.2367550Z ##[endgroup]
2022-12-27T11:26:02.2368800Z                                                               [32m✓ [0m1.63s
2022-12-27T11:26:02.2369680Z ##[group]Running before_build...
2022-12-27T11:26:02.2369820Z 
2022-12-27T11:26:02.2379620Z + pip install Cython; if [[ -f requirements.txt ]]; then pip install -r requirements.txt; fi
2022-12-27T11:26:03.4227730Z Collecting Cython
2022-12-27T11:26:03.4320400Z   Using cached Cython-0.29.32-py2.py3-none-any.whl (986 kB)
2022-12-27T11:26:03.5194480Z Installing collected packages: Cython
2022-12-27T11:26:04.2812510Z Successfully installed Cython-0.29.32
2022-12-27T11:26:04.3735940Z ##[endgroup]
2022-12-27T11:26:04.3737980Z                                                               [32m✓ [0m2.14s
2022-12-27T11:26:04.3739220Z ##[group]Building wheel...
2022-12-27T11:26:04.3739510Z 
2022-12-27T11:26:04.3744470Z + python -m pip wheel /Users/runner/actions-runner/_work/python.build/python.build/build_lxml20538/lxml-2.0.5 --wheel-dir=/private/var/folders/51/hd414ycd67n82196sw51xqtc0000gn/T/cibw-run-isjaumk_/cp38-macosx_arm64/built_wheel --no-deps -vvv
2022-12-27T11:26:04.8489910Z Created temporary directory: /private/var/folders/51/hd414ycd67n82196sw51xqtc0000gn/T/pip-ephem-wheel-cache-1kgiyi5q
2022-12-27T11:26:04.8497340Z Created temporary directory: /private/var/folders/51/hd414ycd67n82196sw51xqtc0000gn/T/pip-build-tracker-08h_m2ps
2022-12-27T11:26:04.8501100Z Initialized build tracking at /private/var/folders/51/hd414ycd67n82196sw51xqtc0000gn/T/pip-build-tracker-08h_m2ps
2022-12-27T11:26:04.8503190Z Created build tracker: /private/var/folders/51/hd414ycd67n82196sw51xqtc0000gn/T/pip-build-tracker-08h_m2ps
2022-12-27T11:26:04.8505200Z Entered build tracker: /private/var/folders/51/hd414ycd67n82196sw51xqtc0000gn/T/pip-build-tracker-08h_m2ps
2022-12-27T11:26:04.8511190Z Created temporary directory: /private/var/folders/51/hd414ycd67n82196sw51xqtc0000gn/T/pip-wheel-aldhqv2h
2022-12-27T11:26:04.8524760Z Created temporary directory: /private/var/folders/51/hd414ycd67n82196sw51xqtc0000gn/T/pip-ephem-wheel-cache-ti6qyxn3
2022-12-27T11:26:04.8680290Z Processing /Users/runner/actions-runner/_work/python.build/python.build/build_lxml20538/lxml-2.0.5
2022-12-27T11:26:04.8689410Z   Added file:///Users/runner/actions-runner/_work/python.build/python.build/build_lxml20538/lxml-2.0.5 to build tracker '/private/var/folders/51/hd414ycd67n82196sw51xqtc0000gn/T/pip-build-tracker-08h_m2ps'
2022-12-27T11:26:04.8696800Z   Running setup.py (path:/Users/runner/actions-runner/_work/python.build/python.build/build_lxml20538/lxml-2.0.5/setup.py) egg_info for package from file:///Users/runner/actions-runner/_work/python.build/python.build/build_lxml20538/lxml-2.0.5
2022-12-27T11:26:04.8702260Z   Created temporary directory: /private/var/folders/51/hd414ycd67n82196sw51xqtc0000gn/T/pip-pip-egg-info-21i52snd
2022-12-27T11:26:04.8705510Z   Preparing metadata (setup.py): started
2022-12-27T11:26:04.8708720Z   Running command python setup.py egg_info
2022-12-27T11:26:05.4377110Z   Traceback (most recent call last):
2022-12-27T11:26:05.4392590Z     File "<string>", line 2, in <module>
2022-12-27T11:26:05.4393910Z     File "<pip-setuptools-caller>", line 34, in <module>
2022-12-27T11:26:05.4394620Z     File "/Users/runner/actions-runner/_work/python.build/python.build/build_lxml20538/lxml-2.0.5/setup.py", line 104, in <module>
2022-12-27T11:26:05.4395900Z       ext_modules = setupinfo.ext_modules(
2022-12-27T11:26:05.4396590Z     File "/Users/runner/actions-runner/_work/python.build/python.build/build_lxml20538/lxml-2.0.5/setupinfo.py", line 40, in ext_modules
2022-12-27T11:26:05.4397140Z       _include_dirs = include_dirs(static_include_dirs)
2022-12-27T11:26:05.4397840Z     File "/Users/runner/actions-runner/_work/python.build/python.build/build_lxml20538/lxml-2.0.5/setupinfo.py", line 118, in include_dirs
2022-12-27T11:26:05.4398430Z       if possible_include_dir.startswith('-I'):
2022-12-27T11:26:05.4401300Z   TypeError: startswith first arg must be bytes or a tuple of bytes, not str
2022-12-27T11:26:05.4405800Z   Building lxml version 2.0.5.
2022-12-27T11:26:05.4406760Z   Building with Cython 0.29.32.
2022-12-27T11:26:05.4410250Z   Using build configuration of libxslt b'1.1.29'
2022-12-27T11:26:05.5019050Z   error: subprocess-exited-with-error
2022-12-27T11:26:05.5019670Z   
2022-12-27T11:26:05.5020960Z   × python setup.py egg_info did not run successfully.
2022-12-27T11:26:05.5021890Z   │ exit code: 1
2022-12-27T11:26:05.5022900Z   ╰─> See above for output.
2022-12-27T11:26:05.5023400Z   
2022-12-27T11:26:05.5024410Z   note: This error originates from a subprocess, and is likely not a problem with pip.
2022-12-27T11:26:05.5037380Z   full command: /private/var/folders/51/hd414ycd67n82196sw51xqtc0000gn/T/cibw-run-isjaumk_/cp38-macosx_arm64/build/venv/bin/python -c '
2022-12-27T11:26:05.5038460Z   exec(compile('"'"''"'"''"'"'
2022-12-27T11:26:05.5039590Z   # This is <pip-setuptools-caller> -- a caller that pip uses to run setup.py
2022-12-27T11:26:05.5040810Z   #
2022-12-27T11:26:05.5041380Z   # - It imports setuptools before invoking setup.py, to enable projects that directly
2022-12-27T11:26:05.5042600Z   #   import from `distutils.core` to work with newer packaging standards.
2022-12-27T11:26:05.5043310Z   # - It provides a clear error message when setuptools is not installed.
2022-12-27T11:26:05.5044070Z   # - It sets `sys.argv[0]` to the underlying `setup.py`, when invoking `setup.py` so
2022-12-27T11:26:05.5044650Z   #   setuptools doesn'"'"'t think the script is `-c`. This avoids the following warning:
2022-12-27T11:26:05.5047850Z   #     manifest_maker: standard file '"'"'-c'"'"' not found".
2022-12-27T11:26:05.5048510Z   # - It generates a shim setup.py, for handling setup.cfg-only projects.
2022-12-27T11:26:05.5048980Z   import os, sys, tokenize
2022-12-27T11:26:05.5050070Z   
2022-12-27T11:26:05.5050760Z   try:
2022-12-27T11:26:05.5051450Z       import setuptools
2022-12-27T11:26:05.5052010Z   except ImportError as error:
2022-12-27T11:26:05.5052670Z       print(
2022-12-27T11:26:05.5053690Z           "ERROR: Can not execute `setup.py` since setuptools is not available in "
2022-12-27T11:26:05.5054370Z           "the build environment.",
2022-12-27T11:26:05.5055090Z           file=sys.stderr,
2022-12-27T11:26:05.5055720Z       )
2022-12-27T11:26:05.5056190Z       sys.exit(1)
2022-12-27T11:26:05.5056960Z   
2022-12-27T11:26:05.5057570Z   __file__ = %r
2022-12-27T11:26:05.5058080Z   sys.argv[0] = __file__
2022-12-27T11:26:05.5058690Z   
2022-12-27T11:26:05.5059540Z   if os.path.exists(__file__):
2022-12-27T11:26:05.5060090Z       filename = __file__
2022-12-27T11:26:05.5060780Z       with tokenize.open(__file__) as f:
2022-12-27T11:26:05.5061500Z           setup_py_code = f.read()
2022-12-27T11:26:05.5062150Z   else:
2022-12-27T11:26:05.5063270Z       filename = "<auto-generated setuptools caller>"
2022-12-27T11:26:05.5064110Z       setup_py_code = "from setuptools import setup; setup()"
2022-12-27T11:26:05.5064810Z   
2022-12-27T11:26:05.5065350Z   exec(compile(setup_py_code, filename, "exec"))
2022-12-27T11:26:05.5067050Z   '"'"''"'"''"'"' % ('"'"'/Users/runner/actions-runner/_work/python.build/python.build/build_lxml20538/lxml-2.0.5/setup.py'"'"',), "<pip-setuptools-caller>", "exec"))' egg_info --egg-base /private/var/folders/51/hd414ycd67n82196sw51xqtc0000gn/T/pip-pip-egg-info-21i52snd
2022-12-27T11:26:05.5069540Z   cwd: /Users/runner/actions-runner/_work/python.build/python.build/build_lxml20538/lxml-2.0.5/
2022-12-27T11:26:05.5070370Z   Preparing metadata (setup.py): finished with status 'error'
2022-12-27T11:26:05.5070930Z error: metadata-generation-failed
2022-12-27T11:26:05.5071230Z 
2022-12-27T11:26:05.5071650Z × Encountered error while generating package metadata.
2022-12-27T11:26:05.5072300Z ╰─> See above for output.
2022-12-27T11:26:05.5072530Z 
2022-12-27T11:26:05.5072670Z note: This is an issue with the package mentioned above, not pip.
2022-12-27T11:26:05.5073090Z hint: See above for details.
2022-12-27T11:26:05.5191440Z Exception information:
2022-12-27T11:26:05.5192340Z Traceback (most recent call last):
2022-12-27T11:26:05.5194950Z   File "/private/var/folders/51/hd414ycd67n82196sw51xqtc0000gn/T/cibw-run-isjaumk_/cp38-macosx_arm64/build/venv/lib/python3.8/site-packages/pip/_internal/operations/build/metadata_legacy.py", line 64, in generate_metadata
2022-12-27T11:26:05.5196320Z     call_subprocess(
2022-12-27T11:26:05.5198080Z   File "/private/var/folders/51/hd414ycd67n82196sw51xqtc0000gn/T/cibw-run-isjaumk_/cp38-macosx_arm64/build/venv/lib/python3.8/site-packages/pip/_internal/utils/subprocess.py", line 224, in call_subprocess
2022-12-27T11:26:05.5200070Z     raise error
2022-12-27T11:26:05.5200560Z pip._internal.exceptions.InstallationSubprocessError: python setup.py egg_info exited with 1
2022-12-27T11:26:05.5200890Z 
2022-12-27T11:26:05.5201120Z The above exception was the direct cause of the following exception:
2022-12-27T11:26:05.5201310Z 
2022-12-27T11:26:05.5201490Z Traceback (most recent call last):
2022-12-27T11:26:05.5204050Z   File "/private/var/folders/51/hd414ycd67n82196sw51xqtc0000gn/T/cibw-run-isjaumk_/cp38-macosx_arm64/build/venv/lib/python3.8/site-packages/pip/_internal/cli/base_command.py", line 160, in exc_logging_wrapper
2022-12-27T11:26:05.5204670Z     status = run_func(*args)
2022-12-27T11:26:05.5205580Z   File "/private/var/folders/51/hd414ycd67n82196sw51xqtc0000gn/T/cibw-run-isjaumk_/cp38-macosx_arm64/build/venv/lib/python3.8/site-packages/pip/_internal/cli/req_command.py", line 247, in wrapper
2022-12-27T11:26:05.5206160Z     return func(self, options, args)
2022-12-27T11:26:05.5206940Z   File "/private/var/folders/51/hd414ycd67n82196sw51xqtc0000gn/T/cibw-run-isjaumk_/cp38-macosx_arm64/build/venv/lib/python3.8/site-packages/pip/_internal/commands/wheel.py", line 170, in run
2022-12-27T11:26:05.5207560Z     requirement_set = resolver.resolve(reqs, check_supported_wheels=True)
2022-12-27T11:26:05.5208380Z   File "/private/var/folders/51/hd414ycd67n82196sw51xqtc0000gn/T/cibw-run-isjaumk_/cp38-macosx_arm64/build/venv/lib/python3.8/site-packages/pip/_internal/resolution/resolvelib/resolver.py", line 73, in resolve
2022-12-27T11:26:05.5209460Z     collected = self.factory.collect_root_requirements(root_reqs)
2022-12-27T11:26:05.5210380Z   File "/private/var/folders/51/hd414ycd67n82196sw51xqtc0000gn/T/cibw-run-isjaumk_/cp38-macosx_arm64/build/venv/lib/python3.8/site-packages/pip/_internal/resolution/resolvelib/factory.py", line 491, in collect_root_requirements
2022-12-27T11:26:05.5210990Z     req = self._make_requirement_from_install_req(
2022-12-27T11:26:05.5211820Z   File "/private/var/folders/51/hd414ycd67n82196sw51xqtc0000gn/T/cibw-run-isjaumk_/cp38-macosx_arm64/build/venv/lib/python3.8/site-packages/pip/_internal/resolution/resolvelib/factory.py", line 453, in _make_requirement_from_install_req
2022-12-27T11:26:05.5212370Z     cand = self._make_candidate_from_link(
2022-12-27T11:26:05.5213210Z   File "/private/var/folders/51/hd414ycd67n82196sw51xqtc0000gn/T/cibw-run-isjaumk_/cp38-macosx_arm64/build/venv/lib/python3.8/site-packages/pip/_internal/resolution/resolvelib/factory.py", line 206, in _make_candidate_from_link
2022-12-27T11:26:05.5213830Z     self._link_candidate_cache[link] = LinkCandidate(
2022-12-27T11:26:05.5214720Z   File "/private/var/folders/51/hd414ycd67n82196sw51xqtc0000gn/T/cibw-run-isjaumk_/cp38-macosx_arm64/build/venv/lib/python3.8/site-packages/pip/_internal/resolution/resolvelib/candidates.py", line 297, in __init__
2022-12-27T11:26:05.5215790Z     super().__init__(
2022-12-27T11:26:05.5216610Z   File "/private/var/folders/51/hd414ycd67n82196sw51xqtc0000gn/T/cibw-run-isjaumk_/cp38-macosx_arm64/build/venv/lib/python3.8/site-packages/pip/_internal/resolution/resolvelib/candidates.py", line 162, in __init__
2022-12-27T11:26:05.5217220Z     self.dist = self._prepare()
2022-12-27T11:26:05.5218030Z   File "/private/var/folders/51/hd414ycd67n82196sw51xqtc0000gn/T/cibw-run-isjaumk_/cp38-macosx_arm64/build/venv/lib/python3.8/site-packages/pip/_internal/resolution/resolvelib/candidates.py", line 231, in _prepare
2022-12-27T11:26:05.5218620Z     dist = self._prepare_distribution()
2022-12-27T11:26:05.5219470Z   File "/private/var/folders/51/hd414ycd67n82196sw51xqtc0000gn/T/cibw-run-isjaumk_/cp38-macosx_arm64/build/venv/lib/python3.8/site-packages/pip/_internal/resolution/resolvelib/candidates.py", line 308, in _prepare_distribution
2022-12-27T11:26:05.5220140Z     return preparer.prepare_linked_requirement(self._ireq, parallel_builds=True)
2022-12-27T11:26:05.5221040Z   File "/private/var/folders/51/hd414ycd67n82196sw51xqtc0000gn/T/cibw-run-isjaumk_/cp38-macosx_arm64/build/venv/lib/python3.8/site-packages/pip/_internal/operations/prepare.py", line 491, in prepare_linked_requirement
2022-12-27T11:26:05.5221610Z     return self._prepare_linked_requirement(req, parallel_builds)
2022-12-27T11:26:05.5222640Z   File "/private/var/folders/51/hd414ycd67n82196sw51xqtc0000gn/T/cibw-run-isjaumk_/cp38-macosx_arm64/build/venv/lib/python3.8/site-packages/pip/_internal/operations/prepare.py", line 577, in _prepare_linked_requirement
2022-12-27T11:26:05.5223210Z     dist = _get_prepared_distribution(
2022-12-27T11:26:05.5224490Z   File "/private/var/folders/51/hd414ycd67n82196sw51xqtc0000gn/T/cibw-run-isjaumk_/cp38-macosx_arm64/build/venv/lib/python3.8/site-packages/pip/_internal/operations/prepare.py", line 69, in _get_prepared_distribution
2022-12-27T11:26:05.5225150Z     abstract_dist.prepare_distribution_metadata(
2022-12-27T11:26:05.5226020Z   File "/private/var/folders/51/hd414ycd67n82196sw51xqtc0000gn/T/cibw-run-isjaumk_/cp38-macosx_arm64/build/venv/lib/python3.8/site-packages/pip/_internal/distributions/sdist.py", line 61, in prepare_distribution_metadata
2022-12-27T11:26:05.5226540Z     self.req.prepare_metadata()
2022-12-27T11:26:05.5227440Z   File "/private/var/folders/51/hd414ycd67n82196sw51xqtc0000gn/T/cibw-run-isjaumk_/cp38-macosx_arm64/build/venv/lib/python3.8/site-packages/pip/_internal/req/req_install.py", line 541, in prepare_metadata
2022-12-27T11:26:05.5228040Z     self.metadata_directory = generate_metadata_legacy(
2022-12-27T11:26:05.5228890Z   File "/private/var/folders/51/hd414ycd67n82196sw51xqtc0000gn/T/cibw-run-isjaumk_/cp38-macosx_arm64/build/venv/lib/python3.8/site-packages/pip/_internal/operations/build/metadata_legacy.py", line 71, in generate_metadata
2022-12-27T11:26:05.5229610Z     raise MetadataGenerationFailed(package_details=details) from error
2022-12-27T11:26:05.5230090Z pip._internal.exceptions.MetadataGenerationFailed: metadata generation failed
2022-12-27T11:26:05.5231020Z Removed file:///Users/runner/actions-runner/_work/python.build/python.build/build_lxml20538/lxml-2.0.5 from build tracker '/private/var/folders/51/hd414ycd67n82196sw51xqtc0000gn/T/pip-build-tracker-08h_m2ps'
2022-12-27T11:26:05.5231820Z Removed build tracker: '/private/var/folders/51/hd414ycd67n82196sw51xqtc0000gn/T/pip-build-tracker-08h_m2ps'
2022-12-27T11:26:05.5864850Z ##[endgroup]
2022-12-27T11:26:05.5866280Z                                                               [31m✕ [0m1.21s
2022-12-27T11:26:05.6506440Z ##[error]Command ['python', '-m', 'pip', 'wheel', '/Users/runner/actions-runner/_work/python.build/python.build/build_lxml20538/lxml-2.0.5', '--wheel-dir=/private/var/folders/51/hd414ycd67n82196sw51xqtc0000gn/T/cibw-run-isjaumk_/cp38-macosx_arm64/built_wheel', '--no-deps', '-vvv'] failed with code 1. None
2022-12-27T11:26:05.6515300Z 
2022-12-27T11:26:05.6691200Z ##[error]Process completed with exit code 1.
2022-12-27T11:26:05.6748340Z ##[group]Run rm -rf build_lxml20538 wheelsout
2022-12-27T11:26:05.6748770Z [36;1mrm -rf build_lxml20538 wheelsout[0m
2022-12-27T11:26:05.6775080Z shell: /bin/bash -e {0}
2022-12-27T11:26:05.6775330Z env:
2022-12-27T11:26:05.6775680Z   pythonLocation: /Users/runner/hostedtoolcache/Python/3.8.15/x64
2022-12-27T11:26:05.6776110Z   PKG_CONFIG_PATH: /Users/runner/hostedtoolcache/Python/3.8.15/x64/lib/pkgconfig
2022-12-27T11:26:05.6776490Z   Python_ROOT_DIR: /Users/runner/hostedtoolcache/Python/3.8.15/x64
2022-12-27T11:26:05.6776890Z   Python2_ROOT_DIR: /Users/runner/hostedtoolcache/Python/3.8.15/x64
2022-12-27T11:26:05.6777390Z   Python3_ROOT_DIR: /Users/runner/hostedtoolcache/Python/3.8.15/x64
2022-12-27T11:26:05.6777740Z ##[endgroup]
2022-12-27T11:26:05.7656990Z Cleaning up orphan processes
