2022-12-27T01:55:01.8493806Z Requested labels: self-hosted, macOS, X64
2022-12-27T01:55:01.8493866Z Job defined at: kilnbuild/python.build/.github/workflows/mac_arm_build.yml@refs/heads/main
2022-12-27T01:55:01.8493892Z Waiting for a runner to pick up this job...
2022-12-27T02:23:06.7512163Z Job is about to start running on the runner: kr1 (organization)
2022-12-27T02:23:10.7269950Z Current runner version: '2.300.2'
2022-12-27T02:23:10.7277810Z Runner name: 'kr1'
2022-12-27T02:23:10.7278200Z Runner group name: 'Default'
2022-12-27T02:23:10.7279060Z Machine name: 'kr1'
2022-12-27T02:23:10.7281650Z ##[group]GITHUB_TOKEN Permissions
2022-12-27T02:23:10.7282340Z Actions: write
2022-12-27T02:23:10.7282600Z Checks: write
2022-12-27T02:23:10.7282840Z Contents: write
2022-12-27T02:23:10.7283090Z Deployments: write
2022-12-27T02:23:10.7283360Z Discussions: write
2022-12-27T02:23:10.7283610Z Issues: write
2022-12-27T02:23:10.7283850Z Metadata: read
2022-12-27T02:23:10.7284100Z Packages: write
2022-12-27T02:23:10.7284360Z Pages: write
2022-12-27T02:23:10.7284610Z PullRequests: write
2022-12-27T02:23:10.7284910Z RepositoryProjects: write
2022-12-27T02:23:10.7285210Z SecurityEvents: write
2022-12-27T02:23:10.7285470Z Statuses: write
2022-12-27T02:23:10.7285720Z ##[endgroup]
2022-12-27T02:23:10.7289370Z Secret source: Actions
2022-12-27T02:23:10.7289870Z Prepare workflow directory
2022-12-27T02:23:10.8408490Z Prepare all required actions
2022-12-27T02:23:10.8616590Z Getting action download info
2022-12-27T02:23:11.3126990Z Download action repository 'actions/setup-python@v4' (SHA:5ccb29d8773c3f3f653e1705f474dfaa8a06a912)
2022-12-27T02:23:13.2335500Z Download action repository 'actions/upload-artifact@v3' (SHA:83fd05a356d7e2593de66fc9913b3002723633cb)
2022-12-27T02:23:14.6544250Z ##[group]Run echo '{
2022-12-27T02:23:14.6544750Z [36;1mecho '{[0m
2022-12-27T02:23:14.6545160Z [36;1m  "environment_variables": "GRPC_PYTHON_BUILD_WITH_CYTHON=1 GRPC_BUILD_WITH_BORING_SSL_ASM='' GRPC_PYTHON_BUILD_SYSTEM_OPENSSL=TRUE",[0m
2022-12-27T02:23:14.6545610Z [36;1m  "package_name": "grpcio",[0m
2022-12-27T02:23:14.6546020Z [36;1m  "package_url": "https://files.pythonhosted.org/packages/37/c0/8c76b015890655ec1e9c2f2c9444a74b652b5d34310ffadfaefa35290a66/grpcio-0.4.0a0.tar.gz",[0m
2022-12-27T02:23:14.6546450Z [36;1m  "package_version": "0.4.0a0",[0m
2022-12-27T02:23:14.6546730Z [36;1m  "python_version": "3.8",[0m
2022-12-27T02:23:14.6547030Z [36;1m  "use_ccache": "true"[0m
2022-12-27T02:23:14.6547300Z [36;1m}'[0m
2022-12-27T02:23:14.6574770Z shell: /bin/bash -e {0}
2022-12-27T02:23:14.6574990Z ##[endgroup]
2022-12-27T02:23:14.7009540Z {
2022-12-27T02:23:14.7012440Z   "environment_variables": "GRPC_PYTHON_BUILD_WITH_CYTHON=1 GRPC_BUILD_WITH_BORING_SSL_ASM= GRPC_PYTHON_BUILD_SYSTEM_OPENSSL=TRUE",
2022-12-27T02:23:14.7012870Z   "package_name": "grpcio",
2022-12-27T02:23:14.7013810Z   "package_url": "https://files.pythonhosted.org/packages/37/c0/8c76b015890655ec1e9c2f2c9444a74b652b5d34310ffadfaefa35290a66/grpcio-0.4.0a0.tar.gz",
2022-12-27T02:23:14.7014330Z   "package_version": "0.4.0a0",
2022-12-27T02:23:14.7014710Z   "python_version": "3.8",
2022-12-27T02:23:14.7015050Z   "use_ccache": "true"
2022-12-27T02:23:14.7015350Z }
2022-12-27T02:23:14.7356680Z ##[group]Run actions/setup-python@v4
2022-12-27T02:23:14.7357120Z with:
2022-12-27T02:23:14.7357570Z   python-version: 3.8
2022-12-27T02:23:14.7357900Z   check-latest: false
2022-12-27T02:23:14.7358510Z   token: ***
2022-12-27T02:23:14.7358880Z   update-environment: true
2022-12-27T02:23:14.7359150Z ##[endgroup]
2022-12-27T02:23:14.9612300Z ##[group]Installed versions
2022-12-27T02:23:14.9660850Z Successfully set up CPython (3.8.15)
2022-12-27T02:23:14.9665590Z ##[endgroup]
2022-12-27T02:23:14.9901220Z ##[group]Run if [ "true" == "true" ]
2022-12-27T02:23:14.9901690Z [36;1mif [ "true" == "true" ][0m
2022-12-27T02:23:14.9901980Z [36;1mthen[0m
2022-12-27T02:23:14.9902390Z [36;1m  echo "CCACHE_PATH_PREPEND=/usr/local/opt/ccache/libexec" >> $GITHUB_OUTPUT[0m
2022-12-27T02:23:14.9902980Z [36;1melse[0m
2022-12-27T02:23:14.9903360Z [36;1m  echo "CCACHE_PATH_PREPEND=" >> $GITHUB_OUTPUT[0m
2022-12-27T02:23:14.9903650Z [36;1mfi[0m
2022-12-27T02:23:14.9945800Z shell: /bin/bash -e {0}
2022-12-27T02:23:14.9946220Z env:
2022-12-27T02:23:14.9946630Z   pythonLocation: /Users/runner/hostedtoolcache/Python/3.8.15/x64
2022-12-27T02:23:14.9947030Z   PKG_CONFIG_PATH: /Users/runner/hostedtoolcache/Python/3.8.15/x64/lib/pkgconfig
2022-12-27T02:23:14.9948520Z   Python_ROOT_DIR: /Users/runner/hostedtoolcache/Python/3.8.15/x64
2022-12-27T02:23:14.9948890Z   Python2_ROOT_DIR: /Users/runner/hostedtoolcache/Python/3.8.15/x64
2022-12-27T02:23:14.9949490Z   Python3_ROOT_DIR: /Users/runner/hostedtoolcache/Python/3.8.15/x64
2022-12-27T02:23:14.9949880Z ##[endgroup]
2022-12-27T02:23:15.0294830Z ##[group]Run echo "BUILD_NAME=$(echo grpcio_0.4.0a0_3.8 | tr -dc '[:alnum:]\n\r' | tr '[:upper:]' '[:lower:]')" >> $GITHUB_OUTPUT
2022-12-27T02:23:15.0295560Z [36;1mecho "BUILD_NAME=$(echo grpcio_0.4.0a0_3.8 | tr -dc '[:alnum:]\n\r' | tr '[:upper:]' '[:lower:]')" >> $GITHUB_OUTPUT[0m
2022-12-27T02:23:15.0324960Z shell: /bin/bash -e {0}
2022-12-27T02:23:15.0325160Z env:
2022-12-27T02:23:15.0325410Z   pythonLocation: /Users/runner/hostedtoolcache/Python/3.8.15/x64
2022-12-27T02:23:15.0325810Z   PKG_CONFIG_PATH: /Users/runner/hostedtoolcache/Python/3.8.15/x64/lib/pkgconfig
2022-12-27T02:23:15.0326210Z   Python_ROOT_DIR: /Users/runner/hostedtoolcache/Python/3.8.15/x64
2022-12-27T02:23:15.0326690Z   Python2_ROOT_DIR: /Users/runner/hostedtoolcache/Python/3.8.15/x64
2022-12-27T02:23:15.0327150Z   Python3_ROOT_DIR: /Users/runner/hostedtoolcache/Python/3.8.15/x64
2022-12-27T02:23:15.0327460Z ##[endgroup]
2022-12-27T02:23:15.0583010Z ##[group]Run echo "PYTHON_NO_DOTS=$(echo 3.8 | tr -dc '[:alnum:]\n\r' | tr '[:upper:]' '[:lower:]')" >> $GITHUB_OUTPUT
2022-12-27T02:23:15.0583550Z [36;1mecho "PYTHON_NO_DOTS=$(echo 3.8 | tr -dc '[:alnum:]\n\r' | tr '[:upper:]' '[:lower:]')" >> $GITHUB_OUTPUT[0m
2022-12-27T02:23:15.0611060Z shell: /bin/bash -e {0}
2022-12-27T02:23:15.0611370Z env:
2022-12-27T02:23:15.0611740Z   pythonLocation: /Users/runner/hostedtoolcache/Python/3.8.15/x64
2022-12-27T02:23:15.0612120Z   PKG_CONFIG_PATH: /Users/runner/hostedtoolcache/Python/3.8.15/x64/lib/pkgconfig
2022-12-27T02:23:15.0612650Z   Python_ROOT_DIR: /Users/runner/hostedtoolcache/Python/3.8.15/x64
2022-12-27T02:23:15.0613080Z   Python2_ROOT_DIR: /Users/runner/hostedtoolcache/Python/3.8.15/x64
2022-12-27T02:23:15.0613500Z   Python3_ROOT_DIR: /Users/runner/hostedtoolcache/Python/3.8.15/x64
2022-12-27T02:23:15.0613860Z ##[endgroup]
2022-12-27T02:23:15.0884290Z ##[group]Run rm -rf build_grpcio040a038
2022-12-27T02:23:15.0884770Z [36;1mrm -rf build_grpcio040a038[0m
2022-12-27T02:23:15.0885050Z [36;1mmkdir build_grpcio040a038[0m
2022-12-27T02:23:15.0885390Z [36;1mcd build_grpcio040a038[0m
2022-12-27T02:23:15.0886050Z [36;1m/usr/local/bin/wget --quiet https://files.pythonhosted.org/packages/37/c0/8c76b015890655ec1e9c2f2c9444a74b652b5d34310ffadfaefa35290a66/grpcio-0.4.0a0.tar.gz[0m
2022-12-27T02:23:15.0886500Z [36;1mtar xf *.tar.gz[0m
2022-12-27T02:23:15.0886840Z [36;1mcd grpcio-*/[0m
2022-12-27T02:23:15.0887210Z [36;1mpython -m pip install cibuildwheel==2.11.3[0m
2022-12-27T02:23:15.0887700Z [36;1mpython -m cibuildwheel --output-dir ../wheelsout[0m
2022-12-27T02:23:15.0915710Z shell: /bin/bash -e {0}
2022-12-27T02:23:15.0916040Z env:
2022-12-27T02:23:15.0916490Z   pythonLocation: /Users/runner/hostedtoolcache/Python/3.8.15/x64
2022-12-27T02:23:15.0917090Z   PKG_CONFIG_PATH: /Users/runner/hostedtoolcache/Python/3.8.15/x64/lib/pkgconfig
2022-12-27T02:23:15.0918590Z   Python_ROOT_DIR: /Users/runner/hostedtoolcache/Python/3.8.15/x64
2022-12-27T02:23:15.0918990Z   Python2_ROOT_DIR: /Users/runner/hostedtoolcache/Python/3.8.15/x64
2022-12-27T02:23:15.0919450Z   Python3_ROOT_DIR: /Users/runner/hostedtoolcache/Python/3.8.15/x64
2022-12-27T02:23:15.0919920Z   CIBW_ARCHS_MACOS: arm64
2022-12-27T02:23:15.0920210Z   CIBW_TEST_SKIP: *_arm64
2022-12-27T02:23:15.0920570Z   CIBW_BUILD: cp38-macosx_arm64
2022-12-27T02:23:15.0920930Z   CIBW_BUILD_FRONTEND: pip
2022-12-27T02:23:15.0921370Z   CIBW_BUILD_VERBOSITY: 3
2022-12-27T02:23:15.0922010Z   CIBW_ENVIRONMENT_MACOS: GRPC_PYTHON_BUILD_WITH_CYTHON=1 GRPC_BUILD_WITH_BORING_SSL_ASM='' GRPC_PYTHON_BUILD_SYSTEM_OPENSSL=TRUE CFLAGS="-I/usr/local/opt/openssl@3/include" LDFLAGS="-L/usr/local/opt/openssl@3/lib" CPPFLAGS="-I/usr/local/opt/openssl@3/include" MAKEFLAGS="-j$(sysctl -n hw.logicalcpu)" PATH=/usr/local/opt/ccache/libexec:$PATH
2022-12-27T02:23:15.0923150Z   CIBW_BEFORE_BUILD: pip install Cython; if [[ -f requirements.txt ]]; then pip install -r requirements.txt; fi
2022-12-27T02:23:15.0923630Z   MAKEFLAGS: -j$(sysctl -n hw.logicalcpu)
2022-12-27T02:23:15.0923990Z ##[endgroup]
2022-12-27T02:23:15.8330240Z Requirement already satisfied: cibuildwheel==2.11.3 in /Users/runner/hostedtoolcache/Python/3.8.15/x64/lib/python3.8/site-packages (2.11.3)
2022-12-27T02:23:15.8940620Z Requirement already satisfied: certifi in /Users/runner/hostedtoolcache/Python/3.8.15/x64/lib/python3.8/site-packages (from cibuildwheel==2.11.3) (2022.12.7)
2022-12-27T02:23:15.8946040Z Requirement already satisfied: bashlex!=0.13 in /Users/runner/hostedtoolcache/Python/3.8.15/x64/lib/python3.8/site-packages (from cibuildwheel==2.11.3) (0.16)
2022-12-27T02:23:15.8957230Z Requirement already satisfied: typing-extensions>=4.1.0 in /Users/runner/hostedtoolcache/Python/3.8.15/x64/lib/python3.8/site-packages (from cibuildwheel==2.11.3) (4.4.0)
2022-12-27T02:23:15.8967940Z Requirement already satisfied: tomli in /Users/runner/hostedtoolcache/Python/3.8.15/x64/lib/python3.8/site-packages (from cibuildwheel==2.11.3) (2.0.1)
2022-12-27T02:23:15.8973230Z Requirement already satisfied: packaging>=20.9 in /Users/runner/hostedtoolcache/Python/3.8.15/x64/lib/python3.8/site-packages (from cibuildwheel==2.11.3) (22.0)
2022-12-27T02:23:15.8978220Z Requirement already satisfied: bracex in /Users/runner/hostedtoolcache/Python/3.8.15/x64/lib/python3.8/site-packages (from cibuildwheel==2.11.3) (2.3.post1)
2022-12-27T02:23:15.8983840Z Requirement already satisfied: platformdirs in /Users/runner/hostedtoolcache/Python/3.8.15/x64/lib/python3.8/site-packages (from cibuildwheel==2.11.3) (2.6.0)
2022-12-27T02:23:15.8990700Z Requirement already satisfied: filelock in /Users/runner/hostedtoolcache/Python/3.8.15/x64/lib/python3.8/site-packages (from cibuildwheel==2.11.3) (3.8.2)
2022-12-27T02:23:16.2515920Z 
2022-12-27T02:23:16.2517190Z      _ _       _ _   _       _           _
2022-12-27T02:23:16.2519450Z  ___|_| |_ _ _|_| |_| |_ _ _| |_ ___ ___| |
2022-12-27T02:23:16.2523490Z |  _| | . | | | | | . | | | |   | -_| -_| |
2022-12-27T02:23:16.2524650Z |___|_|___|___|_|_|___|_____|_|_|___|___|_|
2022-12-27T02:23:16.2524860Z 
2022-12-27T02:23:16.2525030Z cibuildwheel version 2.11.3
2022-12-27T02:23:16.2525230Z 
2022-12-27T02:23:16.2525310Z Build options:
2022-12-27T02:23:16.2525620Z   platform: macos
2022-12-27T02:23:16.2674160Z   architectures: arm64[0m
2022-12-27T02:23:16.2674970Z   build_selector: 
2022-12-27T02:23:16.2676430Z     build_config: cp38-macosx_arm64
2022-12-27T02:23:16.2678490Z     skip_config: 
2022-12-27T02:23:16.2679990Z     requires_python: None
2022-12-27T02:23:16.2680760Z     prerelease_pythons: False[0m
2022-12-27T02:23:16.2681930Z   [38;5;244mcontainer_engine: docker[0m
2022-12-27T02:23:16.2683830Z   output_dir: /Users/runner/actions-runner/_work/python.build/python.build/build_grpcio040a038/wheelsout[0m
2022-12-27T02:23:16.2684810Z   package_dir: /Users/runner/actions-runner/_work/python.build/python.build/build_grpcio040a038/grpcio-0.4.0a0[0m
2022-12-27T02:23:16.2685220Z   test_selector: 
2022-12-27T02:23:16.2685770Z     skip_config: *_arm64[0m
2022-12-27T02:23:16.2687090Z   [38;5;244mbefore_all: [0m
2022-12-27T02:23:16.2687760Z   before_build: pip install Cython; if [[ -f requirements.txt ]]; then pip install -r requirements.txt; fi[0m
2022-12-27T02:23:16.2688300Z   [38;5;244mbefore_test: [0m
2022-12-27T02:23:16.2688890Z   [38;5;244mbuild_frontend: pip[0m
2022-12-27T02:23:16.2689760Z   build_verbosity: 3[0m
2022-12-27T02:23:16.2690130Z   [38;5;244mconfig_settings: [0m
2022-12-27T02:23:16.2690620Z   [38;5;244mdependency_constraints: pinned[0m
2022-12-27T02:23:16.2691010Z   environment: 
2022-12-27T02:23:16.2691550Z     GRPC_PYTHON_BUILD_WITH_CYTHON=1
2022-12-27T02:23:16.2692010Z     GRPC_BUILD_WITH_BORING_SSL_ASM=''
2022-12-27T02:23:16.2692400Z     GRPC_PYTHON_BUILD_SYSTEM_OPENSSL=TRUE
2022-12-27T02:23:16.2693740Z     CFLAGS="-I/usr/local/opt/openssl@3/include"
2022-12-27T02:23:16.2694390Z     LDFLAGS="-L/usr/local/opt/openssl@3/lib"
2022-12-27T02:23:16.2695040Z     CPPFLAGS="-I/usr/local/opt/openssl@3/include"
2022-12-27T02:23:16.2695480Z     MAKEFLAGS="-j$(sysctl -n hw.logicalcpu)"
2022-12-27T02:23:16.2696050Z     PATH=/usr/local/opt/ccache/libexec:$PATH[0m
2022-12-27T02:23:16.2696540Z   [38;5;244mmanylinux_images: None[0m
2022-12-27T02:23:16.2696990Z   [38;5;244mmusllinux_images: None[0m
2022-12-27T02:23:16.2697920Z   [38;5;244mrepair_command: delocate-wheel --require-archs {delocate_archs} -w {dest_dir} -v {wheel}[0m
2022-12-27T02:23:16.2698440Z   [38;5;244mtest_command: [0m
2022-12-27T02:23:16.2698860Z   [38;5;244mtest_extras: [0m
2022-12-27T02:23:16.2699210Z   [38;5;244mtest_requires: [0m
2022-12-27T02:23:16.2699500Z 
2022-12-27T02:23:16.2699870Z Cache folder: /Users/runner/Library/Caches/cibuildwheel
2022-12-27T02:23:16.2709990Z 
2022-12-27T02:23:16.2710680Z Here we go!
2022-12-27T02:23:16.2711090Z 
2022-12-27T02:23:16.2812980Z 
2022-12-27T02:23:16.2814440Z [1m[34mBuilding cp38-macosx_arm64 wheel[0m
2022-12-27T02:23:16.2815290Z CPython 3.8 macOS arm64 - Apple Silicon
2022-12-27T02:23:16.2815710Z 
2022-12-27T02:23:16.2820530Z ##[group]Installing Python cp38...
2022-12-27T02:23:16.2821010Z 
2022-12-27T02:23:16.2821650Z + pkgutil --pkgs
2022-12-27T02:23:16.3040380Z ##[endgroup]
2022-12-27T02:23:16.3042480Z                                                               [32m✓ [0m0.02s
2022-12-27T02:23:16.3043140Z ##[group]Setting up build environment...
2022-12-27T02:23:16.3043370Z 
2022-12-27T02:23:16.3089140Z + /Users/runner/hostedtoolcache/Python/3.8.15/x64/bin/python -sS /Users/runner/Library/Caches/cibuildwheel/virtualenv-20.17.0.pyz --activators= --no-periodic-update --pip=22.3.1 --setuptools=65.6.3 --wheel=0.38.4 --symlink-app-data --python /Library/Frameworks/Python.framework/Versions/3.8/bin/python3 /private/var/folders/51/hd414ycd67n82196sw51xqtc0000gn/T/cibw-run-3qyw0r0j/cp38-macosx_arm64/build/venv
2022-12-27T02:23:16.6435260Z created virtual environment CPython3.8.10.final.0-64 in 83ms
2022-12-27T02:23:16.6438220Z   creator CPython3Posix(dest=/private/var/folders/51/hd414ycd67n82196sw51xqtc0000gn/T/cibw-run-3qyw0r0j/cp38-macosx_arm64/build/venv, clear=False, no_vcs_ignore=False, global=False)
2022-12-27T02:23:16.6439670Z   seeder FromAppData(download=False, pip=22.3.1, setuptools=65.6.3, wheel=0.38.4, via=symlink, app_data_dir=/Users/runner/Library/Application Support/virtualenv)
2022-12-27T02:23:16.6440810Z     added seed packages: pip==22.3.1, setuptools==65.6.3, wheel==0.38.4
2022-12-27T02:23:16.6703420Z + python -m pip install --upgrade pip -c /Users/runner/hostedtoolcache/Python/3.8.15/x64/lib/python3.8/site-packages/cibuildwheel/resources/constraints-python38.txt
2022-12-27T02:23:17.8036100Z Requirement already satisfied: pip in ./lib/python3.8/site-packages (22.3.1)
2022-12-27T02:23:18.1127820Z + which pip
2022-12-27T02:23:18.1169850Z /private/var/folders/51/hd414ycd67n82196sw51xqtc0000gn/T/cibw-run-3qyw0r0j/cp38-macosx_arm64/build/venv/bin/pip
2022-12-27T02:23:18.1177560Z + pip --version
2022-12-27T02:23:18.5129030Z pip 22.3.1 from /private/var/folders/51/hd414ycd67n82196sw51xqtc0000gn/T/cibw-run-3qyw0r0j/cp38-macosx_arm64/build/venv/lib/python3.8/site-packages/pip (python 3.8)
2022-12-27T02:23:18.5725610Z + which pip
2022-12-27T02:23:18.5777780Z + which python
2022-12-27T02:23:18.5823550Z /private/var/folders/51/hd414ycd67n82196sw51xqtc0000gn/T/cibw-run-3qyw0r0j/cp38-macosx_arm64/build/venv/bin/python
2022-12-27T02:23:18.5834010Z + python --version
2022-12-27T02:23:18.5932560Z Python 3.8.10
2022-12-27T02:23:18.5941040Z + which python
2022-12-27T02:23:18.6048320Z ##[endgroup]
2022-12-27T02:23:18.6049750Z                                                               [32m✓ [0m2.30s
2022-12-27T02:23:18.6051660Z ##[group]Installing build tools...
2022-12-27T02:23:18.6052380Z 
2022-12-27T02:23:18.6055460Z + pip install --upgrade setuptools wheel delocate -c /Users/runner/hostedtoolcache/Python/3.8.15/x64/lib/python3.8/site-packages/cibuildwheel/resources/constraints-python38.txt
2022-12-27T02:23:19.1581700Z Requirement already satisfied: setuptools in /private/var/folders/51/hd414ycd67n82196sw51xqtc0000gn/T/cibw-run-3qyw0r0j/cp38-macosx_arm64/build/venv/lib/python3.8/site-packages (65.6.3)
2022-12-27T02:23:19.5839340Z Requirement already satisfied: wheel in /private/var/folders/51/hd414ycd67n82196sw51xqtc0000gn/T/cibw-run-3qyw0r0j/cp38-macosx_arm64/build/venv/lib/python3.8/site-packages (0.38.4)
2022-12-27T02:23:19.6689790Z Collecting delocate
2022-12-27T02:23:19.6744970Z   Using cached delocate-0.10.3-py3-none-any.whl (142 kB)
2022-12-27T02:23:19.7341890Z Collecting packaging>=20.9
2022-12-27T02:23:19.7395220Z   Using cached packaging-21.3-py3-none-any.whl (40 kB)
2022-12-27T02:23:19.7760530Z Collecting typing-extensions
2022-12-27T02:23:19.7806260Z   Using cached typing_extensions-4.4.0-py3-none-any.whl (26 kB)
2022-12-27T02:23:19.8556100Z Collecting pyparsing!=3.0.5,>=2.0.2
2022-12-27T02:23:19.8603260Z   Using cached pyparsing-3.0.9-py3-none-any.whl (98 kB)
2022-12-27T02:23:19.9290760Z Installing collected packages: typing-extensions, pyparsing, packaging, delocate
2022-12-27T02:23:20.1481260Z Successfully installed delocate-0.10.3 packaging-21.3 pyparsing-3.0.9 typing-extensions-4.4.0
2022-12-27T02:23:20.2754470Z ##[endgroup]
2022-12-27T02:23:20.2755430Z                                                               [32m✓ [0m1.67s
2022-12-27T02:23:20.2756290Z ##[group]Running before_build...
2022-12-27T02:23:20.2756500Z 
2022-12-27T02:23:20.2767370Z + pip install Cython; if [[ -f requirements.txt ]]; then pip install -r requirements.txt; fi
2022-12-27T02:23:21.4650550Z Collecting Cython
2022-12-27T02:23:21.4748210Z   Using cached Cython-0.29.32-py2.py3-none-any.whl (986 kB)
2022-12-27T02:23:21.5552440Z Installing collected packages: Cython
2022-12-27T02:23:22.2951780Z Successfully installed Cython-0.29.32
2022-12-27T02:23:22.4207410Z ##[endgroup]
2022-12-27T02:23:22.4209120Z                                                               [32m✓ [0m2.15s
2022-12-27T02:23:22.4210330Z ##[group]Building wheel...
2022-12-27T02:23:22.4211730Z 
2022-12-27T02:23:22.4214790Z + python -m pip wheel /Users/runner/actions-runner/_work/python.build/python.build/build_grpcio040a038/grpcio-0.4.0a0 --wheel-dir=/private/var/folders/51/hd414ycd67n82196sw51xqtc0000gn/T/cibw-run-3qyw0r0j/cp38-macosx_arm64/built_wheel --no-deps -vvv
2022-12-27T02:23:22.9213520Z Created temporary directory: /private/var/folders/51/hd414ycd67n82196sw51xqtc0000gn/T/pip-ephem-wheel-cache-eonph94f
2022-12-27T02:23:22.9219350Z Created temporary directory: /private/var/folders/51/hd414ycd67n82196sw51xqtc0000gn/T/pip-build-tracker-o2bg0y5h
2022-12-27T02:23:22.9221960Z Initialized build tracking at /private/var/folders/51/hd414ycd67n82196sw51xqtc0000gn/T/pip-build-tracker-o2bg0y5h
2022-12-27T02:23:22.9224770Z Created build tracker: /private/var/folders/51/hd414ycd67n82196sw51xqtc0000gn/T/pip-build-tracker-o2bg0y5h
2022-12-27T02:23:22.9229230Z Entered build tracker: /private/var/folders/51/hd414ycd67n82196sw51xqtc0000gn/T/pip-build-tracker-o2bg0y5h
2022-12-27T02:23:22.9233140Z Created temporary directory: /private/var/folders/51/hd414ycd67n82196sw51xqtc0000gn/T/pip-wheel-pnmnnd7p
2022-12-27T02:23:22.9245320Z Created temporary directory: /private/var/folders/51/hd414ycd67n82196sw51xqtc0000gn/T/pip-ephem-wheel-cache-qodyqnt2
2022-12-27T02:23:22.9412090Z Processing /Users/runner/actions-runner/_work/python.build/python.build/build_grpcio040a038/grpcio-0.4.0a0
2022-12-27T02:23:22.9424580Z   Added file:///Users/runner/actions-runner/_work/python.build/python.build/build_grpcio040a038/grpcio-0.4.0a0 to build tracker '/private/var/folders/51/hd414ycd67n82196sw51xqtc0000gn/T/pip-build-tracker-o2bg0y5h'
2022-12-27T02:23:22.9432130Z   Running setup.py (path:/Users/runner/actions-runner/_work/python.build/python.build/build_grpcio040a038/grpcio-0.4.0a0/setup.py) egg_info for package from file:///Users/runner/actions-runner/_work/python.build/python.build/build_grpcio040a038/grpcio-0.4.0a0
2022-12-27T02:23:22.9437560Z   Created temporary directory: /private/var/folders/51/hd414ycd67n82196sw51xqtc0000gn/T/pip-pip-egg-info-lz61hgpe
2022-12-27T02:23:22.9441950Z   Preparing metadata (setup.py): started
2022-12-27T02:23:22.9445530Z   Running command python setup.py egg_info
2022-12-27T02:23:23.5686660Z   Preparing metadata (setup.py): finished with status 'done'
2022-12-27T02:23:23.5731580Z   Source in /Users/runner/actions-runner/_work/python.build/python.build/build_grpcio040a038/grpcio-0.4.0a0 has version 0.4.0a0, which satisfies requirement grpcio==0.4.0a0 from file:///Users/runner/actions-runner/_work/python.build/python.build/build_grpcio040a038/grpcio-0.4.0a0
2022-12-27T02:23:23.5740060Z   Removed grpcio==0.4.0a0 from file:///Users/runner/actions-runner/_work/python.build/python.build/build_grpcio040a038/grpcio-0.4.0a0 from build tracker '/private/var/folders/51/hd414ycd67n82196sw51xqtc0000gn/T/pip-build-tracker-o2bg0y5h'
2022-12-27T02:23:23.6000130Z Created temporary directory: /private/var/folders/51/hd414ycd67n82196sw51xqtc0000gn/T/pip-unpack-bh2b1k_t
2022-12-27T02:23:23.6003680Z Building wheels for collected packages: grpcio
2022-12-27T02:23:23.6016240Z   Created temporary directory: /private/var/folders/51/hd414ycd67n82196sw51xqtc0000gn/T/pip-wheel-t770_p2i
2022-12-27T02:23:23.6020050Z   Building wheel for grpcio (setup.py): started
2022-12-27T02:23:23.6023750Z   Destination directory: /private/var/folders/51/hd414ycd67n82196sw51xqtc0000gn/T/pip-wheel-t770_p2i
2022-12-27T02:23:23.6027930Z   Running command python setup.py bdist_wheel
2022-12-27T02:23:24.4003680Z   grpc/_adapter/_c.c:35:10: fatal error: 'grpc/grpc.h' file not found
2022-12-27T02:23:24.4004890Z   #include <grpc/grpc.h>
2022-12-27T02:23:24.4009940Z            ^~~~~~~~~~~~~
2022-12-27T02:23:24.4011490Z   1 error generated.
2022-12-27T02:23:24.4043110Z   error: command '/usr/bin/gcc' failed with exit code 1
2022-12-27T02:23:24.4600100Z   error: subprocess-exited-with-error
2022-12-27T02:23:24.4600630Z   
2022-12-27T02:23:24.4601330Z   × python setup.py bdist_wheel did not run successfully.
2022-12-27T02:23:24.4602500Z   │ exit code: 1
2022-12-27T02:23:24.4603460Z   ╰─> See above for output.
2022-12-27T02:23:24.4603940Z   
2022-12-27T02:23:24.4604360Z   note: This error originates from a subprocess, and is likely not a problem with pip.
2022-12-27T02:23:24.4621670Z   full command: /private/var/folders/51/hd414ycd67n82196sw51xqtc0000gn/T/cibw-run-3qyw0r0j/cp38-macosx_arm64/build/venv/bin/python -u -c '
2022-12-27T02:23:24.4622620Z   exec(compile('"'"''"'"''"'"'
2022-12-27T02:23:24.4623340Z   # This is <pip-setuptools-caller> -- a caller that pip uses to run setup.py
2022-12-27T02:23:24.4623740Z   #
2022-12-27T02:23:24.4624700Z   # - It imports setuptools before invoking setup.py, to enable projects that directly
2022-12-27T02:23:24.4625640Z   #   import from `distutils.core` to work with newer packaging standards.
2022-12-27T02:23:24.4626580Z   # - It provides a clear error message when setuptools is not installed.
2022-12-27T02:23:24.4627280Z   # - It sets `sys.argv[0]` to the underlying `setup.py`, when invoking `setup.py` so
2022-12-27T02:23:24.4628390Z   #   setuptools doesn'"'"'t think the script is `-c`. This avoids the following warning:
2022-12-27T02:23:24.4629430Z   #     manifest_maker: standard file '"'"'-c'"'"' not found".
2022-12-27T02:23:24.4630090Z   # - It generates a shim setup.py, for handling setup.cfg-only projects.
2022-12-27T02:23:24.4630970Z   import os, sys, tokenize
2022-12-27T02:23:24.4631620Z   
2022-12-27T02:23:24.4632210Z   try:
2022-12-27T02:23:24.4632670Z       import setuptools
2022-12-27T02:23:24.4633500Z   except ImportError as error:
2022-12-27T02:23:24.4634140Z       print(
2022-12-27T02:23:24.4634670Z           "ERROR: Can not execute `setup.py` since setuptools is not available in "
2022-12-27T02:23:24.4635410Z           "the build environment.",
2022-12-27T02:23:24.4635940Z           file=sys.stderr,
2022-12-27T02:23:24.4636880Z       )
2022-12-27T02:23:24.4637320Z       sys.exit(1)
2022-12-27T02:23:24.4637750Z   
2022-12-27T02:23:24.4638090Z   __file__ = %r
2022-12-27T02:23:24.4638550Z   sys.argv[0] = __file__
2022-12-27T02:23:24.4639210Z   
2022-12-27T02:23:24.4639540Z   if os.path.exists(__file__):
2022-12-27T02:23:24.4640040Z       filename = __file__
2022-12-27T02:23:24.4640530Z       with tokenize.open(__file__) as f:
2022-12-27T02:23:24.4640890Z           setup_py_code = f.read()
2022-12-27T02:23:24.4641440Z   else:
2022-12-27T02:23:24.4642090Z       filename = "<auto-generated setuptools caller>"
2022-12-27T02:23:24.4642530Z       setup_py_code = "from setuptools import setup; setup()"
2022-12-27T02:23:24.4643010Z   
2022-12-27T02:23:24.4643660Z   exec(compile(setup_py_code, filename, "exec"))
2022-12-27T02:23:24.4644650Z   '"'"''"'"''"'"' % ('"'"'/Users/runner/actions-runner/_work/python.build/python.build/build_grpcio040a038/grpcio-0.4.0a0/setup.py'"'"',), "<pip-setuptools-caller>", "exec"))' bdist_wheel -d /private/var/folders/51/hd414ycd67n82196sw51xqtc0000gn/T/pip-wheel-t770_p2i
2022-12-27T02:23:24.4645490Z   cwd: /Users/runner/actions-runner/_work/python.build/python.build/build_grpcio040a038/grpcio-0.4.0a0/
2022-12-27T02:23:24.4646090Z   ERROR: Failed building wheel for grpcio
2022-12-27T02:23:24.4646740Z   Building wheel for grpcio (setup.py): finished with status 'error'
2022-12-27T02:23:24.4647420Z   Running command python setup.py clean
2022-12-27T02:23:24.4647800Z   Running setup.py clean for grpcio
2022-12-27T02:23:24.7794640Z   'build/bdist.macosx-11.0-arm64' does not exist -- can't clean it
2022-12-27T02:23:24.7795140Z   'build/scripts-3.8' does not exist -- can't clean it
2022-12-27T02:23:24.8158030Z Failed to build grpcio
2022-12-27T02:23:24.8166090Z ERROR: Failed to build one or more wheels
2022-12-27T02:23:24.8210570Z Exception information:
2022-12-27T02:23:24.8212130Z Traceback (most recent call last):
2022-12-27T02:23:24.8225760Z   File "/private/var/folders/51/hd414ycd67n82196sw51xqtc0000gn/T/cibw-run-3qyw0r0j/cp38-macosx_arm64/build/venv/lib/python3.8/site-packages/pip/_internal/cli/base_command.py", line 160, in exc_logging_wrapper
2022-12-27T02:23:24.8227040Z     status = run_func(*args)
2022-12-27T02:23:24.8227960Z   File "/private/var/folders/51/hd414ycd67n82196sw51xqtc0000gn/T/cibw-run-3qyw0r0j/cp38-macosx_arm64/build/venv/lib/python3.8/site-packages/pip/_internal/cli/req_command.py", line 247, in wrapper
2022-12-27T02:23:24.8228600Z     return func(self, options, args)
2022-12-27T02:23:24.8229480Z   File "/private/var/folders/51/hd414ycd67n82196sw51xqtc0000gn/T/cibw-run-3qyw0r0j/cp38-macosx_arm64/build/venv/lib/python3.8/site-packages/pip/_internal/commands/wheel.py", line 201, in run
2022-12-27T02:23:24.8230210Z     raise CommandError("Failed to build one or more wheels")
2022-12-27T02:23:24.8230720Z pip._internal.exceptions.CommandError: Failed to build one or more wheels
2022-12-27T02:23:24.8231390Z Removed build tracker: '/private/var/folders/51/hd414ycd67n82196sw51xqtc0000gn/T/pip-build-tracker-o2bg0y5h'
2022-12-27T02:23:24.9174450Z ##[endgroup]
2022-12-27T02:23:24.9175310Z                                                               [31m✕ [0m2.50s
2022-12-27T02:23:24.9804140Z ##[error]Command ['python', '-m', 'pip', 'wheel', '/Users/runner/actions-runner/_work/python.build/python.build/build_grpcio040a038/grpcio-0.4.0a0', '--wheel-dir=/private/var/folders/51/hd414ycd67n82196sw51xqtc0000gn/T/cibw-run-3qyw0r0j/cp38-macosx_arm64/built_wheel', '--no-deps', '-vvv'] failed with code 1. None
2022-12-27T02:23:24.9814480Z 
2022-12-27T02:23:25.0055510Z ##[error]Process completed with exit code 1.
2022-12-27T02:23:25.0110320Z ##[group]Run rm -rf build_grpcio040a038 wheelsout
2022-12-27T02:23:25.0110680Z [36;1mrm -rf build_grpcio040a038 wheelsout[0m
2022-12-27T02:23:25.0137970Z shell: /bin/bash -e {0}
2022-12-27T02:23:25.0138260Z env:
2022-12-27T02:23:25.0138580Z   pythonLocation: /Users/runner/hostedtoolcache/Python/3.8.15/x64
2022-12-27T02:23:25.0139020Z   PKG_CONFIG_PATH: /Users/runner/hostedtoolcache/Python/3.8.15/x64/lib/pkgconfig
2022-12-27T02:23:25.0139740Z   Python_ROOT_DIR: /Users/runner/hostedtoolcache/Python/3.8.15/x64
2022-12-27T02:23:25.0140180Z   Python2_ROOT_DIR: /Users/runner/hostedtoolcache/Python/3.8.15/x64
2022-12-27T02:23:25.0140580Z   Python3_ROOT_DIR: /Users/runner/hostedtoolcache/Python/3.8.15/x64
2022-12-27T02:23:25.0140870Z ##[endgroup]
2022-12-27T02:23:25.0639000Z Cleaning up orphan processes
