2022-12-27T08:54:29.9093319Z Requested labels: self-hosted, macOS, X64
2022-12-27T08:54:29.9093442Z Job defined at: kilnbuild/python.build/.github/workflows/mac_arm_build.yml@refs/heads/main
2022-12-27T08:54:29.9093478Z Waiting for a runner to pick up this job...
2022-12-27T11:31:43.5128817Z Job is about to start running on the runner: k1 (organization)
2022-12-27T11:31:46.5371720Z Current runner version: '2.300.2'
2022-12-27T11:31:46.5376580Z Runner name: 'k1'
2022-12-27T11:31:46.5376850Z Runner group name: 'Default'
2022-12-27T11:31:46.5377330Z Machine name: 'k1'
2022-12-27T11:31:46.5378780Z ##[group]GITHUB_TOKEN Permissions
2022-12-27T11:31:46.5379200Z Actions: write
2022-12-27T11:31:46.5379330Z Checks: write
2022-12-27T11:31:46.5379450Z Contents: write
2022-12-27T11:31:46.5379590Z Deployments: write
2022-12-27T11:31:46.5379720Z Discussions: write
2022-12-27T11:31:46.5379840Z Issues: write
2022-12-27T11:31:46.5379960Z Metadata: read
2022-12-27T11:31:46.5380090Z Packages: write
2022-12-27T11:31:46.5380230Z Pages: write
2022-12-27T11:31:46.5380360Z PullRequests: write
2022-12-27T11:31:46.5380510Z RepositoryProjects: write
2022-12-27T11:31:46.5380660Z SecurityEvents: write
2022-12-27T11:31:46.5380800Z Statuses: write
2022-12-27T11:31:46.5380920Z ##[endgroup]
2022-12-27T11:31:46.5383280Z Secret source: Actions
2022-12-27T11:31:46.5383590Z Prepare workflow directory
2022-12-27T11:31:46.6032910Z Prepare all required actions
2022-12-27T11:31:46.6147830Z Getting action download info
2022-12-27T11:31:47.1057610Z Download action repository 'actions/setup-python@v4' (SHA:5ccb29d8773c3f3f653e1705f474dfaa8a06a912)
2022-12-27T11:31:48.8699500Z Download action repository 'actions/upload-artifact@v3' (SHA:83fd05a356d7e2593de66fc9913b3002723633cb)
2022-12-27T11:31:50.3585130Z ##[group]Run echo '{
2022-12-27T11:31:50.3585420Z [36;1mecho '{[0m
2022-12-27T11:31:50.3585560Z [36;1m  "package_name": "lxml",[0m
2022-12-27T11:31:50.3585840Z [36;1m  "package_url": "https://files.pythonhosted.org/packages/79/6e/ea42a78e86afe56444d8ab1f84bb7afb2ce3239799d4748ce857f702b2dc/lxml-2.2.3.tar.gz",[0m
2022-12-27T11:31:50.3586110Z [36;1m  "package_version": "2.2.3",[0m
2022-12-27T11:31:50.3586260Z [36;1m  "python_version": "3.8",[0m
2022-12-27T11:31:50.3586430Z [36;1m  "use_ccache": "true"[0m
2022-12-27T11:31:50.3586550Z [36;1m}'[0m
2022-12-27T11:31:50.3601340Z shell: /bin/bash -e {0}
2022-12-27T11:31:50.3601500Z ##[endgroup]
2022-12-27T11:31:50.3806810Z {
2022-12-27T11:31:50.3808100Z   "package_name": "lxml",
2022-12-27T11:31:50.3808790Z   "package_url": "https://files.pythonhosted.org/packages/79/6e/ea42a78e86afe56444d8ab1f84bb7afb2ce3239799d4748ce857f702b2dc/lxml-2.2.3.tar.gz",
2022-12-27T11:31:50.3809090Z   "package_version": "2.2.3",
2022-12-27T11:31:50.3809310Z   "python_version": "3.8",
2022-12-27T11:31:50.3809560Z   "use_ccache": "true"
2022-12-27T11:31:50.3809710Z }
2022-12-27T11:31:50.4007860Z ##[group]Run actions/setup-python@v4
2022-12-27T11:31:50.4008130Z with:
2022-12-27T11:31:50.4008320Z   python-version: 3.8
2022-12-27T11:31:50.4008530Z   check-latest: false
2022-12-27T11:31:50.4008810Z   token: ***
2022-12-27T11:31:50.4008990Z   update-environment: true
2022-12-27T11:31:50.4009170Z ##[endgroup]
2022-12-27T11:31:50.5223340Z ##[group]Installed versions
2022-12-27T11:31:50.5336490Z Successfully set up CPython (3.8.15)
2022-12-27T11:31:50.5337230Z ##[endgroup]
2022-12-27T11:31:50.5471240Z ##[group]Run if [ "true" == "true" ]
2022-12-27T11:31:50.5471570Z [36;1mif [ "true" == "true" ][0m
2022-12-27T11:31:50.5471780Z [36;1mthen[0m
2022-12-27T11:31:50.5471960Z [36;1m  echo "CCACHE_PATH_PREPEND=/usr/local/opt/ccache/libexec" >> $GITHUB_OUTPUT[0m
2022-12-27T11:31:50.5472160Z [36;1melse[0m
2022-12-27T11:31:50.5472440Z [36;1m  echo "CCACHE_PATH_PREPEND=" >> $GITHUB_OUTPUT[0m
2022-12-27T11:31:50.5472810Z [36;1mfi[0m
2022-12-27T11:31:50.5488620Z shell: /bin/bash -e {0}
2022-12-27T11:31:50.5488920Z env:
2022-12-27T11:31:50.5489140Z   pythonLocation: /Users/runner/hostedtoolcache/Python/3.8.15/x64
2022-12-27T11:31:50.5489370Z   PKG_CONFIG_PATH: /Users/runner/hostedtoolcache/Python/3.8.15/x64/lib/pkgconfig
2022-12-27T11:31:50.5489620Z   Python_ROOT_DIR: /Users/runner/hostedtoolcache/Python/3.8.15/x64
2022-12-27T11:31:50.5489850Z   Python2_ROOT_DIR: /Users/runner/hostedtoolcache/Python/3.8.15/x64
2022-12-27T11:31:50.5490190Z   Python3_ROOT_DIR: /Users/runner/hostedtoolcache/Python/3.8.15/x64
2022-12-27T11:31:50.5490700Z ##[endgroup]
2022-12-27T11:31:50.5640330Z ##[group]Run echo "BUILD_NAME=$(echo lxml_2.2.3_3.8 | tr -dc '[:alnum:]\n\r' | tr '[:upper:]' '[:lower:]')" >> $GITHUB_OUTPUT
2022-12-27T11:31:50.5640640Z [36;1mecho "BUILD_NAME=$(echo lxml_2.2.3_3.8 | tr -dc '[:alnum:]\n\r' | tr '[:upper:]' '[:lower:]')" >> $GITHUB_OUTPUT[0m
2022-12-27T11:31:50.5653980Z shell: /bin/bash -e {0}
2022-12-27T11:31:50.5654190Z env:
2022-12-27T11:31:50.5654390Z   pythonLocation: /Users/runner/hostedtoolcache/Python/3.8.15/x64
2022-12-27T11:31:50.5654610Z   PKG_CONFIG_PATH: /Users/runner/hostedtoolcache/Python/3.8.15/x64/lib/pkgconfig
2022-12-27T11:31:50.5654840Z   Python_ROOT_DIR: /Users/runner/hostedtoolcache/Python/3.8.15/x64
2022-12-27T11:31:50.5655070Z   Python2_ROOT_DIR: /Users/runner/hostedtoolcache/Python/3.8.15/x64
2022-12-27T11:31:50.5655250Z   Python3_ROOT_DIR: /Users/runner/hostedtoolcache/Python/3.8.15/x64
2022-12-27T11:31:50.5655450Z ##[endgroup]
2022-12-27T11:31:50.5770850Z ##[group]Run echo "PYTHON_NO_DOTS=$(echo 3.8 | tr -dc '[:alnum:]\n\r' | tr '[:upper:]' '[:lower:]')" >> $GITHUB_OUTPUT
2022-12-27T11:31:50.5771240Z [36;1mecho "PYTHON_NO_DOTS=$(echo 3.8 | tr -dc '[:alnum:]\n\r' | tr '[:upper:]' '[:lower:]')" >> $GITHUB_OUTPUT[0m
2022-12-27T11:31:50.5784320Z shell: /bin/bash -e {0}
2022-12-27T11:31:50.5784500Z env:
2022-12-27T11:31:50.5784690Z   pythonLocation: /Users/runner/hostedtoolcache/Python/3.8.15/x64
2022-12-27T11:31:50.5784900Z   PKG_CONFIG_PATH: /Users/runner/hostedtoolcache/Python/3.8.15/x64/lib/pkgconfig
2022-12-27T11:31:50.5785140Z   Python_ROOT_DIR: /Users/runner/hostedtoolcache/Python/3.8.15/x64
2022-12-27T11:31:50.5785410Z   Python2_ROOT_DIR: /Users/runner/hostedtoolcache/Python/3.8.15/x64
2022-12-27T11:31:50.5785630Z   Python3_ROOT_DIR: /Users/runner/hostedtoolcache/Python/3.8.15/x64
2022-12-27T11:31:50.5785790Z ##[endgroup]
2022-12-27T11:31:50.5910290Z ##[group]Run rm -rf build_lxml22338
2022-12-27T11:31:50.5910650Z [36;1mrm -rf build_lxml22338[0m
2022-12-27T11:31:50.5910810Z [36;1mmkdir build_lxml22338[0m
2022-12-27T11:31:50.5911220Z [36;1mcd build_lxml22338[0m
2022-12-27T11:31:50.5911540Z [36;1m/usr/local/bin/wget --quiet https://files.pythonhosted.org/packages/79/6e/ea42a78e86afe56444d8ab1f84bb7afb2ce3239799d4748ce857f702b2dc/lxml-2.2.3.tar.gz[0m
2022-12-27T11:31:50.5911890Z [36;1mtar xf *.tar.gz[0m
2022-12-27T11:31:50.5912030Z [36;1mcd *[0m
2022-12-27T11:31:50.5912600Z [36;1mpython -m pip install cibuildwheel==2.11.3[0m
2022-12-27T11:31:50.5912840Z [36;1mpython -m cibuildwheel --output-dir ../wheelsout[0m
2022-12-27T11:31:50.5928320Z shell: /bin/bash -e {0}
2022-12-27T11:31:50.5928470Z env:
2022-12-27T11:31:50.5928680Z   pythonLocation: /Users/runner/hostedtoolcache/Python/3.8.15/x64
2022-12-27T11:31:50.5929000Z   PKG_CONFIG_PATH: /Users/runner/hostedtoolcache/Python/3.8.15/x64/lib/pkgconfig
2022-12-27T11:31:50.5929280Z   Python_ROOT_DIR: /Users/runner/hostedtoolcache/Python/3.8.15/x64
2022-12-27T11:31:50.5929520Z   Python2_ROOT_DIR: /Users/runner/hostedtoolcache/Python/3.8.15/x64
2022-12-27T11:31:50.5929720Z   Python3_ROOT_DIR: /Users/runner/hostedtoolcache/Python/3.8.15/x64
2022-12-27T11:31:50.5929960Z   CIBW_ARCHS_MACOS: arm64
2022-12-27T11:31:50.5930140Z   CIBW_TEST_SKIP: *_arm64
2022-12-27T11:31:50.5930290Z   CIBW_BUILD: cp38-macosx_arm64
2022-12-27T11:31:50.5930470Z   CIBW_BUILD_FRONTEND: pip
2022-12-27T11:31:50.5930690Z   CIBW_BUILD_VERBOSITY: 3
2022-12-27T11:31:50.5930970Z   CIBW_ENVIRONMENT_MACOS:  CFLAGS="-I/usr/local/opt/openssl@3/include" LDFLAGS="-L/usr/local/opt/openssl@3/lib" CPPFLAGS="-I/usr/local/opt/openssl@3/include" MAKEFLAGS="-j$(sysctl -n hw.logicalcpu)" PATH=/usr/local/opt/ccache/libexec:$PATH
2022-12-27T11:31:50.5931340Z   CIBW_BEFORE_BUILD: pip install Cython; if [[ -f requirements.txt ]]; then pip install -r requirements.txt; fi
2022-12-27T11:31:50.5931590Z   MAKEFLAGS: -j$(sysctl -n hw.logicalcpu)
2022-12-27T11:31:50.5931770Z ##[endgroup]
2022-12-27T11:31:51.0745020Z Requirement already satisfied: cibuildwheel==2.11.3 in /Users/runner/hostedtoolcache/Python/3.8.15/x64/lib/python3.8/site-packages (2.11.3)
2022-12-27T11:31:51.1091640Z Requirement already satisfied: filelock in /Users/runner/hostedtoolcache/Python/3.8.15/x64/lib/python3.8/site-packages (from cibuildwheel==2.11.3) (3.8.2)
2022-12-27T11:31:51.1097300Z Requirement already satisfied: tomli in /Users/runner/hostedtoolcache/Python/3.8.15/x64/lib/python3.8/site-packages (from cibuildwheel==2.11.3) (2.0.1)
2022-12-27T11:31:51.1102190Z Requirement already satisfied: bashlex!=0.13 in /Users/runner/hostedtoolcache/Python/3.8.15/x64/lib/python3.8/site-packages (from cibuildwheel==2.11.3) (0.16)
2022-12-27T11:31:51.1111330Z Requirement already satisfied: typing-extensions>=4.1.0 in /Users/runner/hostedtoolcache/Python/3.8.15/x64/lib/python3.8/site-packages (from cibuildwheel==2.11.3) (4.4.0)
2022-12-27T11:31:51.1114760Z Requirement already satisfied: bracex in /Users/runner/hostedtoolcache/Python/3.8.15/x64/lib/python3.8/site-packages (from cibuildwheel==2.11.3) (2.3.post1)
2022-12-27T11:31:51.1117810Z Requirement already satisfied: certifi in /Users/runner/hostedtoolcache/Python/3.8.15/x64/lib/python3.8/site-packages (from cibuildwheel==2.11.3) (2022.12.7)
2022-12-27T11:31:51.1121050Z Requirement already satisfied: platformdirs in /Users/runner/hostedtoolcache/Python/3.8.15/x64/lib/python3.8/site-packages (from cibuildwheel==2.11.3) (2.6.0)
2022-12-27T11:31:51.1125940Z Requirement already satisfied: packaging>=20.9 in /Users/runner/hostedtoolcache/Python/3.8.15/x64/lib/python3.8/site-packages (from cibuildwheel==2.11.3) (22.0)
2022-12-27T11:31:51.2807620Z 
2022-12-27T11:31:51.2808080Z      _ _       _ _   _       _           _
2022-12-27T11:31:51.2808420Z  ___|_| |_ _ _|_| |_| |_ _ _| |_ ___ ___| |
2022-12-27T11:31:51.2809420Z |  _| | . | | | | | . | | | |   | -_| -_| |
2022-12-27T11:31:51.2809890Z |___|_|___|___|_|_|___|_____|_|_|___|___|_|
2022-12-27T11:31:51.2810690Z 
2022-12-27T11:31:51.2810850Z cibuildwheel version 2.11.3
2022-12-27T11:31:51.2811170Z 
2022-12-27T11:31:51.2811330Z Build options:
2022-12-27T11:31:51.2811600Z   platform: macos
2022-12-27T11:31:51.2909260Z   architectures: arm64[0m
2022-12-27T11:31:51.2909540Z   build_selector: 
2022-12-27T11:31:51.2910130Z     build_config: cp38-macosx_arm64
2022-12-27T11:31:51.2910410Z     skip_config: 
2022-12-27T11:31:51.2910760Z     requires_python: None
2022-12-27T11:31:51.2911110Z     prerelease_pythons: False[0m
2022-12-27T11:31:51.2911570Z   [38;5;244mcontainer_engine: docker[0m
2022-12-27T11:31:51.2912260Z   output_dir: /Users/runner/actions-runner/_work/python.build/python.build/build_lxml22338/wheelsout[0m
2022-12-27T11:31:51.2912820Z   package_dir: /Users/runner/actions-runner/_work/python.build/python.build/build_lxml22338/lxml-2.2.3[0m
2022-12-27T11:31:51.2913170Z   test_selector: 
2022-12-27T11:31:51.2913460Z     skip_config: *_arm64[0m
2022-12-27T11:31:51.2913840Z   [38;5;244mbefore_all: [0m
2022-12-27T11:31:51.2914310Z   before_build: pip install Cython; if [[ -f requirements.txt ]]; then pip install -r requirements.txt; fi[0m
2022-12-27T11:31:51.2914670Z   [38;5;244mbefore_test: [0m
2022-12-27T11:31:51.2914990Z   [38;5;244mbuild_frontend: pip[0m
2022-12-27T11:31:51.2915300Z   build_verbosity: 3[0m
2022-12-27T11:31:51.2915630Z   [38;5;244mconfig_settings: [0m
2022-12-27T11:31:51.2915980Z   [38;5;244mdependency_constraints: pinned[0m
2022-12-27T11:31:51.2916260Z   environment: 
2022-12-27T11:31:51.2916510Z     CFLAGS="-I/usr/local/opt/openssl@3/include"
2022-12-27T11:31:51.2916800Z     LDFLAGS="-L/usr/local/opt/openssl@3/lib"
2022-12-27T11:31:51.2917150Z     CPPFLAGS="-I/usr/local/opt/openssl@3/include"
2022-12-27T11:31:51.2917450Z     MAKEFLAGS="-j$(sysctl -n hw.logicalcpu)"
2022-12-27T11:31:51.2917720Z     PATH=/usr/local/opt/ccache/libexec:$PATH[0m
2022-12-27T11:31:51.2918060Z   [38;5;244mmanylinux_images: None[0m
2022-12-27T11:31:51.2918380Z   [38;5;244mmusllinux_images: None[0m
2022-12-27T11:31:51.2918720Z   [38;5;244mrepair_command: delocate-wheel --require-archs {delocate_archs} -w {dest_dir} -v {wheel}[0m
2022-12-27T11:31:51.2919310Z   [38;5;244mtest_command: [0m
2022-12-27T11:31:51.2919560Z   [38;5;244mtest_extras: [0m
2022-12-27T11:31:51.2919780Z   [38;5;244mtest_requires: [0m
2022-12-27T11:31:51.2919900Z 
2022-12-27T11:31:51.2920070Z Cache folder: /Users/runner/Library/Caches/cibuildwheel
2022-12-27T11:31:51.2927740Z 
2022-12-27T11:31:51.2927910Z Here we go!
2022-12-27T11:31:51.2928090Z 
2022-12-27T11:31:51.3051170Z 
2022-12-27T11:31:51.3052080Z [1m[34mBuilding cp38-macosx_arm64 wheel[0m
2022-12-27T11:31:51.3052720Z CPython 3.8 macOS arm64 - Apple Silicon
2022-12-27T11:31:51.3052900Z 
2022-12-27T11:31:51.3054760Z ##[group]Installing Python cp38...
2022-12-27T11:31:51.3054970Z 
2022-12-27T11:31:51.3055850Z + pkgutil --pkgs
2022-12-27T11:31:51.3160340Z ##[endgroup]
2022-12-27T11:31:51.3161330Z                                                               [32mâœ“ [0m0.01s
2022-12-27T11:31:51.3182170Z ##[group]Setting up build environment...
2022-12-27T11:31:51.3182340Z 
2022-12-27T11:31:51.3183250Z + /Users/runner/hostedtoolcache/Python/3.8.15/x64/bin/python -sS /Users/runner/Library/Caches/cibuildwheel/virtualenv-20.17.0.pyz --activators= --no-periodic-update --pip=22.3.1 --setuptools=65.6.3 --wheel=0.38.4 --symlink-app-data --python /Library/Frameworks/Python.framework/Versions/3.8/bin/python3 /private/var/folders/51/hd414ycd67n82196sw51xqtc0000gn/T/cibw-run-f2n8b_22/cp38-macosx_arm64/build/venv
2022-12-27T11:31:51.5051810Z created virtual environment CPython3.8.10.final.0-64 in 46ms
2022-12-27T11:31:51.5052440Z   creator CPython3Posix(dest=/private/var/folders/51/hd414ycd67n82196sw51xqtc0000gn/T/cibw-run-f2n8b_22/cp38-macosx_arm64/build/venv, clear=False, no_vcs_ignore=False, global=False)
2022-12-27T11:31:51.5053260Z   seeder FromAppData(download=False, pip=22.3.1, setuptools=65.6.3, wheel=0.38.4, via=symlink, app_data_dir=/Users/runner/Library/Application Support/virtualenv)
2022-12-27T11:31:51.5053710Z     added seed packages: pip==22.3.1, setuptools==65.6.3, wheel==0.38.4
2022-12-27T11:31:51.5172500Z + python -m pip install --upgrade pip -c /Users/runner/hostedtoolcache/Python/3.8.15/x64/lib/python3.8/site-packages/cibuildwheel/resources/constraints-python38.txt
2022-12-27T11:31:51.8198580Z Requirement already satisfied: pip in ./lib/python3.8/site-packages (22.3.1)
2022-12-27T11:31:51.9791180Z + which pip
2022-12-27T11:31:51.9811530Z /private/var/folders/51/hd414ycd67n82196sw51xqtc0000gn/T/cibw-run-f2n8b_22/cp38-macosx_arm64/build/venv/bin/pip
2022-12-27T11:31:51.9814840Z + pip --version
2022-12-27T11:31:52.2061550Z pip 22.3.1 from /private/var/folders/51/hd414ycd67n82196sw51xqtc0000gn/T/cibw-run-f2n8b_22/cp38-macosx_arm64/build/venv/lib/python3.8/site-packages/pip (python 3.8)
2022-12-27T11:31:52.2300340Z + which pip
2022-12-27T11:31:52.2330440Z + which python
2022-12-27T11:31:52.2352190Z /private/var/folders/51/hd414ycd67n82196sw51xqtc0000gn/T/cibw-run-f2n8b_22/cp38-macosx_arm64/build/venv/bin/python
2022-12-27T11:31:52.2355400Z + python --version
2022-12-27T11:31:52.2411030Z Python 3.8.10
2022-12-27T11:31:52.2414790Z + which python
2022-12-27T11:31:52.2488130Z ##[endgroup]
2022-12-27T11:31:52.2488830Z                                                               [32mâœ“ [0m0.93s
2022-12-27T11:31:52.2489410Z ##[group]Installing build tools...
2022-12-27T11:31:52.2489680Z 
2022-12-27T11:31:52.2490220Z + pip install --upgrade setuptools wheel delocate -c /Users/runner/hostedtoolcache/Python/3.8.15/x64/lib/python3.8/site-packages/cibuildwheel/resources/constraints-python38.txt
2022-12-27T11:31:52.5583480Z Requirement already satisfied: setuptools in /private/var/folders/51/hd414ycd67n82196sw51xqtc0000gn/T/cibw-run-f2n8b_22/cp38-macosx_arm64/build/venv/lib/python3.8/site-packages (65.6.3)
2022-12-27T11:31:52.7759510Z Requirement already satisfied: wheel in /private/var/folders/51/hd414ycd67n82196sw51xqtc0000gn/T/cibw-run-f2n8b_22/cp38-macosx_arm64/build/venv/lib/python3.8/site-packages (0.38.4)
2022-12-27T11:31:52.8384360Z Collecting delocate
2022-12-27T11:31:52.8416420Z   Using cached delocate-0.10.3-py3-none-any.whl (142 kB)
2022-12-27T11:31:52.8810670Z Collecting typing-extensions
2022-12-27T11:31:52.8842830Z   Using cached typing_extensions-4.4.0-py3-none-any.whl (26 kB)
2022-12-27T11:31:52.9144520Z Collecting packaging>=20.9
2022-12-27T11:31:52.9167650Z   Using cached packaging-21.3-py3-none-any.whl (40 kB)
2022-12-27T11:31:52.9526040Z Collecting pyparsing!=3.0.5,>=2.0.2
2022-12-27T11:31:52.9548300Z   Using cached pyparsing-3.0.9-py3-none-any.whl (98 kB)
2022-12-27T11:31:52.9914650Z Installing collected packages: typing-extensions, pyparsing, packaging, delocate
2022-12-27T11:31:53.1234900Z Successfully installed delocate-0.10.3 packaging-21.3 pyparsing-3.0.9 typing-extensions-4.4.0
2022-12-27T11:31:53.1698170Z ##[endgroup]
2022-12-27T11:31:53.1698820Z                                                               [32mâœ“ [0m0.92s
2022-12-27T11:31:53.1699660Z ##[group]Running before_build...
2022-12-27T11:31:53.1699870Z 
2022-12-27T11:31:53.1706040Z + pip install Cython; if [[ -f requirements.txt ]]; then pip install -r requirements.txt; fi
2022-12-27T11:31:53.8456480Z Collecting Cython
2022-12-27T11:31:53.8507260Z   Using cached Cython-0.29.32-py2.py3-none-any.whl (986 kB)
2022-12-27T11:31:53.9008360Z Installing collected packages: Cython
2022-12-27T11:31:54.3385200Z Successfully installed Cython-0.29.32
2022-12-27T11:31:54.3886060Z ##[endgroup]
2022-12-27T11:31:54.3886630Z                                                               [32mâœ“ [0m1.22s
2022-12-27T11:31:54.3887370Z ##[group]Building wheel...
2022-12-27T11:31:54.3887510Z 
2022-12-27T11:31:54.3892340Z + python -m pip wheel /Users/runner/actions-runner/_work/python.build/python.build/build_lxml22338/lxml-2.2.3 --wheel-dir=/private/var/folders/51/hd414ycd67n82196sw51xqtc0000gn/T/cibw-run-f2n8b_22/cp38-macosx_arm64/built_wheel --no-deps -vvv
2022-12-27T11:31:54.6761140Z Created temporary directory: /private/var/folders/51/hd414ycd67n82196sw51xqtc0000gn/T/pip-ephem-wheel-cache-wphzixag
2022-12-27T11:31:54.6765670Z Created temporary directory: /private/var/folders/51/hd414ycd67n82196sw51xqtc0000gn/T/pip-build-tracker-n6h6jxw2
2022-12-27T11:31:54.6767260Z Initialized build tracking at /private/var/folders/51/hd414ycd67n82196sw51xqtc0000gn/T/pip-build-tracker-n6h6jxw2
2022-12-27T11:31:54.6768680Z Created build tracker: /private/var/folders/51/hd414ycd67n82196sw51xqtc0000gn/T/pip-build-tracker-n6h6jxw2
2022-12-27T11:31:54.6770450Z Entered build tracker: /private/var/folders/51/hd414ycd67n82196sw51xqtc0000gn/T/pip-build-tracker-n6h6jxw2
2022-12-27T11:31:54.6773670Z Created temporary directory: /private/var/folders/51/hd414ycd67n82196sw51xqtc0000gn/T/pip-wheel-_jd_njhg
2022-12-27T11:31:54.6781240Z Created temporary directory: /private/var/folders/51/hd414ycd67n82196sw51xqtc0000gn/T/pip-ephem-wheel-cache-qkqtebda
2022-12-27T11:31:54.6867750Z Processing /Users/runner/actions-runner/_work/python.build/python.build/build_lxml22338/lxml-2.2.3
2022-12-27T11:31:54.6873130Z   Added file:///Users/runner/actions-runner/_work/python.build/python.build/build_lxml22338/lxml-2.2.3 to build tracker '/private/var/folders/51/hd414ycd67n82196sw51xqtc0000gn/T/pip-build-tracker-n6h6jxw2'
2022-12-27T11:31:54.6876670Z   Running setup.py (path:/Users/runner/actions-runner/_work/python.build/python.build/build_lxml22338/lxml-2.2.3/setup.py) egg_info for package from file:///Users/runner/actions-runner/_work/python.build/python.build/build_lxml22338/lxml-2.2.3
2022-12-27T11:31:54.6879550Z   Created temporary directory: /private/var/folders/51/hd414ycd67n82196sw51xqtc0000gn/T/pip-pip-egg-info-4rm9pt8f
2022-12-27T11:31:54.6881150Z   Preparing metadata (setup.py): started
2022-12-27T11:31:54.6882900Z   Running command python setup.py egg_info
2022-12-27T11:31:55.0764560Z   Building lxml version 2.2.3.
2022-12-27T11:31:55.0767370Z   Building with Cython 0.29.32.
2022-12-27T11:31:55.0769630Z   Using build configuration of libxslt 1.1.29
2022-12-27T11:31:55.0773220Z   Building against libxml2/libxslt in the following directory: /Library/Developer/CommandLineTools/SDKs/MacOSX12.1.sdk/usr/lib
2022-12-27T11:31:55.0775330Z   running egg_info
2022-12-27T11:31:55.0778820Z   creating /private/var/folders/51/hd414ycd67n82196sw51xqtc0000gn/T/pip-pip-egg-info-4rm9pt8f/lxml.egg-info
2022-12-27T11:31:55.0782620Z   writing /private/var/folders/51/hd414ycd67n82196sw51xqtc0000gn/T/pip-pip-egg-info-4rm9pt8f/lxml.egg-info/PKG-INFO
2022-12-27T11:31:55.0787960Z   writing dependency_links to /private/var/folders/51/hd414ycd67n82196sw51xqtc0000gn/T/pip-pip-egg-info-4rm9pt8f/lxml.egg-info/dependency_links.txt
2022-12-27T11:31:55.0791370Z   writing top-level names to /private/var/folders/51/hd414ycd67n82196sw51xqtc0000gn/T/pip-pip-egg-info-4rm9pt8f/lxml.egg-info/top_level.txt
2022-12-27T11:31:55.0793600Z   writing manifest file '/private/var/folders/51/hd414ycd67n82196sw51xqtc0000gn/T/pip-pip-egg-info-4rm9pt8f/lxml.egg-info/SOURCES.txt'
2022-12-27T11:31:55.0852640Z   reading manifest file '/private/var/folders/51/hd414ycd67n82196sw51xqtc0000gn/T/pip-pip-egg-info-4rm9pt8f/lxml.egg-info/SOURCES.txt'
2022-12-27T11:31:55.0855720Z   reading manifest template 'MANIFEST.in'
2022-12-27T11:31:55.1723540Z   adding license file 'LICENSES.txt'
2022-12-27T11:31:55.1789660Z   writing manifest file '/private/var/folders/51/hd414ycd67n82196sw51xqtc0000gn/T/pip-pip-egg-info-4rm9pt8f/lxml.egg-info/SOURCES.txt'
2022-12-27T11:31:55.2024310Z   Preparing metadata (setup.py): finished with status 'done'
2022-12-27T11:31:55.2051360Z   Source in /Users/runner/actions-runner/_work/python.build/python.build/build_lxml22338/lxml-2.2.3 has version 2.2.3, which satisfies requirement lxml==2.2.3 from file:///Users/runner/actions-runner/_work/python.build/python.build/build_lxml22338/lxml-2.2.3
2022-12-27T11:31:55.2055390Z   Removed lxml==2.2.3 from file:///Users/runner/actions-runner/_work/python.build/python.build/build_lxml22338/lxml-2.2.3 from build tracker '/private/var/folders/51/hd414ycd67n82196sw51xqtc0000gn/T/pip-build-tracker-n6h6jxw2'
2022-12-27T11:31:55.2195840Z Created temporary directory: /private/var/folders/51/hd414ycd67n82196sw51xqtc0000gn/T/pip-unpack-i7q4wfsl
2022-12-27T11:31:55.2197840Z Building wheels for collected packages: lxml
2022-12-27T11:31:55.2203390Z   Created temporary directory: /private/var/folders/51/hd414ycd67n82196sw51xqtc0000gn/T/pip-wheel-4ixfy1rp
2022-12-27T11:31:55.2205200Z   Building wheel for lxml (setup.py): started
2022-12-27T11:31:55.2207500Z   Destination directory: /private/var/folders/51/hd414ycd67n82196sw51xqtc0000gn/T/pip-wheel-4ixfy1rp
2022-12-27T11:31:55.2208760Z   Running command python setup.py bdist_wheel
2022-12-27T11:31:55.4726200Z   Building lxml version 2.2.3.
2022-12-27T11:31:55.4727860Z   Building with Cython 0.29.32.
2022-12-27T11:31:55.4856300Z   Using build configuration of libxslt 1.1.29
2022-12-27T11:31:55.5798590Z   Building against libxml2/libxslt in the following directory: /Library/Developer/CommandLineTools/SDKs/MacOSX12.1.sdk/usr/lib
2022-12-27T11:31:55.6037070Z   running bdist_wheel
2022-12-27T11:31:55.6079950Z   running build
2022-12-27T11:31:55.6082020Z   running build_py
2022-12-27T11:31:55.6104430Z   creating build
2022-12-27T11:31:55.6106900Z   creating build/lib.macosx-11.0-arm64-cpython-38
2022-12-27T11:31:55.6108810Z   creating build/lib.macosx-11.0-arm64-cpython-38/lxml
2022-12-27T11:31:55.6110190Z   copying src/lxml/_elementpath.py -> build/lib.macosx-11.0-arm64-cpython-38/lxml
2022-12-27T11:31:55.6112150Z   copying src/lxml/sax.py -> build/lib.macosx-11.0-arm64-cpython-38/lxml
2022-12-27T11:31:55.6115810Z   copying src/lxml/pyclasslookup.py -> build/lib.macosx-11.0-arm64-cpython-38/lxml
2022-12-27T11:31:55.6120060Z   copying src/lxml/__init__.py -> build/lib.macosx-11.0-arm64-cpython-38/lxml
2022-12-27T11:31:55.6123530Z   copying src/lxml/builder.py -> build/lib.macosx-11.0-arm64-cpython-38/lxml
2022-12-27T11:31:55.6127910Z   copying src/lxml/doctestcompare.py -> build/lib.macosx-11.0-arm64-cpython-38/lxml
2022-12-27T11:31:55.6132190Z   copying src/lxml/usedoctest.py -> build/lib.macosx-11.0-arm64-cpython-38/lxml
2022-12-27T11:31:55.6134900Z   copying src/lxml/cssselect.py -> build/lib.macosx-11.0-arm64-cpython-38/lxml
2022-12-27T11:31:55.6139090Z   copying src/lxml/ElementInclude.py -> build/lib.macosx-11.0-arm64-cpython-38/lxml
2022-12-27T11:31:55.6147150Z   creating build/lib.macosx-11.0-arm64-cpython-38/lxml/html
2022-12-27T11:31:55.6149150Z   copying src/lxml/html/soupparser.py -> build/lib.macosx-11.0-arm64-cpython-38/lxml/html
2022-12-27T11:31:55.6151580Z   copying src/lxml/html/defs.py -> build/lib.macosx-11.0-arm64-cpython-38/lxml/html
2022-12-27T11:31:55.6156050Z   copying src/lxml/html/_setmixin.py -> build/lib.macosx-11.0-arm64-cpython-38/lxml/html
2022-12-27T11:31:55.6159040Z   copying src/lxml/html/clean.py -> build/lib.macosx-11.0-arm64-cpython-38/lxml/html
2022-12-27T11:31:55.6162530Z   copying src/lxml/html/_diffcommand.py -> build/lib.macosx-11.0-arm64-cpython-38/lxml/html
2022-12-27T11:31:55.6165820Z   copying src/lxml/html/html5parser.py -> build/lib.macosx-11.0-arm64-cpython-38/lxml/html
2022-12-27T11:31:55.6169670Z   copying src/lxml/html/__init__.py -> build/lib.macosx-11.0-arm64-cpython-38/lxml/html
2022-12-27T11:31:55.6174480Z   copying src/lxml/html/formfill.py -> build/lib.macosx-11.0-arm64-cpython-38/lxml/html
2022-12-27T11:31:55.6178560Z   copying src/lxml/html/builder.py -> build/lib.macosx-11.0-arm64-cpython-38/lxml/html
2022-12-27T11:31:55.6181410Z   copying src/lxml/html/ElementSoup.py -> build/lib.macosx-11.0-arm64-cpython-38/lxml/html
2022-12-27T11:31:55.6185420Z   copying src/lxml/html/_html5builder.py -> build/lib.macosx-11.0-arm64-cpython-38/lxml/html
2022-12-27T11:31:55.6189200Z   copying src/lxml/html/usedoctest.py -> build/lib.macosx-11.0-arm64-cpython-38/lxml/html
2022-12-27T11:31:55.6193210Z   copying src/lxml/html/diff.py -> build/lib.macosx-11.0-arm64-cpython-38/lxml/html
2022-12-27T11:31:55.6197160Z   copying src/lxml/html/_dictmixin.py -> build/lib.macosx-11.0-arm64-cpython-38/lxml/html
2022-12-27T11:31:55.6210140Z   running build_ext
2022-12-27T11:31:55.6624190Z   skipping 'src/lxml/lxml.etree.c' Cython extension (up-to-date)
2022-12-27T11:31:55.6626890Z   skipping 'src/lxml/lxml.objectify.c' Cython extension (up-to-date)
2022-12-27T11:31:55.6628490Z   building 'lxml.etree' extension
2022-12-27T11:31:55.6631110Z   creating build/temp.macosx-11.0-arm64-cpython-38
2022-12-27T11:31:55.6632370Z   creating build/temp.macosx-11.0-arm64-cpython-38/src
2022-12-27T11:31:55.6634770Z   creating build/temp.macosx-11.0-arm64-cpython-38/src/lxml
2022-12-27T11:31:55.6637810Z   gcc -Wno-unused-result -Wsign-compare -Wunreachable-code -fno-common -dynamic -DNDEBUG -g -fwrapv -O3 -Wall -g -I/usr/local/opt/openssl@3/include -I/usr/local/opt/openssl@3/include -arch arm64 -I/Library/Developer/CommandLineTools/SDKs/MacOSX12.1.sdk/usr/include -I/private/var/folders/51/hd414ycd67n82196sw51xqtc0000gn/T/cibw-run-f2n8b_22/cp38-macosx_arm64/build/venv/include -I/Library/Frameworks/Python.framework/Versions/3.8/include/python3.8 -c src/lxml/lxml.etree.c -o build/temp.macosx-11.0-arm64-cpython-38/src/lxml/lxml.etree.o -w -flat_namespace
2022-12-27T11:31:56.2479350Z   src/lxml/lxml.etree.c:143599:24: error: no member named 'exc_type' in 'struct _ts'
2022-12-27T11:31:56.2480000Z       tmp_type = tstate->exc_type;
2022-12-27T11:31:56.2481740Z                  ~~~~~~  ^
2022-12-27T11:31:56.2484410Z   src/lxml/lxml.etree.c:143600:25: error: no member named 'exc_value' in 'struct _ts'; did you mean 'curexc_value'?
2022-12-27T11:31:56.2485980Z       tmp_value = tstate->exc_value;
2022-12-27T11:31:56.2487270Z                           ^~~~~~~~~
2022-12-27T11:31:56.2488790Z                           curexc_value
2022-12-27T11:31:56.2490260Z   /Library/Frameworks/Python.framework/Versions/3.8/include/python3.8/cpython/pystate.h:80:15: note: 'curexc_value' declared here
2022-12-27T11:31:56.2491460Z       PyObject *curexc_value;
2022-12-27T11:31:56.2492650Z                 ^
2022-12-27T11:31:56.2494440Z   src/lxml/lxml.etree.c:143601:22: error: no member named 'exc_traceback' in 'struct _ts'; did you mean 'curexc_traceback'?
2022-12-27T11:31:56.2495670Z       tmp_tb = tstate->exc_traceback;
2022-12-27T11:31:56.2496830Z                        ^~~~~~~~~~~~~
2022-12-27T11:31:56.2498360Z                        curexc_traceback
2022-12-27T11:31:56.2500010Z   /Library/Frameworks/Python.framework/Versions/3.8/include/python3.8/cpython/pystate.h:81:15: note: 'curexc_traceback' declared here
2022-12-27T11:31:56.2501320Z       PyObject *curexc_traceback;
2022-12-27T11:31:56.2502620Z                 ^
2022-12-27T11:31:56.2504560Z   src/lxml/lxml.etree.c:143602:13: error: no member named 'exc_type' in 'struct _ts'
2022-12-27T11:31:56.2505290Z       tstate->exc_type = *type;
2022-12-27T11:31:56.2599610Z       ~~~~~~  ^
2022-12-27T11:31:56.2600320Z   src/lxml/lxml.etree.c:143603:13: error: no member named 'exc_value' in 'struct _ts'; did you mean 'curexc_value'?
2022-12-27T11:31:56.2602160Z       tstate->exc_value = *value;
2022-12-27T11:31:56.2602650Z               ^~~~~~~~~
2022-12-27T11:31:56.2602990Z               curexc_value
2022-12-27T11:31:56.2603700Z   /Library/Frameworks/Python.framework/Versions/3.8/include/python3.8/cpython/pystate.h:80:15: note: 'curexc_value' declared here
2022-12-27T11:31:56.2604110Z       PyObject *curexc_value;
2022-12-27T11:31:56.2604640Z                 ^
2022-12-27T11:31:56.2605820Z   src/lxml/lxml.etree.c:143604:13: error: no member named 'exc_traceback' in 'struct _ts'; did you mean 'curexc_traceback'?
2022-12-27T11:31:56.2606900Z       tstate->exc_traceback = *tb;
2022-12-27T11:31:56.2607150Z               ^~~~~~~~~~~~~
2022-12-27T11:31:56.2607340Z               curexc_traceback
2022-12-27T11:31:56.2608010Z   /Library/Frameworks/Python.framework/Versions/3.8/include/python3.8/cpython/pystate.h:81:15: note: 'curexc_traceback' declared here
2022-12-27T11:31:56.2608370Z       PyObject *curexc_traceback;
2022-12-27T11:31:56.2608600Z                 ^
2022-12-27T11:31:56.2609330Z   src/lxml/lxml.etree.c:143671:18: error: no member named 'exc_type' in 'struct _ts'
2022-12-27T11:31:56.2609800Z       if ((tstate->exc_type != NULL) & (tstate->exc_type != Py_None)) {
2022-12-27T11:31:56.2610090Z            ~~~~~~  ^
2022-12-27T11:31:56.2610440Z   src/lxml/lxml.etree.c:143671:47: error: no member named 'exc_type' in 'struct _ts'
2022-12-27T11:31:56.2610850Z       if ((tstate->exc_type != NULL) & (tstate->exc_type != Py_None)) {
2022-12-27T11:31:56.2611140Z                                         ~~~~~~  ^
2022-12-27T11:31:56.2611500Z   src/lxml/lxml.etree.c:143672:28: error: no member named 'exc_type' in 'struct _ts'
2022-12-27T11:31:56.2611800Z           tmp_type = tstate->exc_type;
2022-12-27T11:31:56.2612040Z                      ~~~~~~  ^
2022-12-27T11:31:56.2612520Z   src/lxml/lxml.etree.c:143673:29: error: no member named 'exc_value' in 'struct _ts'; did you mean 'curexc_value'?
2022-12-27T11:31:56.2612890Z           tmp_value = tstate->exc_value;
2022-12-27T11:31:56.2613140Z                               ^~~~~~~~~
2022-12-27T11:31:56.2613360Z                               curexc_value
2022-12-27T11:31:56.2613840Z   /Library/Frameworks/Python.framework/Versions/3.8/include/python3.8/cpython/pystate.h:80:15: note: 'curexc_value' declared here
2022-12-27T11:31:56.2614140Z       PyObject *curexc_value;
2022-12-27T11:31:56.2614370Z                 ^
2022-12-27T11:31:56.2614780Z   src/lxml/lxml.etree.c:143674:26: error: no member named 'exc_traceback' in 'struct _ts'; did you mean 'curexc_traceback'?
2022-12-27T11:31:56.2615120Z           tmp_tb = tstate->exc_traceback;
2022-12-27T11:31:56.2615360Z                            ^~~~~~~~~~~~~
2022-12-27T11:31:56.2615690Z                            curexc_traceback
2022-12-27T11:31:56.2616240Z   /Library/Frameworks/Python.framework/Versions/3.8/include/python3.8/cpython/pystate.h:81:15: note: 'curexc_traceback' declared here
2022-12-27T11:31:56.2616570Z       PyObject *curexc_traceback;
2022-12-27T11:31:56.2616800Z                 ^
2022-12-27T11:31:56.2617150Z   src/lxml/lxml.etree.c:143677:17: error: no member named 'exc_type' in 'struct _ts'
2022-12-27T11:31:56.2617390Z           tstate->exc_type = 0;
2022-12-27T11:31:56.2617550Z           ~~~~~~  ^
2022-12-27T11:31:56.2618220Z   src/lxml/lxml.etree.c:143678:17: error: no member named 'exc_value' in 'struct _ts'; did you mean 'curexc_value'?
2022-12-27T11:31:56.2618570Z           tstate->exc_value = 0;
2022-12-27T11:31:56.2618730Z                   ^~~~~~~~~
2022-12-27T11:31:56.2619370Z                   curexc_value
2022-12-27T11:31:56.2619810Z   /Library/Frameworks/Python.framework/Versions/3.8/include/python3.8/cpython/pystate.h:80:15: note: 'curexc_value' declared here
2022-12-27T11:31:56.2620390Z       PyObject *curexc_value;
2022-12-27T11:31:56.2620540Z                 ^
2022-12-27T11:31:56.2620880Z   src/lxml/lxml.etree.c:143679:17: error: no member named 'exc_traceback' in 'struct _ts'; did you mean 'curexc_traceback'?
2022-12-27T11:31:56.2621180Z           tstate->exc_traceback = 0;
2022-12-27T11:31:56.2621320Z                   ^~~~~~~~~~~~~
2022-12-27T11:31:56.2621480Z                   curexc_traceback
2022-12-27T11:31:56.2621840Z   /Library/Frameworks/Python.framework/Versions/3.8/include/python3.8/cpython/pystate.h:81:15: note: 'curexc_traceback' declared here
2022-12-27T11:31:56.2622100Z       PyObject *curexc_traceback;
2022-12-27T11:31:56.2622240Z                 ^
2022-12-27T11:31:56.2622500Z   src/lxml/lxml.etree.c:143741:21: error: no member named 'exc_type' in 'struct _ts'
2022-12-27T11:31:56.2623000Z       *type = tstate->exc_type;
2022-12-27T11:31:56.2623160Z               ~~~~~~  ^
2022-12-27T11:31:56.2623470Z   src/lxml/lxml.etree.c:143742:22: error: no member named 'exc_value' in 'struct _ts'; did you mean 'curexc_value'?
2022-12-27T11:31:56.2623750Z       *value = tstate->exc_value;
2022-12-27T11:31:56.2623900Z                        ^~~~~~~~~
2022-12-27T11:31:56.2624320Z                        curexc_value
2022-12-27T11:31:56.2624860Z   /Library/Frameworks/Python.framework/Versions/3.8/include/python3.8/cpython/pystate.h:80:15: note: 'curexc_value' declared here
2022-12-27T11:31:56.2625140Z       PyObject *curexc_value;
2022-12-27T11:31:56.2625280Z                 ^
2022-12-27T11:31:56.2625620Z   src/lxml/lxml.etree.c:143743:19: error: no member named 'exc_traceback' in 'struct _ts'; did you mean 'curexc_traceback'?
2022-12-27T11:31:56.2626120Z       *tb = tstate->exc_traceback;
2022-12-27T11:31:56.2626290Z                     ^~~~~~~~~~~~~
2022-12-27T11:31:56.2626480Z                     curexc_traceback
2022-12-27T11:31:56.2626840Z   /Library/Frameworks/Python.framework/Versions/3.8/include/python3.8/cpython/pystate.h:81:15: note: 'curexc_traceback' declared here
2022-12-27T11:31:56.2627060Z       PyObject *curexc_traceback;
2022-12-27T11:31:56.2627530Z                 ^
2022-12-27T11:31:56.2627810Z   src/lxml/lxml.etree.c:143752:24: error: no member named 'exc_type' in 'struct _ts'
2022-12-27T11:31:56.2628060Z       tmp_type = tstate->exc_type;
2022-12-27T11:31:56.2628200Z                  ~~~~~~  ^
2022-12-27T11:31:56.2628700Z   src/lxml/lxml.etree.c:143753:25: error: no member named 'exc_value' in 'struct _ts'; did you mean 'curexc_value'?
2022-12-27T11:31:56.2628980Z       tmp_value = tstate->exc_value;
2022-12-27T11:31:56.2629140Z                           ^~~~~~~~~
2022-12-27T11:31:56.2629310Z                           curexc_value
2022-12-27T11:31:56.2629640Z   /Library/Frameworks/Python.framework/Versions/3.8/include/python3.8/cpython/pystate.h:80:15: note: 'curexc_value' declared here
2022-12-27T11:31:56.2629870Z       PyObject *curexc_value;
2022-12-27T11:31:56.2630040Z                 ^
2022-12-27T11:31:56.2630280Z   fatal error: too many errors emitted, stopping now [-ferror-limit=]
2022-12-27T11:31:56.2630490Z   20 errors generated.
2022-12-27T11:31:56.2659120Z   error: command '/usr/bin/gcc' failed with exit code 1
2022-12-27T11:31:56.2973740Z   error: subprocess-exited-with-error
2022-12-27T11:31:56.2974210Z   
2022-12-27T11:31:56.2974720Z   Ã— python setup.py bdist_wheel did not run successfully.
2022-12-27T11:31:56.2975240Z   â”‚ exit code: 1
2022-12-27T11:31:56.2975620Z   â•°â”€> See above for output.
2022-12-27T11:31:56.2975840Z   
2022-12-27T11:31:56.2976180Z   note: This error originates from a subprocess, and is likely not a problem with pip.
2022-12-27T11:31:56.2983580Z   full command: /private/var/folders/51/hd414ycd67n82196sw51xqtc0000gn/T/cibw-run-f2n8b_22/cp38-macosx_arm64/build/venv/bin/python -u -c '
2022-12-27T11:31:56.2983990Z   exec(compile('"'"''"'"''"'"'
2022-12-27T11:31:56.2984350Z   # This is <pip-setuptools-caller> -- a caller that pip uses to run setup.py
2022-12-27T11:31:56.2984610Z   #
2022-12-27T11:31:56.2984950Z   # - It imports setuptools before invoking setup.py, to enable projects that directly
2022-12-27T11:31:56.2985270Z   #   import from `distutils.core` to work with newer packaging standards.
2022-12-27T11:31:56.2985620Z   # - It provides a clear error message when setuptools is not installed.
2022-12-27T11:31:56.2986010Z   # - It sets `sys.argv[0]` to the underlying `setup.py`, when invoking `setup.py` so
2022-12-27T11:31:56.2986410Z   #   setuptools doesn'"'"'t think the script is `-c`. This avoids the following warning:
2022-12-27T11:31:56.2986750Z   #     manifest_maker: standard file '"'"'-c'"'"' not found".
2022-12-27T11:31:56.2987270Z   # - It generates a shim setup.py, for handling setup.cfg-only projects.
2022-12-27T11:31:56.2987550Z   import os, sys, tokenize
2022-12-27T11:31:56.2987710Z   
2022-12-27T11:31:56.2987890Z   try:
2022-12-27T11:31:56.2988070Z       import setuptools
2022-12-27T11:31:56.2988260Z   except ImportError as error:
2022-12-27T11:31:56.2988480Z       print(
2022-12-27T11:31:56.2988740Z           "ERROR: Can not execute `setup.py` since setuptools is not available in "
2022-12-27T11:31:56.2989010Z           "the build environment.",
2022-12-27T11:31:56.2989180Z           file=sys.stderr,
2022-12-27T11:31:56.2989400Z       )
2022-12-27T11:31:56.2989580Z       sys.exit(1)
2022-12-27T11:31:56.2989740Z   
2022-12-27T11:31:56.2989920Z   __file__ = %r
2022-12-27T11:31:56.2990650Z   sys.argv[0] = __file__
2022-12-27T11:31:56.2990850Z   
2022-12-27T11:31:56.2991060Z   if os.path.exists(__file__):
2022-12-27T11:31:56.2991290Z       filename = __file__
2022-12-27T11:31:56.2991490Z       with tokenize.open(__file__) as f:
2022-12-27T11:31:56.2991740Z           setup_py_code = f.read()
2022-12-27T11:31:56.2991950Z   else:
2022-12-27T11:31:56.2992230Z       filename = "<auto-generated setuptools caller>"
2022-12-27T11:31:56.2992510Z       setup_py_code = "from setuptools import setup; setup()"
2022-12-27T11:31:56.2992700Z   
2022-12-27T11:31:56.2992910Z   exec(compile(setup_py_code, filename, "exec"))
2022-12-27T11:31:56.2993560Z   '"'"''"'"''"'"' % ('"'"'/Users/runner/actions-runner/_work/python.build/python.build/build_lxml22338/lxml-2.2.3/setup.py'"'"',), "<pip-setuptools-caller>", "exec"))' bdist_wheel -d /private/var/folders/51/hd414ycd67n82196sw51xqtc0000gn/T/pip-wheel-4ixfy1rp
2022-12-27T11:31:56.2994110Z   cwd: /Users/runner/actions-runner/_work/python.build/python.build/build_lxml22338/lxml-2.2.3/
2022-12-27T11:31:56.2994490Z   Building wheel for lxml (setup.py): finished with status 'error'
2022-12-27T11:31:56.2994760Z   ERROR: Failed building wheel for lxml
2022-12-27T11:31:56.2995760Z   Running setup.py clean for lxml
2022-12-27T11:31:56.2997850Z   Running command python setup.py clean
2022-12-27T11:31:56.5541530Z   Building lxml version 2.2.3.
2022-12-27T11:31:56.5543410Z   Building with Cython 0.29.32.
2022-12-27T11:31:56.5669140Z   Using build configuration of libxslt 1.1.29
2022-12-27T11:31:56.6600960Z   Building against libxml2/libxslt in the following directory: /Library/Developer/CommandLineTools/SDKs/MacOSX12.1.sdk/usr/lib
2022-12-27T11:31:56.6744690Z   running clean
2022-12-27T11:31:56.6773230Z   removing 'build/temp.macosx-11.0-arm64-cpython-38' (and everything under it)
2022-12-27T11:31:56.6777350Z   removing 'build/lib.macosx-11.0-arm64-cpython-38' (and everything under it)
2022-12-27T11:31:56.6800330Z   'build/bdist.macosx-11.0-arm64' does not exist -- can't clean it
2022-12-27T11:31:56.6802130Z   'build/scripts-3.8' does not exist -- can't clean it
2022-12-27T11:31:56.6803930Z   removing 'build'
2022-12-27T11:31:56.7131530Z Failed to build lxml
2022-12-27T11:31:56.7135940Z ERROR: Failed to build one or more wheels
2022-12-27T11:31:56.7145850Z Exception information:
2022-12-27T11:31:56.7146360Z Traceback (most recent call last):
2022-12-27T11:31:56.7155270Z   File "/private/var/folders/51/hd414ycd67n82196sw51xqtc0000gn/T/cibw-run-f2n8b_22/cp38-macosx_arm64/build/venv/lib/python3.8/site-packages/pip/_internal/cli/base_command.py", line 160, in exc_logging_wrapper
2022-12-27T11:31:56.7155870Z     status = run_func(*args)
2022-12-27T11:31:56.7156710Z   File "/private/var/folders/51/hd414ycd67n82196sw51xqtc0000gn/T/cibw-run-f2n8b_22/cp38-macosx_arm64/build/venv/lib/python3.8/site-packages/pip/_internal/cli/req_command.py", line 247, in wrapper
2022-12-27T11:31:56.7157120Z     return func(self, options, args)
2022-12-27T11:31:56.7157600Z   File "/private/var/folders/51/hd414ycd67n82196sw51xqtc0000gn/T/cibw-run-f2n8b_22/cp38-macosx_arm64/build/venv/lib/python3.8/site-packages/pip/_internal/commands/wheel.py", line 201, in run
2022-12-27T11:31:56.7157990Z     raise CommandError("Failed to build one or more wheels")
2022-12-27T11:31:56.7158250Z pip._internal.exceptions.CommandError: Failed to build one or more wheels
2022-12-27T11:31:56.7158660Z Removed build tracker: '/private/var/folders/51/hd414ycd67n82196sw51xqtc0000gn/T/pip-build-tracker-n6h6jxw2'
2022-12-27T11:31:56.7586290Z ##[endgroup]
2022-12-27T11:31:56.7587070Z                                                               [31mâœ• [0m2.37s
2022-12-27T11:31:56.7927370Z ##[error]Command ['python', '-m', 'pip', 'wheel', '/Users/runner/actions-runner/_work/python.build/python.build/build_lxml22338/lxml-2.2.3', '--wheel-dir=/private/var/folders/51/hd414ycd67n82196sw51xqtc0000gn/T/cibw-run-f2n8b_22/cp38-macosx_arm64/built_wheel', '--no-deps', '-vvv'] failed with code 1. None
2022-12-27T11:31:56.7933430Z 
2022-12-27T11:31:56.8035440Z ##[error]Process completed with exit code 1.
2022-12-27T11:31:56.8067120Z ##[group]Run rm -rf build_lxml22338 wheelsout
2022-12-27T11:31:56.8067300Z [36;1mrm -rf build_lxml22338 wheelsout[0m
2022-12-27T11:31:56.8082020Z shell: /bin/bash -e {0}
2022-12-27T11:31:56.8082160Z env:
2022-12-27T11:31:56.8082330Z   pythonLocation: /Users/runner/hostedtoolcache/Python/3.8.15/x64
2022-12-27T11:31:56.8082560Z   PKG_CONFIG_PATH: /Users/runner/hostedtoolcache/Python/3.8.15/x64/lib/pkgconfig
2022-12-27T11:31:56.8082770Z   Python_ROOT_DIR: /Users/runner/hostedtoolcache/Python/3.8.15/x64
2022-12-27T11:31:56.8082960Z   Python2_ROOT_DIR: /Users/runner/hostedtoolcache/Python/3.8.15/x64
2022-12-27T11:31:56.8083160Z   Python3_ROOT_DIR: /Users/runner/hostedtoolcache/Python/3.8.15/x64
2022-12-27T11:31:56.8083320Z ##[endgroup]
2022-12-27T11:31:56.8615190Z Cleaning up orphan processes
