2022-12-27T01:50:54.0697762Z Requested labels: self-hosted, macOS, X64
2022-12-27T01:50:54.0697891Z Job defined at: kilnbuild/python.build/.github/workflows/mac_arm_build.yml@refs/heads/main
2022-12-27T01:50:54.0697929Z Waiting for a runner to pick up this job...
2022-12-27T01:52:50.1256294Z Job is about to start running on the runner: s1 (organization)
2022-12-27T01:52:53.7513520Z Current runner version: '2.300.2'
2022-12-27T01:52:53.7518650Z Runner name: 's1'
2022-12-27T01:52:53.7518900Z Runner group name: 'Default'
2022-12-27T01:52:53.7519340Z Machine name: 's1'
2022-12-27T01:52:53.7520910Z ##[group]GITHUB_TOKEN Permissions
2022-12-27T01:52:53.7521340Z Actions: write
2022-12-27T01:52:53.7521490Z Checks: write
2022-12-27T01:52:53.7521620Z Contents: write
2022-12-27T01:52:53.7521760Z Deployments: write
2022-12-27T01:52:53.7521900Z Discussions: write
2022-12-27T01:52:53.7522040Z Issues: write
2022-12-27T01:52:53.7522170Z Metadata: read
2022-12-27T01:52:53.7522300Z Packages: write
2022-12-27T01:52:53.7522450Z Pages: write
2022-12-27T01:52:53.7522580Z PullRequests: write
2022-12-27T01:52:53.7522750Z RepositoryProjects: write
2022-12-27T01:52:53.7522910Z SecurityEvents: write
2022-12-27T01:52:53.7523060Z Statuses: write
2022-12-27T01:52:53.7523190Z ##[endgroup]
2022-12-27T01:52:53.7525710Z Secret source: Actions
2022-12-27T01:52:53.7526040Z Prepare workflow directory
2022-12-27T01:52:53.8191110Z Prepare all required actions
2022-12-27T01:52:53.8315260Z Getting action download info
2022-12-27T01:52:54.2931630Z Download action repository 'actions/setup-python@v4' (SHA:5ccb29d8773c3f3f653e1705f474dfaa8a06a912)
2022-12-27T01:52:55.5930550Z Download action repository 'actions/upload-artifact@v3' (SHA:83fd05a356d7e2593de66fc9913b3002723633cb)
2022-12-27T01:52:57.9086470Z ##[group]Run echo '{
2022-12-27T01:52:57.9086770Z [36;1mecho '{[0m
2022-12-27T01:52:57.9086970Z [36;1m  "environment_variables": "GRPC_PYTHON_BUILD_WITH_CYTHON=1 GRPC_BUILD_WITH_BORING_SSL_ASM='' GRPC_PYTHON_BUILD_SYSTEM_OPENSSL=TRUE",[0m
2022-12-27T01:52:57.9087210Z [36;1m  "package_name": "grpcio",[0m
2022-12-27T01:52:57.9087520Z [36;1m  "package_url": "https://files.pythonhosted.org/packages/b4/3e/40ac12d23777991c48c980dd0fc6333a43717b5c1538490e322192087df2/grpcio-1.2.0.tar.gz",[0m
2022-12-27T01:52:57.9087790Z [36;1m  "package_version": "1.2.0",[0m
2022-12-27T01:52:57.9087950Z [36;1m  "python_version": "3.11",[0m
2022-12-27T01:52:57.9088110Z [36;1m  "use_ccache": "true"[0m
2022-12-27T01:52:57.9088280Z [36;1m}'[0m
2022-12-27T01:52:57.9104390Z shell: /bin/bash -e {0}
2022-12-27T01:52:57.9104540Z ##[endgroup]
2022-12-27T01:52:57.9318180Z {
2022-12-27T01:52:57.9319730Z   "environment_variables": "GRPC_PYTHON_BUILD_WITH_CYTHON=1 GRPC_BUILD_WITH_BORING_SSL_ASM= GRPC_PYTHON_BUILD_SYSTEM_OPENSSL=TRUE",
2022-12-27T01:52:57.9320140Z   "package_name": "grpcio",
2022-12-27T01:52:57.9320870Z   "package_url": "https://files.pythonhosted.org/packages/b4/3e/40ac12d23777991c48c980dd0fc6333a43717b5c1538490e322192087df2/grpcio-1.2.0.tar.gz",
2022-12-27T01:52:57.9321170Z   "package_version": "1.2.0",
2022-12-27T01:52:57.9321330Z   "python_version": "3.11",
2022-12-27T01:52:57.9321520Z   "use_ccache": "true"
2022-12-27T01:52:57.9321690Z }
2022-12-27T01:52:57.9546290Z ##[group]Run actions/setup-python@v4
2022-12-27T01:52:57.9546620Z with:
2022-12-27T01:52:57.9546830Z   python-version: 3.11
2022-12-27T01:52:57.9546980Z   check-latest: false
2022-12-27T01:52:57.9547330Z   token: ***
2022-12-27T01:52:57.9547560Z   update-environment: true
2022-12-27T01:52:57.9547760Z ##[endgroup]
2022-12-27T01:52:58.0826570Z ##[group]Installed versions
2022-12-27T01:52:58.0864120Z Successfully set up CPython (3.11.1)
2022-12-27T01:52:58.0864880Z ##[endgroup]
2022-12-27T01:52:58.1012850Z ##[group]Run if [ "true" == "true" ]
2022-12-27T01:52:58.1013090Z [36;1mif [ "true" == "true" ][0m
2022-12-27T01:52:58.1013340Z [36;1mthen[0m
2022-12-27T01:52:58.1013560Z [36;1m  echo "CCACHE_PATH_PREPEND=/usr/local/opt/ccache/libexec" >> $GITHUB_OUTPUT[0m
2022-12-27T01:52:58.1014040Z [36;1melse[0m
2022-12-27T01:52:58.1014210Z [36;1m  echo "CCACHE_PATH_PREPEND=" >> $GITHUB_OUTPUT[0m
2022-12-27T01:52:58.1014440Z [36;1mfi[0m
2022-12-27T01:52:58.1034840Z shell: /bin/bash -e {0}
2022-12-27T01:52:58.1035030Z env:
2022-12-27T01:52:58.1035250Z   pythonLocation: /Users/runner/hostedtoolcache/Python/3.11.1/x64
2022-12-27T01:52:58.1035580Z   PKG_CONFIG_PATH: /Users/runner/hostedtoolcache/Python/3.11.1/x64/lib/pkgconfig
2022-12-27T01:52:58.1036240Z   Python_ROOT_DIR: /Users/runner/hostedtoolcache/Python/3.11.1/x64
2022-12-27T01:52:58.1036460Z   Python2_ROOT_DIR: /Users/runner/hostedtoolcache/Python/3.11.1/x64
2022-12-27T01:52:58.1036740Z   Python3_ROOT_DIR: /Users/runner/hostedtoolcache/Python/3.11.1/x64
2022-12-27T01:52:58.1036990Z ##[endgroup]
2022-12-27T01:52:58.1145620Z ##[group]Run echo "BUILD_NAME=$(echo grpcio_1.2.0_3.11 | tr -dc '[:alnum:]\n\r' | tr '[:upper:]' '[:lower:]')" >> $GITHUB_OUTPUT
2022-12-27T01:52:58.1146170Z [36;1mecho "BUILD_NAME=$(echo grpcio_1.2.0_3.11 | tr -dc '[:alnum:]\n\r' | tr '[:upper:]' '[:lower:]')" >> $GITHUB_OUTPUT[0m
2022-12-27T01:52:58.1161710Z shell: /bin/bash -e {0}
2022-12-27T01:52:58.1161880Z env:
2022-12-27T01:52:58.1162200Z   pythonLocation: /Users/runner/hostedtoolcache/Python/3.11.1/x64
2022-12-27T01:52:58.1162480Z   PKG_CONFIG_PATH: /Users/runner/hostedtoolcache/Python/3.11.1/x64/lib/pkgconfig
2022-12-27T01:52:58.1162750Z   Python_ROOT_DIR: /Users/runner/hostedtoolcache/Python/3.11.1/x64
2022-12-27T01:52:58.1163000Z   Python2_ROOT_DIR: /Users/runner/hostedtoolcache/Python/3.11.1/x64
2022-12-27T01:52:58.1163320Z   Python3_ROOT_DIR: /Users/runner/hostedtoolcache/Python/3.11.1/x64
2022-12-27T01:52:58.1163530Z ##[endgroup]
2022-12-27T01:52:58.1308060Z ##[group]Run echo "PYTHON_NO_DOTS=$(echo 3.11 | tr -dc '[:alnum:]\n\r' | tr '[:upper:]' '[:lower:]')" >> $GITHUB_OUTPUT
2022-12-27T01:52:58.1308470Z [36;1mecho "PYTHON_NO_DOTS=$(echo 3.11 | tr -dc '[:alnum:]\n\r' | tr '[:upper:]' '[:lower:]')" >> $GITHUB_OUTPUT[0m
2022-12-27T01:52:58.1323880Z shell: /bin/bash -e {0}
2022-12-27T01:52:58.1324040Z env:
2022-12-27T01:52:58.1324260Z   pythonLocation: /Users/runner/hostedtoolcache/Python/3.11.1/x64
2022-12-27T01:52:58.1324610Z   PKG_CONFIG_PATH: /Users/runner/hostedtoolcache/Python/3.11.1/x64/lib/pkgconfig
2022-12-27T01:52:58.1324870Z   Python_ROOT_DIR: /Users/runner/hostedtoolcache/Python/3.11.1/x64
2022-12-27T01:52:58.1325090Z   Python2_ROOT_DIR: /Users/runner/hostedtoolcache/Python/3.11.1/x64
2022-12-27T01:52:58.1325360Z   Python3_ROOT_DIR: /Users/runner/hostedtoolcache/Python/3.11.1/x64
2022-12-27T01:52:58.1325570Z ##[endgroup]
2022-12-27T01:52:58.1436850Z ##[group]Run rm -rf build_grpcio120311
2022-12-27T01:52:58.1437230Z [36;1mrm -rf build_grpcio120311[0m
2022-12-27T01:52:58.1437400Z [36;1mmkdir build_grpcio120311[0m
2022-12-27T01:52:58.1437690Z [36;1mcd build_grpcio120311[0m
2022-12-27T01:52:58.1438030Z [36;1m/usr/local/bin/wget --quiet https://files.pythonhosted.org/packages/b4/3e/40ac12d23777991c48c980dd0fc6333a43717b5c1538490e322192087df2/grpcio-1.2.0.tar.gz[0m
2022-12-27T01:52:58.1438300Z [36;1mtar xf *.tar.gz[0m
2022-12-27T01:52:58.1438460Z [36;1mcd grpcio-*/[0m
2022-12-27T01:52:58.1438660Z [36;1mpython -m pip install cibuildwheel==2.11.3[0m
2022-12-27T01:52:58.1438930Z [36;1mpython -m cibuildwheel --output-dir ../wheelsout[0m
2022-12-27T01:52:58.1454330Z shell: /bin/bash -e {0}
2022-12-27T01:52:58.1454530Z env:
2022-12-27T01:52:58.1454830Z   pythonLocation: /Users/runner/hostedtoolcache/Python/3.11.1/x64
2022-12-27T01:52:58.1455120Z   PKG_CONFIG_PATH: /Users/runner/hostedtoolcache/Python/3.11.1/x64/lib/pkgconfig
2022-12-27T01:52:58.1455520Z   Python_ROOT_DIR: /Users/runner/hostedtoolcache/Python/3.11.1/x64
2022-12-27T01:52:58.1455780Z   Python2_ROOT_DIR: /Users/runner/hostedtoolcache/Python/3.11.1/x64
2022-12-27T01:52:58.1456060Z   Python3_ROOT_DIR: /Users/runner/hostedtoolcache/Python/3.11.1/x64
2022-12-27T01:52:58.1456240Z   CIBW_ARCHS_MACOS: arm64
2022-12-27T01:52:58.1456420Z   CIBW_TEST_SKIP: *_arm64
2022-12-27T01:52:58.1456610Z   CIBW_BUILD: cp311-macosx_arm64
2022-12-27T01:52:58.1456760Z   CIBW_BUILD_FRONTEND: pip
2022-12-27T01:52:58.1456970Z   CIBW_BUILD_VERBOSITY: 3
2022-12-27T01:52:58.1457360Z   CIBW_ENVIRONMENT_MACOS: GRPC_PYTHON_BUILD_WITH_CYTHON=1 GRPC_BUILD_WITH_BORING_SSL_ASM='' GRPC_PYTHON_BUILD_SYSTEM_OPENSSL=TRUE CFLAGS="-I/usr/local/opt/openssl@3/include" LDFLAGS="-L/usr/local/opt/openssl@3/lib" CPPFLAGS="-I/usr/local/opt/openssl@3/include" MAKEFLAGS="-j$(sysctl -n hw.logicalcpu)" PATH=/usr/local/opt/ccache/libexec:$PATH
2022-12-27T01:52:58.1458100Z   CIBW_BEFORE_BUILD: pip install Cython; if [[ -f requirements.txt ]]; then pip install -r requirements.txt; fi
2022-12-27T01:52:58.1458330Z   MAKEFLAGS: -j$(sysctl -n hw.logicalcpu)
2022-12-27T01:52:58.1458520Z ##[endgroup]
2022-12-27T01:52:59.2047370Z Requirement already satisfied: cibuildwheel==2.11.3 in /Library/Frameworks/Python.framework/Versions/3.11/lib/python3.11/site-packages (2.11.3)
2022-12-27T01:52:59.2360600Z Requirement already satisfied: bashlex!=0.13 in /Library/Frameworks/Python.framework/Versions/3.11/lib/python3.11/site-packages (from cibuildwheel==2.11.3) (0.16)
2022-12-27T01:52:59.2367660Z Requirement already satisfied: bracex in /Library/Frameworks/Python.framework/Versions/3.11/lib/python3.11/site-packages (from cibuildwheel==2.11.3) (2.3.post1)
2022-12-27T01:52:59.2374580Z Requirement already satisfied: certifi in /Library/Frameworks/Python.framework/Versions/3.11/lib/python3.11/site-packages (from cibuildwheel==2.11.3) (2022.12.7)
2022-12-27T01:52:59.2381540Z Requirement already satisfied: filelock in /Library/Frameworks/Python.framework/Versions/3.11/lib/python3.11/site-packages (from cibuildwheel==2.11.3) (3.8.2)
2022-12-27T01:52:59.2391010Z Requirement already satisfied: packaging>=20.9 in /Library/Frameworks/Python.framework/Versions/3.11/lib/python3.11/site-packages (from cibuildwheel==2.11.3) (22.0)
2022-12-27T01:52:59.2399590Z Requirement already satisfied: platformdirs in /Library/Frameworks/Python.framework/Versions/3.11/lib/python3.11/site-packages (from cibuildwheel==2.11.3) (2.6.0)
2022-12-27T01:52:59.4677010Z 
2022-12-27T01:52:59.4677310Z      _ _       _ _   _       _           _
2022-12-27T01:52:59.4677960Z  ___|_| |_ _ _|_| |_| |_ _ _| |_ ___ ___| |
2022-12-27T01:52:59.4678590Z |  _| | . | | | | | . | | | |   | -_| -_| |
2022-12-27T01:52:59.4678840Z |___|_|___|___|_|_|___|_____|_|_|___|___|_|
2022-12-27T01:52:59.4678930Z 
2022-12-27T01:52:59.4679050Z cibuildwheel version 2.11.3
2022-12-27T01:52:59.4679190Z 
2022-12-27T01:52:59.4679350Z Build options:
2022-12-27T01:52:59.4679580Z   platform: macos
2022-12-27T01:52:59.4801870Z   architectures: arm64[0m
2022-12-27T01:52:59.4802330Z   build_selector: 
2022-12-27T01:52:59.4802970Z     build_config: cp311-macosx_arm64
2022-12-27T01:52:59.4803310Z     skip_config: 
2022-12-27T01:52:59.4803500Z     requires_python: None
2022-12-27T01:52:59.4803830Z     prerelease_pythons: False[0m
2022-12-27T01:52:59.4804160Z   [38;5;244mcontainer_engine: docker[0m
2022-12-27T01:52:59.4804590Z   output_dir: /Users/runner/actions-runner/_work/python.build/python.build/build_grpcio120311/wheelsout[0m
2022-12-27T01:52:59.4805090Z   package_dir: /Users/runner/actions-runner/_work/python.build/python.build/build_grpcio120311/grpcio-1.2.0[0m
2022-12-27T01:52:59.4805410Z   test_selector: 
2022-12-27T01:52:59.4805650Z     skip_config: *_arm64[0m
2022-12-27T01:52:59.4805930Z   [38;5;244mbefore_all: [0m
2022-12-27T01:52:59.4806410Z   before_build: pip install Cython; if [[ -f requirements.txt ]]; then pip install -r requirements.txt; fi[0m
2022-12-27T01:52:59.4806780Z   [38;5;244mbefore_test: [0m
2022-12-27T01:52:59.4807030Z   [38;5;244mbuild_frontend: pip[0m
2022-12-27T01:52:59.4807320Z   build_verbosity: 3[0m
2022-12-27T01:52:59.4807650Z   [38;5;244mconfig_settings: [0m
2022-12-27T01:52:59.4807940Z   [38;5;244mdependency_constraints: pinned[0m
2022-12-27T01:52:59.4808180Z   environment: 
2022-12-27T01:52:59.4808420Z     GRPC_PYTHON_BUILD_WITH_CYTHON=1
2022-12-27T01:52:59.4808660Z     GRPC_BUILD_WITH_BORING_SSL_ASM=''
2022-12-27T01:52:59.4808920Z     GRPC_PYTHON_BUILD_SYSTEM_OPENSSL=TRUE
2022-12-27T01:52:59.4809190Z     CFLAGS="-I/usr/local/opt/openssl@3/include"
2022-12-27T01:52:59.4809410Z     LDFLAGS="-L/usr/local/opt/openssl@3/lib"
2022-12-27T01:52:59.4809680Z     CPPFLAGS="-I/usr/local/opt/openssl@3/include"
2022-12-27T01:52:59.4809940Z     MAKEFLAGS="-j$(sysctl -n hw.logicalcpu)"
2022-12-27T01:52:59.4810480Z     PATH=/usr/local/opt/ccache/libexec:$PATH[0m
2022-12-27T01:52:59.4810750Z   [38;5;244mmanylinux_images: None[0m
2022-12-27T01:52:59.4811010Z   [38;5;244mmusllinux_images: None[0m
2022-12-27T01:52:59.4811330Z   [38;5;244mrepair_command: delocate-wheel --require-archs {delocate_archs} -w {dest_dir} -v {wheel}[0m
2022-12-27T01:52:59.4811580Z   [38;5;244mtest_command: [0m
2022-12-27T01:52:59.4811860Z   [38;5;244mtest_extras: [0m
2022-12-27T01:52:59.4812080Z   [38;5;244mtest_requires: [0m
2022-12-27T01:52:59.4812200Z 
2022-12-27T01:52:59.4812280Z Cache folder: /Users/runner/Library/Caches/cibuildwheel
2022-12-27T01:52:59.4819580Z 
2022-12-27T01:52:59.4819820Z Here we go!
2022-12-27T01:52:59.4819930Z 
2022-12-27T01:52:59.4869360Z 
2022-12-27T01:52:59.4869730Z [1m[34mBuilding cp311-macosx_arm64 wheel[0m
2022-12-27T01:52:59.4870280Z CPython 3.11 macOS arm64 - Apple Silicon
2022-12-27T01:52:59.4870440Z 
2022-12-27T01:52:59.4872840Z ##[group]Installing Python cp311...
2022-12-27T01:52:59.4873020Z 
2022-12-27T01:52:59.4873570Z + pkgutil --pkgs
2022-12-27T01:52:59.4975190Z ##[endgroup]
2022-12-27T01:52:59.4976430Z                                                               [32m✓ [0m0.01s
2022-12-27T01:52:59.4977020Z ##[group]Setting up build environment...
2022-12-27T01:52:59.4977180Z 
2022-12-27T01:52:59.4995780Z + /Library/Frameworks/Python.framework/Versions/3.11/bin/python -sS /Users/runner/Library/Caches/cibuildwheel/virtualenv-20.17.0.pyz --activators= --no-periodic-update --pip=22.3.1 --setuptools=65.6.3 --wheel=0.38.4 --symlink-app-data --python /Library/Frameworks/Python.framework/Versions/3.11/bin/python3 /private/var/folders/51/hd414ycd67n82196sw51xqtc0000gn/T/cibw-run-s4gw6l7j/cp311-macosx_arm64/build/venv
2022-12-27T01:52:59.6891470Z created virtual environment CPython3.11.1.final.0-64 in 49ms
2022-12-27T01:52:59.6892240Z   creator CPython3Posix(dest=/private/var/folders/51/hd414ycd67n82196sw51xqtc0000gn/T/cibw-run-s4gw6l7j/cp311-macosx_arm64/build/venv, clear=False, no_vcs_ignore=False, global=False)
2022-12-27T01:52:59.6892940Z   seeder FromAppData(download=False, pip=22.3.1, setuptools=65.6.3, wheel=0.38.4, via=symlink, app_data_dir=/Users/runner/Library/Application Support/virtualenv)
2022-12-27T01:52:59.6893240Z     added seed packages: pip==22.3.1, setuptools==65.6.3, wheel==0.38.4
2022-12-27T01:52:59.7022570Z + python -m pip install --upgrade pip -c /Library/Frameworks/Python.framework/Versions/3.11/lib/python3.11/site-packages/cibuildwheel/resources/constraints-python311.txt
2022-12-27T01:52:59.9837200Z Requirement already satisfied: pip in ./lib/python3.11/site-packages (22.3.1)
2022-12-27T01:53:00.1117780Z + which pip
2022-12-27T01:53:00.1137260Z /private/var/folders/51/hd414ycd67n82196sw51xqtc0000gn/T/cibw-run-s4gw6l7j/cp311-macosx_arm64/build/venv/bin/pip
2022-12-27T01:53:00.1140050Z + pip --version
2022-12-27T01:53:00.3115820Z pip 22.3.1 from /private/var/folders/51/hd414ycd67n82196sw51xqtc0000gn/T/cibw-run-s4gw6l7j/cp311-macosx_arm64/build/venv/lib/python3.11/site-packages/pip (python 3.11)
2022-12-27T01:53:00.3345430Z + which pip
2022-12-27T01:53:00.3371880Z + which python
2022-12-27T01:53:00.3393400Z /private/var/folders/51/hd414ycd67n82196sw51xqtc0000gn/T/cibw-run-s4gw6l7j/cp311-macosx_arm64/build/venv/bin/python
2022-12-27T01:53:00.3395750Z + python --version
2022-12-27T01:53:00.3460930Z Python 3.11.1
2022-12-27T01:53:00.3463390Z + which python
2022-12-27T01:53:00.3514580Z ##[endgroup]
2022-12-27T01:53:00.3515260Z                                                               [32m✓ [0m0.85s
2022-12-27T01:53:00.3516170Z ##[group]Installing build tools...
2022-12-27T01:53:00.3516370Z 
2022-12-27T01:53:00.3517150Z + pip install --upgrade setuptools wheel delocate -c /Library/Frameworks/Python.framework/Versions/3.11/lib/python3.11/site-packages/cibuildwheel/resources/constraints-python311.txt
2022-12-27T01:53:00.6245930Z Requirement already satisfied: setuptools in /private/var/folders/51/hd414ycd67n82196sw51xqtc0000gn/T/cibw-run-s4gw6l7j/cp311-macosx_arm64/build/venv/lib/python3.11/site-packages (65.6.3)
2022-12-27T01:53:00.8006160Z Requirement already satisfied: wheel in /private/var/folders/51/hd414ycd67n82196sw51xqtc0000gn/T/cibw-run-s4gw6l7j/cp311-macosx_arm64/build/venv/lib/python3.11/site-packages (0.38.4)
2022-12-27T01:53:00.8388760Z Collecting delocate
2022-12-27T01:53:00.8410700Z   Using cached delocate-0.10.3-py3-none-any.whl (142 kB)
2022-12-27T01:53:00.8669370Z Collecting packaging>=20.9
2022-12-27T01:53:00.8689130Z   Using cached packaging-21.3-py3-none-any.whl (40 kB)
2022-12-27T01:53:00.8845890Z Collecting typing-extensions
2022-12-27T01:53:00.8863900Z   Using cached typing_extensions-4.4.0-py3-none-any.whl (26 kB)
2022-12-27T01:53:00.9180210Z Collecting pyparsing!=3.0.5,>=2.0.2
2022-12-27T01:53:00.9197550Z   Using cached pyparsing-3.0.9-py3-none-any.whl (98 kB)
2022-12-27T01:53:00.9767990Z Installing collected packages: typing-extensions, pyparsing, packaging, delocate
2022-12-27T01:53:01.1105700Z Successfully installed delocate-0.10.3 packaging-21.3 pyparsing-3.0.9 typing-extensions-4.4.0
2022-12-27T01:53:01.1575260Z ##[endgroup]
2022-12-27T01:53:01.1576120Z                                                               [32m✓ [0m0.81s
2022-12-27T01:53:01.1576720Z ##[group]Running before_build...
2022-12-27T01:53:01.1576830Z 
2022-12-27T01:53:01.1581130Z + pip install Cython; if [[ -f requirements.txt ]]; then pip install -r requirements.txt; fi
2022-12-27T01:53:01.7333710Z Collecting Cython
2022-12-27T01:53:01.7379130Z   Using cached Cython-0.29.32-py2.py3-none-any.whl (986 kB)
2022-12-27T01:53:01.7792260Z Installing collected packages: Cython
2022-12-27T01:53:02.2131750Z Successfully installed Cython-0.29.32
2022-12-27T01:53:02.8798470Z Collecting coverage>=4.0
2022-12-27T01:53:02.8825090Z   Using cached coverage-7.0.1-cp311-cp311-macosx_10_9_x86_64.whl (188 kB)
2022-12-27T01:53:02.8865190Z Requirement already satisfied: cython>=0.23 in /private/var/folders/51/hd414ycd67n82196sw51xqtc0000gn/T/cibw-run-s4gw6l7j/cp311-macosx_arm64/build/venv/lib/python3.11/site-packages (from -r requirements.txt (line 3)) (0.29.32)
2022-12-27T01:53:02.8995710Z Collecting enum34>=1.0.4
2022-12-27T01:53:02.9014620Z   Using cached enum34-1.1.10-py3-none-any.whl (11 kB)
2022-12-27T01:53:02.9149740Z Collecting futures>=2.2.0
2022-12-27T01:53:02.9151240Z   Using cached futures-3.0.5-py3-none-any.whl
2022-12-27T01:53:03.1496930Z Collecting protobuf>=3.2.0
2022-12-27T01:53:03.1524120Z   Using cached protobuf-4.21.12-cp37-abi3-macosx_10_9_universal2.whl (486 kB)
2022-12-27T01:53:03.1698460Z Collecting six>=1.10
2022-12-27T01:53:03.1715530Z   Using cached six-1.16.0-py2.py3-none-any.whl (11 kB)
2022-12-27T01:53:03.1735270Z Requirement already satisfied: wheel>=0.29 in /private/var/folders/51/hd414ycd67n82196sw51xqtc0000gn/T/cibw-run-s4gw6l7j/cp311-macosx_arm64/build/venv/lib/python3.11/site-packages (from -r requirements.txt (line 8)) (0.38.4)
2022-12-27T01:53:03.2146280Z Installing collected packages: futures, enum34, six, protobuf, coverage
2022-12-27T01:53:03.4584330Z Successfully installed coverage-7.0.1 enum34-1.1.10 futures-3.0.5 protobuf-4.21.12 six-1.16.0
2022-12-27T01:53:03.5131120Z ##[endgroup]
2022-12-27T01:53:03.5132060Z                                                               [32m✓ [0m2.36s
2022-12-27T01:53:03.5132950Z ##[group]Building wheel...
2022-12-27T01:53:03.5133200Z 
2022-12-27T01:53:03.5137100Z + python -m pip wheel /Users/runner/actions-runner/_work/python.build/python.build/build_grpcio120311/grpcio-1.2.0 --wheel-dir=/private/var/folders/51/hd414ycd67n82196sw51xqtc0000gn/T/cibw-run-s4gw6l7j/cp311-macosx_arm64/built_wheel --no-deps -vvv
2022-12-27T01:53:03.7680530Z Created temporary directory: /private/var/folders/51/hd414ycd67n82196sw51xqtc0000gn/T/pip-ephem-wheel-cache-r6mf8jms
2022-12-27T01:53:03.7685070Z Created temporary directory: /private/var/folders/51/hd414ycd67n82196sw51xqtc0000gn/T/pip-build-tracker-kns7ur6k
2022-12-27T01:53:03.7687300Z Initialized build tracking at /private/var/folders/51/hd414ycd67n82196sw51xqtc0000gn/T/pip-build-tracker-kns7ur6k
2022-12-27T01:53:03.7689340Z Created build tracker: /private/var/folders/51/hd414ycd67n82196sw51xqtc0000gn/T/pip-build-tracker-kns7ur6k
2022-12-27T01:53:03.7690910Z Entered build tracker: /private/var/folders/51/hd414ycd67n82196sw51xqtc0000gn/T/pip-build-tracker-kns7ur6k
2022-12-27T01:53:03.7694340Z Created temporary directory: /private/var/folders/51/hd414ycd67n82196sw51xqtc0000gn/T/pip-wheel-kdn50wnd
2022-12-27T01:53:03.7700040Z Created temporary directory: /private/var/folders/51/hd414ycd67n82196sw51xqtc0000gn/T/pip-ephem-wheel-cache-h3rk29m0
2022-12-27T01:53:03.7774920Z Processing /Users/runner/actions-runner/_work/python.build/python.build/build_grpcio120311/grpcio-1.2.0
2022-12-27T01:53:03.7779880Z   Added file:///Users/runner/actions-runner/_work/python.build/python.build/build_grpcio120311/grpcio-1.2.0 to build tracker '/private/var/folders/51/hd414ycd67n82196sw51xqtc0000gn/T/pip-build-tracker-kns7ur6k'
2022-12-27T01:53:03.7783150Z   Running setup.py (path:/Users/runner/actions-runner/_work/python.build/python.build/build_grpcio120311/grpcio-1.2.0/setup.py) egg_info for package from file:///Users/runner/actions-runner/_work/python.build/python.build/build_grpcio120311/grpcio-1.2.0
2022-12-27T01:53:03.7786190Z   Created temporary directory: /private/var/folders/51/hd414ycd67n82196sw51xqtc0000gn/T/pip-pip-egg-info-easht9h7
2022-12-27T01:53:03.7787830Z   Preparing metadata (setup.py): started
2022-12-27T01:53:03.7789800Z   Running command python setup.py egg_info
2022-12-27T01:53:04.1583500Z   /private/var/folders/51/hd414ycd67n82196sw51xqtc0000gn/T/cibw-run-s4gw6l7j/cp311-macosx_arm64/build/venv/lib/python3.11/site-packages/Cython/Compiler/Main.py:369: FutureWarning: Cython directive 'language_level' not set, using 2 for now (Py2). This will change in a later release! File: /Users/runner/actions-runner/_work/python.build/python.build/build_grpcio120311/grpcio-1.2.0/src/python/grpcio/grpc/_cython/cygrpc.pxd
2022-12-27T01:53:04.1584320Z     tree = Parsing.p_module(s, pxd, full_module_name)
2022-12-27T01:53:04.1986460Z   warning: src/python/grpcio/grpc/_cython/_cygrpc/grpc.pxi:150:13: 'GRPC_ARG_PRIMARY_USER_AGENT_STRING' redeclared
2022-12-27T01:53:04.9272770Z   Compiling src/python/grpcio/grpc/_cython/cygrpc.pyx because it depends on /private/var/folders/51/hd414ycd67n82196sw51xqtc0000gn/T/cibw-run-s4gw6l7j/cp311-macosx_arm64/build/venv/lib/python3.11/site-packages/Cython/Includes/libc/time.pxd.
2022-12-27T01:53:04.9273610Z   [1/1] Cythonizing src/python/grpcio/grpc/_cython/cygrpc.pyx
2022-12-27T01:53:04.9466750Z   running egg_info
2022-12-27T01:53:04.9471090Z   creating /private/var/folders/51/hd414ycd67n82196sw51xqtc0000gn/T/pip-pip-egg-info-easht9h7/grpcio.egg-info
2022-12-27T01:53:04.9483580Z   writing /private/var/folders/51/hd414ycd67n82196sw51xqtc0000gn/T/pip-pip-egg-info-easht9h7/grpcio.egg-info/PKG-INFO
2022-12-27T01:53:04.9487180Z   writing dependency_links to /private/var/folders/51/hd414ycd67n82196sw51xqtc0000gn/T/pip-pip-egg-info-easht9h7/grpcio.egg-info/dependency_links.txt
2022-12-27T01:53:04.9490690Z   writing requirements to /private/var/folders/51/hd414ycd67n82196sw51xqtc0000gn/T/pip-pip-egg-info-easht9h7/grpcio.egg-info/requires.txt
2022-12-27T01:53:04.9492770Z   writing top-level names to /private/var/folders/51/hd414ycd67n82196sw51xqtc0000gn/T/pip-pip-egg-info-easht9h7/grpcio.egg-info/top_level.txt
2022-12-27T01:53:04.9494500Z   writing manifest file '/private/var/folders/51/hd414ycd67n82196sw51xqtc0000gn/T/pip-pip-egg-info-easht9h7/grpcio.egg-info/SOURCES.txt'
2022-12-27T01:53:04.9578080Z   reading manifest file '/private/var/folders/51/hd414ycd67n82196sw51xqtc0000gn/T/pip-pip-egg-info-easht9h7/grpcio.egg-info/SOURCES.txt'
2022-12-27T01:53:04.9580610Z   reading manifest template 'PYTHON-MANIFEST.in'
2022-12-27T01:53:04.9607260Z   warning: no files found matching '*.h' under directory 'src/python/grpcio/grpc'
2022-12-27T01:53:04.9669490Z   warning: no files found matching '*.python' under directory 'src/python/grpcio/grpc'
2022-12-27T01:53:04.9685710Z   warning: no previously-included files matching '*.so' found under directory 'src/python/grpcio/grpc/_cython'
2022-12-27T01:53:04.9687710Z   warning: no previously-included files matching '*.pyd' found under directory 'src/python/grpcio/grpc/_cython'
2022-12-27T01:53:05.0162120Z   warning: no files found matching 'src/python/grpcio/precompiled.py'
2022-12-27T01:53:05.0458150Z   writing manifest file '/private/var/folders/51/hd414ycd67n82196sw51xqtc0000gn/T/pip-pip-egg-info-easht9h7/grpcio.egg-info/SOURCES.txt'
2022-12-27T01:53:05.1154700Z   Preparing metadata (setup.py): finished with status 'done'
2022-12-27T01:53:05.1177040Z   Source in /Users/runner/actions-runner/_work/python.build/python.build/build_grpcio120311/grpcio-1.2.0 has version 1.2.0, which satisfies requirement grpcio==1.2.0 from file:///Users/runner/actions-runner/_work/python.build/python.build/build_grpcio120311/grpcio-1.2.0
2022-12-27T01:53:05.1180350Z   Removed grpcio==1.2.0 from file:///Users/runner/actions-runner/_work/python.build/python.build/build_grpcio120311/grpcio-1.2.0 from build tracker '/private/var/folders/51/hd414ycd67n82196sw51xqtc0000gn/T/pip-build-tracker-kns7ur6k'
2022-12-27T01:53:05.1197170Z Created temporary directory: /private/var/folders/51/hd414ycd67n82196sw51xqtc0000gn/T/pip-unpack-uhi3mqq8
2022-12-27T01:53:05.1199250Z Building wheels for collected packages: grpcio
2022-12-27T01:53:05.1204690Z   Created temporary directory: /private/var/folders/51/hd414ycd67n82196sw51xqtc0000gn/T/pip-wheel-kshxfqh6
2022-12-27T01:53:05.1206430Z   Building wheel for grpcio (setup.py): started
2022-12-27T01:53:05.1208360Z   Destination directory: /private/var/folders/51/hd414ycd67n82196sw51xqtc0000gn/T/pip-wheel-kshxfqh6
2022-12-27T01:53:05.1209780Z   Running command python setup.py bdist_wheel
2022-12-27T01:53:05.4895780Z   running bdist_wheel
2022-12-27T01:53:05.4922370Z   running build
2022-12-27T01:53:05.4923910Z   running build_py
2022-12-27T01:53:05.4925610Z   running build_project_metadata
2022-12-27T01:53:05.4931080Z   creating python_build
2022-12-27T01:53:05.4933050Z   creating python_build/lib.macosx-11.0-arm64-cpython-311
2022-12-27T01:53:05.4934290Z   creating python_build/lib.macosx-11.0-arm64-cpython-311/grpc
2022-12-27T01:53:05.4936010Z   copying src/python/grpcio/grpc/_channel.py -> python_build/lib.macosx-11.0-arm64-cpython-311/grpc
2022-12-27T01:53:05.4939870Z   copying src/python/grpcio/grpc/_common.py -> python_build/lib.macosx-11.0-arm64-cpython-311/grpc
2022-12-27T01:53:05.4943820Z   copying src/python/grpcio/grpc/__init__.py -> python_build/lib.macosx-11.0-arm64-cpython-311/grpc
2022-12-27T01:53:05.4948100Z   copying src/python/grpcio/grpc/_utilities.py -> python_build/lib.macosx-11.0-arm64-cpython-311/grpc
2022-12-27T01:53:05.4951230Z   copying src/python/grpcio/grpc/_plugin_wrapping.py -> python_build/lib.macosx-11.0-arm64-cpython-311/grpc
2022-12-27T01:53:05.4954260Z   copying src/python/grpcio/grpc/_grpcio_metadata.py -> python_build/lib.macosx-11.0-arm64-cpython-311/grpc
2022-12-27T01:53:05.4957090Z   copying src/python/grpcio/grpc/_server.py -> python_build/lib.macosx-11.0-arm64-cpython-311/grpc
2022-12-27T01:53:05.4960320Z   copying src/python/grpcio/grpc/_auth.py -> python_build/lib.macosx-11.0-arm64-cpython-311/grpc
2022-12-27T01:53:05.4962530Z   copying src/python/grpcio/grpc/_credential_composition.py -> python_build/lib.macosx-11.0-arm64-cpython-311/grpc
2022-12-27T01:53:05.4967410Z   creating python_build/lib.macosx-11.0-arm64-cpython-311/grpc/beta
2022-12-27T01:53:05.4969120Z   copying src/python/grpcio/grpc/beta/_server_adaptations.py -> python_build/lib.macosx-11.0-arm64-cpython-311/grpc/beta
2022-12-27T01:53:05.4972230Z   copying src/python/grpcio/grpc/beta/interfaces.py -> python_build/lib.macosx-11.0-arm64-cpython-311/grpc/beta
2022-12-27T01:53:05.4974820Z   copying src/python/grpcio/grpc/beta/__init__.py -> python_build/lib.macosx-11.0-arm64-cpython-311/grpc/beta
2022-12-27T01:53:05.4977720Z   copying src/python/grpcio/grpc/beta/utilities.py -> python_build/lib.macosx-11.0-arm64-cpython-311/grpc/beta
2022-12-27T01:53:05.4980260Z   copying src/python/grpcio/grpc/beta/implementations.py -> python_build/lib.macosx-11.0-arm64-cpython-311/grpc/beta
2022-12-27T01:53:05.4982450Z   copying src/python/grpcio/grpc/beta/_client_adaptations.py -> python_build/lib.macosx-11.0-arm64-cpython-311/grpc/beta
2022-12-27T01:53:05.4986740Z   creating python_build/lib.macosx-11.0-arm64-cpython-311/grpc/framework
2022-12-27T01:53:05.4988080Z   copying src/python/grpcio/grpc/framework/__init__.py -> python_build/lib.macosx-11.0-arm64-cpython-311/grpc/framework
2022-12-27T01:53:05.4991770Z   creating python_build/lib.macosx-11.0-arm64-cpython-311/grpc/_cython
2022-12-27T01:53:05.4993200Z   copying src/python/grpcio/grpc/_cython/__init__.py -> python_build/lib.macosx-11.0-arm64-cpython-311/grpc/_cython
2022-12-27T01:53:05.4998510Z   creating python_build/lib.macosx-11.0-arm64-cpython-311/grpc/framework/foundation
2022-12-27T01:53:05.4999890Z   copying src/python/grpcio/grpc/framework/foundation/callable_util.py -> python_build/lib.macosx-11.0-arm64-cpython-311/grpc/framework/foundation
2022-12-27T01:53:05.5002210Z   copying src/python/grpcio/grpc/framework/foundation/abandonment.py -> python_build/lib.macosx-11.0-arm64-cpython-311/grpc/framework/foundation
2022-12-27T01:53:05.5005290Z   copying src/python/grpcio/grpc/framework/foundation/__init__.py -> python_build/lib.macosx-11.0-arm64-cpython-311/grpc/framework/foundation
2022-12-27T01:53:05.5008940Z   copying src/python/grpcio/grpc/framework/foundation/stream.py -> python_build/lib.macosx-11.0-arm64-cpython-311/grpc/framework/foundation
2022-12-27T01:53:05.5012910Z   copying src/python/grpcio/grpc/framework/foundation/stream_util.py -> python_build/lib.macosx-11.0-arm64-cpython-311/grpc/framework/foundation
2022-12-27T01:53:05.5015850Z   copying src/python/grpcio/grpc/framework/foundation/future.py -> python_build/lib.macosx-11.0-arm64-cpython-311/grpc/framework/foundation
2022-12-27T01:53:05.5019030Z   copying src/python/grpcio/grpc/framework/foundation/logging_pool.py -> python_build/lib.macosx-11.0-arm64-cpython-311/grpc/framework/foundation
2022-12-27T01:53:05.5023880Z   creating python_build/lib.macosx-11.0-arm64-cpython-311/grpc/framework/common
2022-12-27T01:53:05.5025520Z   copying src/python/grpcio/grpc/framework/common/style.py -> python_build/lib.macosx-11.0-arm64-cpython-311/grpc/framework/common
2022-12-27T01:53:05.5028480Z   copying src/python/grpcio/grpc/framework/common/cardinality.py -> python_build/lib.macosx-11.0-arm64-cpython-311/grpc/framework/common
2022-12-27T01:53:05.5031140Z   copying src/python/grpcio/grpc/framework/common/__init__.py -> python_build/lib.macosx-11.0-arm64-cpython-311/grpc/framework/common
2022-12-27T01:53:05.5035270Z   creating python_build/lib.macosx-11.0-arm64-cpython-311/grpc/framework/interfaces
2022-12-27T01:53:05.5036610Z   copying src/python/grpcio/grpc/framework/interfaces/__init__.py -> python_build/lib.macosx-11.0-arm64-cpython-311/grpc/framework/interfaces
2022-12-27T01:53:05.5041170Z   creating python_build/lib.macosx-11.0-arm64-cpython-311/grpc/framework/interfaces/face
2022-12-27T01:53:05.5042670Z   copying src/python/grpcio/grpc/framework/interfaces/face/__init__.py -> python_build/lib.macosx-11.0-arm64-cpython-311/grpc/framework/interfaces/face
2022-12-27T01:53:05.5045480Z   copying src/python/grpcio/grpc/framework/interfaces/face/utilities.py -> python_build/lib.macosx-11.0-arm64-cpython-311/grpc/framework/interfaces/face
2022-12-27T01:53:05.5048260Z   copying src/python/grpcio/grpc/framework/interfaces/face/face.py -> python_build/lib.macosx-11.0-arm64-cpython-311/grpc/framework/interfaces/face
2022-12-27T01:53:05.5053100Z   creating python_build/lib.macosx-11.0-arm64-cpython-311/grpc/framework/interfaces/base
2022-12-27T01:53:05.5054490Z   copying src/python/grpcio/grpc/framework/interfaces/base/__init__.py -> python_build/lib.macosx-11.0-arm64-cpython-311/grpc/framework/interfaces/base
2022-12-27T01:53:05.5057240Z   copying src/python/grpcio/grpc/framework/interfaces/base/utilities.py -> python_build/lib.macosx-11.0-arm64-cpython-311/grpc/framework/interfaces/base
2022-12-27T01:53:05.5059810Z   copying src/python/grpcio/grpc/framework/interfaces/base/base.py -> python_build/lib.macosx-11.0-arm64-cpython-311/grpc/framework/interfaces/base
2022-12-27T01:53:05.5064410Z   creating python_build/lib.macosx-11.0-arm64-cpython-311/grpc/_cython/_cygrpc
2022-12-27T01:53:05.5066490Z   copying src/python/grpcio/grpc/_cython/_cygrpc/__init__.py -> python_build/lib.macosx-11.0-arm64-cpython-311/grpc/_cython/_cygrpc
2022-12-27T01:53:05.5069960Z   creating python_build/lib.macosx-11.0-arm64-cpython-311/grpc/_cython/_credentials
2022-12-27T01:53:05.5071720Z   copying src/python/grpcio/grpc/_cython/_credentials/roots.pem -> python_build/lib.macosx-11.0-arm64-cpython-311/grpc/_cython/_credentials
2022-12-27T01:53:05.5092020Z   running build_ext
2022-12-27T01:53:05.5100730Z   Found cython-generated files...
2022-12-27T01:53:05.5105740Z   building 'grpc._cython.cygrpc' extension
2022-12-27T01:53:05.5122150Z   creating python_build/temp.macosx-11.0-arm64-cpython-311
2022-12-27T01:53:05.5123970Z   creating python_build/temp.macosx-11.0-arm64-cpython-311/src
2022-12-27T01:53:05.5126240Z   creating python_build/temp.macosx-11.0-arm64-cpython-311/src/boringssl
2022-12-27T01:53:05.5128280Z   creating python_build/temp.macosx-11.0-arm64-cpython-311/src/core
2022-12-27T01:53:05.5130300Z   creating python_build/temp.macosx-11.0-arm64-cpython-311/src/core/ext
2022-12-27T01:53:05.5132370Z   creating python_build/temp.macosx-11.0-arm64-cpython-311/src/core/ext/census
2022-12-27T01:53:05.5134380Z   creating python_build/temp.macosx-11.0-arm64-cpython-311/src/core/ext/census/gen
2022-12-27T01:53:05.5136090Z   creating python_build/temp.macosx-11.0-arm64-cpython-311/src/core/ext/client_channel
2022-12-27T01:53:05.5137710Z   creating python_build/temp.macosx-11.0-arm64-cpython-311/src/core/ext/lb_policy
2022-12-27T01:53:05.5139520Z   creating python_build/temp.macosx-11.0-arm64-cpython-311/src/core/ext/lb_policy/grpclb
2022-12-27T01:53:05.5141170Z   creating python_build/temp.macosx-11.0-arm64-cpython-311/src/core/ext/lb_policy/grpclb/proto
2022-12-27T01:53:05.5142780Z   creating python_build/temp.macosx-11.0-arm64-cpython-311/src/core/ext/lb_policy/grpclb/proto/grpc
2022-12-27T01:53:05.5144730Z   creating python_build/temp.macosx-11.0-arm64-cpython-311/src/core/ext/lb_policy/grpclb/proto/grpc/lb
2022-12-27T01:53:05.5146250Z   creating python_build/temp.macosx-11.0-arm64-cpython-311/src/core/ext/lb_policy/grpclb/proto/grpc/lb/v1
2022-12-27T01:53:05.5147960Z   creating python_build/temp.macosx-11.0-arm64-cpython-311/src/core/ext/lb_policy/pick_first
2022-12-27T01:53:05.5149900Z   creating python_build/temp.macosx-11.0-arm64-cpython-311/src/core/ext/lb_policy/round_robin
2022-12-27T01:53:05.5151460Z   creating python_build/temp.macosx-11.0-arm64-cpython-311/src/core/ext/load_reporting
2022-12-27T01:53:05.5153050Z   creating python_build/temp.macosx-11.0-arm64-cpython-311/src/core/ext/resolver
2022-12-27T01:53:05.5154590Z   creating python_build/temp.macosx-11.0-arm64-cpython-311/src/core/ext/resolver/dns
2022-12-27T01:53:05.5156180Z   creating python_build/temp.macosx-11.0-arm64-cpython-311/src/core/ext/resolver/dns/native
2022-12-27T01:53:05.5157760Z   creating python_build/temp.macosx-11.0-arm64-cpython-311/src/core/ext/resolver/sockaddr
2022-12-27T01:53:05.5159540Z   creating python_build/temp.macosx-11.0-arm64-cpython-311/src/core/ext/transport
2022-12-27T01:53:05.5160960Z   creating python_build/temp.macosx-11.0-arm64-cpython-311/src/core/ext/transport/chttp2
2022-12-27T01:53:05.5162630Z   creating python_build/temp.macosx-11.0-arm64-cpython-311/src/core/ext/transport/chttp2/alpn
2022-12-27T01:53:05.5164380Z   creating python_build/temp.macosx-11.0-arm64-cpython-311/src/core/ext/transport/chttp2/client
2022-12-27T01:53:05.5166060Z   creating python_build/temp.macosx-11.0-arm64-cpython-311/src/core/ext/transport/chttp2/client/insecure
2022-12-27T01:53:05.5167500Z   creating python_build/temp.macosx-11.0-arm64-cpython-311/src/core/ext/transport/chttp2/client/secure
2022-12-27T01:53:05.5169300Z   creating python_build/temp.macosx-11.0-arm64-cpython-311/src/core/ext/transport/chttp2/server
2022-12-27T01:53:05.5170870Z   creating python_build/temp.macosx-11.0-arm64-cpython-311/src/core/ext/transport/chttp2/server/insecure
2022-12-27T01:53:05.5172730Z   creating python_build/temp.macosx-11.0-arm64-cpython-311/src/core/ext/transport/chttp2/server/secure
2022-12-27T01:53:05.5174180Z   creating python_build/temp.macosx-11.0-arm64-cpython-311/src/core/ext/transport/chttp2/transport
2022-12-27T01:53:05.5176010Z   creating python_build/temp.macosx-11.0-arm64-cpython-311/src/core/lib
2022-12-27T01:53:05.5177440Z   creating python_build/temp.macosx-11.0-arm64-cpython-311/src/core/lib/channel
2022-12-27T01:53:05.5179400Z   creating python_build/temp.macosx-11.0-arm64-cpython-311/src/core/lib/compression
2022-12-27T01:53:05.5180960Z   creating python_build/temp.macosx-11.0-arm64-cpython-311/src/core/lib/debug
2022-12-27T01:53:05.5256890Z   creating python_build/temp.macosx-11.0-arm64-cpython-311/src/core/lib/http
2022-12-27T01:53:05.5257540Z   creating python_build/temp.macosx-11.0-arm64-cpython-311/src/core/lib/iomgr
2022-12-27T01:53:05.5258560Z   creating python_build/temp.macosx-11.0-arm64-cpython-311/src/core/lib/json
2022-12-27T01:53:05.5259250Z   creating python_build/temp.macosx-11.0-arm64-cpython-311/src/core/lib/profiling
2022-12-27T01:53:05.5259870Z   creating python_build/temp.macosx-11.0-arm64-cpython-311/src/core/lib/security
2022-12-27T01:53:05.5260500Z   creating python_build/temp.macosx-11.0-arm64-cpython-311/src/core/lib/security/context
2022-12-27T01:53:05.5261270Z   creating python_build/temp.macosx-11.0-arm64-cpython-311/src/core/lib/security/credentials
2022-12-27T01:53:05.5262380Z   creating python_build/temp.macosx-11.0-arm64-cpython-311/src/core/lib/security/credentials/composite
2022-12-27T01:53:05.5263060Z   creating python_build/temp.macosx-11.0-arm64-cpython-311/src/core/lib/security/credentials/fake
2022-12-27T01:53:05.5263700Z   creating python_build/temp.macosx-11.0-arm64-cpython-311/src/core/lib/security/credentials/google_default
2022-12-27T01:53:05.5264310Z   creating python_build/temp.macosx-11.0-arm64-cpython-311/src/core/lib/security/credentials/iam
2022-12-27T01:53:05.5265220Z   creating python_build/temp.macosx-11.0-arm64-cpython-311/src/core/lib/security/credentials/jwt
2022-12-27T01:53:05.5265940Z   creating python_build/temp.macosx-11.0-arm64-cpython-311/src/core/lib/security/credentials/oauth2
2022-12-27T01:53:05.5266900Z   creating python_build/temp.macosx-11.0-arm64-cpython-311/src/core/lib/security/credentials/plugin
2022-12-27T01:53:05.5267560Z   creating python_build/temp.macosx-11.0-arm64-cpython-311/src/core/lib/security/credentials/ssl
2022-12-27T01:53:05.5268240Z   creating python_build/temp.macosx-11.0-arm64-cpython-311/src/core/lib/security/transport
2022-12-27T01:53:05.5268890Z   creating python_build/temp.macosx-11.0-arm64-cpython-311/src/core/lib/security/util
2022-12-27T01:53:05.5269480Z   creating python_build/temp.macosx-11.0-arm64-cpython-311/src/core/lib/slice
2022-12-27T01:53:05.5270010Z   creating python_build/temp.macosx-11.0-arm64-cpython-311/src/core/lib/support
2022-12-27T01:53:05.5270600Z   creating python_build/temp.macosx-11.0-arm64-cpython-311/src/core/lib/surface
2022-12-27T01:53:05.5271170Z   creating python_build/temp.macosx-11.0-arm64-cpython-311/src/core/lib/transport
2022-12-27T01:53:05.5271700Z   creating python_build/temp.macosx-11.0-arm64-cpython-311/src/core/lib/tsi
2022-12-27T01:53:05.5272310Z   creating python_build/temp.macosx-11.0-arm64-cpython-311/src/core/plugin_registry
2022-12-27T01:53:05.5272900Z   creating python_build/temp.macosx-11.0-arm64-cpython-311/src/python
2022-12-27T01:53:05.5273450Z   creating python_build/temp.macosx-11.0-arm64-cpython-311/src/python/grpcio
2022-12-27T01:53:05.5273960Z   creating python_build/temp.macosx-11.0-arm64-cpython-311/src/python/grpcio/grpc
2022-12-27T01:53:05.5274770Z   creating python_build/temp.macosx-11.0-arm64-cpython-311/src/python/grpcio/grpc/_cython
2022-12-27T01:53:05.5275390Z   creating python_build/temp.macosx-11.0-arm64-cpython-311/third_party
2022-12-27T01:53:05.5276260Z   creating python_build/temp.macosx-11.0-arm64-cpython-311/third_party/boringssl
2022-12-27T01:53:05.5276810Z   creating python_build/temp.macosx-11.0-arm64-cpython-311/third_party/boringssl/crypto
2022-12-27T01:53:05.5277450Z   creating python_build/temp.macosx-11.0-arm64-cpython-311/third_party/boringssl/crypto/aes
2022-12-27T01:53:05.5278140Z   creating python_build/temp.macosx-11.0-arm64-cpython-311/third_party/boringssl/crypto/asn1
2022-12-27T01:53:05.5278780Z   creating python_build/temp.macosx-11.0-arm64-cpython-311/third_party/boringssl/crypto/base64
2022-12-27T01:53:05.5279330Z   creating python_build/temp.macosx-11.0-arm64-cpython-311/third_party/boringssl/crypto/bio
2022-12-27T01:53:05.5280120Z   creating python_build/temp.macosx-11.0-arm64-cpython-311/third_party/boringssl/crypto/bn
2022-12-27T01:53:05.5280900Z   creating python_build/temp.macosx-11.0-arm64-cpython-311/third_party/boringssl/crypto/bn/asm
2022-12-27T01:53:05.5281410Z   creating python_build/temp.macosx-11.0-arm64-cpython-311/third_party/boringssl/crypto/buf
2022-12-27T01:53:05.5282060Z   creating python_build/temp.macosx-11.0-arm64-cpython-311/third_party/boringssl/crypto/bytestring
2022-12-27T01:53:05.5282680Z   creating python_build/temp.macosx-11.0-arm64-cpython-311/third_party/boringssl/crypto/chacha
2022-12-27T01:53:05.5283260Z   creating python_build/temp.macosx-11.0-arm64-cpython-311/third_party/boringssl/crypto/cipher
2022-12-27T01:53:05.5283770Z   creating python_build/temp.macosx-11.0-arm64-cpython-311/third_party/boringssl/crypto/cmac
2022-12-27T01:53:05.5284330Z   creating python_build/temp.macosx-11.0-arm64-cpython-311/third_party/boringssl/crypto/conf
2022-12-27T01:53:05.5284980Z   creating python_build/temp.macosx-11.0-arm64-cpython-311/third_party/boringssl/crypto/curve25519
2022-12-27T01:53:05.5285660Z   creating python_build/temp.macosx-11.0-arm64-cpython-311/third_party/boringssl/crypto/des
2022-12-27T01:53:05.5286210Z   creating python_build/temp.macosx-11.0-arm64-cpython-311/third_party/boringssl/crypto/dh
2022-12-27T01:53:05.5286880Z   creating python_build/temp.macosx-11.0-arm64-cpython-311/third_party/boringssl/crypto/digest
2022-12-27T01:53:05.5287660Z   creating python_build/temp.macosx-11.0-arm64-cpython-311/third_party/boringssl/crypto/dsa
2022-12-27T01:53:05.5288290Z   creating python_build/temp.macosx-11.0-arm64-cpython-311/third_party/boringssl/crypto/ec
2022-12-27T01:53:05.5288910Z   creating python_build/temp.macosx-11.0-arm64-cpython-311/third_party/boringssl/crypto/ecdh
2022-12-27T01:53:05.5289540Z   creating python_build/temp.macosx-11.0-arm64-cpython-311/third_party/boringssl/crypto/ecdsa
2022-12-27T01:53:05.5290210Z   creating python_build/temp.macosx-11.0-arm64-cpython-311/third_party/boringssl/crypto/engine
2022-12-27T01:53:05.5290760Z   creating python_build/temp.macosx-11.0-arm64-cpython-311/third_party/boringssl/crypto/err
2022-12-27T01:53:05.5291390Z   creating python_build/temp.macosx-11.0-arm64-cpython-311/third_party/boringssl/crypto/evp
2022-12-27T01:53:05.5292040Z   creating python_build/temp.macosx-11.0-arm64-cpython-311/third_party/boringssl/crypto/hkdf
2022-12-27T01:53:05.5292680Z   creating python_build/temp.macosx-11.0-arm64-cpython-311/third_party/boringssl/crypto/hmac
2022-12-27T01:53:05.5293260Z   creating python_build/temp.macosx-11.0-arm64-cpython-311/third_party/boringssl/crypto/lhash
2022-12-27T01:53:05.5293890Z   creating python_build/temp.macosx-11.0-arm64-cpython-311/third_party/boringssl/crypto/md4
2022-12-27T01:53:05.5294510Z   creating python_build/temp.macosx-11.0-arm64-cpython-311/third_party/boringssl/crypto/md5
2022-12-27T01:53:05.5295070Z   creating python_build/temp.macosx-11.0-arm64-cpython-311/third_party/boringssl/crypto/modes
2022-12-27T01:53:05.5295760Z   creating python_build/temp.macosx-11.0-arm64-cpython-311/third_party/boringssl/crypto/newhope
2022-12-27T01:53:05.5296130Z   creating python_build/temp.macosx-11.0-arm64-cpython-311/third_party/boringssl/crypto/obj
2022-12-27T01:53:05.5296480Z   creating python_build/temp.macosx-11.0-arm64-cpython-311/third_party/boringssl/crypto/pem
2022-12-27T01:53:05.5297020Z   creating python_build/temp.macosx-11.0-arm64-cpython-311/third_party/boringssl/crypto/pkcs8
2022-12-27T01:53:05.5297620Z   creating python_build/temp.macosx-11.0-arm64-cpython-311/third_party/boringssl/crypto/poly1305
2022-12-27T01:53:05.5298250Z   creating python_build/temp.macosx-11.0-arm64-cpython-311/third_party/boringssl/crypto/rand
2022-12-27T01:53:05.5298870Z   creating python_build/temp.macosx-11.0-arm64-cpython-311/third_party/boringssl/crypto/rc4
2022-12-27T01:53:05.5299470Z   creating python_build/temp.macosx-11.0-arm64-cpython-311/third_party/boringssl/crypto/rsa
2022-12-27T01:53:05.5300000Z   creating python_build/temp.macosx-11.0-arm64-cpython-311/third_party/boringssl/crypto/sha
2022-12-27T01:53:05.5300540Z   creating python_build/temp.macosx-11.0-arm64-cpython-311/third_party/boringssl/crypto/stack
2022-12-27T01:53:05.5301170Z   creating python_build/temp.macosx-11.0-arm64-cpython-311/third_party/boringssl/crypto/x509
2022-12-27T01:53:05.5301770Z   creating python_build/temp.macosx-11.0-arm64-cpython-311/third_party/boringssl/crypto/x509v3
2022-12-27T01:53:05.5302960Z   creating python_build/temp.macosx-11.0-arm64-cpython-311/third_party/boringssl/ssl
2022-12-27T01:53:05.5305980Z   creating python_build/temp.macosx-11.0-arm64-cpython-311/third_party/nanopb
2022-12-27T01:53:05.5307110Z   creating python_build/temp.macosx-11.0-arm64-cpython-311/third_party/zlib
2022-12-27T01:53:05.5310980Z   clang -Wsign-compare -Wunreachable-code -fno-common -dynamic -DNDEBUG -g -fwrapv -O3 -Wall -g -I/usr/local/opt/openssl@3/include -I/usr/local/opt/openssl@3/include -arch arm64 -DOPENSSL_NO_ASM=1 -D_WIN32_WINNT=1536 -DGPR_BACKWARDS_COMPATIBILITY_MODE=1 "-DPyMODINIT_FUNC=__attribute__((visibility (\"default\"))) PyObject*" -Isrc/python/grpcio -Iinclude -I. -Ithird_party/boringssl/include -Ithird_party/zlib -I/private/var/folders/51/hd414ycd67n82196sw51xqtc0000gn/T/cibw-run-s4gw6l7j/cp311-macosx_arm64/build/venv/include -I/Library/Frameworks/Python.framework/Versions/3.11/include/python3.11 -c src/boringssl/err_data.c -o python_build/temp.macosx-11.0-arm64-cpython-311/src/boringssl/err_data.o -fvisibility=hidden -fno-wrapv -pthread -std=gnu99
2022-12-27T01:53:05.5640920Z   In file included from src/boringssl/err_data.c:17:
2022-12-27T01:53:05.5642920Z   third_party/boringssl/include/openssl/base.h:120:9: warning: 'OPENSSL_VERSION_NUMBER' macro redefined [-Wmacro-redefined]
2022-12-27T01:53:05.5643960Z   #define OPENSSL_VERSION_NUMBER 0x10002000
2022-12-27T01:53:05.5645170Z           ^
2022-12-27T01:53:05.5646560Z   /usr/local/opt/openssl@3/include/openssl/opensslv.h:99:10: note: previous definition is here
2022-12-27T01:53:05.5647530Z   # define OPENSSL_VERSION_NUMBER          \
2022-12-27T01:53:05.5648500Z            ^
2022-12-27T01:53:05.5649990Z   In file included from src/boringssl/err_data.c:18:
2022-12-27T01:53:05.5652050Z   In file included from /usr/local/opt/openssl@3/include/openssl/err.h:21:
2022-12-27T01:53:05.5654450Z   /usr/local/opt/openssl@3/include/openssl/e_os2.h:183:11: warning: 'OPENSSL_EXPORT' macro redefined [-Wmacro-redefined]
2022-12-27T01:53:05.5655990Z   #  define OPENSSL_EXPORT extern
2022-12-27T01:53:05.5657860Z             ^
2022-12-27T01:53:05.5660050Z   third_party/boringssl/include/openssl/base.h:155:9: note: previous definition is here
2022-12-27T01:53:05.5661940Z   #define OPENSSL_EXPORT
2022-12-27T01:53:05.5663880Z           ^
2022-12-27T01:53:05.5719730Z   In file included from src/boringssl/err_data.c:18:
2022-12-27T01:53:05.5721800Z   In file included from /usr/local/opt/openssl@3/include/openssl/err.h:28:
2022-12-27T01:53:05.5723620Z   In file included from /usr/local/opt/openssl@3/include/openssl/types.h:21:
2022-12-27T01:53:05.5725650Z   /usr/local/opt/openssl@3/include/openssl/safestack.h:264:15: warning: redefinition of typedef 'OPENSSL_BLOCK' is a C11 feature [-Wtypedef-redefinition]
2022-12-27T01:53:05.5726860Z   typedef void *OPENSSL_BLOCK;
2022-12-27T01:53:05.5728340Z                 ^
2022-12-27T01:53:05.5730090Z   third_party/boringssl/include/openssl/base.h:298:15: note: previous definition is here
2022-12-27T01:53:05.5731580Z   typedef void *OPENSSL_BLOCK;
2022-12-27T01:53:05.5733080Z                 ^
2022-12-27T01:53:05.5734720Z   In file included from src/boringssl/err_data.c:18:
2022-12-27T01:53:05.5736400Z   In file included from /usr/local/opt/openssl@3/include/openssl/err.h:28:
2022-12-27T01:53:05.5738350Z   /usr/local/opt/openssl@3/include/openssl/types.h:45:31: warning: redefinition of typedef 'ASN1_INTEGER' is a C11 feature [-Wtypedef-redefinition]
2022-12-27T01:53:05.5739750Z   typedef struct asn1_string_st ASN1_INTEGER;
2022-12-27T01:53:05.5741250Z                                 ^
2022-12-27T01:53:05.5743400Z   third_party/boringssl/include/openssl/base.h:189:31: note: previous definition is here
2022-12-27T01:53:05.5744940Z   typedef struct asn1_string_st ASN1_INTEGER;
2022-12-27T01:53:05.5746530Z                                 ^
2022-12-27T01:53:05.5748270Z   In file included from src/boringssl/err_data.c:18:
2022-12-27T01:53:05.5749960Z   In file included from /usr/local/opt/openssl@3/include/openssl/err.h:28:
2022-12-27T01:53:05.5751950Z   /usr/local/opt/openssl@3/include/openssl/types.h:46:31: warning: redefinition of typedef 'ASN1_ENUMERATED' is a C11 feature [-Wtypedef-redefinition]
2022-12-27T01:53:05.5753330Z   typedef struct asn1_string_st ASN1_ENUMERATED;
2022-12-27T01:53:05.5754870Z                                 ^
2022-12-27T01:53:05.5756640Z   third_party/boringssl/include/openssl/base.h:185:31: note: previous definition is here
2022-12-27T01:53:05.5758240Z   typedef struct asn1_string_st ASN1_ENUMERATED;
2022-12-27T01:53:05.5759800Z                                 ^
2022-12-27T01:53:05.5761520Z   In file included from src/boringssl/err_data.c:18:
2022-12-27T01:53:05.5763170Z   In file included from /usr/local/opt/openssl@3/include/openssl/err.h:28:
2022-12-27T01:53:05.5765070Z   /usr/local/opt/openssl@3/include/openssl/types.h:47:31: warning: redefinition of typedef 'ASN1_BIT_STRING' is a C11 feature [-Wtypedef-redefinition]
2022-12-27T01:53:05.5766360Z   typedef struct asn1_string_st ASN1_BIT_STRING;
2022-12-27T01:53:05.5768150Z                                 ^
2022-12-27T01:53:05.5769710Z   third_party/boringssl/include/openssl/base.h:183:31: note: previous definition is here
2022-12-27T01:53:05.5771200Z   typedef struct asn1_string_st ASN1_BIT_STRING;
2022-12-27T01:53:05.5772790Z                                 ^
2022-12-27T01:53:05.5774480Z   In file included from src/boringssl/err_data.c:18:
2022-12-27T01:53:05.5776090Z   In file included from /usr/local/opt/openssl@3/include/openssl/err.h:28:
2022-12-27T01:53:05.5778080Z   /usr/local/opt/openssl@3/include/openssl/types.h:48:31: warning: redefinition of typedef 'ASN1_OCTET_STRING' is a C11 feature [-Wtypedef-redefinition]
2022-12-27T01:53:05.5779430Z   typedef struct asn1_string_st ASN1_OCTET_STRING;
2022-12-27T01:53:05.5780930Z                                 ^
2022-12-27T01:53:05.5782830Z   third_party/boringssl/include/openssl/base.h:190:31: note: previous definition is here
2022-12-27T01:53:05.5784670Z   typedef struct asn1_string_st ASN1_OCTET_STRING;
2022-12-27T01:53:05.5786520Z                                 ^
2022-12-27T01:53:05.5788410Z   In file included from src/boringssl/err_data.c:18:
2022-12-27T01:53:05.5790490Z   In file included from /usr/local/opt/openssl@3/include/openssl/err.h:28:
2022-12-27T01:53:05.5792810Z   /usr/local/opt/openssl@3/include/openssl/types.h:49:31: warning: redefinition of typedef 'ASN1_PRINTABLESTRING' is a C11 feature [-Wtypedef-redefinition]
2022-12-27T01:53:05.5794460Z   typedef struct asn1_string_st ASN1_PRINTABLESTRING;
2022-12-27T01:53:05.5796080Z                                 ^
2022-12-27T01:53:05.5798190Z   third_party/boringssl/include/openssl/base.h:191:31: note: previous definition is here
2022-12-27T01:53:05.5800110Z   typedef struct asn1_string_st ASN1_PRINTABLESTRING;
2022-12-27T01:53:05.5801970Z                                 ^
2022-12-27T01:53:05.5803920Z   In file included from src/boringssl/err_data.c:18:
2022-12-27T01:53:05.5805630Z   In file included from /usr/local/opt/openssl@3/include/openssl/err.h:28:
2022-12-27T01:53:05.5807670Z   /usr/local/opt/openssl@3/include/openssl/types.h:50:31: warning: redefinition of typedef 'ASN1_T61STRING' is a C11 feature [-Wtypedef-redefinition]
2022-12-27T01:53:05.5809040Z   typedef struct asn1_string_st ASN1_T61STRING;
2022-12-27T01:53:05.5810590Z                                 ^
2022-12-27T01:53:05.5812370Z   third_party/boringssl/include/openssl/base.h:193:31: note: previous definition is here
2022-12-27T01:53:05.5814060Z   typedef struct asn1_string_st ASN1_T61STRING;
2022-12-27T01:53:05.5815940Z                                 ^
2022-12-27T01:53:05.5818140Z   In file included from src/boringssl/err_data.c:18:
2022-12-27T01:53:05.5820210Z   In file included from /usr/local/opt/openssl@3/include/openssl/err.h:28:
2022-12-27T01:53:05.5822460Z   /usr/local/opt/openssl@3/include/openssl/types.h:51:31: warning: redefinition of typedef 'ASN1_IA5STRING' is a C11 feature [-Wtypedef-redefinition]
2022-12-27T01:53:05.5824130Z   typedef struct asn1_string_st ASN1_IA5STRING;
2022-12-27T01:53:05.5825650Z                                 ^
2022-12-27T01:53:05.5827670Z   third_party/boringssl/include/openssl/base.h:188:31: note: previous definition is here
2022-12-27T01:53:05.5829580Z   typedef struct asn1_string_st ASN1_IA5STRING;
2022-12-27T01:53:05.5831410Z                                 ^
2022-12-27T01:53:05.5833330Z   In file included from src/boringssl/err_data.c:18:
2022-12-27T01:53:05.5835290Z   In file included from /usr/local/opt/openssl@3/include/openssl/err.h:28:
2022-12-27T01:53:05.5837550Z   /usr/local/opt/openssl@3/include/openssl/types.h:52:31: warning: redefinition of typedef 'ASN1_GENERALSTRING' is a C11 feature [-Wtypedef-redefinition]
2022-12-27T01:53:05.5839250Z   typedef struct asn1_string_st ASN1_GENERALSTRING;
2022-12-27T01:53:05.5841110Z                                 ^
2022-12-27T01:53:05.5843130Z   third_party/boringssl/include/openssl/base.h:187:31: note: previous definition is here
2022-12-27T01:53:05.5845050Z   typedef struct asn1_string_st ASN1_GENERALSTRING;
2022-12-27T01:53:05.5847170Z                                 ^
2022-12-27T01:53:05.5849000Z   In file included from src/boringssl/err_data.c:18:
2022-12-27T01:53:05.5850990Z   In file included from /usr/local/opt/openssl@3/include/openssl/err.h:28:
2022-12-27T01:53:05.5853350Z   /usr/local/opt/openssl@3/include/openssl/types.h:53:31: warning: redefinition of typedef 'ASN1_UNIVERSALSTRING' is a C11 feature [-Wtypedef-redefinition]
2022-12-27T01:53:05.5855060Z   typedef struct asn1_string_st ASN1_UNIVERSALSTRING;
2022-12-27T01:53:05.5856920Z                                 ^
2022-12-27T01:53:05.5859090Z   third_party/boringssl/include/openssl/base.h:195:31: note: previous definition is here
2022-12-27T01:53:05.5861060Z   typedef struct asn1_string_st ASN1_UNIVERSALSTRING;
2022-12-27T01:53:05.5862890Z                                 ^
2022-12-27T01:53:05.5864860Z   In file included from src/boringssl/err_data.c:18:
2022-12-27T01:53:05.5866830Z   In file included from /usr/local/opt/openssl@3/include/openssl/err.h:28:
2022-12-27T01:53:05.5869140Z   /usr/local/opt/openssl@3/include/openssl/types.h:54:31: warning: redefinition of typedef 'ASN1_BMPSTRING' is a C11 feature [-Wtypedef-redefinition]
2022-12-27T01:53:05.5870770Z   typedef struct asn1_string_st ASN1_BMPSTRING;
2022-12-27T01:53:05.5872630Z                                 ^
2022-12-27T01:53:05.5874610Z   third_party/boringssl/include/openssl/base.h:184:31: note: previous definition is here
2022-12-27T01:53:05.5876560Z   typedef struct asn1_string_st ASN1_BMPSTRING;
2022-12-27T01:53:05.5878450Z                                 ^
2022-12-27T01:53:05.5880490Z   In file included from src/boringssl/err_data.c:18:
2022-12-27T01:53:05.5882310Z   In file included from /usr/local/opt/openssl@3/include/openssl/err.h:28:
2022-12-27T01:53:05.5884570Z   /usr/local/opt/openssl@3/include/openssl/types.h:55:31: warning: redefinition of typedef 'ASN1_UTCTIME' is a C11 feature [-Wtypedef-redefinition]
2022-12-27T01:53:05.5886240Z   typedef struct asn1_string_st ASN1_UTCTIME;
2022-12-27T01:53:05.5888050Z                                 ^
2022-12-27T01:53:05.5890090Z   third_party/boringssl/include/openssl/base.h:196:31: note: previous definition is here
2022-12-27T01:53:05.5892000Z   typedef struct asn1_string_st ASN1_UTCTIME;
2022-12-27T01:53:05.5893880Z                                 ^
2022-12-27T01:53:05.5895850Z   In file included from src/boringssl/err_data.c:18:
2022-12-27T01:53:05.5897830Z   In file included from /usr/local/opt/openssl@3/include/openssl/err.h:28:
2022-12-27T01:53:05.5900210Z   /usr/local/opt/openssl@3/include/openssl/types.h:56:31: warning: redefinition of typedef 'ASN1_TIME' is a C11 feature [-Wtypedef-redefinition]
2022-12-27T01:53:05.5901840Z   typedef struct asn1_string_st ASN1_TIME;
2022-12-27T01:53:05.5903800Z                                 ^
2022-12-27T01:53:05.5905990Z   third_party/boringssl/include/openssl/base.h:194:31: note: previous definition is here
2022-12-27T01:53:05.5907780Z   typedef struct asn1_string_st ASN1_TIME;
2022-12-27T01:53:05.5909560Z                                 ^
2022-12-27T01:53:05.5911390Z   In file included from src/boringssl/err_data.c:18:
2022-12-27T01:53:05.5913690Z   In file included from /usr/local/opt/openssl@3/include/openssl/err.h:28:
2022-12-27T01:53:05.5916020Z   /usr/local/opt/openssl@3/include/openssl/types.h:57:31: warning: redefinition of typedef 'ASN1_GENERALIZEDTIME' is a C11 feature [-Wtypedef-redefinition]
2022-12-27T01:53:05.5916840Z   typedef struct asn1_string_st ASN1_GENERALIZEDTIME;
2022-12-27T01:53:05.5917910Z                                 ^
2022-12-27T01:53:05.5919280Z   third_party/boringssl/include/openssl/base.h:186:31: note: previous definition is here
2022-12-27T01:53:05.5920310Z   typedef struct asn1_string_st ASN1_GENERALIZEDTIME;
2022-12-27T01:53:05.5921370Z                                 ^
2022-12-27T01:53:05.5922560Z   In file included from src/boringssl/err_data.c:18:
2022-12-27T01:53:05.5923850Z   In file included from /usr/local/opt/openssl@3/include/openssl/err.h:28:
2022-12-27T01:53:05.5925320Z   /usr/local/opt/openssl@3/include/openssl/types.h:58:31: warning: redefinition of typedef 'ASN1_VISIBLESTRING' is a C11 feature [-Wtypedef-redefinition]
2022-12-27T01:53:05.5925930Z   typedef struct asn1_string_st ASN1_VISIBLESTRING;
2022-12-27T01:53:05.5926970Z                                 ^
2022-12-27T01:53:05.5928220Z   third_party/boringssl/include/openssl/base.h:198:31: note: previous definition is here
2022-12-27T01:53:05.5929170Z   typedef struct asn1_string_st ASN1_VISIBLESTRING;
2022-12-27T01:53:05.5930330Z                                 ^
2022-12-27T01:53:05.5931510Z   In file included from src/boringssl/err_data.c:18:
2022-12-27T01:53:05.5932520Z   In file included from /usr/local/opt/openssl@3/include/openssl/err.h:28:
2022-12-27T01:53:05.5934040Z   /usr/local/opt/openssl@3/include/openssl/types.h:59:31: warning: redefinition of typedef 'ASN1_UTF8STRING' is a C11 feature [-Wtypedef-redefinition]
2022-12-27T01:53:05.5934740Z   typedef struct asn1_string_st ASN1_UTF8STRING;
2022-12-27T01:53:05.5935870Z                                 ^
2022-12-27T01:53:05.5937070Z   third_party/boringssl/include/openssl/base.h:197:31: note: previous definition is here
2022-12-27T01:53:05.5938100Z   typedef struct asn1_string_st ASN1_UTF8STRING;
2022-12-27T01:53:05.5939260Z                                 ^
2022-12-27T01:53:05.5940370Z   In file included from src/boringssl/err_data.c:18:
2022-12-27T01:53:05.5941540Z   In file included from /usr/local/opt/openssl@3/include/openssl/err.h:28:
2022-12-27T01:53:05.5942980Z   /usr/local/opt/openssl@3/include/openssl/types.h:60:31: warning: redefinition of typedef 'ASN1_STRING' is a C11 feature [-Wtypedef-redefinition]
2022-12-27T01:53:05.5943660Z   typedef struct asn1_string_st ASN1_STRING;
2022-12-27T01:53:05.5944850Z                                 ^
2022-12-27T01:53:05.5945970Z   third_party/boringssl/include/openssl/base.h:192:31: note: previous definition is here
2022-12-27T01:53:05.5947010Z   typedef struct asn1_string_st ASN1_STRING;
2022-12-27T01:53:05.5948240Z                                 ^
2022-12-27T01:53:05.5949440Z   In file included from src/boringssl/err_data.c:18:
2022-12-27T01:53:05.5950430Z   In file included from /usr/local/opt/openssl@3/include/openssl/err.h:28:
2022-12-27T01:53:05.5952080Z   /usr/local/opt/openssl@3/include/openssl/types.h:61:13: warning: redefinition of typedef 'ASN1_BOOLEAN' is a C11 feature [-Wtypedef-redefinition]
2022-12-27T01:53:05.5952860Z   typedef int ASN1_BOOLEAN;
2022-12-27T01:53:05.5953820Z               ^
2022-12-27T01:53:05.5955140Z   third_party/boringssl/include/openssl/base.h:178:13: note: previous definition is here
2022-12-27T01:53:05.5956130Z   typedef int ASN1_BOOLEAN;
2022-12-27T01:53:05.5957290Z               ^
2022-12-27T01:53:05.5958320Z   In file included from src/boringssl/err_data.c:18:
2022-12-27T01:53:05.5959450Z   In file included from /usr/local/opt/openssl@3/include/openssl/err.h:28:
2022-12-27T01:53:05.5960820Z   /usr/local/opt/openssl@3/include/openssl/types.h:62:13: warning: redefinition of typedef 'ASN1_NULL' is a C11 feature [-Wtypedef-redefinition]
2022-12-27T01:53:05.5961590Z   typedef int ASN1_NULL;
2022-12-27T01:53:05.5962770Z               ^
2022-12-27T01:53:05.5963820Z   third_party/boringssl/include/openssl/base.h:179:13: note: previous definition is here
2022-12-27T01:53:05.5964820Z   typedef int ASN1_NULL;
2022-12-27T01:53:05.5965970Z               ^
2022-12-27T01:53:05.5967110Z   In file included from src/boringssl/err_data.c:18:
2022-12-27T01:53:05.5968090Z   In file included from /usr/local/opt/openssl@3/include/openssl/err.h:28:
2022-12-27T01:53:05.5969580Z   /usr/local/opt/openssl@3/include/openssl/types.h:65:29: warning: redefinition of typedef 'ASN1_TYPE' is a C11 feature [-Wtypedef-redefinition]
2022-12-27T01:53:05.5970310Z   typedef struct asn1_type_st ASN1_TYPE;
2022-12-27T01:53:05.5971430Z                               ^
2022-12-27T01:53:05.5972640Z   third_party/boringssl/include/openssl/base.h:199:29: note: previous definition is here
2022-12-27T01:53:05.5973850Z   typedef struct asn1_type_st ASN1_TYPE;
2022-12-27T01:53:05.5974670Z                               ^
2022-12-27T01:53:05.5975950Z   In file included from src/boringssl/err_data.c:18:
2022-12-27T01:53:05.5976820Z   In file included from /usr/local/opt/openssl@3/include/openssl/err.h:28:
2022-12-27T01:53:05.5978420Z   /usr/local/opt/openssl@3/include/openssl/types.h:66:31: warning: redefinition of typedef 'ASN1_OBJECT' is a C11 feature [-Wtypedef-redefinition]
2022-12-27T01:53:05.5979090Z   typedef struct asn1_object_st ASN1_OBJECT;
2022-12-27T01:53:05.5980130Z                                 ^
2022-12-27T01:53:05.5981510Z   third_party/boringssl/include/openssl/base.h:181:31: note: previous definition is here
2022-12-27T01:53:05.5982440Z   typedef struct asn1_object_st ASN1_OBJECT;
2022-12-27T01:53:05.5983440Z                                 ^
2022-12-27T01:53:05.5984620Z   In file included from src/boringssl/err_data.c:18:
2022-12-27T01:53:05.5985700Z   In file included from /usr/local/opt/openssl@3/include/openssl/err.h:28:
2022-12-27T01:53:05.5987050Z   /usr/local/opt/openssl@3/include/openssl/types.h:69:29: warning: redefinition of typedef 'ASN1_ITEM' is a C11 feature [-Wtypedef-redefinition]
2022-12-27T01:53:05.5987850Z   typedef struct ASN1_ITEM_st ASN1_ITEM;
2022-12-27T01:53:05.5988980Z                               ^
2022-12-27T01:53:05.5990110Z   third_party/boringssl/include/openssl/base.h:180:29: note: previous definition is here
2022-12-27T01:53:05.5991080Z   typedef struct ASN1_ITEM_st ASN1_ITEM;
2022-12-27T01:53:05.5992250Z                               ^
2022-12-27T01:53:05.5993190Z   In file included from src/boringssl/err_data.c:18:
2022-12-27T01:53:05.5994480Z   In file included from /usr/local/opt/openssl@3/include/openssl/err.h:28:
2022-12-27T01:53:05.5995690Z   /usr/local/opt/openssl@3/include/openssl/types.h:70:29: warning: redefinition of typedef 'ASN1_PCTX' is a C11 feature [-Wtypedef-redefinition]
2022-12-27T01:53:05.5996600Z   typedef struct asn1_pctx_st ASN1_PCTX;
2022-12-27T01:53:05.5997520Z                               ^
2022-12-27T01:53:05.5998880Z   third_party/boringssl/include/openssl/base.h:182:29: note: previous definition is here
2022-12-27T01:53:05.5999800Z   typedef struct asn1_pctx_st ASN1_PCTX;
2022-12-27T01:53:05.6000980Z                               ^
2022-12-27T01:53:05.6001870Z   In file included from src/boringssl/err_data.c:18:
2022-12-27T01:53:05.6003320Z   In file included from /usr/local/opt/openssl@3/include/openssl/err.h:28:
2022-12-27T01:53:05.6004740Z   /usr/local/opt/openssl@3/include/openssl/types.h:86:23: warning: redefinition of typedef 'BIO' is a C11 feature [-Wtypedef-redefinition]
2022-12-27T01:53:05.6005410Z   typedef struct bio_st BIO;
2022-12-27T01:53:05.6006530Z                         ^
2022-12-27T01:53:05.6007750Z   third_party/boringssl/include/openssl/base.h:235:23: note: previous definition is here
2022-12-27T01:53:05.6008810Z   typedef struct bio_st BIO;
2022-12-27T01:53:05.6009750Z                         ^
2022-12-27T01:53:05.6010970Z   In file included from src/boringssl/err_data.c:18:
2022-12-27T01:53:05.6012030Z   In file included from /usr/local/opt/openssl@3/include/openssl/err.h:28:
2022-12-27T01:53:05.6013340Z   /usr/local/opt/openssl@3/include/openssl/types.h:87:26: warning: redefinition of typedef 'BIGNUM' is a C11 feature [-Wtypedef-redefinition]
2022-12-27T01:53:05.6014310Z   typedef struct bignum_st BIGNUM;
2022-12-27T01:53:05.6015320Z                            ^
2022-12-27T01:53:05.6016590Z   third_party/boringssl/include/openssl/base.h:233:26: note: previous definition is here
2022-12-27T01:53:05.6017570Z   typedef struct bignum_st BIGNUM;
2022-12-27T01:53:05.6018620Z                            ^
2022-12-27T01:53:05.6019870Z   In file included from src/boringssl/err_data.c:18:
2022-12-27T01:53:05.6020990Z   In file included from /usr/local/opt/openssl@3/include/openssl/err.h:28:
2022-12-27T01:53:05.6022380Z   /usr/local/opt/openssl@3/include/openssl/types.h:88:27: warning: redefinition of typedef 'BN_CTX' is a C11 feature [-Wtypedef-redefinition]
2022-12-27T01:53:05.6023270Z   typedef struct bignum_ctx BN_CTX;
2022-12-27T01:53:05.6024190Z                             ^
2022-12-27T01:53:05.6025490Z   third_party/boringssl/include/openssl/base.h:232:27: note: previous definition is here
2022-12-27T01:53:05.6026390Z   typedef struct bignum_ctx BN_CTX;
2022-12-27T01:53:05.6027550Z                             ^
2022-12-27T01:53:05.6028780Z   In file included from src/boringssl/err_data.c:18:
2022-12-27T01:53:05.6029730Z   In file included from /usr/local/opt/openssl@3/include/openssl/err.h:28:
2022-12-27T01:53:05.6031170Z   /usr/local/opt/openssl@3/include/openssl/types.h:90:31: warning: redefinition of typedef 'BN_MONT_CTX' is a C11 feature [-Wtypedef-redefinition]
2022-12-27T01:53:05.6031930Z   typedef struct bn_mont_ctx_st BN_MONT_CTX;
2022-12-27T01:53:05.6032990Z                                 ^
2022-12-27T01:53:05.6034250Z   third_party/boringssl/include/openssl/base.h:237:31: note: previous definition is here
2022-12-27T01:53:05.6035130Z   typedef struct bn_mont_ctx_st BN_MONT_CTX;
2022-12-27T01:53:05.6036260Z                                 ^
2022-12-27T01:53:05.6037280Z   In file included from src/boringssl/err_data.c:18:
2022-12-27T01:53:05.6038510Z   In file included from /usr/local/opt/openssl@3/include/openssl/err.h:28:
2022-12-27T01:53:05.6039840Z   /usr/local/opt/openssl@3/include/openssl/types.h:92:28: warning: redefinition of typedef 'BN_GENCB' is a C11 feature [-Wtypedef-redefinition]
2022-12-27T01:53:05.6040670Z   typedef struct bn_gencb_st BN_GENCB;
2022-12-27T01:53:05.6041610Z                              ^
2022-12-27T01:53:05.6042960Z   third_party/boringssl/include/openssl/base.h:236:28: note: previous definition is here
2022-12-27T01:53:05.6043940Z   typedef struct bn_gencb_st BN_GENCB;
2022-12-27T01:53:05.6044920Z                              ^
2022-12-27T01:53:05.6046090Z   In file included from src/boringssl/err_data.c:18:
2022-12-27T01:53:05.6047140Z   In file included from /usr/local/opt/openssl@3/include/openssl/err.h:28:
2022-12-27T01:53:05.6048530Z   /usr/local/opt/openssl@3/include/openssl/types.h:94:27: warning: redefinition of typedef 'BUF_MEM' is a C11 feature [-Wtypedef-redefinition]
2022-12-27T01:53:05.6049340Z   typedef struct buf_mem_st BUF_MEM;
2022-12-27T01:53:05.6050450Z                             ^
2022-12-27T01:53:05.6051770Z   third_party/boringssl/include/openssl/base.h:238:27: note: previous definition is here
2022-12-27T01:53:05.6052720Z   typedef struct buf_mem_st BUF_MEM;
2022-12-27T01:53:05.6053690Z                             ^
2022-12-27T01:53:05.6054880Z   In file included from src/boringssl/err_data.c:18:
2022-12-27T01:53:05.6055870Z   In file included from /usr/local/opt/openssl@3/include/openssl/err.h:28:
2022-12-27T01:53:05.6057340Z   /usr/local/opt/openssl@3/include/openssl/types.h:101:30: warning: redefinition of typedef 'EVP_CIPHER' is a C11 feature [-Wtypedef-redefinition]
2022-12-27T01:53:05.6058110Z   typedef struct evp_cipher_st EVP_CIPHER;
2022-12-27T01:53:05.6059420Z                                ^
2022-12-27T01:53:05.6060410Z   third_party/boringssl/include/openssl/base.h:256:30: note: previous definition is here
2022-12-27T01:53:05.6061620Z   typedef struct evp_cipher_st EVP_CIPHER;
2022-12-27T01:53:05.6062390Z                                ^
2022-12-27T01:53:05.6063740Z   In file included from src/boringssl/err_data.c:18:
2022-12-27T01:53:05.6064940Z   In file included from /usr/local/opt/openssl@3/include/openssl/err.h:28:
2022-12-27T01:53:05.6066120Z   /usr/local/opt/openssl@3/include/openssl/types.h:102:34: warning: redefinition of typedef 'EVP_CIPHER_CTX' is a C11 feature [-Wtypedef-redefinition]
2022-12-27T01:53:05.6066900Z   typedef struct evp_cipher_ctx_st EVP_CIPHER_CTX;
2022-12-27T01:53:05.6067910Z                                    ^
2022-12-27T01:53:05.6069220Z   third_party/boringssl/include/openssl/base.h:255:34: note: previous definition is here
2022-12-27T01:53:05.6070250Z   typedef struct evp_cipher_ctx_st EVP_CIPHER_CTX;
2022-12-27T01:53:05.6071140Z                                    ^
2022-12-27T01:53:05.6072770Z   In file included from src/boringssl/err_data.c:18:
2022-12-27T01:53:05.6073420Z   In file included from /usr/local/opt/openssl@3/include/openssl/err.h:28:
2022-12-27T01:53:05.6074940Z   /usr/local/opt/openssl@3/include/openssl/types.h:103:26: error: typedef redefinition with different types ('struct evp_md_st' vs 'struct env_md_st')
2022-12-27T01:53:05.6075580Z   typedef struct evp_md_st EVP_MD;
2022-12-27T01:53:05.6076750Z                            ^
2022-12-27T01:53:05.6077940Z   third_party/boringssl/include/openssl/base.h:253:26: note: previous definition is here
2022-12-27T01:53:05.6078890Z   typedef struct env_md_st EVP_MD;
2022-12-27T01:53:05.6080040Z                            ^
2022-12-27T01:53:05.6081160Z   In file included from src/boringssl/err_data.c:18:
2022-12-27T01:53:05.6082150Z   In file included from /usr/local/opt/openssl@3/include/openssl/err.h:28:
2022-12-27T01:53:05.6083900Z   /usr/local/opt/openssl@3/include/openssl/types.h:104:30: error: typedef redefinition with different types ('struct evp_md_ctx_st' vs 'struct env_md_ctx_st')
2022-12-27T01:53:05.6085010Z   typedef struct evp_md_ctx_st EVP_MD_CTX;
2022-12-27T01:53:05.6086200Z                                ^
2022-12-27T01:53:05.6087370Z   third_party/boringssl/include/openssl/base.h:252:30: note: previous definition is here
2022-12-27T01:53:05.6088290Z   typedef struct env_md_ctx_st EVP_MD_CTX;
2022-12-27T01:53:05.6089330Z                                ^
2022-12-27T01:53:05.6090440Z   In file included from src/boringssl/err_data.c:18:
2022-12-27T01:53:05.6091840Z   In file included from /usr/local/opt/openssl@3/include/openssl/err.h:28:
2022-12-27T01:53:05.6093440Z   /usr/local/opt/openssl@3/include/openssl/types.h:107:28: warning: redefinition of typedef 'EVP_PKEY' is a C11 feature [-Wtypedef-redefinition]
2022-12-27T01:53:05.6094000Z   typedef struct evp_pkey_st EVP_PKEY;
2022-12-27T01:53:05.6095160Z                              ^
2022-12-27T01:53:05.6096370Z   third_party/boringssl/include/openssl/base.h:261:28: note: previous definition is here
2022-12-27T01:53:05.6097610Z   typedef struct evp_pkey_st EVP_PKEY;
2022-12-27T01:53:05.6098650Z                              ^
2022-12-27T01:53:05.6099670Z   In file included from src/boringssl/err_data.c:18:
2022-12-27T01:53:05.6100860Z   In file included from /usr/local/opt/openssl@3/include/openssl/err.h:28:
2022-12-27T01:53:05.6102320Z   /usr/local/opt/openssl@3/include/openssl/types.h:109:40: warning: redefinition of typedef 'EVP_PKEY_ASN1_METHOD' is a C11 feature [-Wtypedef-redefinition]
2022-12-27T01:53:05.6103160Z   typedef struct evp_pkey_asn1_method_st EVP_PKEY_ASN1_METHOD;
2022-12-27T01:53:05.6104130Z                                          ^
2022-12-27T01:53:05.6105380Z   third_party/boringssl/include/openssl/base.h:258:40: note: previous definition is here
2022-12-27T01:53:05.6106380Z   typedef struct evp_pkey_asn1_method_st EVP_PKEY_ASN1_METHOD;
2022-12-27T01:53:05.6107330Z                                          ^
2022-12-27T01:53:05.6108540Z   In file included from src/boringssl/err_data.c:18:
2022-12-27T01:53:05.6109620Z   In file included from /usr/local/opt/openssl@3/include/openssl/err.h:28:
2022-12-27T01:53:05.6111030Z   /usr/local/opt/openssl@3/include/openssl/types.h:111:35: warning: redefinition of typedef 'EVP_PKEY_METHOD' is a C11 feature [-Wtypedef-redefinition]
2022-12-27T01:53:05.6111870Z   typedef struct evp_pkey_method_st EVP_PKEY_METHOD;
2022-12-27T01:53:05.6112840Z                                     ^
2022-12-27T01:53:05.6114250Z   third_party/boringssl/include/openssl/base.h:260:35: note: previous definition is here
2022-12-27T01:53:05.6115350Z   typedef struct evp_pkey_method_st EVP_PKEY_METHOD;
2022-12-27T01:53:05.6116310Z                                     ^
2022-12-27T01:53:05.6117540Z   In file included from src/boringssl/err_data.c:18:
2022-12-27T01:53:05.6118670Z   In file included from /usr/local/opt/openssl@3/include/openssl/err.h:28:
2022-12-27T01:53:05.6120260Z   /usr/local/opt/openssl@3/include/openssl/types.h:112:32: warning: redefinition of typedef 'EVP_PKEY_CTX' is a C11 feature [-Wtypedef-redefinition]
2022-12-27T01:53:05.6120790Z   typedef struct evp_pkey_ctx_st EVP_PKEY_CTX;
2022-12-27T01:53:05.6122110Z                                  ^
2022-12-27T01:53:05.6123010Z   third_party/boringssl/include/openssl/base.h:259:32: note: previous definition is here
2022-12-27T01:53:05.6124080Z   typedef struct evp_pkey_ctx_st EVP_PKEY_CTX;
2022-12-27T01:53:05.6125050Z                                  ^
2022-12-27T01:53:05.6126230Z   In file included from src/boringssl/err_data.c:18:
2022-12-27T01:53:05.6127320Z   In file included from /usr/local/opt/openssl@3/include/openssl/err.h:28:
2022-12-27T01:53:05.6128690Z   /usr/local/opt/openssl@3/include/openssl/types.h:130:34: error: typedef redefinition with different types ('struct evp_Encode_Ctx_st' vs 'struct evp_encode_ctx_st')
2022-12-27T01:53:05.6129510Z   typedef struct evp_Encode_Ctx_st EVP_ENCODE_CTX;
2022-12-27T01:53:05.6130460Z                                    ^
2022-12-27T01:53:05.6131740Z   third_party/boringssl/include/openssl/base.h:257:34: note: previous definition is here
2022-12-27T01:53:05.6132740Z   typedef struct evp_encode_ctx_st EVP_ENCODE_CTX;
2022-12-27T01:53:05.6133700Z                                    ^
2022-12-27T01:53:05.6134910Z   In file included from src/boringssl/err_data.c:18:
2022-12-27T01:53:05.6135970Z   In file included from /usr/local/opt/openssl@3/include/openssl/err.h:28:
2022-12-27T01:53:05.6137290Z   /usr/local/opt/openssl@3/include/openssl/types.h:132:28: warning: redefinition of typedef 'HMAC_CTX' is a C11 feature [-Wtypedef-redefinition]
2022-12-27T01:53:05.6138250Z   typedef struct hmac_ctx_st HMAC_CTX;
2022-12-27T01:53:05.6139180Z                              ^
2022-12-27T01:53:05.6140480Z   third_party/boringssl/include/openssl/base.h:262:28: note: previous definition is here
2022-12-27T01:53:05.6141460Z   typedef struct hmac_ctx_st HMAC_CTX;
2022-12-27T01:53:05.6142470Z                              ^
2022-12-27T01:53:05.6143670Z   In file included from src/boringssl/err_data.c:18:
2022-12-27T01:53:05.6144720Z   In file included from /usr/local/opt/openssl@3/include/openssl/err.h:28:
2022-12-27T01:53:05.6146040Z   /usr/local/opt/openssl@3/include/openssl/types.h:134:22: warning: redefinition of typedef 'DH' is a C11 feature [-Wtypedef-redefinition]
2022-12-27T01:53:05.6146870Z   typedef struct dh_st DH;
2022-12-27T01:53:05.6147850Z                        ^
2022-12-27T01:53:05.6149120Z   third_party/boringssl/include/openssl/base.h:244:22: note: previous definition is here
2022-12-27T01:53:05.6150080Z   typedef struct dh_st DH;
2022-12-27T01:53:05.6151050Z                        ^
2022-12-27T01:53:05.6152260Z   In file included from src/boringssl/err_data.c:18:
2022-12-27T01:53:05.6153560Z   In file included from /usr/local/opt/openssl@3/include/openssl/err.h:28:
2022-12-27T01:53:05.6155660Z   /usr/local/opt/openssl@3/include/openssl/types.h:138:23: warning: redefinition of typedef 'DSA' is a C11 feature [-Wtypedef-redefinition]
2022-12-27T01:53:05.6157450Z   typedef struct dsa_st DSA;
2022-12-27T01:53:05.6159430Z                         ^
2022-12-27T01:53:05.6161310Z   third_party/boringssl/include/openssl/base.h:245:23: note: previous definition is here
2022-12-27T01:53:05.6162990Z   typedef struct dsa_st DSA;
2022-12-27T01:53:05.6164690Z                         ^
2022-12-27T01:53:05.6166450Z   In file included from src/boringssl/err_data.c:18:
2022-12-27T01:53:05.6168350Z   In file included from /usr/local/opt/openssl@3/include/openssl/err.h:28:
2022-12-27T01:53:05.6170540Z   /usr/local/opt/openssl@3/include/openssl/types.h:143:23: warning: redefinition of typedef 'RSA' is a C11 feature [-Wtypedef-redefinition]
2022-12-27T01:53:05.6171610Z   typedef struct rsa_st RSA;
2022-12-27T01:53:05.6173180Z                         ^
2022-12-27T01:53:05.6174800Z   third_party/boringssl/include/openssl/base.h:272:23: note: previous definition is here
2022-12-27T01:53:05.6176280Z   typedef struct rsa_st RSA;
2022-12-27T01:53:05.6177890Z                         ^
2022-12-27T01:53:05.6179380Z   In file included from src/boringssl/err_data.c:18:
2022-12-27T01:53:05.6181010Z   In file included from /usr/local/opt/openssl@3/include/openssl/err.h:28:
2022-12-27T01:53:05.6182890Z   /usr/local/opt/openssl@3/include/openssl/types.h:144:28: warning: redefinition of typedef 'RSA_METHOD' is a C11 feature [-Wtypedef-redefinition]
2022-12-27T01:53:05.6184340Z   typedef struct rsa_meth_st RSA_METHOD;
2022-12-27T01:53:05.6185880Z                              ^
2022-12-27T01:53:05.6187730Z   third_party/boringssl/include/openssl/base.h:271:28: note: previous definition is here
2022-12-27T01:53:05.6189310Z   typedef struct rsa_meth_st RSA_METHOD;
2022-12-27T01:53:05.6190850Z                              ^
2022-12-27T01:53:05.6192520Z   In file included from src/boringssl/err_data.c:18:
2022-12-27T01:53:05.6194210Z   In file included from /usr/local/opt/openssl@3/include/openssl/err.h:28:
2022-12-27T01:53:05.6196220Z   /usr/local/opt/openssl@3/include/openssl/types.h:149:26: warning: redefinition of typedef 'EC_KEY' is a C11 feature [-Wtypedef-redefinition]
2022-12-27T01:53:05.6197540Z   typedef struct ec_key_st EC_KEY;
2022-12-27T01:53:05.6199200Z                            ^
2022-12-27T01:53:05.6200960Z   third_party/boringssl/include/openssl/base.h:247:26: note: previous definition is here
2022-12-27T01:53:05.6202480Z   typedef struct ec_key_st EC_KEY;
2022-12-27T01:53:05.6204030Z                            ^
2022-12-27T01:53:05.6205700Z   In file included from src/boringssl/err_data.c:18:
2022-12-27T01:53:05.6207350Z   In file included from /usr/local/opt/openssl@3/include/openssl/err.h:28:
2022-12-27T01:53:05.6209300Z   /usr/local/opt/openssl@3/include/openssl/types.h:153:29: warning: redefinition of typedef 'RAND_METHOD' is a C11 feature [-Wtypedef-redefinition]
2022-12-27T01:53:05.6210620Z   typedef struct rand_meth_st RAND_METHOD;
2022-12-27T01:53:05.6212140Z                               ^
2022-12-27T01:53:05.6213910Z   third_party/boringssl/include/openssl/base.h:269:29: note: previous definition is here
2022-12-27T01:53:05.6215460Z   typedef struct rand_meth_st RAND_METHOD;
2022-12-27T01:53:05.6216980Z                               ^
2022-12-27T01:53:05.6218690Z   In file included from src/boringssl/err_data.c:18:
2022-12-27T01:53:05.6220170Z   In file included from /usr/local/opt/openssl@3/include/openssl/err.h:28:
2022-12-27T01:53:05.6222110Z   /usr/local/opt/openssl@3/include/openssl/types.h:157:24: warning: redefinition of typedef 'X509' is a C11 feature [-Wtypedef-redefinition]
2022-12-27T01:53:05.6223520Z   typedef struct x509_st X509;
2022-12-27T01:53:05.6225150Z                          ^
2022-12-27T01:53:05.6226960Z   third_party/boringssl/include/openssl/base.h:293:24: note: previous definition is here
2022-12-27T01:53:05.6228520Z   typedef struct x509_st X509;
2022-12-27T01:53:05.6230100Z                          ^
2022-12-27T01:53:05.6231770Z   In file included from src/boringssl/err_data.c:18:
2022-12-27T01:53:05.6233400Z   In file included from /usr/local/opt/openssl@3/include/openssl/err.h:28:
2022-12-27T01:53:05.6235360Z   /usr/local/opt/openssl@3/include/openssl/types.h:158:30: warning: redefinition of typedef 'X509_ALGOR' is a C11 feature [-Wtypedef-redefinition]
2022-12-27T01:53:05.6236730Z   typedef struct X509_algor_st X509_ALGOR;
2022-12-27T01:53:05.6238330Z                                ^
2022-12-27T01:53:05.6240100Z   third_party/boringssl/include/openssl/base.h:219:30: note: previous definition is here
2022-12-27T01:53:05.6241660Z   typedef struct X509_algor_st X509_ALGOR;
2022-12-27T01:53:05.6243210Z                                ^
2022-12-27T01:53:05.6244890Z   In file included from src/boringssl/err_data.c:18:
2022-12-27T01:53:05.6246630Z   In file included from /usr/local/opt/openssl@3/include/openssl/err.h:28:
2022-12-27T01:53:05.6248580Z   /usr/local/opt/openssl@3/include/openssl/types.h:159:28: warning: redefinition of typedef 'X509_CRL' is a C11 feature [-Wtypedef-redefinition]
2022-12-27T01:53:05.6249800Z   typedef struct X509_crl_st X509_CRL;
2022-12-27T01:53:05.6251320Z                              ^
2022-12-27T01:53:05.6252840Z   third_party/boringssl/include/openssl/base.h:221:28: note: previous definition is here
2022-12-27T01:53:05.6254720Z   typedef struct X509_crl_st X509_CRL;
2022-12-27T01:53:05.6256340Z                              ^
2022-12-27T01:53:05.6258140Z   In file included from src/boringssl/err_data.c:18:
2022-12-27T01:53:05.6259920Z   In file included from /usr/local/opt/openssl@3/include/openssl/err.h:28:
2022-12-27T01:53:05.6261910Z   /usr/local/opt/openssl@3/include/openssl/types.h:160:35: warning: redefinition of typedef 'X509_CRL_METHOD' is a C11 feature [-Wtypedef-redefinition]
2022-12-27T01:53:05.6263490Z   typedef struct x509_crl_method_st X509_CRL_METHOD;
2022-12-27T01:53:05.6265090Z                                     ^
2022-12-27T01:53:05.6266860Z   third_party/boringssl/include/openssl/base.h:290:35: note: previous definition is here
2022-12-27T01:53:05.6268730Z   typedef struct x509_crl_method_st X509_CRL_METHOD;
2022-12-27T01:53:05.6270240Z                                     ^
2022-12-27T01:53:05.6271810Z   In file included from src/boringssl/err_data.c:18:
2022-12-27T01:53:05.6273350Z   In file included from /usr/local/opt/openssl@3/include/openssl/err.h:28:
2022-12-27T01:53:05.6275240Z   /usr/local/opt/openssl@3/include/openssl/types.h:161:32: warning: redefinition of typedef 'X509_REVOKED' is a C11 feature [-Wtypedef-redefinition]
2022-12-27T01:53:05.6276340Z   typedef struct x509_revoked_st X509_REVOKED;
2022-12-27T01:53:05.6277900Z                                  ^
2022-12-27T01:53:05.6279640Z   third_party/boringssl/include/openssl/base.h:292:32: note: previous definition is here
2022-12-27T01:53:05.6281130Z   typedef struct x509_revoked_st X509_REVOKED;
2022-12-27T01:53:05.6282590Z                                  ^
2022-12-27T01:53:05.6283990Z   In file included from src/boringssl/err_data.c:18:
2022-12-27T01:53:05.6285420Z   In file included from /usr/local/opt/openssl@3/include/openssl/err.h:28:
2022-12-27T01:53:05.6287140Z   /usr/local/opt/openssl@3/include/openssl/types.h:162:29: warning: redefinition of typedef 'X509_NAME' is a C11 feature [-Wtypedef-redefinition]
2022-12-27T01:53:05.6288370Z   typedef struct X509_name_st X509_NAME;
2022-12-27T01:53:05.6289750Z                               ^
2022-12-27T01:53:05.6291280Z   third_party/boringssl/include/openssl/base.h:225:29: note: previous definition is here
2022-12-27T01:53:05.6292810Z   typedef struct X509_name_st X509_NAME;
2022-12-27T01:53:05.6294190Z                               ^
2022-12-27T01:53:05.6295670Z   In file included from src/boringssl/err_data.c:18:
2022-12-27T01:53:05.6297120Z   In file included from /usr/local/opt/openssl@3/include/openssl/err.h:28:
2022-12-27T01:53:05.6298970Z   /usr/local/opt/openssl@3/include/openssl/types.h:163:31: warning: redefinition of typedef 'X509_PUBKEY' is a C11 feature [-Wtypedef-redefinition]
2022-12-27T01:53:05.6300300Z   typedef struct X509_pubkey_st X509_PUBKEY;
2022-12-27T01:53:05.6301650Z                                 ^
2022-12-27T01:53:05.6303190Z   third_party/boringssl/include/openssl/base.h:227:31: note: previous definition is here
2022-12-27T01:53:05.6304660Z   typedef struct X509_pubkey_st X509_PUBKEY;
2022-12-27T01:53:05.6306110Z                                 ^
2022-12-27T01:53:05.6307650Z   In file included from src/boringssl/err_data.c:18:
2022-12-27T01:53:05.6309140Z   In file included from /usr/local/opt/openssl@3/include/openssl/err.h:28:
2022-12-27T01:53:05.6310910Z   /usr/local/opt/openssl@3/include/openssl/types.h:164:30: warning: redefinition of typedef 'X509_STORE' is a C11 feature [-Wtypedef-redefinition]
2022-12-27T01:53:05.6312230Z   typedef struct x509_store_st X509_STORE;
2022-12-27T01:53:05.6313670Z                                ^
2022-12-27T01:53:05.6315280Z   third_party/boringssl/include/openssl/base.h:295:30: note: previous definition is here
2022-12-27T01:53:05.6316720Z   typedef struct x509_store_st X509_STORE;
2022-12-27T01:53:05.6318240Z                                ^
2022-12-27T01:53:05.6319940Z   In file included from src/boringssl/err_data.c:18:
2022-12-27T01:53:05.6321370Z   In file included from /usr/local/opt/openssl@3/include/openssl/err.h:28:
2022-12-27T01:53:05.6323120Z   /usr/local/opt/openssl@3/include/openssl/types.h:165:34: warning: redefinition of typedef 'X509_STORE_CTX' is a C11 feature [-Wtypedef-redefinition]
2022-12-27T01:53:05.6324420Z   typedef struct x509_store_ctx_st X509_STORE_CTX;
2022-12-27T01:53:05.6325860Z                                    ^
2022-12-27T01:53:05.6327430Z   third_party/boringssl/include/openssl/base.h:294:34: note: previous definition is here
2022-12-27T01:53:05.6328910Z   typedef struct x509_store_ctx_st X509_STORE_CTX;
2022-12-27T01:53:05.6330360Z                                    ^
2022-12-27T01:53:05.6331890Z   In file included from src/boringssl/err_data.c:18:
2022-12-27T01:53:05.6333400Z   In file included from /usr/local/opt/openssl@3/include/openssl/err.h:28:
2022-12-27T01:53:05.6335150Z   /usr/local/opt/openssl@3/include/openssl/types.h:168:31: warning: redefinition of typedef 'X509_LOOKUP' is a C11 feature [-Wtypedef-redefinition]
2022-12-27T01:53:05.6336490Z   typedef struct x509_lookup_st X509_LOOKUP;
2022-12-27T01:53:05.6337940Z                                 ^
2022-12-27T01:53:05.6339600Z   third_party/boringssl/include/openssl/base.h:291:31: note: previous definition is here
2022-12-27T01:53:05.6341080Z   typedef struct x509_lookup_st X509_LOOKUP;
2022-12-27T01:53:05.6342500Z                                 ^
2022-12-27T01:53:05.6344030Z   In file included from src/boringssl/err_data.c:18:
2022-12-27T01:53:05.6345540Z   In file included from /usr/local/opt/openssl@3/include/openssl/err.h:28:
2022-12-27T01:53:05.6347310Z   /usr/local/opt/openssl@3/include/openssl/types.h:170:37: warning: redefinition of typedef 'X509_VERIFY_PARAM' is a C11 feature [-Wtypedef-redefinition]
2022-12-27T01:53:05.6348670Z   typedef struct X509_VERIFY_PARAM_st X509_VERIFY_PARAM;
2022-12-27T01:53:05.6350090Z                                       ^
2022-12-27T01:53:05.6351740Z   third_party/boringssl/include/openssl/base.h:218:37: note: previous definition is here
2022-12-27T01:53:05.6353220Z   typedef struct X509_VERIFY_PARAM_st X509_VERIFY_PARAM;
2022-12-27T01:53:05.6354800Z                                       ^
2022-12-27T01:53:05.6356330Z   In file included from src/boringssl/err_data.c:18:
2022-12-27T01:53:05.6357850Z   In file included from /usr/local/opt/openssl@3/include/openssl/err.h:28:
2022-12-27T01:53:05.6359700Z   /usr/local/opt/openssl@3/include/openssl/types.h:174:39: warning: redefinition of typedef 'PKCS8_PRIV_KEY_INFO' is a C11 feature [-Wtypedef-redefinition]
2022-12-27T01:53:05.6361050Z   typedef struct pkcs8_priv_key_info_st PKCS8_PRIV_KEY_INFO;
2022-12-27T01:53:05.6362490Z                                         ^
2022-12-27T01:53:05.6364100Z   third_party/boringssl/include/openssl/base.h:267:39: note: previous definition is here
2022-12-27T01:53:05.6365590Z   typedef struct pkcs8_priv_key_info_st PKCS8_PRIV_KEY_INFO;
2022-12-27T01:53:05.6367060Z                                         ^
2022-12-27T01:53:05.6368620Z   In file included from src/boringssl/err_data.c:18:
2022-12-27T01:53:05.6370130Z   In file included from /usr/local/opt/openssl@3/include/openssl/err.h:28:
2022-12-27T01:53:05.6371870Z   /usr/local/opt/openssl@3/include/openssl/types.h:176:27: warning: redefinition of typedef 'X509V3_CTX' is a C11 feature [-Wtypedef-redefinition]
2022-12-27T01:53:05.6373200Z   typedef struct v3_ext_ctx X509V3_CTX;
2022-12-27T01:53:05.6374650Z                             ^
2022-12-27T01:53:05.6376270Z   third_party/boringssl/include/openssl/base.h:285:27: note: previous definition is here
2022-12-27T01:53:05.6377750Z   typedef struct v3_ext_ctx X509V3_CTX;
2022-12-27T01:53:05.6379270Z                             ^
2022-12-27T01:53:05.6380820Z   In file included from src/boringssl/err_data.c:18:
2022-12-27T01:53:05.6382350Z   In file included from /usr/local/opt/openssl@3/include/openssl/err.h:28:
2022-12-27T01:53:05.6397730Z   /usr/local/opt/openssl@3/include/openssl/types.h:177:24: warning: redefinition of typedef 'CONF' is a C11 feature [-Wtypedef-redefinition]
2022-12-27T01:53:05.6398240Z   typedef struct conf_st CONF;
2022-12-27T01:53:05.6398450Z                          ^
2022-12-27T01:53:05.6398730Z   third_party/boringssl/include/openssl/base.h:242:24: note: previous definition is here
2022-12-27T01:53:05.6399020Z   typedef struct conf_st CONF;
2022-12-27T01:53:05.6399220Z                          ^
2022-12-27T01:53:05.6399450Z   In file included from src/boringssl/err_data.c:18:
2022-12-27T01:53:05.6399770Z   In file included from /usr/local/opt/openssl@3/include/openssl/err.h:28:
2022-12-27T01:53:05.6400400Z   /usr/local/opt/openssl@3/include/openssl/types.h:183:26: warning: redefinition of typedef 'ENGINE' is a C11 feature [-Wtypedef-redefinition]
2022-12-27T01:53:05.6400760Z   typedef struct engine_st ENGINE;
2022-12-27T01:53:05.6400980Z                            ^
2022-12-27T01:53:05.6401260Z   third_party/boringssl/include/openssl/base.h:251:26: note: previous definition is here
2022-12-27T01:53:05.6401560Z   typedef struct engine_st ENGINE;
2022-12-27T01:53:05.6401770Z                            ^
2022-12-27T01:53:05.6403080Z   In file included from src/boringssl/err_data.c:18:
2022-12-27T01:53:05.6404550Z   In file included from /usr/local/opt/openssl@3/include/openssl/err.h:28:
2022-12-27T01:53:05.6406190Z   /usr/local/opt/openssl@3/include/openssl/types.h:184:23: warning: redefinition of typedef 'SSL' is a C11 feature [-Wtypedef-redefinition]
2022-12-27T01:53:05.6407280Z   typedef struct ssl_st SSL;
2022-12-27T01:53:05.6408570Z                         ^
2022-12-27T01:53:05.6410130Z   third_party/boringssl/include/openssl/base.h:283:23: note: previous definition is here
2022-12-27T01:53:05.6411570Z   typedef struct ssl_st SSL;
2022-12-27T01:53:05.6413180Z                         ^
2022-12-27T01:53:05.6414790Z   In file included from src/boringssl/err_data.c:18:
2022-12-27T01:53:05.6416270Z   In file included from /usr/local/opt/openssl@3/include/openssl/err.h:28:
2022-12-27T01:53:05.6418120Z   /usr/local/opt/openssl@3/include/openssl/types.h:185:27: warning: redefinition of typedef 'SSL_CTX' is a C11 feature [-Wtypedef-redefinition]
2022-12-27T01:53:05.6419450Z   typedef struct ssl_ctx_st SSL_CTX;
2022-12-27T01:53:05.6420910Z                             ^
2022-12-27T01:53:05.6422540Z   third_party/boringssl/include/openssl/base.h:279:27: note: previous definition is here
2022-12-27T01:53:05.6424120Z   typedef struct ssl_ctx_st SSL_CTX;
2022-12-27T01:53:05.6425810Z                             ^
2022-12-27T01:53:05.6427440Z   In file included from src/boringssl/err_data.c:18:
2022-12-27T01:53:05.6428790Z   In file included from /usr/local/opt/openssl@3/include/openssl/err.h:28:
2022-12-27T01:53:05.6430610Z   /usr/local/opt/openssl@3/include/openssl/types.h:190:36: warning: redefinition of typedef 'X509_POLICY_NODE' is a C11 feature [-Wtypedef-redefinition]
2022-12-27T01:53:05.6431910Z   typedef struct X509_POLICY_NODE_st X509_POLICY_NODE;
2022-12-27T01:53:05.6433350Z                                      ^
2022-12-27T01:53:05.6434970Z   third_party/boringssl/include/openssl/base.h:216:36: note: previous definition is here
2022-12-27T01:53:05.6436460Z   typedef struct X509_POLICY_NODE_st X509_POLICY_NODE;
2022-12-27T01:53:05.6437900Z                                      ^
2022-12-27T01:53:05.6439510Z   In file included from src/boringssl/err_data.c:18:
2022-12-27T01:53:05.6441080Z   In file included from /usr/local/opt/openssl@3/include/openssl/err.h:28:
2022-12-27T01:53:05.6442850Z   /usr/local/opt/openssl@3/include/openssl/types.h:191:37: warning: redefinition of typedef 'X509_POLICY_LEVEL' is a C11 feature [-Wtypedef-redefinition]
2022-12-27T01:53:05.6444170Z   typedef struct X509_POLICY_LEVEL_st X509_POLICY_LEVEL;
2022-12-27T01:53:05.6445620Z                                       ^
2022-12-27T01:53:05.6447240Z   third_party/boringssl/include/openssl/base.h:215:37: note: previous definition is here
2022-12-27T01:53:05.6448860Z   typedef struct X509_POLICY_LEVEL_st X509_POLICY_LEVEL;
2022-12-27T01:53:05.6450200Z                                       ^
2022-12-27T01:53:05.6451710Z   In file included from src/boringssl/err_data.c:18:
2022-12-27T01:53:05.6453250Z   In file included from /usr/local/opt/openssl@3/include/openssl/err.h:28:
2022-12-27T01:53:05.6455120Z   /usr/local/opt/openssl@3/include/openssl/types.h:192:36: warning: redefinition of typedef 'X509_POLICY_TREE' is a C11 feature [-Wtypedef-redefinition]
2022-12-27T01:53:05.6456480Z   typedef struct X509_POLICY_TREE_st X509_POLICY_TREE;
2022-12-27T01:53:05.6458090Z                                      ^
2022-12-27T01:53:05.6459820Z   third_party/boringssl/include/openssl/base.h:217:36: note: previous definition is here
2022-12-27T01:53:05.6461480Z   typedef struct X509_POLICY_TREE_st X509_POLICY_TREE;
2022-12-27T01:53:05.6463240Z                                      ^
2022-12-27T01:53:05.6464730Z   In file included from src/boringssl/err_data.c:18:
2022-12-27T01:53:05.6466340Z   In file included from /usr/local/opt/openssl@3/include/openssl/err.h:28:
2022-12-27T01:53:05.6468370Z   /usr/local/opt/openssl@3/include/openssl/types.h:193:37: warning: redefinition of typedef 'X509_POLICY_CACHE' is a C11 feature [-Wtypedef-redefinition]
2022-12-27T01:53:05.6469390Z   typedef struct X509_POLICY_CACHE_st X509_POLICY_CACHE;
2022-12-27T01:53:05.6471070Z                                       ^
2022-12-27T01:53:05.6472710Z   third_party/boringssl/include/openssl/base.h:214:37: note: previous definition is here
2022-12-27T01:53:05.6474220Z   typedef struct X509_POLICY_CACHE_st X509_POLICY_CACHE;
2022-12-27T01:53:05.6475700Z                                       ^
2022-12-27T01:53:05.6477300Z   In file included from src/boringssl/err_data.c:18:
2022-12-27T01:53:05.6478960Z   In file included from /usr/local/opt/openssl@3/include/openssl/err.h:28:
2022-12-27T01:53:05.6481040Z   /usr/local/opt/openssl@3/include/openssl/types.h:195:35: warning: redefinition of typedef 'AUTHORITY_KEYID' is a C11 feature [-Wtypedef-redefinition]
2022-12-27T01:53:05.6482070Z   typedef struct AUTHORITY_KEYID_st AUTHORITY_KEYID;
2022-12-27T01:53:05.6483690Z                                     ^
2022-12-27T01:53:05.6485380Z   third_party/boringssl/include/openssl/base.h:201:35: note: previous definition is here
2022-12-27T01:53:05.6487190Z   typedef struct AUTHORITY_KEYID_st AUTHORITY_KEYID;
2022-12-27T01:53:05.6488800Z                                     ^
2022-12-27T01:53:05.6490630Z   In file included from src/boringssl/err_data.c:18:
2022-12-27T01:53:05.6492440Z   In file included from /usr/local/opt/openssl@3/include/openssl/err.h:28:
2022-12-27T01:53:05.6494600Z   /usr/local/opt/openssl@3/include/openssl/types.h:196:30: warning: redefinition of typedef 'DIST_POINT' is a C11 feature [-Wtypedef-redefinition]
2022-12-27T01:53:05.6495880Z   typedef struct DIST_POINT_st DIST_POINT;
2022-12-27T01:53:05.6497740Z                                ^
2022-12-27T01:53:05.6499970Z   third_party/boringssl/include/openssl/base.h:203:30: note: previous definition is here
2022-12-27T01:53:05.6501590Z   typedef struct DIST_POINT_st DIST_POINT;
2022-12-27T01:53:05.6503060Z                                ^
2022-12-27T01:53:05.6505080Z   In file included from src/boringssl/err_data.c:18:
2022-12-27T01:53:05.6506880Z   In file included from /usr/local/opt/openssl@3/include/openssl/err.h:28:
2022-12-27T01:53:05.6509390Z   /usr/local/opt/openssl@3/include/openssl/types.h:197:38: warning: redefinition of typedef 'ISSUING_DIST_POINT' is a C11 feature [-Wtypedef-redefinition]
2022-12-27T01:53:05.6510950Z   typedef struct ISSUING_DIST_POINT_st ISSUING_DIST_POINT;
2022-12-27T01:53:05.6512600Z                                        ^
2022-12-27T01:53:05.6514440Z   third_party/boringssl/include/openssl/base.h:205:38: note: previous definition is here
2022-12-27T01:53:05.6516090Z   typedef struct ISSUING_DIST_POINT_st ISSUING_DIST_POINT;
2022-12-27T01:53:05.6517580Z                                        ^
2022-12-27T01:53:05.6519780Z   In file included from src/boringssl/err_data.c:18:
2022-12-27T01:53:05.6521650Z   In file included from /usr/local/opt/openssl@3/include/openssl/err.h:28:
2022-12-27T01:53:05.6523790Z   /usr/local/opt/openssl@3/include/openssl/types.h:198:36: warning: redefinition of typedef 'NAME_CONSTRAINTS' is a C11 feature [-Wtypedef-redefinition]
2022-12-27T01:53:05.6525600Z   typedef struct NAME_CONSTRAINTS_st NAME_CONSTRAINTS;
2022-12-27T01:53:05.6527370Z                                      ^
2022-12-27T01:53:05.6529220Z   third_party/boringssl/include/openssl/base.h:206:36: note: previous definition is here
2022-12-27T01:53:05.6530960Z   typedef struct NAME_CONSTRAINTS_st NAME_CONSTRAINTS;
2022-12-27T01:53:05.6532880Z                                      ^
2022-12-27T01:53:05.6535030Z   In file included from src/boringssl/err_data.c:18:
2022-12-27T01:53:05.6536750Z   In file included from /usr/local/opt/openssl@3/include/openssl/err.h:29:
2022-12-27T01:53:05.6538350Z   In file included from /usr/local/opt/openssl@3/include/openssl/bio.h:30:
2022-12-27T01:53:05.6540410Z   /usr/local/opt/openssl@3/include/openssl/crypto.h:308:3: error: typedef redefinition with different types ('struct crypto_threadid_st' vs 'int')
2022-12-27T01:53:05.6541600Z   } CRYPTO_THREADID;
2022-12-27T01:53:05.6543330Z     ^
2022-12-27T01:53:05.6545150Z   third_party/boringssl/include/openssl/base.h:176:13: note: previous definition is here
2022-12-27T01:53:05.6546810Z   typedef int CRYPTO_THREADID;
2022-12-27T01:53:05.6548130Z               ^
2022-12-27T01:53:05.6549830Z   In file included from src/boringssl/err_data.c:18:
2022-12-27T01:53:05.6551370Z   In file included from /usr/local/opt/openssl@3/include/openssl/err.h:29:
2022-12-27T01:53:05.6553320Z   /usr/local/opt/openssl@3/include/openssl/bio.h:296:30: warning: redefinition of typedef 'BIO_METHOD' is a C11 feature [-Wtypedef-redefinition]
2022-12-27T01:53:05.6554430Z   typedef struct bio_method_st BIO_METHOD;
2022-12-27T01:53:05.6556190Z                                ^
2022-12-27T01:53:05.6557820Z   third_party/boringssl/include/openssl/base.h:234:30: note: previous definition is here
2022-12-27T01:53:05.6559460Z   typedef struct bio_method_st BIO_METHOD;
2022-12-27T01:53:05.6561240Z                                ^
2022-12-27T01:53:05.6563180Z   src/boringssl/err_data.c:33:1: error: 'OPENSSL_COMPILE_ASSERT_library_values_changed_12' declared as an array with a negative size
2022-12-27T01:53:05.6564360Z   OPENSSL_COMPILE_ASSERT(ERR_LIB_ASN1 == 12, library_values_changed_12);
2022-12-27T01:53:05.6565960Z   ^~~~~~~~~~~~~~~~~~~~~~~~~~~~~~~~~~~~~~~~~~~~~~~~~~~~~~~~~~~~~~~~~~~~~
2022-12-27T01:53:05.6567930Z   third_party/boringssl/include/openssl/type_check.h:83:45: note: expanded from macro 'OPENSSL_COMPILE_ASSERT'
2022-12-27T01:53:05.6569350Z     typedef char OPENSSL_COMPILE_ASSERT_##msg[((cond) ? 1 : -1)]
2022-12-27T01:53:05.6570810Z                                               ^~~~~~~~~~~~~~~~~
2022-12-27T01:53:05.6572840Z   src/boringssl/err_data.c:34:1: error: 'OPENSSL_COMPILE_ASSERT_library_values_changed_13' declared as an array with a negative size
2022-12-27T01:53:05.6574010Z   OPENSSL_COMPILE_ASSERT(ERR_LIB_CONF == 13, library_values_changed_13);
2022-12-27T01:53:05.6575610Z   ^~~~~~~~~~~~~~~~~~~~~~~~~~~~~~~~~~~~~~~~~~~~~~~~~~~~~~~~~~~~~~~~~~~~~
2022-12-27T01:53:05.6577580Z   third_party/boringssl/include/openssl/type_check.h:83:45: note: expanded from macro 'OPENSSL_COMPILE_ASSERT'
2022-12-27T01:53:05.6578980Z     typedef char OPENSSL_COMPILE_ASSERT_##msg[((cond) ? 1 : -1)]
2022-12-27T01:53:05.6580540Z                                               ^~~~~~~~~~~~~~~~~
2022-12-27T01:53:05.6582420Z   src/boringssl/err_data.c:35:1: error: 'OPENSSL_COMPILE_ASSERT_library_values_changed_14' declared as an array with a negative size
2022-12-27T01:53:05.6583670Z   OPENSSL_COMPILE_ASSERT(ERR_LIB_CRYPTO == 14, library_values_changed_14);
2022-12-27T01:53:05.6585330Z   ^~~~~~~~~~~~~~~~~~~~~~~~~~~~~~~~~~~~~~~~~~~~~~~~~~~~~~~~~~~~~~~~~~~~~~~
2022-12-27T01:53:05.6587330Z   third_party/boringssl/include/openssl/type_check.h:83:45: note: expanded from macro 'OPENSSL_COMPILE_ASSERT'
2022-12-27T01:53:05.6588650Z     typedef char OPENSSL_COMPILE_ASSERT_##msg[((cond) ? 1 : -1)]
2022-12-27T01:53:05.6590140Z                                               ^~~~~~~~~~~~~~~~~
2022-12-27T01:53:05.6592140Z   src/boringssl/err_data.c:36:1: error: 'OPENSSL_COMPILE_ASSERT_library_values_changed_15' declared as an array with a negative size
2022-12-27T01:53:05.6593290Z   OPENSSL_COMPILE_ASSERT(ERR_LIB_EC == 15, library_values_changed_15);
2022-12-27T01:53:05.6594980Z   ^~~~~~~~~~~~~~~~~~~~~~~~~~~~~~~~~~~~~~~~~~~~~~~~~~~~~~~~~~~~~~~~~~~
2022-12-27T01:53:05.6596790Z   third_party/boringssl/include/openssl/type_check.h:83:45: note: expanded from macro 'OPENSSL_COMPILE_ASSERT'
2022-12-27T01:53:05.6598230Z     typedef char OPENSSL_COMPILE_ASSERT_##msg[((cond) ? 1 : -1)]
2022-12-27T01:53:05.6599790Z                                               ^~~~~~~~~~~~~~~~~
2022-12-27T01:53:05.6601680Z   src/boringssl/err_data.c:37:1: error: 'OPENSSL_COMPILE_ASSERT_library_values_changed_16' declared as an array with a negative size
2022-12-27T01:53:05.6602880Z   OPENSSL_COMPILE_ASSERT(ERR_LIB_SSL == 16, library_values_changed_16);
2022-12-27T01:53:05.6604480Z   ^~~~~~~~~~~~~~~~~~~~~~~~~~~~~~~~~~~~~~~~~~~~~~~~~~~~~~~~~~~~~~~~~~~~
2022-12-27T01:53:05.6606360Z   third_party/boringssl/include/openssl/type_check.h:83:45: note: expanded from macro 'OPENSSL_COMPILE_ASSERT'
2022-12-27T01:53:05.6607730Z     typedef char OPENSSL_COMPILE_ASSERT_##msg[((cond) ? 1 : -1)]
2022-12-27T01:53:05.6609140Z                                               ^~~~~~~~~~~~~~~~~
2022-12-27T01:53:05.6610900Z   src/boringssl/err_data.c:38:1: error: 'OPENSSL_COMPILE_ASSERT_library_values_changed_17' declared as an array with a negative size
2022-12-27T01:53:05.6612340Z   OPENSSL_COMPILE_ASSERT(ERR_LIB_BIO == 17, library_values_changed_17);
2022-12-27T01:53:05.6613820Z   ^~~~~~~~~~~~~~~~~~~~~~~~~~~~~~~~~~~~~~~~~~~~~~~~~~~~~~~~~~~~~~~~~~~~
2022-12-27T01:53:05.6615560Z   third_party/boringssl/include/openssl/type_check.h:83:45: note: expanded from macro 'OPENSSL_COMPILE_ASSERT'
2022-12-27T01:53:05.6617060Z     typedef char OPENSSL_COMPILE_ASSERT_##msg[((cond) ? 1 : -1)]
2022-12-27T01:53:05.6618620Z                                               ^~~~~~~~~~~~~~~~~
2022-12-27T01:53:05.6620620Z   src/boringssl/err_data.c:39:1: error: 'OPENSSL_COMPILE_ASSERT_library_values_changed_18' declared as an array with a negative size
2022-12-27T01:53:05.6621730Z   OPENSSL_COMPILE_ASSERT(ERR_LIB_PKCS7 == 18, library_values_changed_18);
2022-12-27T01:53:05.6623410Z   ^~~~~~~~~~~~~~~~~~~~~~~~~~~~~~~~~~~~~~~~~~~~~~~~~~~~~~~~~~~~~~~~~~~~~~
2022-12-27T01:53:05.6625330Z   third_party/boringssl/include/openssl/type_check.h:83:45: note: expanded from macro 'OPENSSL_COMPILE_ASSERT'
2022-12-27T01:53:05.6626680Z     typedef char OPENSSL_COMPILE_ASSERT_##msg[((cond) ? 1 : -1)]
2022-12-27T01:53:05.6628250Z                                               ^~~~~~~~~~~~~~~~~
2022-12-27T01:53:05.6630080Z   src/boringssl/err_data.c:40:24: error: use of undeclared identifier 'ERR_LIB_PKCS8'
2022-12-27T01:53:05.6631380Z   OPENSSL_COMPILE_ASSERT(ERR_LIB_PKCS8 == 19, library_values_changed_19);
2022-12-27T01:53:05.6632930Z                          ^
2022-12-27T01:53:05.6635570Z   src/boringssl/err_data.c:41:1: error: 'OPENSSL_COMPILE_ASSERT_library_values_changed_20' declared as an array with a negative size
2022-12-27T01:53:05.6636670Z   OPENSSL_COMPILE_ASSERT(ERR_LIB_X509V3 == 20, library_values_changed_20);
2022-12-27T01:53:05.6638390Z   ^~~~~~~~~~~~~~~~~~~~~~~~~~~~~~~~~~~~~~~~~~~~~~~~~~~~~~~~~~~~~~~~~~~~~~~
2022-12-27T01:53:05.6640250Z   third_party/boringssl/include/openssl/type_check.h:83:45: note: expanded from macro 'OPENSSL_COMPILE_ASSERT'
2022-12-27T01:53:05.6641590Z     typedef char OPENSSL_COMPILE_ASSERT_##msg[((cond) ? 1 : -1)]
2022-12-27T01:53:05.6643010Z                                               ^~~~~~~~~~~~~~~~~
2022-12-27T01:53:05.6645170Z   src/boringssl/err_data.c:42:1: error: 'OPENSSL_COMPILE_ASSERT_library_values_changed_21' declared as an array with a negative size
2022-12-27T01:53:05.6646190Z   OPENSSL_COMPILE_ASSERT(ERR_LIB_RAND == 21, library_values_changed_21);
2022-12-27T01:53:05.6647940Z   ^~~~~~~~~~~~~~~~~~~~~~~~~~~~~~~~~~~~~~~~~~~~~~~~~~~~~~~~~~~~~~~~~~~~~
2022-12-27T01:53:05.6649740Z   third_party/boringssl/include/openssl/type_check.h:83:45: note: expanded from macro 'OPENSSL_COMPILE_ASSERT'
2022-12-27T01:53:05.6651040Z     typedef char OPENSSL_COMPILE_ASSERT_##msg[((cond) ? 1 : -1)]
2022-12-27T01:53:05.6652500Z                                               ^~~~~~~~~~~~~~~~~
2022-12-27T01:53:05.6654490Z   src/boringssl/err_data.c:43:1: error: 'OPENSSL_COMPILE_ASSERT_library_values_changed_22' declared as an array with a negative size
2022-12-27T01:53:05.6655600Z   OPENSSL_COMPILE_ASSERT(ERR_LIB_ENGINE == 22, library_values_changed_22);
2022-12-27T01:53:05.6657260Z   ^~~~~~~~~~~~~~~~~~~~~~~~~~~~~~~~~~~~~~~~~~~~~~~~~~~~~~~~~~~~~~~~~~~~~~~
2022-12-27T01:53:05.6659180Z   third_party/boringssl/include/openssl/type_check.h:83:45: note: expanded from macro 'OPENSSL_COMPILE_ASSERT'
2022-12-27T01:53:05.6660490Z     typedef char OPENSSL_COMPILE_ASSERT_##msg[((cond) ? 1 : -1)]
2022-12-27T01:53:05.6662220Z                                               ^~~~~~~~~~~~~~~~~
2022-12-27T01:53:05.6663990Z   src/boringssl/err_data.c:44:1: error: 'OPENSSL_COMPILE_ASSERT_library_values_changed_23' declared as an array with a negative size
2022-12-27T01:53:05.6665440Z   OPENSSL_COMPILE_ASSERT(ERR_LIB_OCSP == 23, library_values_changed_23);
2022-12-27T01:53:05.6666930Z   ^~~~~~~~~~~~~~~~~~~~~~~~~~~~~~~~~~~~~~~~~~~~~~~~~~~~~~~~~~~~~~~~~~~~~
2022-12-27T01:53:05.6668810Z   third_party/boringssl/include/openssl/type_check.h:83:45: note: expanded from macro 'OPENSSL_COMPILE_ASSERT'
2022-12-27T01:53:05.6670280Z     typedef char OPENSSL_COMPILE_ASSERT_##msg[((cond) ? 1 : -1)]
2022-12-27T01:53:05.6671700Z                                               ^~~~~~~~~~~~~~~~~
2022-12-27T01:53:05.6673450Z   src/boringssl/err_data.c:45:1: error: 'OPENSSL_COMPILE_ASSERT_library_values_changed_24' declared as an array with a negative size
2022-12-27T01:53:05.6674860Z   OPENSSL_COMPILE_ASSERT(ERR_LIB_UI == 24, library_values_changed_24);
2022-12-27T01:53:05.6676320Z   ^~~~~~~~~~~~~~~~~~~~~~~~~~~~~~~~~~~~~~~~~~~~~~~~~~~~~~~~~~~~~~~~~~~
2022-12-27T01:53:05.6678370Z   third_party/boringssl/include/openssl/type_check.h:83:45: note: expanded from macro 'OPENSSL_COMPILE_ASSERT'
2022-12-27T01:53:05.6679710Z     typedef char OPENSSL_COMPILE_ASSERT_##msg[((cond) ? 1 : -1)]
2022-12-27T01:53:05.6681100Z                                               ^~~~~~~~~~~~~~~~~
2022-12-27T01:53:05.6682870Z   src/boringssl/err_data.c:46:1: error: 'OPENSSL_COMPILE_ASSERT_library_values_changed_25' declared as an array with a negative size
2022-12-27T01:53:05.6684440Z   OPENSSL_COMPILE_ASSERT(ERR_LIB_COMP == 25, library_values_changed_25);
2022-12-27T01:53:05.6685870Z   ^~~~~~~~~~~~~~~~~~~~~~~~~~~~~~~~~~~~~~~~~~~~~~~~~~~~~~~~~~~~~~~~~~~~~
2022-12-27T01:53:05.6687580Z   third_party/boringssl/include/openssl/type_check.h:83:45: note: expanded from macro 'OPENSSL_COMPILE_ASSERT'
2022-12-27T01:53:05.6689280Z     typedef char OPENSSL_COMPILE_ASSERT_##msg[((cond) ? 1 : -1)]
2022-12-27T01:53:05.6690510Z                                               ^~~~~~~~~~~~~~~~~
2022-12-27T01:53:05.6692320Z   src/boringssl/err_data.c:47:1: error: 'OPENSSL_COMPILE_ASSERT_library_values_changed_26' declared as an array with a negative size
2022-12-27T01:53:05.6693870Z   OPENSSL_COMPILE_ASSERT(ERR_LIB_ECDSA == 26, library_values_changed_26);
2022-12-27T01:53:05.6695320Z   ^~~~~~~~~~~~~~~~~~~~~~~~~~~~~~~~~~~~~~~~~~~~~~~~~~~~~~~~~~~~~~~~~~~~~~
2022-12-27T01:53:05.6697300Z   third_party/boringssl/include/openssl/type_check.h:83:45: note: expanded from macro 'OPENSSL_COMPILE_ASSERT'
2022-12-27T01:53:05.6698690Z     typedef char OPENSSL_COMPILE_ASSERT_##msg[((cond) ? 1 : -1)]
2022-12-27T01:53:05.6700060Z                                               ^~~~~~~~~~~~~~~~~
2022-12-27T01:53:05.6701780Z   fatal error: too many errors emitted, stopping now [-ferror-limit=]
2022-12-27T01:53:05.6703110Z   70 warnings and 20 errors generated.
2022-12-27T01:53:05.6704560Z   creating var
2022-12-27T01:53:05.6706090Z   creating var/folders
2022-12-27T01:53:05.6707730Z   creating var/folders/51
2022-12-27T01:53:05.6709310Z   creating var/folders/51/hd414ycd67n82196sw51xqtc0000gn
2022-12-27T01:53:05.6710900Z   creating var/folders/51/hd414ycd67n82196sw51xqtc0000gn/T
2022-12-27T01:53:05.6712480Z   creating var/folders/51/hd414ycd67n82196sw51xqtc0000gn/T/tmp9bsne8rc
2022-12-27T01:53:05.6715340Z   clang -Wsign-compare -Wunreachable-code -fno-common -dynamic -DNDEBUG -g -fwrapv -O3 -Wall -g -I/usr/local/opt/openssl@3/include -I/usr/local/opt/openssl@3/include -arch arm64 -I/private/var/folders/51/hd414ycd67n82196sw51xqtc0000gn/T/cibw-run-s4gw6l7j/cp311-macosx_arm64/build/venv/include -I/Library/Frameworks/Python.framework/Versions/3.11/include/python3.11 -c /var/folders/51/hd414ycd67n82196sw51xqtc0000gn/T/tmp9bsne8rc/a.c -o var/folders/51/hd414ycd67n82196sw51xqtc0000gn/T/tmp9bsne8rc/a.o
2022-12-27T01:53:05.6973170Z   Traceback (most recent call last):
2022-12-27T01:53:05.6980850Z     File "/private/var/folders/51/hd414ycd67n82196sw51xqtc0000gn/T/cibw-run-s4gw6l7j/cp311-macosx_arm64/build/venv/lib/python3.11/site-packages/setuptools/_distutils/unixccompiler.py", line 186, in _compile
2022-12-27T01:53:05.6981290Z       self.spawn(compiler_so + cc_args + [src, '-o', obj] + extra_postargs)
2022-12-27T01:53:05.6981690Z     File "/Users/runner/actions-runner/_work/python.build/python.build/build_grpcio120311/grpcio-1.2.0/src/python/grpcio/_spawn_patch.py", line 69, in _commandfile_spawn
2022-12-27T01:53:05.6981920Z       _classic_spawn(self, command)
2022-12-27T01:53:05.6982700Z     File "/private/var/folders/51/hd414ycd67n82196sw51xqtc0000gn/T/cibw-run-s4gw6l7j/cp311-macosx_arm64/build/venv/lib/python3.11/site-packages/setuptools/_distutils/ccompiler.py", line 1007, in spawn
2022-12-27T01:53:05.6983870Z       spawn(cmd, dry_run=self.dry_run, **kwargs)
2022-12-27T01:53:05.6985910Z     File "/private/var/folders/51/hd414ycd67n82196sw51xqtc0000gn/T/cibw-run-s4gw6l7j/cp311-macosx_arm64/build/venv/lib/python3.11/site-packages/setuptools/_distutils/spawn.py", line 70, in spawn
2022-12-27T01:53:05.6987240Z       raise DistutilsExecError(
2022-12-27T01:53:05.6988910Z   distutils.errors.DistutilsExecError: command '/usr/bin/clang' failed with exit code 1
2022-12-27T01:53:05.6990150Z 
2022-12-27T01:53:05.6991780Z   During handling of the above exception, another exception occurred:
2022-12-27T01:53:05.6993130Z 
2022-12-27T01:53:05.6994670Z   Traceback (most recent call last):
2022-12-27T01:53:05.6996520Z     File "/Users/runner/actions-runner/_work/python.build/python.build/build_grpcio120311/grpcio-1.2.0/src/python/grpcio/commands.py", line 281, in build_extensions
2022-12-27T01:53:05.6997820Z       build_ext.build_ext.build_extensions(self)
2022-12-27T01:53:05.6999810Z     File "/private/var/folders/51/hd414ycd67n82196sw51xqtc0000gn/T/cibw-run-s4gw6l7j/cp311-macosx_arm64/build/venv/lib/python3.11/site-packages/Cython/Distutils/old_build_ext.py", line 195, in build_extensions
2022-12-27T01:53:05.7001060Z       _build_ext.build_ext.build_extensions(self)
2022-12-27T01:53:05.7003000Z     File "/private/var/folders/51/hd414ycd67n82196sw51xqtc0000gn/T/cibw-run-s4gw6l7j/cp311-macosx_arm64/build/venv/lib/python3.11/site-packages/setuptools/_distutils/command/build_ext.py", line 468, in build_extensions
2022-12-27T01:53:05.7004250Z       self._build_extensions_serial()
2022-12-27T01:53:05.7006160Z     File "/private/var/folders/51/hd414ycd67n82196sw51xqtc0000gn/T/cibw-run-s4gw6l7j/cp311-macosx_arm64/build/venv/lib/python3.11/site-packages/setuptools/_distutils/command/build_ext.py", line 494, in _build_extensions_serial
2022-12-27T01:53:05.7007550Z       self.build_extension(ext)
2022-12-27T01:53:05.7009590Z     File "/private/var/folders/51/hd414ycd67n82196sw51xqtc0000gn/T/cibw-run-s4gw6l7j/cp311-macosx_arm64/build/venv/lib/python3.11/site-packages/setuptools/command/build_ext.py", line 246, in build_extension
2022-12-27T01:53:05.7010730Z       _build_ext.build_extension(self, ext)
2022-12-27T01:53:05.7012760Z     File "/private/var/folders/51/hd414ycd67n82196sw51xqtc0000gn/T/cibw-run-s4gw6l7j/cp311-macosx_arm64/build/venv/lib/python3.11/site-packages/setuptools/_distutils/command/build_ext.py", line 549, in build_extension
2022-12-27T01:53:05.7013910Z       objects = self.compiler.compile(
2022-12-27T01:53:05.7015380Z                 ^^^^^^^^^^^^^^^^^^^^^^
2022-12-27T01:53:05.7017260Z     File "/private/var/folders/51/hd414ycd67n82196sw51xqtc0000gn/T/cibw-run-s4gw6l7j/cp311-macosx_arm64/build/venv/lib/python3.11/site-packages/setuptools/_distutils/ccompiler.py", line 599, in compile
2022-12-27T01:53:05.7018610Z       self._compile(obj, src, ext, cc_args, extra_postargs, pp_opts)
2022-12-27T01:53:05.7020430Z     File "/private/var/folders/51/hd414ycd67n82196sw51xqtc0000gn/T/cibw-run-s4gw6l7j/cp311-macosx_arm64/build/venv/lib/python3.11/site-packages/setuptools/_distutils/unixccompiler.py", line 188, in _compile
2022-12-27T01:53:05.7021670Z       raise CompileError(msg)
2022-12-27T01:53:05.7023330Z   distutils.errors.CompileError: command '/usr/bin/clang' failed with exit code 1
2022-12-27T01:53:05.7024620Z 
2022-12-27T01:53:05.7026170Z   During handling of the above exception, another exception occurred:
2022-12-27T01:53:05.7027540Z 
2022-12-27T01:53:05.7029070Z   Traceback (most recent call last):
2022-12-27T01:53:05.7030630Z     File "<string>", line 2, in <module>
2022-12-27T01:53:05.7032260Z     File "<pip-setuptools-caller>", line 34, in <module>
2022-12-27T01:53:05.7033950Z     File "/Users/runner/actions-runner/_work/python.build/python.build/build_grpcio120311/grpcio-1.2.0/setup.py", line 265, in <module>
2022-12-27T01:53:05.7035240Z       setuptools.setup(
2022-12-27T01:53:05.7037110Z     File "/private/var/folders/51/hd414ycd67n82196sw51xqtc0000gn/T/cibw-run-s4gw6l7j/cp311-macosx_arm64/build/venv/lib/python3.11/site-packages/setuptools/__init__.py", line 87, in setup
2022-12-27T01:53:05.7038500Z       return distutils.core.setup(**attrs)
2022-12-27T01:53:05.7039930Z              ^^^^^^^^^^^^^^^^^^^^^^^^^^^^^
2022-12-27T01:53:05.7041830Z     File "/private/var/folders/51/hd414ycd67n82196sw51xqtc0000gn/T/cibw-run-s4gw6l7j/cp311-macosx_arm64/build/venv/lib/python3.11/site-packages/setuptools/_distutils/core.py", line 185, in setup
2022-12-27T01:53:05.7043070Z       return run_commands(dist)
2022-12-27T01:53:05.7044540Z              ^^^^^^^^^^^^^^^^^^
2022-12-27T01:53:05.7046430Z     File "/private/var/folders/51/hd414ycd67n82196sw51xqtc0000gn/T/cibw-run-s4gw6l7j/cp311-macosx_arm64/build/venv/lib/python3.11/site-packages/setuptools/_distutils/core.py", line 201, in run_commands
2022-12-27T01:53:05.7047690Z       dist.run_commands()
2022-12-27T01:53:05.7049540Z     File "/private/var/folders/51/hd414ycd67n82196sw51xqtc0000gn/T/cibw-run-s4gw6l7j/cp311-macosx_arm64/build/venv/lib/python3.11/site-packages/setuptools/_distutils/dist.py", line 969, in run_commands
2022-12-27T01:53:05.7050810Z       self.run_command(cmd)
2022-12-27T01:53:05.7052660Z     File "/private/var/folders/51/hd414ycd67n82196sw51xqtc0000gn/T/cibw-run-s4gw6l7j/cp311-macosx_arm64/build/venv/lib/python3.11/site-packages/setuptools/dist.py", line 1208, in run_command
2022-12-27T01:53:05.7053930Z       super().run_command(command)
2022-12-27T01:53:05.7055810Z     File "/private/var/folders/51/hd414ycd67n82196sw51xqtc0000gn/T/cibw-run-s4gw6l7j/cp311-macosx_arm64/build/venv/lib/python3.11/site-packages/setuptools/_distutils/dist.py", line 988, in run_command
2022-12-27T01:53:05.7057110Z       cmd_obj.run()
2022-12-27T01:53:05.7059630Z     File "/private/var/folders/51/hd414ycd67n82196sw51xqtc0000gn/T/cibw-run-s4gw6l7j/cp311-macosx_arm64/build/venv/lib/python3.11/site-packages/wheel/bdist_wheel.py", line 325, in run
2022-12-27T01:53:05.7061120Z       self.run_command("build")
2022-12-27T01:53:05.7063040Z     File "/private/var/folders/51/hd414ycd67n82196sw51xqtc0000gn/T/cibw-run-s4gw6l7j/cp311-macosx_arm64/build/venv/lib/python3.11/site-packages/setuptools/_distutils/cmd.py", line 318, in run_command
2022-12-27T01:53:05.7063580Z       self.distribution.run_command(command)
2022-12-27T01:53:05.7065190Z     File "/private/var/folders/51/hd414ycd67n82196sw51xqtc0000gn/T/cibw-run-s4gw6l7j/cp311-macosx_arm64/build/venv/lib/python3.11/site-packages/setuptools/dist.py", line 1208, in run_command
2022-12-27T01:53:05.7065840Z       super().run_command(command)
2022-12-27T01:53:05.7067520Z     File "/private/var/folders/51/hd414ycd67n82196sw51xqtc0000gn/T/cibw-run-s4gw6l7j/cp311-macosx_arm64/build/venv/lib/python3.11/site-packages/setuptools/_distutils/dist.py", line 988, in run_command
2022-12-27T01:53:05.7068010Z       cmd_obj.run()
2022-12-27T01:53:05.7069640Z     File "/private/var/folders/51/hd414ycd67n82196sw51xqtc0000gn/T/cibw-run-s4gw6l7j/cp311-macosx_arm64/build/venv/lib/python3.11/site-packages/setuptools/_distutils/command/build.py", line 132, in run
2022-12-27T01:53:05.7070200Z       self.run_command(cmd_name)
2022-12-27T01:53:05.7071900Z     File "/private/var/folders/51/hd414ycd67n82196sw51xqtc0000gn/T/cibw-run-s4gw6l7j/cp311-macosx_arm64/build/venv/lib/python3.11/site-packages/setuptools/_distutils/cmd.py", line 318, in run_command
2022-12-27T01:53:05.7072540Z       self.distribution.run_command(command)
2022-12-27T01:53:05.7074270Z     File "/private/var/folders/51/hd414ycd67n82196sw51xqtc0000gn/T/cibw-run-s4gw6l7j/cp311-macosx_arm64/build/venv/lib/python3.11/site-packages/setuptools/dist.py", line 1208, in run_command
2022-12-27T01:53:05.7074790Z       super().run_command(command)
2022-12-27T01:53:05.7076410Z     File "/private/var/folders/51/hd414ycd67n82196sw51xqtc0000gn/T/cibw-run-s4gw6l7j/cp311-macosx_arm64/build/venv/lib/python3.11/site-packages/setuptools/_distutils/dist.py", line 988, in run_command
2022-12-27T01:53:05.7076940Z       cmd_obj.run()
2022-12-27T01:53:05.7078580Z     File "/private/var/folders/51/hd414ycd67n82196sw51xqtc0000gn/T/cibw-run-s4gw6l7j/cp311-macosx_arm64/build/venv/lib/python3.11/site-packages/setuptools/command/build_ext.py", line 84, in run
2022-12-27T01:53:05.7079180Z       _build_ext.run(self)
2022-12-27T01:53:05.7080830Z     File "/private/var/folders/51/hd414ycd67n82196sw51xqtc0000gn/T/cibw-run-s4gw6l7j/cp311-macosx_arm64/build/venv/lib/python3.11/site-packages/Cython/Distutils/old_build_ext.py", line 186, in run
2022-12-27T01:53:05.7081440Z       _build_ext.build_ext.run(self)
2022-12-27T01:53:05.7083030Z     File "/private/var/folders/51/hd414ycd67n82196sw51xqtc0000gn/T/cibw-run-s4gw6l7j/cp311-macosx_arm64/build/venv/lib/python3.11/site-packages/setuptools/_distutils/command/build_ext.py", line 346, in run
2022-12-27T01:53:05.7083600Z       self.build_extensions()
2022-12-27T01:53:05.7085150Z     File "/Users/runner/actions-runner/_work/python.build/python.build/build_grpcio120311/grpcio-1.2.0/src/python/grpcio/commands.py", line 285, in build_extensions
2022-12-27T01:53:05.7085740Z       raise CommandError(
2022-12-27T01:53:05.7086920Z   commands.CommandError: Failed `build_ext` step:
2022-12-27T01:53:05.7087860Z   Traceback (most recent call last):
2022-12-27T01:53:05.7089490Z     File "/private/var/folders/51/hd414ycd67n82196sw51xqtc0000gn/T/cibw-run-s4gw6l7j/cp311-macosx_arm64/build/venv/lib/python3.11/site-packages/setuptools/_distutils/unixccompiler.py", line 186, in _compile
2022-12-27T01:53:05.7090210Z       self.spawn(compiler_so + cc_args + [src, '-o', obj] + extra_postargs)
2022-12-27T01:53:05.7091540Z     File "/Users/runner/actions-runner/_work/python.build/python.build/build_grpcio120311/grpcio-1.2.0/src/python/grpcio/_spawn_patch.py", line 69, in _commandfile_spawn
2022-12-27T01:53:05.7092270Z       _classic_spawn(self, command)
2022-12-27T01:53:05.7093860Z     File "/private/var/folders/51/hd414ycd67n82196sw51xqtc0000gn/T/cibw-run-s4gw6l7j/cp311-macosx_arm64/build/venv/lib/python3.11/site-packages/setuptools/_distutils/ccompiler.py", line 1007, in spawn
2022-12-27T01:53:05.7094460Z       spawn(cmd, dry_run=self.dry_run, **kwargs)
2022-12-27T01:53:05.7096150Z     File "/private/var/folders/51/hd414ycd67n82196sw51xqtc0000gn/T/cibw-run-s4gw6l7j/cp311-macosx_arm64/build/venv/lib/python3.11/site-packages/setuptools/_distutils/spawn.py", line 70, in spawn
2022-12-27T01:53:05.7096650Z       raise DistutilsExecError(
2022-12-27T01:53:05.7098030Z   distutils.errors.DistutilsExecError: command '/usr/bin/clang' failed with exit code 1
2022-12-27T01:53:05.7098710Z 
2022-12-27T01:53:05.7100000Z   During handling of the above exception, another exception occurred:
2022-12-27T01:53:05.7100780Z 
2022-12-27T01:53:05.7102000Z   Traceback (most recent call last):
2022-12-27T01:53:05.7103480Z     File "/Users/runner/actions-runner/_work/python.build/python.build/build_grpcio120311/grpcio-1.2.0/src/python/grpcio/commands.py", line 281, in build_extensions
2022-12-27T01:53:05.7104100Z       build_ext.build_ext.build_extensions(self)
2022-12-27T01:53:05.7105680Z     File "/private/var/folders/51/hd414ycd67n82196sw51xqtc0000gn/T/cibw-run-s4gw6l7j/cp311-macosx_arm64/build/venv/lib/python3.11/site-packages/Cython/Distutils/old_build_ext.py", line 195, in build_extensions
2022-12-27T01:53:05.7106250Z       _build_ext.build_ext.build_extensions(self)
2022-12-27T01:53:05.7107840Z     File "/private/var/folders/51/hd414ycd67n82196sw51xqtc0000gn/T/cibw-run-s4gw6l7j/cp311-macosx_arm64/build/venv/lib/python3.11/site-packages/setuptools/_distutils/command/build_ext.py", line 468, in build_extensions
2022-12-27T01:53:05.7108390Z       self._build_extensions_serial()
2022-12-27T01:53:05.7110010Z     File "/private/var/folders/51/hd414ycd67n82196sw51xqtc0000gn/T/cibw-run-s4gw6l7j/cp311-macosx_arm64/build/venv/lib/python3.11/site-packages/setuptools/_distutils/command/build_ext.py", line 494, in _build_extensions_serial
2022-12-27T01:53:05.7110530Z       self.build_extension(ext)
2022-12-27T01:53:05.7112120Z     File "/private/var/folders/51/hd414ycd67n82196sw51xqtc0000gn/T/cibw-run-s4gw6l7j/cp311-macosx_arm64/build/venv/lib/python3.11/site-packages/setuptools/command/build_ext.py", line 246, in build_extension
2022-12-27T01:53:05.7112760Z       _build_ext.build_extension(self, ext)
2022-12-27T01:53:05.7114620Z     File "/private/var/folders/51/hd414ycd67n82196sw51xqtc0000gn/T/cibw-run-s4gw6l7j/cp311-macosx_arm64/build/venv/lib/python3.11/site-packages/setuptools/_distutils/command/build_ext.py", line 549, in build_extension
2022-12-27T01:53:05.7115390Z       objects = self.compiler.compile(
2022-12-27T01:53:05.7116370Z                 ^^^^^^^^^^^^^^^^^^^^^^
2022-12-27T01:53:05.7118070Z     File "/private/var/folders/51/hd414ycd67n82196sw51xqtc0000gn/T/cibw-run-s4gw6l7j/cp311-macosx_arm64/build/venv/lib/python3.11/site-packages/setuptools/_distutils/ccompiler.py", line 599, in compile
2022-12-27T01:53:05.7118670Z       self._compile(obj, src, ext, cc_args, extra_postargs, pp_opts)
2022-12-27T01:53:05.7120240Z     File "/private/var/folders/51/hd414ycd67n82196sw51xqtc0000gn/T/cibw-run-s4gw6l7j/cp311-macosx_arm64/build/venv/lib/python3.11/site-packages/setuptools/_distutils/unixccompiler.py", line 188, in _compile
2022-12-27T01:53:05.7120800Z       raise CompileError(msg)
2022-12-27T01:53:05.7122180Z   distutils.errors.CompileError: command '/usr/bin/clang' failed with exit code 1
2022-12-27T01:53:05.7122800Z 
2022-12-27T01:53:05.7667360Z   error: subprocess-exited-with-error
2022-12-27T01:53:05.7667650Z   
2022-12-27T01:53:05.7668070Z   × python setup.py bdist_wheel did not run successfully.
2022-12-27T01:53:05.7668300Z   │ exit code: 1
2022-12-27T01:53:05.7668500Z   ╰─> See above for output.
2022-12-27T01:53:05.7668640Z   
2022-12-27T01:53:05.7668840Z   note: This error originates from a subprocess, and is likely not a problem with pip.
2022-12-27T01:53:05.7674220Z   full command: /private/var/folders/51/hd414ycd67n82196sw51xqtc0000gn/T/cibw-run-s4gw6l7j/cp311-macosx_arm64/build/venv/bin/python -u -c '
2022-12-27T01:53:05.7674730Z   exec(compile('"'"''"'"''"'"'
2022-12-27T01:53:05.7675180Z   # This is <pip-setuptools-caller> -- a caller that pip uses to run setup.py
2022-12-27T01:53:05.7675440Z   #
2022-12-27T01:53:05.7676290Z   # - It imports setuptools before invoking setup.py, to enable projects that directly
2022-12-27T01:53:05.7676720Z   #   import from `distutils.core` to work with newer packaging standards.
2022-12-27T01:53:05.7677220Z   # - It provides a clear error message when setuptools is not installed.
2022-12-27T01:53:05.7677740Z   # - It sets `sys.argv[0]` to the underlying `setup.py`, when invoking `setup.py` so
2022-12-27T01:53:05.7678170Z   #   setuptools doesn'"'"'t think the script is `-c`. This avoids the following warning:
2022-12-27T01:53:05.7678460Z   #     manifest_maker: standard file '"'"'-c'"'"' not found".
2022-12-27T01:53:05.7678720Z   # - It generates a shim setup.py, for handling setup.cfg-only projects.
2022-12-27T01:53:05.7678950Z   import os, sys, tokenize
2022-12-27T01:53:05.7679120Z   
2022-12-27T01:53:05.7679260Z   try:
2022-12-27T01:53:05.7679430Z       import setuptools
2022-12-27T01:53:05.7679560Z   except ImportError as error:
2022-12-27T01:53:05.7679680Z       print(
2022-12-27T01:53:05.7679840Z           "ERROR: Can not execute `setup.py` since setuptools is not available in "
2022-12-27T01:53:05.7680000Z           "the build environment.",
2022-12-27T01:53:05.7680120Z           file=sys.stderr,
2022-12-27T01:53:05.7680260Z       )
2022-12-27T01:53:05.7680410Z       sys.exit(1)
2022-12-27T01:53:05.7680570Z   
2022-12-27T01:53:05.7680710Z   __file__ = %r
2022-12-27T01:53:05.7680880Z   sys.argv[0] = __file__
2022-12-27T01:53:05.7681040Z   
2022-12-27T01:53:05.7681200Z   if os.path.exists(__file__):
2022-12-27T01:53:05.7681390Z       filename = __file__
2022-12-27T01:53:05.7681580Z       with tokenize.open(__file__) as f:
2022-12-27T01:53:05.7681780Z           setup_py_code = f.read()
2022-12-27T01:53:05.7681950Z   else:
2022-12-27T01:53:05.7682230Z       filename = "<auto-generated setuptools caller>"
2022-12-27T01:53:05.7682490Z       setup_py_code = "from setuptools import setup; setup()"
2022-12-27T01:53:05.7682890Z   
2022-12-27T01:53:05.7683080Z   exec(compile(setup_py_code, filename, "exec"))
2022-12-27T01:53:05.7683590Z   '"'"''"'"''"'"' % ('"'"'/Users/runner/actions-runner/_work/python.build/python.build/build_grpcio120311/grpcio-1.2.0/setup.py'"'"',), "<pip-setuptools-caller>", "exec"))' bdist_wheel -d /private/var/folders/51/hd414ycd67n82196sw51xqtc0000gn/T/pip-wheel-kshxfqh6
2022-12-27T01:53:05.7684100Z   cwd: /Users/runner/actions-runner/_work/python.build/python.build/build_grpcio120311/grpcio-1.2.0/
2022-12-27T01:53:05.7684290Z   ERROR: Failed building wheel for grpcio
2022-12-27T01:53:05.7684440Z   Running command python setup.py clean
2022-12-27T01:53:05.7684670Z   Building wheel for grpcio (setup.py): finished with status 'error'
2022-12-27T01:53:05.7684820Z   Running setup.py clean for grpcio
2022-12-27T01:53:06.1417640Z   running clean
2022-12-27T01:53:06.1431370Z   removing 'python_build/temp.macosx-11.0-arm64-cpython-311' (and everything under it)
2022-12-27T01:53:06.1513010Z   removing 'python_build/lib.macosx-11.0-arm64-cpython-311' (and everything under it)
2022-12-27T01:53:06.1549400Z   'python_build/bdist.macosx-11.0-arm64' does not exist -- can't clean it
2022-12-27T01:53:06.1550840Z   'python_build/scripts-3.11' does not exist -- can't clean it
2022-12-27T01:53:06.1552230Z   removing 'python_build'
2022-12-27T01:53:06.1873640Z Failed to build grpcio
2022-12-27T01:53:06.1877480Z ERROR: Failed to build one or more wheels
2022-12-27T01:53:06.1889880Z Exception information:
2022-12-27T01:53:06.1890090Z Traceback (most recent call last):
2022-12-27T01:53:06.1890930Z   File "/private/var/folders/51/hd414ycd67n82196sw51xqtc0000gn/T/cibw-run-s4gw6l7j/cp311-macosx_arm64/build/venv/lib/python3.11/site-packages/pip/_internal/cli/base_command.py", line 160, in exc_logging_wrapper
2022-12-27T01:53:06.1891350Z     status = run_func(*args)
2022-12-27T01:53:06.1891550Z              ^^^^^^^^^^^^^^^
2022-12-27T01:53:06.1892410Z   File "/private/var/folders/51/hd414ycd67n82196sw51xqtc0000gn/T/cibw-run-s4gw6l7j/cp311-macosx_arm64/build/venv/lib/python3.11/site-packages/pip/_internal/cli/req_command.py", line 247, in wrapper
2022-12-27T01:53:06.1892800Z     return func(self, options, args)
2022-12-27T01:53:06.1892920Z            ^^^^^^^^^^^^^^^^^^^^^^^^^
2022-12-27T01:53:06.1893310Z   File "/private/var/folders/51/hd414ycd67n82196sw51xqtc0000gn/T/cibw-run-s4gw6l7j/cp311-macosx_arm64/build/venv/lib/python3.11/site-packages/pip/_internal/commands/wheel.py", line 201, in run
2022-12-27T01:53:06.1893580Z     raise CommandError("Failed to build one or more wheels")
2022-12-27T01:53:06.1893770Z pip._internal.exceptions.CommandError: Failed to build one or more wheels
2022-12-27T01:53:06.1894090Z Removed build tracker: '/private/var/folders/51/hd414ycd67n82196sw51xqtc0000gn/T/pip-build-tracker-kns7ur6k'
2022-12-27T01:53:06.2317860Z ##[endgroup]
2022-12-27T01:53:06.2339880Z ##[error]Command ['python', '-m', 'pip', 'wheel', '/Users/runner/actions-runner/_work/python.build/python.build/build_grpcio120311/grpcio-1.2.0', '--wheel-dir=/private/var/folders/51/hd414ycd67n82196sw51xqtc0000gn/T/cibw-run-s4gw6l7j/cp311-macosx_arm64/built_wheel', '--no-deps', '-vvv'] failed with code 1. None
2022-12-27T01:53:06.2346040Z 
2022-12-27T01:53:06.2346330Z                                                               [31m✕ [0m2.72s
2022-12-27T01:53:06.2980080Z ##[error]Process completed with exit code 1.
2022-12-27T01:53:06.3012440Z ##[group]Run rm -rf build_grpcio120311 wheelsout
2022-12-27T01:53:06.3012640Z [36;1mrm -rf build_grpcio120311 wheelsout[0m
2022-12-27T01:53:06.3028940Z shell: /bin/bash -e {0}
2022-12-27T01:53:06.3029050Z env:
2022-12-27T01:53:06.3029200Z   pythonLocation: /Users/runner/hostedtoolcache/Python/3.11.1/x64
2022-12-27T01:53:06.3029400Z   PKG_CONFIG_PATH: /Users/runner/hostedtoolcache/Python/3.11.1/x64/lib/pkgconfig
2022-12-27T01:53:06.3029590Z   Python_ROOT_DIR: /Users/runner/hostedtoolcache/Python/3.11.1/x64
2022-12-27T01:53:06.3029770Z   Python2_ROOT_DIR: /Users/runner/hostedtoolcache/Python/3.11.1/x64
2022-12-27T01:53:06.3030120Z   Python3_ROOT_DIR: /Users/runner/hostedtoolcache/Python/3.11.1/x64
2022-12-27T01:53:06.3030250Z ##[endgroup]
2022-12-27T01:53:06.5112290Z Cleaning up orphan processes
