2022-12-27T01:58:03.8732832Z Requested labels: self-hosted, macOS, X64
2022-12-27T01:58:03.8732909Z Job defined at: kilnbuild/python.build/.github/workflows/mac_arm_build.yml@refs/heads/main
2022-12-27T01:58:03.8732936Z Waiting for a runner to pick up this job...
2022-12-27T02:55:04.6404297Z Job is about to start running on the runner: s1 (organization)
2022-12-27T02:55:08.3128230Z Current runner version: '2.300.2'
2022-12-27T02:55:08.3133530Z Runner name: 's1'
2022-12-27T02:55:08.3133790Z Runner group name: 'Default'
2022-12-27T02:55:08.3134220Z Machine name: 's1'
2022-12-27T02:55:08.3135770Z ##[group]GITHUB_TOKEN Permissions
2022-12-27T02:55:08.3136170Z Actions: write
2022-12-27T02:55:08.3136310Z Checks: write
2022-12-27T02:55:08.3136440Z Contents: write
2022-12-27T02:55:08.3136580Z Deployments: write
2022-12-27T02:55:08.3136730Z Discussions: write
2022-12-27T02:55:08.3136860Z Issues: write
2022-12-27T02:55:08.3136990Z Metadata: read
2022-12-27T02:55:08.3137120Z Packages: write
2022-12-27T02:55:08.3137270Z Pages: write
2022-12-27T02:55:08.3137410Z PullRequests: write
2022-12-27T02:55:08.3137570Z RepositoryProjects: write
2022-12-27T02:55:08.3137730Z SecurityEvents: write
2022-12-27T02:55:08.3137880Z Statuses: write
2022-12-27T02:55:08.3138010Z ##[endgroup]
2022-12-27T02:55:08.3140750Z Secret source: Actions
2022-12-27T02:55:08.3141080Z Prepare workflow directory
2022-12-27T02:55:08.3814340Z Prepare all required actions
2022-12-27T02:55:08.3936460Z Getting action download info
2022-12-27T02:55:08.8889850Z Download action repository 'actions/setup-python@v4' (SHA:5ccb29d8773c3f3f653e1705f474dfaa8a06a912)
2022-12-27T02:55:11.5038920Z Download action repository 'actions/upload-artifact@v3' (SHA:83fd05a356d7e2593de66fc9913b3002723633cb)
2022-12-27T02:55:12.8467440Z ##[group]Run echo '{
2022-12-27T02:55:12.8467730Z [36;1mecho '{[0m
2022-12-27T02:55:12.8467970Z [36;1m  "environment_variables": "GRPC_PYTHON_BUILD_WITH_CYTHON=1 GRPC_BUILD_WITH_BORING_SSL_ASM='' GRPC_PYTHON_BUILD_SYSTEM_OPENSSL=TRUE",[0m
2022-12-27T02:55:12.8468230Z [36;1m  "package_name": "grpcio",[0m
2022-12-27T02:55:12.8468570Z [36;1m  "package_url": "https://files.pythonhosted.org/packages/42/59/6063429c408518c052b601ba827c5e8134a30c7058cdf9bfcad7824fb851/grpcio-1.1.3.tar.gz",[0m
2022-12-27T02:55:12.8468780Z [36;1m  "package_version": "1.1.3",[0m
2022-12-27T02:55:12.8468900Z [36;1m  "python_version": "3.9",[0m
2022-12-27T02:55:12.8469050Z [36;1m  "use_ccache": "true"[0m
2022-12-27T02:55:12.8469220Z [36;1m}'[0m
2022-12-27T02:55:12.8485110Z shell: /bin/bash -e {0}
2022-12-27T02:55:12.8485360Z ##[endgroup]
2022-12-27T02:55:12.8705870Z {
2022-12-27T02:55:12.8707340Z   "environment_variables": "GRPC_PYTHON_BUILD_WITH_CYTHON=1 GRPC_BUILD_WITH_BORING_SSL_ASM= GRPC_PYTHON_BUILD_SYSTEM_OPENSSL=TRUE",
2022-12-27T02:55:12.8707640Z   "package_name": "grpcio",
2022-12-27T02:55:12.8708240Z   "package_url": "https://files.pythonhosted.org/packages/42/59/6063429c408518c052b601ba827c5e8134a30c7058cdf9bfcad7824fb851/grpcio-1.1.3.tar.gz",
2022-12-27T02:55:12.8708520Z   "package_version": "1.1.3",
2022-12-27T02:55:12.8708670Z   "python_version": "3.9",
2022-12-27T02:55:12.8708890Z   "use_ccache": "true"
2022-12-27T02:55:12.8709050Z }
2022-12-27T02:55:12.8927530Z ##[group]Run actions/setup-python@v4
2022-12-27T02:55:12.8927810Z with:
2022-12-27T02:55:12.8927970Z   python-version: 3.9
2022-12-27T02:55:12.8928240Z   check-latest: false
2022-12-27T02:55:12.8928570Z   token: ***
2022-12-27T02:55:12.8928770Z   update-environment: true
2022-12-27T02:55:12.8928930Z ##[endgroup]
2022-12-27T02:55:13.0179630Z ##[group]Installed versions
2022-12-27T02:55:13.0220480Z Successfully set up CPython (3.9.16)
2022-12-27T02:55:13.0221060Z ##[endgroup]
2022-12-27T02:55:13.0371390Z ##[group]Run if [ "true" == "true" ]
2022-12-27T02:55:13.0371730Z [36;1mif [ "true" == "true" ][0m
2022-12-27T02:55:13.0371900Z [36;1mthen[0m
2022-12-27T02:55:13.0372120Z [36;1m  echo "CCACHE_PATH_PREPEND=/usr/local/opt/ccache/libexec" >> $GITHUB_OUTPUT[0m
2022-12-27T02:55:13.0372340Z [36;1melse[0m
2022-12-27T02:55:13.0372520Z [36;1m  echo "CCACHE_PATH_PREPEND=" >> $GITHUB_OUTPUT[0m
2022-12-27T02:55:13.0372710Z [36;1mfi[0m
2022-12-27T02:55:13.0389880Z shell: /bin/bash -e {0}
2022-12-27T02:55:13.0390090Z env:
2022-12-27T02:55:13.0390280Z   pythonLocation: /Users/runner/hostedtoolcache/Python/3.9.16/x64
2022-12-27T02:55:13.0390600Z   PKG_CONFIG_PATH: /Users/runner/hostedtoolcache/Python/3.9.16/x64/lib/pkgconfig
2022-12-27T02:55:13.0391370Z   Python_ROOT_DIR: /Users/runner/hostedtoolcache/Python/3.9.16/x64
2022-12-27T02:55:13.0391650Z   Python2_ROOT_DIR: /Users/runner/hostedtoolcache/Python/3.9.16/x64
2022-12-27T02:55:13.0391920Z   Python3_ROOT_DIR: /Users/runner/hostedtoolcache/Python/3.9.16/x64
2022-12-27T02:55:13.0392320Z ##[endgroup]
2022-12-27T02:55:13.0497100Z ##[group]Run echo "BUILD_NAME=$(echo grpcio_1.1.3_3.9 | tr -dc '[:alnum:]\n\r' | tr '[:upper:]' '[:lower:]')" >> $GITHUB_OUTPUT
2022-12-27T02:55:13.0497540Z [36;1mecho "BUILD_NAME=$(echo grpcio_1.1.3_3.9 | tr -dc '[:alnum:]\n\r' | tr '[:upper:]' '[:lower:]')" >> $GITHUB_OUTPUT[0m
2022-12-27T02:55:13.0511560Z shell: /bin/bash -e {0}
2022-12-27T02:55:13.0511720Z env:
2022-12-27T02:55:13.0512030Z   pythonLocation: /Users/runner/hostedtoolcache/Python/3.9.16/x64
2022-12-27T02:55:13.0512310Z   PKG_CONFIG_PATH: /Users/runner/hostedtoolcache/Python/3.9.16/x64/lib/pkgconfig
2022-12-27T02:55:13.0512530Z   Python_ROOT_DIR: /Users/runner/hostedtoolcache/Python/3.9.16/x64
2022-12-27T02:55:13.0512810Z   Python2_ROOT_DIR: /Users/runner/hostedtoolcache/Python/3.9.16/x64
2022-12-27T02:55:13.0513120Z   Python3_ROOT_DIR: /Users/runner/hostedtoolcache/Python/3.9.16/x64
2022-12-27T02:55:13.0513330Z ##[endgroup]
2022-12-27T02:55:13.0651830Z ##[group]Run echo "PYTHON_NO_DOTS=$(echo 3.9 | tr -dc '[:alnum:]\n\r' | tr '[:upper:]' '[:lower:]')" >> $GITHUB_OUTPUT
2022-12-27T02:55:13.0652210Z [36;1mecho "PYTHON_NO_DOTS=$(echo 3.9 | tr -dc '[:alnum:]\n\r' | tr '[:upper:]' '[:lower:]')" >> $GITHUB_OUTPUT[0m
2022-12-27T02:55:13.0666220Z shell: /bin/bash -e {0}
2022-12-27T02:55:13.0666370Z env:
2022-12-27T02:55:13.0666550Z   pythonLocation: /Users/runner/hostedtoolcache/Python/3.9.16/x64
2022-12-27T02:55:13.0667210Z   PKG_CONFIG_PATH: /Users/runner/hostedtoolcache/Python/3.9.16/x64/lib/pkgconfig
2022-12-27T02:55:13.0667430Z   Python_ROOT_DIR: /Users/runner/hostedtoolcache/Python/3.9.16/x64
2022-12-27T02:55:13.0667640Z   Python2_ROOT_DIR: /Users/runner/hostedtoolcache/Python/3.9.16/x64
2022-12-27T02:55:13.0667880Z   Python3_ROOT_DIR: /Users/runner/hostedtoolcache/Python/3.9.16/x64
2022-12-27T02:55:13.0668070Z ##[endgroup]
2022-12-27T02:55:13.0774880Z ##[group]Run rm -rf build_grpcio11339
2022-12-27T02:55:13.0775260Z [36;1mrm -rf build_grpcio11339[0m
2022-12-27T02:55:13.0775430Z [36;1mmkdir build_grpcio11339[0m
2022-12-27T02:55:13.0775610Z [36;1mcd build_grpcio11339[0m
2022-12-27T02:55:13.0775890Z [36;1m/usr/local/bin/wget --quiet https://files.pythonhosted.org/packages/42/59/6063429c408518c052b601ba827c5e8134a30c7058cdf9bfcad7824fb851/grpcio-1.1.3.tar.gz[0m
2022-12-27T02:55:13.0776150Z [36;1mtar xf *.tar.gz[0m
2022-12-27T02:55:13.0776340Z [36;1mcd grpcio-*/[0m
2022-12-27T02:55:13.0776540Z [36;1mpython -m pip install cibuildwheel==2.11.3[0m
2022-12-27T02:55:13.0776760Z [36;1mpython -m cibuildwheel --output-dir ../wheelsout[0m
2022-12-27T02:55:13.0790650Z shell: /bin/bash -e {0}
2022-12-27T02:55:13.0790890Z env:
2022-12-27T02:55:13.0791120Z   pythonLocation: /Users/runner/hostedtoolcache/Python/3.9.16/x64
2022-12-27T02:55:13.0791460Z   PKG_CONFIG_PATH: /Users/runner/hostedtoolcache/Python/3.9.16/x64/lib/pkgconfig
2022-12-27T02:55:13.0791750Z   Python_ROOT_DIR: /Users/runner/hostedtoolcache/Python/3.9.16/x64
2022-12-27T02:55:13.0791960Z   Python2_ROOT_DIR: /Users/runner/hostedtoolcache/Python/3.9.16/x64
2022-12-27T02:55:13.0792180Z   Python3_ROOT_DIR: /Users/runner/hostedtoolcache/Python/3.9.16/x64
2022-12-27T02:55:13.0792400Z   CIBW_ARCHS_MACOS: arm64
2022-12-27T02:55:13.0792540Z   CIBW_TEST_SKIP: *_arm64
2022-12-27T02:55:13.0792750Z   CIBW_BUILD: cp39-macosx_arm64
2022-12-27T02:55:13.0792930Z   CIBW_BUILD_FRONTEND: pip
2022-12-27T02:55:13.0793080Z   CIBW_BUILD_VERBOSITY: 3
2022-12-27T02:55:13.0793450Z   CIBW_ENVIRONMENT_MACOS: GRPC_PYTHON_BUILD_WITH_CYTHON=1 GRPC_BUILD_WITH_BORING_SSL_ASM='' GRPC_PYTHON_BUILD_SYSTEM_OPENSSL=TRUE CFLAGS="-I/usr/local/opt/openssl@3/include" LDFLAGS="-L/usr/local/opt/openssl@3/lib" CPPFLAGS="-I/usr/local/opt/openssl@3/include" MAKEFLAGS="-j$(sysctl -n hw.logicalcpu)" PATH=/usr/local/opt/ccache/libexec:$PATH
2022-12-27T02:55:13.0794080Z   CIBW_BEFORE_BUILD: pip install Cython; if [[ -f requirements.txt ]]; then pip install -r requirements.txt; fi
2022-12-27T02:55:13.0794350Z   MAKEFLAGS: -j$(sysctl -n hw.logicalcpu)
2022-12-27T02:55:13.0794530Z ##[endgroup]
2022-12-27T02:55:14.2085010Z Requirement already satisfied: cibuildwheel==2.11.3 in /Users/runner/hostedtoolcache/Python/3.9.16/x64/lib/python3.9/site-packages (2.11.3)
2022-12-27T02:55:14.2342790Z Requirement already satisfied: filelock in /Users/runner/hostedtoolcache/Python/3.9.16/x64/lib/python3.9/site-packages (from cibuildwheel==2.11.3) (3.8.2)
2022-12-27T02:55:14.2348050Z Requirement already satisfied: packaging>=20.9 in /Users/runner/hostedtoolcache/Python/3.9.16/x64/lib/python3.9/site-packages (from cibuildwheel==2.11.3) (22.0)
2022-12-27T02:55:14.2352120Z Requirement already satisfied: platformdirs in /Users/runner/hostedtoolcache/Python/3.9.16/x64/lib/python3.9/site-packages (from cibuildwheel==2.11.3) (2.6.0)
2022-12-27T02:55:14.2355820Z Requirement already satisfied: bracex in /Users/runner/hostedtoolcache/Python/3.9.16/x64/lib/python3.9/site-packages (from cibuildwheel==2.11.3) (2.3.post1)
2022-12-27T02:55:14.2359260Z Requirement already satisfied: certifi in /Users/runner/hostedtoolcache/Python/3.9.16/x64/lib/python3.9/site-packages (from cibuildwheel==2.11.3) (2022.12.7)
2022-12-27T02:55:14.2369850Z Requirement already satisfied: typing-extensions>=4.1.0 in /Users/runner/hostedtoolcache/Python/3.9.16/x64/lib/python3.9/site-packages (from cibuildwheel==2.11.3) (4.4.0)
2022-12-27T02:55:14.2375020Z Requirement already satisfied: bashlex!=0.13 in /Users/runner/hostedtoolcache/Python/3.9.16/x64/lib/python3.9/site-packages (from cibuildwheel==2.11.3) (0.16)
2022-12-27T02:55:14.2381190Z Requirement already satisfied: tomli in /Users/runner/hostedtoolcache/Python/3.9.16/x64/lib/python3.9/site-packages (from cibuildwheel==2.11.3) (2.0.1)
2022-12-27T02:55:14.4170710Z 
2022-12-27T02:55:14.4171020Z      _ _       _ _   _       _           _
2022-12-27T02:55:14.4171670Z  ___|_| |_ _ _|_| |_| |_ _ _| |_ ___ ___| |
2022-12-27T02:55:14.4173630Z |  _| | . | | | | | . | | | |   | -_| -_| |
2022-12-27T02:55:14.4174370Z |___|_|___|___|_|_|___|_____|_|_|___|___|_|
2022-12-27T02:55:14.4174580Z 
2022-12-27T02:55:14.4174690Z cibuildwheel version 2.11.3
2022-12-27T02:55:14.4174900Z 
2022-12-27T02:55:14.4175060Z Build options:
2022-12-27T02:55:14.4175390Z   platform: macos
2022-12-27T02:55:14.4303530Z   architectures: arm64[0m
2022-12-27T02:55:14.4304090Z   build_selector: 
2022-12-27T02:55:14.4304610Z     build_config: cp39-macosx_arm64
2022-12-27T02:55:14.4304960Z     skip_config: 
2022-12-27T02:55:14.4305480Z     requires_python: None
2022-12-27T02:55:14.4306050Z     prerelease_pythons: False[0m
2022-12-27T02:55:14.4306560Z   [38;5;244mcontainer_engine: docker[0m
2022-12-27T02:55:14.4307200Z   output_dir: /Users/runner/actions-runner/_work/python.build/python.build/build_grpcio11339/wheelsout[0m
2022-12-27T02:55:14.4308220Z   package_dir: /Users/runner/actions-runner/_work/python.build/python.build/build_grpcio11339/grpcio-1.1.3[0m
2022-12-27T02:55:14.4308720Z   test_selector: 
2022-12-27T02:55:14.4309140Z     skip_config: *_arm64[0m
2022-12-27T02:55:14.4309790Z   [38;5;244mbefore_all: [0m
2022-12-27T02:55:14.4310440Z   before_build: pip install Cython; if [[ -f requirements.txt ]]; then pip install -r requirements.txt; fi[0m
2022-12-27T02:55:14.4310980Z   [38;5;244mbefore_test: [0m
2022-12-27T02:55:14.4311450Z   [38;5;244mbuild_frontend: pip[0m
2022-12-27T02:55:14.4312130Z   build_verbosity: 3[0m
2022-12-27T02:55:14.4312590Z   [38;5;244mconfig_settings: [0m
2022-12-27T02:55:14.4313030Z   [38;5;244mdependency_constraints: pinned[0m
2022-12-27T02:55:14.4313410Z   environment: 
2022-12-27T02:55:14.4313920Z     GRPC_PYTHON_BUILD_WITH_CYTHON=1
2022-12-27T02:55:14.4314310Z     GRPC_BUILD_WITH_BORING_SSL_ASM=''
2022-12-27T02:55:14.4314700Z     GRPC_PYTHON_BUILD_SYSTEM_OPENSSL=TRUE
2022-12-27T02:55:14.4315650Z     CFLAGS="-I/usr/local/opt/openssl@3/include"
2022-12-27T02:55:14.4316170Z     LDFLAGS="-L/usr/local/opt/openssl@3/lib"
2022-12-27T02:55:14.4316840Z     CPPFLAGS="-I/usr/local/opt/openssl@3/include"
2022-12-27T02:55:14.4317280Z     MAKEFLAGS="-j$(sysctl -n hw.logicalcpu)"
2022-12-27T02:55:14.4317690Z     PATH=/usr/local/opt/ccache/libexec:$PATH[0m
2022-12-27T02:55:14.4318040Z   [38;5;244mmanylinux_images: None[0m
2022-12-27T02:55:14.4318410Z   [38;5;244mmusllinux_images: None[0m
2022-12-27T02:55:14.4319060Z   [38;5;244mrepair_command: delocate-wheel --require-archs {delocate_archs} -w {dest_dir} -v {wheel}[0m
2022-12-27T02:55:14.4319440Z   [38;5;244mtest_command: [0m
2022-12-27T02:55:14.4319780Z   [38;5;244mtest_extras: [0m
2022-12-27T02:55:14.4320120Z   [38;5;244mtest_requires: [0m
2022-12-27T02:55:14.4320280Z 
2022-12-27T02:55:14.4320610Z Cache folder: /Users/runner/Library/Caches/cibuildwheel
2022-12-27T02:55:14.4326480Z 
2022-12-27T02:55:14.4326670Z Here we go!
2022-12-27T02:55:14.4326820Z 
2022-12-27T02:55:14.4394410Z 
2022-12-27T02:55:14.4395070Z [1m[34mBuilding cp39-macosx_arm64 wheel[0m
2022-12-27T02:55:14.4395650Z CPython 3.9 macOS arm64 - Apple Silicon
2022-12-27T02:55:14.4395910Z 
2022-12-27T02:55:14.4397840Z ##[group]Installing Python cp39...
2022-12-27T02:55:14.4398210Z 
2022-12-27T02:55:14.4398470Z + pkgutil --pkgs
2022-12-27T02:55:14.4500260Z ##[endgroup]
2022-12-27T02:55:14.4501230Z                                                               [32m✓ [0m0.01s
2022-12-27T02:55:14.4501690Z ##[group]Setting up build environment...
2022-12-27T02:55:14.4501820Z 
2022-12-27T02:55:14.4522350Z + /Users/runner/hostedtoolcache/Python/3.9.16/x64/bin/python -sS /Users/runner/Library/Caches/cibuildwheel/virtualenv-20.17.0.pyz --activators= --no-periodic-update --pip=22.3.1 --setuptools=65.6.3 --wheel=0.38.4 --symlink-app-data --python /Library/Frameworks/Python.framework/Versions/3.9/bin/python3 /private/var/folders/51/hd414ycd67n82196sw51xqtc0000gn/T/cibw-run-ov8u5gdd/cp39-macosx_arm64/build/venv
2022-12-27T02:55:14.6387530Z created virtual environment CPython3.9.13.final.0-64 in 47ms
2022-12-27T02:55:14.6388330Z   creator CPython3Posix(dest=/private/var/folders/51/hd414ycd67n82196sw51xqtc0000gn/T/cibw-run-ov8u5gdd/cp39-macosx_arm64/build/venv, clear=False, no_vcs_ignore=False, global=False)
2022-12-27T02:55:14.6388830Z   seeder FromAppData(download=False, pip=22.3.1, setuptools=65.6.3, wheel=0.38.4, via=symlink, app_data_dir=/Users/runner/Library/Application Support/virtualenv)
2022-12-27T02:55:14.6389110Z     added seed packages: pip==22.3.1, setuptools==65.6.3, wheel==0.38.4
2022-12-27T02:55:14.6485850Z + python -m pip install --upgrade pip -c /Users/runner/hostedtoolcache/Python/3.9.16/x64/lib/python3.9/site-packages/cibuildwheel/resources/constraints-python39.txt
2022-12-27T02:55:14.9540280Z Requirement already satisfied: pip in ./lib/python3.9/site-packages (22.3.1)
2022-12-27T02:55:15.3073700Z + which pip
2022-12-27T02:55:15.3092720Z /private/var/folders/51/hd414ycd67n82196sw51xqtc0000gn/T/cibw-run-ov8u5gdd/cp39-macosx_arm64/build/venv/bin/pip
2022-12-27T02:55:15.3094830Z + pip --version
2022-12-27T02:55:15.5348990Z pip 22.3.1 from /private/var/folders/51/hd414ycd67n82196sw51xqtc0000gn/T/cibw-run-ov8u5gdd/cp39-macosx_arm64/build/venv/lib/python3.9/site-packages/pip (python 3.9)
2022-12-27T02:55:15.5555750Z + which pip
2022-12-27T02:55:15.5583840Z + which python
2022-12-27T02:55:15.5601680Z /private/var/folders/51/hd414ycd67n82196sw51xqtc0000gn/T/cibw-run-ov8u5gdd/cp39-macosx_arm64/build/venv/bin/python
2022-12-27T02:55:15.5604170Z + python --version
2022-12-27T02:55:15.5653370Z Python 3.9.13
2022-12-27T02:55:15.5656000Z + which python
2022-12-27T02:55:15.5714120Z ##[endgroup]
2022-12-27T02:55:15.5714820Z                                                               [32m✓ [0m1.12s
2022-12-27T02:55:15.5715470Z ##[group]Installing build tools...
2022-12-27T02:55:15.5715600Z 
2022-12-27T02:55:15.5716030Z + pip install --upgrade setuptools wheel delocate -c /Users/runner/hostedtoolcache/Python/3.9.16/x64/lib/python3.9/site-packages/cibuildwheel/resources/constraints-python39.txt
2022-12-27T02:55:15.8747230Z Requirement already satisfied: setuptools in /private/var/folders/51/hd414ycd67n82196sw51xqtc0000gn/T/cibw-run-ov8u5gdd/cp39-macosx_arm64/build/venv/lib/python3.9/site-packages (65.6.3)
2022-12-27T02:55:16.1162050Z Requirement already satisfied: wheel in /private/var/folders/51/hd414ycd67n82196sw51xqtc0000gn/T/cibw-run-ov8u5gdd/cp39-macosx_arm64/build/venv/lib/python3.9/site-packages (0.38.4)
2022-12-27T02:55:16.1675460Z Collecting delocate
2022-12-27T02:55:16.1701630Z   Using cached delocate-0.10.3-py3-none-any.whl (142 kB)
2022-12-27T02:55:16.1939040Z Collecting typing-extensions
2022-12-27T02:55:16.1961050Z   Using cached typing_extensions-4.4.0-py3-none-any.whl (26 kB)
2022-12-27T02:55:16.2244090Z Collecting packaging>=20.9
2022-12-27T02:55:16.2265700Z   Using cached packaging-21.3-py3-none-any.whl (40 kB)
2022-12-27T02:55:16.2645690Z Collecting pyparsing!=3.0.5,>=2.0.2
2022-12-27T02:55:16.2667560Z   Using cached pyparsing-3.0.9-py3-none-any.whl (98 kB)
2022-12-27T02:55:16.3054020Z Installing collected packages: typing-extensions, pyparsing, packaging, delocate
2022-12-27T02:55:16.4575840Z Successfully installed delocate-0.10.3 packaging-21.3 pyparsing-3.0.9 typing-extensions-4.4.0
2022-12-27T02:55:16.5015320Z ##[endgroup]
2022-12-27T02:55:16.5016070Z                                                               [32m✓ [0m0.93s
2022-12-27T02:55:16.5016620Z ##[group]Running before_build...
2022-12-27T02:55:16.5016750Z 
2022-12-27T02:55:16.5022520Z + pip install Cython; if [[ -f requirements.txt ]]; then pip install -r requirements.txt; fi
2022-12-27T02:55:17.2152800Z Collecting Cython
2022-12-27T02:55:17.2199090Z   Using cached Cython-0.29.32-py2.py3-none-any.whl (986 kB)
2022-12-27T02:55:17.2643140Z Installing collected packages: Cython
2022-12-27T02:55:17.7511830Z Successfully installed Cython-0.29.32
2022-12-27T02:55:18.5565820Z Collecting coverage>=4.0
2022-12-27T02:55:18.5638520Z   Using cached coverage-7.0.1-cp39-cp39-macosx_10_9_x86_64.whl (188 kB)
2022-12-27T02:55:18.5676290Z Requirement already satisfied: cython>=0.23 in /private/var/folders/51/hd414ycd67n82196sw51xqtc0000gn/T/cibw-run-ov8u5gdd/cp39-macosx_arm64/build/venv/lib/python3.9/site-packages (from -r requirements.txt (line 3)) (0.29.32)
2022-12-27T02:55:18.5833470Z Collecting enum34>=1.0.4
2022-12-27T02:55:18.5856250Z   Using cached enum34-1.1.10-py3-none-any.whl (11 kB)
2022-12-27T02:55:18.6008870Z Collecting futures>=2.2.0
2022-12-27T02:55:18.6011180Z   Using cached futures-3.0.5-py3-none-any.whl
2022-12-27T02:55:18.9283020Z Collecting protobuf>=3.0.0
2022-12-27T02:55:18.9316070Z   Using cached protobuf-4.21.12-cp37-abi3-macosx_10_9_universal2.whl (486 kB)
2022-12-27T02:55:18.9526430Z Collecting six>=1.10
2022-12-27T02:55:18.9547590Z   Using cached six-1.16.0-py2.py3-none-any.whl (11 kB)
2022-12-27T02:55:18.9565330Z Requirement already satisfied: wheel>=0.29 in /private/var/folders/51/hd414ycd67n82196sw51xqtc0000gn/T/cibw-run-ov8u5gdd/cp39-macosx_arm64/build/venv/lib/python3.9/site-packages (from -r requirements.txt (line 8)) (0.38.4)
2022-12-27T02:55:18.9989740Z Installing collected packages: futures, enum34, six, protobuf, coverage
2022-12-27T02:55:19.2871390Z Successfully installed coverage-7.0.1 enum34-1.1.10 futures-3.0.5 protobuf-4.21.12 six-1.16.0
2022-12-27T02:55:19.3401120Z ##[endgroup]
2022-12-27T02:55:19.3401890Z                                                               [32m✓ [0m2.84s
2022-12-27T02:55:19.3402480Z ##[group]Building wheel...
2022-12-27T02:55:19.3402630Z 
2022-12-27T02:55:19.3407050Z + python -m pip wheel /Users/runner/actions-runner/_work/python.build/python.build/build_grpcio11339/grpcio-1.1.3 --wheel-dir=/private/var/folders/51/hd414ycd67n82196sw51xqtc0000gn/T/cibw-run-ov8u5gdd/cp39-macosx_arm64/built_wheel --no-deps -vvv
2022-12-27T02:55:19.6259800Z Created temporary directory: /private/var/folders/51/hd414ycd67n82196sw51xqtc0000gn/T/pip-ephem-wheel-cache-sr2ejpa9
2022-12-27T02:55:19.6265420Z Created temporary directory: /private/var/folders/51/hd414ycd67n82196sw51xqtc0000gn/T/pip-build-tracker-_eu579jn
2022-12-27T02:55:19.6267700Z Initialized build tracking at /private/var/folders/51/hd414ycd67n82196sw51xqtc0000gn/T/pip-build-tracker-_eu579jn
2022-12-27T02:55:19.6269550Z Created build tracker: /private/var/folders/51/hd414ycd67n82196sw51xqtc0000gn/T/pip-build-tracker-_eu579jn
2022-12-27T02:55:19.6271680Z Entered build tracker: /private/var/folders/51/hd414ycd67n82196sw51xqtc0000gn/T/pip-build-tracker-_eu579jn
2022-12-27T02:55:19.6275520Z Created temporary directory: /private/var/folders/51/hd414ycd67n82196sw51xqtc0000gn/T/pip-wheel-fpf0oh7i
2022-12-27T02:55:19.6282470Z Created temporary directory: /private/var/folders/51/hd414ycd67n82196sw51xqtc0000gn/T/pip-ephem-wheel-cache-jizkn6va
2022-12-27T02:55:19.6433320Z Processing /Users/runner/actions-runner/_work/python.build/python.build/build_grpcio11339/grpcio-1.1.3
2022-12-27T02:55:19.6438960Z   Added file:///Users/runner/actions-runner/_work/python.build/python.build/build_grpcio11339/grpcio-1.1.3 to build tracker '/private/var/folders/51/hd414ycd67n82196sw51xqtc0000gn/T/pip-build-tracker-_eu579jn'
2022-12-27T02:55:19.6442430Z   Running setup.py (path:/Users/runner/actions-runner/_work/python.build/python.build/build_grpcio11339/grpcio-1.1.3/setup.py) egg_info for package from file:///Users/runner/actions-runner/_work/python.build/python.build/build_grpcio11339/grpcio-1.1.3
2022-12-27T02:55:19.6445740Z   Created temporary directory: /private/var/folders/51/hd414ycd67n82196sw51xqtc0000gn/T/pip-pip-egg-info-ql3hx0ez
2022-12-27T02:55:19.6447360Z   Preparing metadata (setup.py): started
2022-12-27T02:55:19.6449250Z   Running command python setup.py egg_info
2022-12-27T02:55:20.0918030Z   /private/var/folders/51/hd414ycd67n82196sw51xqtc0000gn/T/cibw-run-ov8u5gdd/cp39-macosx_arm64/build/venv/lib/python3.9/site-packages/Cython/Compiler/Main.py:369: FutureWarning: Cython directive 'language_level' not set, using 2 for now (Py2). This will change in a later release! File: /Users/runner/actions-runner/_work/python.build/python.build/build_grpcio11339/grpcio-1.1.3/src/python/grpcio/grpc/_cython/cygrpc.pxd
2022-12-27T02:55:20.0918730Z     tree = Parsing.p_module(s, pxd, full_module_name)
2022-12-27T02:55:20.1523670Z   warning: src/python/grpcio/grpc/_cython/_cygrpc/grpc.pxi:142:13: 'GRPC_ARG_PRIMARY_USER_AGENT_STRING' redeclared
2022-12-27T02:55:21.1580160Z   Compiling src/python/grpcio/grpc/_cython/cygrpc.pyx because it depends on /private/var/folders/51/hd414ycd67n82196sw51xqtc0000gn/T/cibw-run-ov8u5gdd/cp39-macosx_arm64/build/venv/lib/python3.9/site-packages/Cython/Includes/libc/time.pxd.
2022-12-27T02:55:21.1580900Z   [1/1] Cythonizing src/python/grpcio/grpc/_cython/cygrpc.pyx
2022-12-27T02:55:21.1817870Z   running egg_info
2022-12-27T02:55:21.1823470Z   creating /private/var/folders/51/hd414ycd67n82196sw51xqtc0000gn/T/pip-pip-egg-info-ql3hx0ez/grpcio.egg-info
2022-12-27T02:55:21.1838980Z   writing /private/var/folders/51/hd414ycd67n82196sw51xqtc0000gn/T/pip-pip-egg-info-ql3hx0ez/grpcio.egg-info/PKG-INFO
2022-12-27T02:55:21.1842150Z   writing dependency_links to /private/var/folders/51/hd414ycd67n82196sw51xqtc0000gn/T/pip-pip-egg-info-ql3hx0ez/grpcio.egg-info/dependency_links.txt
2022-12-27T02:55:21.1846360Z   writing requirements to /private/var/folders/51/hd414ycd67n82196sw51xqtc0000gn/T/pip-pip-egg-info-ql3hx0ez/grpcio.egg-info/requires.txt
2022-12-27T02:55:21.1850420Z   writing top-level names to /private/var/folders/51/hd414ycd67n82196sw51xqtc0000gn/T/pip-pip-egg-info-ql3hx0ez/grpcio.egg-info/top_level.txt
2022-12-27T02:55:21.1853850Z   writing manifest file '/private/var/folders/51/hd414ycd67n82196sw51xqtc0000gn/T/pip-pip-egg-info-ql3hx0ez/grpcio.egg-info/SOURCES.txt'
2022-12-27T02:55:21.1952480Z   reading manifest file '/private/var/folders/51/hd414ycd67n82196sw51xqtc0000gn/T/pip-pip-egg-info-ql3hx0ez/grpcio.egg-info/SOURCES.txt'
2022-12-27T02:55:21.1956130Z   reading manifest template 'PYTHON-MANIFEST.in'
2022-12-27T02:55:21.1987040Z   warning: no files found matching '*.h' under directory 'src/python/grpcio/grpc'
2022-12-27T02:55:21.2061820Z   warning: no files found matching '*.python' under directory 'src/python/grpcio/grpc'
2022-12-27T02:55:21.2079990Z   warning: no previously-included files matching '*.so' found under directory 'src/python/grpcio/grpc/_cython'
2022-12-27T02:55:21.2083660Z   warning: no previously-included files matching '*.pyd' found under directory 'src/python/grpcio/grpc/_cython'
2022-12-27T02:55:21.2626280Z   warning: no files found matching 'src/python/grpcio/precompiled.py'
2022-12-27T02:55:21.2985880Z   writing manifest file '/private/var/folders/51/hd414ycd67n82196sw51xqtc0000gn/T/pip-pip-egg-info-ql3hx0ez/grpcio.egg-info/SOURCES.txt'
2022-12-27T02:55:21.3674750Z   Preparing metadata (setup.py): finished with status 'done'
2022-12-27T02:55:21.3702500Z   Source in /Users/runner/actions-runner/_work/python.build/python.build/build_grpcio11339/grpcio-1.1.3 has version 1.1.3, which satisfies requirement grpcio==1.1.3 from file:///Users/runner/actions-runner/_work/python.build/python.build/build_grpcio11339/grpcio-1.1.3
2022-12-27T02:55:21.3706090Z   Removed grpcio==1.1.3 from file:///Users/runner/actions-runner/_work/python.build/python.build/build_grpcio11339/grpcio-1.1.3 from build tracker '/private/var/folders/51/hd414ycd67n82196sw51xqtc0000gn/T/pip-build-tracker-_eu579jn'
2022-12-27T02:55:21.3724620Z Created temporary directory: /private/var/folders/51/hd414ycd67n82196sw51xqtc0000gn/T/pip-unpack-hsh1fsk8
2022-12-27T02:55:21.3726930Z Building wheels for collected packages: grpcio
2022-12-27T02:55:21.3734250Z   Created temporary directory: /private/var/folders/51/hd414ycd67n82196sw51xqtc0000gn/T/pip-wheel-wr2y00c5
2022-12-27T02:55:21.3736300Z   Building wheel for grpcio (setup.py): started
2022-12-27T02:55:21.3738160Z   Destination directory: /private/var/folders/51/hd414ycd67n82196sw51xqtc0000gn/T/pip-wheel-wr2y00c5
2022-12-27T02:55:21.3739610Z   Running command python setup.py bdist_wheel
2022-12-27T02:55:21.8155370Z   running bdist_wheel
2022-12-27T02:55:21.8188880Z   running build
2022-12-27T02:55:21.8191050Z   running build_py
2022-12-27T02:55:21.8193290Z   running build_project_metadata
2022-12-27T02:55:21.8198900Z   creating python_build
2022-12-27T02:55:21.8201070Z   creating python_build/lib.macosx-11.0-arm64-cpython-39
2022-12-27T02:55:21.8202660Z   creating python_build/lib.macosx-11.0-arm64-cpython-39/grpc
2022-12-27T02:55:21.8204430Z   copying src/python/grpcio/grpc/_channel.py -> python_build/lib.macosx-11.0-arm64-cpython-39/grpc
2022-12-27T02:55:21.8208960Z   copying src/python/grpcio/grpc/_common.py -> python_build/lib.macosx-11.0-arm64-cpython-39/grpc
2022-12-27T02:55:21.8212960Z   copying src/python/grpcio/grpc/__init__.py -> python_build/lib.macosx-11.0-arm64-cpython-39/grpc
2022-12-27T02:55:21.8216790Z   copying src/python/grpcio/grpc/_utilities.py -> python_build/lib.macosx-11.0-arm64-cpython-39/grpc
2022-12-27T02:55:21.8220450Z   copying src/python/grpcio/grpc/_plugin_wrapping.py -> python_build/lib.macosx-11.0-arm64-cpython-39/grpc
2022-12-27T02:55:21.8224510Z   copying src/python/grpcio/grpc/_grpcio_metadata.py -> python_build/lib.macosx-11.0-arm64-cpython-39/grpc
2022-12-27T02:55:21.8227830Z   copying src/python/grpcio/grpc/_server.py -> python_build/lib.macosx-11.0-arm64-cpython-39/grpc
2022-12-27T02:55:21.8231660Z   copying src/python/grpcio/grpc/_auth.py -> python_build/lib.macosx-11.0-arm64-cpython-39/grpc
2022-12-27T02:55:21.8235280Z   copying src/python/grpcio/grpc/_credential_composition.py -> python_build/lib.macosx-11.0-arm64-cpython-39/grpc
2022-12-27T02:55:21.8242630Z   creating python_build/lib.macosx-11.0-arm64-cpython-39/grpc/beta
2022-12-27T02:55:21.8243970Z   copying src/python/grpcio/grpc/beta/_server_adaptations.py -> python_build/lib.macosx-11.0-arm64-cpython-39/grpc/beta
2022-12-27T02:55:21.8247940Z   copying src/python/grpcio/grpc/beta/interfaces.py -> python_build/lib.macosx-11.0-arm64-cpython-39/grpc/beta
2022-12-27T02:55:21.8252970Z   copying src/python/grpcio/grpc/beta/_connectivity_channel.py -> python_build/lib.macosx-11.0-arm64-cpython-39/grpc/beta
2022-12-27T02:55:21.8256060Z   copying src/python/grpcio/grpc/beta/__init__.py -> python_build/lib.macosx-11.0-arm64-cpython-39/grpc/beta
2022-12-27T02:55:21.8259200Z   copying src/python/grpcio/grpc/beta/utilities.py -> python_build/lib.macosx-11.0-arm64-cpython-39/grpc/beta
2022-12-27T02:55:21.8262750Z   copying src/python/grpcio/grpc/beta/implementations.py -> python_build/lib.macosx-11.0-arm64-cpython-39/grpc/beta
2022-12-27T02:55:21.8267850Z   copying src/python/grpcio/grpc/beta/_client_adaptations.py -> python_build/lib.macosx-11.0-arm64-cpython-39/grpc/beta
2022-12-27T02:55:21.8274130Z   creating python_build/lib.macosx-11.0-arm64-cpython-39/grpc/framework
2022-12-27T02:55:21.8277020Z   copying src/python/grpcio/grpc/framework/__init__.py -> python_build/lib.macosx-11.0-arm64-cpython-39/grpc/framework
2022-12-27T02:55:21.8282230Z   creating python_build/lib.macosx-11.0-arm64-cpython-39/grpc/_cython
2022-12-27T02:55:21.8286010Z   copying src/python/grpcio/grpc/_cython/__init__.py -> python_build/lib.macosx-11.0-arm64-cpython-39/grpc/_cython
2022-12-27T02:55:21.8293210Z   creating python_build/lib.macosx-11.0-arm64-cpython-39/grpc/framework/foundation
2022-12-27T02:55:21.8296500Z   copying src/python/grpcio/grpc/framework/foundation/callable_util.py -> python_build/lib.macosx-11.0-arm64-cpython-39/grpc/framework/foundation
2022-12-27T02:55:21.8299110Z   copying src/python/grpcio/grpc/framework/foundation/abandonment.py -> python_build/lib.macosx-11.0-arm64-cpython-39/grpc/framework/foundation
2022-12-27T02:55:21.8302360Z   copying src/python/grpcio/grpc/framework/foundation/__init__.py -> python_build/lib.macosx-11.0-arm64-cpython-39/grpc/framework/foundation
2022-12-27T02:55:21.8305090Z   copying src/python/grpcio/grpc/framework/foundation/stream.py -> python_build/lib.macosx-11.0-arm64-cpython-39/grpc/framework/foundation
2022-12-27T02:55:21.8307910Z   copying src/python/grpcio/grpc/framework/foundation/stream_util.py -> python_build/lib.macosx-11.0-arm64-cpython-39/grpc/framework/foundation
2022-12-27T02:55:21.8310910Z   copying src/python/grpcio/grpc/framework/foundation/future.py -> python_build/lib.macosx-11.0-arm64-cpython-39/grpc/framework/foundation
2022-12-27T02:55:21.8314260Z   copying src/python/grpcio/grpc/framework/foundation/logging_pool.py -> python_build/lib.macosx-11.0-arm64-cpython-39/grpc/framework/foundation
2022-12-27T02:55:21.8320600Z   creating python_build/lib.macosx-11.0-arm64-cpython-39/grpc/framework/common
2022-12-27T02:55:21.8322970Z   copying src/python/grpcio/grpc/framework/common/style.py -> python_build/lib.macosx-11.0-arm64-cpython-39/grpc/framework/common
2022-12-27T02:55:21.8325310Z   copying src/python/grpcio/grpc/framework/common/cardinality.py -> python_build/lib.macosx-11.0-arm64-cpython-39/grpc/framework/common
2022-12-27T02:55:21.8328090Z   copying src/python/grpcio/grpc/framework/common/__init__.py -> python_build/lib.macosx-11.0-arm64-cpython-39/grpc/framework/common
2022-12-27T02:55:21.8332600Z   creating python_build/lib.macosx-11.0-arm64-cpython-39/grpc/framework/interfaces
2022-12-27T02:55:21.8335220Z   copying src/python/grpcio/grpc/framework/interfaces/__init__.py -> python_build/lib.macosx-11.0-arm64-cpython-39/grpc/framework/interfaces
2022-12-27T02:55:21.8339900Z   creating python_build/lib.macosx-11.0-arm64-cpython-39/grpc/framework/interfaces/face
2022-12-27T02:55:21.8342500Z   copying src/python/grpcio/grpc/framework/interfaces/face/__init__.py -> python_build/lib.macosx-11.0-arm64-cpython-39/grpc/framework/interfaces/face
2022-12-27T02:55:21.8344900Z   copying src/python/grpcio/grpc/framework/interfaces/face/utilities.py -> python_build/lib.macosx-11.0-arm64-cpython-39/grpc/framework/interfaces/face
2022-12-27T02:55:21.8347280Z   copying src/python/grpcio/grpc/framework/interfaces/face/face.py -> python_build/lib.macosx-11.0-arm64-cpython-39/grpc/framework/interfaces/face
2022-12-27T02:55:21.8352310Z   creating python_build/lib.macosx-11.0-arm64-cpython-39/grpc/framework/interfaces/base
2022-12-27T02:55:21.8354900Z   copying src/python/grpcio/grpc/framework/interfaces/base/__init__.py -> python_build/lib.macosx-11.0-arm64-cpython-39/grpc/framework/interfaces/base
2022-12-27T02:55:21.8357320Z   copying src/python/grpcio/grpc/framework/interfaces/base/utilities.py -> python_build/lib.macosx-11.0-arm64-cpython-39/grpc/framework/interfaces/base
2022-12-27T02:55:21.8360020Z   copying src/python/grpcio/grpc/framework/interfaces/base/base.py -> python_build/lib.macosx-11.0-arm64-cpython-39/grpc/framework/interfaces/base
2022-12-27T02:55:21.8365360Z   creating python_build/lib.macosx-11.0-arm64-cpython-39/grpc/_cython/_cygrpc
2022-12-27T02:55:21.8368010Z   copying src/python/grpcio/grpc/_cython/_cygrpc/__init__.py -> python_build/lib.macosx-11.0-arm64-cpython-39/grpc/_cython/_cygrpc
2022-12-27T02:55:21.8372760Z   creating python_build/lib.macosx-11.0-arm64-cpython-39/grpc/_cython/_credentials
2022-12-27T02:55:21.8374990Z   copying src/python/grpcio/grpc/_cython/_credentials/roots.pem -> python_build/lib.macosx-11.0-arm64-cpython-39/grpc/_cython/_credentials
2022-12-27T02:55:21.8401140Z   running build_ext
2022-12-27T02:55:21.8684930Z   Found cython-generated files...
2022-12-27T02:55:21.8692740Z   building 'grpc._cython.cygrpc' extension
2022-12-27T02:55:21.8719020Z   creating python_build/temp.macosx-11.0-arm64-cpython-39
2022-12-27T02:55:21.8721590Z   creating python_build/temp.macosx-11.0-arm64-cpython-39/src
2022-12-27T02:55:21.8724080Z   creating python_build/temp.macosx-11.0-arm64-cpython-39/src/boringssl
2022-12-27T02:55:21.8726580Z   creating python_build/temp.macosx-11.0-arm64-cpython-39/src/core
2022-12-27T02:55:21.8728850Z   creating python_build/temp.macosx-11.0-arm64-cpython-39/src/core/ext
2022-12-27T02:55:21.8731070Z   creating python_build/temp.macosx-11.0-arm64-cpython-39/src/core/ext/census
2022-12-27T02:55:21.8733650Z   creating python_build/temp.macosx-11.0-arm64-cpython-39/src/core/ext/census/gen
2022-12-27T02:55:21.8736110Z   creating python_build/temp.macosx-11.0-arm64-cpython-39/src/core/ext/client_channel
2022-12-27T02:55:21.8738040Z   creating python_build/temp.macosx-11.0-arm64-cpython-39/src/core/ext/lb_policy
2022-12-27T02:55:21.8741250Z   creating python_build/temp.macosx-11.0-arm64-cpython-39/src/core/ext/lb_policy/grpclb
2022-12-27T02:55:21.8743780Z   creating python_build/temp.macosx-11.0-arm64-cpython-39/src/core/ext/lb_policy/grpclb/proto
2022-12-27T02:55:21.8817520Z   creating python_build/temp.macosx-11.0-arm64-cpython-39/src/core/ext/lb_policy/grpclb/proto/grpc
2022-12-27T02:55:21.8818670Z   creating python_build/temp.macosx-11.0-arm64-cpython-39/src/core/ext/lb_policy/grpclb/proto/grpc/lb
2022-12-27T02:55:21.8819300Z   creating python_build/temp.macosx-11.0-arm64-cpython-39/src/core/ext/lb_policy/grpclb/proto/grpc/lb/v1
2022-12-27T02:55:21.8819940Z   creating python_build/temp.macosx-11.0-arm64-cpython-39/src/core/ext/lb_policy/pick_first
2022-12-27T02:55:21.8820690Z   creating python_build/temp.macosx-11.0-arm64-cpython-39/src/core/ext/lb_policy/round_robin
2022-12-27T02:55:21.8821300Z   creating python_build/temp.macosx-11.0-arm64-cpython-39/src/core/ext/load_reporting
2022-12-27T02:55:21.8821850Z   creating python_build/temp.macosx-11.0-arm64-cpython-39/src/core/ext/resolver
2022-12-27T02:55:21.8822440Z   creating python_build/temp.macosx-11.0-arm64-cpython-39/src/core/ext/resolver/dns
2022-12-27T02:55:21.8822970Z   creating python_build/temp.macosx-11.0-arm64-cpython-39/src/core/ext/resolver/dns/native
2022-12-27T02:55:21.8823530Z   creating python_build/temp.macosx-11.0-arm64-cpython-39/src/core/ext/resolver/sockaddr
2022-12-27T02:55:21.8824010Z   creating python_build/temp.macosx-11.0-arm64-cpython-39/src/core/ext/transport
2022-12-27T02:55:21.8824560Z   creating python_build/temp.macosx-11.0-arm64-cpython-39/src/core/ext/transport/chttp2
2022-12-27T02:55:21.8825080Z   creating python_build/temp.macosx-11.0-arm64-cpython-39/src/core/ext/transport/chttp2/alpn
2022-12-27T02:55:21.8825640Z   creating python_build/temp.macosx-11.0-arm64-cpython-39/src/core/ext/transport/chttp2/client
2022-12-27T02:55:21.8826530Z   creating python_build/temp.macosx-11.0-arm64-cpython-39/src/core/ext/transport/chttp2/client/insecure
2022-12-27T02:55:21.8827300Z   creating python_build/temp.macosx-11.0-arm64-cpython-39/src/core/ext/transport/chttp2/client/secure
2022-12-27T02:55:21.8827900Z   creating python_build/temp.macosx-11.0-arm64-cpython-39/src/core/ext/transport/chttp2/server
2022-12-27T02:55:21.8828480Z   creating python_build/temp.macosx-11.0-arm64-cpython-39/src/core/ext/transport/chttp2/server/insecure
2022-12-27T02:55:21.8829020Z   creating python_build/temp.macosx-11.0-arm64-cpython-39/src/core/ext/transport/chttp2/server/secure
2022-12-27T02:55:21.8829580Z   creating python_build/temp.macosx-11.0-arm64-cpython-39/src/core/ext/transport/chttp2/transport
2022-12-27T02:55:21.8830120Z   creating python_build/temp.macosx-11.0-arm64-cpython-39/src/core/lib
2022-12-27T02:55:21.8830580Z   creating python_build/temp.macosx-11.0-arm64-cpython-39/src/core/lib/channel
2022-12-27T02:55:21.8831170Z   creating python_build/temp.macosx-11.0-arm64-cpython-39/src/core/lib/compression
2022-12-27T02:55:21.8831700Z   creating python_build/temp.macosx-11.0-arm64-cpython-39/src/core/lib/debug
2022-12-27T02:55:21.8832200Z   creating python_build/temp.macosx-11.0-arm64-cpython-39/src/core/lib/http
2022-12-27T02:55:21.8832660Z   creating python_build/temp.macosx-11.0-arm64-cpython-39/src/core/lib/iomgr
2022-12-27T02:55:21.8833160Z   creating python_build/temp.macosx-11.0-arm64-cpython-39/src/core/lib/json
2022-12-27T02:55:21.8833670Z   creating python_build/temp.macosx-11.0-arm64-cpython-39/src/core/lib/profiling
2022-12-27T02:55:21.8834140Z   creating python_build/temp.macosx-11.0-arm64-cpython-39/src/core/lib/security
2022-12-27T02:55:21.8834680Z   creating python_build/temp.macosx-11.0-arm64-cpython-39/src/core/lib/security/context
2022-12-27T02:55:21.8835240Z   creating python_build/temp.macosx-11.0-arm64-cpython-39/src/core/lib/security/credentials
2022-12-27T02:55:21.8835810Z   creating python_build/temp.macosx-11.0-arm64-cpython-39/src/core/lib/security/credentials/composite
2022-12-27T02:55:21.8836580Z   creating python_build/temp.macosx-11.0-arm64-cpython-39/src/core/lib/security/credentials/fake
2022-12-27T02:55:21.8837250Z   creating python_build/temp.macosx-11.0-arm64-cpython-39/src/core/lib/security/credentials/google_default
2022-12-27T02:55:21.8837860Z   creating python_build/temp.macosx-11.0-arm64-cpython-39/src/core/lib/security/credentials/iam
2022-12-27T02:55:21.8838450Z   creating python_build/temp.macosx-11.0-arm64-cpython-39/src/core/lib/security/credentials/jwt
2022-12-27T02:55:21.8839000Z   creating python_build/temp.macosx-11.0-arm64-cpython-39/src/core/lib/security/credentials/oauth2
2022-12-27T02:55:21.8839590Z   creating python_build/temp.macosx-11.0-arm64-cpython-39/src/core/lib/security/credentials/plugin
2022-12-27T02:55:21.8840140Z   creating python_build/temp.macosx-11.0-arm64-cpython-39/src/core/lib/security/credentials/ssl
2022-12-27T02:55:21.8840640Z   creating python_build/temp.macosx-11.0-arm64-cpython-39/src/core/lib/security/transport
2022-12-27T02:55:21.8841220Z   creating python_build/temp.macosx-11.0-arm64-cpython-39/src/core/lib/security/util
2022-12-27T02:55:21.8841770Z   creating python_build/temp.macosx-11.0-arm64-cpython-39/src/core/lib/slice
2022-12-27T02:55:21.8842250Z   creating python_build/temp.macosx-11.0-arm64-cpython-39/src/core/lib/support
2022-12-27T02:55:21.8842730Z   creating python_build/temp.macosx-11.0-arm64-cpython-39/src/core/lib/surface
2022-12-27T02:55:21.8843190Z   creating python_build/temp.macosx-11.0-arm64-cpython-39/src/core/lib/transport
2022-12-27T02:55:21.8843710Z   creating python_build/temp.macosx-11.0-arm64-cpython-39/src/core/lib/tsi
2022-12-27T02:55:21.8844230Z   creating python_build/temp.macosx-11.0-arm64-cpython-39/src/core/plugin_registry
2022-12-27T02:55:21.8844690Z   creating python_build/temp.macosx-11.0-arm64-cpython-39/src/python
2022-12-27T02:55:21.8845270Z   creating python_build/temp.macosx-11.0-arm64-cpython-39/src/python/grpcio
2022-12-27T02:55:21.8845850Z   creating python_build/temp.macosx-11.0-arm64-cpython-39/src/python/grpcio/grpc
2022-12-27T02:55:21.8846340Z   creating python_build/temp.macosx-11.0-arm64-cpython-39/src/python/grpcio/grpc/_cython
2022-12-27T02:55:21.8846850Z   creating python_build/temp.macosx-11.0-arm64-cpython-39/third_party
2022-12-27T02:55:21.8847430Z   creating python_build/temp.macosx-11.0-arm64-cpython-39/third_party/boringssl
2022-12-27T02:55:21.8848150Z   creating python_build/temp.macosx-11.0-arm64-cpython-39/third_party/boringssl/crypto
2022-12-27T02:55:21.8849790Z   creating python_build/temp.macosx-11.0-arm64-cpython-39/third_party/boringssl/crypto/aes
2022-12-27T02:55:21.8851350Z   creating python_build/temp.macosx-11.0-arm64-cpython-39/third_party/boringssl/crypto/asn1
2022-12-27T02:55:21.8852970Z   creating python_build/temp.macosx-11.0-arm64-cpython-39/third_party/boringssl/crypto/base64
2022-12-27T02:55:21.8854450Z   creating python_build/temp.macosx-11.0-arm64-cpython-39/third_party/boringssl/crypto/bio
2022-12-27T02:55:21.8855920Z   creating python_build/temp.macosx-11.0-arm64-cpython-39/third_party/boringssl/crypto/bn
2022-12-27T02:55:21.8857580Z   creating python_build/temp.macosx-11.0-arm64-cpython-39/third_party/boringssl/crypto/bn/asm
2022-12-27T02:55:21.8859070Z   creating python_build/temp.macosx-11.0-arm64-cpython-39/third_party/boringssl/crypto/buf
2022-12-27T02:55:21.8860700Z   creating python_build/temp.macosx-11.0-arm64-cpython-39/third_party/boringssl/crypto/bytestring
2022-12-27T02:55:21.8862270Z   creating python_build/temp.macosx-11.0-arm64-cpython-39/third_party/boringssl/crypto/chacha
2022-12-27T02:55:21.8863860Z   creating python_build/temp.macosx-11.0-arm64-cpython-39/third_party/boringssl/crypto/cipher
2022-12-27T02:55:21.8865460Z   creating python_build/temp.macosx-11.0-arm64-cpython-39/third_party/boringssl/crypto/cmac
2022-12-27T02:55:21.8867040Z   creating python_build/temp.macosx-11.0-arm64-cpython-39/third_party/boringssl/crypto/conf
2022-12-27T02:55:21.8870420Z   creating python_build/temp.macosx-11.0-arm64-cpython-39/third_party/boringssl/crypto/curve25519
2022-12-27T02:55:21.8873050Z   creating python_build/temp.macosx-11.0-arm64-cpython-39/third_party/boringssl/crypto/des
2022-12-27T02:55:21.8875070Z   creating python_build/temp.macosx-11.0-arm64-cpython-39/third_party/boringssl/crypto/dh
2022-12-27T02:55:21.8877640Z   creating python_build/temp.macosx-11.0-arm64-cpython-39/third_party/boringssl/crypto/digest
2022-12-27T02:55:21.8880180Z   creating python_build/temp.macosx-11.0-arm64-cpython-39/third_party/boringssl/crypto/dsa
2022-12-27T02:55:21.8882710Z   creating python_build/temp.macosx-11.0-arm64-cpython-39/third_party/boringssl/crypto/ec
2022-12-27T02:55:21.8885270Z   creating python_build/temp.macosx-11.0-arm64-cpython-39/third_party/boringssl/crypto/ecdh
2022-12-27T02:55:21.8888030Z   creating python_build/temp.macosx-11.0-arm64-cpython-39/third_party/boringssl/crypto/ecdsa
2022-12-27T02:55:21.8890820Z   creating python_build/temp.macosx-11.0-arm64-cpython-39/third_party/boringssl/crypto/engine
2022-12-27T02:55:21.8893520Z   creating python_build/temp.macosx-11.0-arm64-cpython-39/third_party/boringssl/crypto/err
2022-12-27T02:55:21.8896140Z   creating python_build/temp.macosx-11.0-arm64-cpython-39/third_party/boringssl/crypto/evp
2022-12-27T02:55:21.8900690Z   creating python_build/temp.macosx-11.0-arm64-cpython-39/third_party/boringssl/crypto/hkdf
2022-12-27T02:55:21.8903400Z   creating python_build/temp.macosx-11.0-arm64-cpython-39/third_party/boringssl/crypto/hmac
2022-12-27T02:55:21.8906060Z   creating python_build/temp.macosx-11.0-arm64-cpython-39/third_party/boringssl/crypto/lhash
2022-12-27T02:55:21.8908750Z   creating python_build/temp.macosx-11.0-arm64-cpython-39/third_party/boringssl/crypto/md4
2022-12-27T02:55:21.8911440Z   creating python_build/temp.macosx-11.0-arm64-cpython-39/third_party/boringssl/crypto/md5
2022-12-27T02:55:21.8914170Z   creating python_build/temp.macosx-11.0-arm64-cpython-39/third_party/boringssl/crypto/modes
2022-12-27T02:55:21.8917150Z   creating python_build/temp.macosx-11.0-arm64-cpython-39/third_party/boringssl/crypto/newhope
2022-12-27T02:55:21.8921050Z   creating python_build/temp.macosx-11.0-arm64-cpython-39/third_party/boringssl/crypto/obj
2022-12-27T02:55:21.8924050Z   creating python_build/temp.macosx-11.0-arm64-cpython-39/third_party/boringssl/crypto/pem
2022-12-27T02:55:21.8928580Z   creating python_build/temp.macosx-11.0-arm64-cpython-39/third_party/boringssl/crypto/pkcs8
2022-12-27T02:55:21.8931690Z   creating python_build/temp.macosx-11.0-arm64-cpython-39/third_party/boringssl/crypto/poly1305
2022-12-27T02:55:21.8933950Z   creating python_build/temp.macosx-11.0-arm64-cpython-39/third_party/boringssl/crypto/rand
2022-12-27T02:55:21.8937460Z   creating python_build/temp.macosx-11.0-arm64-cpython-39/third_party/boringssl/crypto/rc4
2022-12-27T02:55:21.8939950Z   creating python_build/temp.macosx-11.0-arm64-cpython-39/third_party/boringssl/crypto/rsa
2022-12-27T02:55:21.8944030Z   creating python_build/temp.macosx-11.0-arm64-cpython-39/third_party/boringssl/crypto/sha
2022-12-27T02:55:21.8947390Z   creating python_build/temp.macosx-11.0-arm64-cpython-39/third_party/boringssl/crypto/stack
2022-12-27T02:55:21.8949900Z   creating python_build/temp.macosx-11.0-arm64-cpython-39/third_party/boringssl/crypto/x509
2022-12-27T02:55:21.8958090Z   creating python_build/temp.macosx-11.0-arm64-cpython-39/third_party/boringssl/crypto/x509v3
2022-12-27T02:55:21.8963200Z   creating python_build/temp.macosx-11.0-arm64-cpython-39/third_party/boringssl/ssl
2022-12-27T02:55:21.8968310Z   creating python_build/temp.macosx-11.0-arm64-cpython-39/third_party/nanopb
2022-12-27T02:55:21.8970090Z   creating python_build/temp.macosx-11.0-arm64-cpython-39/third_party/zlib
2022-12-27T02:55:21.8977210Z   gcc -Wno-unused-result -Wsign-compare -Wunreachable-code -fno-common -dynamic -DNDEBUG -g -fwrapv -O3 -Wall -g -I/usr/local/opt/openssl@3/include -I/usr/local/opt/openssl@3/include -arch arm64 -DOPENSSL_NO_ASM=1 -D_WIN32_WINNT=1536 -DGPR_BACKWARDS_COMPATIBILITY_MODE=1 "-DPyMODINIT_FUNC=__attribute__((visibility (\"default\"))) PyObject*" -Isrc/python/grpcio -Iinclude -I. -Ithird_party/boringssl/include -Ithird_party/zlib -I/private/var/folders/51/hd414ycd67n82196sw51xqtc0000gn/T/cibw-run-ov8u5gdd/cp39-macosx_arm64/build/venv/include -I/Library/Frameworks/Python.framework/Versions/3.9/include/python3.9 -c src/boringssl/err_data.c -o python_build/temp.macosx-11.0-arm64-cpython-39/src/boringssl/err_data.o -fvisibility=hidden -fno-wrapv -pthread -std=gnu99
2022-12-27T02:55:21.9342100Z   In file included from src/boringssl/err_data.c:17:
2022-12-27T02:55:21.9344100Z   third_party/boringssl/include/openssl/base.h:120:9: warning: 'OPENSSL_VERSION_NUMBER' macro redefined [-Wmacro-redefined]
2022-12-27T02:55:21.9345700Z   #define OPENSSL_VERSION_NUMBER 0x10002000
2022-12-27T02:55:21.9347500Z           ^
2022-12-27T02:55:21.9349370Z   /usr/local/opt/openssl@3/include/openssl/opensslv.h:99:10: note: previous definition is here
2022-12-27T02:55:21.9350660Z   # define OPENSSL_VERSION_NUMBER          \
2022-12-27T02:55:21.9352500Z            ^
2022-12-27T02:55:21.9354180Z   In file included from src/boringssl/err_data.c:18:
2022-12-27T02:55:21.9355640Z   In file included from /usr/local/opt/openssl@3/include/openssl/err.h:21:
2022-12-27T02:55:21.9357490Z   /usr/local/opt/openssl@3/include/openssl/e_os2.h:183:11: warning: 'OPENSSL_EXPORT' macro redefined [-Wmacro-redefined]
2022-12-27T02:55:21.9358860Z   #  define OPENSSL_EXPORT extern
2022-12-27T02:55:21.9360010Z             ^
2022-12-27T02:55:21.9361730Z   third_party/boringssl/include/openssl/base.h:155:9: note: previous definition is here
2022-12-27T02:55:21.9363040Z   #define OPENSSL_EXPORT
2022-12-27T02:55:21.9364610Z           ^
2022-12-27T02:55:21.9424180Z   In file included from src/boringssl/err_data.c:18:
2022-12-27T02:55:21.9425500Z   In file included from /usr/local/opt/openssl@3/include/openssl/err.h:28:
2022-12-27T02:55:21.9427160Z   In file included from /usr/local/opt/openssl@3/include/openssl/types.h:21:
2022-12-27T02:55:21.9428940Z   /usr/local/opt/openssl@3/include/openssl/safestack.h:264:15: warning: redefinition of typedef 'OPENSSL_BLOCK' is a C11 feature [-Wtypedef-redefinition]
2022-12-27T02:55:21.9430180Z   typedef void *OPENSSL_BLOCK;
2022-12-27T02:55:21.9431710Z                 ^
2022-12-27T02:55:21.9433330Z   third_party/boringssl/include/openssl/base.h:298:15: note: previous definition is here
2022-12-27T02:55:21.9434640Z   typedef void *OPENSSL_BLOCK;
2022-12-27T02:55:21.9436080Z                 ^
2022-12-27T02:55:21.9437660Z   In file included from src/boringssl/err_data.c:18:
2022-12-27T02:55:21.9439140Z   In file included from /usr/local/opt/openssl@3/include/openssl/err.h:28:
2022-12-27T02:55:21.9440880Z   /usr/local/opt/openssl@3/include/openssl/types.h:45:31: warning: redefinition of typedef 'ASN1_INTEGER' is a C11 feature [-Wtypedef-redefinition]
2022-12-27T02:55:21.9442140Z   typedef struct asn1_string_st ASN1_INTEGER;
2022-12-27T02:55:21.9443590Z                                 ^
2022-12-27T02:55:21.9445160Z   third_party/boringssl/include/openssl/base.h:189:31: note: previous definition is here
2022-12-27T02:55:21.9446620Z   typedef struct asn1_string_st ASN1_INTEGER;
2022-12-27T02:55:21.9448060Z                                 ^
2022-12-27T02:55:21.9449580Z   In file included from src/boringssl/err_data.c:18:
2022-12-27T02:55:21.9451120Z   In file included from /usr/local/opt/openssl@3/include/openssl/err.h:28:
2022-12-27T02:55:21.9452890Z   /usr/local/opt/openssl@3/include/openssl/types.h:46:31: warning: redefinition of typedef 'ASN1_ENUMERATED' is a C11 feature [-Wtypedef-redefinition]
2022-12-27T02:55:21.9454440Z   typedef struct asn1_string_st ASN1_ENUMERATED;
2022-12-27T02:55:21.9455910Z                                 ^
2022-12-27T02:55:21.9457420Z   third_party/boringssl/include/openssl/base.h:185:31: note: previous definition is here
2022-12-27T02:55:21.9458930Z   typedef struct asn1_string_st ASN1_ENUMERATED;
2022-12-27T02:55:21.9460330Z                                 ^
2022-12-27T02:55:21.9461950Z   In file included from src/boringssl/err_data.c:18:
2022-12-27T02:55:21.9463770Z   In file included from /usr/local/opt/openssl@3/include/openssl/err.h:28:
2022-12-27T02:55:21.9465180Z   /usr/local/opt/openssl@3/include/openssl/types.h:47:31: warning: redefinition of typedef 'ASN1_BIT_STRING' is a C11 feature [-Wtypedef-redefinition]
2022-12-27T02:55:21.9466310Z   typedef struct asn1_string_st ASN1_BIT_STRING;
2022-12-27T02:55:21.9467810Z                                 ^
2022-12-27T02:55:21.9469400Z   third_party/boringssl/include/openssl/base.h:183:31: note: previous definition is here
2022-12-27T02:55:21.9470830Z   typedef struct asn1_string_st ASN1_BIT_STRING;
2022-12-27T02:55:21.9472320Z                                 ^
2022-12-27T02:55:21.9473830Z   In file included from src/boringssl/err_data.c:18:
2022-12-27T02:55:21.9475330Z   In file included from /usr/local/opt/openssl@3/include/openssl/err.h:28:
2022-12-27T02:55:21.9477150Z   /usr/local/opt/openssl@3/include/openssl/types.h:48:31: warning: redefinition of typedef 'ASN1_OCTET_STRING' is a C11 feature [-Wtypedef-redefinition]
2022-12-27T02:55:21.9478290Z   typedef struct asn1_string_st ASN1_OCTET_STRING;
2022-12-27T02:55:21.9479900Z                                 ^
2022-12-27T02:55:21.9481330Z   third_party/boringssl/include/openssl/base.h:190:31: note: previous definition is here
2022-12-27T02:55:21.9482720Z   typedef struct asn1_string_st ASN1_OCTET_STRING;
2022-12-27T02:55:21.9484130Z                                 ^
2022-12-27T02:55:21.9485630Z   In file included from src/boringssl/err_data.c:18:
2022-12-27T02:55:21.9487100Z   In file included from /usr/local/opt/openssl@3/include/openssl/err.h:28:
2022-12-27T02:55:21.9488820Z   /usr/local/opt/openssl@3/include/openssl/types.h:49:31: warning: redefinition of typedef 'ASN1_PRINTABLESTRING' is a C11 feature [-Wtypedef-redefinition]
2022-12-27T02:55:21.9490130Z   typedef struct asn1_string_st ASN1_PRINTABLESTRING;
2022-12-27T02:55:21.9491650Z                                 ^
2022-12-27T02:55:21.9493250Z   third_party/boringssl/include/openssl/base.h:191:31: note: previous definition is here
2022-12-27T02:55:21.9494680Z   typedef struct asn1_string_st ASN1_PRINTABLESTRING;
2022-12-27T02:55:21.9496070Z                                 ^
2022-12-27T02:55:21.9497530Z   In file included from src/boringssl/err_data.c:18:
2022-12-27T02:55:21.9499000Z   In file included from /usr/local/opt/openssl@3/include/openssl/err.h:28:
2022-12-27T02:55:21.9500770Z   /usr/local/opt/openssl@3/include/openssl/types.h:50:31: warning: redefinition of typedef 'ASN1_T61STRING' is a C11 feature [-Wtypedef-redefinition]
2022-12-27T02:55:21.9502060Z   typedef struct asn1_string_st ASN1_T61STRING;
2022-12-27T02:55:21.9503430Z                                 ^
2022-12-27T02:55:21.9505030Z   third_party/boringssl/include/openssl/base.h:193:31: note: previous definition is here
2022-12-27T02:55:21.9506520Z   typedef struct asn1_string_st ASN1_T61STRING;
2022-12-27T02:55:21.9507920Z                                 ^
2022-12-27T02:55:21.9509420Z   In file included from src/boringssl/err_data.c:18:
2022-12-27T02:55:21.9510990Z   In file included from /usr/local/opt/openssl@3/include/openssl/err.h:28:
2022-12-27T02:55:21.9512710Z   /usr/local/opt/openssl@3/include/openssl/types.h:51:31: warning: redefinition of typedef 'ASN1_IA5STRING' is a C11 feature [-Wtypedef-redefinition]
2022-12-27T02:55:21.9513980Z   typedef struct asn1_string_st ASN1_IA5STRING;
2022-12-27T02:55:21.9515360Z                                 ^
2022-12-27T02:55:21.9516940Z   third_party/boringssl/include/openssl/base.h:188:31: note: previous definition is here
2022-12-27T02:55:21.9518410Z   typedef struct asn1_string_st ASN1_IA5STRING;
2022-12-27T02:55:21.9519850Z                                 ^
2022-12-27T02:55:21.9521390Z   In file included from src/boringssl/err_data.c:18:
2022-12-27T02:55:21.9523070Z   In file included from /usr/local/opt/openssl@3/include/openssl/err.h:28:
2022-12-27T02:55:21.9524790Z   /usr/local/opt/openssl@3/include/openssl/types.h:52:31: warning: redefinition of typedef 'ASN1_GENERALSTRING' is a C11 feature [-Wtypedef-redefinition]
2022-12-27T02:55:21.9526270Z   typedef struct asn1_string_st ASN1_GENERALSTRING;
2022-12-27T02:55:21.9527560Z                                 ^
2022-12-27T02:55:21.9529170Z   third_party/boringssl/include/openssl/base.h:187:31: note: previous definition is here
2022-12-27T02:55:21.9530670Z   typedef struct asn1_string_st ASN1_GENERALSTRING;
2022-12-27T02:55:21.9532150Z                                 ^
2022-12-27T02:55:21.9533640Z   In file included from src/boringssl/err_data.c:18:
2022-12-27T02:55:21.9535140Z   In file included from /usr/local/opt/openssl@3/include/openssl/err.h:28:
2022-12-27T02:55:21.9536880Z   /usr/local/opt/openssl@3/include/openssl/types.h:53:31: warning: redefinition of typedef 'ASN1_UNIVERSALSTRING' is a C11 feature [-Wtypedef-redefinition]
2022-12-27T02:55:21.9538170Z   typedef struct asn1_string_st ASN1_UNIVERSALSTRING;
2022-12-27T02:55:21.9539570Z                                 ^
2022-12-27T02:55:21.9541130Z   third_party/boringssl/include/openssl/base.h:195:31: note: previous definition is here
2022-12-27T02:55:21.9542610Z   typedef struct asn1_string_st ASN1_UNIVERSALSTRING;
2022-12-27T02:55:21.9544020Z                                 ^
2022-12-27T02:55:21.9545520Z   In file included from src/boringssl/err_data.c:18:
2022-12-27T02:55:21.9547000Z   In file included from /usr/local/opt/openssl@3/include/openssl/err.h:28:
2022-12-27T02:55:21.9548730Z   /usr/local/opt/openssl@3/include/openssl/types.h:54:31: warning: redefinition of typedef 'ASN1_BMPSTRING' is a C11 feature [-Wtypedef-redefinition]
2022-12-27T02:55:21.9550040Z   typedef struct asn1_string_st ASN1_BMPSTRING;
2022-12-27T02:55:21.9551490Z                                 ^
2022-12-27T02:55:21.9553070Z   third_party/boringssl/include/openssl/base.h:184:31: note: previous definition is here
2022-12-27T02:55:21.9554520Z   typedef struct asn1_string_st ASN1_BMPSTRING;
2022-12-27T02:55:21.9555920Z                                 ^
2022-12-27T02:55:21.9557470Z   In file included from src/boringssl/err_data.c:18:
2022-12-27T02:55:21.9558940Z   In file included from /usr/local/opt/openssl@3/include/openssl/err.h:28:
2022-12-27T02:55:21.9560680Z   /usr/local/opt/openssl@3/include/openssl/types.h:55:31: warning: redefinition of typedef 'ASN1_UTCTIME' is a C11 feature [-Wtypedef-redefinition]
2022-12-27T02:55:21.9561970Z   typedef struct asn1_string_st ASN1_UTCTIME;
2022-12-27T02:55:21.9563400Z                                 ^
2022-12-27T02:55:21.9565010Z   third_party/boringssl/include/openssl/base.h:196:31: note: previous definition is here
2022-12-27T02:55:21.9566460Z   typedef struct asn1_string_st ASN1_UTCTIME;
2022-12-27T02:55:21.9567870Z                                 ^
2022-12-27T02:55:21.9569370Z   In file included from src/boringssl/err_data.c:18:
2022-12-27T02:55:21.9570880Z   In file included from /usr/local/opt/openssl@3/include/openssl/err.h:28:
2022-12-27T02:55:21.9572670Z   /usr/local/opt/openssl@3/include/openssl/types.h:56:31: warning: redefinition of typedef 'ASN1_TIME' is a C11 feature [-Wtypedef-redefinition]
2022-12-27T02:55:21.9574060Z   typedef struct asn1_string_st ASN1_TIME;
2022-12-27T02:55:21.9575550Z                                 ^
2022-12-27T02:55:21.9577070Z   third_party/boringssl/include/openssl/base.h:194:31: note: previous definition is here
2022-12-27T02:55:21.9578550Z   typedef struct asn1_string_st ASN1_TIME;
2022-12-27T02:55:21.9579970Z                                 ^
2022-12-27T02:55:21.9581520Z   In file included from src/boringssl/err_data.c:18:
2022-12-27T02:55:21.9582970Z   In file included from /usr/local/opt/openssl@3/include/openssl/err.h:28:
2022-12-27T02:55:21.9584750Z   /usr/local/opt/openssl@3/include/openssl/types.h:57:31: warning: redefinition of typedef 'ASN1_GENERALIZEDTIME' is a C11 feature [-Wtypedef-redefinition]
2022-12-27T02:55:21.9586060Z   typedef struct asn1_string_st ASN1_GENERALIZEDTIME;
2022-12-27T02:55:21.9587440Z                                 ^
2022-12-27T02:55:21.9589060Z   third_party/boringssl/include/openssl/base.h:186:31: note: previous definition is here
2022-12-27T02:55:21.9590630Z   typedef struct asn1_string_st ASN1_GENERALIZEDTIME;
2022-12-27T02:55:21.9592000Z                                 ^
2022-12-27T02:55:21.9593450Z   In file included from src/boringssl/err_data.c:18:
2022-12-27T02:55:21.9594920Z   In file included from /usr/local/opt/openssl@3/include/openssl/err.h:28:
2022-12-27T02:55:21.9596660Z   /usr/local/opt/openssl@3/include/openssl/types.h:58:31: warning: redefinition of typedef 'ASN1_VISIBLESTRING' is a C11 feature [-Wtypedef-redefinition]
2022-12-27T02:55:21.9597990Z   typedef struct asn1_string_st ASN1_VISIBLESTRING;
2022-12-27T02:55:21.9599440Z                                 ^
2022-12-27T02:55:21.9601010Z   third_party/boringssl/include/openssl/base.h:198:31: note: previous definition is here
2022-12-27T02:55:21.9602460Z   typedef struct asn1_string_st ASN1_VISIBLESTRING;
2022-12-27T02:55:21.9603840Z                                 ^
2022-12-27T02:55:21.9605340Z   In file included from src/boringssl/err_data.c:18:
2022-12-27T02:55:21.9606800Z   In file included from /usr/local/opt/openssl@3/include/openssl/err.h:28:
2022-12-27T02:55:21.9608490Z   /usr/local/opt/openssl@3/include/openssl/types.h:59:31: warning: redefinition of typedef 'ASN1_UTF8STRING' is a C11 feature [-Wtypedef-redefinition]
2022-12-27T02:55:21.9609790Z   typedef struct asn1_string_st ASN1_UTF8STRING;
2022-12-27T02:55:21.9611260Z                                 ^
2022-12-27T02:55:21.9612830Z   third_party/boringssl/include/openssl/base.h:197:31: note: previous definition is here
2022-12-27T02:55:21.9614270Z   typedef struct asn1_string_st ASN1_UTF8STRING;
2022-12-27T02:55:21.9615680Z                                 ^
2022-12-27T02:55:21.9617190Z   In file included from src/boringssl/err_data.c:18:
2022-12-27T02:55:21.9618690Z   In file included from /usr/local/opt/openssl@3/include/openssl/err.h:28:
2022-12-27T02:55:21.9620400Z   /usr/local/opt/openssl@3/include/openssl/types.h:60:31: warning: redefinition of typedef 'ASN1_STRING' is a C11 feature [-Wtypedef-redefinition]
2022-12-27T02:55:21.9621850Z   typedef struct asn1_string_st ASN1_STRING;
2022-12-27T02:55:21.9623370Z                                 ^
2022-12-27T02:55:21.9625020Z   third_party/boringssl/include/openssl/base.h:192:31: note: previous definition is here
2022-12-27T02:55:21.9626310Z   typedef struct asn1_string_st ASN1_STRING;
2022-12-27T02:55:21.9627690Z                                 ^
2022-12-27T02:55:21.9629180Z   In file included from src/boringssl/err_data.c:18:
2022-12-27T02:55:21.9630660Z   In file included from /usr/local/opt/openssl@3/include/openssl/err.h:28:
2022-12-27T02:55:21.9633000Z   /usr/local/opt/openssl@3/include/openssl/types.h:61:13: warning: redefinition of typedef 'ASN1_BOOLEAN' is a C11 feature [-Wtypedef-redefinition]
2022-12-27T02:55:21.9634710Z   typedef int ASN1_BOOLEAN;
2022-12-27T02:55:21.9636630Z               ^
2022-12-27T02:55:21.9638570Z   third_party/boringssl/include/openssl/base.h:178:13: note: previous definition is here
2022-12-27T02:55:21.9639980Z   typedef int ASN1_BOOLEAN;
2022-12-27T02:55:21.9641390Z               ^
2022-12-27T02:55:21.9642900Z   In file included from src/boringssl/err_data.c:18:
2022-12-27T02:55:21.9644460Z   In file included from /usr/local/opt/openssl@3/include/openssl/err.h:28:
2022-12-27T02:55:21.9646290Z   /usr/local/opt/openssl@3/include/openssl/types.h:62:13: warning: redefinition of typedef 'ASN1_NULL' is a C11 feature [-Wtypedef-redefinition]
2022-12-27T02:55:21.9647620Z   typedef int ASN1_NULL;
2022-12-27T02:55:21.9649240Z               ^
2022-12-27T02:55:21.9650910Z   third_party/boringssl/include/openssl/base.h:179:13: note: previous definition is here
2022-12-27T02:55:21.9652420Z   typedef int ASN1_NULL;
2022-12-27T02:55:21.9653850Z               ^
2022-12-27T02:55:21.9655300Z   In file included from src/boringssl/err_data.c:18:
2022-12-27T02:55:21.9656850Z   In file included from /usr/local/opt/openssl@3/include/openssl/err.h:28:
2022-12-27T02:55:21.9658850Z   /usr/local/opt/openssl@3/include/openssl/types.h:65:29: warning: redefinition of typedef 'ASN1_TYPE' is a C11 feature [-Wtypedef-redefinition]
2022-12-27T02:55:21.9659770Z   typedef struct asn1_type_st ASN1_TYPE;
2022-12-27T02:55:21.9661220Z                               ^
2022-12-27T02:55:21.9662780Z   third_party/boringssl/include/openssl/base.h:199:29: note: previous definition is here
2022-12-27T02:55:21.9664180Z   typedef struct asn1_type_st ASN1_TYPE;
2022-12-27T02:55:21.9665570Z                               ^
2022-12-27T02:55:21.9667070Z   In file included from src/boringssl/err_data.c:18:
2022-12-27T02:55:21.9668560Z   In file included from /usr/local/opt/openssl@3/include/openssl/err.h:28:
2022-12-27T02:55:21.9670350Z   /usr/local/opt/openssl@3/include/openssl/types.h:66:31: warning: redefinition of typedef 'ASN1_OBJECT' is a C11 feature [-Wtypedef-redefinition]
2022-12-27T02:55:21.9671770Z   typedef struct asn1_object_st ASN1_OBJECT;
2022-12-27T02:55:21.9673030Z                                 ^
2022-12-27T02:55:21.9674610Z   third_party/boringssl/include/openssl/base.h:181:31: note: previous definition is here
2022-12-27T02:55:21.9676040Z   typedef struct asn1_object_st ASN1_OBJECT;
2022-12-27T02:55:21.9677420Z                                 ^
2022-12-27T02:55:21.9678930Z   In file included from src/boringssl/err_data.c:18:
2022-12-27T02:55:21.9680420Z   In file included from /usr/local/opt/openssl@3/include/openssl/err.h:28:
2022-12-27T02:55:21.9682200Z   /usr/local/opt/openssl@3/include/openssl/types.h:69:29: warning: redefinition of typedef 'ASN1_ITEM' is a C11 feature [-Wtypedef-redefinition]
2022-12-27T02:55:21.9683310Z   typedef struct ASN1_ITEM_st ASN1_ITEM;
2022-12-27T02:55:21.9684770Z                               ^
2022-12-27T02:55:21.9686350Z   third_party/boringssl/include/openssl/base.h:180:29: note: previous definition is here
2022-12-27T02:55:21.9687750Z   typedef struct ASN1_ITEM_st ASN1_ITEM;
2022-12-27T02:55:21.9689140Z                               ^
2022-12-27T02:55:21.9690670Z   In file included from src/boringssl/err_data.c:18:
2022-12-27T02:55:21.9692210Z   In file included from /usr/local/opt/openssl@3/include/openssl/err.h:28:
2022-12-27T02:55:21.9693970Z   /usr/local/opt/openssl@3/include/openssl/types.h:70:29: warning: redefinition of typedef 'ASN1_PCTX' is a C11 feature [-Wtypedef-redefinition]
2022-12-27T02:55:21.9695090Z   typedef struct asn1_pctx_st ASN1_PCTX;
2022-12-27T02:55:21.9696550Z                               ^
2022-12-27T02:55:21.9698190Z   third_party/boringssl/include/openssl/base.h:182:29: note: previous definition is here
2022-12-27T02:55:21.9699540Z   typedef struct asn1_pctx_st ASN1_PCTX;
2022-12-27T02:55:21.9701130Z                               ^
2022-12-27T02:55:21.9702430Z   In file included from src/boringssl/err_data.c:18:
2022-12-27T02:55:21.9703850Z   In file included from /usr/local/opt/openssl@3/include/openssl/err.h:28:
2022-12-27T02:55:21.9705610Z   /usr/local/opt/openssl@3/include/openssl/types.h:86:23: warning: redefinition of typedef 'BIO' is a C11 feature [-Wtypedef-redefinition]
2022-12-27T02:55:21.9706930Z   typedef struct bio_st BIO;
2022-12-27T02:55:21.9708310Z                         ^
2022-12-27T02:55:21.9709770Z   third_party/boringssl/include/openssl/base.h:235:23: note: previous definition is here
2022-12-27T02:55:21.9711260Z   typedef struct bio_st BIO;
2022-12-27T02:55:21.9712680Z                         ^
2022-12-27T02:55:21.9714200Z   In file included from src/boringssl/err_data.c:18:
2022-12-27T02:55:21.9715680Z   In file included from /usr/local/opt/openssl@3/include/openssl/err.h:28:
2022-12-27T02:55:21.9717390Z   /usr/local/opt/openssl@3/include/openssl/types.h:87:26: warning: redefinition of typedef 'BIGNUM' is a C11 feature [-Wtypedef-redefinition]
2022-12-27T02:55:21.9718650Z   typedef struct bignum_st BIGNUM;
2022-12-27T02:55:21.9720020Z                            ^
2022-12-27T02:55:21.9721540Z   third_party/boringssl/include/openssl/base.h:233:26: note: previous definition is here
2022-12-27T02:55:21.9723100Z   typedef struct bignum_st BIGNUM;
2022-12-27T02:55:21.9724500Z                            ^
2022-12-27T02:55:21.9726190Z   In file included from src/boringssl/err_data.c:18:
2022-12-27T02:55:21.9727490Z   In file included from /usr/local/opt/openssl@3/include/openssl/err.h:28:
2022-12-27T02:55:21.9729150Z   /usr/local/opt/openssl@3/include/openssl/types.h:88:27: warning: redefinition of typedef 'BN_CTX' is a C11 feature [-Wtypedef-redefinition]
2022-12-27T02:55:21.9730450Z   typedef struct bignum_ctx BN_CTX;
2022-12-27T02:55:21.9731900Z                             ^
2022-12-27T02:55:21.9733560Z   third_party/boringssl/include/openssl/base.h:232:27: note: previous definition is here
2022-12-27T02:55:21.9735230Z   typedef struct bignum_ctx BN_CTX;
2022-12-27T02:55:21.9736440Z                             ^
2022-12-27T02:55:21.9738420Z   In file included from src/boringssl/err_data.c:18:
2022-12-27T02:55:21.9740490Z   In file included from /usr/local/opt/openssl@3/include/openssl/err.h:28:
2022-12-27T02:55:21.9743170Z   /usr/local/opt/openssl@3/include/openssl/types.h:90:31: warning: redefinition of typedef 'BN_MONT_CTX' is a C11 feature [-Wtypedef-redefinition]
2022-12-27T02:55:21.9744330Z   typedef struct bn_mont_ctx_st BN_MONT_CTX;
2022-12-27T02:55:21.9745910Z                                 ^
2022-12-27T02:55:21.9747560Z   third_party/boringssl/include/openssl/base.h:237:31: note: previous definition is here
2022-12-27T02:55:21.9749040Z   typedef struct bn_mont_ctx_st BN_MONT_CTX;
2022-12-27T02:55:21.9750670Z                                 ^
2022-12-27T02:55:21.9752310Z   In file included from src/boringssl/err_data.c:18:
2022-12-27T02:55:21.9753900Z   In file included from /usr/local/opt/openssl@3/include/openssl/err.h:28:
2022-12-27T02:55:21.9755720Z   /usr/local/opt/openssl@3/include/openssl/types.h:92:28: warning: redefinition of typedef 'BN_GENCB' is a C11 feature [-Wtypedef-redefinition]
2022-12-27T02:55:21.9756950Z   typedef struct bn_gencb_st BN_GENCB;
2022-12-27T02:55:21.9758370Z                              ^
2022-12-27T02:55:21.9759990Z   third_party/boringssl/include/openssl/base.h:236:28: note: previous definition is here
2022-12-27T02:55:21.9761370Z   typedef struct bn_gencb_st BN_GENCB;
2022-12-27T02:55:21.9762770Z                              ^
2022-12-27T02:55:21.9764280Z   In file included from src/boringssl/err_data.c:18:
2022-12-27T02:55:21.9765780Z   In file included from /usr/local/opt/openssl@3/include/openssl/err.h:28:
2022-12-27T02:55:21.9767550Z   /usr/local/opt/openssl@3/include/openssl/types.h:94:27: warning: redefinition of typedef 'BUF_MEM' is a C11 feature [-Wtypedef-redefinition]
2022-12-27T02:55:21.9768670Z   typedef struct buf_mem_st BUF_MEM;
2022-12-27T02:55:21.9770140Z                             ^
2022-12-27T02:55:21.9771840Z   third_party/boringssl/include/openssl/base.h:238:27: note: previous definition is here
2022-12-27T02:55:21.9773250Z   typedef struct buf_mem_st BUF_MEM;
2022-12-27T02:55:21.9774700Z                             ^
2022-12-27T02:55:21.9776250Z   In file included from src/boringssl/err_data.c:18:
2022-12-27T02:55:21.9777760Z   In file included from /usr/local/opt/openssl@3/include/openssl/err.h:28:
2022-12-27T02:55:21.9779530Z   /usr/local/opt/openssl@3/include/openssl/types.h:101:30: warning: redefinition of typedef 'EVP_CIPHER' is a C11 feature [-Wtypedef-redefinition]
2022-12-27T02:55:21.9780660Z   typedef struct evp_cipher_st EVP_CIPHER;
2022-12-27T02:55:21.9782130Z                                ^
2022-12-27T02:55:21.9783690Z   third_party/boringssl/include/openssl/base.h:256:30: note: previous definition is here
2022-12-27T02:55:21.9785100Z   typedef struct evp_cipher_st EVP_CIPHER;
2022-12-27T02:55:21.9786510Z                                ^
2022-12-27T02:55:21.9788010Z   In file included from src/boringssl/err_data.c:18:
2022-12-27T02:55:21.9789510Z   In file included from /usr/local/opt/openssl@3/include/openssl/err.h:28:
2022-12-27T02:55:21.9791520Z   /usr/local/opt/openssl@3/include/openssl/types.h:102:34: warning: redefinition of typedef 'EVP_CIPHER_CTX' is a C11 feature [-Wtypedef-redefinition]
2022-12-27T02:55:21.9792560Z   typedef struct evp_cipher_ctx_st EVP_CIPHER_CTX;
2022-12-27T02:55:21.9794620Z                                    ^
2022-12-27T02:55:21.9795820Z   third_party/boringssl/include/openssl/base.h:255:34: note: previous definition is here
2022-12-27T02:55:21.9797460Z   typedef struct evp_cipher_ctx_st EVP_CIPHER_CTX;
2022-12-27T02:55:21.9798740Z                                    ^
2022-12-27T02:55:21.9800300Z   In file included from src/boringssl/err_data.c:18:
2022-12-27T02:55:21.9801800Z   In file included from /usr/local/opt/openssl@3/include/openssl/err.h:28:
2022-12-27T02:55:21.9803580Z   /usr/local/opt/openssl@3/include/openssl/types.h:103:26: error: typedef redefinition with different types ('struct evp_md_st' vs 'struct env_md_st')
2022-12-27T02:55:21.9804570Z   typedef struct evp_md_st EVP_MD;
2022-12-27T02:55:21.9806070Z                            ^
2022-12-27T02:55:21.9807610Z   third_party/boringssl/include/openssl/base.h:253:26: note: previous definition is here
2022-12-27T02:55:21.9809040Z   typedef struct env_md_st EVP_MD;
2022-12-27T02:55:21.9810480Z                            ^
2022-12-27T02:55:21.9812150Z   In file included from src/boringssl/err_data.c:18:
2022-12-27T02:55:21.9813620Z   In file included from /usr/local/opt/openssl@3/include/openssl/err.h:28:
2022-12-27T02:55:21.9815420Z   /usr/local/opt/openssl@3/include/openssl/types.h:104:30: error: typedef redefinition with different types ('struct evp_md_ctx_st' vs 'struct env_md_ctx_st')
2022-12-27T02:55:21.9816400Z   typedef struct evp_md_ctx_st EVP_MD_CTX;
2022-12-27T02:55:21.9817950Z                                ^
2022-12-27T02:55:21.9819480Z   third_party/boringssl/include/openssl/base.h:252:30: note: previous definition is here
2022-12-27T02:55:21.9820920Z   typedef struct env_md_ctx_st EVP_MD_CTX;
2022-12-27T02:55:21.9822290Z                                ^
2022-12-27T02:55:21.9823780Z   In file included from src/boringssl/err_data.c:18:
2022-12-27T02:55:21.9825280Z   In file included from /usr/local/opt/openssl@3/include/openssl/err.h:28:
2022-12-27T02:55:21.9826980Z   /usr/local/opt/openssl@3/include/openssl/types.h:107:28: warning: redefinition of typedef 'EVP_PKEY' is a C11 feature [-Wtypedef-redefinition]
2022-12-27T02:55:21.9828200Z   typedef struct evp_pkey_st EVP_PKEY;
2022-12-27T02:55:21.9829580Z                              ^
2022-12-27T02:55:21.9831160Z   third_party/boringssl/include/openssl/base.h:261:28: note: previous definition is here
2022-12-27T02:55:21.9832690Z   typedef struct evp_pkey_st EVP_PKEY;
2022-12-27T02:55:21.9834060Z                              ^
2022-12-27T02:55:21.9835870Z   In file included from src/boringssl/err_data.c:18:
2022-12-27T02:55:21.9837510Z   In file included from /usr/local/opt/openssl@3/include/openssl/err.h:28:
2022-12-27T02:55:21.9839900Z   /usr/local/opt/openssl@3/include/openssl/types.h:109:40: warning: redefinition of typedef 'EVP_PKEY_ASN1_METHOD' is a C11 feature [-Wtypedef-redefinition]
2022-12-27T02:55:21.9840790Z   typedef struct evp_pkey_asn1_method_st EVP_PKEY_ASN1_METHOD;
2022-12-27T02:55:21.9842410Z                                          ^
2022-12-27T02:55:21.9844160Z   third_party/boringssl/include/openssl/base.h:258:40: note: previous definition is here
2022-12-27T02:55:21.9845640Z   typedef struct evp_pkey_asn1_method_st EVP_PKEY_ASN1_METHOD;
2022-12-27T02:55:21.9846960Z                                          ^
2022-12-27T02:55:21.9849060Z   In file included from src/boringssl/err_data.c:18:
2022-12-27T02:55:21.9850580Z   In file included from /usr/local/opt/openssl@3/include/openssl/err.h:28:
2022-12-27T02:55:21.9852400Z   /usr/local/opt/openssl@3/include/openssl/types.h:111:35: warning: redefinition of typedef 'EVP_PKEY_METHOD' is a C11 feature [-Wtypedef-redefinition]
2022-12-27T02:55:21.9853620Z   typedef struct evp_pkey_method_st EVP_PKEY_METHOD;
2022-12-27T02:55:21.9855160Z                                     ^
2022-12-27T02:55:21.9856740Z   third_party/boringssl/include/openssl/base.h:260:35: note: previous definition is here
2022-12-27T02:55:21.9858210Z   typedef struct evp_pkey_method_st EVP_PKEY_METHOD;
2022-12-27T02:55:21.9859990Z                                     ^
2022-12-27T02:55:21.9861580Z   In file included from src/boringssl/err_data.c:18:
2022-12-27T02:55:21.9863000Z   In file included from /usr/local/opt/openssl@3/include/openssl/err.h:28:
2022-12-27T02:55:21.9864700Z   /usr/local/opt/openssl@3/include/openssl/types.h:112:32: warning: redefinition of typedef 'EVP_PKEY_CTX' is a C11 feature [-Wtypedef-redefinition]
2022-12-27T02:55:21.9865940Z   typedef struct evp_pkey_ctx_st EVP_PKEY_CTX;
2022-12-27T02:55:21.9867320Z                                  ^
2022-12-27T02:55:21.9868870Z   third_party/boringssl/include/openssl/base.h:259:32: note: previous definition is here
2022-12-27T02:55:21.9870320Z   typedef struct evp_pkey_ctx_st EVP_PKEY_CTX;
2022-12-27T02:55:21.9871800Z                                  ^
2022-12-27T02:55:21.9873260Z   In file included from src/boringssl/err_data.c:18:
2022-12-27T02:55:21.9874720Z   In file included from /usr/local/opt/openssl@3/include/openssl/err.h:28:
2022-12-27T02:55:21.9876560Z   /usr/local/opt/openssl@3/include/openssl/types.h:130:34: error: typedef redefinition with different types ('struct evp_Encode_Ctx_st' vs 'struct evp_encode_ctx_st')
2022-12-27T02:55:21.9877820Z   typedef struct evp_Encode_Ctx_st EVP_ENCODE_CTX;
2022-12-27T02:55:21.9879220Z                                    ^
2022-12-27T02:55:21.9880800Z   third_party/boringssl/include/openssl/base.h:257:34: note: previous definition is here
2022-12-27T02:55:21.9882240Z   typedef struct evp_encode_ctx_st EVP_ENCODE_CTX;
2022-12-27T02:55:21.9883640Z                                    ^
2022-12-27T02:55:21.9885130Z   In file included from src/boringssl/err_data.c:18:
2022-12-27T02:55:21.9886620Z   In file included from /usr/local/opt/openssl@3/include/openssl/err.h:28:
2022-12-27T02:55:21.9888310Z   /usr/local/opt/openssl@3/include/openssl/types.h:132:28: warning: redefinition of typedef 'HMAC_CTX' is a C11 feature [-Wtypedef-redefinition]
2022-12-27T02:55:21.9889880Z   typedef struct hmac_ctx_st HMAC_CTX;
2022-12-27T02:55:21.9891270Z                              ^
2022-12-27T02:55:21.9892820Z   third_party/boringssl/include/openssl/base.h:262:28: note: previous definition is here
2022-12-27T02:55:21.9894370Z   typedef struct hmac_ctx_st HMAC_CTX;
2022-12-27T02:55:21.9895800Z                              ^
2022-12-27T02:55:21.9897300Z   In file included from src/boringssl/err_data.c:18:
2022-12-27T02:55:21.9898800Z   In file included from /usr/local/opt/openssl@3/include/openssl/err.h:28:
2022-12-27T02:55:21.9900540Z   /usr/local/opt/openssl@3/include/openssl/types.h:134:22: warning: redefinition of typedef 'DH' is a C11 feature [-Wtypedef-redefinition]
2022-12-27T02:55:21.9901590Z   typedef struct dh_st DH;
2022-12-27T02:55:21.9903090Z                        ^
2022-12-27T02:55:21.9904630Z   third_party/boringssl/include/openssl/base.h:244:22: note: previous definition is here
2022-12-27T02:55:21.9905990Z   typedef struct dh_st DH;
2022-12-27T02:55:21.9907380Z                        ^
2022-12-27T02:55:21.9908880Z   In file included from src/boringssl/err_data.c:18:
2022-12-27T02:55:21.9910370Z   In file included from /usr/local/opt/openssl@3/include/openssl/err.h:28:
2022-12-27T02:55:21.9912280Z   /usr/local/opt/openssl@3/include/openssl/types.h:138:23: warning: redefinition of typedef 'DSA' is a C11 feature [-Wtypedef-redefinition]
2022-12-27T02:55:21.9913300Z   typedef struct dsa_st DSA;
2022-12-27T02:55:21.9914760Z                         ^
2022-12-27T02:55:21.9916340Z   third_party/boringssl/include/openssl/base.h:245:23: note: previous definition is here
2022-12-27T02:55:21.9917730Z   typedef struct dsa_st DSA;
2022-12-27T02:55:21.9919110Z                         ^
2022-12-27T02:55:21.9920590Z   In file included from src/boringssl/err_data.c:18:
2022-12-27T02:55:21.9922060Z   In file included from /usr/local/opt/openssl@3/include/openssl/err.h:28:
2022-12-27T02:55:21.9923780Z   /usr/local/opt/openssl@3/include/openssl/types.h:143:23: warning: redefinition of typedef 'RSA' is a C11 feature [-Wtypedef-redefinition]
2022-12-27T02:55:21.9925130Z   typedef struct rsa_st RSA;
2022-12-27T02:55:21.9926420Z                         ^
2022-12-27T02:55:21.9927930Z   third_party/boringssl/include/openssl/base.h:272:23: note: previous definition is here
2022-12-27T02:55:21.9929320Z   typedef struct rsa_st RSA;
2022-12-27T02:55:21.9930720Z                         ^
2022-12-27T02:55:21.9932280Z   In file included from src/boringssl/err_data.c:18:
2022-12-27T02:55:21.9933740Z   In file included from /usr/local/opt/openssl@3/include/openssl/err.h:28:
2022-12-27T02:55:21.9935440Z   /usr/local/opt/openssl@3/include/openssl/types.h:144:28: warning: redefinition of typedef 'RSA_METHOD' is a C11 feature [-Wtypedef-redefinition]
2022-12-27T02:55:21.9936700Z   typedef struct rsa_meth_st RSA_METHOD;
2022-12-27T02:55:21.9938190Z                              ^
2022-12-27T02:55:21.9939930Z   third_party/boringssl/include/openssl/base.h:271:28: note: previous definition is here
2022-12-27T02:55:21.9941270Z   typedef struct rsa_meth_st RSA_METHOD;
2022-12-27T02:55:21.9942680Z                              ^
2022-12-27T02:55:21.9944150Z   In file included from src/boringssl/err_data.c:18:
2022-12-27T02:55:21.9945650Z   In file included from /usr/local/opt/openssl@3/include/openssl/err.h:28:
2022-12-27T02:55:21.9947440Z   /usr/local/opt/openssl@3/include/openssl/types.h:149:26: warning: redefinition of typedef 'EC_KEY' is a C11 feature [-Wtypedef-redefinition]
2022-12-27T02:55:21.9948510Z   typedef struct ec_key_st EC_KEY;
2022-12-27T02:55:21.9949980Z                            ^
2022-12-27T02:55:21.9951630Z   third_party/boringssl/include/openssl/base.h:247:26: note: previous definition is here
2022-12-27T02:55:21.9952990Z   typedef struct ec_key_st EC_KEY;
2022-12-27T02:55:21.9954400Z                            ^
2022-12-27T02:55:21.9955890Z   In file included from src/boringssl/err_data.c:18:
2022-12-27T02:55:21.9957360Z   In file included from /usr/local/opt/openssl@3/include/openssl/err.h:28:
2022-12-27T02:55:21.9959150Z   /usr/local/opt/openssl@3/include/openssl/types.h:153:29: warning: redefinition of typedef 'RAND_METHOD' is a C11 feature [-Wtypedef-redefinition]
2022-12-27T02:55:21.9960200Z   typedef struct rand_meth_st RAND_METHOD;
2022-12-27T02:55:21.9961670Z                               ^
2022-12-27T02:55:21.9963240Z   third_party/boringssl/include/openssl/base.h:269:29: note: previous definition is here
2022-12-27T02:55:21.9964600Z   typedef struct rand_meth_st RAND_METHOD;
2022-12-27T02:55:21.9966000Z                               ^
2022-12-27T02:55:21.9967500Z   In file included from src/boringssl/err_data.c:18:
2022-12-27T02:55:21.9968950Z   In file included from /usr/local/opt/openssl@3/include/openssl/err.h:28:
2022-12-27T02:55:21.9970610Z   /usr/local/opt/openssl@3/include/openssl/types.h:157:24: warning: redefinition of typedef 'X509' is a C11 feature [-Wtypedef-redefinition]
2022-12-27T02:55:21.9971960Z   typedef struct x509_st X509;
2022-12-27T02:55:21.9973350Z                          ^
2022-12-27T02:55:21.9974900Z   third_party/boringssl/include/openssl/base.h:293:24: note: previous definition is here
2022-12-27T02:55:21.9976270Z   typedef struct x509_st X509;
2022-12-27T02:55:21.9977660Z                          ^
2022-12-27T02:55:21.9979130Z   In file included from src/boringssl/err_data.c:18:
2022-12-27T02:55:21.9980580Z   In file included from /usr/local/opt/openssl@3/include/openssl/err.h:28:
2022-12-27T02:55:21.9982290Z   /usr/local/opt/openssl@3/include/openssl/types.h:158:30: warning: redefinition of typedef 'X509_ALGOR' is a C11 feature [-Wtypedef-redefinition]
2022-12-27T02:55:21.9983600Z   typedef struct X509_algor_st X509_ALGOR;
2022-12-27T02:55:21.9984990Z                                ^
2022-12-27T02:55:21.9986530Z   third_party/boringssl/include/openssl/base.h:219:30: note: previous definition is here
2022-12-27T02:55:21.9987950Z   typedef struct X509_algor_st X509_ALGOR;
2022-12-27T02:55:21.9989350Z                                ^
2022-12-27T02:55:21.9990820Z   In file included from src/boringssl/err_data.c:18:
2022-12-27T02:55:21.9992460Z   In file included from /usr/local/opt/openssl@3/include/openssl/err.h:28:
2022-12-27T02:55:21.9994070Z   /usr/local/opt/openssl@3/include/openssl/types.h:159:28: warning: redefinition of typedef 'X509_CRL' is a C11 feature [-Wtypedef-redefinition]
2022-12-27T02:55:21.9995300Z   typedef struct X509_crl_st X509_CRL;
2022-12-27T02:55:21.9996670Z                              ^
2022-12-27T02:55:21.9998200Z   third_party/boringssl/include/openssl/base.h:221:28: note: previous definition is here
2022-12-27T02:55:21.9999620Z   typedef struct X509_crl_st X509_CRL;
2022-12-27T02:55:22.0001030Z                              ^
2022-12-27T02:55:22.0002500Z   In file included from src/boringssl/err_data.c:18:
2022-12-27T02:55:22.0003970Z   In file included from /usr/local/opt/openssl@3/include/openssl/err.h:28:
2022-12-27T02:55:22.0005670Z   /usr/local/opt/openssl@3/include/openssl/types.h:160:35: warning: redefinition of typedef 'X509_CRL_METHOD' is a C11 feature [-Wtypedef-redefinition]
2022-12-27T02:55:22.0006990Z   typedef struct x509_crl_method_st X509_CRL_METHOD;
2022-12-27T02:55:22.0008380Z                                     ^
2022-12-27T02:55:22.0009910Z   third_party/boringssl/include/openssl/base.h:290:35: note: previous definition is here
2022-12-27T02:55:22.0011400Z   typedef struct x509_crl_method_st X509_CRL_METHOD;
2022-12-27T02:55:22.0012740Z                                     ^
2022-12-27T02:55:22.0014190Z   In file included from src/boringssl/err_data.c:18:
2022-12-27T02:55:22.0015670Z   In file included from /usr/local/opt/openssl@3/include/openssl/err.h:28:
2022-12-27T02:55:22.0017380Z   /usr/local/opt/openssl@3/include/openssl/types.h:161:32: warning: redefinition of typedef 'X509_REVOKED' is a C11 feature [-Wtypedef-redefinition]
2022-12-27T02:55:22.0018670Z   typedef struct x509_revoked_st X509_REVOKED;
2022-12-27T02:55:22.0020050Z                                  ^
2022-12-27T02:55:22.0021610Z   third_party/boringssl/include/openssl/base.h:292:32: note: previous definition is here
2022-12-27T02:55:22.0023020Z   typedef struct x509_revoked_st X509_REVOKED;
2022-12-27T02:55:22.0024400Z                                  ^
2022-12-27T02:55:22.0025840Z   In file included from src/boringssl/err_data.c:18:
2022-12-27T02:55:22.0027350Z   In file included from /usr/local/opt/openssl@3/include/openssl/err.h:28:
2022-12-27T02:55:22.0029010Z   /usr/local/opt/openssl@3/include/openssl/types.h:162:29: warning: redefinition of typedef 'X509_NAME' is a C11 feature [-Wtypedef-redefinition]
2022-12-27T02:55:22.0030250Z   typedef struct X509_name_st X509_NAME;
2022-12-27T02:55:22.0031740Z                               ^
2022-12-27T02:55:22.0033300Z   third_party/boringssl/include/openssl/base.h:225:29: note: previous definition is here
2022-12-27T02:55:22.0034730Z   typedef struct X509_name_st X509_NAME;
2022-12-27T02:55:22.0036110Z                               ^
2022-12-27T02:55:22.0037590Z   In file included from src/boringssl/err_data.c:18:
2022-12-27T02:55:22.0039220Z   In file included from /usr/local/opt/openssl@3/include/openssl/err.h:28:
2022-12-27T02:55:22.0040950Z   /usr/local/opt/openssl@3/include/openssl/types.h:163:31: warning: redefinition of typedef 'X509_PUBKEY' is a C11 feature [-Wtypedef-redefinition]
2022-12-27T02:55:22.0042220Z   typedef struct X509_pubkey_st X509_PUBKEY;
2022-12-27T02:55:22.0043590Z                                 ^
2022-12-27T02:55:22.0045260Z   third_party/boringssl/include/openssl/base.h:227:31: note: previous definition is here
2022-12-27T02:55:22.0046710Z   typedef struct X509_pubkey_st X509_PUBKEY;
2022-12-27T02:55:22.0048080Z                                 ^
2022-12-27T02:55:22.0049580Z   In file included from src/boringssl/err_data.c:18:
2022-12-27T02:55:22.0051050Z   In file included from /usr/local/opt/openssl@3/include/openssl/err.h:28:
2022-12-27T02:55:22.0052790Z   /usr/local/opt/openssl@3/include/openssl/types.h:164:30: warning: redefinition of typedef 'X509_STORE' is a C11 feature [-Wtypedef-redefinition]
2022-12-27T02:55:22.0054000Z   typedef struct x509_store_st X509_STORE;
2022-12-27T02:55:22.0055490Z                                ^
2022-12-27T02:55:22.0056950Z   third_party/boringssl/include/openssl/base.h:295:30: note: previous definition is here
2022-12-27T02:55:22.0058340Z   typedef struct x509_store_st X509_STORE;
2022-12-27T02:55:22.0059730Z                                ^
2022-12-27T02:55:22.0061220Z   In file included from src/boringssl/err_data.c:18:
2022-12-27T02:55:22.0062680Z   In file included from /usr/local/opt/openssl@3/include/openssl/err.h:28:
2022-12-27T02:55:22.0064370Z   /usr/local/opt/openssl@3/include/openssl/types.h:165:34: warning: redefinition of typedef 'X509_STORE_CTX' is a C11 feature [-Wtypedef-redefinition]
2022-12-27T02:55:22.0065620Z   typedef struct x509_store_ctx_st X509_STORE_CTX;
2022-12-27T02:55:22.0067000Z                                    ^
2022-12-27T02:55:22.0068540Z   third_party/boringssl/include/openssl/base.h:294:34: note: previous definition is here
2022-12-27T02:55:22.0069940Z   typedef struct x509_store_ctx_st X509_STORE_CTX;
2022-12-27T02:55:22.0071520Z                                    ^
2022-12-27T02:55:22.0072960Z   In file included from src/boringssl/err_data.c:18:
2022-12-27T02:55:22.0074430Z   In file included from /usr/local/opt/openssl@3/include/openssl/err.h:28:
2022-12-27T02:55:22.0076500Z   /usr/local/opt/openssl@3/include/openssl/types.h:168:31: warning: redefinition of typedef 'X509_LOOKUP' is a C11 feature [-Wtypedef-redefinition]
2022-12-27T02:55:22.0077610Z   typedef struct x509_lookup_st X509_LOOKUP;
2022-12-27T02:55:22.0079070Z                                 ^
2022-12-27T02:55:22.0080600Z   third_party/boringssl/include/openssl/base.h:291:31: note: previous definition is here
2022-12-27T02:55:22.0081990Z   typedef struct x509_lookup_st X509_LOOKUP;
2022-12-27T02:55:22.0083350Z                                 ^
2022-12-27T02:55:22.0084830Z   In file included from src/boringssl/err_data.c:18:
2022-12-27T02:55:22.0086330Z   In file included from /usr/local/opt/openssl@3/include/openssl/err.h:28:
2022-12-27T02:55:22.0088010Z   /usr/local/opt/openssl@3/include/openssl/types.h:170:37: warning: redefinition of typedef 'X509_VERIFY_PARAM' is a C11 feature [-Wtypedef-redefinition]
2022-12-27T02:55:22.0089330Z   typedef struct X509_VERIFY_PARAM_st X509_VERIFY_PARAM;
2022-12-27T02:55:22.0090710Z                                       ^
2022-12-27T02:55:22.0092340Z   third_party/boringssl/include/openssl/base.h:218:37: note: previous definition is here
2022-12-27T02:55:22.0093760Z   typedef struct X509_VERIFY_PARAM_st X509_VERIFY_PARAM;
2022-12-27T02:55:22.0095140Z                                       ^
2022-12-27T02:55:22.0096680Z   In file included from src/boringssl/err_data.c:18:
2022-12-27T02:55:22.0098060Z   In file included from /usr/local/opt/openssl@3/include/openssl/err.h:28:
2022-12-27T02:55:22.0099720Z   /usr/local/opt/openssl@3/include/openssl/types.h:174:39: warning: redefinition of typedef 'PKCS8_PRIV_KEY_INFO' is a C11 feature [-Wtypedef-redefinition]
2022-12-27T02:55:22.0100990Z   typedef struct pkcs8_priv_key_info_st PKCS8_PRIV_KEY_INFO;
2022-12-27T02:55:22.0102340Z                                         ^
2022-12-27T02:55:22.0103860Z   third_party/boringssl/include/openssl/base.h:267:39: note: previous definition is here
2022-12-27T02:55:22.0105410Z   typedef struct pkcs8_priv_key_info_st PKCS8_PRIV_KEY_INFO;
2022-12-27T02:55:22.0106750Z                                         ^
2022-12-27T02:55:22.0108200Z   In file included from src/boringssl/err_data.c:18:
2022-12-27T02:55:22.0122140Z   In file included from /usr/local/opt/openssl@3/include/openssl/err.h:28:
2022-12-27T02:55:22.0122790Z   /usr/local/opt/openssl@3/include/openssl/types.h:176:27: warning: redefinition of typedef 'X509V3_CTX' is a C11 feature [-Wtypedef-redefinition]
2022-12-27T02:55:22.0123160Z   typedef struct v3_ext_ctx X509V3_CTX;
2022-12-27T02:55:22.0123400Z                             ^
2022-12-27T02:55:22.0123690Z   third_party/boringssl/include/openssl/base.h:285:27: note: previous definition is here
2022-12-27T02:55:22.0124150Z   typedef struct v3_ext_ctx X509V3_CTX;
2022-12-27T02:55:22.0124390Z                             ^
2022-12-27T02:55:22.0124610Z   In file included from src/boringssl/err_data.c:18:
2022-12-27T02:55:22.0124900Z   In file included from /usr/local/opt/openssl@3/include/openssl/err.h:28:
2022-12-27T02:55:22.0125500Z   /usr/local/opt/openssl@3/include/openssl/types.h:177:24: warning: redefinition of typedef 'CONF' is a C11 feature [-Wtypedef-redefinition]
2022-12-27T02:55:22.0126080Z   typedef struct conf_st CONF;
2022-12-27T02:55:22.0127480Z                          ^
2022-12-27T02:55:22.0129010Z   third_party/boringssl/include/openssl/base.h:242:24: note: previous definition is here
2022-12-27T02:55:22.0130690Z   typedef struct conf_st CONF;
2022-12-27T02:55:22.0132200Z                          ^
2022-12-27T02:55:22.0133710Z   In file included from src/boringssl/err_data.c:18:
2022-12-27T02:55:22.0135120Z   In file included from /usr/local/opt/openssl@3/include/openssl/err.h:28:
2022-12-27T02:55:22.0136860Z   /usr/local/opt/openssl@3/include/openssl/types.h:183:26: warning: redefinition of typedef 'ENGINE' is a C11 feature [-Wtypedef-redefinition]
2022-12-27T02:55:22.0138090Z   typedef struct engine_st ENGINE;
2022-12-27T02:55:22.0139480Z                            ^
2022-12-27T02:55:22.0141110Z   third_party/boringssl/include/openssl/base.h:251:26: note: previous definition is here
2022-12-27T02:55:22.0142450Z   typedef struct engine_st ENGINE;
2022-12-27T02:55:22.0143850Z                            ^
2022-12-27T02:55:22.0145340Z   In file included from src/boringssl/err_data.c:18:
2022-12-27T02:55:22.0146860Z   In file included from /usr/local/opt/openssl@3/include/openssl/err.h:28:
2022-12-27T02:55:22.0148560Z   /usr/local/opt/openssl@3/include/openssl/types.h:184:23: warning: redefinition of typedef 'SSL' is a C11 feature [-Wtypedef-redefinition]
2022-12-27T02:55:22.0149980Z   typedef struct ssl_st SSL;
2022-12-27T02:55:22.0151320Z                         ^
2022-12-27T02:55:22.0152830Z   third_party/boringssl/include/openssl/base.h:283:23: note: previous definition is here
2022-12-27T02:55:22.0154220Z   typedef struct ssl_st SSL;
2022-12-27T02:55:22.0155690Z                         ^
2022-12-27T02:55:22.0157170Z   In file included from src/boringssl/err_data.c:18:
2022-12-27T02:55:22.0158650Z   In file included from /usr/local/opt/openssl@3/include/openssl/err.h:28:
2022-12-27T02:55:22.0160340Z   /usr/local/opt/openssl@3/include/openssl/types.h:185:27: warning: redefinition of typedef 'SSL_CTX' is a C11 feature [-Wtypedef-redefinition]
2022-12-27T02:55:22.0161610Z   typedef struct ssl_ctx_st SSL_CTX;
2022-12-27T02:55:22.0163020Z                             ^
2022-12-27T02:55:22.0164620Z   third_party/boringssl/include/openssl/base.h:279:27: note: previous definition is here
2022-12-27T02:55:22.0166070Z   typedef struct ssl_ctx_st SSL_CTX;
2022-12-27T02:55:22.0167440Z                             ^
2022-12-27T02:55:22.0168980Z   In file included from src/boringssl/err_data.c:18:
2022-12-27T02:55:22.0170440Z   In file included from /usr/local/opt/openssl@3/include/openssl/err.h:28:
2022-12-27T02:55:22.0172230Z   /usr/local/opt/openssl@3/include/openssl/types.h:190:36: warning: redefinition of typedef 'X509_POLICY_NODE' is a C11 feature [-Wtypedef-redefinition]
2022-12-27T02:55:22.0173540Z   typedef struct X509_POLICY_NODE_st X509_POLICY_NODE;
2022-12-27T02:55:22.0174910Z                                      ^
2022-12-27T02:55:22.0176430Z   third_party/boringssl/include/openssl/base.h:216:36: note: previous definition is here
2022-12-27T02:55:22.0177870Z   typedef struct X509_POLICY_NODE_st X509_POLICY_NODE;
2022-12-27T02:55:22.0179260Z                                      ^
2022-12-27T02:55:22.0180750Z   In file included from src/boringssl/err_data.c:18:
2022-12-27T02:55:22.0182200Z   In file included from /usr/local/opt/openssl@3/include/openssl/err.h:28:
2022-12-27T02:55:22.0183900Z   /usr/local/opt/openssl@3/include/openssl/types.h:191:37: warning: redefinition of typedef 'X509_POLICY_LEVEL' is a C11 feature [-Wtypedef-redefinition]
2022-12-27T02:55:22.0185290Z   typedef struct X509_POLICY_LEVEL_st X509_POLICY_LEVEL;
2022-12-27T02:55:22.0186570Z                                       ^
2022-12-27T02:55:22.0188090Z   third_party/boringssl/include/openssl/base.h:215:37: note: previous definition is here
2022-12-27T02:55:22.0189530Z   typedef struct X509_POLICY_LEVEL_st X509_POLICY_LEVEL;
2022-12-27T02:55:22.0190890Z                                       ^
2022-12-27T02:55:22.0192430Z   In file included from src/boringssl/err_data.c:18:
2022-12-27T02:55:22.0193900Z   In file included from /usr/local/opt/openssl@3/include/openssl/err.h:28:
2022-12-27T02:55:22.0195570Z   /usr/local/opt/openssl@3/include/openssl/types.h:192:36: warning: redefinition of typedef 'X509_POLICY_TREE' is a C11 feature [-Wtypedef-redefinition]
2022-12-27T02:55:22.0196840Z   typedef struct X509_POLICY_TREE_st X509_POLICY_TREE;
2022-12-27T02:55:22.0198200Z                                      ^
2022-12-27T02:55:22.0199760Z   third_party/boringssl/include/openssl/base.h:217:36: note: previous definition is here
2022-12-27T02:55:22.0201180Z   typedef struct X509_POLICY_TREE_st X509_POLICY_TREE;
2022-12-27T02:55:22.0202550Z                                      ^
2022-12-27T02:55:22.0204030Z   In file included from src/boringssl/err_data.c:18:
2022-12-27T02:55:22.0205480Z   In file included from /usr/local/opt/openssl@3/include/openssl/err.h:28:
2022-12-27T02:55:22.0207160Z   /usr/local/opt/openssl@3/include/openssl/types.h:193:37: warning: redefinition of typedef 'X509_POLICY_CACHE' is a C11 feature [-Wtypedef-redefinition]
2022-12-27T02:55:22.0208450Z   typedef struct X509_POLICY_CACHE_st X509_POLICY_CACHE;
2022-12-27T02:55:22.0209830Z                                       ^
2022-12-27T02:55:22.0211410Z   third_party/boringssl/include/openssl/base.h:214:37: note: previous definition is here
2022-12-27T02:55:22.0212820Z   typedef struct X509_POLICY_CACHE_st X509_POLICY_CACHE;
2022-12-27T02:55:22.0214220Z                                       ^
2022-12-27T02:55:22.0215680Z   In file included from src/boringssl/err_data.c:18:
2022-12-27T02:55:22.0217170Z   In file included from /usr/local/opt/openssl@3/include/openssl/err.h:28:
2022-12-27T02:55:22.0218980Z   /usr/local/opt/openssl@3/include/openssl/types.h:195:35: warning: redefinition of typedef 'AUTHORITY_KEYID' is a C11 feature [-Wtypedef-redefinition]
2022-12-27T02:55:22.0220250Z   typedef struct AUTHORITY_KEYID_st AUTHORITY_KEYID;
2022-12-27T02:55:22.0221610Z                                     ^
2022-12-27T02:55:22.0223190Z   third_party/boringssl/include/openssl/base.h:201:35: note: previous definition is here
2022-12-27T02:55:22.0224600Z   typedef struct AUTHORITY_KEYID_st AUTHORITY_KEYID;
2022-12-27T02:55:22.0225950Z                                     ^
2022-12-27T02:55:22.0227480Z   In file included from src/boringssl/err_data.c:18:
2022-12-27T02:55:22.0228860Z   In file included from /usr/local/opt/openssl@3/include/openssl/err.h:28:
2022-12-27T02:55:22.0230600Z   /usr/local/opt/openssl@3/include/openssl/types.h:196:30: warning: redefinition of typedef 'DIST_POINT' is a C11 feature [-Wtypedef-redefinition]
2022-12-27T02:55:22.0231880Z   typedef struct DIST_POINT_st DIST_POINT;
2022-12-27T02:55:22.0233270Z                                ^
2022-12-27T02:55:22.0234980Z   third_party/boringssl/include/openssl/base.h:203:30: note: previous definition is here
2022-12-27T02:55:22.0236420Z   typedef struct DIST_POINT_st DIST_POINT;
2022-12-27T02:55:22.0237780Z                                ^
2022-12-27T02:55:22.0239230Z   In file included from src/boringssl/err_data.c:18:
2022-12-27T02:55:22.0240700Z   In file included from /usr/local/opt/openssl@3/include/openssl/err.h:28:
2022-12-27T02:55:22.0242400Z   /usr/local/opt/openssl@3/include/openssl/types.h:197:38: warning: redefinition of typedef 'ISSUING_DIST_POINT' is a C11 feature [-Wtypedef-redefinition]
2022-12-27T02:55:22.0243660Z   typedef struct ISSUING_DIST_POINT_st ISSUING_DIST_POINT;
2022-12-27T02:55:22.0244990Z                                        ^
2022-12-27T02:55:22.0246690Z   third_party/boringssl/include/openssl/base.h:205:38: note: previous definition is here
2022-12-27T02:55:22.0248030Z   typedef struct ISSUING_DIST_POINT_st ISSUING_DIST_POINT;
2022-12-27T02:55:22.0249380Z                                        ^
2022-12-27T02:55:22.0250850Z   In file included from src/boringssl/err_data.c:18:
2022-12-27T02:55:22.0252360Z   In file included from /usr/local/opt/openssl@3/include/openssl/err.h:28:
2022-12-27T02:55:22.0254080Z   /usr/local/opt/openssl@3/include/openssl/types.h:198:36: warning: redefinition of typedef 'NAME_CONSTRAINTS' is a C11 feature [-Wtypedef-redefinition]
2022-12-27T02:55:22.0255340Z   typedef struct NAME_CONSTRAINTS_st NAME_CONSTRAINTS;
2022-12-27T02:55:22.0256750Z                                      ^
2022-12-27T02:55:22.0258280Z   third_party/boringssl/include/openssl/base.h:206:36: note: previous definition is here
2022-12-27T02:55:22.0259730Z   typedef struct NAME_CONSTRAINTS_st NAME_CONSTRAINTS;
2022-12-27T02:55:22.0261090Z                                      ^
2022-12-27T02:55:22.0262510Z   In file included from src/boringssl/err_data.c:18:
2022-12-27T02:55:22.0263970Z   In file included from /usr/local/opt/openssl@3/include/openssl/err.h:29:
2022-12-27T02:55:22.0265420Z   In file included from /usr/local/opt/openssl@3/include/openssl/bio.h:30:
2022-12-27T02:55:22.0267110Z   /usr/local/opt/openssl@3/include/openssl/crypto.h:308:3: error: typedef redefinition with different types ('struct crypto_threadid_st' vs 'int')
2022-12-27T02:55:22.0268340Z   } CRYPTO_THREADID;
2022-12-27T02:55:22.0269710Z     ^
2022-12-27T02:55:22.0271320Z   third_party/boringssl/include/openssl/base.h:176:13: note: previous definition is here
2022-12-27T02:55:22.0272710Z   typedef int CRYPTO_THREADID;
2022-12-27T02:55:22.0274090Z               ^
2022-12-27T02:55:22.0275590Z   In file included from src/boringssl/err_data.c:18:
2022-12-27T02:55:22.0277080Z   In file included from /usr/local/opt/openssl@3/include/openssl/err.h:29:
2022-12-27T02:55:22.0278750Z   /usr/local/opt/openssl@3/include/openssl/bio.h:296:30: warning: redefinition of typedef 'BIO_METHOD' is a C11 feature [-Wtypedef-redefinition]
2022-12-27T02:55:22.0280000Z   typedef struct bio_method_st BIO_METHOD;
2022-12-27T02:55:22.0281400Z                                ^
2022-12-27T02:55:22.0282930Z   third_party/boringssl/include/openssl/base.h:234:30: note: previous definition is here
2022-12-27T02:55:22.0284380Z   typedef struct bio_method_st BIO_METHOD;
2022-12-27T02:55:22.0285750Z                                ^
2022-12-27T02:55:22.0287470Z   src/boringssl/err_data.c:33:1: error: 'OPENSSL_COMPILE_ASSERT_library_values_changed_12' declared as an array with a negative size
2022-12-27T02:55:22.0288840Z   OPENSSL_COMPILE_ASSERT(ERR_LIB_ASN1 == 12, library_values_changed_12);
2022-12-27T02:55:22.0290280Z   ^~~~~~~~~~~~~~~~~~~~~~~~~~~~~~~~~~~~~~~~~~~~~~~~~~~~~~~~~~~~~~~~~~~~~
2022-12-27T02:55:22.0292230Z   third_party/boringssl/include/openssl/type_check.h:83:45: note: expanded from macro 'OPENSSL_COMPILE_ASSERT'
2022-12-27T02:55:22.0294310Z     typedef char OPENSSL_COMPILE_ASSERT_##msg[((cond) ? 1 : -1)]
2022-12-27T02:55:22.0296090Z                                               ^~~~~~~~~~~~~~~~~
2022-12-27T02:55:22.0298290Z   src/boringssl/err_data.c:34:1: error: 'OPENSSL_COMPILE_ASSERT_library_values_changed_13' declared as an array with a negative size
2022-12-27T02:55:22.0299640Z   OPENSSL_COMPILE_ASSERT(ERR_LIB_CONF == 13, library_values_changed_13);
2022-12-27T02:55:22.0301010Z   ^~~~~~~~~~~~~~~~~~~~~~~~~~~~~~~~~~~~~~~~~~~~~~~~~~~~~~~~~~~~~~~~~~~~~
2022-12-27T02:55:22.0302690Z   third_party/boringssl/include/openssl/type_check.h:83:45: note: expanded from macro 'OPENSSL_COMPILE_ASSERT'
2022-12-27T02:55:22.0304120Z     typedef char OPENSSL_COMPILE_ASSERT_##msg[((cond) ? 1 : -1)]
2022-12-27T02:55:22.0305450Z                                               ^~~~~~~~~~~~~~~~~
2022-12-27T02:55:22.0307280Z   src/boringssl/err_data.c:35:1: error: 'OPENSSL_COMPILE_ASSERT_library_values_changed_14' declared as an array with a negative size
2022-12-27T02:55:22.0308540Z   OPENSSL_COMPILE_ASSERT(ERR_LIB_CRYPTO == 14, library_values_changed_14);
2022-12-27T02:55:22.0309900Z   ^~~~~~~~~~~~~~~~~~~~~~~~~~~~~~~~~~~~~~~~~~~~~~~~~~~~~~~~~~~~~~~~~~~~~~~
2022-12-27T02:55:22.0311640Z   third_party/boringssl/include/openssl/type_check.h:83:45: note: expanded from macro 'OPENSSL_COMPILE_ASSERT'
2022-12-27T02:55:22.0313040Z     typedef char OPENSSL_COMPILE_ASSERT_##msg[((cond) ? 1 : -1)]
2022-12-27T02:55:22.0314380Z                                               ^~~~~~~~~~~~~~~~~
2022-12-27T02:55:22.0316050Z   src/boringssl/err_data.c:36:1: error: 'OPENSSL_COMPILE_ASSERT_library_values_changed_15' declared as an array with a negative size
2022-12-27T02:55:22.0317420Z   OPENSSL_COMPILE_ASSERT(ERR_LIB_EC == 15, library_values_changed_15);
2022-12-27T02:55:22.0318930Z   ^~~~~~~~~~~~~~~~~~~~~~~~~~~~~~~~~~~~~~~~~~~~~~~~~~~~~~~~~~~~~~~~~~~
2022-12-27T02:55:22.0320620Z   third_party/boringssl/include/openssl/type_check.h:83:45: note: expanded from macro 'OPENSSL_COMPILE_ASSERT'
2022-12-27T02:55:22.0322110Z     typedef char OPENSSL_COMPILE_ASSERT_##msg[((cond) ? 1 : -1)]
2022-12-27T02:55:22.0323430Z                                               ^~~~~~~~~~~~~~~~~
2022-12-27T02:55:22.0325130Z   src/boringssl/err_data.c:37:1: error: 'OPENSSL_COMPILE_ASSERT_library_values_changed_16' declared as an array with a negative size
2022-12-27T02:55:22.0326500Z   OPENSSL_COMPILE_ASSERT(ERR_LIB_SSL == 16, library_values_changed_16);
2022-12-27T02:55:22.0327890Z   ^~~~~~~~~~~~~~~~~~~~~~~~~~~~~~~~~~~~~~~~~~~~~~~~~~~~~~~~~~~~~~~~~~~~
2022-12-27T02:55:22.0329560Z   third_party/boringssl/include/openssl/type_check.h:83:45: note: expanded from macro 'OPENSSL_COMPILE_ASSERT'
2022-12-27T02:55:22.0331000Z     typedef char OPENSSL_COMPILE_ASSERT_##msg[((cond) ? 1 : -1)]
2022-12-27T02:55:22.0332400Z                                               ^~~~~~~~~~~~~~~~~
2022-12-27T02:55:22.0334090Z   src/boringssl/err_data.c:38:1: error: 'OPENSSL_COMPILE_ASSERT_library_values_changed_17' declared as an array with a negative size
2022-12-27T02:55:22.0335420Z   OPENSSL_COMPILE_ASSERT(ERR_LIB_BIO == 17, library_values_changed_17);
2022-12-27T02:55:22.0336860Z   ^~~~~~~~~~~~~~~~~~~~~~~~~~~~~~~~~~~~~~~~~~~~~~~~~~~~~~~~~~~~~~~~~~~~
2022-12-27T02:55:22.0338560Z   third_party/boringssl/include/openssl/type_check.h:83:45: note: expanded from macro 'OPENSSL_COMPILE_ASSERT'
2022-12-27T02:55:22.0339990Z     typedef char OPENSSL_COMPILE_ASSERT_##msg[((cond) ? 1 : -1)]
2022-12-27T02:55:22.0341280Z                                               ^~~~~~~~~~~~~~~~~
2022-12-27T02:55:22.0342980Z   src/boringssl/err_data.c:39:1: error: 'OPENSSL_COMPILE_ASSERT_library_values_changed_18' declared as an array with a negative size
2022-12-27T02:55:22.0344330Z   OPENSSL_COMPILE_ASSERT(ERR_LIB_PKCS7 == 18, library_values_changed_18);
2022-12-27T02:55:22.0345740Z   ^~~~~~~~~~~~~~~~~~~~~~~~~~~~~~~~~~~~~~~~~~~~~~~~~~~~~~~~~~~~~~~~~~~~~~
2022-12-27T02:55:22.0347390Z   third_party/boringssl/include/openssl/type_check.h:83:45: note: expanded from macro 'OPENSSL_COMPILE_ASSERT'
2022-12-27T02:55:22.0348870Z     typedef char OPENSSL_COMPILE_ASSERT_##msg[((cond) ? 1 : -1)]
2022-12-27T02:55:22.0350190Z                                               ^~~~~~~~~~~~~~~~~
2022-12-27T02:55:22.0351850Z   src/boringssl/err_data.c:40:24: error: use of undeclared identifier 'ERR_LIB_PKCS8'
2022-12-27T02:55:22.0353240Z   OPENSSL_COMPILE_ASSERT(ERR_LIB_PKCS8 == 19, library_values_changed_19);
2022-12-27T02:55:22.0354610Z                          ^
2022-12-27T02:55:22.0356310Z   src/boringssl/err_data.c:41:1: error: 'OPENSSL_COMPILE_ASSERT_library_values_changed_20' declared as an array with a negative size
2022-12-27T02:55:22.0357660Z   OPENSSL_COMPILE_ASSERT(ERR_LIB_X509V3 == 20, library_values_changed_20);
2022-12-27T02:55:22.0359020Z   ^~~~~~~~~~~~~~~~~~~~~~~~~~~~~~~~~~~~~~~~~~~~~~~~~~~~~~~~~~~~~~~~~~~~~~~
2022-12-27T02:55:22.0360690Z   third_party/boringssl/include/openssl/type_check.h:83:45: note: expanded from macro 'OPENSSL_COMPILE_ASSERT'
2022-12-27T02:55:22.0362270Z     typedef char OPENSSL_COMPILE_ASSERT_##msg[((cond) ? 1 : -1)]
2022-12-27T02:55:22.0363480Z                                               ^~~~~~~~~~~~~~~~~
2022-12-27T02:55:22.0365120Z   src/boringssl/err_data.c:42:1: error: 'OPENSSL_COMPILE_ASSERT_library_values_changed_21' declared as an array with a negative size
2022-12-27T02:55:22.0366470Z   OPENSSL_COMPILE_ASSERT(ERR_LIB_RAND == 21, library_values_changed_21);
2022-12-27T02:55:22.0367850Z   ^~~~~~~~~~~~~~~~~~~~~~~~~~~~~~~~~~~~~~~~~~~~~~~~~~~~~~~~~~~~~~~~~~~~~
2022-12-27T02:55:22.0369680Z   third_party/boringssl/include/openssl/type_check.h:83:45: note: expanded from macro 'OPENSSL_COMPILE_ASSERT'
2022-12-27T02:55:22.0372730Z     typedef char OPENSSL_COMPILE_ASSERT_##msg[((cond) ? 1 : -1)]
2022-12-27T02:55:22.0375190Z                                               ^~~~~~~~~~~~~~~~~
2022-12-27T02:55:22.0378270Z   src/boringssl/err_data.c:43:1: error: 'OPENSSL_COMPILE_ASSERT_library_values_changed_22' declared as an array with a negative size
2022-12-27T02:55:22.0380960Z   OPENSSL_COMPILE_ASSERT(ERR_LIB_ENGINE == 22, library_values_changed_22);
2022-12-27T02:55:22.0383490Z   ^~~~~~~~~~~~~~~~~~~~~~~~~~~~~~~~~~~~~~~~~~~~~~~~~~~~~~~~~~~~~~~~~~~~~~~
2022-12-27T02:55:22.0386460Z   third_party/boringssl/include/openssl/type_check.h:83:45: note: expanded from macro 'OPENSSL_COMPILE_ASSERT'
2022-12-27T02:55:22.0389150Z     typedef char OPENSSL_COMPILE_ASSERT_##msg[((cond) ? 1 : -1)]
2022-12-27T02:55:22.0391740Z                                               ^~~~~~~~~~~~~~~~~
2022-12-27T02:55:22.0394730Z   src/boringssl/err_data.c:44:1: error: 'OPENSSL_COMPILE_ASSERT_library_values_changed_23' declared as an array with a negative size
2022-12-27T02:55:22.0397300Z   OPENSSL_COMPILE_ASSERT(ERR_LIB_OCSP == 23, library_values_changed_23);
2022-12-27T02:55:22.0399820Z   ^~~~~~~~~~~~~~~~~~~~~~~~~~~~~~~~~~~~~~~~~~~~~~~~~~~~~~~~~~~~~~~~~~~~~
2022-12-27T02:55:22.0402800Z   third_party/boringssl/include/openssl/type_check.h:83:45: note: expanded from macro 'OPENSSL_COMPILE_ASSERT'
2022-12-27T02:55:22.0405390Z     typedef char OPENSSL_COMPILE_ASSERT_##msg[((cond) ? 1 : -1)]
2022-12-27T02:55:22.0407910Z                                               ^~~~~~~~~~~~~~~~~
2022-12-27T02:55:22.0410850Z   src/boringssl/err_data.c:45:1: error: 'OPENSSL_COMPILE_ASSERT_library_values_changed_24' declared as an array with a negative size
2022-12-27T02:55:22.0413530Z   OPENSSL_COMPILE_ASSERT(ERR_LIB_UI == 24, library_values_changed_24);
2022-12-27T02:55:22.0416290Z   ^~~~~~~~~~~~~~~~~~~~~~~~~~~~~~~~~~~~~~~~~~~~~~~~~~~~~~~~~~~~~~~~~~~
2022-12-27T02:55:22.0419070Z   third_party/boringssl/include/openssl/type_check.h:83:45: note: expanded from macro 'OPENSSL_COMPILE_ASSERT'
2022-12-27T02:55:22.0421680Z     typedef char OPENSSL_COMPILE_ASSERT_##msg[((cond) ? 1 : -1)]
2022-12-27T02:55:22.0424190Z                                               ^~~~~~~~~~~~~~~~~
2022-12-27T02:55:22.0427160Z   src/boringssl/err_data.c:46:1: error: 'OPENSSL_COMPILE_ASSERT_library_values_changed_25' declared as an array with a negative size
2022-12-27T02:55:22.0429700Z   OPENSSL_COMPILE_ASSERT(ERR_LIB_COMP == 25, library_values_changed_25);
2022-12-27T02:55:22.0432380Z   ^~~~~~~~~~~~~~~~~~~~~~~~~~~~~~~~~~~~~~~~~~~~~~~~~~~~~~~~~~~~~~~~~~~~~
2022-12-27T02:55:22.0435300Z   third_party/boringssl/include/openssl/type_check.h:83:45: note: expanded from macro 'OPENSSL_COMPILE_ASSERT'
2022-12-27T02:55:22.0437910Z     typedef char OPENSSL_COMPILE_ASSERT_##msg[((cond) ? 1 : -1)]
2022-12-27T02:55:22.0440420Z                                               ^~~~~~~~~~~~~~~~~
2022-12-27T02:55:22.0443360Z   src/boringssl/err_data.c:47:1: error: 'OPENSSL_COMPILE_ASSERT_library_values_changed_26' declared as an array with a negative size
2022-12-27T02:55:22.0445970Z   OPENSSL_COMPILE_ASSERT(ERR_LIB_ECDSA == 26, library_values_changed_26);
2022-12-27T02:55:22.0448500Z   ^~~~~~~~~~~~~~~~~~~~~~~~~~~~~~~~~~~~~~~~~~~~~~~~~~~~~~~~~~~~~~~~~~~~~~
2022-12-27T02:55:22.0451550Z   third_party/boringssl/include/openssl/type_check.h:83:45: note: expanded from macro 'OPENSSL_COMPILE_ASSERT'
2022-12-27T02:55:22.0454080Z     typedef char OPENSSL_COMPILE_ASSERT_##msg[((cond) ? 1 : -1)]
2022-12-27T02:55:22.0456590Z                                               ^~~~~~~~~~~~~~~~~
2022-12-27T02:55:22.0459330Z   fatal error: too many errors emitted, stopping now [-ferror-limit=]
2022-12-27T02:55:22.0461820Z   70 warnings and 20 errors generated.
2022-12-27T02:55:22.0464410Z   creating var
2022-12-27T02:55:22.0467020Z   creating var/folders
2022-12-27T02:55:22.0469720Z   creating var/folders/51
2022-12-27T02:55:22.0472520Z   creating var/folders/51/hd414ycd67n82196sw51xqtc0000gn
2022-12-27T02:55:22.0475170Z   creating var/folders/51/hd414ycd67n82196sw51xqtc0000gn/T
2022-12-27T02:55:22.0477820Z   creating var/folders/51/hd414ycd67n82196sw51xqtc0000gn/T/tmphotbr7f2
2022-12-27T02:55:22.0481760Z   gcc -Wno-unused-result -Wsign-compare -Wunreachable-code -fno-common -dynamic -DNDEBUG -g -fwrapv -O3 -Wall -g -I/usr/local/opt/openssl@3/include -I/usr/local/opt/openssl@3/include -arch arm64 -I/private/var/folders/51/hd414ycd67n82196sw51xqtc0000gn/T/cibw-run-ov8u5gdd/cp39-macosx_arm64/build/venv/include -I/Library/Frameworks/Python.framework/Versions/3.9/include/python3.9 -c /var/folders/51/hd414ycd67n82196sw51xqtc0000gn/T/tmphotbr7f2/a.c -o var/folders/51/hd414ycd67n82196sw51xqtc0000gn/T/tmphotbr7f2/a.o
2022-12-27T02:55:22.0691930Z   Traceback (most recent call last):
2022-12-27T02:55:22.0702210Z     File "/private/var/folders/51/hd414ycd67n82196sw51xqtc0000gn/T/cibw-run-ov8u5gdd/cp39-macosx_arm64/build/venv/lib/python3.9/site-packages/setuptools/_distutils/unixccompiler.py", line 186, in _compile
2022-12-27T02:55:22.0702660Z       self.spawn(compiler_so + cc_args + [src, '-o', obj] + extra_postargs)
2022-12-27T02:55:22.0703050Z     File "/Users/runner/actions-runner/_work/python.build/python.build/build_grpcio11339/grpcio-1.1.3/src/python/grpcio/_spawn_patch.py", line 69, in _commandfile_spawn
2022-12-27T02:55:22.0703460Z       _classic_spawn(self, command)
2022-12-27T02:55:22.0704910Z     File "/private/var/folders/51/hd414ycd67n82196sw51xqtc0000gn/T/cibw-run-ov8u5gdd/cp39-macosx_arm64/build/venv/lib/python3.9/site-packages/setuptools/_distutils/ccompiler.py", line 1007, in spawn
2022-12-27T02:55:22.0707060Z       spawn(cmd, dry_run=self.dry_run, **kwargs)
2022-12-27T02:55:22.0709760Z     File "/private/var/folders/51/hd414ycd67n82196sw51xqtc0000gn/T/cibw-run-ov8u5gdd/cp39-macosx_arm64/build/venv/lib/python3.9/site-packages/setuptools/_distutils/spawn.py", line 70, in spawn
2022-12-27T02:55:22.0711890Z       raise DistutilsExecError(
2022-12-27T02:55:22.0714350Z   distutils.errors.DistutilsExecError: command '/usr/bin/gcc' failed with exit code 1
2022-12-27T02:55:22.0716480Z 
2022-12-27T02:55:22.0719010Z   During handling of the above exception, another exception occurred:
2022-12-27T02:55:22.0721180Z 
2022-12-27T02:55:22.0723670Z   Traceback (most recent call last):
2022-12-27T02:55:22.0726570Z     File "/Users/runner/actions-runner/_work/python.build/python.build/build_grpcio11339/grpcio-1.1.3/src/python/grpcio/commands.py", line 281, in build_extensions
2022-12-27T02:55:22.0728430Z       build_ext.build_ext.build_extensions(self)
2022-12-27T02:55:22.0731340Z     File "/private/var/folders/51/hd414ycd67n82196sw51xqtc0000gn/T/cibw-run-ov8u5gdd/cp39-macosx_arm64/build/venv/lib/python3.9/site-packages/Cython/Distutils/old_build_ext.py", line 195, in build_extensions
2022-12-27T02:55:22.0733470Z       _build_ext.build_ext.build_extensions(self)
2022-12-27T02:55:22.0736060Z     File "/private/var/folders/51/hd414ycd67n82196sw51xqtc0000gn/T/cibw-run-ov8u5gdd/cp39-macosx_arm64/build/venv/lib/python3.9/site-packages/setuptools/_distutils/command/build_ext.py", line 468, in build_extensions
2022-12-27T02:55:22.0738320Z       self._build_extensions_serial()
2022-12-27T02:55:22.0741290Z     File "/private/var/folders/51/hd414ycd67n82196sw51xqtc0000gn/T/cibw-run-ov8u5gdd/cp39-macosx_arm64/build/venv/lib/python3.9/site-packages/setuptools/_distutils/command/build_ext.py", line 494, in _build_extensions_serial
2022-12-27T02:55:22.0743060Z       self.build_extension(ext)
2022-12-27T02:55:22.0745740Z     File "/private/var/folders/51/hd414ycd67n82196sw51xqtc0000gn/T/cibw-run-ov8u5gdd/cp39-macosx_arm64/build/venv/lib/python3.9/site-packages/setuptools/command/build_ext.py", line 246, in build_extension
2022-12-27T02:55:22.0747810Z       _build_ext.build_extension(self, ext)
2022-12-27T02:55:22.0750590Z     File "/private/var/folders/51/hd414ycd67n82196sw51xqtc0000gn/T/cibw-run-ov8u5gdd/cp39-macosx_arm64/build/venv/lib/python3.9/site-packages/setuptools/_distutils/command/build_ext.py", line 549, in build_extension
2022-12-27T02:55:22.0752590Z       objects = self.compiler.compile(
2022-12-27T02:55:22.0755290Z     File "/private/var/folders/51/hd414ycd67n82196sw51xqtc0000gn/T/cibw-run-ov8u5gdd/cp39-macosx_arm64/build/venv/lib/python3.9/site-packages/setuptools/_distutils/ccompiler.py", line 599, in compile
2022-12-27T02:55:22.0757400Z       self._compile(obj, src, ext, cc_args, extra_postargs, pp_opts)
2022-12-27T02:55:22.0760180Z     File "/private/var/folders/51/hd414ycd67n82196sw51xqtc0000gn/T/cibw-run-ov8u5gdd/cp39-macosx_arm64/build/venv/lib/python3.9/site-packages/setuptools/_distutils/unixccompiler.py", line 188, in _compile
2022-12-27T02:55:22.0762280Z       raise CompileError(msg)
2022-12-27T02:55:22.0764680Z   distutils.errors.CompileError: command '/usr/bin/gcc' failed with exit code 1
2022-12-27T02:55:22.0766620Z 
2022-12-27T02:55:22.0768800Z   During handling of the above exception, another exception occurred:
2022-12-27T02:55:22.0770680Z 
2022-12-27T02:55:22.0772870Z   Traceback (most recent call last):
2022-12-27T02:55:22.0774910Z     File "<string>", line 2, in <module>
2022-12-27T02:55:22.0777070Z     File "<pip-setuptools-caller>", line 34, in <module>
2022-12-27T02:55:22.0779650Z     File "/Users/runner/actions-runner/_work/python.build/python.build/build_grpcio11339/grpcio-1.1.3/setup.py", line 265, in <module>
2022-12-27T02:55:22.0781380Z       setuptools.setup(
2022-12-27T02:55:22.0783780Z     File "/private/var/folders/51/hd414ycd67n82196sw51xqtc0000gn/T/cibw-run-ov8u5gdd/cp39-macosx_arm64/build/venv/lib/python3.9/site-packages/setuptools/__init__.py", line 87, in setup
2022-12-27T02:55:22.0785580Z       return distutils.core.setup(**attrs)
2022-12-27T02:55:22.0787970Z     File "/private/var/folders/51/hd414ycd67n82196sw51xqtc0000gn/T/cibw-run-ov8u5gdd/cp39-macosx_arm64/build/venv/lib/python3.9/site-packages/setuptools/_distutils/core.py", line 185, in setup
2022-12-27T02:55:22.0789910Z       return run_commands(dist)
2022-12-27T02:55:22.0792410Z     File "/private/var/folders/51/hd414ycd67n82196sw51xqtc0000gn/T/cibw-run-ov8u5gdd/cp39-macosx_arm64/build/venv/lib/python3.9/site-packages/setuptools/_distutils/core.py", line 201, in run_commands
2022-12-27T02:55:22.0794130Z       dist.run_commands()
2022-12-27T02:55:22.0796530Z     File "/private/var/folders/51/hd414ycd67n82196sw51xqtc0000gn/T/cibw-run-ov8u5gdd/cp39-macosx_arm64/build/venv/lib/python3.9/site-packages/setuptools/_distutils/dist.py", line 969, in run_commands
2022-12-27T02:55:22.0798290Z       self.run_command(cmd)
2022-12-27T02:55:22.0800710Z     File "/private/var/folders/51/hd414ycd67n82196sw51xqtc0000gn/T/cibw-run-ov8u5gdd/cp39-macosx_arm64/build/venv/lib/python3.9/site-packages/setuptools/dist.py", line 1208, in run_command
2022-12-27T02:55:22.0802480Z       super().run_command(command)
2022-12-27T02:55:22.0804850Z     File "/private/var/folders/51/hd414ycd67n82196sw51xqtc0000gn/T/cibw-run-ov8u5gdd/cp39-macosx_arm64/build/venv/lib/python3.9/site-packages/setuptools/_distutils/dist.py", line 988, in run_command
2022-12-27T02:55:22.0806600Z       cmd_obj.run()
2022-12-27T02:55:22.0808970Z     File "/private/var/folders/51/hd414ycd67n82196sw51xqtc0000gn/T/cibw-run-ov8u5gdd/cp39-macosx_arm64/build/venv/lib/python3.9/site-packages/wheel/bdist_wheel.py", line 325, in run
2022-12-27T02:55:22.0810870Z       self.run_command("build")
2022-12-27T02:55:22.0813480Z     File "/private/var/folders/51/hd414ycd67n82196sw51xqtc0000gn/T/cibw-run-ov8u5gdd/cp39-macosx_arm64/build/venv/lib/python3.9/site-packages/setuptools/_distutils/cmd.py", line 318, in run_command
2022-12-27T02:55:22.0815160Z       self.distribution.run_command(command)
2022-12-27T02:55:22.0817540Z     File "/private/var/folders/51/hd414ycd67n82196sw51xqtc0000gn/T/cibw-run-ov8u5gdd/cp39-macosx_arm64/build/venv/lib/python3.9/site-packages/setuptools/dist.py", line 1208, in run_command
2022-12-27T02:55:22.0819270Z       super().run_command(command)
2022-12-27T02:55:22.0821650Z     File "/private/var/folders/51/hd414ycd67n82196sw51xqtc0000gn/T/cibw-run-ov8u5gdd/cp39-macosx_arm64/build/venv/lib/python3.9/site-packages/setuptools/_distutils/dist.py", line 988, in run_command
2022-12-27T02:55:22.0823440Z       cmd_obj.run()
2022-12-27T02:55:22.0825890Z     File "/private/var/folders/51/hd414ycd67n82196sw51xqtc0000gn/T/cibw-run-ov8u5gdd/cp39-macosx_arm64/build/venv/lib/python3.9/site-packages/setuptools/_distutils/command/build.py", line 132, in run
2022-12-27T02:55:22.0827650Z       self.run_command(cmd_name)
2022-12-27T02:55:22.0830070Z     File "/private/var/folders/51/hd414ycd67n82196sw51xqtc0000gn/T/cibw-run-ov8u5gdd/cp39-macosx_arm64/build/venv/lib/python3.9/site-packages/setuptools/_distutils/cmd.py", line 318, in run_command
2022-12-27T02:55:22.0831910Z       self.distribution.run_command(command)
2022-12-27T02:55:22.0834250Z     File "/private/var/folders/51/hd414ycd67n82196sw51xqtc0000gn/T/cibw-run-ov8u5gdd/cp39-macosx_arm64/build/venv/lib/python3.9/site-packages/setuptools/dist.py", line 1208, in run_command
2022-12-27T02:55:22.0835940Z       super().run_command(command)
2022-12-27T02:55:22.0838210Z     File "/private/var/folders/51/hd414ycd67n82196sw51xqtc0000gn/T/cibw-run-ov8u5gdd/cp39-macosx_arm64/build/venv/lib/python3.9/site-packages/setuptools/_distutils/dist.py", line 988, in run_command
2022-12-27T02:55:22.0839850Z       cmd_obj.run()
2022-12-27T02:55:22.0842140Z     File "/private/var/folders/51/hd414ycd67n82196sw51xqtc0000gn/T/cibw-run-ov8u5gdd/cp39-macosx_arm64/build/venv/lib/python3.9/site-packages/setuptools/command/build_ext.py", line 84, in run
2022-12-27T02:55:22.0843780Z       _build_ext.run(self)
2022-12-27T02:55:22.0846050Z     File "/private/var/folders/51/hd414ycd67n82196sw51xqtc0000gn/T/cibw-run-ov8u5gdd/cp39-macosx_arm64/build/venv/lib/python3.9/site-packages/Cython/Distutils/old_build_ext.py", line 186, in run
2022-12-27T02:55:22.0847710Z       _build_ext.build_ext.run(self)
2022-12-27T02:55:22.0851120Z     File "/private/var/folders/51/hd414ycd67n82196sw51xqtc0000gn/T/cibw-run-ov8u5gdd/cp39-macosx_arm64/build/venv/lib/python3.9/site-packages/setuptools/_distutils/command/build_ext.py", line 346, in run
2022-12-27T02:55:22.0852530Z       self.build_extensions()
2022-12-27T02:55:22.0854450Z     File "/Users/runner/actions-runner/_work/python.build/python.build/build_grpcio11339/grpcio-1.1.3/src/python/grpcio/commands.py", line 285, in build_extensions
2022-12-27T02:55:22.0855750Z       raise CommandError(
2022-12-27T02:55:22.0857210Z   commands.CommandError: Failed `build_ext` step:
2022-12-27T02:55:22.0858620Z   Traceback (most recent call last):
2022-12-27T02:55:22.0860520Z     File "/private/var/folders/51/hd414ycd67n82196sw51xqtc0000gn/T/cibw-run-ov8u5gdd/cp39-macosx_arm64/build/venv/lib/python3.9/site-packages/setuptools/_distutils/unixccompiler.py", line 186, in _compile
2022-12-27T02:55:22.0861830Z       self.spawn(compiler_so + cc_args + [src, '-o', obj] + extra_postargs)
2022-12-27T02:55:22.0863490Z     File "/Users/runner/actions-runner/_work/python.build/python.build/build_grpcio11339/grpcio-1.1.3/src/python/grpcio/_spawn_patch.py", line 69, in _commandfile_spawn
2022-12-27T02:55:22.0864740Z       _classic_spawn(self, command)
2022-12-27T02:55:22.0866550Z     File "/private/var/folders/51/hd414ycd67n82196sw51xqtc0000gn/T/cibw-run-ov8u5gdd/cp39-macosx_arm64/build/venv/lib/python3.9/site-packages/setuptools/_distutils/ccompiler.py", line 1007, in spawn
2022-12-27T02:55:22.0867770Z       spawn(cmd, dry_run=self.dry_run, **kwargs)
2022-12-27T02:55:22.0869660Z     File "/private/var/folders/51/hd414ycd67n82196sw51xqtc0000gn/T/cibw-run-ov8u5gdd/cp39-macosx_arm64/build/venv/lib/python3.9/site-packages/setuptools/_distutils/spawn.py", line 70, in spawn
2022-12-27T02:55:22.0870770Z       raise DistutilsExecError(
2022-12-27T02:55:22.0872430Z   distutils.errors.DistutilsExecError: command '/usr/bin/gcc' failed with exit code 1
2022-12-27T02:55:22.0873580Z 
2022-12-27T02:55:22.0875140Z   During handling of the above exception, another exception occurred:
2022-12-27T02:55:22.0876430Z 
2022-12-27T02:55:22.0877940Z   Traceback (most recent call last):
2022-12-27T02:55:22.0879700Z     File "/Users/runner/actions-runner/_work/python.build/python.build/build_grpcio11339/grpcio-1.1.3/src/python/grpcio/commands.py", line 281, in build_extensions
2022-12-27T02:55:22.0880970Z       build_ext.build_ext.build_extensions(self)
2022-12-27T02:55:22.0882850Z     File "/private/var/folders/51/hd414ycd67n82196sw51xqtc0000gn/T/cibw-run-ov8u5gdd/cp39-macosx_arm64/build/venv/lib/python3.9/site-packages/Cython/Distutils/old_build_ext.py", line 195, in build_extensions
2022-12-27T02:55:22.0884060Z       _build_ext.build_ext.build_extensions(self)
2022-12-27T02:55:22.0885860Z     File "/private/var/folders/51/hd414ycd67n82196sw51xqtc0000gn/T/cibw-run-ov8u5gdd/cp39-macosx_arm64/build/venv/lib/python3.9/site-packages/setuptools/_distutils/command/build_ext.py", line 468, in build_extensions
2022-12-27T02:55:22.0887030Z       self._build_extensions_serial()
2022-12-27T02:55:22.0888820Z     File "/private/var/folders/51/hd414ycd67n82196sw51xqtc0000gn/T/cibw-run-ov8u5gdd/cp39-macosx_arm64/build/venv/lib/python3.9/site-packages/setuptools/_distutils/command/build_ext.py", line 494, in _build_extensions_serial
2022-12-27T02:55:22.0889990Z       self.build_extension(ext)
2022-12-27T02:55:22.0891850Z     File "/private/var/folders/51/hd414ycd67n82196sw51xqtc0000gn/T/cibw-run-ov8u5gdd/cp39-macosx_arm64/build/venv/lib/python3.9/site-packages/setuptools/command/build_ext.py", line 246, in build_extension
2022-12-27T02:55:22.0893280Z       _build_ext.build_extension(self, ext)
2022-12-27T02:55:22.0895130Z     File "/private/var/folders/51/hd414ycd67n82196sw51xqtc0000gn/T/cibw-run-ov8u5gdd/cp39-macosx_arm64/build/venv/lib/python3.9/site-packages/setuptools/_distutils/command/build_ext.py", line 549, in build_extension
2022-12-27T02:55:22.0896020Z       objects = self.compiler.compile(
2022-12-27T02:55:22.0897880Z     File "/private/var/folders/51/hd414ycd67n82196sw51xqtc0000gn/T/cibw-run-ov8u5gdd/cp39-macosx_arm64/build/venv/lib/python3.9/site-packages/setuptools/_distutils/ccompiler.py", line 599, in compile
2022-12-27T02:55:22.0899070Z       self._compile(obj, src, ext, cc_args, extra_postargs, pp_opts)
2022-12-27T02:55:22.0900840Z     File "/private/var/folders/51/hd414ycd67n82196sw51xqtc0000gn/T/cibw-run-ov8u5gdd/cp39-macosx_arm64/build/venv/lib/python3.9/site-packages/setuptools/_distutils/unixccompiler.py", line 188, in _compile
2022-12-27T02:55:22.0902030Z       raise CompileError(msg)
2022-12-27T02:55:22.0903590Z   distutils.errors.CompileError: command '/usr/bin/gcc' failed with exit code 1
2022-12-27T02:55:22.0904800Z 
2022-12-27T02:55:22.1281070Z   error: subprocess-exited-with-error
2022-12-27T02:55:22.1281360Z   
2022-12-27T02:55:22.1281750Z   × python setup.py bdist_wheel did not run successfully.
2022-12-27T02:55:22.1282070Z   │ exit code: 1
2022-12-27T02:55:22.1282270Z   ╰─> See above for output.
2022-12-27T02:55:22.1282410Z   
2022-12-27T02:55:22.1282600Z   note: This error originates from a subprocess, and is likely not a problem with pip.
2022-12-27T02:55:22.1290690Z   full command: /private/var/folders/51/hd414ycd67n82196sw51xqtc0000gn/T/cibw-run-ov8u5gdd/cp39-macosx_arm64/build/venv/bin/python -u -c '
2022-12-27T02:55:22.1291250Z   exec(compile('"'"''"'"''"'"'
2022-12-27T02:55:22.1291670Z   # This is <pip-setuptools-caller> -- a caller that pip uses to run setup.py
2022-12-27T02:55:22.1291890Z   #
2022-12-27T02:55:22.1292420Z   # - It imports setuptools before invoking setup.py, to enable projects that directly
2022-12-27T02:55:22.1292780Z   #   import from `distutils.core` to work with newer packaging standards.
2022-12-27T02:55:22.1293190Z   # - It provides a clear error message when setuptools is not installed.
2022-12-27T02:55:22.1293560Z   # - It sets `sys.argv[0]` to the underlying `setup.py`, when invoking `setup.py` so
2022-12-27T02:55:22.1293890Z   #   setuptools doesn'"'"'t think the script is `-c`. This avoids the following warning:
2022-12-27T02:55:22.1294120Z   #     manifest_maker: standard file '"'"'-c'"'"' not found".
2022-12-27T02:55:22.1294340Z   # - It generates a shim setup.py, for handling setup.cfg-only projects.
2022-12-27T02:55:22.1294490Z   import os, sys, tokenize
2022-12-27T02:55:22.1294600Z   
2022-12-27T02:55:22.1294690Z   try:
2022-12-27T02:55:22.1294830Z       import setuptools
2022-12-27T02:55:22.1295030Z   except ImportError as error:
2022-12-27T02:55:22.1295210Z       print(
2022-12-27T02:55:22.1295450Z           "ERROR: Can not execute `setup.py` since setuptools is not available in "
2022-12-27T02:55:22.1295610Z           "the build environment.",
2022-12-27T02:55:22.1295740Z           file=sys.stderr,
2022-12-27T02:55:22.1295840Z       )
2022-12-27T02:55:22.1295940Z       sys.exit(1)
2022-12-27T02:55:22.1296040Z   
2022-12-27T02:55:22.1296140Z   __file__ = %r
2022-12-27T02:55:22.1296260Z   sys.argv[0] = __file__
2022-12-27T02:55:22.1296360Z   
2022-12-27T02:55:22.1296470Z   if os.path.exists(__file__):
2022-12-27T02:55:22.1296590Z       filename = __file__
2022-12-27T02:55:22.1296720Z       with tokenize.open(__file__) as f:
2022-12-27T02:55:22.1296850Z           setup_py_code = f.read()
2022-12-27T02:55:22.1296960Z   else:
2022-12-27T02:55:22.1297230Z       filename = "<auto-generated setuptools caller>"
2022-12-27T02:55:22.1297500Z       setup_py_code = "from setuptools import setup; setup()"
2022-12-27T02:55:22.1297830Z   
2022-12-27T02:55:22.1297960Z   exec(compile(setup_py_code, filename, "exec"))
2022-12-27T02:55:22.1298390Z   '"'"''"'"''"'"' % ('"'"'/Users/runner/actions-runner/_work/python.build/python.build/build_grpcio11339/grpcio-1.1.3/setup.py'"'"',), "<pip-setuptools-caller>", "exec"))' bdist_wheel -d /private/var/folders/51/hd414ycd67n82196sw51xqtc0000gn/T/pip-wheel-wr2y00c5
2022-12-27T02:55:22.1298780Z   cwd: /Users/runner/actions-runner/_work/python.build/python.build/build_grpcio11339/grpcio-1.1.3/
2022-12-27T02:55:22.1298970Z   ERROR: Failed building wheel for grpcio
2022-12-27T02:55:22.1299200Z   Building wheel for grpcio (setup.py): finished with status 'error'
2022-12-27T02:55:22.1299870Z   Running setup.py clean for grpcio
2022-12-27T02:55:22.1301570Z   Running command python setup.py clean
2022-12-27T02:55:22.5645500Z   running clean
2022-12-27T02:55:22.5662010Z   removing 'python_build/temp.macosx-11.0-arm64-cpython-39' (and everything under it)
2022-12-27T02:55:22.5758080Z   removing 'python_build/lib.macosx-11.0-arm64-cpython-39' (and everything under it)
2022-12-27T02:55:22.5803670Z   'python_build/bdist.macosx-11.0-arm64' does not exist -- can't clean it
2022-12-27T02:55:22.5806230Z   'python_build/scripts-3.9' does not exist -- can't clean it
2022-12-27T02:55:22.5808710Z   removing 'python_build'
2022-12-27T02:55:22.6082700Z Failed to build grpcio
2022-12-27T02:55:22.6087510Z ERROR: Failed to build one or more wheels
2022-12-27T02:55:22.6098030Z Exception information:
2022-12-27T02:55:22.6098280Z Traceback (most recent call last):
2022-12-27T02:55:22.6098920Z   File "/private/var/folders/51/hd414ycd67n82196sw51xqtc0000gn/T/cibw-run-ov8u5gdd/cp39-macosx_arm64/build/venv/lib/python3.9/site-packages/pip/_internal/cli/base_command.py", line 160, in exc_logging_wrapper
2022-12-27T02:55:22.6099200Z     status = run_func(*args)
2022-12-27T02:55:22.6099580Z   File "/private/var/folders/51/hd414ycd67n82196sw51xqtc0000gn/T/cibw-run-ov8u5gdd/cp39-macosx_arm64/build/venv/lib/python3.9/site-packages/pip/_internal/cli/req_command.py", line 247, in wrapper
2022-12-27T02:55:22.6099830Z     return func(self, options, args)
2022-12-27T02:55:22.6100400Z   File "/private/var/folders/51/hd414ycd67n82196sw51xqtc0000gn/T/cibw-run-ov8u5gdd/cp39-macosx_arm64/build/venv/lib/python3.9/site-packages/pip/_internal/commands/wheel.py", line 201, in run
2022-12-27T02:55:22.6100690Z     raise CommandError("Failed to build one or more wheels")
2022-12-27T02:55:22.6100880Z pip._internal.exceptions.CommandError: Failed to build one or more wheels
2022-12-27T02:55:22.6101770Z Removed build tracker: '/private/var/folders/51/hd414ycd67n82196sw51xqtc0000gn/T/pip-build-tracker-_eu579jn'
2022-12-27T02:55:22.6499720Z ##[endgroup]
2022-12-27T02:55:22.6523310Z ##[error]Command ['python', '-m', 'pip', 'wheel', '/Users/runner/actions-runner/_work/python.build/python.build/build_grpcio11339/grpcio-1.1.3', '--wheel-dir=/private/var/folders/51/hd414ycd67n82196sw51xqtc0000gn/T/cibw-run-ov8u5gdd/cp39-macosx_arm64/built_wheel', '--no-deps', '-vvv'] failed with code 1. None
2022-12-27T02:55:22.6529700Z 
2022-12-27T02:55:22.6530010Z                                                               [31m✕ [0m3.31s
2022-12-27T02:55:22.7159210Z ##[error]Process completed with exit code 1.
2022-12-27T02:55:22.7189900Z ##[group]Run rm -rf build_grpcio11339 wheelsout
2022-12-27T02:55:22.7190100Z [36;1mrm -rf build_grpcio11339 wheelsout[0m
2022-12-27T02:55:22.7205140Z shell: /bin/bash -e {0}
2022-12-27T02:55:22.7205260Z env:
2022-12-27T02:55:22.7205400Z   pythonLocation: /Users/runner/hostedtoolcache/Python/3.9.16/x64
2022-12-27T02:55:22.7205600Z   PKG_CONFIG_PATH: /Users/runner/hostedtoolcache/Python/3.9.16/x64/lib/pkgconfig
2022-12-27T02:55:22.7205780Z   Python_ROOT_DIR: /Users/runner/hostedtoolcache/Python/3.9.16/x64
2022-12-27T02:55:22.7205960Z   Python2_ROOT_DIR: /Users/runner/hostedtoolcache/Python/3.9.16/x64
2022-12-27T02:55:22.7206130Z   Python3_ROOT_DIR: /Users/runner/hostedtoolcache/Python/3.9.16/x64
2022-12-27T02:55:22.7206430Z ##[endgroup]
2022-12-27T02:55:22.9324840Z Cleaning up orphan processes
