2022-12-27T08:53:30.4186551Z Requested labels: self-hosted, macOS, X64
2022-12-27T08:53:30.4186660Z Job defined at: kilnbuild/python.build/.github/workflows/mac_arm_build.yml@refs/heads/main
2022-12-27T08:53:30.4186693Z Waiting for a runner to pick up this job...
2022-12-27T11:29:18.1988550Z Job is about to start running on the runner: kr1 (organization)
2022-12-27T11:29:22.9786040Z Current runner version: '2.300.2'
2022-12-27T11:29:22.9793400Z Runner name: 'kr1'
2022-12-27T11:29:22.9793810Z Runner group name: 'Default'
2022-12-27T11:29:22.9794690Z Machine name: 'kr1'
2022-12-27T11:29:22.9797200Z ##[group]GITHUB_TOKEN Permissions
2022-12-27T11:29:22.9797870Z Actions: write
2022-12-27T11:29:22.9798120Z Checks: write
2022-12-27T11:29:22.9798450Z Contents: write
2022-12-27T11:29:22.9798700Z Deployments: write
2022-12-27T11:29:22.9798960Z Discussions: write
2022-12-27T11:29:22.9799200Z Issues: write
2022-12-27T11:29:22.9799420Z Metadata: read
2022-12-27T11:29:22.9799670Z Packages: write
2022-12-27T11:29:22.9799920Z Pages: write
2022-12-27T11:29:22.9800160Z PullRequests: write
2022-12-27T11:29:22.9800470Z RepositoryProjects: write
2022-12-27T11:29:22.9800750Z SecurityEvents: write
2022-12-27T11:29:22.9801000Z Statuses: write
2022-12-27T11:29:22.9801240Z ##[endgroup]
2022-12-27T11:29:22.9804800Z Secret source: Actions
2022-12-27T11:29:22.9805280Z Prepare workflow directory
2022-12-27T11:29:23.0882410Z Prepare all required actions
2022-12-27T11:29:23.1098920Z Getting action download info
2022-12-27T11:29:23.5806050Z Download action repository 'actions/setup-python@v4' (SHA:5ccb29d8773c3f3f653e1705f474dfaa8a06a912)
2022-12-27T11:29:25.4711960Z Download action repository 'actions/upload-artifact@v3' (SHA:83fd05a356d7e2593de66fc9913b3002723633cb)
2022-12-27T11:29:26.9411470Z ##[group]Run echo '{
2022-12-27T11:29:26.9412160Z [36;1mecho '{[0m
2022-12-27T11:29:26.9412590Z [36;1m  "package_name": "lxml",[0m
2022-12-27T11:29:26.9413020Z [36;1m  "package_url": "https://files.pythonhosted.org/packages/ba/f6/a241cb9070451c60e977005a3433f06a2293ffb8a90763ae97b47c148329/lxml-2.1.4.tar.gz",[0m
2022-12-27T11:29:26.9413510Z [36;1m  "package_version": "2.1.4",[0m
2022-12-27T11:29:26.9413860Z [36;1m  "python_version": "3.8",[0m
2022-12-27T11:29:26.9414120Z [36;1m  "use_ccache": "true"[0m
2022-12-27T11:29:26.9414500Z [36;1m}'[0m
2022-12-27T11:29:26.9441930Z shell: /bin/bash -e {0}
2022-12-27T11:29:26.9442280Z ##[endgroup]
2022-12-27T11:29:26.9832280Z {
2022-12-27T11:29:26.9834800Z   "package_name": "lxml",
2022-12-27T11:29:26.9836240Z   "package_url": "https://files.pythonhosted.org/packages/ba/f6/a241cb9070451c60e977005a3433f06a2293ffb8a90763ae97b47c148329/lxml-2.1.4.tar.gz",
2022-12-27T11:29:26.9836680Z   "package_version": "2.1.4",
2022-12-27T11:29:26.9837140Z   "python_version": "3.8",
2022-12-27T11:29:26.9837580Z   "use_ccache": "true"
2022-12-27T11:29:26.9837880Z }
2022-12-27T11:29:27.0186950Z ##[group]Run actions/setup-python@v4
2022-12-27T11:29:27.0187410Z with:
2022-12-27T11:29:27.0187750Z   python-version: 3.8
2022-12-27T11:29:27.0188150Z   check-latest: false
2022-12-27T11:29:27.0188710Z   token: ***
2022-12-27T11:29:27.0189050Z   update-environment: true
2022-12-27T11:29:27.0189480Z ##[endgroup]
2022-12-27T11:29:27.2317390Z ##[group]Installed versions
2022-12-27T11:29:27.2385640Z Successfully set up CPython (3.8.15)
2022-12-27T11:29:27.2387310Z ##[endgroup]
2022-12-27T11:29:27.2617540Z ##[group]Run if [ "true" == "true" ]
2022-12-27T11:29:27.2618120Z [36;1mif [ "true" == "true" ][0m
2022-12-27T11:29:27.2618600Z [36;1mthen[0m
2022-12-27T11:29:27.2619010Z [36;1m  echo "CCACHE_PATH_PREPEND=/usr/local/opt/ccache/libexec" >> $GITHUB_OUTPUT[0m
2022-12-27T11:29:27.2619460Z [36;1melse[0m
2022-12-27T11:29:27.2619810Z [36;1m  echo "CCACHE_PATH_PREPEND=" >> $GITHUB_OUTPUT[0m
2022-12-27T11:29:27.2620090Z [36;1mfi[0m
2022-12-27T11:29:27.2648730Z shell: /bin/bash -e {0}
2022-12-27T11:29:27.2649090Z env:
2022-12-27T11:29:27.2649410Z   pythonLocation: /Users/runner/hostedtoolcache/Python/3.8.15/x64
2022-12-27T11:29:27.2650010Z   PKG_CONFIG_PATH: /Users/runner/hostedtoolcache/Python/3.8.15/x64/lib/pkgconfig
2022-12-27T11:29:27.2650490Z   Python_ROOT_DIR: /Users/runner/hostedtoolcache/Python/3.8.15/x64
2022-12-27T11:29:27.2650940Z   Python2_ROOT_DIR: /Users/runner/hostedtoolcache/Python/3.8.15/x64
2022-12-27T11:29:27.2651450Z   Python3_ROOT_DIR: /Users/runner/hostedtoolcache/Python/3.8.15/x64
2022-12-27T11:29:27.2652380Z ##[endgroup]
2022-12-27T11:29:27.2928420Z ##[group]Run echo "BUILD_NAME=$(echo lxml_2.1.4_3.8 | tr -dc '[:alnum:]\n\r' | tr '[:upper:]' '[:lower:]')" >> $GITHUB_OUTPUT
2022-12-27T11:29:27.2928970Z [36;1mecho "BUILD_NAME=$(echo lxml_2.1.4_3.8 | tr -dc '[:alnum:]\n\r' | tr '[:upper:]' '[:lower:]')" >> $GITHUB_OUTPUT[0m
2022-12-27T11:29:27.2955570Z shell: /bin/bash -e {0}
2022-12-27T11:29:27.2955770Z env:
2022-12-27T11:29:27.2956020Z   pythonLocation: /Users/runner/hostedtoolcache/Python/3.8.15/x64
2022-12-27T11:29:27.2956340Z   PKG_CONFIG_PATH: /Users/runner/hostedtoolcache/Python/3.8.15/x64/lib/pkgconfig
2022-12-27T11:29:27.2956670Z   Python_ROOT_DIR: /Users/runner/hostedtoolcache/Python/3.8.15/x64
2022-12-27T11:29:27.2956970Z   Python2_ROOT_DIR: /Users/runner/hostedtoolcache/Python/3.8.15/x64
2022-12-27T11:29:27.2957340Z   Python3_ROOT_DIR: /Users/runner/hostedtoolcache/Python/3.8.15/x64
2022-12-27T11:29:27.2957650Z ##[endgroup]
2022-12-27T11:29:27.3166970Z ##[group]Run echo "PYTHON_NO_DOTS=$(echo 3.8 | tr -dc '[:alnum:]\n\r' | tr '[:upper:]' '[:lower:]')" >> $GITHUB_OUTPUT
2022-12-27T11:29:27.3167650Z [36;1mecho "PYTHON_NO_DOTS=$(echo 3.8 | tr -dc '[:alnum:]\n\r' | tr '[:upper:]' '[:lower:]')" >> $GITHUB_OUTPUT[0m
2022-12-27T11:29:27.3195160Z shell: /bin/bash -e {0}
2022-12-27T11:29:27.3195490Z env:
2022-12-27T11:29:27.3195850Z   pythonLocation: /Users/runner/hostedtoolcache/Python/3.8.15/x64
2022-12-27T11:29:27.3197230Z   PKG_CONFIG_PATH: /Users/runner/hostedtoolcache/Python/3.8.15/x64/lib/pkgconfig
2022-12-27T11:29:27.3197670Z   Python_ROOT_DIR: /Users/runner/hostedtoolcache/Python/3.8.15/x64
2022-12-27T11:29:27.3198160Z   Python2_ROOT_DIR: /Users/runner/hostedtoolcache/Python/3.8.15/x64
2022-12-27T11:29:27.3198580Z   Python3_ROOT_DIR: /Users/runner/hostedtoolcache/Python/3.8.15/x64
2022-12-27T11:29:27.3198960Z ##[endgroup]
2022-12-27T11:29:27.3423660Z ##[group]Run rm -rf build_lxml21438
2022-12-27T11:29:27.3424370Z [36;1mrm -rf build_lxml21438[0m
2022-12-27T11:29:27.3424720Z [36;1mmkdir build_lxml21438[0m
2022-12-27T11:29:27.3425050Z [36;1mcd build_lxml21438[0m
2022-12-27T11:29:27.3425550Z [36;1m/usr/local/bin/wget --quiet https://files.pythonhosted.org/packages/ba/f6/a241cb9070451c60e977005a3433f06a2293ffb8a90763ae97b47c148329/lxml-2.1.4.tar.gz[0m
2022-12-27T11:29:27.3426080Z [36;1mtar xf *.tar.gz[0m
2022-12-27T11:29:27.3426320Z [36;1mcd *[0m
2022-12-27T11:29:27.3426660Z [36;1mpython -m pip install cibuildwheel==2.11.3[0m
2022-12-27T11:29:27.3427060Z [36;1mpython -m cibuildwheel --output-dir ../wheelsout[0m
2022-12-27T11:29:27.3454310Z shell: /bin/bash -e {0}
2022-12-27T11:29:27.3454560Z env:
2022-12-27T11:29:27.3454910Z   pythonLocation: /Users/runner/hostedtoolcache/Python/3.8.15/x64
2022-12-27T11:29:27.3455350Z   PKG_CONFIG_PATH: /Users/runner/hostedtoolcache/Python/3.8.15/x64/lib/pkgconfig
2022-12-27T11:29:27.3455890Z   Python_ROOT_DIR: /Users/runner/hostedtoolcache/Python/3.8.15/x64
2022-12-27T11:29:27.3456250Z   Python2_ROOT_DIR: /Users/runner/hostedtoolcache/Python/3.8.15/x64
2022-12-27T11:29:27.3456660Z   Python3_ROOT_DIR: /Users/runner/hostedtoolcache/Python/3.8.15/x64
2022-12-27T11:29:27.3457010Z   CIBW_ARCHS_MACOS: arm64
2022-12-27T11:29:27.3457390Z   CIBW_TEST_SKIP: *_arm64
2022-12-27T11:29:27.3457640Z   CIBW_BUILD: cp38-macosx_arm64
2022-12-27T11:29:27.3457960Z   CIBW_BUILD_FRONTEND: pip
2022-12-27T11:29:27.3458280Z   CIBW_BUILD_VERBOSITY: 3
2022-12-27T11:29:27.3458820Z   CIBW_ENVIRONMENT_MACOS:  CFLAGS="-I/usr/local/opt/openssl@3/include" LDFLAGS="-L/usr/local/opt/openssl@3/lib" CPPFLAGS="-I/usr/local/opt/openssl@3/include" MAKEFLAGS="-j$(sysctl -n hw.logicalcpu)" PATH=/usr/local/opt/ccache/libexec:$PATH
2022-12-27T11:29:27.3459540Z   CIBW_BEFORE_BUILD: pip install Cython; if [[ -f requirements.txt ]]; then pip install -r requirements.txt; fi
2022-12-27T11:29:27.3459980Z   MAKEFLAGS: -j$(sysctl -n hw.logicalcpu)
2022-12-27T11:29:27.3460320Z ##[endgroup]
2022-12-27T11:29:28.1073330Z Requirement already satisfied: cibuildwheel==2.11.3 in /Users/runner/hostedtoolcache/Python/3.8.15/x64/lib/python3.8/site-packages (2.11.3)
2022-12-27T11:29:28.1700740Z Requirement already satisfied: bashlex!=0.13 in /Users/runner/hostedtoolcache/Python/3.8.15/x64/lib/python3.8/site-packages (from cibuildwheel==2.11.3) (0.16)
2022-12-27T11:29:28.1706240Z Requirement already satisfied: packaging>=20.9 in /Users/runner/hostedtoolcache/Python/3.8.15/x64/lib/python3.8/site-packages (from cibuildwheel==2.11.3) (22.0)
2022-12-27T11:29:28.1719930Z Requirement already satisfied: typing-extensions>=4.1.0 in /Users/runner/hostedtoolcache/Python/3.8.15/x64/lib/python3.8/site-packages (from cibuildwheel==2.11.3) (4.4.0)
2022-12-27T11:29:28.1724710Z Requirement already satisfied: platformdirs in /Users/runner/hostedtoolcache/Python/3.8.15/x64/lib/python3.8/site-packages (from cibuildwheel==2.11.3) (2.6.0)
2022-12-27T11:29:28.1733800Z Requirement already satisfied: tomli in /Users/runner/hostedtoolcache/Python/3.8.15/x64/lib/python3.8/site-packages (from cibuildwheel==2.11.3) (2.0.1)
2022-12-27T11:29:28.1739350Z Requirement already satisfied: bracex in /Users/runner/hostedtoolcache/Python/3.8.15/x64/lib/python3.8/site-packages (from cibuildwheel==2.11.3) (2.3.post1)
2022-12-27T11:29:28.1743410Z Requirement already satisfied: certifi in /Users/runner/hostedtoolcache/Python/3.8.15/x64/lib/python3.8/site-packages (from cibuildwheel==2.11.3) (2022.12.7)
2022-12-27T11:29:28.1748230Z Requirement already satisfied: filelock in /Users/runner/hostedtoolcache/Python/3.8.15/x64/lib/python3.8/site-packages (from cibuildwheel==2.11.3) (3.8.2)
2022-12-27T11:29:28.4757610Z 
2022-12-27T11:29:28.4758550Z      _ _       _ _   _       _           _
2022-12-27T11:29:28.4759400Z  ___|_| |_ _ _|_| |_| |_ _ _| |_ ___ ___| |
2022-12-27T11:29:28.4761780Z |  _| | . | | | | | . | | | |   | -_| -_| |
2022-12-27T11:29:28.4762680Z |___|_|___|___|_|_|___|_____|_|_|___|___|_|
2022-12-27T11:29:28.4763960Z 
2022-12-27T11:29:28.4764190Z cibuildwheel version 2.11.3
2022-12-27T11:29:28.4764320Z 
2022-12-27T11:29:28.4764500Z Build options:
2022-12-27T11:29:28.4764820Z   platform: macos
2022-12-27T11:29:28.4934510Z   architectures: arm64[0m
2022-12-27T11:29:28.4935450Z   build_selector: 
2022-12-27T11:29:28.4936650Z     build_config: cp38-macosx_arm64
2022-12-27T11:29:28.4938640Z     skip_config: 
2022-12-27T11:29:28.4941040Z     requires_python: None
2022-12-27T11:29:28.4941810Z     prerelease_pythons: False[0m
2022-12-27T11:29:28.4942320Z   [38;5;244mcontainer_engine: docker[0m
2022-12-27T11:29:28.4942960Z   output_dir: /Users/runner/actions-runner/_work/python.build/python.build/build_lxml21438/wheelsout[0m
2022-12-27T11:29:28.4943850Z   package_dir: /Users/runner/actions-runner/_work/python.build/python.build/build_lxml21438/lxml-2.1.4[0m
2022-12-27T11:29:28.4944650Z   test_selector: 
2022-12-27T11:29:28.4945040Z     skip_config: *_arm64[0m
2022-12-27T11:29:28.4945480Z   [38;5;244mbefore_all: [0m
2022-12-27T11:29:28.4946090Z   before_build: pip install Cython; if [[ -f requirements.txt ]]; then pip install -r requirements.txt; fi[0m
2022-12-27T11:29:28.4946560Z   [38;5;244mbefore_test: [0m
2022-12-27T11:29:28.4947510Z   [38;5;244mbuild_frontend: pip[0m
2022-12-27T11:29:28.4947940Z   build_verbosity: 3[0m
2022-12-27T11:29:28.4948300Z   [38;5;244mconfig_settings: [0m
2022-12-27T11:29:28.4948780Z   [38;5;244mdependency_constraints: pinned[0m
2022-12-27T11:29:28.4949370Z   environment: 
2022-12-27T11:29:28.4949790Z     CFLAGS="-I/usr/local/opt/openssl@3/include"
2022-12-27T11:29:28.4950280Z     LDFLAGS="-L/usr/local/opt/openssl@3/lib"
2022-12-27T11:29:28.4950770Z     CPPFLAGS="-I/usr/local/opt/openssl@3/include"
2022-12-27T11:29:28.4951260Z     MAKEFLAGS="-j$(sysctl -n hw.logicalcpu)"
2022-12-27T11:29:28.4951810Z     PATH=/usr/local/opt/ccache/libexec:$PATH[0m
2022-12-27T11:29:28.4952280Z   [38;5;244mmanylinux_images: None[0m
2022-12-27T11:29:28.4952730Z   [38;5;244mmusllinux_images: None[0m
2022-12-27T11:29:28.4953260Z   [38;5;244mrepair_command: delocate-wheel --require-archs {delocate_archs} -w {dest_dir} -v {wheel}[0m
2022-12-27T11:29:28.4954490Z   [38;5;244mtest_command: [0m
2022-12-27T11:29:28.4955050Z   [38;5;244mtest_extras: [0m
2022-12-27T11:29:28.4955400Z   [38;5;244mtest_requires: [0m
2022-12-27T11:29:28.4955600Z 
2022-12-27T11:29:28.4955800Z Cache folder: /Users/runner/Library/Caches/cibuildwheel
2022-12-27T11:29:28.4962700Z 
2022-12-27T11:29:28.4963510Z Here we go!
2022-12-27T11:29:28.4963760Z 
2022-12-27T11:29:28.5059930Z 
2022-12-27T11:29:28.5060760Z [1m[34mBuilding cp38-macosx_arm64 wheel[0m
2022-12-27T11:29:28.5061270Z CPython 3.8 macOS arm64 - Apple Silicon
2022-12-27T11:29:28.5061490Z 
2022-12-27T11:29:28.5068330Z ##[group]Installing Python cp38...
2022-12-27T11:29:28.5068800Z 
2022-12-27T11:29:28.5069480Z + pkgutil --pkgs
2022-12-27T11:29:28.5253160Z ##[endgroup]
2022-12-27T11:29:28.5256010Z                                                               [32mâœ“ [0m0.02s
2022-12-27T11:29:28.5257110Z ##[group]Setting up build environment...
2022-12-27T11:29:28.5257340Z 
2022-12-27T11:29:28.5286740Z + /Users/runner/hostedtoolcache/Python/3.8.15/x64/bin/python -sS /Users/runner/Library/Caches/cibuildwheel/virtualenv-20.17.0.pyz --activators= --no-periodic-update --pip=22.3.1 --setuptools=65.6.3 --wheel=0.38.4 --symlink-app-data --python /Library/Frameworks/Python.framework/Versions/3.8/bin/python3 /private/var/folders/51/hd414ycd67n82196sw51xqtc0000gn/T/cibw-run-al7ue7k5/cp38-macosx_arm64/build/venv
2022-12-27T11:29:28.8383810Z created virtual environment CPython3.8.10.final.0-64 in 74ms
2022-12-27T11:29:28.8384820Z   creator CPython3Posix(dest=/private/var/folders/51/hd414ycd67n82196sw51xqtc0000gn/T/cibw-run-al7ue7k5/cp38-macosx_arm64/build/venv, clear=False, no_vcs_ignore=False, global=False)
2022-12-27T11:29:28.8385960Z   seeder FromAppData(download=False, pip=22.3.1, setuptools=65.6.3, wheel=0.38.4, via=symlink, app_data_dir=/Users/runner/Library/Application Support/virtualenv)
2022-12-27T11:29:28.8386490Z     added seed packages: pip==22.3.1, setuptools==65.6.3, wheel==0.38.4
2022-12-27T11:29:28.8608430Z + python -m pip install --upgrade pip -c /Users/runner/hostedtoolcache/Python/3.8.15/x64/lib/python3.8/site-packages/cibuildwheel/resources/constraints-python38.txt
2022-12-27T11:29:29.3659190Z Requirement already satisfied: pip in ./lib/python3.8/site-packages (22.3.1)
2022-12-27T11:29:29.6293340Z + which pip
2022-12-27T11:29:29.6332900Z /private/var/folders/51/hd414ycd67n82196sw51xqtc0000gn/T/cibw-run-al7ue7k5/cp38-macosx_arm64/build/venv/bin/pip
2022-12-27T11:29:29.6339590Z + pip --version
2022-12-27T11:29:30.0282640Z pip 22.3.1 from /private/var/folders/51/hd414ycd67n82196sw51xqtc0000gn/T/cibw-run-al7ue7k5/cp38-macosx_arm64/build/venv/lib/python3.8/site-packages/pip (python 3.8)
2022-12-27T11:29:30.0738280Z + which pip
2022-12-27T11:29:30.0797100Z + which python
2022-12-27T11:29:30.0833970Z /private/var/folders/51/hd414ycd67n82196sw51xqtc0000gn/T/cibw-run-al7ue7k5/cp38-macosx_arm64/build/venv/bin/python
2022-12-27T11:29:30.0843000Z + python --version
2022-12-27T11:29:30.0939740Z Python 3.8.10
2022-12-27T11:29:30.0943970Z + which python
2022-12-27T11:29:30.1062530Z ##[endgroup]
2022-12-27T11:29:30.1063880Z                                                               [32mâœ“ [0m1.58s
2022-12-27T11:29:30.1065610Z ##[group]Installing build tools...
2022-12-27T11:29:30.1066040Z 
2022-12-27T11:29:30.1067180Z + pip install --upgrade setuptools wheel delocate -c /Users/runner/hostedtoolcache/Python/3.8.15/x64/lib/python3.8/site-packages/cibuildwheel/resources/constraints-python38.txt
2022-12-27T11:29:30.6234490Z Requirement already satisfied: setuptools in /private/var/folders/51/hd414ycd67n82196sw51xqtc0000gn/T/cibw-run-al7ue7k5/cp38-macosx_arm64/build/venv/lib/python3.8/site-packages (65.6.3)
2022-12-27T11:29:31.0202640Z Requirement already satisfied: wheel in /private/var/folders/51/hd414ycd67n82196sw51xqtc0000gn/T/cibw-run-al7ue7k5/cp38-macosx_arm64/build/venv/lib/python3.8/site-packages (0.38.4)
2022-12-27T11:29:31.1052240Z Collecting delocate
2022-12-27T11:29:31.1098980Z   Using cached delocate-0.10.3-py3-none-any.whl (142 kB)
2022-12-27T11:29:31.1648260Z Collecting packaging>=20.9
2022-12-27T11:29:31.1697310Z   Using cached packaging-21.3-py3-none-any.whl (40 kB)
2022-12-27T11:29:31.2001000Z Collecting typing-extensions
2022-12-27T11:29:31.2045380Z   Using cached typing_extensions-4.4.0-py3-none-any.whl (26 kB)
2022-12-27T11:29:31.2683600Z Collecting pyparsing!=3.0.5,>=2.0.2
2022-12-27T11:29:31.2733910Z   Using cached pyparsing-3.0.9-py3-none-any.whl (98 kB)
2022-12-27T11:29:31.3415820Z Installing collected packages: typing-extensions, pyparsing, packaging, delocate
2022-12-27T11:29:31.5591270Z Successfully installed delocate-0.10.3 packaging-21.3 pyparsing-3.0.9 typing-extensions-4.4.0
2022-12-27T11:29:31.6548010Z ##[endgroup]
2022-12-27T11:29:31.6551600Z                                                               [32mâœ“ [0m1.55s
2022-12-27T11:29:31.6552840Z ##[group]Running before_build...
2022-12-27T11:29:31.6553250Z 
2022-12-27T11:29:31.6560030Z + pip install Cython; if [[ -f requirements.txt ]]; then pip install -r requirements.txt; fi
2022-12-27T11:29:32.8017900Z Collecting Cython
2022-12-27T11:29:32.8102260Z   Using cached Cython-0.29.32-py2.py3-none-any.whl (986 kB)
2022-12-27T11:29:32.8943640Z Installing collected packages: Cython
2022-12-27T11:29:33.6208770Z Successfully installed Cython-0.29.32
2022-12-27T11:29:33.7163450Z ##[endgroup]
2022-12-27T11:29:33.7164300Z                                                               [32mâœ“ [0m2.06s
2022-12-27T11:29:33.7164850Z ##[group]Building wheel...
2022-12-27T11:29:33.7165040Z 
2022-12-27T11:29:33.7177280Z + python -m pip wheel /Users/runner/actions-runner/_work/python.build/python.build/build_lxml21438/lxml-2.1.4 --wheel-dir=/private/var/folders/51/hd414ycd67n82196sw51xqtc0000gn/T/cibw-run-al7ue7k5/cp38-macosx_arm64/built_wheel --no-deps -vvv
2022-12-27T11:29:34.2017640Z Created temporary directory: /private/var/folders/51/hd414ycd67n82196sw51xqtc0000gn/T/pip-ephem-wheel-cache-f0j0dgfk
2022-12-27T11:29:34.2023260Z Created temporary directory: /private/var/folders/51/hd414ycd67n82196sw51xqtc0000gn/T/pip-build-tracker-34ka5ug4
2022-12-27T11:29:34.2026990Z Initialized build tracking at /private/var/folders/51/hd414ycd67n82196sw51xqtc0000gn/T/pip-build-tracker-34ka5ug4
2022-12-27T11:29:34.2030570Z Created build tracker: /private/var/folders/51/hd414ycd67n82196sw51xqtc0000gn/T/pip-build-tracker-34ka5ug4
2022-12-27T11:29:34.2032340Z Entered build tracker: /private/var/folders/51/hd414ycd67n82196sw51xqtc0000gn/T/pip-build-tracker-34ka5ug4
2022-12-27T11:29:34.2038370Z Created temporary directory: /private/var/folders/51/hd414ycd67n82196sw51xqtc0000gn/T/pip-wheel-4ovjjvn8
2022-12-27T11:29:34.2049020Z Created temporary directory: /private/var/folders/51/hd414ycd67n82196sw51xqtc0000gn/T/pip-ephem-wheel-cache-1bgie10j
2022-12-27T11:29:34.2196830Z Processing /Users/runner/actions-runner/_work/python.build/python.build/build_lxml21438/lxml-2.1.4
2022-12-27T11:29:34.2204040Z   Added file:///Users/runner/actions-runner/_work/python.build/python.build/build_lxml21438/lxml-2.1.4 to build tracker '/private/var/folders/51/hd414ycd67n82196sw51xqtc0000gn/T/pip-build-tracker-34ka5ug4'
2022-12-27T11:29:34.2211420Z   Running setup.py (path:/Users/runner/actions-runner/_work/python.build/python.build/build_lxml21438/lxml-2.1.4/setup.py) egg_info for package from file:///Users/runner/actions-runner/_work/python.build/python.build/build_lxml21438/lxml-2.1.4
2022-12-27T11:29:34.2217150Z   Created temporary directory: /private/var/folders/51/hd414ycd67n82196sw51xqtc0000gn/T/pip-pip-egg-info-128m630j
2022-12-27T11:29:34.2220900Z   Preparing metadata (setup.py): started
2022-12-27T11:29:34.2224270Z   Running command python setup.py egg_info
2022-12-27T11:29:34.9296750Z   Building lxml version 2.1.4.
2022-12-27T11:29:34.9298910Z   Building with Cython 0.29.32.
2022-12-27T11:29:34.9302980Z   Using build configuration of libxslt 1.1.29
2022-12-27T11:29:34.9305900Z   Building against libxml2/libxslt in the following directory: /Library/Developer/CommandLineTools/SDKs/MacOSX12.1.sdk/usr/lib
2022-12-27T11:29:34.9309610Z   running egg_info
2022-12-27T11:29:34.9313860Z   creating /private/var/folders/51/hd414ycd67n82196sw51xqtc0000gn/T/pip-pip-egg-info-128m630j/lxml.egg-info
2022-12-27T11:29:34.9317210Z   writing /private/var/folders/51/hd414ycd67n82196sw51xqtc0000gn/T/pip-pip-egg-info-128m630j/lxml.egg-info/PKG-INFO
2022-12-27T11:29:34.9323400Z   writing dependency_links to /private/var/folders/51/hd414ycd67n82196sw51xqtc0000gn/T/pip-pip-egg-info-128m630j/lxml.egg-info/dependency_links.txt
2022-12-27T11:29:34.9329390Z   writing top-level names to /private/var/folders/51/hd414ycd67n82196sw51xqtc0000gn/T/pip-pip-egg-info-128m630j/lxml.egg-info/top_level.txt
2022-12-27T11:29:34.9334290Z   writing manifest file '/private/var/folders/51/hd414ycd67n82196sw51xqtc0000gn/T/pip-pip-egg-info-128m630j/lxml.egg-info/SOURCES.txt'
2022-12-27T11:29:34.9435070Z   reading manifest file '/private/var/folders/51/hd414ycd67n82196sw51xqtc0000gn/T/pip-pip-egg-info-128m630j/lxml.egg-info/SOURCES.txt'
2022-12-27T11:29:34.9442680Z   reading manifest template 'MANIFEST.in'
2022-12-27T11:29:35.1209060Z   adding license file 'LICENSES.txt'
2022-12-27T11:29:35.1340200Z   writing manifest file '/private/var/folders/51/hd414ycd67n82196sw51xqtc0000gn/T/pip-pip-egg-info-128m630j/lxml.egg-info/SOURCES.txt'
2022-12-27T11:29:35.1902740Z   Preparing metadata (setup.py): finished with status 'done'
2022-12-27T11:29:35.1945340Z   Source in /Users/runner/actions-runner/_work/python.build/python.build/build_lxml21438/lxml-2.1.4 has version 2.1.4, which satisfies requirement lxml==2.1.4 from file:///Users/runner/actions-runner/_work/python.build/python.build/build_lxml21438/lxml-2.1.4
2022-12-27T11:29:35.1952380Z   Removed lxml==2.1.4 from file:///Users/runner/actions-runner/_work/python.build/python.build/build_lxml21438/lxml-2.1.4 from build tracker '/private/var/folders/51/hd414ycd67n82196sw51xqtc0000gn/T/pip-build-tracker-34ka5ug4'
2022-12-27T11:29:35.2171750Z Created temporary directory: /private/var/folders/51/hd414ycd67n82196sw51xqtc0000gn/T/pip-unpack-49uw9zcd
2022-12-27T11:29:35.2175600Z Building wheels for collected packages: lxml
2022-12-27T11:29:35.2186590Z   Created temporary directory: /private/var/folders/51/hd414ycd67n82196sw51xqtc0000gn/T/pip-wheel-eeo6mkg2
2022-12-27T11:29:35.2190200Z   Building wheel for lxml (setup.py): started
2022-12-27T11:29:35.2193940Z   Destination directory: /private/var/folders/51/hd414ycd67n82196sw51xqtc0000gn/T/pip-wheel-eeo6mkg2
2022-12-27T11:29:35.2195630Z   Running command python setup.py bdist_wheel
2022-12-27T11:29:35.7174890Z   Building lxml version 2.1.4.
2022-12-27T11:29:35.7182110Z   Building with Cython 0.29.32.
2022-12-27T11:29:35.7419900Z   Using build configuration of libxslt 1.1.29
2022-12-27T11:29:35.9340780Z   Building against libxml2/libxslt in the following directory: /Library/Developer/CommandLineTools/SDKs/MacOSX12.1.sdk/usr/lib
2022-12-27T11:29:35.9794390Z   running bdist_wheel
2022-12-27T11:29:35.9864760Z   running build
2022-12-27T11:29:35.9866130Z   running build_py
2022-12-27T11:29:35.9902620Z   creating build
2022-12-27T11:29:35.9906420Z   creating build/lib.macosx-11.0-arm64-cpython-38
2022-12-27T11:29:35.9908550Z   creating build/lib.macosx-11.0-arm64-cpython-38/lxml
2022-12-27T11:29:35.9912140Z   copying src/lxml/_elementpath.py -> build/lib.macosx-11.0-arm64-cpython-38/lxml
2022-12-27T11:29:35.9915650Z   copying src/lxml/sax.py -> build/lib.macosx-11.0-arm64-cpython-38/lxml
2022-12-27T11:29:35.9923040Z   copying src/lxml/pyclasslookup.py -> build/lib.macosx-11.0-arm64-cpython-38/lxml
2022-12-27T11:29:35.9926250Z   copying src/lxml/__init__.py -> build/lib.macosx-11.0-arm64-cpython-38/lxml
2022-12-27T11:29:35.9930430Z   copying src/lxml/builder.py -> build/lib.macosx-11.0-arm64-cpython-38/lxml
2022-12-27T11:29:35.9936330Z   copying src/lxml/doctestcompare.py -> build/lib.macosx-11.0-arm64-cpython-38/lxml
2022-12-27T11:29:35.9944670Z   copying src/lxml/usedoctest.py -> build/lib.macosx-11.0-arm64-cpython-38/lxml
2022-12-27T11:29:35.9950010Z   copying src/lxml/cssselect.py -> build/lib.macosx-11.0-arm64-cpython-38/lxml
2022-12-27T11:29:35.9954720Z   copying src/lxml/ElementInclude.py -> build/lib.macosx-11.0-arm64-cpython-38/lxml
2022-12-27T11:29:35.9970140Z   creating build/lib.macosx-11.0-arm64-cpython-38/lxml/html
2022-12-27T11:29:35.9973330Z   copying src/lxml/html/soupparser.py -> build/lib.macosx-11.0-arm64-cpython-38/lxml/html
2022-12-27T11:29:35.9976760Z   copying src/lxml/html/defs.py -> build/lib.macosx-11.0-arm64-cpython-38/lxml/html
2022-12-27T11:29:35.9986650Z   copying src/lxml/html/_setmixin.py -> build/lib.macosx-11.0-arm64-cpython-38/lxml/html
2022-12-27T11:29:35.9988920Z   copying src/lxml/html/clean.py -> build/lib.macosx-11.0-arm64-cpython-38/lxml/html
2022-12-27T11:29:35.9992180Z   copying src/lxml/html/_diffcommand.py -> build/lib.macosx-11.0-arm64-cpython-38/lxml/html
2022-12-27T11:29:36.0001350Z   copying src/lxml/html/__init__.py -> build/lib.macosx-11.0-arm64-cpython-38/lxml/html
2022-12-27T11:29:36.0005490Z   copying src/lxml/html/formfill.py -> build/lib.macosx-11.0-arm64-cpython-38/lxml/html
2022-12-27T11:29:36.0012750Z   copying src/lxml/html/builder.py -> build/lib.macosx-11.0-arm64-cpython-38/lxml/html
2022-12-27T11:29:36.0017570Z   copying src/lxml/html/ElementSoup.py -> build/lib.macosx-11.0-arm64-cpython-38/lxml/html
2022-12-27T11:29:36.0022680Z   copying src/lxml/html/usedoctest.py -> build/lib.macosx-11.0-arm64-cpython-38/lxml/html
2022-12-27T11:29:36.0028030Z   copying src/lxml/html/diff.py -> build/lib.macosx-11.0-arm64-cpython-38/lxml/html
2022-12-27T11:29:36.0038160Z   copying src/lxml/html/_dictmixin.py -> build/lib.macosx-11.0-arm64-cpython-38/lxml/html
2022-12-27T11:29:36.0059120Z   running build_ext
2022-12-27T11:29:36.0800630Z   skipping 'src/lxml/lxml.etree.c' Cython extension (up-to-date)
2022-12-27T11:29:36.0802840Z   skipping 'src/lxml/lxml.objectify.c' Cython extension (up-to-date)
2022-12-27T11:29:36.0808070Z   building 'lxml.etree' extension
2022-12-27T11:29:36.0809720Z   creating build/temp.macosx-11.0-arm64-cpython-38
2022-12-27T11:29:36.0981520Z   creating build/temp.macosx-11.0-arm64-cpython-38/src
2022-12-27T11:29:36.0984190Z   creating build/temp.macosx-11.0-arm64-cpython-38/src/lxml
2022-12-27T11:29:36.0987910Z   gcc -Wno-unused-result -Wsign-compare -Wunreachable-code -fno-common -dynamic -DNDEBUG -g -fwrapv -O3 -Wall -g -I/usr/local/opt/openssl@3/include -I/usr/local/opt/openssl@3/include -arch arm64 -I/Library/Developer/CommandLineTools/SDKs/MacOSX12.1.sdk/usr/include -I/private/var/folders/51/hd414ycd67n82196sw51xqtc0000gn/T/cibw-run-al7ue7k5/cp38-macosx_arm64/build/venv/include -I/Library/Frameworks/Python.framework/Versions/3.8/include/python3.8 -c src/lxml/lxml.etree.c -o build/temp.macosx-11.0-arm64-cpython-38/src/lxml/lxml.etree.o -w -flat_namespace
2022-12-27T11:29:37.0924380Z   src/lxml/lxml.etree.c:127355:21: error: no member named 'exc_type' in 'struct _ts'
2022-12-27T11:29:37.0925870Z       *type = tstate->exc_type;
2022-12-27T11:29:37.0929670Z               ~~~~~~  ^
2022-12-27T11:29:37.0933060Z   src/lxml/lxml.etree.c:127356:22: error: no member named 'exc_value' in 'struct _ts'; did you mean 'curexc_value'?
2022-12-27T11:29:37.0936820Z       *value = tstate->exc_value;
2022-12-27T11:29:37.0938830Z                        ^~~~~~~~~
2022-12-27T11:29:37.0942570Z                        curexc_value
2022-12-27T11:29:37.0945980Z   /Library/Frameworks/Python.framework/Versions/3.8/include/python3.8/cpython/pystate.h:80:15: note: 'curexc_value' declared here
2022-12-27T11:29:37.0948910Z       PyObject *curexc_value;
2022-12-27T11:29:37.0951930Z                 ^
2022-12-27T11:29:37.0955220Z   src/lxml/lxml.etree.c:127357:19: error: no member named 'exc_traceback' in 'struct _ts'; did you mean 'curexc_traceback'?
2022-12-27T11:29:37.0959460Z       *tb = tstate->exc_traceback;
2022-12-27T11:29:37.0962080Z                     ^~~~~~~~~~~~~
2022-12-27T11:29:37.0964940Z                     curexc_traceback
2022-12-27T11:29:37.0968370Z   /Library/Frameworks/Python.framework/Versions/3.8/include/python3.8/cpython/pystate.h:81:15: note: 'curexc_traceback' declared here
2022-12-27T11:29:37.0970670Z       PyObject *curexc_traceback;
2022-12-27T11:29:37.0974950Z                 ^
2022-12-27T11:29:37.0978610Z   src/lxml/lxml.etree.c:127366:24: error: no member named 'exc_type' in 'struct _ts'
2022-12-27T11:29:37.0981580Z       tmp_type = tstate->exc_type;
2022-12-27T11:29:37.0984180Z                  ~~~~~~  ^
2022-12-27T11:29:37.0988530Z   src/lxml/lxml.etree.c:127367:25: error: no member named 'exc_value' in 'struct _ts'; did you mean 'curexc_value'?
2022-12-27T11:29:37.0991200Z       tmp_value = tstate->exc_value;
2022-12-27T11:29:37.0994420Z                           ^~~~~~~~~
2022-12-27T11:29:37.0997680Z                           curexc_value
2022-12-27T11:29:37.1001680Z   /Library/Frameworks/Python.framework/Versions/3.8/include/python3.8/cpython/pystate.h:80:15: note: 'curexc_value' declared here
2022-12-27T11:29:37.1004540Z       PyObject *curexc_value;
2022-12-27T11:29:37.1007670Z                 ^
2022-12-27T11:29:37.1011370Z   src/lxml/lxml.etree.c:127368:22: error: no member named 'exc_traceback' in 'struct _ts'; did you mean 'curexc_traceback'?
2022-12-27T11:29:37.1014770Z       tmp_tb = tstate->exc_traceback;
2022-12-27T11:29:37.1018610Z                        ^~~~~~~~~~~~~
2022-12-27T11:29:37.1020560Z                        curexc_traceback
2022-12-27T11:29:37.1024400Z   /Library/Frameworks/Python.framework/Versions/3.8/include/python3.8/cpython/pystate.h:81:15: note: 'curexc_traceback' declared here
2022-12-27T11:29:37.1026500Z       PyObject *curexc_traceback;
2022-12-27T11:29:37.1029980Z                 ^
2022-12-27T11:29:37.1033880Z   src/lxml/lxml.etree.c:127369:13: error: no member named 'exc_type' in 'struct _ts'
2022-12-27T11:29:37.1036850Z       tstate->exc_type = type;
2022-12-27T11:29:37.1040050Z       ~~~~~~  ^
2022-12-27T11:29:37.1044660Z   src/lxml/lxml.etree.c:127370:13: error: no member named 'exc_value' in 'struct _ts'; did you mean 'curexc_value'?
2022-12-27T11:29:37.1046740Z       tstate->exc_value = value;
2022-12-27T11:29:37.1049880Z               ^~~~~~~~~
2022-12-27T11:29:37.1053340Z               curexc_value
2022-12-27T11:29:37.1056910Z   /Library/Frameworks/Python.framework/Versions/3.8/include/python3.8/cpython/pystate.h:80:15: note: 'curexc_value' declared here
2022-12-27T11:29:37.1059930Z       PyObject *curexc_value;
2022-12-27T11:29:37.1062950Z                 ^
2022-12-27T11:29:37.1066340Z   src/lxml/lxml.etree.c:127371:13: error: no member named 'exc_traceback' in 'struct _ts'; did you mean 'curexc_traceback'?
2022-12-27T11:29:37.1068980Z       tstate->exc_traceback = tb;
2022-12-27T11:29:37.1072120Z               ^~~~~~~~~~~~~
2022-12-27T11:29:37.1075050Z               curexc_traceback
2022-12-27T11:29:37.1078480Z   /Library/Frameworks/Python.framework/Versions/3.8/include/python3.8/cpython/pystate.h:81:15: note: 'curexc_traceback' declared here
2022-12-27T11:29:37.1081590Z       PyObject *curexc_traceback;
2022-12-27T11:29:37.1084580Z                 ^
2022-12-27T11:29:37.1088290Z   src/lxml/lxml.etree.c:127448:24: error: no member named 'exc_type' in 'struct _ts'
2022-12-27T11:29:37.1091250Z       tmp_type = tstate->exc_type;
2022-12-27T11:29:37.1094560Z                  ~~~~~~  ^
2022-12-27T11:29:37.1098140Z   src/lxml/lxml.etree.c:127449:25: error: no member named 'exc_value' in 'struct _ts'; did you mean 'curexc_value'?
2022-12-27T11:29:37.1101540Z       tmp_value = tstate->exc_value;
2022-12-27T11:29:37.1104310Z                           ^~~~~~~~~
2022-12-27T11:29:37.1107820Z                           curexc_value
2022-12-27T11:29:37.1112190Z   /Library/Frameworks/Python.framework/Versions/3.8/include/python3.8/cpython/pystate.h:80:15: note: 'curexc_value' declared here
2022-12-27T11:29:37.1114350Z       PyObject *curexc_value;
2022-12-27T11:29:37.1118910Z                 ^
2022-12-27T11:29:37.1122000Z   src/lxml/lxml.etree.c:127450:22: error: no member named 'exc_traceback' in 'struct _ts'; did you mean 'curexc_traceback'?
2022-12-27T11:29:37.1126100Z       tmp_tb = tstate->exc_traceback;
2022-12-27T11:29:37.1128720Z                        ^~~~~~~~~~~~~
2022-12-27T11:29:37.1132440Z                        curexc_traceback
2022-12-27T11:29:37.1136320Z   /Library/Frameworks/Python.framework/Versions/3.8/include/python3.8/cpython/pystate.h:81:15: note: 'curexc_traceback' declared here
2022-12-27T11:29:37.1139170Z       PyObject *curexc_traceback;
2022-12-27T11:29:37.1142290Z                 ^
2022-12-27T11:29:37.1145130Z   src/lxml/lxml.etree.c:127451:13: error: no member named 'exc_type' in 'struct _ts'
2022-12-27T11:29:37.1149380Z       tstate->exc_type = *type;
2022-12-27T11:29:37.1152650Z       ~~~~~~  ^
2022-12-27T11:29:37.1156580Z   src/lxml/lxml.etree.c:127452:13: error: no member named 'exc_value' in 'struct _ts'; did you mean 'curexc_value'?
2022-12-27T11:29:37.1159090Z       tstate->exc_value = *value;
2022-12-27T11:29:37.1162610Z               ^~~~~~~~~
2022-12-27T11:29:37.1165700Z               curexc_value
2022-12-27T11:29:37.1169840Z   /Library/Frameworks/Python.framework/Versions/3.8/include/python3.8/cpython/pystate.h:80:15: note: 'curexc_value' declared here
2022-12-27T11:29:37.1173060Z       PyObject *curexc_value;
2022-12-27T11:29:37.1176730Z                 ^
2022-12-27T11:29:37.1180310Z   src/lxml/lxml.etree.c:127453:13: error: no member named 'exc_traceback' in 'struct _ts'; did you mean 'curexc_traceback'?
2022-12-27T11:29:37.1184510Z       tstate->exc_traceback = *tb;
2022-12-27T11:29:37.1186150Z               ^~~~~~~~~~~~~
2022-12-27T11:29:37.1189360Z               curexc_traceback
2022-12-27T11:29:37.1193130Z   /Library/Frameworks/Python.framework/Versions/3.8/include/python3.8/cpython/pystate.h:81:15: note: 'curexc_traceback' declared here
2022-12-27T11:29:37.1195680Z       PyObject *curexc_traceback;
2022-12-27T11:29:37.1198510Z                 ^
2022-12-27T11:29:37.1202090Z   15 errors generated.
2022-12-27T11:29:37.1206090Z   error: command '/usr/bin/gcc' failed with exit code 1
2022-12-27T11:29:37.1767770Z   error: subprocess-exited-with-error
2022-12-27T11:29:37.1768320Z   
2022-12-27T11:29:37.1769560Z   Ã— python setup.py bdist_wheel did not run successfully.
2022-12-27T11:29:37.1771200Z   â”‚ exit code: 1
2022-12-27T11:29:37.1771780Z   â•°â”€> See above for output.
2022-12-27T11:29:37.1772180Z   
2022-12-27T11:29:37.1772630Z   note: This error originates from a subprocess, and is likely not a problem with pip.
2022-12-27T11:29:37.1784980Z   full command: /private/var/folders/51/hd414ycd67n82196sw51xqtc0000gn/T/cibw-run-al7ue7k5/cp38-macosx_arm64/build/venv/bin/python -u -c '
2022-12-27T11:29:37.1785540Z   exec(compile('"'"''"'"''"'"'
2022-12-27T11:29:37.1786140Z   # This is <pip-setuptools-caller> -- a caller that pip uses to run setup.py
2022-12-27T11:29:37.1786560Z   #
2022-12-27T11:29:37.1787020Z   # - It imports setuptools before invoking setup.py, to enable projects that directly
2022-12-27T11:29:37.1787610Z   #   import from `distutils.core` to work with newer packaging standards.
2022-12-27T11:29:37.1788140Z   # - It provides a clear error message when setuptools is not installed.
2022-12-27T11:29:37.1788770Z   # - It sets `sys.argv[0]` to the underlying `setup.py`, when invoking `setup.py` so
2022-12-27T11:29:37.1789310Z   #   setuptools doesn'"'"'t think the script is `-c`. This avoids the following warning:
2022-12-27T11:29:37.1790000Z   #     manifest_maker: standard file '"'"'-c'"'"' not found".
2022-12-27T11:29:37.1790600Z   # - It generates a shim setup.py, for handling setup.cfg-only projects.
2022-12-27T11:29:37.1790950Z   import os, sys, tokenize
2022-12-27T11:29:37.1791250Z   
2022-12-27T11:29:37.1791540Z   try:
2022-12-27T11:29:37.1792520Z       import setuptools
2022-12-27T11:29:37.1792910Z   except ImportError as error:
2022-12-27T11:29:37.1793260Z       print(
2022-12-27T11:29:37.1793670Z           "ERROR: Can not execute `setup.py` since setuptools is not available in "
2022-12-27T11:29:37.1794010Z           "the build environment.",
2022-12-27T11:29:37.1794360Z           file=sys.stderr,
2022-12-27T11:29:37.1794650Z       )
2022-12-27T11:29:37.1794880Z       sys.exit(1)
2022-12-27T11:29:37.1795930Z   
2022-12-27T11:29:37.1796220Z   __file__ = %r
2022-12-27T11:29:37.1796450Z   sys.argv[0] = __file__
2022-12-27T11:29:37.1796740Z   
2022-12-27T11:29:37.1797030Z   if os.path.exists(__file__):
2022-12-27T11:29:37.1797310Z       filename = __file__
2022-12-27T11:29:37.1797670Z       with tokenize.open(__file__) as f:
2022-12-27T11:29:37.1798020Z           setup_py_code = f.read()
2022-12-27T11:29:37.1798260Z   else:
2022-12-27T11:29:37.1798700Z       filename = "<auto-generated setuptools caller>"
2022-12-27T11:29:37.1799130Z       setup_py_code = "from setuptools import setup; setup()"
2022-12-27T11:29:37.1799390Z   
2022-12-27T11:29:37.1800000Z   exec(compile(setup_py_code, filename, "exec"))
2022-12-27T11:29:37.1800870Z   '"'"''"'"''"'"' % ('"'"'/Users/runner/actions-runner/_work/python.build/python.build/build_lxml21438/lxml-2.1.4/setup.py'"'"',), "<pip-setuptools-caller>", "exec"))' bdist_wheel -d /private/var/folders/51/hd414ycd67n82196sw51xqtc0000gn/T/pip-wheel-eeo6mkg2
2022-12-27T11:29:37.1801740Z   cwd: /Users/runner/actions-runner/_work/python.build/python.build/build_lxml21438/lxml-2.1.4/
2022-12-27T11:29:37.1802160Z   ERROR: Failed building wheel for lxml
2022-12-27T11:29:37.1802620Z   Building wheel for lxml (setup.py): finished with status 'error'
2022-12-27T11:29:37.1805430Z   Running setup.py clean for lxml
2022-12-27T11:29:37.1810420Z   Running command python setup.py clean
2022-12-27T11:29:37.6874530Z   Building lxml version 2.1.4.
2022-12-27T11:29:37.6878780Z   Building with Cython 0.29.32.
2022-12-27T11:29:37.7117020Z   Using build configuration of libxslt 1.1.29
2022-12-27T11:29:37.8986820Z   Building against libxml2/libxslt in the following directory: /Library/Developer/CommandLineTools/SDKs/MacOSX12.1.sdk/usr/lib
2022-12-27T11:29:37.9233750Z   running clean
2022-12-27T11:29:37.9282500Z   removing 'build/temp.macosx-11.0-arm64-cpython-38' (and everything under it)
2022-12-27T11:29:37.9286590Z   removing 'build/lib.macosx-11.0-arm64-cpython-38' (and everything under it)
2022-12-27T11:29:37.9322930Z   'build/bdist.macosx-11.0-arm64' does not exist -- can't clean it
2022-12-27T11:29:37.9327640Z   'build/scripts-3.8' does not exist -- can't clean it
2022-12-27T11:29:37.9330090Z   removing 'build'
2022-12-27T11:29:37.9797640Z Failed to build lxml
2022-12-27T11:29:37.9805490Z ERROR: Failed to build one or more wheels
2022-12-27T11:29:37.9821710Z Exception information:
2022-12-27T11:29:37.9822860Z Traceback (most recent call last):
2022-12-27T11:29:37.9842250Z   File "/private/var/folders/51/hd414ycd67n82196sw51xqtc0000gn/T/cibw-run-al7ue7k5/cp38-macosx_arm64/build/venv/lib/python3.8/site-packages/pip/_internal/cli/base_command.py", line 160, in exc_logging_wrapper
2022-12-27T11:29:37.9843400Z     status = run_func(*args)
2022-12-27T11:29:37.9844970Z   File "/private/var/folders/51/hd414ycd67n82196sw51xqtc0000gn/T/cibw-run-al7ue7k5/cp38-macosx_arm64/build/venv/lib/python3.8/site-packages/pip/_internal/cli/req_command.py", line 247, in wrapper
2022-12-27T11:29:37.9846070Z     return func(self, options, args)
2022-12-27T11:29:37.9847390Z   File "/private/var/folders/51/hd414ycd67n82196sw51xqtc0000gn/T/cibw-run-al7ue7k5/cp38-macosx_arm64/build/venv/lib/python3.8/site-packages/pip/_internal/commands/wheel.py", line 201, in run
2022-12-27T11:29:37.9848530Z     raise CommandError("Failed to build one or more wheels")
2022-12-27T11:29:37.9849320Z pip._internal.exceptions.CommandError: Failed to build one or more wheels
2022-12-27T11:29:37.9850460Z Removed build tracker: '/private/var/folders/51/hd414ycd67n82196sw51xqtc0000gn/T/pip-build-tracker-34ka5ug4'
2022-12-27T11:29:38.0625540Z ##[endgroup]
2022-12-27T11:29:38.0627010Z                                                               [31mâœ• [0m4.35s
2022-12-27T11:29:38.1236910Z ##[error]Command ['python', '-m', 'pip', 'wheel', '/Users/runner/actions-runner/_work/python.build/python.build/build_lxml21438/lxml-2.1.4', '--wheel-dir=/private/var/folders/51/hd414ycd67n82196sw51xqtc0000gn/T/cibw-run-al7ue7k5/cp38-macosx_arm64/built_wheel', '--no-deps', '-vvv'] failed with code 1. None
2022-12-27T11:29:38.1246810Z 
2022-12-27T11:29:38.1434070Z ##[error]Process completed with exit code 1.
2022-12-27T11:29:38.1494980Z ##[group]Run rm -rf build_lxml21438 wheelsout
2022-12-27T11:29:38.1495400Z [36;1mrm -rf build_lxml21438 wheelsout[0m
2022-12-27T11:29:38.1522970Z shell: /bin/bash -e {0}
2022-12-27T11:29:38.1523200Z env:
2022-12-27T11:29:38.1523440Z   pythonLocation: /Users/runner/hostedtoolcache/Python/3.8.15/x64
2022-12-27T11:29:38.1523780Z   PKG_CONFIG_PATH: /Users/runner/hostedtoolcache/Python/3.8.15/x64/lib/pkgconfig
2022-12-27T11:29:38.1524110Z   Python_ROOT_DIR: /Users/runner/hostedtoolcache/Python/3.8.15/x64
2022-12-27T11:29:38.1524390Z   Python2_ROOT_DIR: /Users/runner/hostedtoolcache/Python/3.8.15/x64
2022-12-27T11:29:38.1524690Z   Python3_ROOT_DIR: /Users/runner/hostedtoolcache/Python/3.8.15/x64
2022-12-27T11:29:38.1524920Z ##[endgroup]
2022-12-27T11:29:38.2594290Z Cleaning up orphan processes
