2022-12-27T01:58:04.6937306Z Requested labels: self-hosted, macOS, X64
2022-12-27T01:58:04.6937375Z Job defined at: kilnbuild/python.build/.github/workflows/mac_arm_build.yml@refs/heads/main
2022-12-27T01:58:04.6937401Z Waiting for a runner to pick up this job...
2022-12-27T02:55:42.2852137Z Job is about to start running on the runner: kr1 (organization)
2022-12-27T02:55:45.7658940Z Current runner version: '2.300.2'
2022-12-27T02:55:45.7666340Z Runner name: 'kr1'
2022-12-27T02:55:45.7666730Z Runner group name: 'Default'
2022-12-27T02:55:45.7667600Z Machine name: 'kr1'
2022-12-27T02:55:45.7670200Z ##[group]GITHUB_TOKEN Permissions
2022-12-27T02:55:45.7670900Z Actions: write
2022-12-27T02:55:45.7671150Z Checks: write
2022-12-27T02:55:45.7671400Z Contents: write
2022-12-27T02:55:45.7671660Z Deployments: write
2022-12-27T02:55:45.7671910Z Discussions: write
2022-12-27T02:55:45.7672160Z Issues: write
2022-12-27T02:55:45.7672410Z Metadata: read
2022-12-27T02:55:45.7672650Z Packages: write
2022-12-27T02:55:45.7672910Z Pages: write
2022-12-27T02:55:45.7673170Z PullRequests: write
2022-12-27T02:55:45.7673460Z RepositoryProjects: write
2022-12-27T02:55:45.7673750Z SecurityEvents: write
2022-12-27T02:55:45.7674020Z Statuses: write
2022-12-27T02:55:45.7674260Z ##[endgroup]
2022-12-27T02:55:45.7677990Z Secret source: Actions
2022-12-27T02:55:45.7678500Z Prepare workflow directory
2022-12-27T02:55:45.8852050Z Prepare all required actions
2022-12-27T02:55:45.9061280Z Getting action download info
2022-12-27T02:55:46.4007550Z Download action repository 'actions/setup-python@v4' (SHA:5ccb29d8773c3f3f653e1705f474dfaa8a06a912)
2022-12-27T02:55:48.3220570Z Download action repository 'actions/upload-artifact@v3' (SHA:83fd05a356d7e2593de66fc9913b3002723633cb)
2022-12-27T02:55:49.7679690Z ##[group]Run echo '{
2022-12-27T02:55:49.7680190Z [36;1mecho '{[0m
2022-12-27T02:55:49.7680490Z [36;1m  "environment_variables": "GRPC_PYTHON_BUILD_WITH_CYTHON=1 GRPC_BUILD_WITH_BORING_SSL_ASM='' GRPC_PYTHON_BUILD_SYSTEM_OPENSSL=TRUE",[0m
2022-12-27T02:55:49.7680810Z [36;1m  "package_name": "grpcio",[0m
2022-12-27T02:55:49.7681180Z [36;1m  "package_url": "https://files.pythonhosted.org/packages/b4/3e/40ac12d23777991c48c980dd0fc6333a43717b5c1538490e322192087df2/grpcio-1.2.0.tar.gz",[0m
2022-12-27T02:55:49.7681620Z [36;1m  "package_version": "1.2.0",[0m
2022-12-27T02:55:49.7681820Z [36;1m  "python_version": "3.9",[0m
2022-12-27T02:55:49.7682030Z [36;1m  "use_ccache": "true"[0m
2022-12-27T02:55:49.7682210Z [36;1m}'[0m
2022-12-27T02:55:49.7708360Z shell: /bin/bash -e {0}
2022-12-27T02:55:49.7708570Z ##[endgroup]
2022-12-27T02:55:49.8091650Z {
2022-12-27T02:55:49.8094420Z   "environment_variables": "GRPC_PYTHON_BUILD_WITH_CYTHON=1 GRPC_BUILD_WITH_BORING_SSL_ASM= GRPC_PYTHON_BUILD_SYSTEM_OPENSSL=TRUE",
2022-12-27T02:55:49.8094860Z   "package_name": "grpcio",
2022-12-27T02:55:49.8096100Z   "package_url": "https://files.pythonhosted.org/packages/b4/3e/40ac12d23777991c48c980dd0fc6333a43717b5c1538490e322192087df2/grpcio-1.2.0.tar.gz",
2022-12-27T02:55:49.8096680Z   "package_version": "1.2.0",
2022-12-27T02:55:49.8097020Z   "python_version": "3.9",
2022-12-27T02:55:49.8097300Z   "use_ccache": "true"
2022-12-27T02:55:49.8097650Z }
2022-12-27T02:55:49.8457040Z ##[group]Run actions/setup-python@v4
2022-12-27T02:55:49.8457400Z with:
2022-12-27T02:55:49.8458050Z   python-version: 3.9
2022-12-27T02:55:49.8458370Z   check-latest: false
2022-12-27T02:55:49.8458920Z   token: ***
2022-12-27T02:55:49.8459230Z   update-environment: true
2022-12-27T02:55:49.8459630Z ##[endgroup]
2022-12-27T02:55:50.0550040Z ##[group]Installed versions
2022-12-27T02:55:50.0627130Z Successfully set up CPython (3.9.16)
2022-12-27T02:55:50.0628490Z ##[endgroup]
2022-12-27T02:55:50.0857620Z ##[group]Run if [ "true" == "true" ]
2022-12-27T02:55:50.0858200Z [36;1mif [ "true" == "true" ][0m
2022-12-27T02:55:50.0858550Z [36;1mthen[0m
2022-12-27T02:55:50.0858870Z [36;1m  echo "CCACHE_PATH_PREPEND=/usr/local/opt/ccache/libexec" >> $GITHUB_OUTPUT[0m
2022-12-27T02:55:50.0859250Z [36;1melse[0m
2022-12-27T02:55:50.0859600Z [36;1m  echo "CCACHE_PATH_PREPEND=" >> $GITHUB_OUTPUT[0m
2022-12-27T02:55:50.0859990Z [36;1mfi[0m
2022-12-27T02:55:50.0888620Z shell: /bin/bash -e {0}
2022-12-27T02:55:50.0888990Z env:
2022-12-27T02:55:50.0889850Z   pythonLocation: /Users/runner/hostedtoolcache/Python/3.9.16/x64
2022-12-27T02:55:50.0890260Z   PKG_CONFIG_PATH: /Users/runner/hostedtoolcache/Python/3.9.16/x64/lib/pkgconfig
2022-12-27T02:55:50.0891390Z   Python_ROOT_DIR: /Users/runner/hostedtoolcache/Python/3.9.16/x64
2022-12-27T02:55:50.0891820Z   Python2_ROOT_DIR: /Users/runner/hostedtoolcache/Python/3.9.16/x64
2022-12-27T02:55:50.0892290Z   Python3_ROOT_DIR: /Users/runner/hostedtoolcache/Python/3.9.16/x64
2022-12-27T02:55:50.0892780Z ##[endgroup]
2022-12-27T02:55:50.1174900Z ##[group]Run echo "BUILD_NAME=$(echo grpcio_1.2.0_3.9 | tr -dc '[:alnum:]\n\r' | tr '[:upper:]' '[:lower:]')" >> $GITHUB_OUTPUT
2022-12-27T02:55:50.1175540Z [36;1mecho "BUILD_NAME=$(echo grpcio_1.2.0_3.9 | tr -dc '[:alnum:]\n\r' | tr '[:upper:]' '[:lower:]')" >> $GITHUB_OUTPUT[0m
2022-12-27T02:55:50.1201540Z shell: /bin/bash -e {0}
2022-12-27T02:55:50.1201760Z env:
2022-12-27T02:55:50.1202170Z   pythonLocation: /Users/runner/hostedtoolcache/Python/3.9.16/x64
2022-12-27T02:55:50.1202590Z   PKG_CONFIG_PATH: /Users/runner/hostedtoolcache/Python/3.9.16/x64/lib/pkgconfig
2022-12-27T02:55:50.1203010Z   Python_ROOT_DIR: /Users/runner/hostedtoolcache/Python/3.9.16/x64
2022-12-27T02:55:50.1203430Z   Python2_ROOT_DIR: /Users/runner/hostedtoolcache/Python/3.9.16/x64
2022-12-27T02:55:50.1204100Z   Python3_ROOT_DIR: /Users/runner/hostedtoolcache/Python/3.9.16/x64
2022-12-27T02:55:50.1204450Z ##[endgroup]
2022-12-27T02:55:50.1441640Z ##[group]Run echo "PYTHON_NO_DOTS=$(echo 3.9 | tr -dc '[:alnum:]\n\r' | tr '[:upper:]' '[:lower:]')" >> $GITHUB_OUTPUT
2022-12-27T02:55:50.1442400Z [36;1mecho "PYTHON_NO_DOTS=$(echo 3.9 | tr -dc '[:alnum:]\n\r' | tr '[:upper:]' '[:lower:]')" >> $GITHUB_OUTPUT[0m
2022-12-27T02:55:50.1468980Z shell: /bin/bash -e {0}
2022-12-27T02:55:50.1469290Z env:
2022-12-27T02:55:50.1469590Z   pythonLocation: /Users/runner/hostedtoolcache/Python/3.9.16/x64
2022-12-27T02:55:50.1470160Z   PKG_CONFIG_PATH: /Users/runner/hostedtoolcache/Python/3.9.16/x64/lib/pkgconfig
2022-12-27T02:55:50.1470600Z   Python_ROOT_DIR: /Users/runner/hostedtoolcache/Python/3.9.16/x64
2022-12-27T02:55:50.1470960Z   Python2_ROOT_DIR: /Users/runner/hostedtoolcache/Python/3.9.16/x64
2022-12-27T02:55:50.1472580Z   Python3_ROOT_DIR: /Users/runner/hostedtoolcache/Python/3.9.16/x64
2022-12-27T02:55:50.1473010Z ##[endgroup]
2022-12-27T02:55:50.1712780Z ##[group]Run rm -rf build_grpcio12039
2022-12-27T02:55:50.1713310Z [36;1mrm -rf build_grpcio12039[0m
2022-12-27T02:55:50.1713640Z [36;1mmkdir build_grpcio12039[0m
2022-12-27T02:55:50.1714040Z [36;1mcd build_grpcio12039[0m
2022-12-27T02:55:50.1714540Z [36;1m/usr/local/bin/wget --quiet https://files.pythonhosted.org/packages/b4/3e/40ac12d23777991c48c980dd0fc6333a43717b5c1538490e322192087df2/grpcio-1.2.0.tar.gz[0m
2022-12-27T02:55:50.1714930Z [36;1mtar xf *.tar.gz[0m
2022-12-27T02:55:50.1715290Z [36;1mcd grpcio-*/[0m
2022-12-27T02:55:50.1715710Z [36;1mpython -m pip install cibuildwheel==2.11.3[0m
2022-12-27T02:55:50.1716080Z [36;1mpython -m cibuildwheel --output-dir ../wheelsout[0m
2022-12-27T02:55:50.1742350Z shell: /bin/bash -e {0}
2022-12-27T02:55:50.1742670Z env:
2022-12-27T02:55:50.1743170Z   pythonLocation: /Users/runner/hostedtoolcache/Python/3.9.16/x64
2022-12-27T02:55:50.1743660Z   PKG_CONFIG_PATH: /Users/runner/hostedtoolcache/Python/3.9.16/x64/lib/pkgconfig
2022-12-27T02:55:50.1744050Z   Python_ROOT_DIR: /Users/runner/hostedtoolcache/Python/3.9.16/x64
2022-12-27T02:55:50.1744470Z   Python2_ROOT_DIR: /Users/runner/hostedtoolcache/Python/3.9.16/x64
2022-12-27T02:55:50.1744950Z   Python3_ROOT_DIR: /Users/runner/hostedtoolcache/Python/3.9.16/x64
2022-12-27T02:55:50.1745320Z   CIBW_ARCHS_MACOS: arm64
2022-12-27T02:55:50.1745580Z   CIBW_TEST_SKIP: *_arm64
2022-12-27T02:55:50.1745900Z   CIBW_BUILD: cp39-macosx_arm64
2022-12-27T02:55:50.1746300Z   CIBW_BUILD_FRONTEND: pip
2022-12-27T02:55:50.1746560Z   CIBW_BUILD_VERBOSITY: 3
2022-12-27T02:55:50.1747200Z   CIBW_ENVIRONMENT_MACOS: GRPC_PYTHON_BUILD_WITH_CYTHON=1 GRPC_BUILD_WITH_BORING_SSL_ASM='' GRPC_PYTHON_BUILD_SYSTEM_OPENSSL=TRUE CFLAGS="-I/usr/local/opt/openssl@3/include" LDFLAGS="-L/usr/local/opt/openssl@3/lib" CPPFLAGS="-I/usr/local/opt/openssl@3/include" MAKEFLAGS="-j$(sysctl -n hw.logicalcpu)" PATH=/usr/local/opt/ccache/libexec:$PATH
2022-12-27T02:55:50.1748220Z   CIBW_BEFORE_BUILD: pip install Cython; if [[ -f requirements.txt ]]; then pip install -r requirements.txt; fi
2022-12-27T02:55:50.1748650Z   MAKEFLAGS: -j$(sysctl -n hw.logicalcpu)
2022-12-27T02:55:50.1748990Z ##[endgroup]
2022-12-27T02:55:51.8153020Z Requirement already satisfied: cibuildwheel==2.11.3 in /Users/runner/hostedtoolcache/Python/3.9.16/x64/lib/python3.9/site-packages (2.11.3)
2022-12-27T02:55:51.8550770Z Requirement already satisfied: platformdirs in /Users/runner/hostedtoolcache/Python/3.9.16/x64/lib/python3.9/site-packages (from cibuildwheel==2.11.3) (2.6.0)
2022-12-27T02:55:51.8556270Z Requirement already satisfied: bashlex!=0.13 in /Users/runner/hostedtoolcache/Python/3.9.16/x64/lib/python3.9/site-packages (from cibuildwheel==2.11.3) (0.16)
2022-12-27T02:55:51.8564080Z Requirement already satisfied: tomli in /Users/runner/hostedtoolcache/Python/3.9.16/x64/lib/python3.9/site-packages (from cibuildwheel==2.11.3) (2.0.1)
2022-12-27T02:55:51.8570780Z Requirement already satisfied: filelock in /Users/runner/hostedtoolcache/Python/3.9.16/x64/lib/python3.9/site-packages (from cibuildwheel==2.11.3) (3.8.2)
2022-12-27T02:55:51.8574010Z Requirement already satisfied: bracex in /Users/runner/hostedtoolcache/Python/3.9.16/x64/lib/python3.9/site-packages (from cibuildwheel==2.11.3) (2.3.post1)
2022-12-27T02:55:51.8580750Z Requirement already satisfied: certifi in /Users/runner/hostedtoolcache/Python/3.9.16/x64/lib/python3.9/site-packages (from cibuildwheel==2.11.3) (2022.12.7)
2022-12-27T02:55:51.8587200Z Requirement already satisfied: packaging>=20.9 in /Users/runner/hostedtoolcache/Python/3.9.16/x64/lib/python3.9/site-packages (from cibuildwheel==2.11.3) (22.0)
2022-12-27T02:55:51.8600830Z Requirement already satisfied: typing-extensions>=4.1.0 in /Users/runner/hostedtoolcache/Python/3.9.16/x64/lib/python3.9/site-packages (from cibuildwheel==2.11.3) (4.4.0)
2022-12-27T02:55:52.1951280Z 
2022-12-27T02:55:52.1952420Z      _ _       _ _   _       _           _
2022-12-27T02:55:52.1954060Z  ___|_| |_ _ _|_| |_| |_ _ _| |_ ___ ___| |
2022-12-27T02:55:52.1957490Z |  _| | . | | | | | . | | | |   | -_| -_| |
2022-12-27T02:55:52.1958070Z |___|_|___|___|_|_|___|_____|_|_|___|___|_|
2022-12-27T02:55:52.1958330Z 
2022-12-27T02:55:52.1958570Z cibuildwheel version 2.11.3
2022-12-27T02:55:52.1958780Z 
2022-12-27T02:55:52.1958960Z Build options:
2022-12-27T02:55:52.1959490Z   platform: macos
2022-12-27T02:55:52.2184260Z   architectures: arm64[0m
2022-12-27T02:55:52.2185260Z   build_selector: 
2022-12-27T02:55:52.2186440Z     build_config: cp39-macosx_arm64
2022-12-27T02:55:52.2187700Z     skip_config: 
2022-12-27T02:55:52.2188930Z     requires_python: None
2022-12-27T02:55:52.2189670Z     prerelease_pythons: False[0m
2022-12-27T02:55:52.2190650Z   [38;5;244mcontainer_engine: docker[0m
2022-12-27T02:55:52.2191790Z   output_dir: /Users/runner/actions-runner/_work/python.build/python.build/build_grpcio12039/wheelsout[0m
2022-12-27T02:55:52.2193500Z   package_dir: /Users/runner/actions-runner/_work/python.build/python.build/build_grpcio12039/grpcio-1.2.0[0m
2022-12-27T02:55:52.2194220Z   test_selector: 
2022-12-27T02:55:52.2195090Z     skip_config: *_arm64[0m
2022-12-27T02:55:52.2195880Z   [38;5;244mbefore_all: [0m
2022-12-27T02:55:52.2197310Z   before_build: pip install Cython; if [[ -f requirements.txt ]]; then pip install -r requirements.txt; fi[0m
2022-12-27T02:55:52.2198740Z   [38;5;244mbefore_test: [0m
2022-12-27T02:55:52.2199560Z   [38;5;244mbuild_frontend: pip[0m
2022-12-27T02:55:52.2200230Z   build_verbosity: 3[0m
2022-12-27T02:55:52.2201020Z   [38;5;244mconfig_settings: [0m
2022-12-27T02:55:52.2202060Z   [38;5;244mdependency_constraints: pinned[0m
2022-12-27T02:55:52.2202730Z   environment: 
2022-12-27T02:55:52.2203310Z     GRPC_PYTHON_BUILD_WITH_CYTHON=1
2022-12-27T02:55:52.2204100Z     GRPC_BUILD_WITH_BORING_SSL_ASM=''
2022-12-27T02:55:52.2204800Z     GRPC_PYTHON_BUILD_SYSTEM_OPENSSL=TRUE
2022-12-27T02:55:52.2206830Z     CFLAGS="-I/usr/local/opt/openssl@3/include"
2022-12-27T02:55:52.2207750Z     LDFLAGS="-L/usr/local/opt/openssl@3/lib"
2022-12-27T02:55:52.2208680Z     CPPFLAGS="-I/usr/local/opt/openssl@3/include"
2022-12-27T02:55:52.2209470Z     MAKEFLAGS="-j$(sysctl -n hw.logicalcpu)"
2022-12-27T02:55:52.2210380Z     PATH=/usr/local/opt/ccache/libexec:$PATH[0m
2022-12-27T02:55:52.2211390Z   [38;5;244mmanylinux_images: None[0m
2022-12-27T02:55:52.2212110Z   [38;5;244mmusllinux_images: None[0m
2022-12-27T02:55:52.2213200Z   [38;5;244mrepair_command: delocate-wheel --require-archs {delocate_archs} -w {dest_dir} -v {wheel}[0m
2022-12-27T02:55:52.2214150Z   [38;5;244mtest_command: [0m
2022-12-27T02:55:52.2215050Z   [38;5;244mtest_extras: [0m
2022-12-27T02:55:52.2215740Z   [38;5;244mtest_requires: [0m
2022-12-27T02:55:52.2216120Z 
2022-12-27T02:55:52.2216500Z Cache folder: /Users/runner/Library/Caches/cibuildwheel
2022-12-27T02:55:52.2222800Z 
2022-12-27T02:55:52.2223550Z Here we go!
2022-12-27T02:55:52.2223900Z 
2022-12-27T02:55:52.2331290Z 
2022-12-27T02:55:52.2332290Z [1m[34mBuilding cp39-macosx_arm64 wheel[0m
2022-12-27T02:55:52.2333360Z CPython 3.9 macOS arm64 - Apple Silicon
2022-12-27T02:55:52.2333640Z 
2022-12-27T02:55:52.2337560Z ##[group]Installing Python cp39...
2022-12-27T02:55:52.2337950Z 
2022-12-27T02:55:52.2340750Z + pkgutil --pkgs
2022-12-27T02:55:52.2532080Z ##[endgroup]
2022-12-27T02:55:52.2534540Z                                                               [32mâœ“ [0m0.02s
2022-12-27T02:55:52.2535860Z ##[group]Setting up build environment...
2022-12-27T02:55:52.2536300Z 
2022-12-27T02:55:52.2566020Z + /Users/runner/hostedtoolcache/Python/3.9.16/x64/bin/python -sS /Users/runner/Library/Caches/cibuildwheel/virtualenv-20.17.0.pyz --activators= --no-periodic-update --pip=22.3.1 --setuptools=65.6.3 --wheel=0.38.4 --symlink-app-data --python /Library/Frameworks/Python.framework/Versions/3.9/bin/python3 /private/var/folders/51/hd414ycd67n82196sw51xqtc0000gn/T/cibw-run-1sulsf7l/cp39-macosx_arm64/build/venv
2022-12-27T02:55:52.5670040Z created virtual environment CPython3.9.13.final.0-64 in 81ms
2022-12-27T02:55:52.5671520Z   creator CPython3Posix(dest=/private/var/folders/51/hd414ycd67n82196sw51xqtc0000gn/T/cibw-run-1sulsf7l/cp39-macosx_arm64/build/venv, clear=False, no_vcs_ignore=False, global=False)
2022-12-27T02:55:52.5672420Z   seeder FromAppData(download=False, pip=22.3.1, setuptools=65.6.3, wheel=0.38.4, via=symlink, app_data_dir=/Users/runner/Library/Application Support/virtualenv)
2022-12-27T02:55:52.5672880Z     added seed packages: pip==22.3.1, setuptools==65.6.3, wheel==0.38.4
2022-12-27T02:55:52.5901210Z + python -m pip install --upgrade pip -c /Users/runner/hostedtoolcache/Python/3.9.16/x64/lib/python3.9/site-packages/cibuildwheel/resources/constraints-python39.txt
2022-12-27T02:55:53.1164860Z Requirement already satisfied: pip in ./lib/python3.9/site-packages (22.3.1)
2022-12-27T02:55:53.3893430Z + which pip
2022-12-27T02:55:53.3935260Z /private/var/folders/51/hd414ycd67n82196sw51xqtc0000gn/T/cibw-run-1sulsf7l/cp39-macosx_arm64/build/venv/bin/pip
2022-12-27T02:55:53.3940450Z + pip --version
2022-12-27T02:55:53.7634240Z pip 22.3.1 from /private/var/folders/51/hd414ycd67n82196sw51xqtc0000gn/T/cibw-run-1sulsf7l/cp39-macosx_arm64/build/venv/lib/python3.9/site-packages/pip (python 3.9)
2022-12-27T02:55:53.8129550Z + which pip
2022-12-27T02:55:53.8191760Z + which python
2022-12-27T02:55:53.8236260Z /private/var/folders/51/hd414ycd67n82196sw51xqtc0000gn/T/cibw-run-1sulsf7l/cp39-macosx_arm64/build/venv/bin/python
2022-12-27T02:55:53.8240140Z + python --version
2022-12-27T02:55:53.8327800Z Python 3.9.13
2022-12-27T02:55:53.8332990Z + which python
2022-12-27T02:55:53.8427340Z ##[endgroup]
2022-12-27T02:55:53.8428410Z                                                               [32mâœ“ [0m1.59s
2022-12-27T02:55:53.8429370Z ##[group]Installing build tools...
2022-12-27T02:55:53.8429960Z 
2022-12-27T02:55:53.8430820Z + pip install --upgrade setuptools wheel delocate -c /Users/runner/hostedtoolcache/Python/3.9.16/x64/lib/python3.9/site-packages/cibuildwheel/resources/constraints-python39.txt
2022-12-27T02:55:54.3678350Z Requirement already satisfied: setuptools in /private/var/folders/51/hd414ycd67n82196sw51xqtc0000gn/T/cibw-run-1sulsf7l/cp39-macosx_arm64/build/venv/lib/python3.9/site-packages (65.6.3)
2022-12-27T02:55:54.7879390Z Requirement already satisfied: wheel in /private/var/folders/51/hd414ycd67n82196sw51xqtc0000gn/T/cibw-run-1sulsf7l/cp39-macosx_arm64/build/venv/lib/python3.9/site-packages (0.38.4)
2022-12-27T02:55:54.8768660Z Collecting delocate
2022-12-27T02:55:54.8825160Z   Using cached delocate-0.10.3-py3-none-any.whl (142 kB)
2022-12-27T02:55:54.9238280Z Collecting typing-extensions
2022-12-27T02:55:54.9278270Z   Using cached typing_extensions-4.4.0-py3-none-any.whl (26 kB)
2022-12-27T02:55:54.9735640Z Collecting packaging>=20.9
2022-12-27T02:55:54.9785990Z   Using cached packaging-21.3-py3-none-any.whl (40 kB)
2022-12-27T02:55:55.0549990Z Collecting pyparsing!=3.0.5,>=2.0.2
2022-12-27T02:55:55.0606280Z   Using cached pyparsing-3.0.9-py3-none-any.whl (98 kB)
2022-12-27T02:55:55.1307450Z Installing collected packages: typing-extensions, pyparsing, packaging, delocate
2022-12-27T02:55:55.3815550Z Successfully installed delocate-0.10.3 packaging-21.3 pyparsing-3.0.9 typing-extensions-4.4.0
2022-12-27T02:55:55.5139820Z ##[endgroup]
2022-12-27T02:55:55.5140790Z                                                               [32mâœ“ [0m1.67s
2022-12-27T02:55:55.5141600Z ##[group]Running before_build...
2022-12-27T02:55:55.5141810Z 
2022-12-27T02:55:55.5150420Z + pip install Cython; if [[ -f requirements.txt ]]; then pip install -r requirements.txt; fi
2022-12-27T02:55:56.7966870Z Collecting Cython
2022-12-27T02:55:56.8050990Z   Using cached Cython-0.29.32-py2.py3-none-any.whl (986 kB)
2022-12-27T02:55:56.8836180Z Installing collected packages: Cython
2022-12-27T02:55:57.7457620Z Successfully installed Cython-0.29.32
2022-12-27T02:55:59.2273750Z Collecting coverage>=4.0
2022-12-27T02:55:59.2334240Z   Using cached coverage-7.0.1-cp39-cp39-macosx_10_9_x86_64.whl (188 kB)
2022-12-27T02:55:59.2401160Z Requirement already satisfied: cython>=0.23 in /private/var/folders/51/hd414ycd67n82196sw51xqtc0000gn/T/cibw-run-1sulsf7l/cp39-macosx_arm64/build/venv/lib/python3.9/site-packages (from -r requirements.txt (line 3)) (0.29.32)
2022-12-27T02:55:59.2675830Z Collecting enum34>=1.0.4
2022-12-27T02:55:59.2723240Z   Using cached enum34-1.1.10-py3-none-any.whl (11 kB)
2022-12-27T02:55:59.3024790Z Collecting futures>=2.2.0
2022-12-27T02:55:59.3025730Z   Using cached futures-3.0.5-py3-none-any.whl
2022-12-27T02:55:59.9106360Z Collecting protobuf>=3.2.0
2022-12-27T02:55:59.9178630Z   Using cached protobuf-4.21.12-cp37-abi3-macosx_10_9_universal2.whl (486 kB)
2022-12-27T02:55:59.9553320Z Collecting six>=1.10
2022-12-27T02:55:59.9598050Z   Using cached six-1.16.0-py2.py3-none-any.whl (11 kB)
2022-12-27T02:55:59.9628220Z Requirement already satisfied: wheel>=0.29 in /private/var/folders/51/hd414ycd67n82196sw51xqtc0000gn/T/cibw-run-1sulsf7l/cp39-macosx_arm64/build/venv/lib/python3.9/site-packages (from -r requirements.txt (line 8)) (0.38.4)
2022-12-27T02:56:00.0354230Z Installing collected packages: futures, enum34, six, protobuf, coverage
2022-12-27T02:56:00.5336480Z Successfully installed coverage-7.0.1 enum34-1.1.10 futures-3.0.5 protobuf-4.21.12 six-1.16.0
2022-12-27T02:56:00.6843230Z ##[endgroup]
2022-12-27T02:56:00.6844270Z                                                               [32mâœ“ [0m5.17s
2022-12-27T02:56:00.6845240Z ##[group]Building wheel...
2022-12-27T02:56:00.6845450Z 
2022-12-27T02:56:00.6851630Z + python -m pip wheel /Users/runner/actions-runner/_work/python.build/python.build/build_grpcio12039/grpcio-1.2.0 --wheel-dir=/private/var/folders/51/hd414ycd67n82196sw51xqtc0000gn/T/cibw-run-1sulsf7l/cp39-macosx_arm64/built_wheel --no-deps -vvv
2022-12-27T02:56:01.1657600Z Created temporary directory: /private/var/folders/51/hd414ycd67n82196sw51xqtc0000gn/T/pip-ephem-wheel-cache-wguewhgb
2022-12-27T02:56:01.1672310Z Created temporary directory: /private/var/folders/51/hd414ycd67n82196sw51xqtc0000gn/T/pip-build-tracker-kyzidwiy
2022-12-27T02:56:01.1676540Z Initialized build tracking at /private/var/folders/51/hd414ycd67n82196sw51xqtc0000gn/T/pip-build-tracker-kyzidwiy
2022-12-27T02:56:01.1682440Z Created build tracker: /private/var/folders/51/hd414ycd67n82196sw51xqtc0000gn/T/pip-build-tracker-kyzidwiy
2022-12-27T02:56:01.1687580Z Entered build tracker: /private/var/folders/51/hd414ycd67n82196sw51xqtc0000gn/T/pip-build-tracker-kyzidwiy
2022-12-27T02:56:01.1698930Z Created temporary directory: /private/var/folders/51/hd414ycd67n82196sw51xqtc0000gn/T/pip-wheel-6h12vnvl
2022-12-27T02:56:01.1720720Z Created temporary directory: /private/var/folders/51/hd414ycd67n82196sw51xqtc0000gn/T/pip-ephem-wheel-cache-gy9j0dm6
2022-12-27T02:56:01.2079950Z Processing /Users/runner/actions-runner/_work/python.build/python.build/build_grpcio12039/grpcio-1.2.0
2022-12-27T02:56:01.2085660Z   Added file:///Users/runner/actions-runner/_work/python.build/python.build/build_grpcio12039/grpcio-1.2.0 to build tracker '/private/var/folders/51/hd414ycd67n82196sw51xqtc0000gn/T/pip-build-tracker-kyzidwiy'
2022-12-27T02:56:01.2091690Z   Running setup.py (path:/Users/runner/actions-runner/_work/python.build/python.build/build_grpcio12039/grpcio-1.2.0/setup.py) egg_info for package from file:///Users/runner/actions-runner/_work/python.build/python.build/build_grpcio12039/grpcio-1.2.0
2022-12-27T02:56:01.2097950Z   Created temporary directory: /private/var/folders/51/hd414ycd67n82196sw51xqtc0000gn/T/pip-pip-egg-info-q6maxnxg
2022-12-27T02:56:01.2098970Z   Preparing metadata (setup.py): started
2022-12-27T02:56:01.2102290Z   Running command python setup.py egg_info
2022-12-27T02:56:02.0105360Z   /private/var/folders/51/hd414ycd67n82196sw51xqtc0000gn/T/cibw-run-1sulsf7l/cp39-macosx_arm64/build/venv/lib/python3.9/site-packages/Cython/Compiler/Main.py:369: FutureWarning: Cython directive 'language_level' not set, using 2 for now (Py2). This will change in a later release! File: /Users/runner/actions-runner/_work/python.build/python.build/build_grpcio12039/grpcio-1.2.0/src/python/grpcio/grpc/_cython/cygrpc.pxd
2022-12-27T02:56:02.0107130Z     tree = Parsing.p_module(s, pxd, full_module_name)
2022-12-27T02:56:02.1242110Z   warning: src/python/grpcio/grpc/_cython/_cygrpc/grpc.pxi:150:13: 'GRPC_ARG_PRIMARY_USER_AGENT_STRING' redeclared
2022-12-27T02:56:04.1530750Z   Compiling src/python/grpcio/grpc/_cython/cygrpc.pyx because it depends on /private/var/folders/51/hd414ycd67n82196sw51xqtc0000gn/T/cibw-run-1sulsf7l/cp39-macosx_arm64/build/venv/lib/python3.9/site-packages/Cython/Includes/libc/time.pxd.
2022-12-27T02:56:04.1531410Z   [1/1] Cythonizing src/python/grpcio/grpc/_cython/cygrpc.pyx
2022-12-27T02:56:04.1973890Z   running egg_info
2022-12-27T02:56:04.1982570Z   creating /private/var/folders/51/hd414ycd67n82196sw51xqtc0000gn/T/pip-pip-egg-info-q6maxnxg/grpcio.egg-info
2022-12-27T02:56:04.2013200Z   writing /private/var/folders/51/hd414ycd67n82196sw51xqtc0000gn/T/pip-pip-egg-info-q6maxnxg/grpcio.egg-info/PKG-INFO
2022-12-27T02:56:04.2014820Z   writing dependency_links to /private/var/folders/51/hd414ycd67n82196sw51xqtc0000gn/T/pip-pip-egg-info-q6maxnxg/grpcio.egg-info/dependency_links.txt
2022-12-27T02:56:04.2023610Z   writing requirements to /private/var/folders/51/hd414ycd67n82196sw51xqtc0000gn/T/pip-pip-egg-info-q6maxnxg/grpcio.egg-info/requires.txt
2022-12-27T02:56:04.2026500Z   writing top-level names to /private/var/folders/51/hd414ycd67n82196sw51xqtc0000gn/T/pip-pip-egg-info-q6maxnxg/grpcio.egg-info/top_level.txt
2022-12-27T02:56:04.2030440Z   writing manifest file '/private/var/folders/51/hd414ycd67n82196sw51xqtc0000gn/T/pip-pip-egg-info-q6maxnxg/grpcio.egg-info/SOURCES.txt'
2022-12-27T02:56:04.2229440Z   reading manifest file '/private/var/folders/51/hd414ycd67n82196sw51xqtc0000gn/T/pip-pip-egg-info-q6maxnxg/grpcio.egg-info/SOURCES.txt'
2022-12-27T02:56:04.2232380Z   reading manifest template 'PYTHON-MANIFEST.in'
2022-12-27T02:56:04.2293670Z   warning: no files found matching '*.h' under directory 'src/python/grpcio/grpc'
2022-12-27T02:56:04.2450940Z   warning: no files found matching '*.python' under directory 'src/python/grpcio/grpc'
2022-12-27T02:56:04.2487090Z   warning: no previously-included files matching '*.so' found under directory 'src/python/grpcio/grpc/_cython'
2022-12-27T02:56:04.2492030Z   warning: no previously-included files matching '*.pyd' found under directory 'src/python/grpcio/grpc/_cython'
2022-12-27T02:56:04.3613490Z   warning: no files found matching 'src/python/grpcio/precompiled.py'
2022-12-27T02:56:04.4327840Z   writing manifest file '/private/var/folders/51/hd414ycd67n82196sw51xqtc0000gn/T/pip-pip-egg-info-q6maxnxg/grpcio.egg-info/SOURCES.txt'
2022-12-27T02:56:04.5953590Z   Preparing metadata (setup.py): finished with status 'done'
2022-12-27T02:56:04.5993710Z   Source in /Users/runner/actions-runner/_work/python.build/python.build/build_grpcio12039/grpcio-1.2.0 has version 1.2.0, which satisfies requirement grpcio==1.2.0 from file:///Users/runner/actions-runner/_work/python.build/python.build/build_grpcio12039/grpcio-1.2.0
2022-12-27T02:56:04.5999240Z   Removed grpcio==1.2.0 from file:///Users/runner/actions-runner/_work/python.build/python.build/build_grpcio12039/grpcio-1.2.0 from build tracker '/private/var/folders/51/hd414ycd67n82196sw51xqtc0000gn/T/pip-build-tracker-kyzidwiy'
2022-12-27T02:56:04.6029930Z Created temporary directory: /private/var/folders/51/hd414ycd67n82196sw51xqtc0000gn/T/pip-unpack-p31acfnn
2022-12-27T02:56:04.6033450Z Building wheels for collected packages: grpcio
2022-12-27T02:56:04.6047100Z   Created temporary directory: /private/var/folders/51/hd414ycd67n82196sw51xqtc0000gn/T/pip-wheel-rnmal1_4
2022-12-27T02:56:04.6049960Z   Building wheel for grpcio (setup.py): started
2022-12-27T02:56:04.6053580Z   Destination directory: /private/var/folders/51/hd414ycd67n82196sw51xqtc0000gn/T/pip-wheel-rnmal1_4
2022-12-27T02:56:04.6055890Z   Running command python setup.py bdist_wheel
2022-12-27T02:56:05.3451270Z   running bdist_wheel
2022-12-27T02:56:05.3501050Z   running build
2022-12-27T02:56:05.3502640Z   running build_py
2022-12-27T02:56:05.3506590Z   running build_project_metadata
2022-12-27T02:56:05.3512550Z   creating python_build
2022-12-27T02:56:05.3516470Z   creating python_build/lib.macosx-11.0-arm64-cpython-39
2022-12-27T02:56:05.3518420Z   creating python_build/lib.macosx-11.0-arm64-cpython-39/grpc
2022-12-27T02:56:05.3521780Z   copying src/python/grpcio/grpc/_channel.py -> python_build/lib.macosx-11.0-arm64-cpython-39/grpc
2022-12-27T02:56:05.3524500Z   copying src/python/grpcio/grpc/_common.py -> python_build/lib.macosx-11.0-arm64-cpython-39/grpc
2022-12-27T02:56:05.3530090Z   copying src/python/grpcio/grpc/__init__.py -> python_build/lib.macosx-11.0-arm64-cpython-39/grpc
2022-12-27T02:56:05.3538600Z   copying src/python/grpcio/grpc/_utilities.py -> python_build/lib.macosx-11.0-arm64-cpython-39/grpc
2022-12-27T02:56:05.3544870Z   copying src/python/grpcio/grpc/_plugin_wrapping.py -> python_build/lib.macosx-11.0-arm64-cpython-39/grpc
2022-12-27T02:56:05.3547010Z   copying src/python/grpcio/grpc/_grpcio_metadata.py -> python_build/lib.macosx-11.0-arm64-cpython-39/grpc
2022-12-27T02:56:05.3549590Z   copying src/python/grpcio/grpc/_server.py -> python_build/lib.macosx-11.0-arm64-cpython-39/grpc
2022-12-27T02:56:05.3553060Z   copying src/python/grpcio/grpc/_auth.py -> python_build/lib.macosx-11.0-arm64-cpython-39/grpc
2022-12-27T02:56:05.3556880Z   copying src/python/grpcio/grpc/_credential_composition.py -> python_build/lib.macosx-11.0-arm64-cpython-39/grpc
2022-12-27T02:56:05.3569340Z   creating python_build/lib.macosx-11.0-arm64-cpython-39/grpc/beta
2022-12-27T02:56:05.3571120Z   copying src/python/grpcio/grpc/beta/_server_adaptations.py -> python_build/lib.macosx-11.0-arm64-cpython-39/grpc/beta
2022-12-27T02:56:05.3689720Z   copying src/python/grpcio/grpc/beta/interfaces.py -> python_build/lib.macosx-11.0-arm64-cpython-39/grpc/beta
2022-12-27T02:56:05.3691210Z   copying src/python/grpcio/grpc/beta/__init__.py -> python_build/lib.macosx-11.0-arm64-cpython-39/grpc/beta
2022-12-27T02:56:05.3693210Z   copying src/python/grpcio/grpc/beta/utilities.py -> python_build/lib.macosx-11.0-arm64-cpython-39/grpc/beta
2022-12-27T02:56:05.3694240Z   copying src/python/grpcio/grpc/beta/implementations.py -> python_build/lib.macosx-11.0-arm64-cpython-39/grpc/beta
2022-12-27T02:56:05.3695240Z   copying src/python/grpcio/grpc/beta/_client_adaptations.py -> python_build/lib.macosx-11.0-arm64-cpython-39/grpc/beta
2022-12-27T02:56:05.3695820Z   creating python_build/lib.macosx-11.0-arm64-cpython-39/grpc/framework
2022-12-27T02:56:05.3696430Z   copying src/python/grpcio/grpc/framework/__init__.py -> python_build/lib.macosx-11.0-arm64-cpython-39/grpc/framework
2022-12-27T02:56:05.3697220Z   creating python_build/lib.macosx-11.0-arm64-cpython-39/grpc/_cython
2022-12-27T02:56:05.3698150Z   copying src/python/grpcio/grpc/_cython/__init__.py -> python_build/lib.macosx-11.0-arm64-cpython-39/grpc/_cython
2022-12-27T02:56:05.3698690Z   creating python_build/lib.macosx-11.0-arm64-cpython-39/grpc/framework/foundation
2022-12-27T02:56:05.3699470Z   copying src/python/grpcio/grpc/framework/foundation/callable_util.py -> python_build/lib.macosx-11.0-arm64-cpython-39/grpc/framework/foundation
2022-12-27T02:56:05.3700210Z   copying src/python/grpcio/grpc/framework/foundation/abandonment.py -> python_build/lib.macosx-11.0-arm64-cpython-39/grpc/framework/foundation
2022-12-27T02:56:05.3700940Z   copying src/python/grpcio/grpc/framework/foundation/__init__.py -> python_build/lib.macosx-11.0-arm64-cpython-39/grpc/framework/foundation
2022-12-27T02:56:05.3701620Z   copying src/python/grpcio/grpc/framework/foundation/stream.py -> python_build/lib.macosx-11.0-arm64-cpython-39/grpc/framework/foundation
2022-12-27T02:56:05.3702330Z   copying src/python/grpcio/grpc/framework/foundation/stream_util.py -> python_build/lib.macosx-11.0-arm64-cpython-39/grpc/framework/foundation
2022-12-27T02:56:05.3703070Z   copying src/python/grpcio/grpc/framework/foundation/future.py -> python_build/lib.macosx-11.0-arm64-cpython-39/grpc/framework/foundation
2022-12-27T02:56:05.3704470Z   copying src/python/grpcio/grpc/framework/foundation/logging_pool.py -> python_build/lib.macosx-11.0-arm64-cpython-39/grpc/framework/foundation
2022-12-27T02:56:05.3705100Z   creating python_build/lib.macosx-11.0-arm64-cpython-39/grpc/framework/common
2022-12-27T02:56:05.3705760Z   copying src/python/grpcio/grpc/framework/common/style.py -> python_build/lib.macosx-11.0-arm64-cpython-39/grpc/framework/common
2022-12-27T02:56:05.3706480Z   copying src/python/grpcio/grpc/framework/common/cardinality.py -> python_build/lib.macosx-11.0-arm64-cpython-39/grpc/framework/common
2022-12-27T02:56:05.3707200Z   copying src/python/grpcio/grpc/framework/common/__init__.py -> python_build/lib.macosx-11.0-arm64-cpython-39/grpc/framework/common
2022-12-27T02:56:05.3707880Z   creating python_build/lib.macosx-11.0-arm64-cpython-39/grpc/framework/interfaces
2022-12-27T02:56:05.3708560Z   copying src/python/grpcio/grpc/framework/interfaces/__init__.py -> python_build/lib.macosx-11.0-arm64-cpython-39/grpc/framework/interfaces
2022-12-27T02:56:05.3709220Z   creating python_build/lib.macosx-11.0-arm64-cpython-39/grpc/framework/interfaces/face
2022-12-27T02:56:05.3709920Z   copying src/python/grpcio/grpc/framework/interfaces/face/__init__.py -> python_build/lib.macosx-11.0-arm64-cpython-39/grpc/framework/interfaces/face
2022-12-27T02:56:05.3710620Z   copying src/python/grpcio/grpc/framework/interfaces/face/utilities.py -> python_build/lib.macosx-11.0-arm64-cpython-39/grpc/framework/interfaces/face
2022-12-27T02:56:05.3711390Z   copying src/python/grpcio/grpc/framework/interfaces/face/face.py -> python_build/lib.macosx-11.0-arm64-cpython-39/grpc/framework/interfaces/face
2022-12-27T02:56:05.3711970Z   creating python_build/lib.macosx-11.0-arm64-cpython-39/grpc/framework/interfaces/base
2022-12-27T02:56:05.3712670Z   copying src/python/grpcio/grpc/framework/interfaces/base/__init__.py -> python_build/lib.macosx-11.0-arm64-cpython-39/grpc/framework/interfaces/base
2022-12-27T02:56:05.3714870Z   copying src/python/grpcio/grpc/framework/interfaces/base/utilities.py -> python_build/lib.macosx-11.0-arm64-cpython-39/grpc/framework/interfaces/base
2022-12-27T02:56:05.3718950Z   copying src/python/grpcio/grpc/framework/interfaces/base/base.py -> python_build/lib.macosx-11.0-arm64-cpython-39/grpc/framework/interfaces/base
2022-12-27T02:56:05.3723450Z   creating python_build/lib.macosx-11.0-arm64-cpython-39/grpc/_cython/_cygrpc
2022-12-27T02:56:05.3726760Z   copying src/python/grpcio/grpc/_cython/_cygrpc/__init__.py -> python_build/lib.macosx-11.0-arm64-cpython-39/grpc/_cython/_cygrpc
2022-12-27T02:56:05.3734370Z   creating python_build/lib.macosx-11.0-arm64-cpython-39/grpc/_cython/_credentials
2022-12-27T02:56:05.3737170Z   copying src/python/grpcio/grpc/_cython/_credentials/roots.pem -> python_build/lib.macosx-11.0-arm64-cpython-39/grpc/_cython/_credentials
2022-12-27T02:56:05.3781530Z   running build_ext
2022-12-27T02:56:05.4291950Z   Found cython-generated files...
2022-12-27T02:56:05.4305360Z   building 'grpc._cython.cygrpc' extension
2022-12-27T02:56:05.4362370Z   creating python_build/temp.macosx-11.0-arm64-cpython-39
2022-12-27T02:56:05.4367900Z   creating python_build/temp.macosx-11.0-arm64-cpython-39/src
2022-12-27T02:56:05.4372790Z   creating python_build/temp.macosx-11.0-arm64-cpython-39/src/boringssl
2022-12-27T02:56:05.4374390Z   creating python_build/temp.macosx-11.0-arm64-cpython-39/src/core
2022-12-27T02:56:05.4377420Z   creating python_build/temp.macosx-11.0-arm64-cpython-39/src/core/ext
2022-12-27T02:56:05.4380960Z   creating python_build/temp.macosx-11.0-arm64-cpython-39/src/core/ext/census
2022-12-27T02:56:05.4382720Z   creating python_build/temp.macosx-11.0-arm64-cpython-39/src/core/ext/census/gen
2022-12-27T02:56:05.4386670Z   creating python_build/temp.macosx-11.0-arm64-cpython-39/src/core/ext/client_channel
2022-12-27T02:56:05.4388450Z   creating python_build/temp.macosx-11.0-arm64-cpython-39/src/core/ext/lb_policy
2022-12-27T02:56:05.4390810Z   creating python_build/temp.macosx-11.0-arm64-cpython-39/src/core/ext/lb_policy/grpclb
2022-12-27T02:56:05.4395620Z   creating python_build/temp.macosx-11.0-arm64-cpython-39/src/core/ext/lb_policy/grpclb/proto
2022-12-27T02:56:05.4397140Z   creating python_build/temp.macosx-11.0-arm64-cpython-39/src/core/ext/lb_policy/grpclb/proto/grpc
2022-12-27T02:56:05.4400290Z   creating python_build/temp.macosx-11.0-arm64-cpython-39/src/core/ext/lb_policy/grpclb/proto/grpc/lb
2022-12-27T02:56:05.4402680Z   creating python_build/temp.macosx-11.0-arm64-cpython-39/src/core/ext/lb_policy/grpclb/proto/grpc/lb/v1
2022-12-27T02:56:05.4405910Z   creating python_build/temp.macosx-11.0-arm64-cpython-39/src/core/ext/lb_policy/pick_first
2022-12-27T02:56:05.4408440Z   creating python_build/temp.macosx-11.0-arm64-cpython-39/src/core/ext/lb_policy/round_robin
2022-12-27T02:56:05.4411010Z   creating python_build/temp.macosx-11.0-arm64-cpython-39/src/core/ext/load_reporting
2022-12-27T02:56:05.4413850Z   creating python_build/temp.macosx-11.0-arm64-cpython-39/src/core/ext/resolver
2022-12-27T02:56:05.4416770Z   creating python_build/temp.macosx-11.0-arm64-cpython-39/src/core/ext/resolver/dns
2022-12-27T02:56:05.4419770Z   creating python_build/temp.macosx-11.0-arm64-cpython-39/src/core/ext/resolver/dns/native
2022-12-27T02:56:05.4422400Z   creating python_build/temp.macosx-11.0-arm64-cpython-39/src/core/ext/resolver/sockaddr
2022-12-27T02:56:05.4425350Z   creating python_build/temp.macosx-11.0-arm64-cpython-39/src/core/ext/transport
2022-12-27T02:56:05.4427930Z   creating python_build/temp.macosx-11.0-arm64-cpython-39/src/core/ext/transport/chttp2
2022-12-27T02:56:05.4431790Z   creating python_build/temp.macosx-11.0-arm64-cpython-39/src/core/ext/transport/chttp2/alpn
2022-12-27T02:56:05.4433520Z   creating python_build/temp.macosx-11.0-arm64-cpython-39/src/core/ext/transport/chttp2/client
2022-12-27T02:56:05.4436300Z   creating python_build/temp.macosx-11.0-arm64-cpython-39/src/core/ext/transport/chttp2/client/insecure
2022-12-27T02:56:05.4439080Z   creating python_build/temp.macosx-11.0-arm64-cpython-39/src/core/ext/transport/chttp2/client/secure
2022-12-27T02:56:05.4442150Z   creating python_build/temp.macosx-11.0-arm64-cpython-39/src/core/ext/transport/chttp2/server
2022-12-27T02:56:05.4444700Z   creating python_build/temp.macosx-11.0-arm64-cpython-39/src/core/ext/transport/chttp2/server/insecure
2022-12-27T02:56:05.4447590Z   creating python_build/temp.macosx-11.0-arm64-cpython-39/src/core/ext/transport/chttp2/server/secure
2022-12-27T02:56:05.4450130Z   creating python_build/temp.macosx-11.0-arm64-cpython-39/src/core/ext/transport/chttp2/transport
2022-12-27T02:56:05.4453110Z   creating python_build/temp.macosx-11.0-arm64-cpython-39/src/core/lib
2022-12-27T02:56:05.4455910Z   creating python_build/temp.macosx-11.0-arm64-cpython-39/src/core/lib/channel
2022-12-27T02:56:05.4458510Z   creating python_build/temp.macosx-11.0-arm64-cpython-39/src/core/lib/compression
2022-12-27T02:56:05.4462430Z   creating python_build/temp.macosx-11.0-arm64-cpython-39/src/core/lib/debug
2022-12-27T02:56:05.4465220Z   creating python_build/temp.macosx-11.0-arm64-cpython-39/src/core/lib/http
2022-12-27T02:56:05.4467790Z   creating python_build/temp.macosx-11.0-arm64-cpython-39/src/core/lib/iomgr
2022-12-27T02:56:05.4479840Z   creating python_build/temp.macosx-11.0-arm64-cpython-39/src/core/lib/json
2022-12-27T02:56:05.4483330Z   creating python_build/temp.macosx-11.0-arm64-cpython-39/src/core/lib/profiling
2022-12-27T02:56:05.4485310Z   creating python_build/temp.macosx-11.0-arm64-cpython-39/src/core/lib/security
2022-12-27T02:56:05.4488860Z   creating python_build/temp.macosx-11.0-arm64-cpython-39/src/core/lib/security/context
2022-12-27T02:56:05.4490830Z   creating python_build/temp.macosx-11.0-arm64-cpython-39/src/core/lib/security/credentials
2022-12-27T02:56:05.4493920Z   creating python_build/temp.macosx-11.0-arm64-cpython-39/src/core/lib/security/credentials/composite
2022-12-27T02:56:05.4496300Z   creating python_build/temp.macosx-11.0-arm64-cpython-39/src/core/lib/security/credentials/fake
2022-12-27T02:56:05.4499800Z   creating python_build/temp.macosx-11.0-arm64-cpython-39/src/core/lib/security/credentials/google_default
2022-12-27T02:56:05.4501790Z   creating python_build/temp.macosx-11.0-arm64-cpython-39/src/core/lib/security/credentials/iam
2022-12-27T02:56:05.4504650Z   creating python_build/temp.macosx-11.0-arm64-cpython-39/src/core/lib/security/credentials/jwt
2022-12-27T02:56:05.4507480Z   creating python_build/temp.macosx-11.0-arm64-cpython-39/src/core/lib/security/credentials/oauth2
2022-12-27T02:56:05.4510380Z   creating python_build/temp.macosx-11.0-arm64-cpython-39/src/core/lib/security/credentials/plugin
2022-12-27T02:56:05.4512860Z   creating python_build/temp.macosx-11.0-arm64-cpython-39/src/core/lib/security/credentials/ssl
2022-12-27T02:56:05.4516010Z   creating python_build/temp.macosx-11.0-arm64-cpython-39/src/core/lib/security/transport
2022-12-27T02:56:05.4518560Z   creating python_build/temp.macosx-11.0-arm64-cpython-39/src/core/lib/security/util
2022-12-27T02:56:05.4524420Z   creating python_build/temp.macosx-11.0-arm64-cpython-39/src/core/lib/slice
2022-12-27T02:56:05.4527570Z   creating python_build/temp.macosx-11.0-arm64-cpython-39/src/core/lib/support
2022-12-27T02:56:05.4532130Z   creating python_build/temp.macosx-11.0-arm64-cpython-39/src/core/lib/surface
2022-12-27T02:56:05.4538290Z   creating python_build/temp.macosx-11.0-arm64-cpython-39/src/core/lib/transport
2022-12-27T02:56:05.4547070Z   creating python_build/temp.macosx-11.0-arm64-cpython-39/src/core/lib/tsi
2022-12-27T02:56:05.4550160Z   creating python_build/temp.macosx-11.0-arm64-cpython-39/src/core/plugin_registry
2022-12-27T02:56:05.4553070Z   creating python_build/temp.macosx-11.0-arm64-cpython-39/src/python
2022-12-27T02:56:05.4555920Z   creating python_build/temp.macosx-11.0-arm64-cpython-39/src/python/grpcio
2022-12-27T02:56:05.4558760Z   creating python_build/temp.macosx-11.0-arm64-cpython-39/src/python/grpcio/grpc
2022-12-27T02:56:05.4560930Z   creating python_build/temp.macosx-11.0-arm64-cpython-39/src/python/grpcio/grpc/_cython
2022-12-27T02:56:05.4563650Z   creating python_build/temp.macosx-11.0-arm64-cpython-39/third_party
2022-12-27T02:56:05.4566260Z   creating python_build/temp.macosx-11.0-arm64-cpython-39/third_party/boringssl
2022-12-27T02:56:05.4568930Z   creating python_build/temp.macosx-11.0-arm64-cpython-39/third_party/boringssl/crypto
2022-12-27T02:56:05.4571400Z   creating python_build/temp.macosx-11.0-arm64-cpython-39/third_party/boringssl/crypto/aes
2022-12-27T02:56:05.4574130Z   creating python_build/temp.macosx-11.0-arm64-cpython-39/third_party/boringssl/crypto/asn1
2022-12-27T02:56:05.4576710Z   creating python_build/temp.macosx-11.0-arm64-cpython-39/third_party/boringssl/crypto/base64
2022-12-27T02:56:05.4579560Z   creating python_build/temp.macosx-11.0-arm64-cpython-39/third_party/boringssl/crypto/bio
2022-12-27T02:56:05.4582140Z   creating python_build/temp.macosx-11.0-arm64-cpython-39/third_party/boringssl/crypto/bn
2022-12-27T02:56:05.4584810Z   creating python_build/temp.macosx-11.0-arm64-cpython-39/third_party/boringssl/crypto/bn/asm
2022-12-27T02:56:05.4590780Z   creating python_build/temp.macosx-11.0-arm64-cpython-39/third_party/boringssl/crypto/buf
2022-12-27T02:56:05.4593740Z   creating python_build/temp.macosx-11.0-arm64-cpython-39/third_party/boringssl/crypto/bytestring
2022-12-27T02:56:05.4596660Z   creating python_build/temp.macosx-11.0-arm64-cpython-39/third_party/boringssl/crypto/chacha
2022-12-27T02:56:05.4599640Z   creating python_build/temp.macosx-11.0-arm64-cpython-39/third_party/boringssl/crypto/cipher
2022-12-27T02:56:05.4603010Z   creating python_build/temp.macosx-11.0-arm64-cpython-39/third_party/boringssl/crypto/cmac
2022-12-27T02:56:05.4605640Z   creating python_build/temp.macosx-11.0-arm64-cpython-39/third_party/boringssl/crypto/conf
2022-12-27T02:56:05.4609360Z   creating python_build/temp.macosx-11.0-arm64-cpython-39/third_party/boringssl/crypto/curve25519
2022-12-27T02:56:05.4612120Z   creating python_build/temp.macosx-11.0-arm64-cpython-39/third_party/boringssl/crypto/des
2022-12-27T02:56:05.4615190Z   creating python_build/temp.macosx-11.0-arm64-cpython-39/third_party/boringssl/crypto/dh
2022-12-27T02:56:05.4617980Z   creating python_build/temp.macosx-11.0-arm64-cpython-39/third_party/boringssl/crypto/digest
2022-12-27T02:56:05.4620600Z   creating python_build/temp.macosx-11.0-arm64-cpython-39/third_party/boringssl/crypto/dsa
2022-12-27T02:56:05.4623540Z   creating python_build/temp.macosx-11.0-arm64-cpython-39/third_party/boringssl/crypto/ec
2022-12-27T02:56:05.4628400Z   creating python_build/temp.macosx-11.0-arm64-cpython-39/third_party/boringssl/crypto/ecdh
2022-12-27T02:56:05.4631320Z   creating python_build/temp.macosx-11.0-arm64-cpython-39/third_party/boringssl/crypto/ecdsa
2022-12-27T02:56:05.4634310Z   creating python_build/temp.macosx-11.0-arm64-cpython-39/third_party/boringssl/crypto/engine
2022-12-27T02:56:05.4636840Z   creating python_build/temp.macosx-11.0-arm64-cpython-39/third_party/boringssl/crypto/err
2022-12-27T02:56:05.4640400Z   creating python_build/temp.macosx-11.0-arm64-cpython-39/third_party/boringssl/crypto/evp
2022-12-27T02:56:05.4644490Z   creating python_build/temp.macosx-11.0-arm64-cpython-39/third_party/boringssl/crypto/hkdf
2022-12-27T02:56:05.4647970Z   creating python_build/temp.macosx-11.0-arm64-cpython-39/third_party/boringssl/crypto/hmac
2022-12-27T02:56:05.4650830Z   creating python_build/temp.macosx-11.0-arm64-cpython-39/third_party/boringssl/crypto/lhash
2022-12-27T02:56:05.4653980Z   creating python_build/temp.macosx-11.0-arm64-cpython-39/third_party/boringssl/crypto/md4
2022-12-27T02:56:05.4657560Z   creating python_build/temp.macosx-11.0-arm64-cpython-39/third_party/boringssl/crypto/md5
2022-12-27T02:56:05.4660290Z   creating python_build/temp.macosx-11.0-arm64-cpython-39/third_party/boringssl/crypto/modes
2022-12-27T02:56:05.4664240Z   creating python_build/temp.macosx-11.0-arm64-cpython-39/third_party/boringssl/crypto/newhope
2022-12-27T02:56:05.4666270Z   creating python_build/temp.macosx-11.0-arm64-cpython-39/third_party/boringssl/crypto/obj
2022-12-27T02:56:05.4670000Z   creating python_build/temp.macosx-11.0-arm64-cpython-39/third_party/boringssl/crypto/pem
2022-12-27T02:56:05.4673040Z   creating python_build/temp.macosx-11.0-arm64-cpython-39/third_party/boringssl/crypto/pkcs8
2022-12-27T02:56:05.4677210Z   creating python_build/temp.macosx-11.0-arm64-cpython-39/third_party/boringssl/crypto/poly1305
2022-12-27T02:56:05.4680630Z   creating python_build/temp.macosx-11.0-arm64-cpython-39/third_party/boringssl/crypto/rand
2022-12-27T02:56:05.4685040Z   creating python_build/temp.macosx-11.0-arm64-cpython-39/third_party/boringssl/crypto/rc4
2022-12-27T02:56:05.4687590Z   creating python_build/temp.macosx-11.0-arm64-cpython-39/third_party/boringssl/crypto/rsa
2022-12-27T02:56:05.4690780Z   creating python_build/temp.macosx-11.0-arm64-cpython-39/third_party/boringssl/crypto/sha
2022-12-27T02:56:05.4693730Z   creating python_build/temp.macosx-11.0-arm64-cpython-39/third_party/boringssl/crypto/stack
2022-12-27T02:56:05.4696640Z   creating python_build/temp.macosx-11.0-arm64-cpython-39/third_party/boringssl/crypto/x509
2022-12-27T02:56:05.4706630Z   creating python_build/temp.macosx-11.0-arm64-cpython-39/third_party/boringssl/crypto/x509v3
2022-12-27T02:56:05.4714830Z   creating python_build/temp.macosx-11.0-arm64-cpython-39/third_party/boringssl/ssl
2022-12-27T02:56:05.4723640Z   creating python_build/temp.macosx-11.0-arm64-cpython-39/third_party/nanopb
2022-12-27T02:56:05.4726790Z   creating python_build/temp.macosx-11.0-arm64-cpython-39/third_party/zlib
2022-12-27T02:56:05.4736860Z   gcc -Wno-unused-result -Wsign-compare -Wunreachable-code -fno-common -dynamic -DNDEBUG -g -fwrapv -O3 -Wall -g -I/usr/local/opt/openssl@3/include -I/usr/local/opt/openssl@3/include -arch arm64 -DOPENSSL_NO_ASM=1 -D_WIN32_WINNT=1536 -DGPR_BACKWARDS_COMPATIBILITY_MODE=1 "-DPyMODINIT_FUNC=__attribute__((visibility (\"default\"))) PyObject*" -Isrc/python/grpcio -Iinclude -I. -Ithird_party/boringssl/include -Ithird_party/zlib -I/private/var/folders/51/hd414ycd67n82196sw51xqtc0000gn/T/cibw-run-1sulsf7l/cp39-macosx_arm64/build/venv/include -I/Library/Frameworks/Python.framework/Versions/3.9/include/python3.9 -c src/boringssl/err_data.c -o python_build/temp.macosx-11.0-arm64-cpython-39/src/boringssl/err_data.o -fvisibility=hidden -fno-wrapv -pthread -std=gnu99
2022-12-27T02:56:05.5407090Z   In file included from src/boringssl/err_data.c:17:
2022-12-27T02:56:05.5409650Z   third_party/boringssl/include/openssl/base.h:120:9: warning: 'OPENSSL_VERSION_NUMBER' macro redefined [-Wmacro-redefined]
2022-12-27T02:56:05.5411360Z   #define OPENSSL_VERSION_NUMBER 0x10002000
2022-12-27T02:56:05.5413760Z           ^
2022-12-27T02:56:05.5416670Z   /usr/local/opt/openssl@3/include/openssl/opensslv.h:99:10: note: previous definition is here
2022-12-27T02:56:05.5419310Z   # define OPENSSL_VERSION_NUMBER          \
2022-12-27T02:56:05.5421670Z            ^
2022-12-27T02:56:05.5424400Z   In file included from src/boringssl/err_data.c:18:
2022-12-27T02:56:05.5426820Z   In file included from /usr/local/opt/openssl@3/include/openssl/err.h:21:
2022-12-27T02:56:05.5429780Z   /usr/local/opt/openssl@3/include/openssl/e_os2.h:183:11: warning: 'OPENSSL_EXPORT' macro redefined [-Wmacro-redefined]
2022-12-27T02:56:05.5431830Z   #  define OPENSSL_EXPORT extern
2022-12-27T02:56:05.5434330Z             ^
2022-12-27T02:56:05.5436970Z   third_party/boringssl/include/openssl/base.h:155:9: note: previous definition is here
2022-12-27T02:56:05.5439530Z   #define OPENSSL_EXPORT
2022-12-27T02:56:05.5443320Z           ^
2022-12-27T02:56:05.5511970Z   In file included from src/boringssl/err_data.c:18:
2022-12-27T02:56:05.5514690Z   In file included from /usr/local/opt/openssl@3/include/openssl/err.h:28:
2022-12-27T02:56:05.5517360Z   In file included from /usr/local/opt/openssl@3/include/openssl/types.h:21:
2022-12-27T02:56:05.5520650Z   /usr/local/opt/openssl@3/include/openssl/safestack.h:264:15: warning: redefinition of typedef 'OPENSSL_BLOCK' is a C11 feature [-Wtypedef-redefinition]
2022-12-27T02:56:05.5522580Z   typedef void *OPENSSL_BLOCK;
2022-12-27T02:56:05.5525130Z                 ^
2022-12-27T02:56:05.5528000Z   third_party/boringssl/include/openssl/base.h:298:15: note: previous definition is here
2022-12-27T02:56:05.5530410Z   typedef void *OPENSSL_BLOCK;
2022-12-27T02:56:05.5532630Z                 ^
2022-12-27T02:56:05.5535530Z   In file included from src/boringssl/err_data.c:18:
2022-12-27T02:56:05.5538680Z   In file included from /usr/local/opt/openssl@3/include/openssl/err.h:28:
2022-12-27T02:56:05.5541460Z   /usr/local/opt/openssl@3/include/openssl/types.h:45:31: warning: redefinition of typedef 'ASN1_INTEGER' is a C11 feature [-Wtypedef-redefinition]
2022-12-27T02:56:05.5543200Z   typedef struct asn1_string_st ASN1_INTEGER;
2022-12-27T02:56:05.5545770Z                                 ^
2022-12-27T02:56:05.5548380Z   third_party/boringssl/include/openssl/base.h:189:31: note: previous definition is here
2022-12-27T02:56:05.5551690Z   typedef struct asn1_string_st ASN1_INTEGER;
2022-12-27T02:56:05.5553250Z                                 ^
2022-12-27T02:56:05.5557210Z   In file included from src/boringssl/err_data.c:18:
2022-12-27T02:56:05.5559110Z   In file included from /usr/local/opt/openssl@3/include/openssl/err.h:28:
2022-12-27T02:56:05.5562410Z   /usr/local/opt/openssl@3/include/openssl/types.h:46:31: warning: redefinition of typedef 'ASN1_ENUMERATED' is a C11 feature [-Wtypedef-redefinition]
2022-12-27T02:56:05.5564630Z   typedef struct asn1_string_st ASN1_ENUMERATED;
2022-12-27T02:56:05.5567210Z                                 ^
2022-12-27T02:56:05.5569630Z   third_party/boringssl/include/openssl/base.h:185:31: note: previous definition is here
2022-12-27T02:56:05.5572160Z   typedef struct asn1_string_st ASN1_ENUMERATED;
2022-12-27T02:56:05.5574590Z                                 ^
2022-12-27T02:56:05.5577310Z   In file included from src/boringssl/err_data.c:18:
2022-12-27T02:56:05.5579600Z   In file included from /usr/local/opt/openssl@3/include/openssl/err.h:28:
2022-12-27T02:56:05.5583350Z   /usr/local/opt/openssl@3/include/openssl/types.h:47:31: warning: redefinition of typedef 'ASN1_BIT_STRING' is a C11 feature [-Wtypedef-redefinition]
2022-12-27T02:56:05.5584810Z   typedef struct asn1_string_st ASN1_BIT_STRING;
2022-12-27T02:56:05.5587490Z                                 ^
2022-12-27T02:56:05.5589930Z   third_party/boringssl/include/openssl/base.h:183:31: note: previous definition is here
2022-12-27T02:56:05.5592580Z   typedef struct asn1_string_st ASN1_BIT_STRING;
2022-12-27T02:56:05.5595000Z                                 ^
2022-12-27T02:56:05.5597590Z   In file included from src/boringssl/err_data.c:18:
2022-12-27T02:56:05.5600310Z   In file included from /usr/local/opt/openssl@3/include/openssl/err.h:28:
2022-12-27T02:56:05.5603340Z   /usr/local/opt/openssl@3/include/openssl/types.h:48:31: warning: redefinition of typedef 'ASN1_OCTET_STRING' is a C11 feature [-Wtypedef-redefinition]
2022-12-27T02:56:05.5605590Z   typedef struct asn1_string_st ASN1_OCTET_STRING;
2022-12-27T02:56:05.5608100Z                                 ^
2022-12-27T02:56:05.5611090Z   third_party/boringssl/include/openssl/base.h:190:31: note: previous definition is here
2022-12-27T02:56:05.5613510Z   typedef struct asn1_string_st ASN1_OCTET_STRING;
2022-12-27T02:56:05.5616010Z                                 ^
2022-12-27T02:56:05.5618810Z   In file included from src/boringssl/err_data.c:18:
2022-12-27T02:56:05.5621430Z   In file included from /usr/local/opt/openssl@3/include/openssl/err.h:28:
2022-12-27T02:56:05.5624600Z   /usr/local/opt/openssl@3/include/openssl/types.h:49:31: warning: redefinition of typedef 'ASN1_PRINTABLESTRING' is a C11 feature [-Wtypedef-redefinition]
2022-12-27T02:56:05.5627050Z   typedef struct asn1_string_st ASN1_PRINTABLESTRING;
2022-12-27T02:56:05.5629700Z                                 ^
2022-12-27T02:56:05.5632530Z   third_party/boringssl/include/openssl/base.h:191:31: note: previous definition is here
2022-12-27T02:56:05.5635270Z   typedef struct asn1_string_st ASN1_PRINTABLESTRING;
2022-12-27T02:56:05.5638000Z                                 ^
2022-12-27T02:56:05.5640560Z   In file included from src/boringssl/err_data.c:18:
2022-12-27T02:56:05.5643050Z   In file included from /usr/local/opt/openssl@3/include/openssl/err.h:28:
2022-12-27T02:56:05.5646110Z   /usr/local/opt/openssl@3/include/openssl/types.h:50:31: warning: redefinition of typedef 'ASN1_T61STRING' is a C11 feature [-Wtypedef-redefinition]
2022-12-27T02:56:05.5648380Z   typedef struct asn1_string_st ASN1_T61STRING;
2022-12-27T02:56:05.5650810Z                                 ^
2022-12-27T02:56:05.5653520Z   third_party/boringssl/include/openssl/base.h:193:31: note: previous definition is here
2022-12-27T02:56:05.5656030Z   typedef struct asn1_string_st ASN1_T61STRING;
2022-12-27T02:56:05.5658770Z                                 ^
2022-12-27T02:56:05.5661390Z   In file included from src/boringssl/err_data.c:18:
2022-12-27T02:56:05.5664140Z   In file included from /usr/local/opt/openssl@3/include/openssl/err.h:28:
2022-12-27T02:56:05.5667310Z   /usr/local/opt/openssl@3/include/openssl/types.h:51:31: warning: redefinition of typedef 'ASN1_IA5STRING' is a C11 feature [-Wtypedef-redefinition]
2022-12-27T02:56:05.5669730Z   typedef struct asn1_string_st ASN1_IA5STRING;
2022-12-27T02:56:05.5672290Z                                 ^
2022-12-27T02:56:05.5675170Z   third_party/boringssl/include/openssl/base.h:188:31: note: previous definition is here
2022-12-27T02:56:05.5677970Z   typedef struct asn1_string_st ASN1_IA5STRING;
2022-12-27T02:56:05.5680420Z                                 ^
2022-12-27T02:56:05.5682970Z   In file included from src/boringssl/err_data.c:18:
2022-12-27T02:56:05.5685590Z   In file included from /usr/local/opt/openssl@3/include/openssl/err.h:28:
2022-12-27T02:56:05.5688510Z   /usr/local/opt/openssl@3/include/openssl/types.h:52:31: warning: redefinition of typedef 'ASN1_GENERALSTRING' is a C11 feature [-Wtypedef-redefinition]
2022-12-27T02:56:05.5690760Z   typedef struct asn1_string_st ASN1_GENERALSTRING;
2022-12-27T02:56:05.5693090Z                                 ^
2022-12-27T02:56:05.5696150Z   third_party/boringssl/include/openssl/base.h:187:31: note: previous definition is here
2022-12-27T02:56:05.5698390Z   typedef struct asn1_string_st ASN1_GENERALSTRING;
2022-12-27T02:56:05.5700750Z                                 ^
2022-12-27T02:56:05.5703310Z   In file included from src/boringssl/err_data.c:18:
2022-12-27T02:56:05.5706350Z   In file included from /usr/local/opt/openssl@3/include/openssl/err.h:28:
2022-12-27T02:56:05.5709730Z   /usr/local/opt/openssl@3/include/openssl/types.h:53:31: warning: redefinition of typedef 'ASN1_UNIVERSALSTRING' is a C11 feature [-Wtypedef-redefinition]
2022-12-27T02:56:05.5711470Z   typedef struct asn1_string_st ASN1_UNIVERSALSTRING;
2022-12-27T02:56:05.5714050Z                                 ^
2022-12-27T02:56:05.5716540Z   third_party/boringssl/include/openssl/base.h:195:31: note: previous definition is here
2022-12-27T02:56:05.5719110Z   typedef struct asn1_string_st ASN1_UNIVERSALSTRING;
2022-12-27T02:56:05.5721430Z                                 ^
2022-12-27T02:56:05.5724060Z   In file included from src/boringssl/err_data.c:18:
2022-12-27T02:56:05.5726380Z   In file included from /usr/local/opt/openssl@3/include/openssl/err.h:28:
2022-12-27T02:56:05.5729350Z   /usr/local/opt/openssl@3/include/openssl/types.h:54:31: warning: redefinition of typedef 'ASN1_BMPSTRING' is a C11 feature [-Wtypedef-redefinition]
2022-12-27T02:56:05.5731410Z   typedef struct asn1_string_st ASN1_BMPSTRING;
2022-12-27T02:56:05.5733840Z                                 ^
2022-12-27T02:56:05.5736530Z   third_party/boringssl/include/openssl/base.h:184:31: note: previous definition is here
2022-12-27T02:56:05.5739100Z   typedef struct asn1_string_st ASN1_BMPSTRING;
2022-12-27T02:56:05.5741430Z                                 ^
2022-12-27T02:56:05.5743950Z   In file included from src/boringssl/err_data.c:18:
2022-12-27T02:56:05.5746530Z   In file included from /usr/local/opt/openssl@3/include/openssl/err.h:28:
2022-12-27T02:56:05.5749460Z   /usr/local/opt/openssl@3/include/openssl/types.h:55:31: warning: redefinition of typedef 'ASN1_UTCTIME' is a C11 feature [-Wtypedef-redefinition]
2022-12-27T02:56:05.5751580Z   typedef struct asn1_string_st ASN1_UTCTIME;
2022-12-27T02:56:05.5754030Z                                 ^
2022-12-27T02:56:05.5756680Z   third_party/boringssl/include/openssl/base.h:196:31: note: previous definition is here
2022-12-27T02:56:05.5759250Z   typedef struct asn1_string_st ASN1_UTCTIME;
2022-12-27T02:56:05.5761660Z                                 ^
2022-12-27T02:56:05.5764230Z   In file included from src/boringssl/err_data.c:18:
2022-12-27T02:56:05.5766670Z   In file included from /usr/local/opt/openssl@3/include/openssl/err.h:28:
2022-12-27T02:56:05.5769660Z   /usr/local/opt/openssl@3/include/openssl/types.h:56:31: warning: redefinition of typedef 'ASN1_TIME' is a C11 feature [-Wtypedef-redefinition]
2022-12-27T02:56:05.5771960Z   typedef struct asn1_string_st ASN1_TIME;
2022-12-27T02:56:05.5774400Z                                 ^
2022-12-27T02:56:05.5777100Z   third_party/boringssl/include/openssl/base.h:194:31: note: previous definition is here
2022-12-27T02:56:05.5779740Z   typedef struct asn1_string_st ASN1_TIME;
2022-12-27T02:56:05.5782040Z                                 ^
2022-12-27T02:56:05.5784780Z   In file included from src/boringssl/err_data.c:18:
2022-12-27T02:56:05.5787350Z   In file included from /usr/local/opt/openssl@3/include/openssl/err.h:28:
2022-12-27T02:56:05.5790310Z   /usr/local/opt/openssl@3/include/openssl/types.h:57:31: warning: redefinition of typedef 'ASN1_GENERALIZEDTIME' is a C11 feature [-Wtypedef-redefinition]
2022-12-27T02:56:05.5792500Z   typedef struct asn1_string_st ASN1_GENERALIZEDTIME;
2022-12-27T02:56:05.5795110Z                                 ^
2022-12-27T02:56:05.5797790Z   third_party/boringssl/include/openssl/base.h:186:31: note: previous definition is here
2022-12-27T02:56:05.5800370Z   typedef struct asn1_string_st ASN1_GENERALIZEDTIME;
2022-12-27T02:56:05.5802730Z                                 ^
2022-12-27T02:56:05.5805590Z   In file included from src/boringssl/err_data.c:18:
2022-12-27T02:56:05.5807820Z   In file included from /usr/local/opt/openssl@3/include/openssl/err.h:28:
2022-12-27T02:56:05.5811000Z   /usr/local/opt/openssl@3/include/openssl/types.h:58:31: warning: redefinition of typedef 'ASN1_VISIBLESTRING' is a C11 feature [-Wtypedef-redefinition]
2022-12-27T02:56:05.5813080Z   typedef struct asn1_string_st ASN1_VISIBLESTRING;
2022-12-27T02:56:05.5815600Z                                 ^
2022-12-27T02:56:05.5818620Z   third_party/boringssl/include/openssl/base.h:198:31: note: previous definition is here
2022-12-27T02:56:05.5821180Z   typedef struct asn1_string_st ASN1_VISIBLESTRING;
2022-12-27T02:56:05.5823600Z                                 ^
2022-12-27T02:56:05.5826300Z   In file included from src/boringssl/err_data.c:18:
2022-12-27T02:56:05.5828770Z   In file included from /usr/local/opt/openssl@3/include/openssl/err.h:28:
2022-12-27T02:56:05.5831810Z   /usr/local/opt/openssl@3/include/openssl/types.h:59:31: warning: redefinition of typedef 'ASN1_UTF8STRING' is a C11 feature [-Wtypedef-redefinition]
2022-12-27T02:56:05.5834020Z   typedef struct asn1_string_st ASN1_UTF8STRING;
2022-12-27T02:56:05.5836490Z                                 ^
2022-12-27T02:56:05.5839100Z   third_party/boringssl/include/openssl/base.h:197:31: note: previous definition is here
2022-12-27T02:56:05.5841570Z   typedef struct asn1_string_st ASN1_UTF8STRING;
2022-12-27T02:56:05.5843810Z                                 ^
2022-12-27T02:56:05.5846250Z   In file included from src/boringssl/err_data.c:18:
2022-12-27T02:56:05.5848750Z   In file included from /usr/local/opt/openssl@3/include/openssl/err.h:28:
2022-12-27T02:56:05.5851900Z   /usr/local/opt/openssl@3/include/openssl/types.h:60:31: warning: redefinition of typedef 'ASN1_STRING' is a C11 feature [-Wtypedef-redefinition]
2022-12-27T02:56:05.5854450Z   typedef struct asn1_string_st ASN1_STRING;
2022-12-27T02:56:05.5856600Z                                 ^
2022-12-27T02:56:05.5859670Z   third_party/boringssl/include/openssl/base.h:192:31: note: previous definition is here
2022-12-27T02:56:05.5862030Z   typedef struct asn1_string_st ASN1_STRING;
2022-12-27T02:56:05.5864570Z                                 ^
2022-12-27T02:56:05.5867050Z   In file included from src/boringssl/err_data.c:18:
2022-12-27T02:56:05.5869750Z   In file included from /usr/local/opt/openssl@3/include/openssl/err.h:28:
2022-12-27T02:56:05.5872730Z   /usr/local/opt/openssl@3/include/openssl/types.h:61:13: warning: redefinition of typedef 'ASN1_BOOLEAN' is a C11 feature [-Wtypedef-redefinition]
2022-12-27T02:56:05.5874790Z   typedef int ASN1_BOOLEAN;
2022-12-27T02:56:05.5877110Z               ^
2022-12-27T02:56:05.5880040Z   third_party/boringssl/include/openssl/base.h:178:13: note: previous definition is here
2022-12-27T02:56:05.5882960Z   typedef int ASN1_BOOLEAN;
2022-12-27T02:56:05.5885560Z               ^
2022-12-27T02:56:05.5887170Z   In file included from src/boringssl/err_data.c:18:
2022-12-27T02:56:05.5890200Z   In file included from /usr/local/opt/openssl@3/include/openssl/err.h:28:
2022-12-27T02:56:05.5892770Z   /usr/local/opt/openssl@3/include/openssl/types.h:62:13: warning: redefinition of typedef 'ASN1_NULL' is a C11 feature [-Wtypedef-redefinition]
2022-12-27T02:56:05.5895140Z   typedef int ASN1_NULL;
2022-12-27T02:56:05.5897080Z               ^
2022-12-27T02:56:05.5900210Z   third_party/boringssl/include/openssl/base.h:179:13: note: previous definition is here
2022-12-27T02:56:05.5902020Z   typedef int ASN1_NULL;
2022-12-27T02:56:05.5904450Z               ^
2022-12-27T02:56:05.5907390Z   In file included from src/boringssl/err_data.c:18:
2022-12-27T02:56:05.5909670Z   In file included from /usr/local/opt/openssl@3/include/openssl/err.h:28:
2022-12-27T02:56:05.5912730Z   /usr/local/opt/openssl@3/include/openssl/types.h:65:29: warning: redefinition of typedef 'ASN1_TYPE' is a C11 feature [-Wtypedef-redefinition]
2022-12-27T02:56:05.5914750Z   typedef struct asn1_type_st ASN1_TYPE;
2022-12-27T02:56:05.5917290Z                               ^
2022-12-27T02:56:05.5920390Z   third_party/boringssl/include/openssl/base.h:199:29: note: previous definition is here
2022-12-27T02:56:05.5922360Z   typedef struct asn1_type_st ASN1_TYPE;
2022-12-27T02:56:05.5924660Z                               ^
2022-12-27T02:56:05.5927220Z   In file included from src/boringssl/err_data.c:18:
2022-12-27T02:56:05.5929700Z   In file included from /usr/local/opt/openssl@3/include/openssl/err.h:28:
2022-12-27T02:56:05.5932700Z   /usr/local/opt/openssl@3/include/openssl/types.h:66:31: warning: redefinition of typedef 'ASN1_OBJECT' is a C11 feature [-Wtypedef-redefinition]
2022-12-27T02:56:05.5934890Z   typedef struct asn1_object_st ASN1_OBJECT;
2022-12-27T02:56:05.5937320Z                                 ^
2022-12-27T02:56:05.5939980Z   third_party/boringssl/include/openssl/base.h:181:31: note: previous definition is here
2022-12-27T02:56:05.5942360Z   typedef struct asn1_object_st ASN1_OBJECT;
2022-12-27T02:56:05.5945380Z                                 ^
2022-12-27T02:56:05.5947910Z   In file included from src/boringssl/err_data.c:18:
2022-12-27T02:56:05.5950390Z   In file included from /usr/local/opt/openssl@3/include/openssl/err.h:28:
2022-12-27T02:56:05.5953290Z   /usr/local/opt/openssl@3/include/openssl/types.h:69:29: warning: redefinition of typedef 'ASN1_ITEM' is a C11 feature [-Wtypedef-redefinition]
2022-12-27T02:56:05.5955350Z   typedef struct ASN1_ITEM_st ASN1_ITEM;
2022-12-27T02:56:05.5957890Z                               ^
2022-12-27T02:56:05.5960760Z   third_party/boringssl/include/openssl/base.h:180:29: note: previous definition is here
2022-12-27T02:56:05.5963380Z   typedef struct ASN1_ITEM_st ASN1_ITEM;
2022-12-27T02:56:05.5965720Z                               ^
2022-12-27T02:56:05.5968210Z   In file included from src/boringssl/err_data.c:18:
2022-12-27T02:56:05.5970750Z   In file included from /usr/local/opt/openssl@3/include/openssl/err.h:28:
2022-12-27T02:56:05.5973610Z   /usr/local/opt/openssl@3/include/openssl/types.h:70:29: warning: redefinition of typedef 'ASN1_PCTX' is a C11 feature [-Wtypedef-redefinition]
2022-12-27T02:56:05.5975730Z   typedef struct asn1_pctx_st ASN1_PCTX;
2022-12-27T02:56:05.5978420Z                               ^
2022-12-27T02:56:05.5980990Z   third_party/boringssl/include/openssl/base.h:182:29: note: previous definition is here
2022-12-27T02:56:05.5983180Z   typedef struct asn1_pctx_st ASN1_PCTX;
2022-12-27T02:56:05.5985650Z                               ^
2022-12-27T02:56:05.5988090Z   In file included from src/boringssl/err_data.c:18:
2022-12-27T02:56:05.5990510Z   In file included from /usr/local/opt/openssl@3/include/openssl/err.h:28:
2022-12-27T02:56:05.5993410Z   /usr/local/opt/openssl@3/include/openssl/types.h:86:23: warning: redefinition of typedef 'BIO' is a C11 feature [-Wtypedef-redefinition]
2022-12-27T02:56:05.5995550Z   typedef struct bio_st BIO;
2022-12-27T02:56:05.5998160Z                         ^
2022-12-27T02:56:05.6000900Z   third_party/boringssl/include/openssl/base.h:235:23: note: previous definition is here
2022-12-27T02:56:05.6003490Z   typedef struct bio_st BIO;
2022-12-27T02:56:05.6006020Z                         ^
2022-12-27T02:56:05.6008600Z   In file included from src/boringssl/err_data.c:18:
2022-12-27T02:56:05.6011150Z   In file included from /usr/local/opt/openssl@3/include/openssl/err.h:28:
2022-12-27T02:56:05.6014000Z   /usr/local/opt/openssl@3/include/openssl/types.h:87:26: warning: redefinition of typedef 'BIGNUM' is a C11 feature [-Wtypedef-redefinition]
2022-12-27T02:56:05.6016120Z   typedef struct bignum_st BIGNUM;
2022-12-27T02:56:05.6018600Z                            ^
2022-12-27T02:56:05.6021140Z   third_party/boringssl/include/openssl/base.h:233:26: note: previous definition is here
2022-12-27T02:56:05.6023520Z   typedef struct bignum_st BIGNUM;
2022-12-27T02:56:05.6025880Z                            ^
2022-12-27T02:56:05.6028440Z   In file included from src/boringssl/err_data.c:18:
2022-12-27T02:56:05.6030790Z   In file included from /usr/local/opt/openssl@3/include/openssl/err.h:28:
2022-12-27T02:56:05.6034430Z   /usr/local/opt/openssl@3/include/openssl/types.h:88:27: warning: redefinition of typedef 'BN_CTX' is a C11 feature [-Wtypedef-redefinition]
2022-12-27T02:56:05.6036640Z   typedef struct bignum_ctx BN_CTX;
2022-12-27T02:56:05.6039220Z                             ^
2022-12-27T02:56:05.6042020Z   third_party/boringssl/include/openssl/base.h:232:27: note: previous definition is here
2022-12-27T02:56:05.6044770Z   typedef struct bignum_ctx BN_CTX;
2022-12-27T02:56:05.6047240Z                             ^
2022-12-27T02:56:05.6049540Z   In file included from src/boringssl/err_data.c:18:
2022-12-27T02:56:05.6052030Z   In file included from /usr/local/opt/openssl@3/include/openssl/err.h:28:
2022-12-27T02:56:05.6054880Z   /usr/local/opt/openssl@3/include/openssl/types.h:90:31: warning: redefinition of typedef 'BN_MONT_CTX' is a C11 feature [-Wtypedef-redefinition]
2022-12-27T02:56:05.6056980Z   typedef struct bn_mont_ctx_st BN_MONT_CTX;
2022-12-27T02:56:05.6059570Z                                 ^
2022-12-27T02:56:05.6062150Z   third_party/boringssl/include/openssl/base.h:237:31: note: previous definition is here
2022-12-27T02:56:05.6064480Z   typedef struct bn_mont_ctx_st BN_MONT_CTX;
2022-12-27T02:56:05.6067390Z                                 ^
2022-12-27T02:56:05.6069760Z   In file included from src/boringssl/err_data.c:18:
2022-12-27T02:56:05.6072030Z   In file included from /usr/local/opt/openssl@3/include/openssl/err.h:28:
2022-12-27T02:56:05.6075340Z   /usr/local/opt/openssl@3/include/openssl/types.h:92:28: warning: redefinition of typedef 'BN_GENCB' is a C11 feature [-Wtypedef-redefinition]
2022-12-27T02:56:05.6077570Z   typedef struct bn_gencb_st BN_GENCB;
2022-12-27T02:56:05.6080020Z                              ^
2022-12-27T02:56:05.6082880Z   third_party/boringssl/include/openssl/base.h:236:28: note: previous definition is here
2022-12-27T02:56:05.6085530Z   typedef struct bn_gencb_st BN_GENCB;
2022-12-27T02:56:05.6087520Z                              ^
2022-12-27T02:56:05.6090570Z   In file included from src/boringssl/err_data.c:18:
2022-12-27T02:56:05.6092920Z   In file included from /usr/local/opt/openssl@3/include/openssl/err.h:28:
2022-12-27T02:56:05.6097410Z   /usr/local/opt/openssl@3/include/openssl/types.h:94:27: warning: redefinition of typedef 'BUF_MEM' is a C11 feature [-Wtypedef-redefinition]
2022-12-27T02:56:05.6098760Z   typedef struct buf_mem_st BUF_MEM;
2022-12-27T02:56:05.6101170Z                             ^
2022-12-27T02:56:05.6104030Z   third_party/boringssl/include/openssl/base.h:238:27: note: previous definition is here
2022-12-27T02:56:05.6106820Z   typedef struct buf_mem_st BUF_MEM;
2022-12-27T02:56:05.6109370Z                             ^
2022-12-27T02:56:05.6112300Z   In file included from src/boringssl/err_data.c:18:
2022-12-27T02:56:05.6114910Z   In file included from /usr/local/opt/openssl@3/include/openssl/err.h:28:
2022-12-27T02:56:05.6118470Z   /usr/local/opt/openssl@3/include/openssl/types.h:101:30: warning: redefinition of typedef 'EVP_CIPHER' is a C11 feature [-Wtypedef-redefinition]
2022-12-27T02:56:05.6120260Z   typedef struct evp_cipher_st EVP_CIPHER;
2022-12-27T02:56:05.6122870Z                                ^
2022-12-27T02:56:05.6126040Z   third_party/boringssl/include/openssl/base.h:256:30: note: previous definition is here
2022-12-27T02:56:05.6128290Z   typedef struct evp_cipher_st EVP_CIPHER;
2022-12-27T02:56:05.6130680Z                                ^
2022-12-27T02:56:05.6133170Z   In file included from src/boringssl/err_data.c:18:
2022-12-27T02:56:05.6135540Z   In file included from /usr/local/opt/openssl@3/include/openssl/err.h:28:
2022-12-27T02:56:05.6138620Z   /usr/local/opt/openssl@3/include/openssl/types.h:102:34: warning: redefinition of typedef 'EVP_CIPHER_CTX' is a C11 feature [-Wtypedef-redefinition]
2022-12-27T02:56:05.6140740Z   typedef struct evp_cipher_ctx_st EVP_CIPHER_CTX;
2022-12-27T02:56:05.6143380Z                                    ^
2022-12-27T02:56:05.6146200Z   third_party/boringssl/include/openssl/base.h:255:34: note: previous definition is here
2022-12-27T02:56:05.6148660Z   typedef struct evp_cipher_ctx_st EVP_CIPHER_CTX;
2022-12-27T02:56:05.6151050Z                                    ^
2022-12-27T02:56:05.6153560Z   In file included from src/boringssl/err_data.c:18:
2022-12-27T02:56:05.6156330Z   In file included from /usr/local/opt/openssl@3/include/openssl/err.h:28:
2022-12-27T02:56:05.6159490Z   /usr/local/opt/openssl@3/include/openssl/types.h:103:26: error: typedef redefinition with different types ('struct evp_md_st' vs 'struct env_md_st')
2022-12-27T02:56:05.6161820Z   typedef struct evp_md_st EVP_MD;
2022-12-27T02:56:05.6164890Z                            ^
2022-12-27T02:56:05.6167180Z   third_party/boringssl/include/openssl/base.h:253:26: note: previous definition is here
2022-12-27T02:56:05.6169670Z   typedef struct env_md_st EVP_MD;
2022-12-27T02:56:05.6172300Z                            ^
2022-12-27T02:56:05.6175090Z   In file included from src/boringssl/err_data.c:18:
2022-12-27T02:56:05.6177860Z   In file included from /usr/local/opt/openssl@3/include/openssl/err.h:28:
2022-12-27T02:56:05.6181140Z   /usr/local/opt/openssl@3/include/openssl/types.h:104:30: error: typedef redefinition with different types ('struct evp_md_ctx_st' vs 'struct env_md_ctx_st')
2022-12-27T02:56:05.6183380Z   typedef struct evp_md_ctx_st EVP_MD_CTX;
2022-12-27T02:56:05.6186060Z                                ^
2022-12-27T02:56:05.6188840Z   third_party/boringssl/include/openssl/base.h:252:30: note: previous definition is here
2022-12-27T02:56:05.6191360Z   typedef struct env_md_ctx_st EVP_MD_CTX;
2022-12-27T02:56:05.6193960Z                                ^
2022-12-27T02:56:05.6196770Z   In file included from src/boringssl/err_data.c:18:
2022-12-27T02:56:05.6199630Z   In file included from /usr/local/opt/openssl@3/include/openssl/err.h:28:
2022-12-27T02:56:05.6203790Z   /usr/local/opt/openssl@3/include/openssl/types.h:107:28: warning: redefinition of typedef 'EVP_PKEY' is a C11 feature [-Wtypedef-redefinition]
2022-12-27T02:56:05.6205370Z   typedef struct evp_pkey_st EVP_PKEY;
2022-12-27T02:56:05.6207990Z                              ^
2022-12-27T02:56:05.6210670Z   third_party/boringssl/include/openssl/base.h:261:28: note: previous definition is here
2022-12-27T02:56:05.6213200Z   typedef struct evp_pkey_st EVP_PKEY;
2022-12-27T02:56:05.6215570Z                              ^
2022-12-27T02:56:05.6218310Z   In file included from src/boringssl/err_data.c:18:
2022-12-27T02:56:05.6220840Z   In file included from /usr/local/opt/openssl@3/include/openssl/err.h:28:
2022-12-27T02:56:05.6224190Z   /usr/local/opt/openssl@3/include/openssl/types.h:109:40: warning: redefinition of typedef 'EVP_PKEY_ASN1_METHOD' is a C11 feature [-Wtypedef-redefinition]
2022-12-27T02:56:05.6226030Z   typedef struct evp_pkey_asn1_method_st EVP_PKEY_ASN1_METHOD;
2022-12-27T02:56:05.6228640Z                                          ^
2022-12-27T02:56:05.6231260Z   third_party/boringssl/include/openssl/base.h:258:40: note: previous definition is here
2022-12-27T02:56:05.6233830Z   typedef struct evp_pkey_asn1_method_st EVP_PKEY_ASN1_METHOD;
2022-12-27T02:56:05.6236180Z                                          ^
2022-12-27T02:56:05.6238950Z   In file included from src/boringssl/err_data.c:18:
2022-12-27T02:56:05.6241390Z   In file included from /usr/local/opt/openssl@3/include/openssl/err.h:28:
2022-12-27T02:56:05.6244480Z   /usr/local/opt/openssl@3/include/openssl/types.h:111:35: warning: redefinition of typedef 'EVP_PKEY_METHOD' is a C11 feature [-Wtypedef-redefinition]
2022-12-27T02:56:05.6246580Z   typedef struct evp_pkey_method_st EVP_PKEY_METHOD;
2022-12-27T02:56:05.6249100Z                                     ^
2022-12-27T02:56:05.6251870Z   third_party/boringssl/include/openssl/base.h:260:35: note: previous definition is here
2022-12-27T02:56:05.6254420Z   typedef struct evp_pkey_method_st EVP_PKEY_METHOD;
2022-12-27T02:56:05.6256880Z                                     ^
2022-12-27T02:56:05.6259640Z   In file included from src/boringssl/err_data.c:18:
2022-12-27T02:56:05.6262760Z   In file included from /usr/local/opt/openssl@3/include/openssl/err.h:28:
2022-12-27T02:56:05.6265220Z   /usr/local/opt/openssl@3/include/openssl/types.h:112:32: warning: redefinition of typedef 'EVP_PKEY_CTX' is a C11 feature [-Wtypedef-redefinition]
2022-12-27T02:56:05.6268440Z   typedef struct evp_pkey_ctx_st EVP_PKEY_CTX;
2022-12-27T02:56:05.6270410Z                                  ^
2022-12-27T02:56:05.6273050Z   third_party/boringssl/include/openssl/base.h:259:32: note: previous definition is here
2022-12-27T02:56:05.6275580Z   typedef struct evp_pkey_ctx_st EVP_PKEY_CTX;
2022-12-27T02:56:05.6277970Z                                  ^
2022-12-27T02:56:05.6280690Z   In file included from src/boringssl/err_data.c:18:
2022-12-27T02:56:05.6283170Z   In file included from /usr/local/opt/openssl@3/include/openssl/err.h:28:
2022-12-27T02:56:05.6286370Z   /usr/local/opt/openssl@3/include/openssl/types.h:130:34: error: typedef redefinition with different types ('struct evp_Encode_Ctx_st' vs 'struct evp_encode_ctx_st')
2022-12-27T02:56:05.6288470Z   typedef struct evp_Encode_Ctx_st EVP_ENCODE_CTX;
2022-12-27T02:56:05.6291020Z                                    ^
2022-12-27T02:56:05.6293570Z   third_party/boringssl/include/openssl/base.h:257:34: note: previous definition is here
2022-12-27T02:56:05.6296190Z   typedef struct evp_encode_ctx_st EVP_ENCODE_CTX;
2022-12-27T02:56:05.6298610Z                                    ^
2022-12-27T02:56:05.6301330Z   In file included from src/boringssl/err_data.c:18:
2022-12-27T02:56:05.6304060Z   In file included from /usr/local/opt/openssl@3/include/openssl/err.h:28:
2022-12-27T02:56:05.6307060Z   /usr/local/opt/openssl@3/include/openssl/types.h:132:28: warning: redefinition of typedef 'HMAC_CTX' is a C11 feature [-Wtypedef-redefinition]
2022-12-27T02:56:05.6309590Z   typedef struct hmac_ctx_st HMAC_CTX;
2022-12-27T02:56:05.6312110Z                              ^
2022-12-27T02:56:05.6315050Z   third_party/boringssl/include/openssl/base.h:262:28: note: previous definition is here
2022-12-27T02:56:05.6317540Z   typedef struct hmac_ctx_st HMAC_CTX;
2022-12-27T02:56:05.6320100Z                              ^
2022-12-27T02:56:05.6322520Z   In file included from src/boringssl/err_data.c:18:
2022-12-27T02:56:05.6325080Z   In file included from /usr/local/opt/openssl@3/include/openssl/err.h:28:
2022-12-27T02:56:05.6328120Z   /usr/local/opt/openssl@3/include/openssl/types.h:134:22: warning: redefinition of typedef 'DH' is a C11 feature [-Wtypedef-redefinition]
2022-12-27T02:56:05.6330020Z   typedef struct dh_st DH;
2022-12-27T02:56:05.6332510Z                        ^
2022-12-27T02:56:05.6335150Z   third_party/boringssl/include/openssl/base.h:244:22: note: previous definition is here
2022-12-27T02:56:05.6337550Z   typedef struct dh_st DH;
2022-12-27T02:56:05.6340160Z                        ^
2022-12-27T02:56:05.6342710Z   In file included from src/boringssl/err_data.c:18:
2022-12-27T02:56:05.6345220Z   In file included from /usr/local/opt/openssl@3/include/openssl/err.h:28:
2022-12-27T02:56:05.6348140Z   /usr/local/opt/openssl@3/include/openssl/types.h:138:23: warning: redefinition of typedef 'DSA' is a C11 feature [-Wtypedef-redefinition]
2022-12-27T02:56:05.6350250Z   typedef struct dsa_st DSA;
2022-12-27T02:56:05.6352680Z                         ^
2022-12-27T02:56:05.6355360Z   third_party/boringssl/include/openssl/base.h:245:23: note: previous definition is here
2022-12-27T02:56:05.6357870Z   typedef struct dsa_st DSA;
2022-12-27T02:56:05.6360480Z                         ^
2022-12-27T02:56:05.6362950Z   In file included from src/boringssl/err_data.c:18:
2022-12-27T02:56:05.6365610Z   In file included from /usr/local/opt/openssl@3/include/openssl/err.h:28:
2022-12-27T02:56:05.6368550Z   /usr/local/opt/openssl@3/include/openssl/types.h:143:23: warning: redefinition of typedef 'RSA' is a C11 feature [-Wtypedef-redefinition]
2022-12-27T02:56:05.6370660Z   typedef struct rsa_st RSA;
2022-12-27T02:56:05.6373160Z                         ^
2022-12-27T02:56:05.6376040Z   third_party/boringssl/include/openssl/base.h:272:23: note: previous definition is here
2022-12-27T02:56:05.6378620Z   typedef struct rsa_st RSA;
2022-12-27T02:56:05.6380740Z                         ^
2022-12-27T02:56:05.6383240Z   In file included from src/boringssl/err_data.c:18:
2022-12-27T02:56:05.6385740Z   In file included from /usr/local/opt/openssl@3/include/openssl/err.h:28:
2022-12-27T02:56:05.6388620Z   /usr/local/opt/openssl@3/include/openssl/types.h:144:28: warning: redefinition of typedef 'RSA_METHOD' is a C11 feature [-Wtypedef-redefinition]
2022-12-27T02:56:05.6390810Z   typedef struct rsa_meth_st RSA_METHOD;
2022-12-27T02:56:05.6393200Z                              ^
2022-12-27T02:56:05.6395820Z   third_party/boringssl/include/openssl/base.h:271:28: note: previous definition is here
2022-12-27T02:56:05.6398490Z   typedef struct rsa_meth_st RSA_METHOD;
2022-12-27T02:56:05.6400700Z                              ^
2022-12-27T02:56:05.6403190Z   In file included from src/boringssl/err_data.c:18:
2022-12-27T02:56:05.6405790Z   In file included from /usr/local/opt/openssl@3/include/openssl/err.h:28:
2022-12-27T02:56:05.6408650Z   /usr/local/opt/openssl@3/include/openssl/types.h:149:26: warning: redefinition of typedef 'EC_KEY' is a C11 feature [-Wtypedef-redefinition]
2022-12-27T02:56:05.6410990Z   typedef struct ec_key_st EC_KEY;
2022-12-27T02:56:05.6413370Z                            ^
2022-12-27T02:56:05.6415990Z   third_party/boringssl/include/openssl/base.h:247:26: note: previous definition is here
2022-12-27T02:56:05.6418500Z   typedef struct ec_key_st EC_KEY;
2022-12-27T02:56:05.6420920Z                            ^
2022-12-27T02:56:05.6423560Z   In file included from src/boringssl/err_data.c:18:
2022-12-27T02:56:05.6426200Z   In file included from /usr/local/opt/openssl@3/include/openssl/err.h:28:
2022-12-27T02:56:05.6429200Z   /usr/local/opt/openssl@3/include/openssl/types.h:153:29: warning: redefinition of typedef 'RAND_METHOD' is a C11 feature [-Wtypedef-redefinition]
2022-12-27T02:56:05.6431500Z   typedef struct rand_meth_st RAND_METHOD;
2022-12-27T02:56:05.6433970Z                               ^
2022-12-27T02:56:05.6436730Z   third_party/boringssl/include/openssl/base.h:269:29: note: previous definition is here
2022-12-27T02:56:05.6439250Z   typedef struct rand_meth_st RAND_METHOD;
2022-12-27T02:56:05.6441600Z                               ^
2022-12-27T02:56:05.6444070Z   In file included from src/boringssl/err_data.c:18:
2022-12-27T02:56:05.6446540Z   In file included from /usr/local/opt/openssl@3/include/openssl/err.h:28:
2022-12-27T02:56:05.6449360Z   /usr/local/opt/openssl@3/include/openssl/types.h:157:24: warning: redefinition of typedef 'X509' is a C11 feature [-Wtypedef-redefinition]
2022-12-27T02:56:05.6451470Z   typedef struct x509_st X509;
2022-12-27T02:56:05.6453830Z                          ^
2022-12-27T02:56:05.6456450Z   third_party/boringssl/include/openssl/base.h:293:24: note: previous definition is here
2022-12-27T02:56:05.6458950Z   typedef struct x509_st X509;
2022-12-27T02:56:05.6461300Z                          ^
2022-12-27T02:56:05.6463780Z   In file included from src/boringssl/err_data.c:18:
2022-12-27T02:56:05.6466250Z   In file included from /usr/local/opt/openssl@3/include/openssl/err.h:28:
2022-12-27T02:56:05.6469080Z   /usr/local/opt/openssl@3/include/openssl/types.h:158:30: warning: redefinition of typedef 'X509_ALGOR' is a C11 feature [-Wtypedef-redefinition]
2022-12-27T02:56:05.6471210Z   typedef struct X509_algor_st X509_ALGOR;
2022-12-27T02:56:05.6473540Z                                ^
2022-12-27T02:56:05.6476050Z   third_party/boringssl/include/openssl/base.h:219:30: note: previous definition is here
2022-12-27T02:56:05.6478650Z   typedef struct X509_algor_st X509_ALGOR;
2022-12-27T02:56:05.6480860Z                                ^
2022-12-27T02:56:05.6483390Z   In file included from src/boringssl/err_data.c:18:
2022-12-27T02:56:05.6485770Z   In file included from /usr/local/opt/openssl@3/include/openssl/err.h:28:
2022-12-27T02:56:05.6488890Z   /usr/local/opt/openssl@3/include/openssl/types.h:159:28: warning: redefinition of typedef 'X509_CRL' is a C11 feature [-Wtypedef-redefinition]
2022-12-27T02:56:05.6490810Z   typedef struct X509_crl_st X509_CRL;
2022-12-27T02:56:05.6493230Z                              ^
2022-12-27T02:56:05.6495730Z   third_party/boringssl/include/openssl/base.h:221:28: note: previous definition is here
2022-12-27T02:56:05.6498240Z   typedef struct X509_crl_st X509_CRL;
2022-12-27T02:56:05.6500430Z                              ^
2022-12-27T02:56:05.6502970Z   In file included from src/boringssl/err_data.c:18:
2022-12-27T02:56:05.6505390Z   In file included from /usr/local/opt/openssl@3/include/openssl/err.h:28:
2022-12-27T02:56:05.6508300Z   /usr/local/opt/openssl@3/include/openssl/types.h:160:35: warning: redefinition of typedef 'X509_CRL_METHOD' is a C11 feature [-Wtypedef-redefinition]
2022-12-27T02:56:05.6510540Z   typedef struct x509_crl_method_st X509_CRL_METHOD;
2022-12-27T02:56:05.6512850Z                                     ^
2022-12-27T02:56:05.6515390Z   third_party/boringssl/include/openssl/base.h:290:35: note: previous definition is here
2022-12-27T02:56:05.6517830Z   typedef struct x509_crl_method_st X509_CRL_METHOD;
2022-12-27T02:56:05.6520190Z                                     ^
2022-12-27T02:56:05.6522610Z   In file included from src/boringssl/err_data.c:18:
2022-12-27T02:56:05.6525110Z   In file included from /usr/local/opt/openssl@3/include/openssl/err.h:28:
2022-12-27T02:56:05.6528340Z   /usr/local/opt/openssl@3/include/openssl/types.h:161:32: warning: redefinition of typedef 'X509_REVOKED' is a C11 feature [-Wtypedef-redefinition]
2022-12-27T02:56:05.6530650Z   typedef struct x509_revoked_st X509_REVOKED;
2022-12-27T02:56:05.6533160Z                                  ^
2022-12-27T02:56:05.6535870Z   third_party/boringssl/include/openssl/base.h:292:32: note: previous definition is here
2022-12-27T02:56:05.6538710Z   typedef struct x509_revoked_st X509_REVOKED;
2022-12-27T02:56:05.6560130Z                                  ^
2022-12-27T02:56:05.6560820Z   In file included from src/boringssl/err_data.c:18:
2022-12-27T02:56:05.6561200Z   In file included from /usr/local/opt/openssl@3/include/openssl/err.h:28:
2022-12-27T02:56:05.6562140Z   /usr/local/opt/openssl@3/include/openssl/types.h:162:29: warning: redefinition of typedef 'X509_NAME' is a C11 feature [-Wtypedef-redefinition]
2022-12-27T02:56:05.6562570Z   typedef struct X509_name_st X509_NAME;
2022-12-27T02:56:05.6562830Z                               ^
2022-12-27T02:56:05.6563160Z   third_party/boringssl/include/openssl/base.h:225:29: note: previous definition is here
2022-12-27T02:56:05.6563550Z   typedef struct X509_name_st X509_NAME;
2022-12-27T02:56:05.6563750Z                               ^
2022-12-27T02:56:05.6563980Z   In file included from src/boringssl/err_data.c:18:
2022-12-27T02:56:05.6567050Z   In file included from /usr/local/opt/openssl@3/include/openssl/err.h:28:
2022-12-27T02:56:05.6569960Z   /usr/local/opt/openssl@3/include/openssl/types.h:163:31: warning: redefinition of typedef 'X509_PUBKEY' is a C11 feature [-Wtypedef-redefinition]
2022-12-27T02:56:05.6572110Z   typedef struct X509_pubkey_st X509_PUBKEY;
2022-12-27T02:56:05.6574990Z                                 ^
2022-12-27T02:56:05.6577900Z   third_party/boringssl/include/openssl/base.h:227:31: note: previous definition is here
2022-12-27T02:56:05.6580400Z   typedef struct X509_pubkey_st X509_PUBKEY;
2022-12-27T02:56:05.6582870Z                                 ^
2022-12-27T02:56:05.6585950Z   In file included from src/boringssl/err_data.c:18:
2022-12-27T02:56:05.6588270Z   In file included from /usr/local/opt/openssl@3/include/openssl/err.h:28:
2022-12-27T02:56:05.6591680Z   /usr/local/opt/openssl@3/include/openssl/types.h:164:30: warning: redefinition of typedef 'X509_STORE' is a C11 feature [-Wtypedef-redefinition]
2022-12-27T02:56:05.6593840Z   typedef struct x509_store_st X509_STORE;
2022-12-27T02:56:05.6596890Z                                ^
2022-12-27T02:56:05.6601450Z   third_party/boringssl/include/openssl/base.h:295:30: note: previous definition is here
2022-12-27T02:56:05.6603830Z   typedef struct x509_store_st X509_STORE;
2022-12-27T02:56:05.6606220Z                                ^
2022-12-27T02:56:05.6609090Z   In file included from src/boringssl/err_data.c:18:
2022-12-27T02:56:05.6611380Z   In file included from /usr/local/opt/openssl@3/include/openssl/err.h:28:
2022-12-27T02:56:05.6615550Z   /usr/local/opt/openssl@3/include/openssl/types.h:165:34: warning: redefinition of typedef 'X509_STORE_CTX' is a C11 feature [-Wtypedef-redefinition]
2022-12-27T02:56:05.6616660Z   typedef struct x509_store_ctx_st X509_STORE_CTX;
2022-12-27T02:56:05.6619580Z                                    ^
2022-12-27T02:56:05.6622940Z   third_party/boringssl/include/openssl/base.h:294:34: note: previous definition is here
2022-12-27T02:56:05.6625790Z   typedef struct x509_store_ctx_st X509_STORE_CTX;
2022-12-27T02:56:05.6628210Z                                    ^
2022-12-27T02:56:05.6631180Z   In file included from src/boringssl/err_data.c:18:
2022-12-27T02:56:05.6633650Z   In file included from /usr/local/opt/openssl@3/include/openssl/err.h:28:
2022-12-27T02:56:05.6637040Z   /usr/local/opt/openssl@3/include/openssl/types.h:168:31: warning: redefinition of typedef 'X509_LOOKUP' is a C11 feature [-Wtypedef-redefinition]
2022-12-27T02:56:05.6639340Z   typedef struct x509_lookup_st X509_LOOKUP;
2022-12-27T02:56:05.6641740Z                                 ^
2022-12-27T02:56:05.6644940Z   third_party/boringssl/include/openssl/base.h:291:31: note: previous definition is here
2022-12-27T02:56:05.6647490Z   typedef struct x509_lookup_st X509_LOOKUP;
2022-12-27T02:56:05.6649840Z                                 ^
2022-12-27T02:56:05.6652530Z   In file included from src/boringssl/err_data.c:18:
2022-12-27T02:56:05.6655100Z   In file included from /usr/local/opt/openssl@3/include/openssl/err.h:28:
2022-12-27T02:56:05.6658540Z   /usr/local/opt/openssl@3/include/openssl/types.h:170:37: warning: redefinition of typedef 'X509_VERIFY_PARAM' is a C11 feature [-Wtypedef-redefinition]
2022-12-27T02:56:05.6661410Z   typedef struct X509_VERIFY_PARAM_st X509_VERIFY_PARAM;
2022-12-27T02:56:05.6663830Z                                       ^
2022-12-27T02:56:05.6666590Z   third_party/boringssl/include/openssl/base.h:218:37: note: previous definition is here
2022-12-27T02:56:05.6669630Z   typedef struct X509_VERIFY_PARAM_st X509_VERIFY_PARAM;
2022-12-27T02:56:05.6672000Z                                       ^
2022-12-27T02:56:05.6675170Z   In file included from src/boringssl/err_data.c:18:
2022-12-27T02:56:05.6677730Z   In file included from /usr/local/opt/openssl@3/include/openssl/err.h:28:
2022-12-27T02:56:05.6681240Z   /usr/local/opt/openssl@3/include/openssl/types.h:174:39: warning: redefinition of typedef 'PKCS8_PRIV_KEY_INFO' is a C11 feature [-Wtypedef-redefinition]
2022-12-27T02:56:05.6683060Z   typedef struct pkcs8_priv_key_info_st PKCS8_PRIV_KEY_INFO;
2022-12-27T02:56:05.6685710Z                                         ^
2022-12-27T02:56:05.6688570Z   third_party/boringssl/include/openssl/base.h:267:39: note: previous definition is here
2022-12-27T02:56:05.6691150Z   typedef struct pkcs8_priv_key_info_st PKCS8_PRIV_KEY_INFO;
2022-12-27T02:56:05.6693760Z                                         ^
2022-12-27T02:56:05.6696440Z   In file included from src/boringssl/err_data.c:18:
2022-12-27T02:56:05.6699310Z   In file included from /usr/local/opt/openssl@3/include/openssl/err.h:28:
2022-12-27T02:56:05.6702410Z   /usr/local/opt/openssl@3/include/openssl/types.h:176:27: warning: redefinition of typedef 'X509V3_CTX' is a C11 feature [-Wtypedef-redefinition]
2022-12-27T02:56:05.6704760Z   typedef struct v3_ext_ctx X509V3_CTX;
2022-12-27T02:56:05.6707440Z                             ^
2022-12-27T02:56:05.6710630Z   third_party/boringssl/include/openssl/base.h:285:27: note: previous definition is here
2022-12-27T02:56:05.6713350Z   typedef struct v3_ext_ctx X509V3_CTX;
2022-12-27T02:56:05.6716100Z                             ^
2022-12-27T02:56:05.6719470Z   In file included from src/boringssl/err_data.c:18:
2022-12-27T02:56:05.6722060Z   In file included from /usr/local/opt/openssl@3/include/openssl/err.h:28:
2022-12-27T02:56:05.6725320Z   /usr/local/opt/openssl@3/include/openssl/types.h:177:24: warning: redefinition of typedef 'CONF' is a C11 feature [-Wtypedef-redefinition]
2022-12-27T02:56:05.6727820Z   typedef struct conf_st CONF;
2022-12-27T02:56:05.6730500Z                          ^
2022-12-27T02:56:05.6733520Z   third_party/boringssl/include/openssl/base.h:242:24: note: previous definition is here
2022-12-27T02:56:05.6736250Z   typedef struct conf_st CONF;
2022-12-27T02:56:05.6738890Z                          ^
2022-12-27T02:56:05.6741350Z   In file included from src/boringssl/err_data.c:18:
2022-12-27T02:56:05.6743920Z   In file included from /usr/local/opt/openssl@3/include/openssl/err.h:28:
2022-12-27T02:56:05.6747300Z   /usr/local/opt/openssl@3/include/openssl/types.h:183:26: warning: redefinition of typedef 'ENGINE' is a C11 feature [-Wtypedef-redefinition]
2022-12-27T02:56:05.6749080Z   typedef struct engine_st ENGINE;
2022-12-27T02:56:05.6751760Z                            ^
2022-12-27T02:56:05.6755520Z   third_party/boringssl/include/openssl/base.h:251:26: note: previous definition is here
2022-12-27T02:56:05.6756860Z   typedef struct engine_st ENGINE;
2022-12-27T02:56:05.6760030Z                            ^
2022-12-27T02:56:05.6762170Z   In file included from src/boringssl/err_data.c:18:
2022-12-27T02:56:05.6764720Z   In file included from /usr/local/opt/openssl@3/include/openssl/err.h:28:
2022-12-27T02:56:05.6767680Z   /usr/local/opt/openssl@3/include/openssl/types.h:184:23: warning: redefinition of typedef 'SSL' is a C11 feature [-Wtypedef-redefinition]
2022-12-27T02:56:05.6769710Z   typedef struct ssl_st SSL;
2022-12-27T02:56:05.6772100Z                         ^
2022-12-27T02:56:05.6774940Z   third_party/boringssl/include/openssl/base.h:283:23: note: previous definition is here
2022-12-27T02:56:05.6776990Z   typedef struct ssl_st SSL;
2022-12-27T02:56:05.6779600Z                         ^
2022-12-27T02:56:05.6782290Z   In file included from src/boringssl/err_data.c:18:
2022-12-27T02:56:05.6784760Z   In file included from /usr/local/opt/openssl@3/include/openssl/err.h:28:
2022-12-27T02:56:05.6787530Z   /usr/local/opt/openssl@3/include/openssl/types.h:185:27: warning: redefinition of typedef 'SSL_CTX' is a C11 feature [-Wtypedef-redefinition]
2022-12-27T02:56:05.6789680Z   typedef struct ssl_ctx_st SSL_CTX;
2022-12-27T02:56:05.6792020Z                             ^
2022-12-27T02:56:05.6794710Z   third_party/boringssl/include/openssl/base.h:279:27: note: previous definition is here
2022-12-27T02:56:05.6797090Z   typedef struct ssl_ctx_st SSL_CTX;
2022-12-27T02:56:05.6799700Z                             ^
2022-12-27T02:56:05.6802120Z   In file included from src/boringssl/err_data.c:18:
2022-12-27T02:56:05.6804790Z   In file included from /usr/local/opt/openssl@3/include/openssl/err.h:28:
2022-12-27T02:56:05.6807630Z   /usr/local/opt/openssl@3/include/openssl/types.h:190:36: warning: redefinition of typedef 'X509_POLICY_NODE' is a C11 feature [-Wtypedef-redefinition]
2022-12-27T02:56:05.6810060Z   typedef struct X509_POLICY_NODE_st X509_POLICY_NODE;
2022-12-27T02:56:05.6812350Z                                      ^
2022-12-27T02:56:05.6815150Z   third_party/boringssl/include/openssl/base.h:216:36: note: previous definition is here
2022-12-27T02:56:05.6817510Z   typedef struct X509_POLICY_NODE_st X509_POLICY_NODE;
2022-12-27T02:56:05.6820160Z                                      ^
2022-12-27T02:56:05.6822590Z   In file included from src/boringssl/err_data.c:18:
2022-12-27T02:56:05.6825280Z   In file included from /usr/local/opt/openssl@3/include/openssl/err.h:28:
2022-12-27T02:56:05.6828050Z   /usr/local/opt/openssl@3/include/openssl/types.h:191:37: warning: redefinition of typedef 'X509_POLICY_LEVEL' is a C11 feature [-Wtypedef-redefinition]
2022-12-27T02:56:05.6830440Z   typedef struct X509_POLICY_LEVEL_st X509_POLICY_LEVEL;
2022-12-27T02:56:05.6832700Z                                       ^
2022-12-27T02:56:05.6835840Z   third_party/boringssl/include/openssl/base.h:215:37: note: previous definition is here
2022-12-27T02:56:05.6838290Z   typedef struct X509_POLICY_LEVEL_st X509_POLICY_LEVEL;
2022-12-27T02:56:05.6840420Z                                       ^
2022-12-27T02:56:05.6843100Z   In file included from src/boringssl/err_data.c:18:
2022-12-27T02:56:05.6845590Z   In file included from /usr/local/opt/openssl@3/include/openssl/err.h:28:
2022-12-27T02:56:05.6848610Z   /usr/local/opt/openssl@3/include/openssl/types.h:192:36: warning: redefinition of typedef 'X509_POLICY_TREE' is a C11 feature [-Wtypedef-redefinition]
2022-12-27T02:56:05.6850700Z   typedef struct X509_POLICY_TREE_st X509_POLICY_TREE;
2022-12-27T02:56:05.6853210Z                                      ^
2022-12-27T02:56:05.6855810Z   third_party/boringssl/include/openssl/base.h:217:36: note: previous definition is here
2022-12-27T02:56:05.6858760Z   typedef struct X509_POLICY_TREE_st X509_POLICY_TREE;
2022-12-27T02:56:05.6860760Z                                      ^
2022-12-27T02:56:05.6863420Z   In file included from src/boringssl/err_data.c:18:
2022-12-27T02:56:05.6865860Z   In file included from /usr/local/opt/openssl@3/include/openssl/err.h:28:
2022-12-27T02:56:05.6868910Z   /usr/local/opt/openssl@3/include/openssl/types.h:193:37: warning: redefinition of typedef 'X509_POLICY_CACHE' is a C11 feature [-Wtypedef-redefinition]
2022-12-27T02:56:05.6870980Z   typedef struct X509_POLICY_CACHE_st X509_POLICY_CACHE;
2022-12-27T02:56:05.6873500Z                                       ^
2022-12-27T02:56:05.6876060Z   third_party/boringssl/include/openssl/base.h:214:37: note: previous definition is here
2022-12-27T02:56:05.6878950Z   typedef struct X509_POLICY_CACHE_st X509_POLICY_CACHE;
2022-12-27T02:56:05.6881150Z                                       ^
2022-12-27T02:56:05.6883740Z   In file included from src/boringssl/err_data.c:18:
2022-12-27T02:56:05.6886480Z   In file included from /usr/local/opt/openssl@3/include/openssl/err.h:28:
2022-12-27T02:56:05.6889350Z   /usr/local/opt/openssl@3/include/openssl/types.h:195:35: warning: redefinition of typedef 'AUTHORITY_KEYID' is a C11 feature [-Wtypedef-redefinition]
2022-12-27T02:56:05.6891460Z   typedef struct AUTHORITY_KEYID_st AUTHORITY_KEYID;
2022-12-27T02:56:05.6893680Z                                     ^
2022-12-27T02:56:05.6896400Z   third_party/boringssl/include/openssl/base.h:201:35: note: previous definition is here
2022-12-27T02:56:05.6898790Z   typedef struct AUTHORITY_KEYID_st AUTHORITY_KEYID;
2022-12-27T02:56:05.6901190Z                                     ^
2022-12-27T02:56:05.6903550Z   In file included from src/boringssl/err_data.c:18:
2022-12-27T02:56:05.6906140Z   In file included from /usr/local/opt/openssl@3/include/openssl/err.h:28:
2022-12-27T02:56:05.6908810Z   /usr/local/opt/openssl@3/include/openssl/types.h:196:30: warning: redefinition of typedef 'DIST_POINT' is a C11 feature [-Wtypedef-redefinition]
2022-12-27T02:56:05.6912060Z   typedef struct DIST_POINT_st DIST_POINT;
2022-12-27T02:56:05.6914250Z                                ^
2022-12-27T02:56:05.6916740Z   third_party/boringssl/include/openssl/base.h:203:30: note: previous definition is here
2022-12-27T02:56:05.6919520Z   typedef struct DIST_POINT_st DIST_POINT;
2022-12-27T02:56:05.6921630Z                                ^
2022-12-27T02:56:05.6924530Z   In file included from src/boringssl/err_data.c:18:
2022-12-27T02:56:05.6926840Z   In file included from /usr/local/opt/openssl@3/include/openssl/err.h:28:
2022-12-27T02:56:05.6930490Z   /usr/local/opt/openssl@3/include/openssl/types.h:197:38: warning: redefinition of typedef 'ISSUING_DIST_POINT' is a C11 feature [-Wtypedef-redefinition]
2022-12-27T02:56:05.6931620Z   typedef struct ISSUING_DIST_POINT_st ISSUING_DIST_POINT;
2022-12-27T02:56:05.6933990Z                                        ^
2022-12-27T02:56:05.6936700Z   third_party/boringssl/include/openssl/base.h:205:38: note: previous definition is here
2022-12-27T02:56:05.6939320Z   typedef struct ISSUING_DIST_POINT_st ISSUING_DIST_POINT;
2022-12-27T02:56:05.6941570Z                                        ^
2022-12-27T02:56:05.6943900Z   In file included from src/boringssl/err_data.c:18:
2022-12-27T02:56:05.6946470Z   In file included from /usr/local/opt/openssl@3/include/openssl/err.h:28:
2022-12-27T02:56:05.6949330Z   /usr/local/opt/openssl@3/include/openssl/types.h:198:36: warning: redefinition of typedef 'NAME_CONSTRAINTS' is a C11 feature [-Wtypedef-redefinition]
2022-12-27T02:56:05.6951470Z   typedef struct NAME_CONSTRAINTS_st NAME_CONSTRAINTS;
2022-12-27T02:56:05.6953730Z                                      ^
2022-12-27T02:56:05.6956470Z   third_party/boringssl/include/openssl/base.h:206:36: note: previous definition is here
2022-12-27T02:56:05.6958940Z   typedef struct NAME_CONSTRAINTS_st NAME_CONSTRAINTS;
2022-12-27T02:56:05.6961290Z                                      ^
2022-12-27T02:56:05.6963660Z   In file included from src/boringssl/err_data.c:18:
2022-12-27T02:56:05.6966290Z   In file included from /usr/local/opt/openssl@3/include/openssl/err.h:29:
2022-12-27T02:56:05.6968640Z   In file included from /usr/local/opt/openssl@3/include/openssl/bio.h:30:
2022-12-27T02:56:05.6971570Z   /usr/local/opt/openssl@3/include/openssl/crypto.h:308:3: error: typedef redefinition with different types ('struct crypto_threadid_st' vs 'int')
2022-12-27T02:56:05.6973540Z   } CRYPTO_THREADID;
2022-12-27T02:56:05.6976040Z     ^
2022-12-27T02:56:05.6978670Z   third_party/boringssl/include/openssl/base.h:176:13: note: previous definition is here
2022-12-27T02:56:05.6981140Z   typedef int CRYPTO_THREADID;
2022-12-27T02:56:05.6983390Z               ^
2022-12-27T02:56:05.6986050Z   In file included from src/boringssl/err_data.c:18:
2022-12-27T02:56:05.6988470Z   In file included from /usr/local/opt/openssl@3/include/openssl/err.h:29:
2022-12-27T02:56:05.6991500Z   /usr/local/opt/openssl@3/include/openssl/bio.h:296:30: warning: redefinition of typedef 'BIO_METHOD' is a C11 feature [-Wtypedef-redefinition]
2022-12-27T02:56:05.6993520Z   typedef struct bio_method_st BIO_METHOD;
2022-12-27T02:56:05.6996010Z                                ^
2022-12-27T02:56:05.6998800Z   third_party/boringssl/include/openssl/base.h:234:30: note: previous definition is here
2022-12-27T02:56:05.7001130Z   typedef struct bio_method_st BIO_METHOD;
2022-12-27T02:56:05.7003360Z                                ^
2022-12-27T02:56:05.7006430Z   src/boringssl/err_data.c:33:1: error: 'OPENSSL_COMPILE_ASSERT_library_values_changed_12' declared as an array with a negative size
2022-12-27T02:56:05.7008500Z   OPENSSL_COMPILE_ASSERT(ERR_LIB_ASN1 == 12, library_values_changed_12);
2022-12-27T02:56:05.7011180Z   ^~~~~~~~~~~~~~~~~~~~~~~~~~~~~~~~~~~~~~~~~~~~~~~~~~~~~~~~~~~~~~~~~~~~~
2022-12-27T02:56:05.7013900Z   third_party/boringssl/include/openssl/type_check.h:83:45: note: expanded from macro 'OPENSSL_COMPILE_ASSERT'
2022-12-27T02:56:05.7016450Z     typedef char OPENSSL_COMPILE_ASSERT_##msg[((cond) ? 1 : -1)]
2022-12-27T02:56:05.7018810Z                                               ^~~~~~~~~~~~~~~~~
2022-12-27T02:56:05.7021630Z   src/boringssl/err_data.c:34:1: error: 'OPENSSL_COMPILE_ASSERT_library_values_changed_13' declared as an array with a negative size
2022-12-27T02:56:05.7023760Z   OPENSSL_COMPILE_ASSERT(ERR_LIB_CONF == 13, library_values_changed_13);
2022-12-27T02:56:05.7026240Z   ^~~~~~~~~~~~~~~~~~~~~~~~~~~~~~~~~~~~~~~~~~~~~~~~~~~~~~~~~~~~~~~~~~~~~
2022-12-27T02:56:05.7028930Z   third_party/boringssl/include/openssl/type_check.h:83:45: note: expanded from macro 'OPENSSL_COMPILE_ASSERT'
2022-12-27T02:56:05.7031420Z     typedef char OPENSSL_COMPILE_ASSERT_##msg[((cond) ? 1 : -1)]
2022-12-27T02:56:05.7033650Z                                               ^~~~~~~~~~~~~~~~~
2022-12-27T02:56:05.7036630Z   src/boringssl/err_data.c:35:1: error: 'OPENSSL_COMPILE_ASSERT_library_values_changed_14' declared as an array with a negative size
2022-12-27T02:56:05.7039130Z   OPENSSL_COMPILE_ASSERT(ERR_LIB_CRYPTO == 14, library_values_changed_14);
2022-12-27T02:56:05.7041620Z   ^~~~~~~~~~~~~~~~~~~~~~~~~~~~~~~~~~~~~~~~~~~~~~~~~~~~~~~~~~~~~~~~~~~~~~~
2022-12-27T02:56:05.7044320Z   third_party/boringssl/include/openssl/type_check.h:83:45: note: expanded from macro 'OPENSSL_COMPILE_ASSERT'
2022-12-27T02:56:05.7046750Z     typedef char OPENSSL_COMPILE_ASSERT_##msg[((cond) ? 1 : -1)]
2022-12-27T02:56:05.7049120Z                                               ^~~~~~~~~~~~~~~~~
2022-12-27T02:56:05.7051990Z   src/boringssl/err_data.c:36:1: error: 'OPENSSL_COMPILE_ASSERT_library_values_changed_15' declared as an array with a negative size
2022-12-27T02:56:05.7054300Z   OPENSSL_COMPILE_ASSERT(ERR_LIB_EC == 15, library_values_changed_15);
2022-12-27T02:56:05.7056690Z   ^~~~~~~~~~~~~~~~~~~~~~~~~~~~~~~~~~~~~~~~~~~~~~~~~~~~~~~~~~~~~~~~~~~
2022-12-27T02:56:05.7059670Z   third_party/boringssl/include/openssl/type_check.h:83:45: note: expanded from macro 'OPENSSL_COMPILE_ASSERT'
2022-12-27T02:56:05.7062100Z     typedef char OPENSSL_COMPILE_ASSERT_##msg[((cond) ? 1 : -1)]
2022-12-27T02:56:05.7064410Z                                               ^~~~~~~~~~~~~~~~~
2022-12-27T02:56:05.7067310Z   src/boringssl/err_data.c:37:1: error: 'OPENSSL_COMPILE_ASSERT_library_values_changed_16' declared as an array with a negative size
2022-12-27T02:56:05.7069580Z   OPENSSL_COMPILE_ASSERT(ERR_LIB_SSL == 16, library_values_changed_16);
2022-12-27T02:56:05.7072000Z   ^~~~~~~~~~~~~~~~~~~~~~~~~~~~~~~~~~~~~~~~~~~~~~~~~~~~~~~~~~~~~~~~~~~~
2022-12-27T02:56:05.7074890Z   third_party/boringssl/include/openssl/type_check.h:83:45: note: expanded from macro 'OPENSSL_COMPILE_ASSERT'
2022-12-27T02:56:05.7077330Z     typedef char OPENSSL_COMPILE_ASSERT_##msg[((cond) ? 1 : -1)]
2022-12-27T02:56:05.7079670Z                                               ^~~~~~~~~~~~~~~~~
2022-12-27T02:56:05.7082700Z   src/boringssl/err_data.c:38:1: error: 'OPENSSL_COMPILE_ASSERT_library_values_changed_17' declared as an array with a negative size
2022-12-27T02:56:05.7084760Z   OPENSSL_COMPILE_ASSERT(ERR_LIB_BIO == 17, library_values_changed_17);
2022-12-27T02:56:05.7087420Z   ^~~~~~~~~~~~~~~~~~~~~~~~~~~~~~~~~~~~~~~~~~~~~~~~~~~~~~~~~~~~~~~~~~~~
2022-12-27T02:56:05.7090360Z   third_party/boringssl/include/openssl/type_check.h:83:45: note: expanded from macro 'OPENSSL_COMPILE_ASSERT'
2022-12-27T02:56:05.7092770Z     typedef char OPENSSL_COMPILE_ASSERT_##msg[((cond) ? 1 : -1)]
2022-12-27T02:56:05.7095150Z                                               ^~~~~~~~~~~~~~~~~
2022-12-27T02:56:05.7098060Z   src/boringssl/err_data.c:39:1: error: 'OPENSSL_COMPILE_ASSERT_library_values_changed_18' declared as an array with a negative size
2022-12-27T02:56:05.7100330Z   OPENSSL_COMPILE_ASSERT(ERR_LIB_PKCS7 == 18, library_values_changed_18);
2022-12-27T02:56:05.7102740Z   ^~~~~~~~~~~~~~~~~~~~~~~~~~~~~~~~~~~~~~~~~~~~~~~~~~~~~~~~~~~~~~~~~~~~~~
2022-12-27T02:56:05.7105650Z   third_party/boringssl/include/openssl/type_check.h:83:45: note: expanded from macro 'OPENSSL_COMPILE_ASSERT'
2022-12-27T02:56:05.7108050Z     typedef char OPENSSL_COMPILE_ASSERT_##msg[((cond) ? 1 : -1)]
2022-12-27T02:56:05.7110490Z                                               ^~~~~~~~~~~~~~~~~
2022-12-27T02:56:05.7113280Z   src/boringssl/err_data.c:40:24: error: use of undeclared identifier 'ERR_LIB_PKCS8'
2022-12-27T02:56:05.7115730Z   OPENSSL_COMPILE_ASSERT(ERR_LIB_PKCS8 == 19, library_values_changed_19);
2022-12-27T02:56:05.7118120Z                          ^
2022-12-27T02:56:05.7120930Z   src/boringssl/err_data.c:41:1: error: 'OPENSSL_COMPILE_ASSERT_library_values_changed_20' declared as an array with a negative size
2022-12-27T02:56:05.7123350Z   OPENSSL_COMPILE_ASSERT(ERR_LIB_X509V3 == 20, library_values_changed_20);
2022-12-27T02:56:05.7125650Z   ^~~~~~~~~~~~~~~~~~~~~~~~~~~~~~~~~~~~~~~~~~~~~~~~~~~~~~~~~~~~~~~~~~~~~~~
2022-12-27T02:56:05.7128590Z   third_party/boringssl/include/openssl/type_check.h:83:45: note: expanded from macro 'OPENSSL_COMPILE_ASSERT'
2022-12-27T02:56:05.7130890Z     typedef char OPENSSL_COMPILE_ASSERT_##msg[((cond) ? 1 : -1)]
2022-12-27T02:56:05.7133460Z                                               ^~~~~~~~~~~~~~~~~
2022-12-27T02:56:05.7136020Z   src/boringssl/err_data.c:42:1: error: 'OPENSSL_COMPILE_ASSERT_library_values_changed_21' declared as an array with a negative size
2022-12-27T02:56:05.7138530Z   OPENSSL_COMPILE_ASSERT(ERR_LIB_RAND == 21, library_values_changed_21);
2022-12-27T02:56:05.7140740Z   ^~~~~~~~~~~~~~~~~~~~~~~~~~~~~~~~~~~~~~~~~~~~~~~~~~~~~~~~~~~~~~~~~~~~~
2022-12-27T02:56:05.7143720Z   third_party/boringssl/include/openssl/type_check.h:83:45: note: expanded from macro 'OPENSSL_COMPILE_ASSERT'
2022-12-27T02:56:05.7145990Z     typedef char OPENSSL_COMPILE_ASSERT_##msg[((cond) ? 1 : -1)]
2022-12-27T02:56:05.7148390Z                                               ^~~~~~~~~~~~~~~~~
2022-12-27T02:56:05.7151090Z   src/boringssl/err_data.c:43:1: error: 'OPENSSL_COMPILE_ASSERT_library_values_changed_22' declared as an array with a negative size
2022-12-27T02:56:05.7153500Z   OPENSSL_COMPILE_ASSERT(ERR_LIB_ENGINE == 22, library_values_changed_22);
2022-12-27T02:56:05.7155710Z   ^~~~~~~~~~~~~~~~~~~~~~~~~~~~~~~~~~~~~~~~~~~~~~~~~~~~~~~~~~~~~~~~~~~~~~~
2022-12-27T02:56:05.7158750Z   third_party/boringssl/include/openssl/type_check.h:83:45: note: expanded from macro 'OPENSSL_COMPILE_ASSERT'
2022-12-27T02:56:05.7161030Z     typedef char OPENSSL_COMPILE_ASSERT_##msg[((cond) ? 1 : -1)]
2022-12-27T02:56:05.7163620Z                                               ^~~~~~~~~~~~~~~~~
2022-12-27T02:56:05.7166260Z   src/boringssl/err_data.c:44:1: error: 'OPENSSL_COMPILE_ASSERT_library_values_changed_23' declared as an array with a negative size
2022-12-27T02:56:05.7168680Z   OPENSSL_COMPILE_ASSERT(ERR_LIB_OCSP == 23, library_values_changed_23);
2022-12-27T02:56:05.7170910Z   ^~~~~~~~~~~~~~~~~~~~~~~~~~~~~~~~~~~~~~~~~~~~~~~~~~~~~~~~~~~~~~~~~~~~~
2022-12-27T02:56:05.7173870Z   third_party/boringssl/include/openssl/type_check.h:83:45: note: expanded from macro 'OPENSSL_COMPILE_ASSERT'
2022-12-27T02:56:05.7176200Z     typedef char OPENSSL_COMPILE_ASSERT_##msg[((cond) ? 1 : -1)]
2022-12-27T02:56:05.7178670Z                                               ^~~~~~~~~~~~~~~~~
2022-12-27T02:56:05.7181420Z   src/boringssl/err_data.c:45:1: error: 'OPENSSL_COMPILE_ASSERT_library_values_changed_24' declared as an array with a negative size
2022-12-27T02:56:05.7183800Z   OPENSSL_COMPILE_ASSERT(ERR_LIB_UI == 24, library_values_changed_24);
2022-12-27T02:56:05.7186010Z   ^~~~~~~~~~~~~~~~~~~~~~~~~~~~~~~~~~~~~~~~~~~~~~~~~~~~~~~~~~~~~~~~~~~
2022-12-27T02:56:05.7188950Z   third_party/boringssl/include/openssl/type_check.h:83:45: note: expanded from macro 'OPENSSL_COMPILE_ASSERT'
2022-12-27T02:56:05.7191280Z     typedef char OPENSSL_COMPILE_ASSERT_##msg[((cond) ? 1 : -1)]
2022-12-27T02:56:05.7193680Z                                               ^~~~~~~~~~~~~~~~~
2022-12-27T02:56:05.7196380Z   src/boringssl/err_data.c:46:1: error: 'OPENSSL_COMPILE_ASSERT_library_values_changed_25' declared as an array with a negative size
2022-12-27T02:56:05.7198870Z   OPENSSL_COMPILE_ASSERT(ERR_LIB_COMP == 25, library_values_changed_25);
2022-12-27T02:56:05.7201100Z   ^~~~~~~~~~~~~~~~~~~~~~~~~~~~~~~~~~~~~~~~~~~~~~~~~~~~~~~~~~~~~~~~~~~~~
2022-12-27T02:56:05.7204050Z   third_party/boringssl/include/openssl/type_check.h:83:45: note: expanded from macro 'OPENSSL_COMPILE_ASSERT'
2022-12-27T02:56:05.7206320Z     typedef char OPENSSL_COMPILE_ASSERT_##msg[((cond) ? 1 : -1)]
2022-12-27T02:56:05.7208700Z                                               ^~~~~~~~~~~~~~~~~
2022-12-27T02:56:05.7211700Z   src/boringssl/err_data.c:47:1: error: 'OPENSSL_COMPILE_ASSERT_library_values_changed_26' declared as an array with a negative size
2022-12-27T02:56:05.7214040Z   OPENSSL_COMPILE_ASSERT(ERR_LIB_ECDSA == 26, library_values_changed_26);
2022-12-27T02:56:05.7216320Z   ^~~~~~~~~~~~~~~~~~~~~~~~~~~~~~~~~~~~~~~~~~~~~~~~~~~~~~~~~~~~~~~~~~~~~~
2022-12-27T02:56:05.7219180Z   third_party/boringssl/include/openssl/type_check.h:83:45: note: expanded from macro 'OPENSSL_COMPILE_ASSERT'
2022-12-27T02:56:05.7221560Z     typedef char OPENSSL_COMPILE_ASSERT_##msg[((cond) ? 1 : -1)]
2022-12-27T02:56:05.7224900Z                                               ^~~~~~~~~~~~~~~~~
2022-12-27T02:56:05.7227240Z   fatal error: too many errors emitted, stopping now [-ferror-limit=]
2022-12-27T02:56:05.7229280Z   70 warnings and 20 errors generated.
2022-12-27T02:56:05.7231520Z   creating var
2022-12-27T02:56:05.7233890Z   creating var/folders
2022-12-27T02:56:05.7236560Z   creating var/folders/51
2022-12-27T02:56:05.7239270Z   creating var/folders/51/hd414ycd67n82196sw51xqtc0000gn
2022-12-27T02:56:05.7242330Z   creating var/folders/51/hd414ycd67n82196sw51xqtc0000gn/T
2022-12-27T02:56:05.7246420Z   creating var/folders/51/hd414ycd67n82196sw51xqtc0000gn/T/tmpohdbsl77
2022-12-27T02:56:05.7252980Z   gcc -Wno-unused-result -Wsign-compare -Wunreachable-code -fno-common -dynamic -DNDEBUG -g -fwrapv -O3 -Wall -g -I/usr/local/opt/openssl@3/include -I/usr/local/opt/openssl@3/include -arch arm64 -I/private/var/folders/51/hd414ycd67n82196sw51xqtc0000gn/T/cibw-run-1sulsf7l/cp39-macosx_arm64/build/venv/include -I/Library/Frameworks/Python.framework/Versions/3.9/include/python3.9 -c /var/folders/51/hd414ycd67n82196sw51xqtc0000gn/T/tmpohdbsl77/a.c -o var/folders/51/hd414ycd67n82196sw51xqtc0000gn/T/tmpohdbsl77/a.o
2022-12-27T02:56:05.7338910Z   Traceback (most recent call last):
2022-12-27T02:56:05.7352290Z     File "/private/var/folders/51/hd414ycd67n82196sw51xqtc0000gn/T/cibw-run-1sulsf7l/cp39-macosx_arm64/build/venv/lib/python3.9/site-packages/setuptools/_distutils/unixccompiler.py", line 186, in _compile
2022-12-27T02:56:05.7352980Z       self.spawn(compiler_so + cc_args + [src, '-o', obj] + extra_postargs)
2022-12-27T02:56:05.7353630Z     File "/Users/runner/actions-runner/_work/python.build/python.build/build_grpcio12039/grpcio-1.2.0/src/python/grpcio/_spawn_patch.py", line 69, in _commandfile_spawn
2022-12-27T02:56:05.7354010Z       _classic_spawn(self, command)
2022-12-27T02:56:05.7355300Z     File "/private/var/folders/51/hd414ycd67n82196sw51xqtc0000gn/T/cibw-run-1sulsf7l/cp39-macosx_arm64/build/venv/lib/python3.9/site-packages/setuptools/_distutils/ccompiler.py", line 1007, in spawn
2022-12-27T02:56:05.7355730Z       spawn(cmd, dry_run=self.dry_run, **kwargs)
2022-12-27T02:56:05.7356350Z     File "/private/var/folders/51/hd414ycd67n82196sw51xqtc0000gn/T/cibw-run-1sulsf7l/cp39-macosx_arm64/build/venv/lib/python3.9/site-packages/setuptools/_distutils/spawn.py", line 70, in spawn
2022-12-27T02:56:05.7357930Z       raise DistutilsExecError(
2022-12-27T02:56:05.7361050Z   distutils.errors.DistutilsExecError: command '/usr/bin/gcc' failed with exit code 1
2022-12-27T02:56:05.7363350Z 
2022-12-27T02:56:05.7366230Z   During handling of the above exception, another exception occurred:
2022-12-27T02:56:05.7368540Z 
2022-12-27T02:56:05.7371100Z   Traceback (most recent call last):
2022-12-27T02:56:05.7374150Z     File "/Users/runner/actions-runner/_work/python.build/python.build/build_grpcio12039/grpcio-1.2.0/src/python/grpcio/commands.py", line 281, in build_extensions
2022-12-27T02:56:05.7376020Z       build_ext.build_ext.build_extensions(self)
2022-12-27T02:56:05.7380070Z     File "/private/var/folders/51/hd414ycd67n82196sw51xqtc0000gn/T/cibw-run-1sulsf7l/cp39-macosx_arm64/build/venv/lib/python3.9/site-packages/Cython/Distutils/old_build_ext.py", line 195, in build_extensions
2022-12-27T02:56:05.7381650Z       _build_ext.build_ext.build_extensions(self)
2022-12-27T02:56:05.7384970Z     File "/private/var/folders/51/hd414ycd67n82196sw51xqtc0000gn/T/cibw-run-1sulsf7l/cp39-macosx_arm64/build/venv/lib/python3.9/site-packages/setuptools/_distutils/command/build_ext.py", line 468, in build_extensions
2022-12-27T02:56:05.7387080Z       self._build_extensions_serial()
2022-12-27T02:56:05.7390540Z     File "/private/var/folders/51/hd414ycd67n82196sw51xqtc0000gn/T/cibw-run-1sulsf7l/cp39-macosx_arm64/build/venv/lib/python3.9/site-packages/setuptools/_distutils/command/build_ext.py", line 494, in _build_extensions_serial
2022-12-27T02:56:05.7392130Z       self.build_extension(ext)
2022-12-27T02:56:05.7395860Z     File "/private/var/folders/51/hd414ycd67n82196sw51xqtc0000gn/T/cibw-run-1sulsf7l/cp39-macosx_arm64/build/venv/lib/python3.9/site-packages/setuptools/command/build_ext.py", line 246, in build_extension
2022-12-27T02:56:05.7397470Z       _build_ext.build_extension(self, ext)
2022-12-27T02:56:05.7401020Z     File "/private/var/folders/51/hd414ycd67n82196sw51xqtc0000gn/T/cibw-run-1sulsf7l/cp39-macosx_arm64/build/venv/lib/python3.9/site-packages/setuptools/_distutils/command/build_ext.py", line 549, in build_extension
2022-12-27T02:56:05.7402680Z       objects = self.compiler.compile(
2022-12-27T02:56:05.7405910Z     File "/private/var/folders/51/hd414ycd67n82196sw51xqtc0000gn/T/cibw-run-1sulsf7l/cp39-macosx_arm64/build/venv/lib/python3.9/site-packages/setuptools/_distutils/ccompiler.py", line 599, in compile
2022-12-27T02:56:05.7408110Z       self._compile(obj, src, ext, cc_args, extra_postargs, pp_opts)
2022-12-27T02:56:05.7411200Z     File "/private/var/folders/51/hd414ycd67n82196sw51xqtc0000gn/T/cibw-run-1sulsf7l/cp39-macosx_arm64/build/venv/lib/python3.9/site-packages/setuptools/_distutils/unixccompiler.py", line 188, in _compile
2022-12-27T02:56:05.7413290Z       raise CompileError(msg)
2022-12-27T02:56:05.7416360Z   distutils.errors.CompileError: command '/usr/bin/gcc' failed with exit code 1
2022-12-27T02:56:05.7418160Z 
2022-12-27T02:56:05.7421040Z   During handling of the above exception, another exception occurred:
2022-12-27T02:56:05.7423310Z 
2022-12-27T02:56:05.7426020Z   Traceback (most recent call last):
2022-12-27T02:56:05.7428400Z     File "<string>", line 2, in <module>
2022-12-27T02:56:05.7431260Z     File "<pip-setuptools-caller>", line 34, in <module>
2022-12-27T02:56:05.7434260Z     File "/Users/runner/actions-runner/_work/python.build/python.build/build_grpcio12039/grpcio-1.2.0/setup.py", line 265, in <module>
2022-12-27T02:56:05.7436350Z       setuptools.setup(
2022-12-27T02:56:05.7439660Z     File "/private/var/folders/51/hd414ycd67n82196sw51xqtc0000gn/T/cibw-run-1sulsf7l/cp39-macosx_arm64/build/venv/lib/python3.9/site-packages/setuptools/__init__.py", line 87, in setup
2022-12-27T02:56:05.7441700Z       return distutils.core.setup(**attrs)
2022-12-27T02:56:05.7444790Z     File "/private/var/folders/51/hd414ycd67n82196sw51xqtc0000gn/T/cibw-run-1sulsf7l/cp39-macosx_arm64/build/venv/lib/python3.9/site-packages/setuptools/_distutils/core.py", line 185, in setup
2022-12-27T02:56:05.7446860Z       return run_commands(dist)
2022-12-27T02:56:05.7450520Z     File "/private/var/folders/51/hd414ycd67n82196sw51xqtc0000gn/T/cibw-run-1sulsf7l/cp39-macosx_arm64/build/venv/lib/python3.9/site-packages/setuptools/_distutils/core.py", line 201, in run_commands
2022-12-27T02:56:05.7451950Z       dist.run_commands()
2022-12-27T02:56:05.7455350Z     File "/private/var/folders/51/hd414ycd67n82196sw51xqtc0000gn/T/cibw-run-1sulsf7l/cp39-macosx_arm64/build/venv/lib/python3.9/site-packages/setuptools/_distutils/dist.py", line 969, in run_commands
2022-12-27T02:56:05.7457240Z       self.run_command(cmd)
2022-12-27T02:56:05.7460750Z     File "/private/var/folders/51/hd414ycd67n82196sw51xqtc0000gn/T/cibw-run-1sulsf7l/cp39-macosx_arm64/build/venv/lib/python3.9/site-packages/setuptools/dist.py", line 1208, in run_command
2022-12-27T02:56:05.7462940Z       super().run_command(command)
2022-12-27T02:56:05.7466760Z     File "/private/var/folders/51/hd414ycd67n82196sw51xqtc0000gn/T/cibw-run-1sulsf7l/cp39-macosx_arm64/build/venv/lib/python3.9/site-packages/setuptools/_distutils/dist.py", line 988, in run_command
2022-12-27T02:56:05.7468190Z       cmd_obj.run()
2022-12-27T02:56:05.7471580Z     File "/private/var/folders/51/hd414ycd67n82196sw51xqtc0000gn/T/cibw-run-1sulsf7l/cp39-macosx_arm64/build/venv/lib/python3.9/site-packages/wheel/bdist_wheel.py", line 325, in run
2022-12-27T02:56:05.7473740Z       self.run_command("build")
2022-12-27T02:56:05.7476920Z     File "/private/var/folders/51/hd414ycd67n82196sw51xqtc0000gn/T/cibw-run-1sulsf7l/cp39-macosx_arm64/build/venv/lib/python3.9/site-packages/setuptools/_distutils/cmd.py", line 318, in run_command
2022-12-27T02:56:05.7479060Z       self.distribution.run_command(command)
2022-12-27T02:56:05.7482140Z     File "/private/var/folders/51/hd414ycd67n82196sw51xqtc0000gn/T/cibw-run-1sulsf7l/cp39-macosx_arm64/build/venv/lib/python3.9/site-packages/setuptools/dist.py", line 1208, in run_command
2022-12-27T02:56:05.7483840Z       super().run_command(command)
2022-12-27T02:56:05.7487420Z     File "/private/var/folders/51/hd414ycd67n82196sw51xqtc0000gn/T/cibw-run-1sulsf7l/cp39-macosx_arm64/build/venv/lib/python3.9/site-packages/setuptools/_distutils/dist.py", line 988, in run_command
2022-12-27T02:56:05.7489050Z       cmd_obj.run()
2022-12-27T02:56:05.7492470Z     File "/private/var/folders/51/hd414ycd67n82196sw51xqtc0000gn/T/cibw-run-1sulsf7l/cp39-macosx_arm64/build/venv/lib/python3.9/site-packages/setuptools/_distutils/command/build.py", line 132, in run
2022-12-27T02:56:05.7494290Z       self.run_command(cmd_name)
2022-12-27T02:56:05.7497710Z     File "/private/var/folders/51/hd414ycd67n82196sw51xqtc0000gn/T/cibw-run-1sulsf7l/cp39-macosx_arm64/build/venv/lib/python3.9/site-packages/setuptools/_distutils/cmd.py", line 318, in run_command
2022-12-27T02:56:05.7499560Z       self.distribution.run_command(command)
2022-12-27T02:56:05.7503170Z     File "/private/var/folders/51/hd414ycd67n82196sw51xqtc0000gn/T/cibw-run-1sulsf7l/cp39-macosx_arm64/build/venv/lib/python3.9/site-packages/setuptools/dist.py", line 1208, in run_command
2022-12-27T02:56:05.7504970Z       super().run_command(command)
2022-12-27T02:56:05.7508620Z     File "/private/var/folders/51/hd414ycd67n82196sw51xqtc0000gn/T/cibw-run-1sulsf7l/cp39-macosx_arm64/build/venv/lib/python3.9/site-packages/setuptools/_distutils/dist.py", line 988, in run_command
2022-12-27T02:56:05.7510150Z       cmd_obj.run()
2022-12-27T02:56:05.7513420Z     File "/private/var/folders/51/hd414ycd67n82196sw51xqtc0000gn/T/cibw-run-1sulsf7l/cp39-macosx_arm64/build/venv/lib/python3.9/site-packages/setuptools/command/build_ext.py", line 84, in run
2022-12-27T02:56:05.7515370Z       _build_ext.run(self)
2022-12-27T02:56:05.7518850Z     File "/private/var/folders/51/hd414ycd67n82196sw51xqtc0000gn/T/cibw-run-1sulsf7l/cp39-macosx_arm64/build/venv/lib/python3.9/site-packages/Cython/Distutils/old_build_ext.py", line 186, in run
2022-12-27T02:56:05.7520600Z       _build_ext.build_ext.run(self)
2022-12-27T02:56:05.7524040Z     File "/private/var/folders/51/hd414ycd67n82196sw51xqtc0000gn/T/cibw-run-1sulsf7l/cp39-macosx_arm64/build/venv/lib/python3.9/site-packages/setuptools/_distutils/command/build_ext.py", line 346, in run
2022-12-27T02:56:05.7525870Z       self.build_extensions()
2022-12-27T02:56:05.7529650Z     File "/Users/runner/actions-runner/_work/python.build/python.build/build_grpcio12039/grpcio-1.2.0/src/python/grpcio/commands.py", line 285, in build_extensions
2022-12-27T02:56:05.7531150Z       raise CommandError(
2022-12-27T02:56:05.7534220Z   commands.CommandError: Failed `build_ext` step:
2022-12-27T02:56:05.7536530Z   Traceback (most recent call last):
2022-12-27T02:56:05.7539770Z     File "/private/var/folders/51/hd414ycd67n82196sw51xqtc0000gn/T/cibw-run-1sulsf7l/cp39-macosx_arm64/build/venv/lib/python3.9/site-packages/setuptools/_distutils/unixccompiler.py", line 186, in _compile
2022-12-27T02:56:05.7542010Z       self.spawn(compiler_so + cc_args + [src, '-o', obj] + extra_postargs)
2022-12-27T02:56:05.7545000Z     File "/Users/runner/actions-runner/_work/python.build/python.build/build_grpcio12039/grpcio-1.2.0/src/python/grpcio/_spawn_patch.py", line 69, in _commandfile_spawn
2022-12-27T02:56:05.7546970Z       _classic_spawn(self, command)
2022-12-27T02:56:05.7550310Z     File "/private/var/folders/51/hd414ycd67n82196sw51xqtc0000gn/T/cibw-run-1sulsf7l/cp39-macosx_arm64/build/venv/lib/python3.9/site-packages/setuptools/_distutils/ccompiler.py", line 1007, in spawn
2022-12-27T02:56:05.7552370Z       spawn(cmd, dry_run=self.dry_run, **kwargs)
2022-12-27T02:56:05.7555740Z     File "/private/var/folders/51/hd414ycd67n82196sw51xqtc0000gn/T/cibw-run-1sulsf7l/cp39-macosx_arm64/build/venv/lib/python3.9/site-packages/setuptools/_distutils/spawn.py", line 70, in spawn
2022-12-27T02:56:05.7557360Z       raise DistutilsExecError(
2022-12-27T02:56:05.7560540Z   distutils.errors.DistutilsExecError: command '/usr/bin/gcc' failed with exit code 1
2022-12-27T02:56:05.7562460Z 
2022-12-27T02:56:05.7565290Z   During handling of the above exception, another exception occurred:
2022-12-27T02:56:05.7567490Z 
2022-12-27T02:56:05.7570260Z   Traceback (most recent call last):
2022-12-27T02:56:05.7573220Z     File "/Users/runner/actions-runner/_work/python.build/python.build/build_grpcio12039/grpcio-1.2.0/src/python/grpcio/commands.py", line 281, in build_extensions
2022-12-27T02:56:05.7575290Z       build_ext.build_ext.build_extensions(self)
2022-12-27T02:56:05.7578860Z     File "/private/var/folders/51/hd414ycd67n82196sw51xqtc0000gn/T/cibw-run-1sulsf7l/cp39-macosx_arm64/build/venv/lib/python3.9/site-packages/Cython/Distutils/old_build_ext.py", line 195, in build_extensions
2022-12-27T02:56:05.7580460Z       _build_ext.build_ext.build_extensions(self)
2022-12-27T02:56:05.7583860Z     File "/private/var/folders/51/hd414ycd67n82196sw51xqtc0000gn/T/cibw-run-1sulsf7l/cp39-macosx_arm64/build/venv/lib/python3.9/site-packages/setuptools/_distutils/command/build_ext.py", line 468, in build_extensions
2022-12-27T02:56:05.7585620Z       self._build_extensions_serial()
2022-12-27T02:56:05.7589030Z     File "/private/var/folders/51/hd414ycd67n82196sw51xqtc0000gn/T/cibw-run-1sulsf7l/cp39-macosx_arm64/build/venv/lib/python3.9/site-packages/setuptools/_distutils/command/build_ext.py", line 494, in _build_extensions_serial
2022-12-27T02:56:05.7590780Z       self.build_extension(ext)
2022-12-27T02:56:05.7594150Z     File "/private/var/folders/51/hd414ycd67n82196sw51xqtc0000gn/T/cibw-run-1sulsf7l/cp39-macosx_arm64/build/venv/lib/python3.9/site-packages/setuptools/command/build_ext.py", line 246, in build_extension
2022-12-27T02:56:05.7596000Z       _build_ext.build_extension(self, ext)
2022-12-27T02:56:05.7599660Z     File "/private/var/folders/51/hd414ycd67n82196sw51xqtc0000gn/T/cibw-run-1sulsf7l/cp39-macosx_arm64/build/venv/lib/python3.9/site-packages/setuptools/_distutils/command/build_ext.py", line 549, in build_extension
2022-12-27T02:56:05.7601420Z       objects = self.compiler.compile(
2022-12-27T02:56:05.7604870Z     File "/private/var/folders/51/hd414ycd67n82196sw51xqtc0000gn/T/cibw-run-1sulsf7l/cp39-macosx_arm64/build/venv/lib/python3.9/site-packages/setuptools/_distutils/ccompiler.py", line 599, in compile
2022-12-27T02:56:05.7606930Z       self._compile(obj, src, ext, cc_args, extra_postargs, pp_opts)
2022-12-27T02:56:05.7610310Z     File "/private/var/folders/51/hd414ycd67n82196sw51xqtc0000gn/T/cibw-run-1sulsf7l/cp39-macosx_arm64/build/venv/lib/python3.9/site-packages/setuptools/_distutils/unixccompiler.py", line 188, in _compile
2022-12-27T02:56:05.7612250Z       raise CompileError(msg)
2022-12-27T02:56:05.7615180Z   distutils.errors.CompileError: command '/usr/bin/gcc' failed with exit code 1
2022-12-27T02:56:05.7617810Z 
2022-12-27T02:56:05.8523920Z   error: subprocess-exited-with-error
2022-12-27T02:56:05.8524370Z   
2022-12-27T02:56:05.8525030Z   Ã— python setup.py bdist_wheel did not run successfully.
2022-12-27T02:56:05.8525590Z   â”‚ exit code: 1
2022-12-27T02:56:05.8526120Z   â•°â”€> See above for output.
2022-12-27T02:56:05.8526480Z   
2022-12-27T02:56:05.8526970Z   note: This error originates from a subprocess, and is likely not a problem with pip.
2022-12-27T02:56:05.8541760Z   full command: /private/var/folders/51/hd414ycd67n82196sw51xqtc0000gn/T/cibw-run-1sulsf7l/cp39-macosx_arm64/build/venv/bin/python -u -c '
2022-12-27T02:56:05.8542600Z   exec(compile('"'"''"'"''"'"'
2022-12-27T02:56:05.8543330Z   # This is <pip-setuptools-caller> -- a caller that pip uses to run setup.py
2022-12-27T02:56:05.8543780Z   #
2022-12-27T02:56:05.8544480Z   # - It imports setuptools before invoking setup.py, to enable projects that directly
2022-12-27T02:56:05.8545170Z   #   import from `distutils.core` to work with newer packaging standards.
2022-12-27T02:56:05.8546670Z   # - It provides a clear error message when setuptools is not installed.
2022-12-27T02:56:05.8547640Z   # - It sets `sys.argv[0]` to the underlying `setup.py`, when invoking `setup.py` so
2022-12-27T02:56:05.8548490Z   #   setuptools doesn'"'"'t think the script is `-c`. This avoids the following warning:
2022-12-27T02:56:05.8549240Z   #     manifest_maker: standard file '"'"'-c'"'"' not found".
2022-12-27T02:56:05.8549970Z   # - It generates a shim setup.py, for handling setup.cfg-only projects.
2022-12-27T02:56:05.8550480Z   import os, sys, tokenize
2022-12-27T02:56:05.8550880Z   
2022-12-27T02:56:05.8551160Z   try:
2022-12-27T02:56:05.8551500Z       import setuptools
2022-12-27T02:56:05.8551900Z   except ImportError as error:
2022-12-27T02:56:05.8552280Z       print(
2022-12-27T02:56:05.8552750Z           "ERROR: Can not execute `setup.py` since setuptools is not available in "
2022-12-27T02:56:05.8553270Z           "the build environment.",
2022-12-27T02:56:05.8553670Z           file=sys.stderr,
2022-12-27T02:56:05.8554000Z       )
2022-12-27T02:56:05.8554310Z       sys.exit(1)
2022-12-27T02:56:05.8554630Z   
2022-12-27T02:56:05.8554910Z   __file__ = %r
2022-12-27T02:56:05.8555140Z   sys.argv[0] = __file__
2022-12-27T02:56:05.8555360Z   
2022-12-27T02:56:05.8555580Z   if os.path.exists(__file__):
2022-12-27T02:56:05.8555850Z       filename = __file__
2022-12-27T02:56:05.8556110Z       with tokenize.open(__file__) as f:
2022-12-27T02:56:05.8556380Z           setup_py_code = f.read()
2022-12-27T02:56:05.8556620Z   else:
2022-12-27T02:56:05.8556990Z       filename = "<auto-generated setuptools caller>"
2022-12-27T02:56:05.8557260Z       setup_py_code = "from setuptools import setup; setup()"
2022-12-27T02:56:05.8557480Z   
2022-12-27T02:56:05.8557790Z   exec(compile(setup_py_code, filename, "exec"))
2022-12-27T02:56:05.8558840Z   '"'"''"'"''"'"' % ('"'"'/Users/runner/actions-runner/_work/python.build/python.build/build_grpcio12039/grpcio-1.2.0/setup.py'"'"',), "<pip-setuptools-caller>", "exec"))' bdist_wheel -d /private/var/folders/51/hd414ycd67n82196sw51xqtc0000gn/T/pip-wheel-rnmal1_4
2022-12-27T02:56:05.8559520Z   cwd: /Users/runner/actions-runner/_work/python.build/python.build/build_grpcio12039/grpcio-1.2.0/
2022-12-27T02:56:05.8559990Z   Building wheel for grpcio (setup.py): finished with status 'error'
2022-12-27T02:56:05.8560280Z   ERROR: Failed building wheel for grpcio
2022-12-27T02:56:05.8560510Z   Running setup.py clean for grpcio
2022-12-27T02:56:05.8561060Z   Running command python setup.py clean
2022-12-27T02:56:06.6055000Z   running clean
2022-12-27T02:56:06.6073330Z   removing 'python_build/temp.macosx-11.0-arm64-cpython-39' (and everything under it)
2022-12-27T02:56:06.6240080Z   removing 'python_build/lib.macosx-11.0-arm64-cpython-39' (and everything under it)
2022-12-27T02:56:06.6311540Z   'python_build/bdist.macosx-11.0-arm64' does not exist -- can't clean it
2022-12-27T02:56:06.6312000Z   'python_build/scripts-3.9' does not exist -- can't clean it
2022-12-27T02:56:06.6312330Z   removing 'python_build'
2022-12-27T02:56:06.7188900Z Failed to build grpcio
2022-12-27T02:56:06.7195820Z ERROR: Failed to build one or more wheels
2022-12-27T02:56:06.7212540Z Exception information:
2022-12-27T02:56:06.7212960Z Traceback (most recent call last):
2022-12-27T02:56:06.7214210Z   File "/private/var/folders/51/hd414ycd67n82196sw51xqtc0000gn/T/cibw-run-1sulsf7l/cp39-macosx_arm64/build/venv/lib/python3.9/site-packages/pip/_internal/cli/base_command.py", line 160, in exc_logging_wrapper
2022-12-27T02:56:06.7214830Z     status = run_func(*args)
2022-12-27T02:56:06.7215770Z   File "/private/var/folders/51/hd414ycd67n82196sw51xqtc0000gn/T/cibw-run-1sulsf7l/cp39-macosx_arm64/build/venv/lib/python3.9/site-packages/pip/_internal/cli/req_command.py", line 247, in wrapper
2022-12-27T02:56:06.7216280Z     return func(self, options, args)
2022-12-27T02:56:06.7217610Z   File "/private/var/folders/51/hd414ycd67n82196sw51xqtc0000gn/T/cibw-run-1sulsf7l/cp39-macosx_arm64/build/venv/lib/python3.9/site-packages/pip/_internal/commands/wheel.py", line 201, in run
2022-12-27T02:56:06.7218240Z     raise CommandError("Failed to build one or more wheels")
2022-12-27T02:56:06.7218560Z pip._internal.exceptions.CommandError: Failed to build one or more wheels
2022-12-27T02:56:06.7219120Z Removed build tracker: '/private/var/folders/51/hd414ycd67n82196sw51xqtc0000gn/T/pip-build-tracker-kyzidwiy'
2022-12-27T02:56:06.8207360Z ##[endgroup]
2022-12-27T02:56:06.8208230Z                                                               [31mâœ• [0m6.14s
2022-12-27T02:56:06.8244110Z ##[error]Command ['python', '-m', 'pip', 'wheel', '/Users/runner/actions-runner/_work/python.build/python.build/build_grpcio12039/grpcio-1.2.0', '--wheel-dir=/private/var/folders/51/hd414ycd67n82196sw51xqtc0000gn/T/cibw-run-1sulsf7l/cp39-macosx_arm64/built_wheel', '--no-deps', '-vvv'] failed with code 1. None
2022-12-27T02:56:06.8253640Z 
2022-12-27T02:56:06.9300500Z ##[error]Process completed with exit code 1.
2022-12-27T02:56:06.9350200Z ##[group]Run rm -rf build_grpcio12039 wheelsout
2022-12-27T02:56:06.9350490Z [36;1mrm -rf build_grpcio12039 wheelsout[0m
2022-12-27T02:56:06.9376540Z shell: /bin/bash -e {0}
2022-12-27T02:56:06.9376720Z env:
2022-12-27T02:56:06.9376950Z   pythonLocation: /Users/runner/hostedtoolcache/Python/3.9.16/x64
2022-12-27T02:56:06.9377260Z   PKG_CONFIG_PATH: /Users/runner/hostedtoolcache/Python/3.9.16/x64/lib/pkgconfig
2022-12-27T02:56:06.9377570Z   Python_ROOT_DIR: /Users/runner/hostedtoolcache/Python/3.9.16/x64
2022-12-27T02:56:06.9377930Z   Python2_ROOT_DIR: /Users/runner/hostedtoolcache/Python/3.9.16/x64
2022-12-27T02:56:06.9378220Z   Python3_ROOT_DIR: /Users/runner/hostedtoolcache/Python/3.9.16/x64
2022-12-27T02:56:06.9378450Z ##[endgroup]
2022-12-27T02:56:07.3130790Z Cleaning up orphan processes
