2022-12-27T08:46:11.1256006Z Requested labels: self-hosted, macOS, X64
2022-12-27T08:46:11.1256092Z Job defined at: kilnbuild/python.build/.github/workflows/mac_arm_build.yml@refs/heads/main
2022-12-27T08:46:11.1256128Z Waiting for a runner to pick up this job...
2022-12-27T11:04:45.9147850Z Job is about to start running on the runner: k2 (organization)
2022-12-27T11:04:48.8523930Z Current runner version: '2.300.2'
2022-12-27T11:04:48.8528950Z Runner name: 'k2'
2022-12-27T11:04:48.8529190Z Runner group name: 'Default'
2022-12-27T11:04:48.8529610Z Machine name: 'k2'
2022-12-27T11:04:48.8531110Z ##[group]GITHUB_TOKEN Permissions
2022-12-27T11:04:48.8531520Z Actions: write
2022-12-27T11:04:48.8531660Z Checks: write
2022-12-27T11:04:48.8531790Z Contents: write
2022-12-27T11:04:48.8531930Z Deployments: write
2022-12-27T11:04:48.8532070Z Discussions: write
2022-12-27T11:04:48.8532190Z Issues: write
2022-12-27T11:04:48.8532320Z Metadata: read
2022-12-27T11:04:48.8532450Z Packages: write
2022-12-27T11:04:48.8532590Z Pages: write
2022-12-27T11:04:48.8532730Z PullRequests: write
2022-12-27T11:04:48.8532880Z RepositoryProjects: write
2022-12-27T11:04:48.8533050Z SecurityEvents: write
2022-12-27T11:04:48.8533190Z Statuses: write
2022-12-27T11:04:48.8533310Z ##[endgroup]
2022-12-27T11:04:48.8535930Z Secret source: Actions
2022-12-27T11:04:48.8536260Z Prepare workflow directory
2022-12-27T11:04:48.9191180Z Prepare all required actions
2022-12-27T11:04:48.9317100Z Getting action download info
2022-12-27T11:04:49.5168340Z Download action repository 'actions/setup-python@v4' (SHA:5ccb29d8773c3f3f653e1705f474dfaa8a06a912)
2022-12-27T11:04:51.2736210Z Download action repository 'actions/upload-artifact@v3' (SHA:83fd05a356d7e2593de66fc9913b3002723633cb)
2022-12-27T11:04:52.5601320Z ##[group]Run echo '{
2022-12-27T11:04:52.5601550Z [36;1mecho '{[0m
2022-12-27T11:04:52.5601670Z [36;1m  "package_name": "lxml",[0m
2022-12-27T11:04:52.5602000Z [36;1m  "package_url": "https://files.pythonhosted.org/packages/18/74/a2f3781469d7e6f268c1ba94d4784f4c4c2f727f4f5c6d928a44220c9fe6/lxml-0.9.1.tar.gz",[0m
2022-12-27T11:04:52.5602280Z [36;1m  "package_version": "0.9.1",[0m
2022-12-27T11:04:52.5602400Z [36;1m  "python_version": "3.11",[0m
2022-12-27T11:04:52.5602530Z [36;1m  "use_ccache": "true"[0m
2022-12-27T11:04:52.5602640Z [36;1m}'[0m
2022-12-27T11:04:52.5617570Z shell: /bin/bash -e {0}
2022-12-27T11:04:52.5617720Z ##[endgroup]
2022-12-27T11:04:52.5831080Z {
2022-12-27T11:04:52.5832420Z   "package_name": "lxml",
2022-12-27T11:04:52.5833110Z   "package_url": "https://files.pythonhosted.org/packages/18/74/a2f3781469d7e6f268c1ba94d4784f4c4c2f727f4f5c6d928a44220c9fe6/lxml-0.9.1.tar.gz",
2022-12-27T11:04:52.5833390Z   "package_version": "0.9.1",
2022-12-27T11:04:52.5833680Z   "python_version": "3.11",
2022-12-27T11:04:52.5833840Z   "use_ccache": "true"
2022-12-27T11:04:52.5834020Z }
2022-12-27T11:04:52.6047290Z ##[group]Run actions/setup-python@v4
2022-12-27T11:04:52.6047500Z with:
2022-12-27T11:04:52.6047740Z   python-version: 3.11
2022-12-27T11:04:52.6047930Z   check-latest: false
2022-12-27T11:04:52.6048190Z   token: ***
2022-12-27T11:04:52.6048380Z   update-environment: true
2022-12-27T11:04:52.6048560Z ##[endgroup]
2022-12-27T11:04:52.7274520Z ##[group]Installed versions
2022-12-27T11:04:52.7373850Z Successfully set up CPython (3.11.1)
2022-12-27T11:04:52.7374520Z ##[endgroup]
2022-12-27T11:04:52.7522830Z ##[group]Run if [ "true" == "true" ]
2022-12-27T11:04:52.7523180Z [36;1mif [ "true" == "true" ][0m
2022-12-27T11:04:52.7523380Z [36;1mthen[0m
2022-12-27T11:04:52.7523570Z [36;1m  echo "CCACHE_PATH_PREPEND=/usr/local/opt/ccache/libexec" >> $GITHUB_OUTPUT[0m
2022-12-27T11:04:52.7523850Z [36;1melse[0m
2022-12-27T11:04:52.7524140Z [36;1m  echo "CCACHE_PATH_PREPEND=" >> $GITHUB_OUTPUT[0m
2022-12-27T11:04:52.7524300Z [36;1mfi[0m
2022-12-27T11:04:52.7542210Z shell: /bin/bash -e {0}
2022-12-27T11:04:52.7542510Z env:
2022-12-27T11:04:52.7542740Z   pythonLocation: /Users/runner/hostedtoolcache/Python/3.11.1/x64
2022-12-27T11:04:52.7542980Z   PKG_CONFIG_PATH: /Users/runner/hostedtoolcache/Python/3.11.1/x64/lib/pkgconfig
2022-12-27T11:04:52.7543240Z   Python_ROOT_DIR: /Users/runner/hostedtoolcache/Python/3.11.1/x64
2022-12-27T11:04:52.7543500Z   Python2_ROOT_DIR: /Users/runner/hostedtoolcache/Python/3.11.1/x64
2022-12-27T11:04:52.7543900Z   Python3_ROOT_DIR: /Users/runner/hostedtoolcache/Python/3.11.1/x64
2022-12-27T11:04:52.7544360Z ##[endgroup]
2022-12-27T11:04:52.7657640Z ##[group]Run echo "BUILD_NAME=$(echo lxml_0.9.1_3.11 | tr -dc '[:alnum:]\n\r' | tr '[:upper:]' '[:lower:]')" >> $GITHUB_OUTPUT
2022-12-27T11:04:52.7658020Z [36;1mecho "BUILD_NAME=$(echo lxml_0.9.1_3.11 | tr -dc '[:alnum:]\n\r' | tr '[:upper:]' '[:lower:]')" >> $GITHUB_OUTPUT[0m
2022-12-27T11:04:52.7672840Z shell: /bin/bash -e {0}
2022-12-27T11:04:52.7673040Z env:
2022-12-27T11:04:52.7673260Z   pythonLocation: /Users/runner/hostedtoolcache/Python/3.11.1/x64
2022-12-27T11:04:52.7673500Z   PKG_CONFIG_PATH: /Users/runner/hostedtoolcache/Python/3.11.1/x64/lib/pkgconfig
2022-12-27T11:04:52.7673760Z   Python_ROOT_DIR: /Users/runner/hostedtoolcache/Python/3.11.1/x64
2022-12-27T11:04:52.7674060Z   Python2_ROOT_DIR: /Users/runner/hostedtoolcache/Python/3.11.1/x64
2022-12-27T11:04:52.7674270Z   Python3_ROOT_DIR: /Users/runner/hostedtoolcache/Python/3.11.1/x64
2022-12-27T11:04:52.7674480Z ##[endgroup]
2022-12-27T11:04:52.7833610Z ##[group]Run echo "PYTHON_NO_DOTS=$(echo 3.11 | tr -dc '[:alnum:]\n\r' | tr '[:upper:]' '[:lower:]')" >> $GITHUB_OUTPUT
2022-12-27T11:04:52.7834060Z [36;1mecho "PYTHON_NO_DOTS=$(echo 3.11 | tr -dc '[:alnum:]\n\r' | tr '[:upper:]' '[:lower:]')" >> $GITHUB_OUTPUT[0m
2022-12-27T11:04:52.7848280Z shell: /bin/bash -e {0}
2022-12-27T11:04:52.7848430Z env:
2022-12-27T11:04:52.7848640Z   pythonLocation: /Users/runner/hostedtoolcache/Python/3.11.1/x64
2022-12-27T11:04:52.7849360Z   PKG_CONFIG_PATH: /Users/runner/hostedtoolcache/Python/3.11.1/x64/lib/pkgconfig
2022-12-27T11:04:52.7849640Z   Python_ROOT_DIR: /Users/runner/hostedtoolcache/Python/3.11.1/x64
2022-12-27T11:04:52.7849840Z   Python2_ROOT_DIR: /Users/runner/hostedtoolcache/Python/3.11.1/x64
2022-12-27T11:04:52.7850060Z   Python3_ROOT_DIR: /Users/runner/hostedtoolcache/Python/3.11.1/x64
2022-12-27T11:04:52.7850260Z ##[endgroup]
2022-12-27T11:04:52.7970600Z ##[group]Run rm -rf build_lxml091311
2022-12-27T11:04:52.7971000Z [36;1mrm -rf build_lxml091311[0m
2022-12-27T11:04:52.7971150Z [36;1mmkdir build_lxml091311[0m
2022-12-27T11:04:52.7971370Z [36;1mcd build_lxml091311[0m
2022-12-27T11:04:52.7971650Z [36;1m/usr/local/bin/wget --quiet https://files.pythonhosted.org/packages/18/74/a2f3781469d7e6f268c1ba94d4784f4c4c2f727f4f5c6d928a44220c9fe6/lxml-0.9.1.tar.gz[0m
2022-12-27T11:04:52.7971940Z [36;1mtar xf *.tar.gz[0m
2022-12-27T11:04:52.7972070Z [36;1mcd *[0m
2022-12-27T11:04:52.7972260Z [36;1mpython -m pip install cibuildwheel==2.11.3[0m
2022-12-27T11:04:52.7972470Z [36;1mpython -m cibuildwheel --output-dir ../wheelsout[0m
2022-12-27T11:04:52.7986880Z shell: /bin/bash -e {0}
2022-12-27T11:04:52.7987060Z env:
2022-12-27T11:04:52.7987270Z   pythonLocation: /Users/runner/hostedtoolcache/Python/3.11.1/x64
2022-12-27T11:04:52.7987510Z   PKG_CONFIG_PATH: /Users/runner/hostedtoolcache/Python/3.11.1/x64/lib/pkgconfig
2022-12-27T11:04:52.7987850Z   Python_ROOT_DIR: /Users/runner/hostedtoolcache/Python/3.11.1/x64
2022-12-27T11:04:52.7988060Z   Python2_ROOT_DIR: /Users/runner/hostedtoolcache/Python/3.11.1/x64
2022-12-27T11:04:52.7988290Z   Python3_ROOT_DIR: /Users/runner/hostedtoolcache/Python/3.11.1/x64
2022-12-27T11:04:52.7988490Z   CIBW_ARCHS_MACOS: arm64
2022-12-27T11:04:52.7988640Z   CIBW_TEST_SKIP: *_arm64
2022-12-27T11:04:52.7988860Z   CIBW_BUILD: cp311-macosx_arm64
2022-12-27T11:04:52.7989040Z   CIBW_BUILD_FRONTEND: pip
2022-12-27T11:04:52.7989200Z   CIBW_BUILD_VERBOSITY: 3
2022-12-27T11:04:52.7989510Z   CIBW_ENVIRONMENT_MACOS:  CFLAGS="-I/usr/local/opt/openssl@3/include" LDFLAGS="-L/usr/local/opt/openssl@3/lib" CPPFLAGS="-I/usr/local/opt/openssl@3/include" MAKEFLAGS="-j$(sysctl -n hw.logicalcpu)" PATH=/usr/local/opt/ccache/libexec:$PATH
2022-12-27T11:04:52.7989890Z   CIBW_BEFORE_BUILD: pip install Cython; if [[ -f requirements.txt ]]; then pip install -r requirements.txt; fi
2022-12-27T11:04:52.7990130Z   MAKEFLAGS: -j$(sysctl -n hw.logicalcpu)
2022-12-27T11:04:52.7990280Z ##[endgroup]
2022-12-27T11:04:53.1172250Z Requirement already satisfied: cibuildwheel==2.11.3 in /Library/Frameworks/Python.framework/Versions/3.11/lib/python3.11/site-packages (2.11.3)
2022-12-27T11:04:53.1465890Z Requirement already satisfied: bashlex!=0.13 in /Library/Frameworks/Python.framework/Versions/3.11/lib/python3.11/site-packages (from cibuildwheel==2.11.3) (0.16)
2022-12-27T11:04:53.1472660Z Requirement already satisfied: bracex in /Library/Frameworks/Python.framework/Versions/3.11/lib/python3.11/site-packages (from cibuildwheel==2.11.3) (2.3.post1)
2022-12-27T11:04:53.1478300Z Requirement already satisfied: certifi in /Library/Frameworks/Python.framework/Versions/3.11/lib/python3.11/site-packages (from cibuildwheel==2.11.3) (2022.12.7)
2022-12-27T11:04:53.1484710Z Requirement already satisfied: filelock in /Library/Frameworks/Python.framework/Versions/3.11/lib/python3.11/site-packages (from cibuildwheel==2.11.3) (3.8.2)
2022-12-27T11:04:53.1493370Z Requirement already satisfied: packaging>=20.9 in /Library/Frameworks/Python.framework/Versions/3.11/lib/python3.11/site-packages (from cibuildwheel==2.11.3) (22.0)
2022-12-27T11:04:53.1500990Z Requirement already satisfied: platformdirs in /Library/Frameworks/Python.framework/Versions/3.11/lib/python3.11/site-packages (from cibuildwheel==2.11.3) (2.6.0)
2022-12-27T11:04:53.3644930Z 
2022-12-27T11:04:53.3645530Z      _ _       _ _   _       _           _
2022-12-27T11:04:53.3646160Z  ___|_| |_ _ _|_| |_| |_ _ _| |_ ___ ___| |
2022-12-27T11:04:53.3647150Z |  _| | . | | | | | . | | | |   | -_| -_| |
2022-12-27T11:04:53.3647800Z |___|_|___|___|_|_|___|_____|_|_|___|___|_|
2022-12-27T11:04:53.3647930Z 
2022-12-27T11:04:53.3648100Z cibuildwheel version 2.11.3
2022-12-27T11:04:53.3648270Z 
2022-12-27T11:04:53.3648390Z Build options:
2022-12-27T11:04:53.3648650Z   platform: macos
2022-12-27T11:04:53.3676140Z   architectures: arm64[0m
2022-12-27T11:04:53.3676660Z   build_selector: 
2022-12-27T11:04:53.3678580Z     build_config: cp311-macosx_arm64
2022-12-27T11:04:53.3678910Z     skip_config: 
2022-12-27T11:04:53.3679200Z     requires_python: None
2022-12-27T11:04:53.3679710Z     prerelease_pythons: False[0m
2022-12-27T11:04:53.3680110Z   [38;5;244mcontainer_engine: docker[0m
2022-12-27T11:04:53.3680590Z   output_dir: /Users/runner/actions-runner/_work/python.build/python.build/build_lxml091311/wheelsout[0m
2022-12-27T11:04:53.3681190Z   package_dir: /Users/runner/actions-runner/_work/python.build/python.build/build_lxml091311/lxml-0.9.1[0m
2022-12-27T11:04:53.3681650Z   test_selector: 
2022-12-27T11:04:53.3681940Z     skip_config: *_arm64[0m
2022-12-27T11:04:53.3682270Z   [38;5;244mbefore_all: [0m
2022-12-27T11:04:53.3682770Z   before_build: pip install Cython; if [[ -f requirements.txt ]]; then pip install -r requirements.txt; fi[0m
2022-12-27T11:04:53.3683150Z   [38;5;244mbefore_test: [0m
2022-12-27T11:04:53.3683580Z   [38;5;244mbuild_frontend: pip[0m
2022-12-27T11:04:53.3683950Z   build_verbosity: 3[0m
2022-12-27T11:04:53.3684180Z   [38;5;244mconfig_settings: [0m
2022-12-27T11:04:53.3684470Z   [38;5;244mdependency_constraints: pinned[0m
2022-12-27T11:04:53.3684690Z   environment: 
2022-12-27T11:04:53.3685080Z     CFLAGS="-I/usr/local/opt/openssl@3/include"
2022-12-27T11:04:53.3685340Z     LDFLAGS="-L/usr/local/opt/openssl@3/lib"
2022-12-27T11:04:53.3685640Z     CPPFLAGS="-I/usr/local/opt/openssl@3/include"
2022-12-27T11:04:53.3685930Z     MAKEFLAGS="-j$(sysctl -n hw.logicalcpu)"
2022-12-27T11:04:53.3686200Z     PATH=/usr/local/opt/ccache/libexec:$PATH[0m
2022-12-27T11:04:53.3686620Z   [38;5;244mmanylinux_images: None[0m
2022-12-27T11:04:53.3686890Z   [38;5;244mmusllinux_images: None[0m
2022-12-27T11:04:53.3687230Z   [38;5;244mrepair_command: delocate-wheel --require-archs {delocate_archs} -w {dest_dir} -v {wheel}[0m
2022-12-27T11:04:53.3687550Z   [38;5;244mtest_command: [0m
2022-12-27T11:04:53.3687920Z   [38;5;244mtest_extras: [0m
2022-12-27T11:04:53.3688190Z   [38;5;244mtest_requires: [0m
2022-12-27T11:04:53.3688290Z 
2022-12-27T11:04:53.3688410Z Cache folder: /Users/runner/Library/Caches/cibuildwheel
2022-12-27T11:04:53.3689050Z 
2022-12-27T11:04:53.3689550Z Here we go!
2022-12-27T11:04:53.3689710Z 
2022-12-27T11:04:53.3797980Z 
2022-12-27T11:04:53.3798510Z [1m[34mBuilding cp311-macosx_arm64 wheel[0m
2022-12-27T11:04:53.3798930Z CPython 3.11 macOS arm64 - Apple Silicon
2022-12-27T11:04:53.3799120Z 
2022-12-27T11:04:53.3800850Z ##[group]Installing Python cp311...
2022-12-27T11:04:53.3801080Z 
2022-12-27T11:04:53.3801310Z + pkgutil --pkgs
2022-12-27T11:04:53.3906110Z ##[endgroup]
2022-12-27T11:04:53.3907000Z                                                               [32m✓ [0m0.01s
2022-12-27T11:04:53.3907630Z ##[group]Setting up build environment...
2022-12-27T11:04:53.3907820Z 
2022-12-27T11:04:53.3924610Z + /Library/Frameworks/Python.framework/Versions/3.11/bin/python -sS /Users/runner/Library/Caches/cibuildwheel/virtualenv-20.17.0.pyz --activators= --no-periodic-update --pip=22.3.1 --setuptools=65.6.3 --wheel=0.38.4 --symlink-app-data --python /Library/Frameworks/Python.framework/Versions/3.11/bin/python3 /private/var/folders/51/hd414ycd67n82196sw51xqtc0000gn/T/cibw-run-2l5ehlie/cp311-macosx_arm64/build/venv
2022-12-27T11:04:53.5821780Z created virtual environment CPython3.11.1.final.0-64 in 52ms
2022-12-27T11:04:53.5822240Z   creator CPython3Posix(dest=/private/var/folders/51/hd414ycd67n82196sw51xqtc0000gn/T/cibw-run-2l5ehlie/cp311-macosx_arm64/build/venv, clear=False, no_vcs_ignore=False, global=False)
2022-12-27T11:04:53.5822630Z   seeder FromAppData(download=False, pip=22.3.1, setuptools=65.6.3, wheel=0.38.4, via=symlink, app_data_dir=/Users/runner/Library/Application Support/virtualenv)
2022-12-27T11:04:53.5823030Z     added seed packages: pip==22.3.1, setuptools==65.6.3, wheel==0.38.4
2022-12-27T11:04:53.5984520Z + python -m pip install --upgrade pip -c /Library/Frameworks/Python.framework/Versions/3.11/lib/python3.11/site-packages/cibuildwheel/resources/constraints-python311.txt
2022-12-27T11:04:53.8673090Z Requirement already satisfied: pip in ./lib/python3.11/site-packages (22.3.1)
2022-12-27T11:04:53.9936970Z + which pip
2022-12-27T11:04:53.9955820Z /private/var/folders/51/hd414ycd67n82196sw51xqtc0000gn/T/cibw-run-2l5ehlie/cp311-macosx_arm64/build/venv/bin/pip
2022-12-27T11:04:53.9958670Z + pip --version
2022-12-27T11:04:54.1897900Z pip 22.3.1 from /private/var/folders/51/hd414ycd67n82196sw51xqtc0000gn/T/cibw-run-2l5ehlie/cp311-macosx_arm64/build/venv/lib/python3.11/site-packages/pip (python 3.11)
2022-12-27T11:04:54.2164710Z + which pip
2022-12-27T11:04:54.2192980Z + which python
2022-12-27T11:04:54.2211610Z /private/var/folders/51/hd414ycd67n82196sw51xqtc0000gn/T/cibw-run-2l5ehlie/cp311-macosx_arm64/build/venv/bin/python
2022-12-27T11:04:54.2214890Z + python --version
2022-12-27T11:04:54.2275380Z Python 3.11.1
2022-12-27T11:04:54.2279480Z + which python
2022-12-27T11:04:54.2334790Z ##[endgroup]
2022-12-27T11:04:54.2335490Z                                                               [32m✓ [0m0.84s
2022-12-27T11:04:54.2336180Z ##[group]Installing build tools...
2022-12-27T11:04:54.2336380Z 
2022-12-27T11:04:54.2336830Z + pip install --upgrade setuptools wheel delocate -c /Library/Frameworks/Python.framework/Versions/3.11/lib/python3.11/site-packages/cibuildwheel/resources/constraints-python311.txt
2022-12-27T11:04:54.5066380Z Requirement already satisfied: setuptools in /private/var/folders/51/hd414ycd67n82196sw51xqtc0000gn/T/cibw-run-2l5ehlie/cp311-macosx_arm64/build/venv/lib/python3.11/site-packages (65.6.3)
2022-12-27T11:04:54.6784310Z Requirement already satisfied: wheel in /private/var/folders/51/hd414ycd67n82196sw51xqtc0000gn/T/cibw-run-2l5ehlie/cp311-macosx_arm64/build/venv/lib/python3.11/site-packages (0.38.4)
2022-12-27T11:04:54.7231050Z Collecting delocate
2022-12-27T11:04:54.7254980Z   Using cached delocate-0.10.3-py3-none-any.whl (142 kB)
2022-12-27T11:04:54.7513840Z Collecting packaging>=20.9
2022-12-27T11:04:54.7533140Z   Using cached packaging-21.3-py3-none-any.whl (40 kB)
2022-12-27T11:04:54.7685380Z Collecting typing-extensions
2022-12-27T11:04:54.7703610Z   Using cached typing_extensions-4.4.0-py3-none-any.whl (26 kB)
2022-12-27T11:04:54.7981480Z Collecting pyparsing!=3.0.5,>=2.0.2
2022-12-27T11:04:54.8000070Z   Using cached pyparsing-3.0.9-py3-none-any.whl (98 kB)
2022-12-27T11:04:54.8533320Z Installing collected packages: typing-extensions, pyparsing, packaging, delocate
2022-12-27T11:04:54.9773040Z Successfully installed delocate-0.10.3 packaging-21.3 pyparsing-3.0.9 typing-extensions-4.4.0
2022-12-27T11:04:55.0246070Z ##[endgroup]
2022-12-27T11:04:55.0246670Z                                                               [32m✓ [0m0.79s
2022-12-27T11:04:55.0247210Z ##[group]Running before_build...
2022-12-27T11:04:55.0247340Z 
2022-12-27T11:04:55.0250390Z + pip install Cython; if [[ -f requirements.txt ]]; then pip install -r requirements.txt; fi
2022-12-27T11:04:55.5899150Z Collecting Cython
2022-12-27T11:04:55.5980200Z   Using cached Cython-0.29.32-py2.py3-none-any.whl (986 kB)
2022-12-27T11:04:55.6439120Z Installing collected packages: Cython
2022-12-27T11:04:56.0501410Z Successfully installed Cython-0.29.32
2022-12-27T11:04:56.1059040Z ##[endgroup]
2022-12-27T11:04:56.1059870Z                                                               [32m✓ [0m1.08s
2022-12-27T11:04:56.1060450Z ##[group]Building wheel...
2022-12-27T11:04:56.1060600Z 
2022-12-27T11:04:56.1064810Z + python -m pip wheel /Users/runner/actions-runner/_work/python.build/python.build/build_lxml091311/lxml-0.9.1 --wheel-dir=/private/var/folders/51/hd414ycd67n82196sw51xqtc0000gn/T/cibw-run-2l5ehlie/cp311-macosx_arm64/built_wheel --no-deps -vvv
2022-12-27T11:04:56.3482450Z Created temporary directory: /private/var/folders/51/hd414ycd67n82196sw51xqtc0000gn/T/pip-ephem-wheel-cache-qzxp9pz2
2022-12-27T11:04:56.3486820Z Created temporary directory: /private/var/folders/51/hd414ycd67n82196sw51xqtc0000gn/T/pip-build-tracker-ul37ka3p
2022-12-27T11:04:56.3489300Z Initialized build tracking at /private/var/folders/51/hd414ycd67n82196sw51xqtc0000gn/T/pip-build-tracker-ul37ka3p
2022-12-27T11:04:56.3490170Z Created build tracker: /private/var/folders/51/hd414ycd67n82196sw51xqtc0000gn/T/pip-build-tracker-ul37ka3p
2022-12-27T11:04:56.3491300Z Entered build tracker: /private/var/folders/51/hd414ycd67n82196sw51xqtc0000gn/T/pip-build-tracker-ul37ka3p
2022-12-27T11:04:56.3494420Z Created temporary directory: /private/var/folders/51/hd414ycd67n82196sw51xqtc0000gn/T/pip-wheel-ga0xclkj
2022-12-27T11:04:56.3499650Z Created temporary directory: /private/var/folders/51/hd414ycd67n82196sw51xqtc0000gn/T/pip-ephem-wheel-cache-31g_spyu
2022-12-27T11:04:56.3575850Z Processing /Users/runner/actions-runner/_work/python.build/python.build/build_lxml091311/lxml-0.9.1
2022-12-27T11:04:56.3580720Z   Added file:///Users/runner/actions-runner/_work/python.build/python.build/build_lxml091311/lxml-0.9.1 to build tracker '/private/var/folders/51/hd414ycd67n82196sw51xqtc0000gn/T/pip-build-tracker-ul37ka3p'
2022-12-27T11:04:56.3583660Z   Running setup.py (path:/Users/runner/actions-runner/_work/python.build/python.build/build_lxml091311/lxml-0.9.1/setup.py) egg_info for package from file:///Users/runner/actions-runner/_work/python.build/python.build/build_lxml091311/lxml-0.9.1
2022-12-27T11:04:56.3585930Z   Created temporary directory: /private/var/folders/51/hd414ycd67n82196sw51xqtc0000gn/T/pip-pip-egg-info-c8_irchs
2022-12-27T11:04:56.3586930Z   Preparing metadata (setup.py): started
2022-12-27T11:04:56.3588410Z   Running command python setup.py egg_info
2022-12-27T11:04:56.4964990Z   Traceback (most recent call last):
2022-12-27T11:04:56.4973440Z     File "<string>", line 2, in <module>
2022-12-27T11:04:56.4974010Z     File "<pip-setuptools-caller>", line 34, in <module>
2022-12-27T11:04:56.4974470Z     File "/Users/runner/actions-runner/_work/python.build/python.build/build_lxml091311/lxml-0.9.1/setup.py", line 23
2022-12-27T11:04:56.4974900Z       print "*NOTE*: Trying to build without Pyrex, needs pre-generated 'src/lxml/etree.c' !"
2022-12-27T11:04:56.4975260Z       ^^^^^^^^^^^^^^^^^^^^^^^^^^^^^^^^^^^^^^^^^^^^^^^^^^^^^^^^^^^^^^^^^^^^^^^^^^^^^^^^^^^^^^^
2022-12-27T11:04:56.4975570Z   SyntaxError: Missing parentheses in call to 'print'. Did you mean print(...)?
2022-12-27T11:04:56.5341820Z   error: subprocess-exited-with-error
2022-12-27T11:04:56.5342250Z   
2022-12-27T11:04:56.5342810Z   × python setup.py egg_info did not run successfully.
2022-12-27T11:04:56.5343210Z   │ exit code: 1
2022-12-27T11:04:56.5343700Z   ╰─> See above for output.
2022-12-27T11:04:56.5344060Z   
2022-12-27T11:04:56.5344350Z   note: This error originates from a subprocess, and is likely not a problem with pip.
2022-12-27T11:04:56.5349230Z   full command: /private/var/folders/51/hd414ycd67n82196sw51xqtc0000gn/T/cibw-run-2l5ehlie/cp311-macosx_arm64/build/venv/bin/python -c '
2022-12-27T11:04:56.5349910Z   exec(compile('"'"''"'"''"'"'
2022-12-27T11:04:56.5350810Z   # This is <pip-setuptools-caller> -- a caller that pip uses to run setup.py
2022-12-27T11:04:56.5351170Z   #
2022-12-27T11:04:56.5351810Z   # - It imports setuptools before invoking setup.py, to enable projects that directly
2022-12-27T11:04:56.5352370Z   #   import from `distutils.core` to work with newer packaging standards.
2022-12-27T11:04:56.5354560Z   # - It provides a clear error message when setuptools is not installed.
2022-12-27T11:04:56.5355230Z   # - It sets `sys.argv[0]` to the underlying `setup.py`, when invoking `setup.py` so
2022-12-27T11:04:56.5356080Z   #   setuptools doesn'"'"'t think the script is `-c`. This avoids the following warning:
2022-12-27T11:04:56.5356580Z   #     manifest_maker: standard file '"'"'-c'"'"' not found".
2022-12-27T11:04:56.5357110Z   # - It generates a shim setup.py, for handling setup.cfg-only projects.
2022-12-27T11:04:56.5357480Z   import os, sys, tokenize
2022-12-27T11:04:56.5358010Z   
2022-12-27T11:04:56.5358210Z   try:
2022-12-27T11:04:56.5358490Z       import setuptools
2022-12-27T11:04:56.5358980Z   except ImportError as error:
2022-12-27T11:04:56.5359690Z       print(
2022-12-27T11:04:56.5360130Z           "ERROR: Can not execute `setup.py` since setuptools is not available in "
2022-12-27T11:04:56.5360500Z           "the build environment.",
2022-12-27T11:04:56.5360770Z           file=sys.stderr,
2022-12-27T11:04:56.5361080Z       )
2022-12-27T11:04:56.5361330Z       sys.exit(1)
2022-12-27T11:04:56.5361540Z   
2022-12-27T11:04:56.5361760Z   __file__ = %r
2022-12-27T11:04:56.5362070Z   sys.argv[0] = __file__
2022-12-27T11:04:56.5362290Z   
2022-12-27T11:04:56.5362560Z   if os.path.exists(__file__):
2022-12-27T11:04:56.5362830Z       filename = __file__
2022-12-27T11:04:56.5363120Z       with tokenize.open(__file__) as f:
2022-12-27T11:04:56.5363430Z           setup_py_code = f.read()
2022-12-27T11:04:56.5363730Z   else:
2022-12-27T11:04:56.5364090Z       filename = "<auto-generated setuptools caller>"
2022-12-27T11:04:56.5364360Z       setup_py_code = "from setuptools import setup; setup()"
2022-12-27T11:04:56.5364610Z   
2022-12-27T11:04:56.5364940Z   exec(compile(setup_py_code, filename, "exec"))
2022-12-27T11:04:56.5365640Z   '"'"''"'"''"'"' % ('"'"'/Users/runner/actions-runner/_work/python.build/python.build/build_lxml091311/lxml-0.9.1/setup.py'"'"',), "<pip-setuptools-caller>", "exec"))' egg_info --egg-base /private/var/folders/51/hd414ycd67n82196sw51xqtc0000gn/T/pip-pip-egg-info-c8_irchs
2022-12-27T11:04:56.5366250Z   Preparing metadata (setup.py): finished with status 'error'
2022-12-27T11:04:56.5366710Z   cwd: /Users/runner/actions-runner/_work/python.build/python.build/build_lxml091311/lxml-0.9.1/
2022-12-27T11:04:56.5367140Z error: metadata-generation-failed
2022-12-27T11:04:56.5367300Z 
2022-12-27T11:04:56.5367500Z × Encountered error while generating package metadata.
2022-12-27T11:04:56.5367830Z ╰─> See above for output.
2022-12-27T11:04:56.5367960Z 
2022-12-27T11:04:56.5368110Z note: This is an issue with the package mentioned above, not pip.
2022-12-27T11:04:56.5368390Z hint: See above for details.
2022-12-27T11:04:56.5394080Z Exception information:
2022-12-27T11:04:56.5394490Z Traceback (most recent call last):
2022-12-27T11:04:56.5395500Z   File "/private/var/folders/51/hd414ycd67n82196sw51xqtc0000gn/T/cibw-run-2l5ehlie/cp311-macosx_arm64/build/venv/lib/python3.11/site-packages/pip/_internal/operations/build/metadata_legacy.py", line 64, in generate_metadata
2022-12-27T11:04:56.5396970Z     call_subprocess(
2022-12-27T11:04:56.5397770Z   File "/private/var/folders/51/hd414ycd67n82196sw51xqtc0000gn/T/cibw-run-2l5ehlie/cp311-macosx_arm64/build/venv/lib/python3.11/site-packages/pip/_internal/utils/subprocess.py", line 224, in call_subprocess
2022-12-27T11:04:56.5398220Z     raise error
2022-12-27T11:04:56.5398700Z pip._internal.exceptions.InstallationSubprocessError: python setup.py egg_info exited with 1
2022-12-27T11:04:56.5398990Z 
2022-12-27T11:04:56.5399230Z The above exception was the direct cause of the following exception:
2022-12-27T11:04:56.5400070Z 
2022-12-27T11:04:56.5400270Z Traceback (most recent call last):
2022-12-27T11:04:56.5401140Z   File "/private/var/folders/51/hd414ycd67n82196sw51xqtc0000gn/T/cibw-run-2l5ehlie/cp311-macosx_arm64/build/venv/lib/python3.11/site-packages/pip/_internal/cli/base_command.py", line 160, in exc_logging_wrapper
2022-12-27T11:04:56.5401590Z     status = run_func(*args)
2022-12-27T11:04:56.5401890Z              ^^^^^^^^^^^^^^^
2022-12-27T11:04:56.5402900Z   File "/private/var/folders/51/hd414ycd67n82196sw51xqtc0000gn/T/cibw-run-2l5ehlie/cp311-macosx_arm64/build/venv/lib/python3.11/site-packages/pip/_internal/cli/req_command.py", line 247, in wrapper
2022-12-27T11:04:56.5403370Z     return func(self, options, args)
2022-12-27T11:04:56.5403850Z            ^^^^^^^^^^^^^^^^^^^^^^^^^
2022-12-27T11:04:56.5405100Z   File "/private/var/folders/51/hd414ycd67n82196sw51xqtc0000gn/T/cibw-run-2l5ehlie/cp311-macosx_arm64/build/venv/lib/python3.11/site-packages/pip/_internal/commands/wheel.py", line 170, in run
2022-12-27T11:04:56.5405810Z     requirement_set = resolver.resolve(reqs, check_supported_wheels=True)
2022-12-27T11:04:56.5406480Z                       ^^^^^^^^^^^^^^^^^^^^^^^^^^^^^^^^^^^^^^^^^^^^^^^^^^^
2022-12-27T11:04:56.5407410Z   File "/private/var/folders/51/hd414ycd67n82196sw51xqtc0000gn/T/cibw-run-2l5ehlie/cp311-macosx_arm64/build/venv/lib/python3.11/site-packages/pip/_internal/resolution/resolvelib/resolver.py", line 73, in resolve
2022-12-27T11:04:56.5408130Z     collected = self.factory.collect_root_requirements(root_reqs)
2022-12-27T11:04:56.5408610Z                 ^^^^^^^^^^^^^^^^^^^^^^^^^^^^^^^^^^^^^^^^^^^^^^^^^
2022-12-27T11:04:56.5409410Z   File "/private/var/folders/51/hd414ycd67n82196sw51xqtc0000gn/T/cibw-run-2l5ehlie/cp311-macosx_arm64/build/venv/lib/python3.11/site-packages/pip/_internal/resolution/resolvelib/factory.py", line 491, in collect_root_requirements
2022-12-27T11:04:56.5409850Z     req = self._make_requirement_from_install_req(
2022-12-27T11:04:56.5410140Z           ^^^^^^^^^^^^^^^^^^^^^^^^^^^^^^^^^^^^^^^^
2022-12-27T11:04:56.5410840Z   File "/private/var/folders/51/hd414ycd67n82196sw51xqtc0000gn/T/cibw-run-2l5ehlie/cp311-macosx_arm64/build/venv/lib/python3.11/site-packages/pip/_internal/resolution/resolvelib/factory.py", line 453, in _make_requirement_from_install_req
2022-12-27T11:04:56.5411380Z     cand = self._make_candidate_from_link(
2022-12-27T11:04:56.5411610Z            ^^^^^^^^^^^^^^^^^^^^^^^^^^^^^^^
2022-12-27T11:04:56.5412280Z   File "/private/var/folders/51/hd414ycd67n82196sw51xqtc0000gn/T/cibw-run-2l5ehlie/cp311-macosx_arm64/build/venv/lib/python3.11/site-packages/pip/_internal/resolution/resolvelib/factory.py", line 206, in _make_candidate_from_link
2022-12-27T11:04:56.5412750Z     self._link_candidate_cache[link] = LinkCandidate(
2022-12-27T11:04:56.5413090Z                                        ^^^^^^^^^^^^^^
2022-12-27T11:04:56.5413720Z   File "/private/var/folders/51/hd414ycd67n82196sw51xqtc0000gn/T/cibw-run-2l5ehlie/cp311-macosx_arm64/build/venv/lib/python3.11/site-packages/pip/_internal/resolution/resolvelib/candidates.py", line 297, in __init__
2022-12-27T11:04:56.5414100Z     super().__init__(
2022-12-27T11:04:56.5414530Z   File "/private/var/folders/51/hd414ycd67n82196sw51xqtc0000gn/T/cibw-run-2l5ehlie/cp311-macosx_arm64/build/venv/lib/python3.11/site-packages/pip/_internal/resolution/resolvelib/candidates.py", line 162, in __init__
2022-12-27T11:04:56.5415030Z     self.dist = self._prepare()
2022-12-27T11:04:56.5415310Z                 ^^^^^^^^^^^^^^^
2022-12-27T11:04:56.5415760Z   File "/private/var/folders/51/hd414ycd67n82196sw51xqtc0000gn/T/cibw-run-2l5ehlie/cp311-macosx_arm64/build/venv/lib/python3.11/site-packages/pip/_internal/resolution/resolvelib/candidates.py", line 231, in _prepare
2022-12-27T11:04:56.5416020Z     dist = self._prepare_distribution()
2022-12-27T11:04:56.5416230Z            ^^^^^^^^^^^^^^^^^^^^^^^^^^^^
2022-12-27T11:04:56.5416780Z   File "/private/var/folders/51/hd414ycd67n82196sw51xqtc0000gn/T/cibw-run-2l5ehlie/cp311-macosx_arm64/build/venv/lib/python3.11/site-packages/pip/_internal/resolution/resolvelib/candidates.py", line 308, in _prepare_distribution
2022-12-27T11:04:56.5417160Z     return preparer.prepare_linked_requirement(self._ireq, parallel_builds=True)
2022-12-27T11:04:56.5417370Z            ^^^^^^^^^^^^^^^^^^^^^^^^^^^^^^^^^^^^^^^^^^^^^^^^^^^^^^^^^^^^^^^^^^^^^
2022-12-27T11:04:56.5417840Z   File "/private/var/folders/51/hd414ycd67n82196sw51xqtc0000gn/T/cibw-run-2l5ehlie/cp311-macosx_arm64/build/venv/lib/python3.11/site-packages/pip/_internal/operations/prepare.py", line 491, in prepare_linked_requirement
2022-12-27T11:04:56.5418170Z     return self._prepare_linked_requirement(req, parallel_builds)
2022-12-27T11:04:56.5418450Z            ^^^^^^^^^^^^^^^^^^^^^^^^^^^^^^^^^^^^^^^^^^^^^^^^^^^^^^
2022-12-27T11:04:56.5418900Z   File "/private/var/folders/51/hd414ycd67n82196sw51xqtc0000gn/T/cibw-run-2l5ehlie/cp311-macosx_arm64/build/venv/lib/python3.11/site-packages/pip/_internal/operations/prepare.py", line 577, in _prepare_linked_requirement
2022-12-27T11:04:56.5419170Z     dist = _get_prepared_distribution(
2022-12-27T11:04:56.5419500Z            ^^^^^^^^^^^^^^^^^^^^^^^^^^^
2022-12-27T11:04:56.5420040Z   File "/private/var/folders/51/hd414ycd67n82196sw51xqtc0000gn/T/cibw-run-2l5ehlie/cp311-macosx_arm64/build/venv/lib/python3.11/site-packages/pip/_internal/operations/prepare.py", line 69, in _get_prepared_distribution
2022-12-27T11:04:56.5420370Z     abstract_dist.prepare_distribution_metadata(
2022-12-27T11:04:56.5420830Z   File "/private/var/folders/51/hd414ycd67n82196sw51xqtc0000gn/T/cibw-run-2l5ehlie/cp311-macosx_arm64/build/venv/lib/python3.11/site-packages/pip/_internal/distributions/sdist.py", line 61, in prepare_distribution_metadata
2022-12-27T11:04:56.5421110Z     self.req.prepare_metadata()
2022-12-27T11:04:56.5421550Z   File "/private/var/folders/51/hd414ycd67n82196sw51xqtc0000gn/T/cibw-run-2l5ehlie/cp311-macosx_arm64/build/venv/lib/python3.11/site-packages/pip/_internal/req/req_install.py", line 541, in prepare_metadata
2022-12-27T11:04:56.5421920Z     self.metadata_directory = generate_metadata_legacy(
2022-12-27T11:04:56.5422140Z                               ^^^^^^^^^^^^^^^^^^^^^^^^^
2022-12-27T11:04:56.5422580Z   File "/private/var/folders/51/hd414ycd67n82196sw51xqtc0000gn/T/cibw-run-2l5ehlie/cp311-macosx_arm64/build/venv/lib/python3.11/site-packages/pip/_internal/operations/build/metadata_legacy.py", line 71, in generate_metadata
2022-12-27T11:04:56.5422910Z     raise MetadataGenerationFailed(package_details=details) from error
2022-12-27T11:04:56.5423250Z pip._internal.exceptions.MetadataGenerationFailed: metadata generation failed
2022-12-27T11:04:56.5423840Z Removed file:///Users/runner/actions-runner/_work/python.build/python.build/build_lxml091311/lxml-0.9.1 from build tracker '/private/var/folders/51/hd414ycd67n82196sw51xqtc0000gn/T/pip-build-tracker-ul37ka3p'
2022-12-27T11:04:56.5424310Z Removed build tracker: '/private/var/folders/51/hd414ycd67n82196sw51xqtc0000gn/T/pip-build-tracker-ul37ka3p'
2022-12-27T11:04:56.5804880Z ##[error]Command ['python', '-m', 'pip', 'wheel', '/Users/runner/actions-runner/_work/python.build/python.build/build_lxml091311/lxml-0.9.1', '--wheel-dir=/private/var/folders/51/hd414ycd67n82196sw51xqtc0000gn/T/cibw-run-2l5ehlie/cp311-macosx_arm64/built_wheel', '--no-deps', '-vvv'] failed with code 1. None
2022-12-27T11:04:56.5811660Z ##[endgroup]
2022-12-27T11:04:56.5812030Z                                                               [31m✕ [0m0.47s
2022-12-27T11:04:56.5812180Z 
2022-12-27T11:04:56.6256960Z ##[error]Process completed with exit code 1.
2022-12-27T11:04:56.6288690Z ##[group]Run rm -rf build_lxml091311 wheelsout
2022-12-27T11:04:56.6288950Z [36;1mrm -rf build_lxml091311 wheelsout[0m
2022-12-27T11:04:56.6305000Z shell: /bin/bash -e {0}
2022-12-27T11:04:56.6305130Z env:
2022-12-27T11:04:56.6305330Z   pythonLocation: /Users/runner/hostedtoolcache/Python/3.11.1/x64
2022-12-27T11:04:56.6305600Z   PKG_CONFIG_PATH: /Users/runner/hostedtoolcache/Python/3.11.1/x64/lib/pkgconfig
2022-12-27T11:04:56.6305830Z   Python_ROOT_DIR: /Users/runner/hostedtoolcache/Python/3.11.1/x64
2022-12-27T11:04:56.6306060Z   Python2_ROOT_DIR: /Users/runner/hostedtoolcache/Python/3.11.1/x64
2022-12-27T11:04:56.6306290Z   Python3_ROOT_DIR: /Users/runner/hostedtoolcache/Python/3.11.1/x64
2022-12-27T11:04:56.6306490Z ##[endgroup]
2022-12-27T11:04:56.6553860Z Cleaning up orphan processes
