2022-12-27T08:49:20.4417348Z Requested labels: self-hosted, macOS, X64
2022-12-27T08:49:20.4417456Z Job defined at: kilnbuild/python.build/.github/workflows/mac_arm_build.yml@refs/heads/main
2022-12-27T08:49:20.4417484Z Waiting for a runner to pick up this job...
2022-12-27T11:15:39.5011293Z Job is about to start running on the runner: kr1 (organization)
2022-12-27T11:15:43.9159850Z Current runner version: '2.300.2'
2022-12-27T11:15:43.9167290Z Runner name: 'kr1'
2022-12-27T11:15:43.9167680Z Runner group name: 'Default'
2022-12-27T11:15:43.9168550Z Machine name: 'kr1'
2022-12-27T11:15:43.9171120Z ##[group]GITHUB_TOKEN Permissions
2022-12-27T11:15:43.9171920Z Actions: write
2022-12-27T11:15:43.9172170Z Checks: write
2022-12-27T11:15:43.9172410Z Contents: write
2022-12-27T11:15:43.9172660Z Deployments: write
2022-12-27T11:15:43.9172910Z Discussions: write
2022-12-27T11:15:43.9173160Z Issues: write
2022-12-27T11:15:43.9173390Z Metadata: read
2022-12-27T11:15:43.9173630Z Packages: write
2022-12-27T11:15:43.9173880Z Pages: write
2022-12-27T11:15:43.9174130Z PullRequests: write
2022-12-27T11:15:43.9174420Z RepositoryProjects: write
2022-12-27T11:15:43.9174710Z SecurityEvents: write
2022-12-27T11:15:43.9174970Z Statuses: write
2022-12-27T11:15:43.9175200Z ##[endgroup]
2022-12-27T11:15:43.9178820Z Secret source: Actions
2022-12-27T11:15:43.9179290Z Prepare workflow directory
2022-12-27T11:15:44.0279340Z Prepare all required actions
2022-12-27T11:15:44.0482500Z Getting action download info
2022-12-27T11:15:44.4904140Z Download action repository 'actions/setup-python@v4' (SHA:5ccb29d8773c3f3f653e1705f474dfaa8a06a912)
2022-12-27T11:15:46.3529200Z Download action repository 'actions/upload-artifact@v3' (SHA:83fd05a356d7e2593de66fc9913b3002723633cb)
2022-12-27T11:15:47.8369850Z ##[group]Run echo '{
2022-12-27T11:15:47.8370270Z [36;1mecho '{[0m
2022-12-27T11:15:47.8370460Z [36;1m  "package_name": "lxml",[0m
2022-12-27T11:15:47.8370910Z [36;1m  "package_url": "https://files.pythonhosted.org/packages/41/a7/26f3f89efcd33b2f033ff58fe3f0e535e2035d0fae481025eef51bc8ae43/lxml-4.2.2.tar.gz",[0m
2022-12-27T11:15:47.8371360Z [36;1m  "package_version": "4.2.2",[0m
2022-12-27T11:15:47.8371580Z [36;1m  "python_version": "3.11",[0m
2022-12-27T11:15:47.8371780Z [36;1m  "use_ccache": "true"[0m
2022-12-27T11:15:47.8372110Z [36;1m}'[0m
2022-12-27T11:15:47.8399670Z shell: /bin/bash -e {0}
2022-12-27T11:15:47.8399940Z ##[endgroup]
2022-12-27T11:15:47.8807350Z {
2022-12-27T11:15:47.8810150Z   "package_name": "lxml",
2022-12-27T11:15:47.8811170Z   "package_url": "https://files.pythonhosted.org/packages/41/a7/26f3f89efcd33b2f033ff58fe3f0e535e2035d0fae481025eef51bc8ae43/lxml-4.2.2.tar.gz",
2022-12-27T11:15:47.8811670Z   "package_version": "4.2.2",
2022-12-27T11:15:47.8812230Z   "python_version": "3.11",
2022-12-27T11:15:47.8812600Z   "use_ccache": "true"
2022-12-27T11:15:47.8812900Z }
2022-12-27T11:15:47.9158540Z ##[group]Run actions/setup-python@v4
2022-12-27T11:15:47.9158990Z with:
2022-12-27T11:15:47.9159240Z   python-version: 3.11
2022-12-27T11:15:47.9159670Z   check-latest: false
2022-12-27T11:15:47.9160200Z   token: ***
2022-12-27T11:15:47.9160510Z   update-environment: true
2022-12-27T11:15:47.9160770Z ##[endgroup]
2022-12-27T11:15:48.1314580Z ##[group]Installed versions
2022-12-27T11:15:48.1383010Z Successfully set up CPython (3.11.1)
2022-12-27T11:15:48.1384610Z ##[endgroup]
2022-12-27T11:15:48.1612300Z ##[group]Run if [ "true" == "true" ]
2022-12-27T11:15:48.1612900Z [36;1mif [ "true" == "true" ][0m
2022-12-27T11:15:48.1613240Z [36;1mthen[0m
2022-12-27T11:15:48.1613560Z [36;1m  echo "CCACHE_PATH_PREPEND=/usr/local/opt/ccache/libexec" >> $GITHUB_OUTPUT[0m
2022-12-27T11:15:48.1614050Z [36;1melse[0m
2022-12-27T11:15:48.1614410Z [36;1m  echo "CCACHE_PATH_PREPEND=" >> $GITHUB_OUTPUT[0m
2022-12-27T11:15:48.1614700Z [36;1mfi[0m
2022-12-27T11:15:48.1645330Z shell: /bin/bash -e {0}
2022-12-27T11:15:48.1645830Z env:
2022-12-27T11:15:48.1646220Z   pythonLocation: /Users/runner/hostedtoolcache/Python/3.11.1/x64
2022-12-27T11:15:48.1646620Z   PKG_CONFIG_PATH: /Users/runner/hostedtoolcache/Python/3.11.1/x64/lib/pkgconfig
2022-12-27T11:15:48.1647080Z   Python_ROOT_DIR: /Users/runner/hostedtoolcache/Python/3.11.1/x64
2022-12-27T11:15:48.1647620Z   Python2_ROOT_DIR: /Users/runner/hostedtoolcache/Python/3.11.1/x64
2022-12-27T11:15:48.1648110Z   Python3_ROOT_DIR: /Users/runner/hostedtoolcache/Python/3.11.1/x64
2022-12-27T11:15:48.1648960Z ##[endgroup]
2022-12-27T11:15:48.1948600Z ##[group]Run echo "BUILD_NAME=$(echo lxml_4.2.2_3.11 | tr -dc '[:alnum:]\n\r' | tr '[:upper:]' '[:lower:]')" >> $GITHUB_OUTPUT
2022-12-27T11:15:48.1949370Z [36;1mecho "BUILD_NAME=$(echo lxml_4.2.2_3.11 | tr -dc '[:alnum:]\n\r' | tr '[:upper:]' '[:lower:]')" >> $GITHUB_OUTPUT[0m
2022-12-27T11:15:48.1981390Z shell: /bin/bash -e {0}
2022-12-27T11:15:48.1981760Z env:
2022-12-27T11:15:48.1982160Z   pythonLocation: /Users/runner/hostedtoolcache/Python/3.11.1/x64
2022-12-27T11:15:48.1982610Z   PKG_CONFIG_PATH: /Users/runner/hostedtoolcache/Python/3.11.1/x64/lib/pkgconfig
2022-12-27T11:15:48.1983060Z   Python_ROOT_DIR: /Users/runner/hostedtoolcache/Python/3.11.1/x64
2022-12-27T11:15:48.1983420Z   Python2_ROOT_DIR: /Users/runner/hostedtoolcache/Python/3.11.1/x64
2022-12-27T11:15:48.1983830Z   Python3_ROOT_DIR: /Users/runner/hostedtoolcache/Python/3.11.1/x64
2022-12-27T11:15:48.1984260Z ##[endgroup]
2022-12-27T11:15:48.2237210Z ##[group]Run echo "PYTHON_NO_DOTS=$(echo 3.11 | tr -dc '[:alnum:]\n\r' | tr '[:upper:]' '[:lower:]')" >> $GITHUB_OUTPUT
2022-12-27T11:15:48.2238190Z [36;1mecho "PYTHON_NO_DOTS=$(echo 3.11 | tr -dc '[:alnum:]\n\r' | tr '[:upper:]' '[:lower:]')" >> $GITHUB_OUTPUT[0m
2022-12-27T11:15:48.2268070Z shell: /bin/bash -e {0}
2022-12-27T11:15:48.2268410Z env:
2022-12-27T11:15:48.2268740Z   pythonLocation: /Users/runner/hostedtoolcache/Python/3.11.1/x64
2022-12-27T11:15:48.2269320Z   PKG_CONFIG_PATH: /Users/runner/hostedtoolcache/Python/3.11.1/x64/lib/pkgconfig
2022-12-27T11:15:48.2269790Z   Python_ROOT_DIR: /Users/runner/hostedtoolcache/Python/3.11.1/x64
2022-12-27T11:15:48.2270250Z   Python2_ROOT_DIR: /Users/runner/hostedtoolcache/Python/3.11.1/x64
2022-12-27T11:15:48.2270650Z   Python3_ROOT_DIR: /Users/runner/hostedtoolcache/Python/3.11.1/x64
2022-12-27T11:15:48.2271120Z ##[endgroup]
2022-12-27T11:15:48.2524110Z ##[group]Run rm -rf build_lxml422311
2022-12-27T11:15:48.2524680Z [36;1mrm -rf build_lxml422311[0m
2022-12-27T11:15:48.2524950Z [36;1mmkdir build_lxml422311[0m
2022-12-27T11:15:48.2525430Z [36;1mcd build_lxml422311[0m
2022-12-27T11:15:48.2525940Z [36;1m/usr/local/bin/wget --quiet https://files.pythonhosted.org/packages/41/a7/26f3f89efcd33b2f033ff58fe3f0e535e2035d0fae481025eef51bc8ae43/lxml-4.2.2.tar.gz[0m
2022-12-27T11:15:48.2526400Z [36;1mtar xf *.tar.gz[0m
2022-12-27T11:15:48.2526630Z [36;1mcd *[0m
2022-12-27T11:15:48.2526960Z [36;1mpython -m pip install cibuildwheel==2.11.3[0m
2022-12-27T11:15:48.2527430Z [36;1mpython -m cibuildwheel --output-dir ../wheelsout[0m
2022-12-27T11:15:48.2555710Z shell: /bin/bash -e {0}
2022-12-27T11:15:48.2556040Z env:
2022-12-27T11:15:48.2556500Z   pythonLocation: /Users/runner/hostedtoolcache/Python/3.11.1/x64
2022-12-27T11:15:48.2556900Z   PKG_CONFIG_PATH: /Users/runner/hostedtoolcache/Python/3.11.1/x64/lib/pkgconfig
2022-12-27T11:15:48.2557480Z   Python_ROOT_DIR: /Users/runner/hostedtoolcache/Python/3.11.1/x64
2022-12-27T11:15:48.2557850Z   Python2_ROOT_DIR: /Users/runner/hostedtoolcache/Python/3.11.1/x64
2022-12-27T11:15:48.2558290Z   Python3_ROOT_DIR: /Users/runner/hostedtoolcache/Python/3.11.1/x64
2022-12-27T11:15:48.2558750Z   CIBW_ARCHS_MACOS: arm64
2022-12-27T11:15:48.2559020Z   CIBW_TEST_SKIP: *_arm64
2022-12-27T11:15:48.2559350Z   CIBW_BUILD: cp311-macosx_arm64
2022-12-27T11:15:48.2559690Z   CIBW_BUILD_FRONTEND: pip
2022-12-27T11:15:48.2559960Z   CIBW_BUILD_VERBOSITY: 3
2022-12-27T11:15:48.2560830Z   CIBW_ENVIRONMENT_MACOS:  CFLAGS="-I/usr/local/opt/openssl@3/include" LDFLAGS="-L/usr/local/opt/openssl@3/lib" CPPFLAGS="-I/usr/local/opt/openssl@3/include" MAKEFLAGS="-j$(sysctl -n hw.logicalcpu)" PATH=/usr/local/opt/ccache/libexec:$PATH
2022-12-27T11:15:48.2561510Z   CIBW_BEFORE_BUILD: pip install Cython; if [[ -f requirements.txt ]]; then pip install -r requirements.txt; fi
2022-12-27T11:15:48.2562800Z   MAKEFLAGS: -j$(sysctl -n hw.logicalcpu)
2022-12-27T11:15:48.2563170Z ##[endgroup]
2022-12-27T11:15:49.0605080Z Requirement already satisfied: cibuildwheel==2.11.3 in /Library/Frameworks/Python.framework/Versions/3.11/lib/python3.11/site-packages (2.11.3)
2022-12-27T11:15:49.1116270Z Requirement already satisfied: bashlex!=0.13 in /Library/Frameworks/Python.framework/Versions/3.11/lib/python3.11/site-packages (from cibuildwheel==2.11.3) (0.16)
2022-12-27T11:15:49.1124430Z Requirement already satisfied: bracex in /Library/Frameworks/Python.framework/Versions/3.11/lib/python3.11/site-packages (from cibuildwheel==2.11.3) (2.3.post1)
2022-12-27T11:15:49.1133700Z Requirement already satisfied: certifi in /Library/Frameworks/Python.framework/Versions/3.11/lib/python3.11/site-packages (from cibuildwheel==2.11.3) (2022.12.7)
2022-12-27T11:15:49.1143420Z Requirement already satisfied: filelock in /Library/Frameworks/Python.framework/Versions/3.11/lib/python3.11/site-packages (from cibuildwheel==2.11.3) (3.8.2)
2022-12-27T11:15:49.1156370Z Requirement already satisfied: packaging>=20.9 in /Library/Frameworks/Python.framework/Versions/3.11/lib/python3.11/site-packages (from cibuildwheel==2.11.3) (22.0)
2022-12-27T11:15:49.1168100Z Requirement already satisfied: platformdirs in /Library/Frameworks/Python.framework/Versions/3.11/lib/python3.11/site-packages (from cibuildwheel==2.11.3) (2.6.0)
2022-12-27T11:15:49.5366070Z 
2022-12-27T11:15:49.5367350Z      _ _       _ _   _       _           _
2022-12-27T11:15:49.5368440Z  ___|_| |_ _ _|_| |_| |_ _ _| |_ ___ ___| |
2022-12-27T11:15:49.5369510Z |  _| | . | | | | | . | | | |   | -_| -_| |
2022-12-27T11:15:49.5371190Z |___|_|___|___|_|_|___|_____|_|_|___|___|_|
2022-12-27T11:15:49.5371570Z 
2022-12-27T11:15:49.5371900Z cibuildwheel version 2.11.3
2022-12-27T11:15:49.5372460Z 
2022-12-27T11:15:49.5372750Z Build options:
2022-12-27T11:15:49.5373230Z   platform: macos
2022-12-27T11:15:49.5534940Z   architectures: arm64[0m
2022-12-27T11:15:49.5535720Z   build_selector: 
2022-12-27T11:15:49.5538270Z     build_config: cp311-macosx_arm64
2022-12-27T11:15:49.5538700Z     skip_config: 
2022-12-27T11:15:49.5539130Z     requires_python: None
2022-12-27T11:15:49.5539950Z     prerelease_pythons: False[0m
2022-12-27T11:15:49.5540420Z   [38;5;244mcontainer_engine: docker[0m
2022-12-27T11:15:49.5541190Z   output_dir: /Users/runner/actions-runner/_work/python.build/python.build/build_lxml422311/wheelsout[0m
2022-12-27T11:15:49.5542410Z   package_dir: /Users/runner/actions-runner/_work/python.build/python.build/build_lxml422311/lxml-4.2.2[0m
2022-12-27T11:15:49.5542870Z   test_selector: 
2022-12-27T11:15:49.5543700Z     skip_config: *_arm64[0m
2022-12-27T11:15:49.5544100Z   [38;5;244mbefore_all: [0m
2022-12-27T11:15:49.5544630Z   before_build: pip install Cython; if [[ -f requirements.txt ]]; then pip install -r requirements.txt; fi[0m
2022-12-27T11:15:49.5545130Z   [38;5;244mbefore_test: [0m
2022-12-27T11:15:49.5545640Z   [38;5;244mbuild_frontend: pip[0m
2022-12-27T11:15:49.5545980Z   build_verbosity: 3[0m
2022-12-27T11:15:49.5546400Z   [38;5;244mconfig_settings: [0m
2022-12-27T11:15:49.5546840Z   [38;5;244mdependency_constraints: pinned[0m
2022-12-27T11:15:49.5547120Z   environment: 
2022-12-27T11:15:49.5547640Z     CFLAGS="-I/usr/local/opt/openssl@3/include"
2022-12-27T11:15:49.5548110Z     LDFLAGS="-L/usr/local/opt/openssl@3/lib"
2022-12-27T11:15:49.5548570Z     CPPFLAGS="-I/usr/local/opt/openssl@3/include"
2022-12-27T11:15:49.5548970Z     MAKEFLAGS="-j$(sysctl -n hw.logicalcpu)"
2022-12-27T11:15:49.5549430Z     PATH=/usr/local/opt/ccache/libexec:$PATH[0m
2022-12-27T11:15:49.5549950Z   [38;5;244mmanylinux_images: None[0m
2022-12-27T11:15:49.5550300Z   [38;5;244mmusllinux_images: None[0m
2022-12-27T11:15:49.5550850Z   [38;5;244mrepair_command: delocate-wheel --require-archs {delocate_archs} -w {dest_dir} -v {wheel}[0m
2022-12-27T11:15:49.5551330Z   [38;5;244mtest_command: [0m
2022-12-27T11:15:49.5551660Z   [38;5;244mtest_extras: [0m
2022-12-27T11:15:49.5552190Z   [38;5;244mtest_requires: [0m
2022-12-27T11:15:49.5552400Z 
2022-12-27T11:15:49.5552600Z Cache folder: /Users/runner/Library/Caches/cibuildwheel
2022-12-27T11:15:49.5554010Z 
2022-12-27T11:15:49.5554960Z Here we go!
2022-12-27T11:15:49.5555140Z 
2022-12-27T11:15:49.5626350Z 
2022-12-27T11:15:49.5629060Z [1m[34mBuilding cp311-macosx_arm64 wheel[0m
2022-12-27T11:15:49.5630660Z CPython 3.11 macOS arm64 - Apple Silicon
2022-12-27T11:15:49.5631160Z 
2022-12-27T11:15:49.5632710Z ##[group]Installing Python cp311...
2022-12-27T11:15:49.5632950Z 
2022-12-27T11:15:49.5636000Z + pkgutil --pkgs
2022-12-27T11:15:49.5843390Z ##[endgroup]
2022-12-27T11:15:49.5846000Z                                                               [32mâœ“ [0m0.02s
2022-12-27T11:15:49.5846730Z ##[group]Setting up build environment...
2022-12-27T11:15:49.5846910Z 
2022-12-27T11:15:49.5876420Z + /Library/Frameworks/Python.framework/Versions/3.11/bin/python -sS /Users/runner/Library/Caches/cibuildwheel/virtualenv-20.17.0.pyz --activators= --no-periodic-update --pip=22.3.1 --setuptools=65.6.3 --wheel=0.38.4 --symlink-app-data --python /Library/Frameworks/Python.framework/Versions/3.11/bin/python3 /private/var/folders/51/hd414ycd67n82196sw51xqtc0000gn/T/cibw-run-midfo9kz/cp311-macosx_arm64/build/venv
2022-12-27T11:15:49.8844260Z created virtual environment CPython3.11.1.final.0-64 in 77ms
2022-12-27T11:15:49.8845210Z   creator CPython3Posix(dest=/private/var/folders/51/hd414ycd67n82196sw51xqtc0000gn/T/cibw-run-midfo9kz/cp311-macosx_arm64/build/venv, clear=False, no_vcs_ignore=False, global=False)
2022-12-27T11:15:49.8846200Z   seeder FromAppData(download=False, pip=22.3.1, setuptools=65.6.3, wheel=0.38.4, via=symlink, app_data_dir=/Users/runner/Library/Application Support/virtualenv)
2022-12-27T11:15:49.8846770Z     added seed packages: pip==22.3.1, setuptools==65.6.3, wheel==0.38.4
2022-12-27T11:15:49.9095840Z + python -m pip install --upgrade pip -c /Library/Frameworks/Python.framework/Versions/3.11/lib/python3.11/site-packages/cibuildwheel/resources/constraints-python311.txt
2022-12-27T11:15:50.3572630Z Requirement already satisfied: pip in ./lib/python3.11/site-packages (22.3.1)
2022-12-27T11:15:50.5893730Z + which pip
2022-12-27T11:15:50.5935940Z /private/var/folders/51/hd414ycd67n82196sw51xqtc0000gn/T/cibw-run-midfo9kz/cp311-macosx_arm64/build/venv/bin/pip
2022-12-27T11:15:50.5941970Z + pip --version
2022-12-27T11:15:50.9151020Z pip 22.3.1 from /private/var/folders/51/hd414ycd67n82196sw51xqtc0000gn/T/cibw-run-midfo9kz/cp311-macosx_arm64/build/venv/lib/python3.11/site-packages/pip (python 3.11)
2022-12-27T11:15:50.9677690Z + which pip
2022-12-27T11:15:50.9750700Z + which python
2022-12-27T11:15:50.9795260Z /private/var/folders/51/hd414ycd67n82196sw51xqtc0000gn/T/cibw-run-midfo9kz/cp311-macosx_arm64/build/venv/bin/python
2022-12-27T11:15:50.9799410Z + python --version
2022-12-27T11:15:50.9921580Z Python 3.11.1
2022-12-27T11:15:50.9926700Z + which python
2022-12-27T11:15:51.0022150Z ##[endgroup]
2022-12-27T11:15:51.0023100Z                                                               [32mâœ“ [0m1.42s
2022-12-27T11:15:51.0023930Z ##[group]Installing build tools...
2022-12-27T11:15:51.0024150Z 
2022-12-27T11:15:51.0024760Z + pip install --upgrade setuptools wheel delocate -c /Library/Frameworks/Python.framework/Versions/3.11/lib/python3.11/site-packages/cibuildwheel/resources/constraints-python311.txt
2022-12-27T11:15:51.4575040Z Requirement already satisfied: setuptools in /private/var/folders/51/hd414ycd67n82196sw51xqtc0000gn/T/cibw-run-midfo9kz/cp311-macosx_arm64/build/venv/lib/python3.11/site-packages (65.6.3)
2022-12-27T11:15:51.7420120Z Requirement already satisfied: wheel in /private/var/folders/51/hd414ycd67n82196sw51xqtc0000gn/T/cibw-run-midfo9kz/cp311-macosx_arm64/build/venv/lib/python3.11/site-packages (0.38.4)
2022-12-27T11:15:51.8046690Z Collecting delocate
2022-12-27T11:15:51.8273510Z   Using cached delocate-0.10.3-py3-none-any.whl (142 kB)
2022-12-27T11:15:51.8757380Z Collecting packaging>=20.9
2022-12-27T11:15:51.8801200Z   Using cached packaging-21.3-py3-none-any.whl (40 kB)
2022-12-27T11:15:51.9079670Z Collecting typing-extensions
2022-12-27T11:15:51.9123450Z   Using cached typing_extensions-4.4.0-py3-none-any.whl (26 kB)
2022-12-27T11:15:51.9623180Z Collecting pyparsing!=3.0.5,>=2.0.2
2022-12-27T11:15:51.9660660Z   Using cached pyparsing-3.0.9-py3-none-any.whl (98 kB)
2022-12-27T11:15:52.0561210Z Installing collected packages: typing-extensions, pyparsing, packaging, delocate
2022-12-27T11:15:52.2732820Z Successfully installed delocate-0.10.3 packaging-21.3 pyparsing-3.0.9 typing-extensions-4.4.0
2022-12-27T11:15:52.4150280Z ##[endgroup]
2022-12-27T11:15:52.4151800Z                                                               [32mâœ“ [0m1.41s
2022-12-27T11:15:52.4152950Z ##[group]Running before_build...
2022-12-27T11:15:52.4153090Z 
2022-12-27T11:15:52.4162570Z + pip install Cython; if [[ -f requirements.txt ]]; then pip install -r requirements.txt; fi
2022-12-27T11:15:53.3205310Z Collecting Cython
2022-12-27T11:15:53.3285450Z   Using cached Cython-0.29.32-py2.py3-none-any.whl (986 kB)
2022-12-27T11:15:53.4019200Z Installing collected packages: Cython
2022-12-27T11:15:54.1214910Z Successfully installed Cython-0.29.32
2022-12-27T11:15:54.6565490Z Requirement already satisfied: Cython>=0.26.1 in /private/var/folders/51/hd414ycd67n82196sw51xqtc0000gn/T/cibw-run-midfo9kz/cp311-macosx_arm64/build/venv/lib/python3.11/site-packages (from -r requirements.txt (line 1)) (0.29.32)
2022-12-27T11:15:54.8110930Z ##[endgroup]
2022-12-27T11:15:54.8113200Z                                                               [32mâœ“ [0m2.40s
2022-12-27T11:15:54.8114570Z ##[group]Building wheel...
2022-12-27T11:15:54.8114980Z 
2022-12-27T11:15:54.8122000Z + python -m pip wheel /Users/runner/actions-runner/_work/python.build/python.build/build_lxml422311/lxml-4.2.2 --wheel-dir=/private/var/folders/51/hd414ycd67n82196sw51xqtc0000gn/T/cibw-run-midfo9kz/cp311-macosx_arm64/built_wheel --no-deps -vvv
2022-12-27T11:15:55.2175810Z Created temporary directory: /private/var/folders/51/hd414ycd67n82196sw51xqtc0000gn/T/pip-ephem-wheel-cache-723c2tka
2022-12-27T11:15:55.2179060Z Created temporary directory: /private/var/folders/51/hd414ycd67n82196sw51xqtc0000gn/T/pip-build-tracker-niey31eg
2022-12-27T11:15:55.2181410Z Initialized build tracking at /private/var/folders/51/hd414ycd67n82196sw51xqtc0000gn/T/pip-build-tracker-niey31eg
2022-12-27T11:15:55.2185020Z Created build tracker: /private/var/folders/51/hd414ycd67n82196sw51xqtc0000gn/T/pip-build-tracker-niey31eg
2022-12-27T11:15:55.2186020Z Entered build tracker: /private/var/folders/51/hd414ycd67n82196sw51xqtc0000gn/T/pip-build-tracker-niey31eg
2022-12-27T11:15:55.2191440Z Created temporary directory: /private/var/folders/51/hd414ycd67n82196sw51xqtc0000gn/T/pip-wheel-9nrndf0u
2022-12-27T11:15:55.2200410Z Created temporary directory: /private/var/folders/51/hd414ycd67n82196sw51xqtc0000gn/T/pip-ephem-wheel-cache-62hba5se
2022-12-27T11:15:55.2323840Z Processing /Users/runner/actions-runner/_work/python.build/python.build/build_lxml422311/lxml-4.2.2
2022-12-27T11:15:55.2330990Z   Added file:///Users/runner/actions-runner/_work/python.build/python.build/build_lxml422311/lxml-4.2.2 to build tracker '/private/var/folders/51/hd414ycd67n82196sw51xqtc0000gn/T/pip-build-tracker-niey31eg'
2022-12-27T11:15:55.2336330Z   Running setup.py (path:/Users/runner/actions-runner/_work/python.build/python.build/build_lxml422311/lxml-4.2.2/setup.py) egg_info for package from file:///Users/runner/actions-runner/_work/python.build/python.build/build_lxml422311/lxml-4.2.2
2022-12-27T11:15:55.2340140Z   Created temporary directory: /private/var/folders/51/hd414ycd67n82196sw51xqtc0000gn/T/pip-pip-egg-info-b03e498k
2022-12-27T11:15:55.2341740Z   Preparing metadata (setup.py): started
2022-12-27T11:15:55.2345030Z   Running command python setup.py egg_info
2022-12-27T11:15:55.7497460Z   Building lxml version 4.2.2.
2022-12-27T11:15:55.7498220Z   Building without Cython.
2022-12-27T11:15:55.7499230Z   Using build configuration of libxslt 1.1.29
2022-12-27T11:15:55.7502100Z   Building against libxml2/libxslt in the following directory: /Library/Developer/CommandLineTools/SDKs/MacOSX12.1.sdk/usr/lib
2022-12-27T11:15:55.7502920Z   running egg_info
2022-12-27T11:15:55.7506740Z   creating /private/var/folders/51/hd414ycd67n82196sw51xqtc0000gn/T/pip-pip-egg-info-b03e498k/lxml.egg-info
2022-12-27T11:15:55.7508110Z   writing /private/var/folders/51/hd414ycd67n82196sw51xqtc0000gn/T/pip-pip-egg-info-b03e498k/lxml.egg-info/PKG-INFO
2022-12-27T11:15:55.7514760Z   writing dependency_links to /private/var/folders/51/hd414ycd67n82196sw51xqtc0000gn/T/pip-pip-egg-info-b03e498k/lxml.egg-info/dependency_links.txt
2022-12-27T11:15:55.7518140Z   writing requirements to /private/var/folders/51/hd414ycd67n82196sw51xqtc0000gn/T/pip-pip-egg-info-b03e498k/lxml.egg-info/requires.txt
2022-12-27T11:15:55.7520070Z   writing top-level names to /private/var/folders/51/hd414ycd67n82196sw51xqtc0000gn/T/pip-pip-egg-info-b03e498k/lxml.egg-info/top_level.txt
2022-12-27T11:15:55.7530990Z   writing manifest file '/private/var/folders/51/hd414ycd67n82196sw51xqtc0000gn/T/pip-pip-egg-info-b03e498k/lxml.egg-info/SOURCES.txt'
2022-12-27T11:15:55.7676040Z   reading manifest file '/private/var/folders/51/hd414ycd67n82196sw51xqtc0000gn/T/pip-pip-egg-info-b03e498k/lxml.egg-info/SOURCES.txt'
2022-12-27T11:15:55.7678030Z   reading manifest template 'MANIFEST.in'
2022-12-27T11:15:55.9443360Z   adding license file 'LICENSES.txt'
2022-12-27T11:15:55.9544620Z   writing manifest file '/private/var/folders/51/hd414ycd67n82196sw51xqtc0000gn/T/pip-pip-egg-info-b03e498k/lxml.egg-info/SOURCES.txt'
2022-12-27T11:15:56.0189090Z   Preparing metadata (setup.py): finished with status 'done'
2022-12-27T11:15:56.0237110Z   Source in /Users/runner/actions-runner/_work/python.build/python.build/build_lxml422311/lxml-4.2.2 has version 4.2.2, which satisfies requirement lxml==4.2.2 from file:///Users/runner/actions-runner/_work/python.build/python.build/build_lxml422311/lxml-4.2.2
2022-12-27T11:15:56.0240740Z   Removed lxml==4.2.2 from file:///Users/runner/actions-runner/_work/python.build/python.build/build_lxml422311/lxml-4.2.2 from build tracker '/private/var/folders/51/hd414ycd67n82196sw51xqtc0000gn/T/pip-build-tracker-niey31eg'
2022-12-27T11:15:56.0266530Z Created temporary directory: /private/var/folders/51/hd414ycd67n82196sw51xqtc0000gn/T/pip-unpack-9j8q54cu
2022-12-27T11:15:56.0269310Z Building wheels for collected packages: lxml
2022-12-27T11:15:56.0541050Z   Created temporary directory: /private/var/folders/51/hd414ycd67n82196sw51xqtc0000gn/T/pip-wheel-kn_192kk
2022-12-27T11:15:56.0543170Z   Building wheel for lxml (setup.py): started
2022-12-27T11:15:56.0545660Z   Destination directory: /private/var/folders/51/hd414ycd67n82196sw51xqtc0000gn/T/pip-wheel-kn_192kk
2022-12-27T11:15:56.0547320Z   Running command python setup.py bdist_wheel
2022-12-27T11:15:56.2899010Z   Building lxml version 4.2.2.
2022-12-27T11:15:56.2900360Z   Building without Cython.
2022-12-27T11:15:56.3170300Z   Using build configuration of libxslt 1.1.29
2022-12-27T11:15:56.5305130Z   Building against libxml2/libxslt in the following directory: /Library/Developer/CommandLineTools/SDKs/MacOSX12.1.sdk/usr/lib
2022-12-27T11:15:56.5727930Z   running bdist_wheel
2022-12-27T11:15:56.5792170Z   running build
2022-12-27T11:15:56.5794070Z   running build_py
2022-12-27T11:15:56.5826650Z   creating build
2022-12-27T11:15:56.5831090Z   creating build/lib.macosx-11.0-arm64-cpython-311
2022-12-27T11:15:56.5833950Z   creating build/lib.macosx-11.0-arm64-cpython-311/lxml
2022-12-27T11:15:56.5838290Z   copying src/lxml/_elementpath.py -> build/lib.macosx-11.0-arm64-cpython-311/lxml
2022-12-27T11:15:56.5839360Z   copying src/lxml/sax.py -> build/lib.macosx-11.0-arm64-cpython-311/lxml
2022-12-27T11:15:56.5842760Z   copying src/lxml/pyclasslookup.py -> build/lib.macosx-11.0-arm64-cpython-311/lxml
2022-12-27T11:15:56.5844240Z   copying src/lxml/__init__.py -> build/lib.macosx-11.0-arm64-cpython-311/lxml
2022-12-27T11:15:56.5845710Z   copying src/lxml/builder.py -> build/lib.macosx-11.0-arm64-cpython-311/lxml
2022-12-27T11:15:56.5853650Z   copying src/lxml/doctestcompare.py -> build/lib.macosx-11.0-arm64-cpython-311/lxml
2022-12-27T11:15:56.5857570Z   copying src/lxml/usedoctest.py -> build/lib.macosx-11.0-arm64-cpython-311/lxml
2022-12-27T11:15:56.5859210Z   copying src/lxml/cssselect.py -> build/lib.macosx-11.0-arm64-cpython-311/lxml
2022-12-27T11:15:56.5866360Z   copying src/lxml/ElementInclude.py -> build/lib.macosx-11.0-arm64-cpython-311/lxml
2022-12-27T11:15:56.5871010Z   creating build/lib.macosx-11.0-arm64-cpython-311/lxml/includes
2022-12-27T11:15:56.5873010Z   copying src/lxml/includes/__init__.py -> build/lib.macosx-11.0-arm64-cpython-311/lxml/includes
2022-12-27T11:15:56.5882670Z   creating build/lib.macosx-11.0-arm64-cpython-311/lxml/html
2022-12-27T11:15:56.5884570Z   copying src/lxml/html/soupparser.py -> build/lib.macosx-11.0-arm64-cpython-311/lxml/html
2022-12-27T11:15:56.5888650Z   copying src/lxml/html/defs.py -> build/lib.macosx-11.0-arm64-cpython-311/lxml/html
2022-12-27T11:15:56.5895490Z   copying src/lxml/html/_setmixin.py -> build/lib.macosx-11.0-arm64-cpython-311/lxml/html
2022-12-27T11:15:56.5900100Z   copying src/lxml/html/clean.py -> build/lib.macosx-11.0-arm64-cpython-311/lxml/html
2022-12-27T11:15:56.5903910Z   copying src/lxml/html/_diffcommand.py -> build/lib.macosx-11.0-arm64-cpython-311/lxml/html
2022-12-27T11:15:56.5905730Z   copying src/lxml/html/html5parser.py -> build/lib.macosx-11.0-arm64-cpython-311/lxml/html
2022-12-27T11:15:56.5907550Z   copying src/lxml/html/__init__.py -> build/lib.macosx-11.0-arm64-cpython-311/lxml/html
2022-12-27T11:15:56.5912680Z   copying src/lxml/html/formfill.py -> build/lib.macosx-11.0-arm64-cpython-311/lxml/html
2022-12-27T11:15:56.5916500Z   copying src/lxml/html/builder.py -> build/lib.macosx-11.0-arm64-cpython-311/lxml/html
2022-12-27T11:15:56.5920430Z   copying src/lxml/html/ElementSoup.py -> build/lib.macosx-11.0-arm64-cpython-311/lxml/html
2022-12-27T11:15:56.5924760Z   copying src/lxml/html/_html5builder.py -> build/lib.macosx-11.0-arm64-cpython-311/lxml/html
2022-12-27T11:15:56.5927570Z   copying src/lxml/html/usedoctest.py -> build/lib.macosx-11.0-arm64-cpython-311/lxml/html
2022-12-27T11:15:56.5931440Z   copying src/lxml/html/diff.py -> build/lib.macosx-11.0-arm64-cpython-311/lxml/html
2022-12-27T11:15:56.5939110Z   creating build/lib.macosx-11.0-arm64-cpython-311/lxml/isoschematron
2022-12-27T11:15:56.5941370Z   copying src/lxml/isoschematron/__init__.py -> build/lib.macosx-11.0-arm64-cpython-311/lxml/isoschematron
2022-12-27T11:15:56.5989930Z   copying src/lxml/etree.h -> build/lib.macosx-11.0-arm64-cpython-311/lxml
2022-12-27T11:15:56.5991250Z   copying src/lxml/etree_api.h -> build/lib.macosx-11.0-arm64-cpython-311/lxml
2022-12-27T11:15:56.5998910Z   copying src/lxml/lxml.etree.h -> build/lib.macosx-11.0-arm64-cpython-311/lxml
2022-12-27T11:15:56.6000740Z   copying src/lxml/lxml.etree_api.h -> build/lib.macosx-11.0-arm64-cpython-311/lxml
2022-12-27T11:15:56.6004280Z   copying src/lxml/includes/xmlerror.pxd -> build/lib.macosx-11.0-arm64-cpython-311/lxml/includes
2022-12-27T11:15:56.6137420Z   copying src/lxml/includes/c14n.pxd -> build/lib.macosx-11.0-arm64-cpython-311/lxml/includes
2022-12-27T11:15:56.6139070Z   copying src/lxml/includes/xmlschema.pxd -> build/lib.macosx-11.0-arm64-cpython-311/lxml/includes
2022-12-27T11:15:56.6139900Z   copying src/lxml/includes/__init__.pxd -> build/lib.macosx-11.0-arm64-cpython-311/lxml/includes
2022-12-27T11:15:56.6140900Z   copying src/lxml/includes/schematron.pxd -> build/lib.macosx-11.0-arm64-cpython-311/lxml/includes
2022-12-27T11:15:56.6141930Z   copying src/lxml/includes/tree.pxd -> build/lib.macosx-11.0-arm64-cpython-311/lxml/includes
2022-12-27T11:15:56.6142750Z   copying src/lxml/includes/uri.pxd -> build/lib.macosx-11.0-arm64-cpython-311/lxml/includes
2022-12-27T11:15:56.6143640Z   copying src/lxml/includes/etreepublic.pxd -> build/lib.macosx-11.0-arm64-cpython-311/lxml/includes
2022-12-27T11:15:56.6144400Z   copying src/lxml/includes/xpath.pxd -> build/lib.macosx-11.0-arm64-cpython-311/lxml/includes
2022-12-27T11:15:56.6145400Z   copying src/lxml/includes/htmlparser.pxd -> build/lib.macosx-11.0-arm64-cpython-311/lxml/includes
2022-12-27T11:15:56.6146290Z   copying src/lxml/includes/xslt.pxd -> build/lib.macosx-11.0-arm64-cpython-311/lxml/includes
2022-12-27T11:15:56.6148080Z   copying src/lxml/includes/config.pxd -> build/lib.macosx-11.0-arm64-cpython-311/lxml/includes
2022-12-27T11:15:56.6148700Z   copying src/lxml/includes/xmlparser.pxd -> build/lib.macosx-11.0-arm64-cpython-311/lxml/includes
2022-12-27T11:15:56.6149210Z   copying src/lxml/includes/xinclude.pxd -> build/lib.macosx-11.0-arm64-cpython-311/lxml/includes
2022-12-27T11:15:56.6149810Z   copying src/lxml/includes/dtdvalid.pxd -> build/lib.macosx-11.0-arm64-cpython-311/lxml/includes
2022-12-27T11:15:56.6150320Z   copying src/lxml/includes/relaxng.pxd -> build/lib.macosx-11.0-arm64-cpython-311/lxml/includes
2022-12-27T11:15:56.6150920Z   copying src/lxml/includes/lxml-version.h -> build/lib.macosx-11.0-arm64-cpython-311/lxml/includes
2022-12-27T11:15:56.6151500Z   copying src/lxml/includes/etree_defs.h -> build/lib.macosx-11.0-arm64-cpython-311/lxml/includes
2022-12-27T11:15:56.6152120Z   creating build/lib.macosx-11.0-arm64-cpython-311/lxml/isoschematron/resources
2022-12-27T11:15:56.6152860Z   creating build/lib.macosx-11.0-arm64-cpython-311/lxml/isoschematron/resources/rng
2022-12-27T11:15:56.6153560Z   copying src/lxml/isoschematron/resources/rng/iso-schematron.rng -> build/lib.macosx-11.0-arm64-cpython-311/lxml/isoschematron/resources/rng
2022-12-27T11:15:56.6154180Z   creating build/lib.macosx-11.0-arm64-cpython-311/lxml/isoschematron/resources/xsl
2022-12-27T11:15:56.6154910Z   copying src/lxml/isoschematron/resources/xsl/XSD2Schtrn.xsl -> build/lib.macosx-11.0-arm64-cpython-311/lxml/isoschematron/resources/xsl
2022-12-27T11:15:56.6155720Z   copying src/lxml/isoschematron/resources/xsl/RNG2Schtrn.xsl -> build/lib.macosx-11.0-arm64-cpython-311/lxml/isoschematron/resources/xsl
2022-12-27T11:15:56.6157000Z   creating build/lib.macosx-11.0-arm64-cpython-311/lxml/isoschematron/resources/xsl/iso-schematron-xslt1
2022-12-27T11:15:56.6157860Z   copying src/lxml/isoschematron/resources/xsl/iso-schematron-xslt1/iso_abstract_expand.xsl -> build/lib.macosx-11.0-arm64-cpython-311/lxml/isoschematron/resources/xsl/iso-schematron-xslt1
2022-12-27T11:15:56.6158830Z   copying src/lxml/isoschematron/resources/xsl/iso-schematron-xslt1/iso_dsdl_include.xsl -> build/lib.macosx-11.0-arm64-cpython-311/lxml/isoschematron/resources/xsl/iso-schematron-xslt1
2022-12-27T11:15:56.6160180Z   copying src/lxml/isoschematron/resources/xsl/iso-schematron-xslt1/iso_schematron_skeleton_for_xslt1.xsl -> build/lib.macosx-11.0-arm64-cpython-311/lxml/isoschematron/resources/xsl/iso-schematron-xslt1
2022-12-27T11:15:56.6161180Z   copying src/lxml/isoschematron/resources/xsl/iso-schematron-xslt1/iso_svrl_for_xslt1.xsl -> build/lib.macosx-11.0-arm64-cpython-311/lxml/isoschematron/resources/xsl/iso-schematron-xslt1
2022-12-27T11:15:56.6162110Z   copying src/lxml/isoschematron/resources/xsl/iso-schematron-xslt1/iso_schematron_message.xsl -> build/lib.macosx-11.0-arm64-cpython-311/lxml/isoschematron/resources/xsl/iso-schematron-xslt1
2022-12-27T11:15:56.6163010Z   copying src/lxml/isoschematron/resources/xsl/iso-schematron-xslt1/readme.txt -> build/lib.macosx-11.0-arm64-cpython-311/lxml/isoschematron/resources/xsl/iso-schematron-xslt1
2022-12-27T11:15:56.6168190Z   running build_ext
2022-12-27T11:15:56.6221460Z   building 'lxml.etree' extension
2022-12-27T11:15:56.6223470Z   creating build/temp.macosx-11.0-arm64-cpython-311
2022-12-27T11:15:56.6225410Z   creating build/temp.macosx-11.0-arm64-cpython-311/src
2022-12-27T11:15:56.6227590Z   creating build/temp.macosx-11.0-arm64-cpython-311/src/lxml
2022-12-27T11:15:56.6232300Z   clang -Wsign-compare -Wunreachable-code -fno-common -dynamic -DNDEBUG -g -fwrapv -O3 -Wall -g -I/usr/local/opt/openssl@3/include -I/usr/local/opt/openssl@3/include -arch arm64 -DCYTHON_CLINE_IN_TRACEBACK=0 -I/Library/Developer/CommandLineTools/SDKs/MacOSX12.1.sdk/usr/include -Isrc -Isrc/lxml/includes -I/private/var/folders/51/hd414ycd67n82196sw51xqtc0000gn/T/cibw-run-midfo9kz/cp311-macosx_arm64/build/venv/include -I/Library/Frameworks/Python.framework/Versions/3.11/include/python3.11 -c src/lxml/etree.c -o build/temp.macosx-11.0-arm64-cpython-311/src/lxml/etree.o -w -flat_namespace
2022-12-27T11:15:56.7606580Z   src/lxml/etree.c:274:12: fatal error: 'longintrepr.h' file not found
2022-12-27T11:15:56.7607380Z     #include "longintrepr.h"
2022-12-27T11:15:56.7608010Z              ^~~~~~~~~~~~~~~
2022-12-27T11:15:58.9429470Z   1 error generated.
2022-12-27T11:15:58.9534330Z   Compile failed: command '/usr/bin/clang' failed with exit code 1
2022-12-27T11:15:59.0857070Z   creating var
2022-12-27T11:15:59.0858270Z   creating var/folders
2022-12-27T11:15:59.0861300Z   creating var/folders/51
2022-12-27T11:15:59.0862020Z   creating var/folders/51/hd414ycd67n82196sw51xqtc0000gn
2022-12-27T11:15:59.0864560Z   creating var/folders/51/hd414ycd67n82196sw51xqtc0000gn/T
2022-12-27T11:15:59.0867330Z   cc -arch arm64 -I/Library/Developer/CommandLineTools/SDKs/MacOSX12.1.sdk/usr/include -I/usr/include/libxml2 -c /var/folders/51/hd414ycd67n82196sw51xqtc0000gn/T/xmlXPathInit61xos4ds.c -o var/folders/51/hd414ycd67n82196sw51xqtc0000gn/T/xmlXPathInit61xos4ds.o
2022-12-27T11:15:59.1654210Z   cc -arch arm64 var/folders/51/hd414ycd67n82196sw51xqtc0000gn/T/xmlXPathInit61xos4ds.o -L/Library/Developer/CommandLineTools/SDKs/MacOSX12.1.sdk/usr/lib -lxml2 -o a.out
2022-12-27T11:15:59.2391140Z   error: command '/usr/bin/clang' failed with exit code 1
2022-12-27T11:15:59.3236900Z   error: subprocess-exited-with-error
2022-12-27T11:15:59.3237330Z   
2022-12-27T11:15:59.3237780Z   Ã— python setup.py bdist_wheel did not run successfully.
2022-12-27T11:15:59.3238240Z   â”‚ exit code: 1
2022-12-27T11:15:59.3238630Z   â•°â”€> See above for output.
2022-12-27T11:15:59.3238880Z   
2022-12-27T11:15:59.3239270Z   note: This error originates from a subprocess, and is likely not a problem with pip.
2022-12-27T11:15:59.3248400Z   full command: /private/var/folders/51/hd414ycd67n82196sw51xqtc0000gn/T/cibw-run-midfo9kz/cp311-macosx_arm64/build/venv/bin/python -u -c '
2022-12-27T11:15:59.3249090Z   exec(compile('"'"''"'"''"'"'
2022-12-27T11:15:59.3249560Z   # This is <pip-setuptools-caller> -- a caller that pip uses to run setup.py
2022-12-27T11:15:59.3249960Z   #
2022-12-27T11:15:59.3250640Z   # - It imports setuptools before invoking setup.py, to enable projects that directly
2022-12-27T11:15:59.3251160Z   #   import from `distutils.core` to work with newer packaging standards.
2022-12-27T11:15:59.3251740Z   # - It provides a clear error message when setuptools is not installed.
2022-12-27T11:15:59.3252320Z   # - It sets `sys.argv[0]` to the underlying `setup.py`, when invoking `setup.py` so
2022-12-27T11:15:59.3252990Z   #   setuptools doesn'"'"'t think the script is `-c`. This avoids the following warning:
2022-12-27T11:15:59.3253690Z   #     manifest_maker: standard file '"'"'-c'"'"' not found".
2022-12-27T11:15:59.3254480Z   # - It generates a shim setup.py, for handling setup.cfg-only projects.
2022-12-27T11:15:59.3255060Z   import os, sys, tokenize
2022-12-27T11:15:59.3255420Z   
2022-12-27T11:15:59.3255740Z   try:
2022-12-27T11:15:59.3256150Z       import setuptools
2022-12-27T11:15:59.3256570Z   except ImportError as error:
2022-12-27T11:15:59.3256900Z       print(
2022-12-27T11:15:59.3257300Z           "ERROR: Can not execute `setup.py` since setuptools is not available in "
2022-12-27T11:15:59.3257670Z           "the build environment.",
2022-12-27T11:15:59.3258010Z           file=sys.stderr,
2022-12-27T11:15:59.3258200Z       )
2022-12-27T11:15:59.3258450Z       sys.exit(1)
2022-12-27T11:15:59.3258730Z   
2022-12-27T11:15:59.3258990Z   __file__ = %r
2022-12-27T11:15:59.3259260Z   sys.argv[0] = __file__
2022-12-27T11:15:59.3259570Z   
2022-12-27T11:15:59.3259830Z   if os.path.exists(__file__):
2022-12-27T11:15:59.3260160Z       filename = __file__
2022-12-27T11:15:59.3260440Z       with tokenize.open(__file__) as f:
2022-12-27T11:15:59.3260990Z           setup_py_code = f.read()
2022-12-27T11:15:59.3261310Z   else:
2022-12-27T11:15:59.3261730Z       filename = "<auto-generated setuptools caller>"
2022-12-27T11:15:59.3262610Z       setup_py_code = "from setuptools import setup; setup()"
2022-12-27T11:15:59.3263160Z   
2022-12-27T11:15:59.3263440Z   exec(compile(setup_py_code, filename, "exec"))
2022-12-27T11:15:59.3264330Z   '"'"''"'"''"'"' % ('"'"'/Users/runner/actions-runner/_work/python.build/python.build/build_lxml422311/lxml-4.2.2/setup.py'"'"',), "<pip-setuptools-caller>", "exec"))' bdist_wheel -d /private/var/folders/51/hd414ycd67n82196sw51xqtc0000gn/T/pip-wheel-kn_192kk
2022-12-27T11:15:59.3265150Z   cwd: /Users/runner/actions-runner/_work/python.build/python.build/build_lxml422311/lxml-4.2.2/
2022-12-27T11:15:59.3265590Z   ERROR: Failed building wheel for lxml
2022-12-27T11:15:59.3266060Z   Building wheel for lxml (setup.py): finished with status 'error'
2022-12-27T11:15:59.3266450Z   Running command python setup.py clean
2022-12-27T11:15:59.3266860Z   Running setup.py clean for lxml
2022-12-27T11:15:59.5679410Z   Building lxml version 4.2.2.
2022-12-27T11:15:59.5680230Z   Building without Cython.
2022-12-27T11:15:59.5946100Z   Using build configuration of libxslt 1.1.29
2022-12-27T11:15:59.8099390Z   Building against libxml2/libxslt in the following directory: /Library/Developer/CommandLineTools/SDKs/MacOSX12.1.sdk/usr/lib
2022-12-27T11:15:59.8349700Z   running clean
2022-12-27T11:15:59.8403230Z   removing 'build/temp.macosx-11.0-arm64-cpython-311' (and everything under it)
2022-12-27T11:15:59.8408750Z   removing 'build/lib.macosx-11.0-arm64-cpython-311' (and everything under it)
2022-12-27T11:15:59.8488610Z   'build/bdist.macosx-11.0-arm64' does not exist -- can't clean it
2022-12-27T11:15:59.8491130Z   'build/scripts-3.11' does not exist -- can't clean it
2022-12-27T11:15:59.8492660Z   removing 'build'
2022-12-27T11:15:59.9149850Z Failed to build lxml
2022-12-27T11:15:59.9155510Z ERROR: Failed to build one or more wheels
2022-12-27T11:15:59.9176040Z Exception information:
2022-12-27T11:15:59.9176490Z Traceback (most recent call last):
2022-12-27T11:15:59.9188390Z   File "/private/var/folders/51/hd414ycd67n82196sw51xqtc0000gn/T/cibw-run-midfo9kz/cp311-macosx_arm64/build/venv/lib/python3.11/site-packages/pip/_internal/cli/base_command.py", line 160, in exc_logging_wrapper
2022-12-27T11:15:59.9189140Z     status = run_func(*args)
2022-12-27T11:15:59.9189470Z              ^^^^^^^^^^^^^^^
2022-12-27T11:15:59.9190280Z   File "/private/var/folders/51/hd414ycd67n82196sw51xqtc0000gn/T/cibw-run-midfo9kz/cp311-macosx_arm64/build/venv/lib/python3.11/site-packages/pip/_internal/cli/req_command.py", line 247, in wrapper
2022-12-27T11:15:59.9190760Z     return func(self, options, args)
2022-12-27T11:15:59.9191110Z            ^^^^^^^^^^^^^^^^^^^^^^^^^
2022-12-27T11:15:59.9191860Z   File "/private/var/folders/51/hd414ycd67n82196sw51xqtc0000gn/T/cibw-run-midfo9kz/cp311-macosx_arm64/build/venv/lib/python3.11/site-packages/pip/_internal/commands/wheel.py", line 201, in run
2022-12-27T11:15:59.9192450Z     raise CommandError("Failed to build one or more wheels")
2022-12-27T11:15:59.9192830Z pip._internal.exceptions.CommandError: Failed to build one or more wheels
2022-12-27T11:15:59.9193610Z Removed build tracker: '/private/var/folders/51/hd414ycd67n82196sw51xqtc0000gn/T/pip-build-tracker-niey31eg'
2022-12-27T11:16:00.0314330Z ##[error]Command ['python', '-m', 'pip', 'wheel', '/Users/runner/actions-runner/_work/python.build/python.build/build_lxml422311/lxml-4.2.2', '--wheel-dir=/private/var/folders/51/hd414ycd67n82196sw51xqtc0000gn/T/cibw-run-midfo9kz/cp311-macosx_arm64/built_wheel', '--no-deps', '-vvv'] failed with code 1. None
2022-12-27T11:16:00.0324060Z ##[endgroup]
2022-12-27T11:16:00.0324270Z 
2022-12-27T11:16:00.0324720Z                                                               [31mâœ• [0m5.22s
2022-12-27T11:16:00.1183530Z ##[error]Process completed with exit code 1.
2022-12-27T11:16:00.1280730Z ##[group]Run rm -rf build_lxml422311 wheelsout
2022-12-27T11:16:00.1281210Z [36;1mrm -rf build_lxml422311 wheelsout[0m
2022-12-27T11:16:00.1311290Z shell: /bin/bash -e {0}
2022-12-27T11:16:00.1311620Z env:
2022-12-27T11:16:00.1312280Z   pythonLocation: /Users/runner/hostedtoolcache/Python/3.11.1/x64
2022-12-27T11:16:00.1312660Z   PKG_CONFIG_PATH: /Users/runner/hostedtoolcache/Python/3.11.1/x64/lib/pkgconfig
2022-12-27T11:16:00.1313160Z   Python_ROOT_DIR: /Users/runner/hostedtoolcache/Python/3.11.1/x64
2022-12-27T11:16:00.1313590Z   Python2_ROOT_DIR: /Users/runner/hostedtoolcache/Python/3.11.1/x64
2022-12-27T11:16:00.1313960Z   Python3_ROOT_DIR: /Users/runner/hostedtoolcache/Python/3.11.1/x64
2022-12-27T11:16:00.1314320Z ##[endgroup]
2022-12-27T11:16:00.2428730Z Cleaning up orphan processes
