2022-12-27T01:58:03.3020375Z Requested labels: self-hosted, macOS, X64
2022-12-27T01:58:03.3020459Z Job defined at: kilnbuild/python.build/.github/workflows/mac_arm_build.yml@refs/heads/main
2022-12-27T01:58:03.3020492Z Waiting for a runner to pick up this job...
2022-12-27T02:54:39.2547884Z Job is about to start running on the runner: k1 (organization)
2022-12-27T02:54:41.8024760Z Current runner version: '2.300.2'
2022-12-27T02:54:41.8029410Z Runner name: 'k1'
2022-12-27T02:54:41.8029640Z Runner group name: 'Default'
2022-12-27T02:54:41.8030050Z Machine name: 'k1'
2022-12-27T02:54:41.8031460Z ##[group]GITHUB_TOKEN Permissions
2022-12-27T02:54:41.8031850Z Actions: write
2022-12-27T02:54:41.8031980Z Checks: write
2022-12-27T02:54:41.8032110Z Contents: write
2022-12-27T02:54:41.8032240Z Deployments: write
2022-12-27T02:54:41.8032370Z Discussions: write
2022-12-27T02:54:41.8032500Z Issues: write
2022-12-27T02:54:41.8032620Z Metadata: read
2022-12-27T02:54:41.8032750Z Packages: write
2022-12-27T02:54:41.8032880Z Pages: write
2022-12-27T02:54:41.8033010Z PullRequests: write
2022-12-27T02:54:41.8033170Z RepositoryProjects: write
2022-12-27T02:54:41.8033630Z SecurityEvents: write
2022-12-27T02:54:41.8033770Z Statuses: write
2022-12-27T02:54:41.8033900Z ##[endgroup]
2022-12-27T02:54:41.8036570Z Secret source: Actions
2022-12-27T02:54:41.8036870Z Prepare workflow directory
2022-12-27T02:54:41.8668710Z Prepare all required actions
2022-12-27T02:54:41.8785230Z Getting action download info
2022-12-27T02:54:42.3503720Z Download action repository 'actions/setup-python@v4' (SHA:5ccb29d8773c3f3f653e1705f474dfaa8a06a912)
2022-12-27T02:54:44.2811470Z Download action repository 'actions/upload-artifact@v3' (SHA:83fd05a356d7e2593de66fc9913b3002723633cb)
2022-12-27T02:54:45.5844740Z ##[group]Run echo '{
2022-12-27T02:54:45.5845020Z [36;1mecho '{[0m
2022-12-27T02:54:45.5845220Z [36;1m  "environment_variables": "GRPC_PYTHON_BUILD_WITH_CYTHON=1 GRPC_BUILD_WITH_BORING_SSL_ASM='' GRPC_PYTHON_BUILD_SYSTEM_OPENSSL=TRUE",[0m
2022-12-27T02:54:45.5845420Z [36;1m  "package_name": "grpcio",[0m
2022-12-27T02:54:45.5845680Z [36;1m  "package_url": "https://files.pythonhosted.org/packages/d2/71/378525c18c36d2323aebe9c1a448a49f19ef14afa8e174be1e608850ba26/grpcio-1.0.2.tar.gz",[0m
2022-12-27T02:54:45.5845950Z [36;1m  "package_version": "1.0.2",[0m
2022-12-27T02:54:45.5846130Z [36;1m  "python_version": "3.9",[0m
2022-12-27T02:54:45.5846290Z [36;1m  "use_ccache": "true"[0m
2022-12-27T02:54:45.5846420Z [36;1m}'[0m
2022-12-27T02:54:45.5861890Z shell: /bin/bash -e {0}
2022-12-27T02:54:45.5862040Z ##[endgroup]
2022-12-27T02:54:45.6076300Z {
2022-12-27T02:54:45.6077700Z   "environment_variables": "GRPC_PYTHON_BUILD_WITH_CYTHON=1 GRPC_BUILD_WITH_BORING_SSL_ASM= GRPC_PYTHON_BUILD_SYSTEM_OPENSSL=TRUE",
2022-12-27T02:54:45.6077990Z   "package_name": "grpcio",
2022-12-27T02:54:45.6078640Z   "package_url": "https://files.pythonhosted.org/packages/d2/71/378525c18c36d2323aebe9c1a448a49f19ef14afa8e174be1e608850ba26/grpcio-1.0.2.tar.gz",
2022-12-27T02:54:45.6078930Z   "package_version": "1.0.2",
2022-12-27T02:54:45.6079080Z   "python_version": "3.9",
2022-12-27T02:54:45.6079260Z   "use_ccache": "true"
2022-12-27T02:54:45.6079420Z }
2022-12-27T02:54:45.6290950Z ##[group]Run actions/setup-python@v4
2022-12-27T02:54:45.6291220Z with:
2022-12-27T02:54:45.6291370Z   python-version: 3.9
2022-12-27T02:54:45.6291630Z   check-latest: false
2022-12-27T02:54:45.6291960Z   token: ***
2022-12-27T02:54:45.6292150Z   update-environment: true
2022-12-27T02:54:45.6292300Z ##[endgroup]
2022-12-27T02:54:45.7581120Z ##[group]Installed versions
2022-12-27T02:54:45.7621410Z Successfully set up CPython (3.9.16)
2022-12-27T02:54:45.7622350Z ##[endgroup]
2022-12-27T02:54:45.7777800Z ##[group]Run if [ "true" == "true" ]
2022-12-27T02:54:45.7778240Z [36;1mif [ "true" == "true" ][0m
2022-12-27T02:54:45.7778440Z [36;1mthen[0m
2022-12-27T02:54:45.7778630Z [36;1m  echo "CCACHE_PATH_PREPEND=/usr/local/opt/ccache/libexec" >> $GITHUB_OUTPUT[0m
2022-12-27T02:54:45.7778850Z [36;1melse[0m
2022-12-27T02:54:45.7779120Z [36;1m  echo "CCACHE_PATH_PREPEND=" >> $GITHUB_OUTPUT[0m
2022-12-27T02:54:45.7779310Z [36;1mfi[0m
2022-12-27T02:54:45.7796180Z shell: /bin/bash -e {0}
2022-12-27T02:54:45.7796390Z env:
2022-12-27T02:54:45.7796700Z   pythonLocation: /Users/runner/hostedtoolcache/Python/3.9.16/x64
2022-12-27T02:54:45.7796940Z   PKG_CONFIG_PATH: /Users/runner/hostedtoolcache/Python/3.9.16/x64/lib/pkgconfig
2022-12-27T02:54:45.7797530Z   Python_ROOT_DIR: /Users/runner/hostedtoolcache/Python/3.9.16/x64
2022-12-27T02:54:45.7797780Z   Python2_ROOT_DIR: /Users/runner/hostedtoolcache/Python/3.9.16/x64
2022-12-27T02:54:45.7798140Z   Python3_ROOT_DIR: /Users/runner/hostedtoolcache/Python/3.9.16/x64
2022-12-27T02:54:45.7798460Z ##[endgroup]
2022-12-27T02:54:45.7905740Z ##[group]Run echo "BUILD_NAME=$(echo grpcio_1.0.2_3.9 | tr -dc '[:alnum:]\n\r' | tr '[:upper:]' '[:lower:]')" >> $GITHUB_OUTPUT
2022-12-27T02:54:45.7906120Z [36;1mecho "BUILD_NAME=$(echo grpcio_1.0.2_3.9 | tr -dc '[:alnum:]\n\r' | tr '[:upper:]' '[:lower:]')" >> $GITHUB_OUTPUT[0m
2022-12-27T02:54:45.7919640Z shell: /bin/bash -e {0}
2022-12-27T02:54:45.7919870Z env:
2022-12-27T02:54:45.7920130Z   pythonLocation: /Users/runner/hostedtoolcache/Python/3.9.16/x64
2022-12-27T02:54:45.7920400Z   PKG_CONFIG_PATH: /Users/runner/hostedtoolcache/Python/3.9.16/x64/lib/pkgconfig
2022-12-27T02:54:45.7920650Z   Python_ROOT_DIR: /Users/runner/hostedtoolcache/Python/3.9.16/x64
2022-12-27T02:54:45.7920910Z   Python2_ROOT_DIR: /Users/runner/hostedtoolcache/Python/3.9.16/x64
2022-12-27T02:54:45.7921610Z   Python3_ROOT_DIR: /Users/runner/hostedtoolcache/Python/3.9.16/x64
2022-12-27T02:54:45.7921820Z ##[endgroup]
2022-12-27T02:54:45.8073050Z ##[group]Run echo "PYTHON_NO_DOTS=$(echo 3.9 | tr -dc '[:alnum:]\n\r' | tr '[:upper:]' '[:lower:]')" >> $GITHUB_OUTPUT
2022-12-27T02:54:45.8073480Z [36;1mecho "PYTHON_NO_DOTS=$(echo 3.9 | tr -dc '[:alnum:]\n\r' | tr '[:upper:]' '[:lower:]')" >> $GITHUB_OUTPUT[0m
2022-12-27T02:54:45.8087380Z shell: /bin/bash -e {0}
2022-12-27T02:54:45.8087530Z env:
2022-12-27T02:54:45.8087740Z   pythonLocation: /Users/runner/hostedtoolcache/Python/3.9.16/x64
2022-12-27T02:54:45.8088050Z   PKG_CONFIG_PATH: /Users/runner/hostedtoolcache/Python/3.9.16/x64/lib/pkgconfig
2022-12-27T02:54:45.8088270Z   Python_ROOT_DIR: /Users/runner/hostedtoolcache/Python/3.9.16/x64
2022-12-27T02:54:45.8088520Z   Python2_ROOT_DIR: /Users/runner/hostedtoolcache/Python/3.9.16/x64
2022-12-27T02:54:45.8088780Z   Python3_ROOT_DIR: /Users/runner/hostedtoolcache/Python/3.9.16/x64
2022-12-27T02:54:45.8088960Z ##[endgroup]
2022-12-27T02:54:45.8197610Z ##[group]Run rm -rf build_grpcio10239
2022-12-27T02:54:45.8197910Z [36;1mrm -rf build_grpcio10239[0m
2022-12-27T02:54:45.8198110Z [36;1mmkdir build_grpcio10239[0m
2022-12-27T02:54:45.8198330Z [36;1mcd build_grpcio10239[0m
2022-12-27T02:54:45.8198600Z [36;1m/usr/local/bin/wget --quiet https://files.pythonhosted.org/packages/d2/71/378525c18c36d2323aebe9c1a448a49f19ef14afa8e174be1e608850ba26/grpcio-1.0.2.tar.gz[0m
2022-12-27T02:54:45.8198890Z [36;1mtar xf *.tar.gz[0m
2022-12-27T02:54:45.8199080Z [36;1mcd grpcio-*/[0m
2022-12-27T02:54:45.8199240Z [36;1mpython -m pip install cibuildwheel==2.11.3[0m
2022-12-27T02:54:45.8199580Z [36;1mpython -m cibuildwheel --output-dir ../wheelsout[0m
2022-12-27T02:54:45.8213730Z shell: /bin/bash -e {0}
2022-12-27T02:54:45.8213920Z env:
2022-12-27T02:54:45.8214130Z   pythonLocation: /Users/runner/hostedtoolcache/Python/3.9.16/x64
2022-12-27T02:54:45.8214490Z   PKG_CONFIG_PATH: /Users/runner/hostedtoolcache/Python/3.9.16/x64/lib/pkgconfig
2022-12-27T02:54:45.8214760Z   Python_ROOT_DIR: /Users/runner/hostedtoolcache/Python/3.9.16/x64
2022-12-27T02:54:45.8215010Z   Python2_ROOT_DIR: /Users/runner/hostedtoolcache/Python/3.9.16/x64
2022-12-27T02:54:45.8215260Z   Python3_ROOT_DIR: /Users/runner/hostedtoolcache/Python/3.9.16/x64
2022-12-27T02:54:45.8215460Z   CIBW_ARCHS_MACOS: arm64
2022-12-27T02:54:45.8215640Z   CIBW_TEST_SKIP: *_arm64
2022-12-27T02:54:45.8215830Z   CIBW_BUILD: cp39-macosx_arm64
2022-12-27T02:54:45.8215980Z   CIBW_BUILD_FRONTEND: pip
2022-12-27T02:54:45.8216160Z   CIBW_BUILD_VERBOSITY: 3
2022-12-27T02:54:45.8216570Z   CIBW_ENVIRONMENT_MACOS: GRPC_PYTHON_BUILD_WITH_CYTHON=1 GRPC_BUILD_WITH_BORING_SSL_ASM='' GRPC_PYTHON_BUILD_SYSTEM_OPENSSL=TRUE CFLAGS="-I/usr/local/opt/openssl@3/include" LDFLAGS="-L/usr/local/opt/openssl@3/lib" CPPFLAGS="-I/usr/local/opt/openssl@3/include" MAKEFLAGS="-j$(sysctl -n hw.logicalcpu)" PATH=/usr/local/opt/ccache/libexec:$PATH
2022-12-27T02:54:45.8217220Z   CIBW_BEFORE_BUILD: pip install Cython; if [[ -f requirements.txt ]]; then pip install -r requirements.txt; fi
2022-12-27T02:54:45.8217430Z   MAKEFLAGS: -j$(sysctl -n hw.logicalcpu)
2022-12-27T02:54:45.8217620Z ##[endgroup]
2022-12-27T02:54:46.6409890Z Requirement already satisfied: cibuildwheel==2.11.3 in /Users/runner/hostedtoolcache/Python/3.9.16/x64/lib/python3.9/site-packages (2.11.3)
2022-12-27T02:54:46.6658840Z Requirement already satisfied: bracex in /Users/runner/hostedtoolcache/Python/3.9.16/x64/lib/python3.9/site-packages (from cibuildwheel==2.11.3) (2.3.post1)
2022-12-27T02:54:46.6667220Z Requirement already satisfied: typing-extensions>=4.1.0 in /Users/runner/hostedtoolcache/Python/3.9.16/x64/lib/python3.9/site-packages (from cibuildwheel==2.11.3) (4.4.0)
2022-12-27T02:54:46.6670550Z Requirement already satisfied: certifi in /Users/runner/hostedtoolcache/Python/3.9.16/x64/lib/python3.9/site-packages (from cibuildwheel==2.11.3) (2022.12.7)
2022-12-27T02:54:46.6676780Z Requirement already satisfied: packaging>=20.9 in /Users/runner/hostedtoolcache/Python/3.9.16/x64/lib/python3.9/site-packages (from cibuildwheel==2.11.3) (22.0)
2022-12-27T02:54:46.6682390Z Requirement already satisfied: tomli in /Users/runner/hostedtoolcache/Python/3.9.16/x64/lib/python3.9/site-packages (from cibuildwheel==2.11.3) (2.0.1)
2022-12-27T02:54:46.6685630Z Requirement already satisfied: filelock in /Users/runner/hostedtoolcache/Python/3.9.16/x64/lib/python3.9/site-packages (from cibuildwheel==2.11.3) (3.8.2)
2022-12-27T02:54:46.6688980Z Requirement already satisfied: platformdirs in /Users/runner/hostedtoolcache/Python/3.9.16/x64/lib/python3.9/site-packages (from cibuildwheel==2.11.3) (2.6.0)
2022-12-27T02:54:46.6693630Z Requirement already satisfied: bashlex!=0.13 in /Users/runner/hostedtoolcache/Python/3.9.16/x64/lib/python3.9/site-packages (from cibuildwheel==2.11.3) (0.16)
2022-12-27T02:54:46.8347750Z 
2022-12-27T02:54:46.8348110Z      _ _       _ _   _       _           _
2022-12-27T02:54:46.8348710Z  ___|_| |_ _ _|_| |_| |_ _ _| |_ ___ ___| |
2022-12-27T02:54:46.8350040Z |  _| | . | | | | | . | | | |   | -_| -_| |
2022-12-27T02:54:46.8350420Z |___|_|___|___|_|_|___|_____|_|_|___|___|_|
2022-12-27T02:54:46.8350610Z 
2022-12-27T02:54:46.8350740Z cibuildwheel version 2.11.3
2022-12-27T02:54:46.8350900Z 
2022-12-27T02:54:46.8351020Z Build options:
2022-12-27T02:54:46.8351220Z   platform: macos
2022-12-27T02:54:46.8472560Z   architectures: arm64[0m
2022-12-27T02:54:46.8472860Z   build_selector: 
2022-12-27T02:54:46.8473360Z     build_config: cp39-macosx_arm64
2022-12-27T02:54:46.8473760Z     skip_config: 
2022-12-27T02:54:46.8474370Z     requires_python: None
2022-12-27T02:54:46.8475280Z     prerelease_pythons: False[0m
2022-12-27T02:54:46.8475850Z   [38;5;244mcontainer_engine: docker[0m
2022-12-27T02:54:46.8476440Z   output_dir: /Users/runner/actions-runner/_work/python.build/python.build/build_grpcio10239/wheelsout[0m
2022-12-27T02:54:46.8477190Z   package_dir: /Users/runner/actions-runner/_work/python.build/python.build/build_grpcio10239/grpcio-1.0.2[0m
2022-12-27T02:54:46.8477570Z   test_selector: 
2022-12-27T02:54:46.8477930Z     skip_config: *_arm64[0m
2022-12-27T02:54:46.8478290Z   [38;5;244mbefore_all: [0m
2022-12-27T02:54:46.8478820Z   before_build: pip install Cython; if [[ -f requirements.txt ]]; then pip install -r requirements.txt; fi[0m
2022-12-27T02:54:46.8479330Z   [38;5;244mbefore_test: [0m
2022-12-27T02:54:46.8479770Z   [38;5;244mbuild_frontend: pip[0m
2022-12-27T02:54:46.8480130Z   build_verbosity: 3[0m
2022-12-27T02:54:46.8480440Z   [38;5;244mconfig_settings: [0m
2022-12-27T02:54:46.8480870Z   [38;5;244mdependency_constraints: pinned[0m
2022-12-27T02:54:46.8481250Z   environment: 
2022-12-27T02:54:46.8481510Z     GRPC_PYTHON_BUILD_WITH_CYTHON=1
2022-12-27T02:54:46.8481860Z     GRPC_BUILD_WITH_BORING_SSL_ASM=''
2022-12-27T02:54:46.8482190Z     GRPC_PYTHON_BUILD_SYSTEM_OPENSSL=TRUE
2022-12-27T02:54:46.8482910Z     CFLAGS="-I/usr/local/opt/openssl@3/include"
2022-12-27T02:54:46.8483480Z     LDFLAGS="-L/usr/local/opt/openssl@3/lib"
2022-12-27T02:54:46.8483910Z     CPPFLAGS="-I/usr/local/opt/openssl@3/include"
2022-12-27T02:54:46.8484290Z     MAKEFLAGS="-j$(sysctl -n hw.logicalcpu)"
2022-12-27T02:54:46.8484720Z     PATH=/usr/local/opt/ccache/libexec:$PATH[0m
2022-12-27T02:54:46.8485200Z   [38;5;244mmanylinux_images: None[0m
2022-12-27T02:54:46.8485570Z   [38;5;244mmusllinux_images: None[0m
2022-12-27T02:54:46.8486060Z   [38;5;244mrepair_command: delocate-wheel --require-archs {delocate_archs} -w {dest_dir} -v {wheel}[0m
2022-12-27T02:54:46.8486500Z   [38;5;244mtest_command: [0m
2022-12-27T02:54:46.8486840Z   [38;5;244mtest_extras: [0m
2022-12-27T02:54:46.8487250Z   [38;5;244mtest_requires: [0m
2022-12-27T02:54:46.8487430Z 
2022-12-27T02:54:46.8487600Z Cache folder: /Users/runner/Library/Caches/cibuildwheel
2022-12-27T02:54:46.8494450Z 
2022-12-27T02:54:46.8494630Z Here we go!
2022-12-27T02:54:46.8494860Z 
2022-12-27T02:54:46.8623250Z 
2022-12-27T02:54:46.8623560Z [1m[34mBuilding cp39-macosx_arm64 wheel[0m
2022-12-27T02:54:46.8623910Z CPython 3.9 macOS arm64 - Apple Silicon
2022-12-27T02:54:46.8624040Z 
2022-12-27T02:54:46.8627680Z ##[group]Installing Python cp39...
2022-12-27T02:54:46.8627820Z 
2022-12-27T02:54:46.8628180Z + pkgutil --pkgs
2022-12-27T02:54:46.8731630Z ##[endgroup]
2022-12-27T02:54:46.8732330Z                                                               [32m✓ [0m0.01s
2022-12-27T02:54:46.8732730Z ##[group]Setting up build environment...
2022-12-27T02:54:46.8732840Z 
2022-12-27T02:54:46.8752320Z + /Users/runner/hostedtoolcache/Python/3.9.16/x64/bin/python -sS /Users/runner/Library/Caches/cibuildwheel/virtualenv-20.17.0.pyz --activators= --no-periodic-update --pip=22.3.1 --setuptools=65.6.3 --wheel=0.38.4 --symlink-app-data --python /Library/Frameworks/Python.framework/Versions/3.9/bin/python3 /private/var/folders/51/hd414ycd67n82196sw51xqtc0000gn/T/cibw-run-ujk2s8n3/cp39-macosx_arm64/build/venv
2022-12-27T02:54:47.0581680Z created virtual environment CPython3.9.13.final.0-64 in 51ms
2022-12-27T02:54:47.0582370Z   creator CPython3Posix(dest=/private/var/folders/51/hd414ycd67n82196sw51xqtc0000gn/T/cibw-run-ujk2s8n3/cp39-macosx_arm64/build/venv, clear=False, no_vcs_ignore=False, global=False)
2022-12-27T02:54:47.0582780Z   seeder FromAppData(download=False, pip=22.3.1, setuptools=65.6.3, wheel=0.38.4, via=symlink, app_data_dir=/Users/runner/Library/Application Support/virtualenv)
2022-12-27T02:54:47.0583170Z     added seed packages: pip==22.3.1, setuptools==65.6.3, wheel==0.38.4
2022-12-27T02:54:47.0677800Z + python -m pip install --upgrade pip -c /Users/runner/hostedtoolcache/Python/3.9.16/x64/lib/python3.9/site-packages/cibuildwheel/resources/constraints-python39.txt
2022-12-27T02:54:47.3592250Z Requirement already satisfied: pip in ./lib/python3.9/site-packages (22.3.1)
2022-12-27T02:54:47.4986120Z + which pip
2022-12-27T02:54:47.5004060Z /private/var/folders/51/hd414ycd67n82196sw51xqtc0000gn/T/cibw-run-ujk2s8n3/cp39-macosx_arm64/build/venv/bin/pip
2022-12-27T02:54:47.5006280Z + pip --version
2022-12-27T02:54:47.7125970Z pip 22.3.1 from /private/var/folders/51/hd414ycd67n82196sw51xqtc0000gn/T/cibw-run-ujk2s8n3/cp39-macosx_arm64/build/venv/lib/python3.9/site-packages/pip (python 3.9)
2022-12-27T02:54:47.7341570Z + which pip
2022-12-27T02:54:47.7367380Z + which python
2022-12-27T02:54:47.7385560Z /private/var/folders/51/hd414ycd67n82196sw51xqtc0000gn/T/cibw-run-ujk2s8n3/cp39-macosx_arm64/build/venv/bin/python
2022-12-27T02:54:47.7387960Z + python --version
2022-12-27T02:54:47.7432150Z Python 3.9.13
2022-12-27T02:54:47.7435350Z + which python
2022-12-27T02:54:47.7486590Z ##[endgroup]
2022-12-27T02:54:47.7487250Z                                                               [32m✓ [0m0.88s
2022-12-27T02:54:47.7487790Z ##[group]Installing build tools...
2022-12-27T02:54:47.7487940Z 
2022-12-27T02:54:47.7488400Z + pip install --upgrade setuptools wheel delocate -c /Users/runner/hostedtoolcache/Python/3.9.16/x64/lib/python3.9/site-packages/cibuildwheel/resources/constraints-python39.txt
2022-12-27T02:54:48.0375300Z Requirement already satisfied: setuptools in /private/var/folders/51/hd414ycd67n82196sw51xqtc0000gn/T/cibw-run-ujk2s8n3/cp39-macosx_arm64/build/venv/lib/python3.9/site-packages (65.6.3)
2022-12-27T02:54:48.6504930Z Requirement already satisfied: wheel in /private/var/folders/51/hd414ycd67n82196sw51xqtc0000gn/T/cibw-run-ujk2s8n3/cp39-macosx_arm64/build/venv/lib/python3.9/site-packages (0.38.4)
2022-12-27T02:54:48.7091190Z Collecting delocate
2022-12-27T02:54:48.7114310Z   Using cached delocate-0.10.3-py3-none-any.whl (142 kB)
2022-12-27T02:54:48.7335950Z Collecting typing-extensions
2022-12-27T02:54:48.7356770Z   Using cached typing_extensions-4.4.0-py3-none-any.whl (26 kB)
2022-12-27T02:54:48.7609810Z Collecting packaging>=20.9
2022-12-27T02:54:48.7630650Z   Using cached packaging-21.3-py3-none-any.whl (40 kB)
2022-12-27T02:54:48.7988430Z Collecting pyparsing!=3.0.5,>=2.0.2
2022-12-27T02:54:48.8008750Z   Using cached pyparsing-3.0.9-py3-none-any.whl (98 kB)
2022-12-27T02:54:48.8371450Z Installing collected packages: typing-extensions, pyparsing, packaging, delocate
2022-12-27T02:54:48.9818910Z Successfully installed delocate-0.10.3 packaging-21.3 pyparsing-3.0.9 typing-extensions-4.4.0
2022-12-27T02:54:49.0257200Z ##[endgroup]
2022-12-27T02:54:49.0257830Z                                                               [32m✓ [0m1.28s
2022-12-27T02:54:49.0258340Z ##[group]Running before_build...
2022-12-27T02:54:49.0258500Z 
2022-12-27T02:54:49.0263470Z + pip install Cython; if [[ -f requirements.txt ]]; then pip install -r requirements.txt; fi
2022-12-27T02:54:50.2188340Z Collecting Cython
2022-12-27T02:54:50.2235100Z   Using cached Cython-0.29.32-py2.py3-none-any.whl (986 kB)
2022-12-27T02:54:50.2714040Z Installing collected packages: Cython
2022-12-27T02:54:50.7245010Z Successfully installed Cython-0.29.32
2022-12-27T02:54:51.5160190Z Collecting coverage>=4.0
2022-12-27T02:54:51.5190840Z   Using cached coverage-7.0.1-cp39-cp39-macosx_10_9_x86_64.whl (188 kB)
2022-12-27T02:54:51.5292650Z Requirement already satisfied: cython>=0.23 in /private/var/folders/51/hd414ycd67n82196sw51xqtc0000gn/T/cibw-run-ujk2s8n3/cp39-macosx_arm64/build/venv/lib/python3.9/site-packages (from -r requirements.txt (line 3)) (0.29.32)
2022-12-27T02:54:51.5436320Z Collecting enum34>=1.0.4
2022-12-27T02:54:51.5456200Z   Using cached enum34-1.1.10-py3-none-any.whl (11 kB)
2022-12-27T02:54:51.5601860Z Collecting futures>=2.2.0
2022-12-27T02:54:51.5603430Z   Using cached futures-3.0.5-py3-none-any.whl
2022-12-27T02:54:51.8674400Z Collecting protobuf>=3.0.0
2022-12-27T02:54:51.8706860Z   Using cached protobuf-4.21.12-cp37-abi3-macosx_10_9_universal2.whl (486 kB)
2022-12-27T02:54:51.8969690Z Collecting six>=1.10
2022-12-27T02:54:51.8989690Z   Using cached six-1.16.0-py2.py3-none-any.whl (11 kB)
2022-12-27T02:54:51.9006570Z Requirement already satisfied: wheel>=0.29 in /private/var/folders/51/hd414ycd67n82196sw51xqtc0000gn/T/cibw-run-ujk2s8n3/cp39-macosx_arm64/build/venv/lib/python3.9/site-packages (from -r requirements.txt (line 8)) (0.38.4)
2022-12-27T02:54:51.9405960Z Installing collected packages: futures, enum34, six, protobuf, coverage
2022-12-27T02:54:52.2095890Z Successfully installed coverage-7.0.1 enum34-1.1.10 futures-3.0.5 protobuf-4.21.12 six-1.16.0
2022-12-27T02:54:52.2592120Z ##[endgroup]
2022-12-27T02:54:52.2592710Z                                                               [32m✓ [0m3.23s
2022-12-27T02:54:52.2593070Z ##[group]Building wheel...
2022-12-27T02:54:52.2593300Z 
2022-12-27T02:54:52.2598170Z + python -m pip wheel /Users/runner/actions-runner/_work/python.build/python.build/build_grpcio10239/grpcio-1.0.2 --wheel-dir=/private/var/folders/51/hd414ycd67n82196sw51xqtc0000gn/T/cibw-run-ujk2s8n3/cp39-macosx_arm64/built_wheel --no-deps -vvv
2022-12-27T02:54:52.5268800Z Created temporary directory: /private/var/folders/51/hd414ycd67n82196sw51xqtc0000gn/T/pip-ephem-wheel-cache-amp8j_ow
2022-12-27T02:54:52.5272600Z Created temporary directory: /private/var/folders/51/hd414ycd67n82196sw51xqtc0000gn/T/pip-build-tracker-h0vgjpe2
2022-12-27T02:54:52.5274460Z Initialized build tracking at /private/var/folders/51/hd414ycd67n82196sw51xqtc0000gn/T/pip-build-tracker-h0vgjpe2
2022-12-27T02:54:52.5275760Z Created build tracker: /private/var/folders/51/hd414ycd67n82196sw51xqtc0000gn/T/pip-build-tracker-h0vgjpe2
2022-12-27T02:54:52.5277470Z Entered build tracker: /private/var/folders/51/hd414ycd67n82196sw51xqtc0000gn/T/pip-build-tracker-h0vgjpe2
2022-12-27T02:54:52.5280460Z Created temporary directory: /private/var/folders/51/hd414ycd67n82196sw51xqtc0000gn/T/pip-wheel-tfsvl4ei
2022-12-27T02:54:52.5286560Z Created temporary directory: /private/var/folders/51/hd414ycd67n82196sw51xqtc0000gn/T/pip-ephem-wheel-cache-n0g9w7j9
2022-12-27T02:54:52.5438040Z Processing /Users/runner/actions-runner/_work/python.build/python.build/build_grpcio10239/grpcio-1.0.2
2022-12-27T02:54:52.5443020Z   Added file:///Users/runner/actions-runner/_work/python.build/python.build/build_grpcio10239/grpcio-1.0.2 to build tracker '/private/var/folders/51/hd414ycd67n82196sw51xqtc0000gn/T/pip-build-tracker-h0vgjpe2'
2022-12-27T02:54:52.5446410Z   Running setup.py (path:/Users/runner/actions-runner/_work/python.build/python.build/build_grpcio10239/grpcio-1.0.2/setup.py) egg_info for package from file:///Users/runner/actions-runner/_work/python.build/python.build/build_grpcio10239/grpcio-1.0.2
2022-12-27T02:54:52.5449270Z   Created temporary directory: /private/var/folders/51/hd414ycd67n82196sw51xqtc0000gn/T/pip-pip-egg-info-be298uvp
2022-12-27T02:54:52.5450760Z   Preparing metadata (setup.py): started
2022-12-27T02:54:52.5452730Z   Running command python setup.py egg_info
2022-12-27T02:54:52.9564030Z   /private/var/folders/51/hd414ycd67n82196sw51xqtc0000gn/T/cibw-run-ujk2s8n3/cp39-macosx_arm64/build/venv/lib/python3.9/site-packages/Cython/Compiler/Main.py:369: FutureWarning: Cython directive 'language_level' not set, using 2 for now (Py2). This will change in a later release! File: /Users/runner/actions-runner/_work/python.build/python.build/build_grpcio10239/grpcio-1.0.2/src/python/grpcio/grpc/_cython/cygrpc.pxd
2022-12-27T02:54:52.9564940Z     tree = Parsing.p_module(s, pxd, full_module_name)
2022-12-27T02:54:53.0115570Z   warning: src/python/grpcio/grpc/_cython/_cygrpc/grpc.pxi:141:13: 'GRPC_ARG_PRIMARY_USER_AGENT_STRING' redeclared
2022-12-27T02:54:53.8999130Z   Compiling src/python/grpcio/grpc/_cython/cygrpc.pyx because it depends on /private/var/folders/51/hd414ycd67n82196sw51xqtc0000gn/T/cibw-run-ujk2s8n3/cp39-macosx_arm64/build/venv/lib/python3.9/site-packages/Cython/Includes/libc/time.pxd.
2022-12-27T02:54:53.8999750Z   [1/1] Cythonizing src/python/grpcio/grpc/_cython/cygrpc.pyx
2022-12-27T02:54:53.9142020Z   /private/var/folders/51/hd414ycd67n82196sw51xqtc0000gn/T/cibw-run-ujk2s8n3/cp39-macosx_arm64/build/venv/lib/python3.9/site-packages/setuptools/installer.py:27: SetuptoolsDeprecationWarning: setuptools.installer is deprecated. Requirements should be satisfied by a PEP 517 installer.
2022-12-27T02:54:53.9142930Z     warnings.warn(
2022-12-27T02:55:05.2394360Z   running egg_info
2022-12-27T02:55:05.2397880Z   creating /private/var/folders/51/hd414ycd67n82196sw51xqtc0000gn/T/pip-pip-egg-info-be298uvp/grpcio.egg-info
2022-12-27T02:55:05.2506200Z   writing /private/var/folders/51/hd414ycd67n82196sw51xqtc0000gn/T/pip-pip-egg-info-be298uvp/grpcio.egg-info/PKG-INFO
2022-12-27T02:55:05.2509750Z   writing dependency_links to /private/var/folders/51/hd414ycd67n82196sw51xqtc0000gn/T/pip-pip-egg-info-be298uvp/grpcio.egg-info/dependency_links.txt
2022-12-27T02:55:05.2513690Z   writing requirements to /private/var/folders/51/hd414ycd67n82196sw51xqtc0000gn/T/pip-pip-egg-info-be298uvp/grpcio.egg-info/requires.txt
2022-12-27T02:55:05.2516120Z   writing top-level names to /private/var/folders/51/hd414ycd67n82196sw51xqtc0000gn/T/pip-pip-egg-info-be298uvp/grpcio.egg-info/top_level.txt
2022-12-27T02:55:05.2517920Z   writing manifest file '/private/var/folders/51/hd414ycd67n82196sw51xqtc0000gn/T/pip-pip-egg-info-be298uvp/grpcio.egg-info/SOURCES.txt'
2022-12-27T02:55:05.2808160Z   reading manifest file '/private/var/folders/51/hd414ycd67n82196sw51xqtc0000gn/T/pip-pip-egg-info-be298uvp/grpcio.egg-info/SOURCES.txt'
2022-12-27T02:55:05.2810070Z   reading manifest template 'PYTHON-MANIFEST.in'
2022-12-27T02:55:05.2840720Z   warning: no files found matching '*.h' under directory 'src/python/grpcio/grpc'
2022-12-27T02:55:05.2916660Z   warning: no files found matching '*.python' under directory 'src/python/grpcio/grpc'
2022-12-27T02:55:05.2934250Z   warning: no previously-included files matching '*.so' found under directory 'src/python/grpcio/grpc/_cython'
2022-12-27T02:55:05.2938070Z   warning: no previously-included files matching '*.pyd' found under directory 'src/python/grpcio/grpc/_cython'
2022-12-27T02:55:05.3335130Z   warning: no files found matching 'src/python/grpcio/precompiled.py'
2022-12-27T02:55:05.3584740Z   writing manifest file '/private/var/folders/51/hd414ycd67n82196sw51xqtc0000gn/T/pip-pip-egg-info-be298uvp/grpcio.egg-info/SOURCES.txt'
2022-12-27T02:55:05.4208430Z   Preparing metadata (setup.py): finished with status 'done'
2022-12-27T02:55:05.4234480Z   Source in /Users/runner/actions-runner/_work/python.build/python.build/build_grpcio10239/grpcio-1.0.2 has version 1.0.2, which satisfies requirement grpcio==1.0.2 from file:///Users/runner/actions-runner/_work/python.build/python.build/build_grpcio10239/grpcio-1.0.2
2022-12-27T02:55:05.4238090Z   Removed grpcio==1.0.2 from file:///Users/runner/actions-runner/_work/python.build/python.build/build_grpcio10239/grpcio-1.0.2 from build tracker '/private/var/folders/51/hd414ycd67n82196sw51xqtc0000gn/T/pip-build-tracker-h0vgjpe2'
2022-12-27T02:55:05.4255880Z Created temporary directory: /private/var/folders/51/hd414ycd67n82196sw51xqtc0000gn/T/pip-unpack-bh2oyt31
2022-12-27T02:55:05.4258500Z Building wheels for collected packages: grpcio
2022-12-27T02:55:05.4265450Z   Created temporary directory: /private/var/folders/51/hd414ycd67n82196sw51xqtc0000gn/T/pip-wheel-bd3uai5o
2022-12-27T02:55:05.4267730Z   Building wheel for grpcio (setup.py): started
2022-12-27T02:55:05.4270450Z   Destination directory: /private/var/folders/51/hd414ycd67n82196sw51xqtc0000gn/T/pip-wheel-bd3uai5o
2022-12-27T02:55:05.4271980Z   Running command python setup.py bdist_wheel
2022-12-27T02:55:05.8405980Z   /private/var/folders/51/hd414ycd67n82196sw51xqtc0000gn/T/cibw-run-ujk2s8n3/cp39-macosx_arm64/build/venv/lib/python3.9/site-packages/setuptools/installer.py:27: SetuptoolsDeprecationWarning: setuptools.installer is deprecated. Requirements should be satisfied by a PEP 517 installer.
2022-12-27T02:55:05.8406820Z     warnings.warn(
2022-12-27T02:55:06.0872920Z   running bdist_wheel
2022-12-27T02:55:06.1186050Z   running build
2022-12-27T02:55:06.1188730Z   running build_py
2022-12-27T02:55:06.1191580Z   running build_project_metadata
2022-12-27T02:55:06.1198240Z   creating python_build
2022-12-27T02:55:06.1201030Z   creating python_build/lib.macosx-11.0-arm64-cpython-39
2022-12-27T02:55:06.1203560Z   creating python_build/lib.macosx-11.0-arm64-cpython-39/grpc
2022-12-27T02:55:06.1206870Z   copying src/python/grpcio/grpc/_channel.py -> python_build/lib.macosx-11.0-arm64-cpython-39/grpc
2022-12-27T02:55:06.1209570Z   copying src/python/grpcio/grpc/_common.py -> python_build/lib.macosx-11.0-arm64-cpython-39/grpc
2022-12-27T02:55:06.1212700Z   copying src/python/grpcio/grpc/__init__.py -> python_build/lib.macosx-11.0-arm64-cpython-39/grpc
2022-12-27T02:55:06.1216570Z   copying src/python/grpcio/grpc/_utilities.py -> python_build/lib.macosx-11.0-arm64-cpython-39/grpc
2022-12-27T02:55:06.1219910Z   copying src/python/grpcio/grpc/_plugin_wrapping.py -> python_build/lib.macosx-11.0-arm64-cpython-39/grpc
2022-12-27T02:55:06.1224350Z   copying src/python/grpcio/grpc/_grpcio_metadata.py -> python_build/lib.macosx-11.0-arm64-cpython-39/grpc
2022-12-27T02:55:06.1226370Z   copying src/python/grpcio/grpc/_server.py -> python_build/lib.macosx-11.0-arm64-cpython-39/grpc
2022-12-27T02:55:06.1229760Z   copying src/python/grpcio/grpc/_auth.py -> python_build/lib.macosx-11.0-arm64-cpython-39/grpc
2022-12-27T02:55:06.1234260Z   copying src/python/grpcio/grpc/_credential_composition.py -> python_build/lib.macosx-11.0-arm64-cpython-39/grpc
2022-12-27T02:55:06.1241990Z   creating python_build/lib.macosx-11.0-arm64-cpython-39/grpc/beta
2022-12-27T02:55:06.1244710Z   copying src/python/grpcio/grpc/beta/_server_adaptations.py -> python_build/lib.macosx-11.0-arm64-cpython-39/grpc/beta
2022-12-27T02:55:06.1247630Z   copying src/python/grpcio/grpc/beta/interfaces.py -> python_build/lib.macosx-11.0-arm64-cpython-39/grpc/beta
2022-12-27T02:55:06.1251240Z   copying src/python/grpcio/grpc/beta/_connectivity_channel.py -> python_build/lib.macosx-11.0-arm64-cpython-39/grpc/beta
2022-12-27T02:55:06.1254280Z   copying src/python/grpcio/grpc/beta/__init__.py -> python_build/lib.macosx-11.0-arm64-cpython-39/grpc/beta
2022-12-27T02:55:06.1257620Z   copying src/python/grpcio/grpc/beta/utilities.py -> python_build/lib.macosx-11.0-arm64-cpython-39/grpc/beta
2022-12-27T02:55:06.1261650Z   copying src/python/grpcio/grpc/beta/implementations.py -> python_build/lib.macosx-11.0-arm64-cpython-39/grpc/beta
2022-12-27T02:55:06.1265190Z   copying src/python/grpcio/grpc/beta/_client_adaptations.py -> python_build/lib.macosx-11.0-arm64-cpython-39/grpc/beta
2022-12-27T02:55:06.1270220Z   creating python_build/lib.macosx-11.0-arm64-cpython-39/grpc/framework
2022-12-27T02:55:06.1272110Z   copying src/python/grpcio/grpc/framework/__init__.py -> python_build/lib.macosx-11.0-arm64-cpython-39/grpc/framework
2022-12-27T02:55:06.1276400Z   creating python_build/lib.macosx-11.0-arm64-cpython-39/grpc/_cython
2022-12-27T02:55:06.1278510Z   copying src/python/grpcio/grpc/_cython/__init__.py -> python_build/lib.macosx-11.0-arm64-cpython-39/grpc/_cython
2022-12-27T02:55:06.1284370Z   creating python_build/lib.macosx-11.0-arm64-cpython-39/grpc/framework/foundation
2022-12-27T02:55:06.1286120Z   copying src/python/grpcio/grpc/framework/foundation/callable_util.py -> python_build/lib.macosx-11.0-arm64-cpython-39/grpc/framework/foundation
2022-12-27T02:55:06.1290410Z   copying src/python/grpcio/grpc/framework/foundation/abandonment.py -> python_build/lib.macosx-11.0-arm64-cpython-39/grpc/framework/foundation
2022-12-27T02:55:06.1293410Z   copying src/python/grpcio/grpc/framework/foundation/__init__.py -> python_build/lib.macosx-11.0-arm64-cpython-39/grpc/framework/foundation
2022-12-27T02:55:06.1296230Z   copying src/python/grpcio/grpc/framework/foundation/stream.py -> python_build/lib.macosx-11.0-arm64-cpython-39/grpc/framework/foundation
2022-12-27T02:55:06.1300810Z   copying src/python/grpcio/grpc/framework/foundation/stream_util.py -> python_build/lib.macosx-11.0-arm64-cpython-39/grpc/framework/foundation
2022-12-27T02:55:06.1304950Z   copying src/python/grpcio/grpc/framework/foundation/future.py -> python_build/lib.macosx-11.0-arm64-cpython-39/grpc/framework/foundation
2022-12-27T02:55:06.1308340Z   copying src/python/grpcio/grpc/framework/foundation/logging_pool.py -> python_build/lib.macosx-11.0-arm64-cpython-39/grpc/framework/foundation
2022-12-27T02:55:06.1314220Z   creating python_build/lib.macosx-11.0-arm64-cpython-39/grpc/framework/common
2022-12-27T02:55:06.1316140Z   copying src/python/grpcio/grpc/framework/common/style.py -> python_build/lib.macosx-11.0-arm64-cpython-39/grpc/framework/common
2022-12-27T02:55:06.1318810Z   copying src/python/grpcio/grpc/framework/common/cardinality.py -> python_build/lib.macosx-11.0-arm64-cpython-39/grpc/framework/common
2022-12-27T02:55:06.1323450Z   copying src/python/grpcio/grpc/framework/common/__init__.py -> python_build/lib.macosx-11.0-arm64-cpython-39/grpc/framework/common
2022-12-27T02:55:06.1329350Z   creating python_build/lib.macosx-11.0-arm64-cpython-39/grpc/framework/interfaces
2022-12-27T02:55:06.1332590Z   copying src/python/grpcio/grpc/framework/interfaces/__init__.py -> python_build/lib.macosx-11.0-arm64-cpython-39/grpc/framework/interfaces
2022-12-27T02:55:06.1338550Z   creating python_build/lib.macosx-11.0-arm64-cpython-39/grpc/framework/interfaces/face
2022-12-27T02:55:06.1341700Z   copying src/python/grpcio/grpc/framework/interfaces/face/__init__.py -> python_build/lib.macosx-11.0-arm64-cpython-39/grpc/framework/interfaces/face
2022-12-27T02:55:06.1344500Z   copying src/python/grpcio/grpc/framework/interfaces/face/utilities.py -> python_build/lib.macosx-11.0-arm64-cpython-39/grpc/framework/interfaces/face
2022-12-27T02:55:06.1347490Z   copying src/python/grpcio/grpc/framework/interfaces/face/face.py -> python_build/lib.macosx-11.0-arm64-cpython-39/grpc/framework/interfaces/face
2022-12-27T02:55:06.1353920Z   creating python_build/lib.macosx-11.0-arm64-cpython-39/grpc/framework/interfaces/base
2022-12-27T02:55:06.1355770Z   copying src/python/grpcio/grpc/framework/interfaces/base/__init__.py -> python_build/lib.macosx-11.0-arm64-cpython-39/grpc/framework/interfaces/base
2022-12-27T02:55:06.1359760Z   copying src/python/grpcio/grpc/framework/interfaces/base/utilities.py -> python_build/lib.macosx-11.0-arm64-cpython-39/grpc/framework/interfaces/base
2022-12-27T02:55:06.1362700Z   copying src/python/grpcio/grpc/framework/interfaces/base/base.py -> python_build/lib.macosx-11.0-arm64-cpython-39/grpc/framework/interfaces/base
2022-12-27T02:55:06.1367770Z   creating python_build/lib.macosx-11.0-arm64-cpython-39/grpc/_cython/_cygrpc
2022-12-27T02:55:06.1369440Z   copying src/python/grpcio/grpc/_cython/_cygrpc/__init__.py -> python_build/lib.macosx-11.0-arm64-cpython-39/grpc/_cython/_cygrpc
2022-12-27T02:55:06.1375220Z   creating python_build/lib.macosx-11.0-arm64-cpython-39/grpc/_cython/_credentials
2022-12-27T02:55:06.1376660Z   copying src/python/grpcio/grpc/_cython/_credentials/roots.pem -> python_build/lib.macosx-11.0-arm64-cpython-39/grpc/_cython/_credentials
2022-12-27T02:55:06.1403240Z   running build_ext
2022-12-27T02:55:06.1686290Z   building 'grpc._cython.cygrpc' extension
2022-12-27T02:55:06.1708810Z   creating python_build/temp.macosx-11.0-arm64-cpython-39
2022-12-27T02:55:06.1711040Z   creating python_build/temp.macosx-11.0-arm64-cpython-39/src
2022-12-27T02:55:06.1713160Z   creating python_build/temp.macosx-11.0-arm64-cpython-39/src/boringssl
2022-12-27T02:55:06.1715750Z   creating python_build/temp.macosx-11.0-arm64-cpython-39/src/core
2022-12-27T02:55:06.1717590Z   creating python_build/temp.macosx-11.0-arm64-cpython-39/src/core/ext
2022-12-27T02:55:06.1719340Z   creating python_build/temp.macosx-11.0-arm64-cpython-39/src/core/ext/census
2022-12-27T02:55:06.1721180Z   creating python_build/temp.macosx-11.0-arm64-cpython-39/src/core/ext/census/gen
2022-12-27T02:55:06.1785690Z   creating python_build/temp.macosx-11.0-arm64-cpython-39/src/core/ext/client_config
2022-12-27T02:55:06.1786350Z   creating python_build/temp.macosx-11.0-arm64-cpython-39/src/core/ext/lb_policy
2022-12-27T02:55:06.1788280Z   creating python_build/temp.macosx-11.0-arm64-cpython-39/src/core/ext/lb_policy/grpclb
2022-12-27T02:55:06.1789360Z   creating python_build/temp.macosx-11.0-arm64-cpython-39/src/core/ext/lb_policy/grpclb/proto
2022-12-27T02:55:06.1790360Z   creating python_build/temp.macosx-11.0-arm64-cpython-39/src/core/ext/lb_policy/grpclb/proto/grpc
2022-12-27T02:55:06.1791450Z   creating python_build/temp.macosx-11.0-arm64-cpython-39/src/core/ext/lb_policy/grpclb/proto/grpc/lb
2022-12-27T02:55:06.1792400Z   creating python_build/temp.macosx-11.0-arm64-cpython-39/src/core/ext/lb_policy/grpclb/proto/grpc/lb/v1
2022-12-27T02:55:06.1792940Z   creating python_build/temp.macosx-11.0-arm64-cpython-39/src/core/ext/lb_policy/pick_first
2022-12-27T02:55:06.1793480Z   creating python_build/temp.macosx-11.0-arm64-cpython-39/src/core/ext/lb_policy/round_robin
2022-12-27T02:55:06.1794010Z   creating python_build/temp.macosx-11.0-arm64-cpython-39/src/core/ext/load_reporting
2022-12-27T02:55:06.1794500Z   creating python_build/temp.macosx-11.0-arm64-cpython-39/src/core/ext/resolver
2022-12-27T02:55:06.1794980Z   creating python_build/temp.macosx-11.0-arm64-cpython-39/src/core/ext/resolver/dns
2022-12-27T02:55:06.1795950Z   creating python_build/temp.macosx-11.0-arm64-cpython-39/src/core/ext/resolver/dns/native
2022-12-27T02:55:06.1796510Z   creating python_build/temp.macosx-11.0-arm64-cpython-39/src/core/ext/resolver/sockaddr
2022-12-27T02:55:06.1797000Z   creating python_build/temp.macosx-11.0-arm64-cpython-39/src/core/ext/transport
2022-12-27T02:55:06.1797550Z   creating python_build/temp.macosx-11.0-arm64-cpython-39/src/core/ext/transport/chttp2
2022-12-27T02:55:06.1798100Z   creating python_build/temp.macosx-11.0-arm64-cpython-39/src/core/ext/transport/chttp2/alpn
2022-12-27T02:55:06.1798710Z   creating python_build/temp.macosx-11.0-arm64-cpython-39/src/core/ext/transport/chttp2/client
2022-12-27T02:55:06.1799140Z   creating python_build/temp.macosx-11.0-arm64-cpython-39/src/core/ext/transport/chttp2/client/insecure
2022-12-27T02:55:06.1799740Z   creating python_build/temp.macosx-11.0-arm64-cpython-39/src/core/ext/transport/chttp2/client/secure
2022-12-27T02:55:06.1800450Z   creating python_build/temp.macosx-11.0-arm64-cpython-39/src/core/ext/transport/chttp2/server
2022-12-27T02:55:06.1801130Z   creating python_build/temp.macosx-11.0-arm64-cpython-39/src/core/ext/transport/chttp2/server/insecure
2022-12-27T02:55:06.1801670Z   creating python_build/temp.macosx-11.0-arm64-cpython-39/src/core/ext/transport/chttp2/server/secure
2022-12-27T02:55:06.1802120Z   creating python_build/temp.macosx-11.0-arm64-cpython-39/src/core/ext/transport/chttp2/transport
2022-12-27T02:55:06.1802470Z   creating python_build/temp.macosx-11.0-arm64-cpython-39/src/core/lib
2022-12-27T02:55:06.1802770Z   creating python_build/temp.macosx-11.0-arm64-cpython-39/src/core/lib/channel
2022-12-27T02:55:06.1803100Z   creating python_build/temp.macosx-11.0-arm64-cpython-39/src/core/lib/compression
2022-12-27T02:55:06.1803460Z   creating python_build/temp.macosx-11.0-arm64-cpython-39/src/core/lib/debug
2022-12-27T02:55:06.1803810Z   creating python_build/temp.macosx-11.0-arm64-cpython-39/src/core/lib/http
2022-12-27T02:55:06.1804120Z   creating python_build/temp.macosx-11.0-arm64-cpython-39/src/core/lib/iomgr
2022-12-27T02:55:06.1804480Z   creating python_build/temp.macosx-11.0-arm64-cpython-39/src/core/lib/json
2022-12-27T02:55:06.1805060Z   creating python_build/temp.macosx-11.0-arm64-cpython-39/src/core/lib/profiling
2022-12-27T02:55:06.1805450Z   creating python_build/temp.macosx-11.0-arm64-cpython-39/src/core/lib/security
2022-12-27T02:55:06.1805880Z   creating python_build/temp.macosx-11.0-arm64-cpython-39/src/core/lib/security/context
2022-12-27T02:55:06.1806420Z   creating python_build/temp.macosx-11.0-arm64-cpython-39/src/core/lib/security/credentials
2022-12-27T02:55:06.1806980Z   creating python_build/temp.macosx-11.0-arm64-cpython-39/src/core/lib/security/credentials/composite
2022-12-27T02:55:06.1807360Z   creating python_build/temp.macosx-11.0-arm64-cpython-39/src/core/lib/security/credentials/fake
2022-12-27T02:55:06.1807780Z   creating python_build/temp.macosx-11.0-arm64-cpython-39/src/core/lib/security/credentials/google_default
2022-12-27T02:55:06.1808290Z   creating python_build/temp.macosx-11.0-arm64-cpython-39/src/core/lib/security/credentials/iam
2022-12-27T02:55:06.1808680Z   creating python_build/temp.macosx-11.0-arm64-cpython-39/src/core/lib/security/credentials/jwt
2022-12-27T02:55:06.1809000Z   creating python_build/temp.macosx-11.0-arm64-cpython-39/src/core/lib/security/credentials/oauth2
2022-12-27T02:55:06.1809350Z   creating python_build/temp.macosx-11.0-arm64-cpython-39/src/core/lib/security/credentials/plugin
2022-12-27T02:55:06.1809700Z   creating python_build/temp.macosx-11.0-arm64-cpython-39/src/core/lib/security/credentials/ssl
2022-12-27T02:55:06.1810040Z   creating python_build/temp.macosx-11.0-arm64-cpython-39/src/core/lib/security/transport
2022-12-27T02:55:06.1810470Z   creating python_build/temp.macosx-11.0-arm64-cpython-39/src/core/lib/security/util
2022-12-27T02:55:06.1810850Z   creating python_build/temp.macosx-11.0-arm64-cpython-39/src/core/lib/support
2022-12-27T02:55:06.1811160Z   creating python_build/temp.macosx-11.0-arm64-cpython-39/src/core/lib/surface
2022-12-27T02:55:06.1811860Z   creating python_build/temp.macosx-11.0-arm64-cpython-39/src/core/lib/transport
2022-12-27T02:55:06.1812260Z   creating python_build/temp.macosx-11.0-arm64-cpython-39/src/core/lib/tsi
2022-12-27T02:55:06.1812880Z   creating python_build/temp.macosx-11.0-arm64-cpython-39/src/core/plugin_registry
2022-12-27T02:55:06.1813390Z   creating python_build/temp.macosx-11.0-arm64-cpython-39/src/python
2022-12-27T02:55:06.1814360Z   creating python_build/temp.macosx-11.0-arm64-cpython-39/src/python/grpcio
2022-12-27T02:55:06.1815960Z   creating python_build/temp.macosx-11.0-arm64-cpython-39/src/python/grpcio/grpc
2022-12-27T02:55:06.1817580Z   creating python_build/temp.macosx-11.0-arm64-cpython-39/src/python/grpcio/grpc/_cython
2022-12-27T02:55:06.1818910Z   creating python_build/temp.macosx-11.0-arm64-cpython-39/third_party
2022-12-27T02:55:06.1820480Z   creating python_build/temp.macosx-11.0-arm64-cpython-39/third_party/boringssl
2022-12-27T02:55:06.1822300Z   creating python_build/temp.macosx-11.0-arm64-cpython-39/third_party/boringssl/crypto
2022-12-27T02:55:06.1823950Z   creating python_build/temp.macosx-11.0-arm64-cpython-39/third_party/boringssl/crypto/aes
2022-12-27T02:55:06.1825750Z   creating python_build/temp.macosx-11.0-arm64-cpython-39/third_party/boringssl/crypto/asn1
2022-12-27T02:55:06.1827760Z   creating python_build/temp.macosx-11.0-arm64-cpython-39/third_party/boringssl/crypto/base64
2022-12-27T02:55:06.1829560Z   creating python_build/temp.macosx-11.0-arm64-cpython-39/third_party/boringssl/crypto/bio
2022-12-27T02:55:06.1831440Z   creating python_build/temp.macosx-11.0-arm64-cpython-39/third_party/boringssl/crypto/bn
2022-12-27T02:55:06.1833830Z   creating python_build/temp.macosx-11.0-arm64-cpython-39/third_party/boringssl/crypto/bn/asm
2022-12-27T02:55:06.1835470Z   creating python_build/temp.macosx-11.0-arm64-cpython-39/third_party/boringssl/crypto/buf
2022-12-27T02:55:06.1836850Z   creating python_build/temp.macosx-11.0-arm64-cpython-39/third_party/boringssl/crypto/bytestring
2022-12-27T02:55:06.1838460Z   creating python_build/temp.macosx-11.0-arm64-cpython-39/third_party/boringssl/crypto/chacha
2022-12-27T02:55:06.1840080Z   creating python_build/temp.macosx-11.0-arm64-cpython-39/third_party/boringssl/crypto/cipher
2022-12-27T02:55:06.1841350Z   creating python_build/temp.macosx-11.0-arm64-cpython-39/third_party/boringssl/crypto/cmac
2022-12-27T02:55:06.1843050Z   creating python_build/temp.macosx-11.0-arm64-cpython-39/third_party/boringssl/crypto/conf
2022-12-27T02:55:06.1844660Z   creating python_build/temp.macosx-11.0-arm64-cpython-39/third_party/boringssl/crypto/curve25519
2022-12-27T02:55:06.1846280Z   creating python_build/temp.macosx-11.0-arm64-cpython-39/third_party/boringssl/crypto/des
2022-12-27T02:55:06.1848020Z   creating python_build/temp.macosx-11.0-arm64-cpython-39/third_party/boringssl/crypto/dh
2022-12-27T02:55:06.1849460Z   creating python_build/temp.macosx-11.0-arm64-cpython-39/third_party/boringssl/crypto/digest
2022-12-27T02:55:06.1851010Z   creating python_build/temp.macosx-11.0-arm64-cpython-39/third_party/boringssl/crypto/dsa
2022-12-27T02:55:06.1852500Z   creating python_build/temp.macosx-11.0-arm64-cpython-39/third_party/boringssl/crypto/ec
2022-12-27T02:55:06.1855390Z   creating python_build/temp.macosx-11.0-arm64-cpython-39/third_party/boringssl/crypto/ecdh
2022-12-27T02:55:06.1857050Z   creating python_build/temp.macosx-11.0-arm64-cpython-39/third_party/boringssl/crypto/ecdsa
2022-12-27T02:55:06.1858650Z   creating python_build/temp.macosx-11.0-arm64-cpython-39/third_party/boringssl/crypto/engine
2022-12-27T02:55:06.1860350Z   creating python_build/temp.macosx-11.0-arm64-cpython-39/third_party/boringssl/crypto/err
2022-12-27T02:55:06.1862090Z   creating python_build/temp.macosx-11.0-arm64-cpython-39/third_party/boringssl/crypto/evp
2022-12-27T02:55:06.1865610Z   creating python_build/temp.macosx-11.0-arm64-cpython-39/third_party/boringssl/crypto/hkdf
2022-12-27T02:55:06.1867800Z   creating python_build/temp.macosx-11.0-arm64-cpython-39/third_party/boringssl/crypto/hmac
2022-12-27T02:55:06.1870060Z   creating python_build/temp.macosx-11.0-arm64-cpython-39/third_party/boringssl/crypto/lhash
2022-12-27T02:55:06.1871950Z   creating python_build/temp.macosx-11.0-arm64-cpython-39/third_party/boringssl/crypto/md4
2022-12-27T02:55:06.1873950Z   creating python_build/temp.macosx-11.0-arm64-cpython-39/third_party/boringssl/crypto/md5
2022-12-27T02:55:06.1875870Z   creating python_build/temp.macosx-11.0-arm64-cpython-39/third_party/boringssl/crypto/modes
2022-12-27T02:55:06.1878630Z   creating python_build/temp.macosx-11.0-arm64-cpython-39/third_party/boringssl/crypto/obj
2022-12-27T02:55:06.1880500Z   creating python_build/temp.macosx-11.0-arm64-cpython-39/third_party/boringssl/crypto/pem
2022-12-27T02:55:06.1882740Z   creating python_build/temp.macosx-11.0-arm64-cpython-39/third_party/boringssl/crypto/pkcs8
2022-12-27T02:55:06.1884690Z   creating python_build/temp.macosx-11.0-arm64-cpython-39/third_party/boringssl/crypto/poly1305
2022-12-27T02:55:06.1886600Z   creating python_build/temp.macosx-11.0-arm64-cpython-39/third_party/boringssl/crypto/rand
2022-12-27T02:55:06.1889150Z   creating python_build/temp.macosx-11.0-arm64-cpython-39/third_party/boringssl/crypto/rc4
2022-12-27T02:55:06.1891260Z   creating python_build/temp.macosx-11.0-arm64-cpython-39/third_party/boringssl/crypto/rsa
2022-12-27T02:55:06.1893490Z   creating python_build/temp.macosx-11.0-arm64-cpython-39/third_party/boringssl/crypto/sha
2022-12-27T02:55:06.1895860Z   creating python_build/temp.macosx-11.0-arm64-cpython-39/third_party/boringssl/crypto/stack
2022-12-27T02:55:06.1897980Z   creating python_build/temp.macosx-11.0-arm64-cpython-39/third_party/boringssl/crypto/x509
2022-12-27T02:55:06.1900230Z   creating python_build/temp.macosx-11.0-arm64-cpython-39/third_party/boringssl/crypto/x509v3
2022-12-27T02:55:06.1902470Z   creating python_build/temp.macosx-11.0-arm64-cpython-39/third_party/boringssl/ssl
2022-12-27T02:55:06.1904650Z   creating python_build/temp.macosx-11.0-arm64-cpython-39/third_party/boringssl/ssl/pqueue
2022-12-27T02:55:06.1906950Z   creating python_build/temp.macosx-11.0-arm64-cpython-39/third_party/nanopb
2022-12-27T02:55:06.1908890Z   creating python_build/temp.macosx-11.0-arm64-cpython-39/third_party/zlib
2022-12-27T02:55:06.1913380Z   gcc -Wno-unused-result -Wsign-compare -Wunreachable-code -fno-common -dynamic -DNDEBUG -g -fwrapv -O3 -Wall -g -I/usr/local/opt/openssl@3/include -I/usr/local/opt/openssl@3/include -arch arm64 -DOPENSSL_NO_ASM=1 -D_WIN32_WINNT=1536 -DGPR_BACKWARDS_COMPATIBILITY_MODE=1 "-DPyMODINIT_FUNC=__attribute__((visibility (\"default\"))) PyObject*" -Isrc/python/grpcio -Iinclude -I. -Ithird_party/boringssl/include -Ithird_party/zlib -I/private/var/folders/51/hd414ycd67n82196sw51xqtc0000gn/T/cibw-run-ujk2s8n3/cp39-macosx_arm64/build/venv/include -I/Library/Frameworks/Python.framework/Versions/3.9/include/python3.9 -c src/boringssl/err_data.c -o python_build/temp.macosx-11.0-arm64-cpython-39/src/boringssl/err_data.o -fno-wrapv -fvisibility=hidden -pthread -std=gnu99
2022-12-27T02:55:06.2284720Z   In file included from src/boringssl/err_data.c:18:
2022-12-27T02:55:06.2286350Z   In file included from /usr/local/opt/openssl@3/include/openssl/err.h:16:
2022-12-27T02:55:06.2288350Z   In file included from /usr/local/opt/openssl@3/include/openssl/macros.h:15:
2022-12-27T02:55:06.2290500Z   /usr/local/opt/openssl@3/include/openssl/opensslv.h:99:10: warning: 'OPENSSL_VERSION_NUMBER' macro redefined [-Wmacro-redefined]
2022-12-27T02:55:06.2291420Z   # define OPENSSL_VERSION_NUMBER          \
2022-12-27T02:55:06.2292910Z            ^
2022-12-27T02:55:06.2294360Z   third_party/boringssl/include/openssl/base.h:112:9: note: previous definition is here
2022-12-27T02:55:06.2295900Z   #define OPENSSL_VERSION_NUMBER 0x10002000
2022-12-27T02:55:06.2297440Z           ^
2022-12-27T02:55:06.2299040Z   In file included from src/boringssl/err_data.c:18:
2022-12-27T02:55:06.2300310Z   In file included from /usr/local/opt/openssl@3/include/openssl/err.h:21:
2022-12-27T02:55:06.2302200Z   /usr/local/opt/openssl@3/include/openssl/e_os2.h:183:11: warning: 'OPENSSL_EXPORT' macro redefined [-Wmacro-redefined]
2022-12-27T02:55:06.2303260Z   #  define OPENSSL_EXPORT extern
2022-12-27T02:55:06.2304380Z             ^
2022-12-27T02:55:06.2306020Z   third_party/boringssl/include/openssl/base.h:137:9: note: previous definition is here
2022-12-27T02:55:06.2307180Z   #define OPENSSL_EXPORT
2022-12-27T02:55:06.2308500Z           ^
2022-12-27T02:55:06.2353870Z   In file included from src/boringssl/err_data.c:18:
2022-12-27T02:55:06.2355680Z   In file included from /usr/local/opt/openssl@3/include/openssl/err.h:28:
2022-12-27T02:55:06.2358190Z   /usr/local/opt/openssl@3/include/openssl/types.h:45:31: warning: redefinition of typedef 'ASN1_INTEGER' is a C11 feature [-Wtypedef-redefinition]
2022-12-27T02:55:06.2359460Z   typedef struct asn1_string_st ASN1_INTEGER;
2022-12-27T02:55:06.2360770Z                                 ^
2022-12-27T02:55:06.2362460Z   third_party/boringssl/include/openssl/base.h:164:31: note: previous definition is here
2022-12-27T02:55:06.2363790Z   typedef struct asn1_string_st ASN1_INTEGER;
2022-12-27T02:55:06.2365130Z                                 ^
2022-12-27T02:55:06.2366600Z   In file included from src/boringssl/err_data.c:18:
2022-12-27T02:55:06.2368060Z   In file included from /usr/local/opt/openssl@3/include/openssl/err.h:28:
2022-12-27T02:55:06.2369760Z   /usr/local/opt/openssl@3/include/openssl/types.h:46:31: warning: redefinition of typedef 'ASN1_ENUMERATED' is a C11 feature [-Wtypedef-redefinition]
2022-12-27T02:55:06.2370960Z   typedef struct asn1_string_st ASN1_ENUMERATED;
2022-12-27T02:55:06.2372240Z                                 ^
2022-12-27T02:55:06.2373660Z   third_party/boringssl/include/openssl/base.h:160:31: note: previous definition is here
2022-12-27T02:55:06.2375050Z   typedef struct asn1_string_st ASN1_ENUMERATED;
2022-12-27T02:55:06.2376220Z                                 ^
2022-12-27T02:55:06.2377630Z   In file included from src/boringssl/err_data.c:18:
2022-12-27T02:55:06.2378960Z   In file included from /usr/local/opt/openssl@3/include/openssl/err.h:28:
2022-12-27T02:55:06.2380920Z   /usr/local/opt/openssl@3/include/openssl/types.h:47:31: warning: redefinition of typedef 'ASN1_BIT_STRING' is a C11 feature [-Wtypedef-redefinition]
2022-12-27T02:55:06.2381820Z   typedef struct asn1_string_st ASN1_BIT_STRING;
2022-12-27T02:55:06.2383130Z                                 ^
2022-12-27T02:55:06.2384580Z   third_party/boringssl/include/openssl/base.h:158:31: note: previous definition is here
2022-12-27T02:55:06.2385830Z   typedef struct asn1_string_st ASN1_BIT_STRING;
2022-12-27T02:55:06.2387000Z                                 ^
2022-12-27T02:55:06.2388430Z   In file included from src/boringssl/err_data.c:18:
2022-12-27T02:55:06.2389730Z   In file included from /usr/local/opt/openssl@3/include/openssl/err.h:28:
2022-12-27T02:55:06.2391380Z   /usr/local/opt/openssl@3/include/openssl/types.h:48:31: warning: redefinition of typedef 'ASN1_OCTET_STRING' is a C11 feature [-Wtypedef-redefinition]
2022-12-27T02:55:06.2392500Z   typedef struct asn1_string_st ASN1_OCTET_STRING;
2022-12-27T02:55:06.2393830Z                                 ^
2022-12-27T02:55:06.2395280Z   third_party/boringssl/include/openssl/base.h:165:31: note: previous definition is here
2022-12-27T02:55:06.2396540Z   typedef struct asn1_string_st ASN1_OCTET_STRING;
2022-12-27T02:55:06.2397820Z                                 ^
2022-12-27T02:55:06.2399190Z   In file included from src/boringssl/err_data.c:18:
2022-12-27T02:55:06.2400440Z   In file included from /usr/local/opt/openssl@3/include/openssl/err.h:28:
2022-12-27T02:55:06.2402240Z   /usr/local/opt/openssl@3/include/openssl/types.h:49:31: warning: redefinition of typedef 'ASN1_PRINTABLESTRING' is a C11 feature [-Wtypedef-redefinition]
2022-12-27T02:55:06.2403140Z   typedef struct asn1_string_st ASN1_PRINTABLESTRING;
2022-12-27T02:55:06.2404580Z                                 ^
2022-12-27T02:55:06.2405870Z   third_party/boringssl/include/openssl/base.h:166:31: note: previous definition is here
2022-12-27T02:55:06.2407400Z   typedef struct asn1_string_st ASN1_PRINTABLESTRING;
2022-12-27T02:55:06.2408530Z                                 ^
2022-12-27T02:55:06.2409940Z   In file included from src/boringssl/err_data.c:18:
2022-12-27T02:55:06.2411200Z   In file included from /usr/local/opt/openssl@3/include/openssl/err.h:28:
2022-12-27T02:55:06.2412950Z   /usr/local/opt/openssl@3/include/openssl/types.h:50:31: warning: redefinition of typedef 'ASN1_T61STRING' is a C11 feature [-Wtypedef-redefinition]
2022-12-27T02:55:06.2413870Z   typedef struct asn1_string_st ASN1_T61STRING;
2022-12-27T02:55:06.2415300Z                                 ^
2022-12-27T02:55:06.2416600Z   third_party/boringssl/include/openssl/base.h:168:31: note: previous definition is here
2022-12-27T02:55:06.2418040Z   typedef struct asn1_string_st ASN1_T61STRING;
2022-12-27T02:55:06.2419190Z                                 ^
2022-12-27T02:55:06.2420610Z   In file included from src/boringssl/err_data.c:18:
2022-12-27T02:55:06.2421960Z   In file included from /usr/local/opt/openssl@3/include/openssl/err.h:28:
2022-12-27T02:55:06.2423690Z   /usr/local/opt/openssl@3/include/openssl/types.h:51:31: warning: redefinition of typedef 'ASN1_IA5STRING' is a C11 feature [-Wtypedef-redefinition]
2022-12-27T02:55:06.2424650Z   typedef struct asn1_string_st ASN1_IA5STRING;
2022-12-27T02:55:06.2426090Z                                 ^
2022-12-27T02:55:06.2427370Z   third_party/boringssl/include/openssl/base.h:163:31: note: previous definition is here
2022-12-27T02:55:06.2429000Z   typedef struct asn1_string_st ASN1_IA5STRING;
2022-12-27T02:55:06.2430190Z                                 ^
2022-12-27T02:55:06.2431650Z   In file included from src/boringssl/err_data.c:18:
2022-12-27T02:55:06.2433220Z   In file included from /usr/local/opt/openssl@3/include/openssl/err.h:28:
2022-12-27T02:55:06.2434670Z   /usr/local/opt/openssl@3/include/openssl/types.h:52:31: warning: redefinition of typedef 'ASN1_GENERALSTRING' is a C11 feature [-Wtypedef-redefinition]
2022-12-27T02:55:06.2435800Z   typedef struct asn1_string_st ASN1_GENERALSTRING;
2022-12-27T02:55:06.2437370Z                                 ^
2022-12-27T02:55:06.2438410Z   third_party/boringssl/include/openssl/base.h:162:31: note: previous definition is here
2022-12-27T02:55:06.2439720Z   typedef struct asn1_string_st ASN1_GENERALSTRING;
2022-12-27T02:55:06.2441070Z                                 ^
2022-12-27T02:55:06.2442630Z   In file included from src/boringssl/err_data.c:18:
2022-12-27T02:55:06.2444000Z   In file included from /usr/local/opt/openssl@3/include/openssl/err.h:28:
2022-12-27T02:55:06.2446020Z   /usr/local/opt/openssl@3/include/openssl/types.h:53:31: warning: redefinition of typedef 'ASN1_UNIVERSALSTRING' is a C11 feature [-Wtypedef-redefinition]
2022-12-27T02:55:06.2446790Z   typedef struct asn1_string_st ASN1_UNIVERSALSTRING;
2022-12-27T02:55:06.2448080Z                                 ^
2022-12-27T02:55:06.2449690Z   third_party/boringssl/include/openssl/base.h:170:31: note: previous definition is here
2022-12-27T02:55:06.2450920Z   typedef struct asn1_string_st ASN1_UNIVERSALSTRING;
2022-12-27T02:55:06.2452450Z                                 ^
2022-12-27T02:55:06.2453900Z   In file included from src/boringssl/err_data.c:18:
2022-12-27T02:55:06.2455270Z   In file included from /usr/local/opt/openssl@3/include/openssl/err.h:28:
2022-12-27T02:55:06.2457070Z   /usr/local/opt/openssl@3/include/openssl/types.h:54:31: warning: redefinition of typedef 'ASN1_BMPSTRING' is a C11 feature [-Wtypedef-redefinition]
2022-12-27T02:55:06.2457880Z   typedef struct asn1_string_st ASN1_BMPSTRING;
2022-12-27T02:55:06.2459240Z                                 ^
2022-12-27T02:55:06.2460670Z   third_party/boringssl/include/openssl/base.h:159:31: note: previous definition is here
2022-12-27T02:55:06.2462080Z   typedef struct asn1_string_st ASN1_BMPSTRING;
2022-12-27T02:55:06.2463370Z                                 ^
2022-12-27T02:55:06.2464640Z   In file included from src/boringssl/err_data.c:18:
2022-12-27T02:55:06.2466040Z   In file included from /usr/local/opt/openssl@3/include/openssl/err.h:28:
2022-12-27T02:55:06.2467750Z   /usr/local/opt/openssl@3/include/openssl/types.h:55:31: warning: redefinition of typedef 'ASN1_UTCTIME' is a C11 feature [-Wtypedef-redefinition]
2022-12-27T02:55:06.2468680Z   typedef struct asn1_string_st ASN1_UTCTIME;
2022-12-27T02:55:06.2470030Z                                 ^
2022-12-27T02:55:06.2471500Z   third_party/boringssl/include/openssl/base.h:171:31: note: previous definition is here
2022-12-27T02:55:06.2472680Z   typedef struct asn1_string_st ASN1_UTCTIME;
2022-12-27T02:55:06.2474000Z                                 ^
2022-12-27T02:55:06.2475350Z   In file included from src/boringssl/err_data.c:18:
2022-12-27T02:55:06.2476690Z   In file included from /usr/local/opt/openssl@3/include/openssl/err.h:28:
2022-12-27T02:55:06.2478320Z   /usr/local/opt/openssl@3/include/openssl/types.h:56:31: warning: redefinition of typedef 'ASN1_TIME' is a C11 feature [-Wtypedef-redefinition]
2022-12-27T02:55:06.2479470Z   typedef struct asn1_string_st ASN1_TIME;
2022-12-27T02:55:06.2480730Z                                 ^
2022-12-27T02:55:06.2482470Z   third_party/boringssl/include/openssl/base.h:169:31: note: previous definition is here
2022-12-27T02:55:06.2483830Z   typedef struct asn1_string_st ASN1_TIME;
2022-12-27T02:55:06.2485130Z                                 ^
2022-12-27T02:55:06.2486470Z   In file included from src/boringssl/err_data.c:18:
2022-12-27T02:55:06.2487800Z   In file included from /usr/local/opt/openssl@3/include/openssl/err.h:28:
2022-12-27T02:55:06.2489420Z   /usr/local/opt/openssl@3/include/openssl/types.h:57:31: warning: redefinition of typedef 'ASN1_GENERALIZEDTIME' is a C11 feature [-Wtypedef-redefinition]
2022-12-27T02:55:06.2490760Z   typedef struct asn1_string_st ASN1_GENERALIZEDTIME;
2022-12-27T02:55:06.2491890Z                                 ^
2022-12-27T02:55:06.2493570Z   third_party/boringssl/include/openssl/base.h:161:31: note: previous definition is here
2022-12-27T02:55:06.2494810Z   typedef struct asn1_string_st ASN1_GENERALIZEDTIME;
2022-12-27T02:55:06.2496420Z                                 ^
2022-12-27T02:55:06.2497470Z   In file included from src/boringssl/err_data.c:18:
2022-12-27T02:55:06.2499030Z   In file included from /usr/local/opt/openssl@3/include/openssl/err.h:28:
2022-12-27T02:55:06.2500770Z   /usr/local/opt/openssl@3/include/openssl/types.h:58:31: warning: redefinition of typedef 'ASN1_VISIBLESTRING' is a C11 feature [-Wtypedef-redefinition]
2022-12-27T02:55:06.2501780Z   typedef struct asn1_string_st ASN1_VISIBLESTRING;
2022-12-27T02:55:06.2503130Z                                 ^
2022-12-27T02:55:06.2504590Z   third_party/boringssl/include/openssl/base.h:173:31: note: previous definition is here
2022-12-27T02:55:06.2505880Z   typedef struct asn1_string_st ASN1_VISIBLESTRING;
2022-12-27T02:55:06.2507100Z                                 ^
2022-12-27T02:55:06.2508450Z   In file included from src/boringssl/err_data.c:18:
2022-12-27T02:55:06.2509900Z   In file included from /usr/local/opt/openssl@3/include/openssl/err.h:28:
2022-12-27T02:55:06.2511590Z   /usr/local/opt/openssl@3/include/openssl/types.h:59:31: warning: redefinition of typedef 'ASN1_UTF8STRING' is a C11 feature [-Wtypedef-redefinition]
2022-12-27T02:55:06.2512530Z   typedef struct asn1_string_st ASN1_UTF8STRING;
2022-12-27T02:55:06.2513890Z                                 ^
2022-12-27T02:55:06.2515320Z   third_party/boringssl/include/openssl/base.h:172:31: note: previous definition is here
2022-12-27T02:55:06.2516600Z   typedef struct asn1_string_st ASN1_UTF8STRING;
2022-12-27T02:55:06.2517930Z                                 ^
2022-12-27T02:55:06.2519280Z   In file included from src/boringssl/err_data.c:18:
2022-12-27T02:55:06.2520650Z   In file included from /usr/local/opt/openssl@3/include/openssl/err.h:28:
2022-12-27T02:55:06.2522350Z   /usr/local/opt/openssl@3/include/openssl/types.h:60:31: warning: redefinition of typedef 'ASN1_STRING' is a C11 feature [-Wtypedef-redefinition]
2022-12-27T02:55:06.2523320Z   typedef struct asn1_string_st ASN1_STRING;
2022-12-27T02:55:06.2524690Z                                 ^
2022-12-27T02:55:06.2526160Z   third_party/boringssl/include/openssl/base.h:167:31: note: previous definition is here
2022-12-27T02:55:06.2527370Z   typedef struct asn1_string_st ASN1_STRING;
2022-12-27T02:55:06.2528610Z                                 ^
2022-12-27T02:55:06.2529970Z   In file included from src/boringssl/err_data.c:18:
2022-12-27T02:55:06.2531360Z   In file included from /usr/local/opt/openssl@3/include/openssl/err.h:28:
2022-12-27T02:55:06.2532990Z   /usr/local/opt/openssl@3/include/openssl/types.h:61:13: warning: redefinition of typedef 'ASN1_BOOLEAN' is a C11 feature [-Wtypedef-redefinition]
2022-12-27T02:55:06.2533890Z   typedef int ASN1_BOOLEAN;
2022-12-27T02:55:06.2535270Z               ^
2022-12-27T02:55:06.2536750Z   third_party/boringssl/include/openssl/base.h:153:13: note: previous definition is here
2022-12-27T02:55:06.2537970Z   typedef int ASN1_BOOLEAN;
2022-12-27T02:55:06.2539270Z               ^
2022-12-27T02:55:06.2540650Z   In file included from src/boringssl/err_data.c:18:
2022-12-27T02:55:06.2542050Z   In file included from /usr/local/opt/openssl@3/include/openssl/err.h:28:
2022-12-27T02:55:06.2543660Z   /usr/local/opt/openssl@3/include/openssl/types.h:62:13: warning: redefinition of typedef 'ASN1_NULL' is a C11 feature [-Wtypedef-redefinition]
2022-12-27T02:55:06.2544770Z   typedef int ASN1_NULL;
2022-12-27T02:55:06.2546030Z               ^
2022-12-27T02:55:06.2547480Z   third_party/boringssl/include/openssl/base.h:154:13: note: previous definition is here
2022-12-27T02:55:06.2548730Z   typedef int ASN1_NULL;
2022-12-27T02:55:06.2549970Z               ^
2022-12-27T02:55:06.2551290Z   In file included from src/boringssl/err_data.c:18:
2022-12-27T02:55:06.2552780Z   In file included from /usr/local/opt/openssl@3/include/openssl/err.h:28:
2022-12-27T02:55:06.2554690Z   /usr/local/opt/openssl@3/include/openssl/types.h:66:31: warning: redefinition of typedef 'ASN1_OBJECT' is a C11 feature [-Wtypedef-redefinition]
2022-12-27T02:55:06.2555710Z   typedef struct asn1_object_st ASN1_OBJECT;
2022-12-27T02:55:06.2556890Z                                 ^
2022-12-27T02:55:06.2558350Z   third_party/boringssl/include/openssl/base.h:156:31: note: previous definition is here
2022-12-27T02:55:06.2559540Z   typedef struct asn1_object_st ASN1_OBJECT;
2022-12-27T02:55:06.2560810Z                                 ^
2022-12-27T02:55:06.2562240Z   In file included from src/boringssl/err_data.c:18:
2022-12-27T02:55:06.2563670Z   In file included from /usr/local/opt/openssl@3/include/openssl/err.h:28:
2022-12-27T02:55:06.2565330Z   /usr/local/opt/openssl@3/include/openssl/types.h:69:29: warning: redefinition of typedef 'ASN1_ITEM' is a C11 feature [-Wtypedef-redefinition]
2022-12-27T02:55:06.2566350Z   typedef struct ASN1_ITEM_st ASN1_ITEM;
2022-12-27T02:55:06.2567630Z                               ^
2022-12-27T02:55:06.2569090Z   third_party/boringssl/include/openssl/base.h:155:29: note: previous definition is here
2022-12-27T02:55:06.2570380Z   typedef struct ASN1_ITEM_st ASN1_ITEM;
2022-12-27T02:55:06.2571670Z                               ^
2022-12-27T02:55:06.2573040Z   In file included from src/boringssl/err_data.c:18:
2022-12-27T02:55:06.2574400Z   In file included from /usr/local/opt/openssl@3/include/openssl/err.h:28:
2022-12-27T02:55:06.2576070Z   /usr/local/opt/openssl@3/include/openssl/types.h:70:29: warning: redefinition of typedef 'ASN1_PCTX' is a C11 feature [-Wtypedef-redefinition]
2022-12-27T02:55:06.2577080Z   typedef struct asn1_pctx_st ASN1_PCTX;
2022-12-27T02:55:06.2578390Z                               ^
2022-12-27T02:55:06.2579830Z   third_party/boringssl/include/openssl/base.h:157:29: note: previous definition is here
2022-12-27T02:55:06.2581200Z   typedef struct asn1_pctx_st ASN1_PCTX;
2022-12-27T02:55:06.2582470Z                               ^
2022-12-27T02:55:06.2583840Z   In file included from src/boringssl/err_data.c:18:
2022-12-27T02:55:06.2585140Z   In file included from /usr/local/opt/openssl@3/include/openssl/err.h:28:
2022-12-27T02:55:06.2586820Z   /usr/local/opt/openssl@3/include/openssl/types.h:86:23: warning: redefinition of typedef 'BIO' is a C11 feature [-Wtypedef-redefinition]
2022-12-27T02:55:06.2587800Z   typedef struct bio_st BIO;
2022-12-27T02:55:06.2589140Z                         ^
2022-12-27T02:55:06.2590610Z   third_party/boringssl/include/openssl/base.h:205:23: note: previous definition is here
2022-12-27T02:55:06.2591880Z   typedef struct bio_st BIO;
2022-12-27T02:55:06.2593190Z                         ^
2022-12-27T02:55:06.2594530Z   In file included from src/boringssl/err_data.c:18:
2022-12-27T02:55:06.2595920Z   In file included from /usr/local/opt/openssl@3/include/openssl/err.h:28:
2022-12-27T02:55:06.2597920Z   /usr/local/opt/openssl@3/include/openssl/types.h:87:26: warning: redefinition of typedef 'BIGNUM' is a C11 feature [-Wtypedef-redefinition]
2022-12-27T02:55:06.2599080Z   typedef struct bignum_st BIGNUM;
2022-12-27T02:55:06.2600370Z                            ^
2022-12-27T02:55:06.2601990Z   third_party/boringssl/include/openssl/base.h:203:26: note: previous definition is here
2022-12-27T02:55:06.2603380Z   typedef struct bignum_st BIGNUM;
2022-12-27T02:55:06.2604590Z                            ^
2022-12-27T02:55:06.2605980Z   In file included from src/boringssl/err_data.c:18:
2022-12-27T02:55:06.2607310Z   In file included from /usr/local/opt/openssl@3/include/openssl/err.h:28:
2022-12-27T02:55:06.2608980Z   /usr/local/opt/openssl@3/include/openssl/types.h:88:27: warning: redefinition of typedef 'BN_CTX' is a C11 feature [-Wtypedef-redefinition]
2022-12-27T02:55:06.2610170Z   typedef struct bignum_ctx BN_CTX;
2022-12-27T02:55:06.2611560Z                             ^
2022-12-27T02:55:06.2613090Z   third_party/boringssl/include/openssl/base.h:202:27: note: previous definition is here
2022-12-27T02:55:06.2614340Z   typedef struct bignum_ctx BN_CTX;
2022-12-27T02:55:06.2615640Z                             ^
2022-12-27T02:55:06.2616970Z   In file included from src/boringssl/err_data.c:18:
2022-12-27T02:55:06.2618590Z   In file included from /usr/local/opt/openssl@3/include/openssl/err.h:28:
2022-12-27T02:55:06.2619950Z   /usr/local/opt/openssl@3/include/openssl/types.h:90:31: warning: redefinition of typedef 'BN_MONT_CTX' is a C11 feature [-Wtypedef-redefinition]
2022-12-27T02:55:06.2620970Z   typedef struct bn_mont_ctx_st BN_MONT_CTX;
2022-12-27T02:55:06.2622390Z                                 ^
2022-12-27T02:55:06.2623790Z   third_party/boringssl/include/openssl/base.h:207:31: note: previous definition is here
2022-12-27T02:55:06.2625070Z   typedef struct bn_mont_ctx_st BN_MONT_CTX;
2022-12-27T02:55:06.2626320Z                                 ^
2022-12-27T02:55:06.2627710Z   In file included from src/boringssl/err_data.c:18:
2022-12-27T02:55:06.2629030Z   In file included from /usr/local/opt/openssl@3/include/openssl/err.h:28:
2022-12-27T02:55:06.2630690Z   /usr/local/opt/openssl@3/include/openssl/types.h:92:28: warning: redefinition of typedef 'BN_GENCB' is a C11 feature [-Wtypedef-redefinition]
2022-12-27T02:55:06.2631700Z   typedef struct bn_gencb_st BN_GENCB;
2022-12-27T02:55:06.2633110Z                              ^
2022-12-27T02:55:06.2634690Z   third_party/boringssl/include/openssl/base.h:206:28: note: previous definition is here
2022-12-27T02:55:06.2635940Z   typedef struct bn_gencb_st BN_GENCB;
2022-12-27T02:55:06.2638040Z                              ^
2022-12-27T02:55:06.2639960Z   In file included from src/boringssl/err_data.c:18:
2022-12-27T02:55:06.2642280Z   In file included from /usr/local/opt/openssl@3/include/openssl/err.h:28:
2022-12-27T02:55:06.2644600Z   /usr/local/opt/openssl@3/include/openssl/types.h:94:27: warning: redefinition of typedef 'BUF_MEM' is a C11 feature [-Wtypedef-redefinition]
2022-12-27T02:55:06.2646230Z   typedef struct buf_mem_st BUF_MEM;
2022-12-27T02:55:06.2648200Z                             ^
2022-12-27T02:55:06.2650420Z   third_party/boringssl/include/openssl/base.h:208:27: note: previous definition is here
2022-12-27T02:55:06.2652450Z   typedef struct buf_mem_st BUF_MEM;
2022-12-27T02:55:06.2654390Z                             ^
2022-12-27T02:55:06.2656390Z   In file included from src/boringssl/err_data.c:18:
2022-12-27T02:55:06.2658440Z   In file included from /usr/local/opt/openssl@3/include/openssl/err.h:28:
2022-12-27T02:55:06.2660750Z   /usr/local/opt/openssl@3/include/openssl/types.h:101:30: warning: redefinition of typedef 'EVP_CIPHER' is a C11 feature [-Wtypedef-redefinition]
2022-12-27T02:55:06.2662580Z   typedef struct evp_cipher_st EVP_CIPHER;
2022-12-27T02:55:06.2664370Z                                ^
2022-12-27T02:55:06.2666500Z   third_party/boringssl/include/openssl/base.h:224:30: note: previous definition is here
2022-12-27T02:55:06.2668470Z   typedef struct evp_cipher_st EVP_CIPHER;
2022-12-27T02:55:06.2670360Z                                ^
2022-12-27T02:55:06.2672380Z   In file included from src/boringssl/err_data.c:18:
2022-12-27T02:55:06.2674460Z   In file included from /usr/local/opt/openssl@3/include/openssl/err.h:28:
2022-12-27T02:55:06.2676810Z   /usr/local/opt/openssl@3/include/openssl/types.h:102:34: warning: redefinition of typedef 'EVP_CIPHER_CTX' is a C11 feature [-Wtypedef-redefinition]
2022-12-27T02:55:06.2678440Z   typedef struct evp_cipher_ctx_st EVP_CIPHER_CTX;
2022-12-27T02:55:06.2680400Z                                    ^
2022-12-27T02:55:06.2682540Z   third_party/boringssl/include/openssl/base.h:223:34: note: previous definition is here
2022-12-27T02:55:06.2684500Z   typedef struct evp_cipher_ctx_st EVP_CIPHER_CTX;
2022-12-27T02:55:06.2686340Z                                    ^
2022-12-27T02:55:06.2688380Z   In file included from src/boringssl/err_data.c:18:
2022-12-27T02:55:06.2690400Z   In file included from /usr/local/opt/openssl@3/include/openssl/err.h:28:
2022-12-27T02:55:06.2692700Z   /usr/local/opt/openssl@3/include/openssl/types.h:103:26: error: typedef redefinition with different types ('struct evp_md_st' vs 'struct env_md_st')
2022-12-27T02:55:06.2694430Z   typedef struct evp_md_st EVP_MD;
2022-12-27T02:55:06.2696640Z                            ^
2022-12-27T02:55:06.2698760Z   third_party/boringssl/include/openssl/base.h:221:26: note: previous definition is here
2022-12-27T02:55:06.2700340Z   typedef struct env_md_st EVP_MD;
2022-12-27T02:55:06.2702200Z                            ^
2022-12-27T02:55:06.2704160Z   In file included from src/boringssl/err_data.c:18:
2022-12-27T02:55:06.2706070Z   In file included from /usr/local/opt/openssl@3/include/openssl/err.h:28:
2022-12-27T02:55:06.2708590Z   /usr/local/opt/openssl@3/include/openssl/types.h:104:30: error: typedef redefinition with different types ('struct evp_md_ctx_st' vs 'struct env_md_ctx_st')
2022-12-27T02:55:06.2710080Z   typedef struct evp_md_ctx_st EVP_MD_CTX;
2022-12-27T02:55:06.2711950Z                                ^
2022-12-27T02:55:06.2713950Z   third_party/boringssl/include/openssl/base.h:220:30: note: previous definition is here
2022-12-27T02:55:06.2715650Z   typedef struct env_md_ctx_st EVP_MD_CTX;
2022-12-27T02:55:06.2716960Z                                ^
2022-12-27T02:55:06.2718360Z   In file included from src/boringssl/err_data.c:18:
2022-12-27T02:55:06.2719690Z   In file included from /usr/local/opt/openssl@3/include/openssl/err.h:28:
2022-12-27T02:55:06.2721370Z   /usr/local/opt/openssl@3/include/openssl/types.h:107:28: warning: redefinition of typedef 'EVP_PKEY' is a C11 feature [-Wtypedef-redefinition]
2022-12-27T02:55:06.2722350Z   typedef struct evp_pkey_st EVP_PKEY;
2022-12-27T02:55:06.2723610Z                              ^
2022-12-27T02:55:06.2725210Z   third_party/boringssl/include/openssl/base.h:229:28: note: previous definition is here
2022-12-27T02:55:06.2726340Z   typedef struct evp_pkey_st EVP_PKEY;
2022-12-27T02:55:06.2727620Z                              ^
2022-12-27T02:55:06.2728960Z   In file included from src/boringssl/err_data.c:18:
2022-12-27T02:55:06.2730360Z   In file included from /usr/local/opt/openssl@3/include/openssl/err.h:28:
2022-12-27T02:55:06.2732040Z   /usr/local/opt/openssl@3/include/openssl/types.h:109:40: warning: redefinition of typedef 'EVP_PKEY_ASN1_METHOD' is a C11 feature [-Wtypedef-redefinition]
2022-12-27T02:55:06.2733020Z   typedef struct evp_pkey_asn1_method_st EVP_PKEY_ASN1_METHOD;
2022-12-27T02:55:06.2734390Z                                          ^
2022-12-27T02:55:06.2735810Z   third_party/boringssl/include/openssl/base.h:226:40: note: previous definition is here
2022-12-27T02:55:06.2737030Z   typedef struct evp_pkey_asn1_method_st EVP_PKEY_ASN1_METHOD;
2022-12-27T02:55:06.2738330Z                                          ^
2022-12-27T02:55:06.2739740Z   In file included from src/boringssl/err_data.c:18:
2022-12-27T02:55:06.2741050Z   In file included from /usr/local/opt/openssl@3/include/openssl/err.h:28:
2022-12-27T02:55:06.2742890Z   /usr/local/opt/openssl@3/include/openssl/types.h:111:35: warning: redefinition of typedef 'EVP_PKEY_METHOD' is a C11 feature [-Wtypedef-redefinition]
2022-12-27T02:55:06.2743810Z   typedef struct evp_pkey_method_st EVP_PKEY_METHOD;
2022-12-27T02:55:06.2745120Z                                     ^
2022-12-27T02:55:06.2746810Z   third_party/boringssl/include/openssl/base.h:228:35: note: previous definition is here
2022-12-27T02:55:06.2748330Z   typedef struct evp_pkey_method_st EVP_PKEY_METHOD;
2022-12-27T02:55:06.2749580Z                                     ^
2022-12-27T02:55:06.2751100Z   In file included from src/boringssl/err_data.c:18:
2022-12-27T02:55:06.2752520Z   In file included from /usr/local/opt/openssl@3/include/openssl/err.h:28:
2022-12-27T02:55:06.2754220Z   /usr/local/opt/openssl@3/include/openssl/types.h:112:32: warning: redefinition of typedef 'EVP_PKEY_CTX' is a C11 feature [-Wtypedef-redefinition]
2022-12-27T02:55:06.2755210Z   typedef struct evp_pkey_ctx_st EVP_PKEY_CTX;
2022-12-27T02:55:06.2756650Z                                  ^
2022-12-27T02:55:06.2758090Z   third_party/boringssl/include/openssl/base.h:227:32: note: previous definition is here
2022-12-27T02:55:06.2759340Z   typedef struct evp_pkey_ctx_st EVP_PKEY_CTX;
2022-12-27T02:55:06.2760830Z                                  ^
2022-12-27T02:55:06.2762100Z   In file included from src/boringssl/err_data.c:18:
2022-12-27T02:55:06.2763450Z   In file included from /usr/local/opt/openssl@3/include/openssl/err.h:28:
2022-12-27T02:55:06.2765220Z   /usr/local/opt/openssl@3/include/openssl/types.h:130:34: error: typedef redefinition with different types ('struct evp_Encode_Ctx_st' vs 'struct evp_encode_ctx_st')
2022-12-27T02:55:06.2766230Z   typedef struct evp_Encode_Ctx_st EVP_ENCODE_CTX;
2022-12-27T02:55:06.2767690Z                                    ^
2022-12-27T02:55:06.2769430Z   third_party/boringssl/include/openssl/base.h:225:34: note: previous definition is here
2022-12-27T02:55:06.2770730Z   typedef struct evp_encode_ctx_st EVP_ENCODE_CTX;
2022-12-27T02:55:06.2771920Z                                    ^
2022-12-27T02:55:06.2773310Z   In file included from src/boringssl/err_data.c:18:
2022-12-27T02:55:06.2774630Z   In file included from /usr/local/opt/openssl@3/include/openssl/err.h:28:
2022-12-27T02:55:06.2776260Z   /usr/local/opt/openssl@3/include/openssl/types.h:132:28: warning: redefinition of typedef 'HMAC_CTX' is a C11 feature [-Wtypedef-redefinition]
2022-12-27T02:55:06.2777340Z   typedef struct hmac_ctx_st HMAC_CTX;
2022-12-27T02:55:06.2778610Z                              ^
2022-12-27T02:55:06.2780110Z   third_party/boringssl/include/openssl/base.h:230:28: note: previous definition is here
2022-12-27T02:55:06.2781330Z   typedef struct hmac_ctx_st HMAC_CTX;
2022-12-27T02:55:06.2782780Z                              ^
2022-12-27T02:55:06.2784070Z   In file included from src/boringssl/err_data.c:18:
2022-12-27T02:55:06.2785470Z   In file included from /usr/local/opt/openssl@3/include/openssl/err.h:28:
2022-12-27T02:55:06.2787070Z   /usr/local/opt/openssl@3/include/openssl/types.h:134:22: warning: redefinition of typedef 'DH' is a C11 feature [-Wtypedef-redefinition]
2022-12-27T02:55:06.2788010Z   typedef struct dh_st DH;
2022-12-27T02:55:06.2789360Z                        ^
2022-12-27T02:55:06.2790870Z   third_party/boringssl/include/openssl/base.h:214:22: note: previous definition is here
2022-12-27T02:55:06.2792120Z   typedef struct dh_st DH;
2022-12-27T02:55:06.2793430Z                        ^
2022-12-27T02:55:06.2794790Z   In file included from src/boringssl/err_data.c:18:
2022-12-27T02:55:06.2796150Z   In file included from /usr/local/opt/openssl@3/include/openssl/err.h:28:
2022-12-27T02:55:06.2797790Z   /usr/local/opt/openssl@3/include/openssl/types.h:153:29: warning: redefinition of typedef 'RAND_METHOD' is a C11 feature [-Wtypedef-redefinition]
2022-12-27T02:55:06.2798740Z   typedef struct rand_meth_st RAND_METHOD;
2022-12-27T02:55:06.2800130Z                               ^
2022-12-27T02:55:06.2801660Z   third_party/boringssl/include/openssl/base.h:236:29: note: previous definition is here
2022-12-27T02:55:06.2803070Z   typedef struct rand_meth_st RAND_METHOD;
2022-12-27T02:55:06.2804330Z                               ^
2022-12-27T02:55:06.2805730Z   In file included from src/boringssl/err_data.c:18:
2022-12-27T02:55:06.2807100Z   In file included from /usr/local/opt/openssl@3/include/openssl/err.h:28:
2022-12-27T02:55:06.2808830Z   /usr/local/opt/openssl@3/include/openssl/types.h:157:24: warning: redefinition of typedef 'X509' is a C11 feature [-Wtypedef-redefinition]
2022-12-27T02:55:06.2809770Z   typedef struct x509_st X509;
2022-12-27T02:55:06.2811160Z                          ^
2022-12-27T02:55:06.2812740Z   third_party/boringssl/include/openssl/base.h:258:24: note: previous definition is here
2022-12-27T02:55:06.2813980Z   typedef struct x509_st X509;
2022-12-27T02:55:06.2815270Z                          ^
2022-12-27T02:55:06.2816640Z   In file included from src/boringssl/err_data.c:18:
2022-12-27T02:55:06.2818010Z   In file included from /usr/local/opt/openssl@3/include/openssl/err.h:28:
2022-12-27T02:55:06.2819660Z   /usr/local/opt/openssl@3/include/openssl/types.h:158:30: warning: redefinition of typedef 'X509_ALGOR' is a C11 feature [-Wtypedef-redefinition]
2022-12-27T02:55:06.2820750Z   typedef struct X509_algor_st X509_ALGOR;
2022-12-27T02:55:06.2822040Z                                ^
2022-12-27T02:55:06.2823490Z   third_party/boringssl/include/openssl/base.h:189:30: note: previous definition is here
2022-12-27T02:55:06.2824800Z   typedef struct X509_algor_st X509_ALGOR;
2022-12-27T02:55:06.2826030Z                                ^
2022-12-27T02:55:06.2827380Z   In file included from src/boringssl/err_data.c:18:
2022-12-27T02:55:06.2828740Z   In file included from /usr/local/opt/openssl@3/include/openssl/err.h:28:
2022-12-27T02:55:06.2830390Z   /usr/local/opt/openssl@3/include/openssl/types.h:159:28: warning: redefinition of typedef 'X509_CRL' is a C11 feature [-Wtypedef-redefinition]
2022-12-27T02:55:06.2831350Z   typedef struct X509_crl_st X509_CRL;
2022-12-27T02:55:06.2832730Z                              ^
2022-12-27T02:55:06.2834200Z   third_party/boringssl/include/openssl/base.h:191:28: note: previous definition is here
2022-12-27T02:55:06.2835450Z   typedef struct X509_crl_st X509_CRL;
2022-12-27T02:55:06.2836910Z                              ^
2022-12-27T02:55:06.2838450Z   In file included from src/boringssl/err_data.c:18:
2022-12-27T02:55:06.2840180Z   In file included from /usr/local/opt/openssl@3/include/openssl/err.h:28:
2022-12-27T02:55:06.2842400Z   /usr/local/opt/openssl@3/include/openssl/types.h:160:35: warning: redefinition of typedef 'X509_CRL_METHOD' is a C11 feature [-Wtypedef-redefinition]
2022-12-27T02:55:06.2843750Z   typedef struct x509_crl_method_st X509_CRL_METHOD;
2022-12-27T02:55:06.2845110Z                                     ^
2022-12-27T02:55:06.2846450Z   third_party/boringssl/include/openssl/base.h:256:35: note: previous definition is here
2022-12-27T02:55:06.2847710Z   typedef struct x509_crl_method_st X509_CRL_METHOD;
2022-12-27T02:55:06.2848970Z                                     ^
2022-12-27T02:55:06.2850380Z   In file included from src/boringssl/err_data.c:18:
2022-12-27T02:55:06.2851700Z   In file included from /usr/local/opt/openssl@3/include/openssl/err.h:28:
2022-12-27T02:55:06.2853550Z   /usr/local/opt/openssl@3/include/openssl/types.h:161:32: warning: redefinition of typedef 'X509_REVOKED' is a C11 feature [-Wtypedef-redefinition]
2022-12-27T02:55:06.2854540Z   typedef struct x509_revoked_st X509_REVOKED;
2022-12-27T02:55:06.2855810Z                                  ^
2022-12-27T02:55:06.2857350Z   third_party/boringssl/include/openssl/base.h:257:32: note: previous definition is here
2022-12-27T02:55:06.2858610Z   typedef struct x509_revoked_st X509_REVOKED;
2022-12-27T02:55:06.2859880Z                                  ^
2022-12-27T02:55:06.2861240Z   In file included from src/boringssl/err_data.c:18:
2022-12-27T02:55:06.2862730Z   In file included from /usr/local/opt/openssl@3/include/openssl/err.h:28:
2022-12-27T02:55:06.2864120Z   /usr/local/opt/openssl@3/include/openssl/types.h:162:29: warning: redefinition of typedef 'X509_NAME' is a C11 feature [-Wtypedef-redefinition]
2022-12-27T02:55:06.2865270Z   typedef struct X509_name_st X509_NAME;
2022-12-27T02:55:06.2866750Z                               ^
2022-12-27T02:55:06.2867950Z   third_party/boringssl/include/openssl/base.h:195:29: note: previous definition is here
2022-12-27T02:55:06.2869180Z   typedef struct X509_name_st X509_NAME;
2022-12-27T02:55:06.2870450Z                               ^
2022-12-27T02:55:06.2871780Z   In file included from src/boringssl/err_data.c:18:
2022-12-27T02:55:06.2873130Z   In file included from /usr/local/opt/openssl@3/include/openssl/err.h:28:
2022-12-27T02:55:06.2874680Z   /usr/local/opt/openssl@3/include/openssl/types.h:163:31: warning: redefinition of typedef 'X509_PUBKEY' is a C11 feature [-Wtypedef-redefinition]
2022-12-27T02:55:06.2875830Z   typedef struct X509_pubkey_st X509_PUBKEY;
2022-12-27T02:55:06.2877100Z                                 ^
2022-12-27T02:55:06.2878560Z   third_party/boringssl/include/openssl/base.h:197:31: note: previous definition is here
2022-12-27T02:55:06.2879840Z   typedef struct X509_pubkey_st X509_PUBKEY;
2022-12-27T02:55:06.2881260Z                                 ^
2022-12-27T02:55:06.2882600Z   In file included from src/boringssl/err_data.c:18:
2022-12-27T02:55:06.2883930Z   In file included from /usr/local/opt/openssl@3/include/openssl/err.h:28:
2022-12-27T02:55:06.2885530Z   /usr/local/opt/openssl@3/include/openssl/types.h:164:30: warning: redefinition of typedef 'X509_STORE' is a C11 feature [-Wtypedef-redefinition]
2022-12-27T02:55:06.2886640Z   typedef struct x509_store_st X509_STORE;
2022-12-27T02:55:06.2887900Z                                ^
2022-12-27T02:55:06.2889340Z   third_party/boringssl/include/openssl/base.h:260:30: note: previous definition is here
2022-12-27T02:55:06.2890610Z   typedef struct x509_store_st X509_STORE;
2022-12-27T02:55:06.2891880Z                                ^
2022-12-27T02:55:06.2893250Z   In file included from src/boringssl/err_data.c:18:
2022-12-27T02:55:06.2894590Z   In file included from /usr/local/opt/openssl@3/include/openssl/err.h:28:
2022-12-27T02:55:06.2896180Z   /usr/local/opt/openssl@3/include/openssl/types.h:165:34: warning: redefinition of typedef 'X509_STORE_CTX' is a C11 feature [-Wtypedef-redefinition]
2022-12-27T02:55:06.2897330Z   typedef struct x509_store_ctx_st X509_STORE_CTX;
2022-12-27T02:55:06.2898560Z                                    ^
2022-12-27T02:55:06.2899990Z   third_party/boringssl/include/openssl/base.h:259:34: note: previous definition is here
2022-12-27T02:55:06.2901270Z   typedef struct x509_store_ctx_st X509_STORE_CTX;
2022-12-27T02:55:06.2902640Z                                    ^
2022-12-27T02:55:06.2903990Z   In file included from src/boringssl/err_data.c:18:
2022-12-27T02:55:06.2905330Z   In file included from /usr/local/opt/openssl@3/include/openssl/err.h:28:
2022-12-27T02:55:06.2906950Z   /usr/local/opt/openssl@3/include/openssl/types.h:174:39: warning: redefinition of typedef 'PKCS8_PRIV_KEY_INFO' is a C11 feature [-Wtypedef-redefinition]
2022-12-27T02:55:06.2908200Z   typedef struct pkcs8_priv_key_info_st PKCS8_PRIV_KEY_INFO;
2022-12-27T02:55:06.2909380Z                                         ^
2022-12-27T02:55:06.2910800Z   third_party/boringssl/include/openssl/base.h:234:39: note: previous definition is here
2022-12-27T02:55:06.2912130Z   typedef struct pkcs8_priv_key_info_st PKCS8_PRIV_KEY_INFO;
2022-12-27T02:55:06.2913380Z                                         ^
2022-12-27T02:55:06.2914740Z   In file included from src/boringssl/err_data.c:18:
2022-12-27T02:55:06.2916090Z   In file included from /usr/local/opt/openssl@3/include/openssl/err.h:28:
2022-12-27T02:55:06.2917720Z   /usr/local/opt/openssl@3/include/openssl/types.h:176:27: warning: redefinition of typedef 'X509V3_CTX' is a C11 feature [-Wtypedef-redefinition]
2022-12-27T02:55:06.2918850Z   typedef struct v3_ext_ctx X509V3_CTX;
2022-12-27T02:55:06.2920100Z                             ^
2022-12-27T02:55:06.2921590Z   third_party/boringssl/include/openssl/base.h:251:27: note: previous definition is here
2022-12-27T02:55:06.2922900Z   typedef struct v3_ext_ctx X509V3_CTX;
2022-12-27T02:55:06.2924170Z                             ^
2022-12-27T02:55:06.2925530Z   In file included from src/boringssl/err_data.c:18:
2022-12-27T02:55:06.2926870Z   In file included from /usr/local/opt/openssl@3/include/openssl/err.h:28:
2022-12-27T02:55:06.2928460Z   /usr/local/opt/openssl@3/include/openssl/types.h:177:24: warning: redefinition of typedef 'CONF' is a C11 feature [-Wtypedef-redefinition]
2022-12-27T02:55:06.2929550Z   typedef struct conf_st CONF;
2022-12-27T02:55:06.2930810Z                          ^
2022-12-27T02:55:06.2932240Z   third_party/boringssl/include/openssl/base.h:212:24: note: previous definition is here
2022-12-27T02:55:06.2933490Z   typedef struct conf_st CONF;
2022-12-27T02:55:06.2934760Z                          ^
2022-12-27T02:55:06.2936130Z   In file included from src/boringssl/err_data.c:18:
2022-12-27T02:55:06.2937470Z   In file included from /usr/local/opt/openssl@3/include/openssl/err.h:28:
2022-12-27T02:55:06.2939190Z   /usr/local/opt/openssl@3/include/openssl/types.h:183:26: warning: redefinition of typedef 'ENGINE' is a C11 feature [-Wtypedef-redefinition]
2022-12-27T02:55:06.2940120Z   typedef struct engine_st ENGINE;
2022-12-27T02:55:06.2941700Z                            ^
2022-12-27T02:55:06.2943420Z   third_party/boringssl/include/openssl/base.h:219:26: note: previous definition is here
2022-12-27T02:55:06.2945300Z   typedef struct engine_st ENGINE;
2022-12-27T02:55:06.2947320Z                            ^
2022-12-27T02:55:06.2949830Z   In file included from src/boringssl/err_data.c:18:
2022-12-27T02:55:06.2952830Z   In file included from /usr/local/opt/openssl@3/include/openssl/err.h:28:
2022-12-27T02:55:06.2955390Z   /usr/local/opt/openssl@3/include/openssl/types.h:184:23: warning: redefinition of typedef 'SSL' is a C11 feature [-Wtypedef-redefinition]
2022-12-27T02:55:06.2957030Z   typedef struct ssl_st SSL;
2022-12-27T02:55:06.2958660Z                         ^
2022-12-27T02:55:06.2960070Z   third_party/boringssl/include/openssl/base.h:249:23: note: previous definition is here
2022-12-27T02:55:06.2961360Z   typedef struct ssl_st SSL;
2022-12-27T02:55:06.2962750Z                         ^
2022-12-27T02:55:06.2964110Z   In file included from src/boringssl/err_data.c:18:
2022-12-27T02:55:06.2965450Z   In file included from /usr/local/opt/openssl@3/include/openssl/err.h:28:
2022-12-27T02:55:06.2967100Z   /usr/local/opt/openssl@3/include/openssl/types.h:185:27: warning: redefinition of typedef 'SSL_CTX' is a C11 feature [-Wtypedef-redefinition]
2022-12-27T02:55:06.2968300Z   typedef struct ssl_ctx_st SSL_CTX;
2022-12-27T02:55:06.2969530Z                             ^
2022-12-27T02:55:06.2970960Z   third_party/boringssl/include/openssl/base.h:245:27: note: previous definition is here
2022-12-27T02:55:06.2972250Z   typedef struct ssl_ctx_st SSL_CTX;
2022-12-27T02:55:06.2973530Z                             ^
2022-12-27T02:55:06.2974900Z   In file included from src/boringssl/err_data.c:18:
2022-12-27T02:55:06.2987280Z   In file included from /usr/local/opt/openssl@3/include/openssl/err.h:28:
2022-12-27T02:55:06.2987840Z   /usr/local/opt/openssl@3/include/openssl/types.h:190:36: warning: redefinition of typedef 'X509_POLICY_NODE' is a C11 feature [-Wtypedef-redefinition]
2022-12-27T02:55:06.2988240Z   typedef struct X509_POLICY_NODE_st X509_POLICY_NODE;
2022-12-27T02:55:06.2988470Z                                      ^
2022-12-27T02:55:06.2988660Z   third_party/boringssl/include/openssl/base.h:187:36: note: previous definition is here
2022-12-27T02:55:06.2988860Z   typedef struct X509_POLICY_NODE_st X509_POLICY_NODE;
2022-12-27T02:55:06.2989010Z                                      ^
2022-12-27T02:55:06.2989150Z   In file included from src/boringssl/err_data.c:18:
2022-12-27T02:55:06.2989340Z   In file included from /usr/local/opt/openssl@3/include/openssl/err.h:28:
2022-12-27T02:55:06.2989730Z   /usr/local/opt/openssl@3/include/openssl/types.h:191:37: warning: redefinition of typedef 'X509_POLICY_LEVEL' is a C11 feature [-Wtypedef-redefinition]
2022-12-27T02:55:06.2990800Z   typedef struct X509_POLICY_LEVEL_st X509_POLICY_LEVEL;
2022-12-27T02:55:06.2992270Z                                       ^
2022-12-27T02:55:06.2993710Z   third_party/boringssl/include/openssl/base.h:186:37: note: previous definition is here
2022-12-27T02:55:06.2994980Z   typedef struct X509_POLICY_LEVEL_st X509_POLICY_LEVEL;
2022-12-27T02:55:06.2996190Z                                       ^
2022-12-27T02:55:06.2997710Z   In file included from src/boringssl/err_data.c:18:
2022-12-27T02:55:06.2999100Z   In file included from /usr/local/opt/openssl@3/include/openssl/err.h:28:
2022-12-27T02:55:06.3000780Z   /usr/local/opt/openssl@3/include/openssl/types.h:192:36: warning: redefinition of typedef 'X509_POLICY_TREE' is a C11 feature [-Wtypedef-redefinition]
2022-12-27T02:55:06.3001820Z   typedef struct X509_POLICY_TREE_st X509_POLICY_TREE;
2022-12-27T02:55:06.3003210Z                                      ^
2022-12-27T02:55:06.3004750Z   third_party/boringssl/include/openssl/base.h:188:36: note: previous definition is here
2022-12-27T02:55:06.3006220Z   typedef struct X509_POLICY_TREE_st X509_POLICY_TREE;
2022-12-27T02:55:06.3007330Z                                      ^
2022-12-27T02:55:06.3008810Z   In file included from src/boringssl/err_data.c:18:
2022-12-27T02:55:06.3010070Z   In file included from /usr/local/opt/openssl@3/include/openssl/err.h:28:
2022-12-27T02:55:06.3011690Z   /usr/local/opt/openssl@3/include/openssl/types.h:193:37: warning: redefinition of typedef 'X509_POLICY_CACHE' is a C11 feature [-Wtypedef-redefinition]
2022-12-27T02:55:06.3012790Z   typedef struct X509_POLICY_CACHE_st X509_POLICY_CACHE;
2022-12-27T02:55:06.3014050Z                                       ^
2022-12-27T02:55:06.3015510Z   third_party/boringssl/include/openssl/base.h:185:37: note: previous definition is here
2022-12-27T02:55:06.3016790Z   typedef struct X509_POLICY_CACHE_st X509_POLICY_CACHE;
2022-12-27T02:55:06.3018050Z                                       ^
2022-12-27T02:55:06.3019450Z   In file included from src/boringssl/err_data.c:18:
2022-12-27T02:55:06.3020770Z   In file included from /usr/local/opt/openssl@3/include/openssl/err.h:28:
2022-12-27T02:55:06.3022480Z   /usr/local/opt/openssl@3/include/openssl/types.h:195:35: warning: redefinition of typedef 'AUTHORITY_KEYID' is a C11 feature [-Wtypedef-redefinition]
2022-12-27T02:55:06.3023550Z   typedef struct AUTHORITY_KEYID_st AUTHORITY_KEYID;
2022-12-27T02:55:06.3024830Z                                     ^
2022-12-27T02:55:06.3026240Z   third_party/boringssl/include/openssl/base.h:175:35: note: previous definition is here
2022-12-27T02:55:06.3027540Z   typedef struct AUTHORITY_KEYID_st AUTHORITY_KEYID;
2022-12-27T02:55:06.3028900Z                                     ^
2022-12-27T02:55:06.3030190Z   In file included from src/boringssl/err_data.c:18:
2022-12-27T02:55:06.3031510Z   In file included from /usr/local/opt/openssl@3/include/openssl/err.h:28:
2022-12-27T02:55:06.3033130Z   /usr/local/opt/openssl@3/include/openssl/types.h:196:30: warning: redefinition of typedef 'DIST_POINT' is a C11 feature [-Wtypedef-redefinition]
2022-12-27T02:55:06.3034190Z   typedef struct DIST_POINT_st DIST_POINT;
2022-12-27T02:55:06.3035460Z                                ^
2022-12-27T02:55:06.3036880Z   third_party/boringssl/include/openssl/base.h:176:30: note: previous definition is here
2022-12-27T02:55:06.3038170Z   typedef struct DIST_POINT_st DIST_POINT;
2022-12-27T02:55:06.3039500Z                                ^
2022-12-27T02:55:06.3040800Z   In file included from src/boringssl/err_data.c:18:
2022-12-27T02:55:06.3042220Z   In file included from /usr/local/opt/openssl@3/include/openssl/err.h:28:
2022-12-27T02:55:06.3043820Z   /usr/local/opt/openssl@3/include/openssl/types.h:197:38: warning: redefinition of typedef 'ISSUING_DIST_POINT' is a C11 feature [-Wtypedef-redefinition]
2022-12-27T02:55:06.3044920Z   typedef struct ISSUING_DIST_POINT_st ISSUING_DIST_POINT;
2022-12-27T02:55:06.3046180Z                                        ^
2022-12-27T02:55:06.3047600Z   third_party/boringssl/include/openssl/base.h:177:38: note: previous definition is here
2022-12-27T02:55:06.3048900Z   typedef struct ISSUING_DIST_POINT_st ISSUING_DIST_POINT;
2022-12-27T02:55:06.3050210Z                                        ^
2022-12-27T02:55:06.3051540Z   In file included from src/boringssl/err_data.c:18:
2022-12-27T02:55:06.3053020Z   In file included from /usr/local/opt/openssl@3/include/openssl/err.h:28:
2022-12-27T02:55:06.3054690Z   /usr/local/opt/openssl@3/include/openssl/types.h:198:36: warning: redefinition of typedef 'NAME_CONSTRAINTS' is a C11 feature [-Wtypedef-redefinition]
2022-12-27T02:55:06.3055680Z   typedef struct NAME_CONSTRAINTS_st NAME_CONSTRAINTS;
2022-12-27T02:55:06.3056990Z                                      ^
2022-12-27T02:55:06.3058410Z   third_party/boringssl/include/openssl/base.h:178:36: note: previous definition is here
2022-12-27T02:55:06.3059750Z   typedef struct NAME_CONSTRAINTS_st NAME_CONSTRAINTS;
2022-12-27T02:55:06.3060970Z                                      ^
2022-12-27T02:55:06.3062490Z   In file included from src/boringssl/err_data.c:18:
2022-12-27T02:55:06.3063730Z   In file included from /usr/local/opt/openssl@3/include/openssl/err.h:29:
2022-12-27T02:55:06.3065350Z   /usr/local/opt/openssl@3/include/openssl/bio.h:296:30: warning: redefinition of typedef 'BIO_METHOD' is a C11 feature [-Wtypedef-redefinition]
2022-12-27T02:55:06.3066490Z   typedef struct bio_method_st BIO_METHOD;
2022-12-27T02:55:06.3067740Z                                ^
2022-12-27T02:55:06.3069170Z   third_party/boringssl/include/openssl/base.h:204:30: note: previous definition is here
2022-12-27T02:55:06.3070500Z   typedef struct bio_method_st BIO_METHOD;
2022-12-27T02:55:06.3071750Z                                ^
2022-12-27T02:55:06.3073340Z   src/boringssl/err_data.c:33:1: error: 'OPENSSL_COMPILE_ASSERT_library_values_changed_12' declared as an array with a negative size
2022-12-27T02:55:06.3074530Z   OPENSSL_COMPILE_ASSERT(ERR_LIB_ASN1 == 12, library_values_changed_12);
2022-12-27T02:55:06.3075790Z   ^~~~~~~~~~~~~~~~~~~~~~~~~~~~~~~~~~~~~~~~~~~~~~~~~~~~~~~~~~~~~~~~~~~~~
2022-12-27T02:55:06.3077550Z   third_party/boringssl/include/openssl/type_check.h:83:45: note: expanded from macro 'OPENSSL_COMPILE_ASSERT'
2022-12-27T02:55:06.3079130Z     typedef char OPENSSL_COMPILE_ASSERT_##msg[((cond) ? 1 : -1)]
2022-12-27T02:55:06.3080470Z                                               ^~~~~~~~~~~~~~~~~
2022-12-27T02:55:06.3082160Z   src/boringssl/err_data.c:34:1: error: 'OPENSSL_COMPILE_ASSERT_library_values_changed_13' declared as an array with a negative size
2022-12-27T02:55:06.3083300Z   OPENSSL_COMPILE_ASSERT(ERR_LIB_CONF == 13, library_values_changed_13);
2022-12-27T02:55:06.3084550Z   ^~~~~~~~~~~~~~~~~~~~~~~~~~~~~~~~~~~~~~~~~~~~~~~~~~~~~~~~~~~~~~~~~~~~~
2022-12-27T02:55:06.3086130Z   third_party/boringssl/include/openssl/type_check.h:83:45: note: expanded from macro 'OPENSSL_COMPILE_ASSERT'
2022-12-27T02:55:06.3087440Z     typedef char OPENSSL_COMPILE_ASSERT_##msg[((cond) ? 1 : -1)]
2022-12-27T02:55:06.3088570Z                                               ^~~~~~~~~~~~~~~~~
2022-12-27T02:55:06.3090220Z   src/boringssl/err_data.c:35:1: error: 'OPENSSL_COMPILE_ASSERT_library_values_changed_14' declared as an array with a negative size
2022-12-27T02:55:06.3091350Z   OPENSSL_COMPILE_ASSERT(ERR_LIB_CRYPTO == 14, library_values_changed_14);
2022-12-27T02:55:06.3092590Z   ^~~~~~~~~~~~~~~~~~~~~~~~~~~~~~~~~~~~~~~~~~~~~~~~~~~~~~~~~~~~~~~~~~~~~~~
2022-12-27T02:55:06.3094160Z   third_party/boringssl/include/openssl/type_check.h:83:45: note: expanded from macro 'OPENSSL_COMPILE_ASSERT'
2022-12-27T02:55:06.3095420Z     typedef char OPENSSL_COMPILE_ASSERT_##msg[((cond) ? 1 : -1)]
2022-12-27T02:55:06.3096610Z                                               ^~~~~~~~~~~~~~~~~
2022-12-27T02:55:06.3098200Z   src/boringssl/err_data.c:36:1: error: 'OPENSSL_COMPILE_ASSERT_library_values_changed_15' declared as an array with a negative size
2022-12-27T02:55:06.3099380Z   OPENSSL_COMPILE_ASSERT(ERR_LIB_EC == 15, library_values_changed_15);
2022-12-27T02:55:06.3100660Z   ^~~~~~~~~~~~~~~~~~~~~~~~~~~~~~~~~~~~~~~~~~~~~~~~~~~~~~~~~~~~~~~~~~~
2022-12-27T02:55:06.3102340Z   third_party/boringssl/include/openssl/type_check.h:83:45: note: expanded from macro 'OPENSSL_COMPILE_ASSERT'
2022-12-27T02:55:06.3103550Z     typedef char OPENSSL_COMPILE_ASSERT_##msg[((cond) ? 1 : -1)]
2022-12-27T02:55:06.3104780Z                                               ^~~~~~~~~~~~~~~~~
2022-12-27T02:55:06.3106310Z   src/boringssl/err_data.c:37:1: error: 'OPENSSL_COMPILE_ASSERT_library_values_changed_16' declared as an array with a negative size
2022-12-27T02:55:06.3107770Z   OPENSSL_COMPILE_ASSERT(ERR_LIB_SSL == 16, library_values_changed_16);
2022-12-27T02:55:06.3109010Z   ^~~~~~~~~~~~~~~~~~~~~~~~~~~~~~~~~~~~~~~~~~~~~~~~~~~~~~~~~~~~~~~~~~~~
2022-12-27T02:55:06.3110600Z   third_party/boringssl/include/openssl/type_check.h:83:45: note: expanded from macro 'OPENSSL_COMPILE_ASSERT'
2022-12-27T02:55:06.3111930Z     typedef char OPENSSL_COMPILE_ASSERT_##msg[((cond) ? 1 : -1)]
2022-12-27T02:55:06.3113260Z                                               ^~~~~~~~~~~~~~~~~
2022-12-27T02:55:06.3114740Z   src/boringssl/err_data.c:38:1: error: 'OPENSSL_COMPILE_ASSERT_library_values_changed_17' declared as an array with a negative size
2022-12-27T02:55:06.3115880Z   OPENSSL_COMPILE_ASSERT(ERR_LIB_BIO == 17, library_values_changed_17);
2022-12-27T02:55:06.3117170Z   ^~~~~~~~~~~~~~~~~~~~~~~~~~~~~~~~~~~~~~~~~~~~~~~~~~~~~~~~~~~~~~~~~~~~
2022-12-27T02:55:06.3118690Z   third_party/boringssl/include/openssl/type_check.h:83:45: note: expanded from macro 'OPENSSL_COMPILE_ASSERT'
2022-12-27T02:55:06.3119970Z     typedef char OPENSSL_COMPILE_ASSERT_##msg[((cond) ? 1 : -1)]
2022-12-27T02:55:06.3121240Z                                               ^~~~~~~~~~~~~~~~~
2022-12-27T02:55:06.3122900Z   src/boringssl/err_data.c:39:1: error: 'OPENSSL_COMPILE_ASSERT_library_values_changed_18' declared as an array with a negative size
2022-12-27T02:55:06.3124040Z   OPENSSL_COMPILE_ASSERT(ERR_LIB_PKCS7 == 18, library_values_changed_18);
2022-12-27T02:55:06.3125280Z   ^~~~~~~~~~~~~~~~~~~~~~~~~~~~~~~~~~~~~~~~~~~~~~~~~~~~~~~~~~~~~~~~~~~~~~
2022-12-27T02:55:06.3126820Z   third_party/boringssl/include/openssl/type_check.h:83:45: note: expanded from macro 'OPENSSL_COMPILE_ASSERT'
2022-12-27T02:55:06.3128120Z     typedef char OPENSSL_COMPILE_ASSERT_##msg[((cond) ? 1 : -1)]
2022-12-27T02:55:06.3129290Z                                               ^~~~~~~~~~~~~~~~~
2022-12-27T02:55:06.3130780Z   src/boringssl/err_data.c:40:24: error: use of undeclared identifier 'ERR_LIB_PKCS8'
2022-12-27T02:55:06.3132030Z   OPENSSL_COMPILE_ASSERT(ERR_LIB_PKCS8 == 19, library_values_changed_19);
2022-12-27T02:55:06.3133290Z                          ^
2022-12-27T02:55:06.3134870Z   src/boringssl/err_data.c:41:1: error: 'OPENSSL_COMPILE_ASSERT_library_values_changed_20' declared as an array with a negative size
2022-12-27T02:55:06.3136090Z   OPENSSL_COMPILE_ASSERT(ERR_LIB_X509V3 == 20, library_values_changed_20);
2022-12-27T02:55:06.3137330Z   ^~~~~~~~~~~~~~~~~~~~~~~~~~~~~~~~~~~~~~~~~~~~~~~~~~~~~~~~~~~~~~~~~~~~~~~
2022-12-27T02:55:06.3138890Z   third_party/boringssl/include/openssl/type_check.h:83:45: note: expanded from macro 'OPENSSL_COMPILE_ASSERT'
2022-12-27T02:55:06.3140150Z     typedef char OPENSSL_COMPILE_ASSERT_##msg[((cond) ? 1 : -1)]
2022-12-27T02:55:06.3141390Z                                               ^~~~~~~~~~~~~~~~~
2022-12-27T02:55:06.3143070Z   src/boringssl/err_data.c:42:1: error: 'OPENSSL_COMPILE_ASSERT_library_values_changed_21' declared as an array with a negative size
2022-12-27T02:55:06.3144240Z   OPENSSL_COMPILE_ASSERT(ERR_LIB_RAND == 21, library_values_changed_21);
2022-12-27T02:55:06.3145480Z   ^~~~~~~~~~~~~~~~~~~~~~~~~~~~~~~~~~~~~~~~~~~~~~~~~~~~~~~~~~~~~~~~~~~~~
2022-12-27T02:55:06.3147160Z   third_party/boringssl/include/openssl/type_check.h:83:45: note: expanded from macro 'OPENSSL_COMPILE_ASSERT'
2022-12-27T02:55:06.3148460Z     typedef char OPENSSL_COMPILE_ASSERT_##msg[((cond) ? 1 : -1)]
2022-12-27T02:55:06.3149670Z                                               ^~~~~~~~~~~~~~~~~
2022-12-27T02:55:06.3151260Z   src/boringssl/err_data.c:43:1: error: 'OPENSSL_COMPILE_ASSERT_library_values_changed_22' declared as an array with a negative size
2022-12-27T02:55:06.3152590Z   OPENSSL_COMPILE_ASSERT(ERR_LIB_ENGINE == 22, library_values_changed_22);
2022-12-27T02:55:06.3153850Z   ^~~~~~~~~~~~~~~~~~~~~~~~~~~~~~~~~~~~~~~~~~~~~~~~~~~~~~~~~~~~~~~~~~~~~~~
2022-12-27T02:55:06.3155400Z   third_party/boringssl/include/openssl/type_check.h:83:45: note: expanded from macro 'OPENSSL_COMPILE_ASSERT'
2022-12-27T02:55:06.3156660Z     typedef char OPENSSL_COMPILE_ASSERT_##msg[((cond) ? 1 : -1)]
2022-12-27T02:55:06.3157950Z                                               ^~~~~~~~~~~~~~~~~
2022-12-27T02:55:06.3159520Z   src/boringssl/err_data.c:44:1: error: 'OPENSSL_COMPILE_ASSERT_library_values_changed_23' declared as an array with a negative size
2022-12-27T02:55:06.3160710Z   OPENSSL_COMPILE_ASSERT(ERR_LIB_OCSP == 23, library_values_changed_23);
2022-12-27T02:55:06.3162140Z   ^~~~~~~~~~~~~~~~~~~~~~~~~~~~~~~~~~~~~~~~~~~~~~~~~~~~~~~~~~~~~~~~~~~~~
2022-12-27T02:55:06.3163630Z   third_party/boringssl/include/openssl/type_check.h:83:45: note: expanded from macro 'OPENSSL_COMPILE_ASSERT'
2022-12-27T02:55:06.3164830Z     typedef char OPENSSL_COMPILE_ASSERT_##msg[((cond) ? 1 : -1)]
2022-12-27T02:55:06.3166010Z                                               ^~~~~~~~~~~~~~~~~
2022-12-27T02:55:06.3167560Z   src/boringssl/err_data.c:45:1: error: 'OPENSSL_COMPILE_ASSERT_library_values_changed_24' declared as an array with a negative size
2022-12-27T02:55:06.3168790Z   OPENSSL_COMPILE_ASSERT(ERR_LIB_UI == 24, library_values_changed_24);
2022-12-27T02:55:06.3170020Z   ^~~~~~~~~~~~~~~~~~~~~~~~~~~~~~~~~~~~~~~~~~~~~~~~~~~~~~~~~~~~~~~~~~~
2022-12-27T02:55:06.3171570Z   third_party/boringssl/include/openssl/type_check.h:83:45: note: expanded from macro 'OPENSSL_COMPILE_ASSERT'
2022-12-27T02:55:06.3172860Z     typedef char OPENSSL_COMPILE_ASSERT_##msg[((cond) ? 1 : -1)]
2022-12-27T02:55:06.3174070Z                                               ^~~~~~~~~~~~~~~~~
2022-12-27T02:55:06.3175620Z   src/boringssl/err_data.c:46:1: error: 'OPENSSL_COMPILE_ASSERT_library_values_changed_25' declared as an array with a negative size
2022-12-27T02:55:06.3176790Z   OPENSSL_COMPILE_ASSERT(ERR_LIB_COMP == 25, library_values_changed_25);
2022-12-27T02:55:06.3178040Z   ^~~~~~~~~~~~~~~~~~~~~~~~~~~~~~~~~~~~~~~~~~~~~~~~~~~~~~~~~~~~~~~~~~~~~
2022-12-27T02:55:06.3179590Z   third_party/boringssl/include/openssl/type_check.h:83:45: note: expanded from macro 'OPENSSL_COMPILE_ASSERT'
2022-12-27T02:55:06.3180850Z     typedef char OPENSSL_COMPILE_ASSERT_##msg[((cond) ? 1 : -1)]
2022-12-27T02:55:06.3182130Z                                               ^~~~~~~~~~~~~~~~~
2022-12-27T02:55:06.3183720Z   src/boringssl/err_data.c:47:1: error: 'OPENSSL_COMPILE_ASSERT_library_values_changed_26' declared as an array with a negative size
2022-12-27T02:55:06.3184840Z   OPENSSL_COMPILE_ASSERT(ERR_LIB_ECDSA == 26, library_values_changed_26);
2022-12-27T02:55:06.3186150Z   ^~~~~~~~~~~~~~~~~~~~~~~~~~~~~~~~~~~~~~~~~~~~~~~~~~~~~~~~~~~~~~~~~~~~~~
2022-12-27T02:55:06.3187680Z   third_party/boringssl/include/openssl/type_check.h:83:45: note: expanded from macro 'OPENSSL_COMPILE_ASSERT'
2022-12-27T02:55:06.3188910Z     typedef char OPENSSL_COMPILE_ASSERT_##msg[((cond) ? 1 : -1)]
2022-12-27T02:55:06.3190110Z                                               ^~~~~~~~~~~~~~~~~
2022-12-27T02:55:06.3191700Z   src/boringssl/err_data.c:48:1: error: 'OPENSSL_COMPILE_ASSERT_library_values_changed_27' declared as an array with a negative size
2022-12-27T02:55:06.3192910Z   OPENSSL_COMPILE_ASSERT(ERR_LIB_ECDH == 27, library_values_changed_27);
2022-12-27T02:55:06.3194150Z   ^~~~~~~~~~~~~~~~~~~~~~~~~~~~~~~~~~~~~~~~~~~~~~~~~~~~~~~~~~~~~~~~~~~~~
2022-12-27T02:55:06.3195690Z   third_party/boringssl/include/openssl/type_check.h:83:45: note: expanded from macro 'OPENSSL_COMPILE_ASSERT'
2022-12-27T02:55:06.3196960Z     typedef char OPENSSL_COMPILE_ASSERT_##msg[((cond) ? 1 : -1)]
2022-12-27T02:55:06.3198180Z                                               ^~~~~~~~~~~~~~~~~
2022-12-27T02:55:06.3199660Z   fatal error: too many errors emitted, stopping now [-ferror-limit=]
2022-12-27T02:55:06.3200860Z   62 warnings and 20 errors generated.
2022-12-27T02:55:06.3202200Z   creating var
2022-12-27T02:55:06.3203510Z   creating var/folders
2022-12-27T02:55:06.3204840Z   creating var/folders/51
2022-12-27T02:55:06.3206170Z   creating var/folders/51/hd414ycd67n82196sw51xqtc0000gn
2022-12-27T02:55:06.3207500Z   creating var/folders/51/hd414ycd67n82196sw51xqtc0000gn/T
2022-12-27T02:55:06.3208840Z   creating var/folders/51/hd414ycd67n82196sw51xqtc0000gn/T/tmp0ypvpsx1
2022-12-27T02:55:06.3211210Z   gcc -Wno-unused-result -Wsign-compare -Wunreachable-code -fno-common -dynamic -DNDEBUG -g -fwrapv -O3 -Wall -g -I/usr/local/opt/openssl@3/include -I/usr/local/opt/openssl@3/include -arch arm64 -I/private/var/folders/51/hd414ycd67n82196sw51xqtc0000gn/T/cibw-run-ujk2s8n3/cp39-macosx_arm64/build/venv/include -I/Library/Frameworks/Python.framework/Versions/3.9/include/python3.9 -c /var/folders/51/hd414ycd67n82196sw51xqtc0000gn/T/tmp0ypvpsx1/a.c -o var/folders/51/hd414ycd67n82196sw51xqtc0000gn/T/tmp0ypvpsx1/a.o
2022-12-27T02:55:06.3405830Z   Traceback (most recent call last):
2022-12-27T02:55:06.3416080Z     File "/private/var/folders/51/hd414ycd67n82196sw51xqtc0000gn/T/cibw-run-ujk2s8n3/cp39-macosx_arm64/build/venv/lib/python3.9/site-packages/setuptools/_distutils/unixccompiler.py", line 186, in _compile
2022-12-27T02:55:06.3416800Z       self.spawn(compiler_so + cc_args + [src, '-o', obj] + extra_postargs)
2022-12-27T02:55:06.3417320Z     File "/Users/runner/actions-runner/_work/python.build/python.build/build_grpcio10239/grpcio-1.0.2/src/python/grpcio/_spawn_patch.py", line 67, in _commandfile_spawn
2022-12-27T02:55:06.3417600Z       _classic_spawn(self, command)
2022-12-27T02:55:06.3418090Z     File "/private/var/folders/51/hd414ycd67n82196sw51xqtc0000gn/T/cibw-run-ujk2s8n3/cp39-macosx_arm64/build/venv/lib/python3.9/site-packages/setuptools/_distutils/ccompiler.py", line 1007, in spawn
2022-12-27T02:55:06.3418410Z       spawn(cmd, dry_run=self.dry_run, **kwargs)
2022-12-27T02:55:06.3420820Z     File "/private/var/folders/51/hd414ycd67n82196sw51xqtc0000gn/T/cibw-run-ujk2s8n3/cp39-macosx_arm64/build/venv/lib/python3.9/site-packages/setuptools/_distutils/spawn.py", line 70, in spawn
2022-12-27T02:55:06.3422490Z       raise DistutilsExecError(
2022-12-27T02:55:06.3424660Z   distutils.errors.DistutilsExecError: command '/usr/bin/gcc' failed with exit code 1
2022-12-27T02:55:06.3426310Z 
2022-12-27T02:55:06.3428450Z   During handling of the above exception, another exception occurred:
2022-12-27T02:55:06.3430020Z 
2022-12-27T02:55:06.3431960Z   Traceback (most recent call last):
2022-12-27T02:55:06.3434270Z     File "/Users/runner/actions-runner/_work/python.build/python.build/build_grpcio10239/grpcio-1.0.2/src/python/grpcio/commands.py", line 205, in build_extensions
2022-12-27T02:55:06.3435790Z       build_ext.build_ext.build_extensions(self)
2022-12-27T02:55:06.3438110Z     File "/private/var/folders/51/hd414ycd67n82196sw51xqtc0000gn/T/cibw-run-ujk2s8n3/cp39-macosx_arm64/build/venv/lib/python3.9/site-packages/Cython/Distutils/old_build_ext.py", line 195, in build_extensions
2022-12-27T02:55:06.3439560Z       _build_ext.build_ext.build_extensions(self)
2022-12-27T02:55:06.3441970Z     File "/private/var/folders/51/hd414ycd67n82196sw51xqtc0000gn/T/cibw-run-ujk2s8n3/cp39-macosx_arm64/build/venv/lib/python3.9/site-packages/setuptools/_distutils/command/build_ext.py", line 468, in build_extensions
2022-12-27T02:55:06.3443400Z       self._build_extensions_serial()
2022-12-27T02:55:06.3445790Z     File "/private/var/folders/51/hd414ycd67n82196sw51xqtc0000gn/T/cibw-run-ujk2s8n3/cp39-macosx_arm64/build/venv/lib/python3.9/site-packages/setuptools/_distutils/command/build_ext.py", line 494, in _build_extensions_serial
2022-12-27T02:55:06.3447150Z       self.build_extension(ext)
2022-12-27T02:55:06.3449390Z     File "/private/var/folders/51/hd414ycd67n82196sw51xqtc0000gn/T/cibw-run-ujk2s8n3/cp39-macosx_arm64/build/venv/lib/python3.9/site-packages/setuptools/command/build_ext.py", line 246, in build_extension
2022-12-27T02:55:06.3450960Z       _build_ext.build_extension(self, ext)
2022-12-27T02:55:06.3453150Z     File "/private/var/folders/51/hd414ycd67n82196sw51xqtc0000gn/T/cibw-run-ujk2s8n3/cp39-macosx_arm64/build/venv/lib/python3.9/site-packages/setuptools/_distutils/command/build_ext.py", line 549, in build_extension
2022-12-27T02:55:06.3454840Z       objects = self.compiler.compile(
2022-12-27T02:55:06.3457030Z     File "/private/var/folders/51/hd414ycd67n82196sw51xqtc0000gn/T/cibw-run-ujk2s8n3/cp39-macosx_arm64/build/venv/lib/python3.9/site-packages/setuptools/_distutils/ccompiler.py", line 599, in compile
2022-12-27T02:55:06.3458690Z       self._compile(obj, src, ext, cc_args, extra_postargs, pp_opts)
2022-12-27T02:55:06.3460980Z     File "/private/var/folders/51/hd414ycd67n82196sw51xqtc0000gn/T/cibw-run-ujk2s8n3/cp39-macosx_arm64/build/venv/lib/python3.9/site-packages/setuptools/_distutils/unixccompiler.py", line 188, in _compile
2022-12-27T02:55:06.3462560Z       raise CompileError(msg)
2022-12-27T02:55:06.3464470Z   distutils.errors.CompileError: command '/usr/bin/gcc' failed with exit code 1
2022-12-27T02:55:06.3466100Z 
2022-12-27T02:55:06.3467950Z   During handling of the above exception, another exception occurred:
2022-12-27T02:55:06.3469660Z 
2022-12-27T02:55:06.3471470Z   Traceback (most recent call last):
2022-12-27T02:55:06.3473360Z     File "<string>", line 2, in <module>
2022-12-27T02:55:06.3475260Z     File "<pip-setuptools-caller>", line 34, in <module>
2022-12-27T02:55:06.3477420Z     File "/Users/runner/actions-runner/_work/python.build/python.build/build_grpcio10239/grpcio-1.0.2/setup.py", line 259, in <module>
2022-12-27T02:55:06.3478950Z       setuptools.setup(
2022-12-27T02:55:06.3481260Z     File "/private/var/folders/51/hd414ycd67n82196sw51xqtc0000gn/T/cibw-run-ujk2s8n3/cp39-macosx_arm64/build/venv/lib/python3.9/site-packages/setuptools/__init__.py", line 87, in setup
2022-12-27T02:55:06.3482890Z       return distutils.core.setup(**attrs)
2022-12-27T02:55:06.3485200Z     File "/private/var/folders/51/hd414ycd67n82196sw51xqtc0000gn/T/cibw-run-ujk2s8n3/cp39-macosx_arm64/build/venv/lib/python3.9/site-packages/setuptools/_distutils/core.py", line 185, in setup
2022-12-27T02:55:06.3486670Z       return run_commands(dist)
2022-12-27T02:55:06.3488970Z     File "/private/var/folders/51/hd414ycd67n82196sw51xqtc0000gn/T/cibw-run-ujk2s8n3/cp39-macosx_arm64/build/venv/lib/python3.9/site-packages/setuptools/_distutils/core.py", line 201, in run_commands
2022-12-27T02:55:06.3490450Z       dist.run_commands()
2022-12-27T02:55:06.3493100Z     File "/private/var/folders/51/hd414ycd67n82196sw51xqtc0000gn/T/cibw-run-ujk2s8n3/cp39-macosx_arm64/build/venv/lib/python3.9/site-packages/setuptools/_distutils/dist.py", line 969, in run_commands
2022-12-27T02:55:06.3494560Z       self.run_command(cmd)
2022-12-27T02:55:06.3496790Z     File "/private/var/folders/51/hd414ycd67n82196sw51xqtc0000gn/T/cibw-run-ujk2s8n3/cp39-macosx_arm64/build/venv/lib/python3.9/site-packages/setuptools/dist.py", line 1208, in run_command
2022-12-27T02:55:06.3498320Z       super().run_command(command)
2022-12-27T02:55:06.3500500Z     File "/private/var/folders/51/hd414ycd67n82196sw51xqtc0000gn/T/cibw-run-ujk2s8n3/cp39-macosx_arm64/build/venv/lib/python3.9/site-packages/setuptools/_distutils/dist.py", line 988, in run_command
2022-12-27T02:55:06.3502050Z       cmd_obj.run()
2022-12-27T02:55:06.3504440Z     File "/private/var/folders/51/hd414ycd67n82196sw51xqtc0000gn/T/cibw-run-ujk2s8n3/cp39-macosx_arm64/build/venv/lib/python3.9/site-packages/wheel/bdist_wheel.py", line 325, in run
2022-12-27T02:55:06.3505970Z       self.run_command("build")
2022-12-27T02:55:06.3508270Z     File "/private/var/folders/51/hd414ycd67n82196sw51xqtc0000gn/T/cibw-run-ujk2s8n3/cp39-macosx_arm64/build/venv/lib/python3.9/site-packages/setuptools/_distutils/cmd.py", line 318, in run_command
2022-12-27T02:55:06.3509780Z       self.distribution.run_command(command)
2022-12-27T02:55:06.3512000Z     File "/private/var/folders/51/hd414ycd67n82196sw51xqtc0000gn/T/cibw-run-ujk2s8n3/cp39-macosx_arm64/build/venv/lib/python3.9/site-packages/setuptools/dist.py", line 1208, in run_command
2022-12-27T02:55:06.3513510Z       super().run_command(command)
2022-12-27T02:55:06.3515770Z     File "/private/var/folders/51/hd414ycd67n82196sw51xqtc0000gn/T/cibw-run-ujk2s8n3/cp39-macosx_arm64/build/venv/lib/python3.9/site-packages/setuptools/_distutils/dist.py", line 988, in run_command
2022-12-27T02:55:06.3517250Z       cmd_obj.run()
2022-12-27T02:55:06.3519540Z     File "/private/var/folders/51/hd414ycd67n82196sw51xqtc0000gn/T/cibw-run-ujk2s8n3/cp39-macosx_arm64/build/venv/lib/python3.9/site-packages/setuptools/_distutils/command/build.py", line 132, in run
2022-12-27T02:55:06.3521040Z       self.run_command(cmd_name)
2022-12-27T02:55:06.3523520Z     File "/private/var/folders/51/hd414ycd67n82196sw51xqtc0000gn/T/cibw-run-ujk2s8n3/cp39-macosx_arm64/build/venv/lib/python3.9/site-packages/setuptools/_distutils/cmd.py", line 318, in run_command
2022-12-27T02:55:06.3524940Z       self.distribution.run_command(command)
2022-12-27T02:55:06.3527230Z     File "/private/var/folders/51/hd414ycd67n82196sw51xqtc0000gn/T/cibw-run-ujk2s8n3/cp39-macosx_arm64/build/venv/lib/python3.9/site-packages/setuptools/dist.py", line 1208, in run_command
2022-12-27T02:55:06.3528720Z       super().run_command(command)
2022-12-27T02:55:06.3531000Z     File "/private/var/folders/51/hd414ycd67n82196sw51xqtc0000gn/T/cibw-run-ujk2s8n3/cp39-macosx_arm64/build/venv/lib/python3.9/site-packages/setuptools/_distutils/dist.py", line 988, in run_command
2022-12-27T02:55:06.3532470Z       cmd_obj.run()
2022-12-27T02:55:06.3534750Z     File "/private/var/folders/51/hd414ycd67n82196sw51xqtc0000gn/T/cibw-run-ujk2s8n3/cp39-macosx_arm64/build/venv/lib/python3.9/site-packages/setuptools/command/build_ext.py", line 84, in run
2022-12-27T02:55:06.3536270Z       _build_ext.run(self)
2022-12-27T02:55:06.3538580Z     File "/private/var/folders/51/hd414ycd67n82196sw51xqtc0000gn/T/cibw-run-ujk2s8n3/cp39-macosx_arm64/build/venv/lib/python3.9/site-packages/Cython/Distutils/old_build_ext.py", line 186, in run
2022-12-27T02:55:06.3540070Z       _build_ext.build_ext.run(self)
2022-12-27T02:55:06.3542400Z     File "/private/var/folders/51/hd414ycd67n82196sw51xqtc0000gn/T/cibw-run-ujk2s8n3/cp39-macosx_arm64/build/venv/lib/python3.9/site-packages/setuptools/_distutils/command/build_ext.py", line 346, in run
2022-12-27T02:55:06.3543910Z       self.build_extensions()
2022-12-27T02:55:06.3546260Z     File "/Users/runner/actions-runner/_work/python.build/python.build/build_grpcio10239/grpcio-1.0.2/src/python/grpcio/commands.py", line 209, in build_extensions
2022-12-27T02:55:06.3547980Z       raise CommandError(
2022-12-27T02:55:06.3549770Z   commands.CommandError: Failed `build_ext` step:
2022-12-27T02:55:06.3551520Z   Traceback (most recent call last):
2022-12-27T02:55:06.3553900Z     File "/private/var/folders/51/hd414ycd67n82196sw51xqtc0000gn/T/cibw-run-ujk2s8n3/cp39-macosx_arm64/build/venv/lib/python3.9/site-packages/setuptools/_distutils/unixccompiler.py", line 186, in _compile
2022-12-27T02:55:06.3555500Z       self.spawn(compiler_so + cc_args + [src, '-o', obj] + extra_postargs)
2022-12-27T02:55:06.3557780Z     File "/Users/runner/actions-runner/_work/python.build/python.build/build_grpcio10239/grpcio-1.0.2/src/python/grpcio/_spawn_patch.py", line 67, in _commandfile_spawn
2022-12-27T02:55:06.3559450Z       _classic_spawn(self, command)
2022-12-27T02:55:06.3561740Z     File "/private/var/folders/51/hd414ycd67n82196sw51xqtc0000gn/T/cibw-run-ujk2s8n3/cp39-macosx_arm64/build/venv/lib/python3.9/site-packages/setuptools/_distutils/ccompiler.py", line 1007, in spawn
2022-12-27T02:55:06.3563230Z       spawn(cmd, dry_run=self.dry_run, **kwargs)
2022-12-27T02:55:06.3565490Z     File "/private/var/folders/51/hd414ycd67n82196sw51xqtc0000gn/T/cibw-run-ujk2s8n3/cp39-macosx_arm64/build/venv/lib/python3.9/site-packages/setuptools/_distutils/spawn.py", line 70, in spawn
2022-12-27T02:55:06.3567000Z       raise DistutilsExecError(
2022-12-27T02:55:06.3568990Z   distutils.errors.DistutilsExecError: command '/usr/bin/gcc' failed with exit code 1
2022-12-27T02:55:06.3570580Z 
2022-12-27T02:55:06.3572460Z   During handling of the above exception, another exception occurred:
2022-12-27T02:55:06.3574140Z 
2022-12-27T02:55:06.3576270Z   Traceback (most recent call last):
2022-12-27T02:55:06.3578700Z     File "/Users/runner/actions-runner/_work/python.build/python.build/build_grpcio10239/grpcio-1.0.2/src/python/grpcio/commands.py", line 205, in build_extensions
2022-12-27T02:55:06.3580270Z       build_ext.build_ext.build_extensions(self)
2022-12-27T02:55:06.3582970Z     File "/private/var/folders/51/hd414ycd67n82196sw51xqtc0000gn/T/cibw-run-ujk2s8n3/cp39-macosx_arm64/build/venv/lib/python3.9/site-packages/Cython/Distutils/old_build_ext.py", line 195, in build_extensions
2022-12-27T02:55:06.3584500Z       _build_ext.build_ext.build_extensions(self)
2022-12-27T02:55:06.3586720Z     File "/private/var/folders/51/hd414ycd67n82196sw51xqtc0000gn/T/cibw-run-ujk2s8n3/cp39-macosx_arm64/build/venv/lib/python3.9/site-packages/setuptools/_distutils/command/build_ext.py", line 468, in build_extensions
2022-12-27T02:55:06.3588220Z       self._build_extensions_serial()
2022-12-27T02:55:06.3590530Z     File "/private/var/folders/51/hd414ycd67n82196sw51xqtc0000gn/T/cibw-run-ujk2s8n3/cp39-macosx_arm64/build/venv/lib/python3.9/site-packages/setuptools/_distutils/command/build_ext.py", line 494, in _build_extensions_serial
2022-12-27T02:55:06.3592020Z       self.build_extension(ext)
2022-12-27T02:55:06.3594640Z     File "/private/var/folders/51/hd414ycd67n82196sw51xqtc0000gn/T/cibw-run-ujk2s8n3/cp39-macosx_arm64/build/venv/lib/python3.9/site-packages/setuptools/command/build_ext.py", line 246, in build_extension
2022-12-27T02:55:06.3596010Z       _build_ext.build_extension(self, ext)
2022-12-27T02:55:06.3598370Z     File "/private/var/folders/51/hd414ycd67n82196sw51xqtc0000gn/T/cibw-run-ujk2s8n3/cp39-macosx_arm64/build/venv/lib/python3.9/site-packages/setuptools/_distutils/command/build_ext.py", line 549, in build_extension
2022-12-27T02:55:06.3599890Z       objects = self.compiler.compile(
2022-12-27T02:55:06.3602170Z     File "/private/var/folders/51/hd414ycd67n82196sw51xqtc0000gn/T/cibw-run-ujk2s8n3/cp39-macosx_arm64/build/venv/lib/python3.9/site-packages/setuptools/_distutils/ccompiler.py", line 599, in compile
2022-12-27T02:55:06.3603890Z       self._compile(obj, src, ext, cc_args, extra_postargs, pp_opts)
2022-12-27T02:55:06.3606110Z     File "/private/var/folders/51/hd414ycd67n82196sw51xqtc0000gn/T/cibw-run-ujk2s8n3/cp39-macosx_arm64/build/venv/lib/python3.9/site-packages/setuptools/_distutils/unixccompiler.py", line 188, in _compile
2022-12-27T02:55:06.3607630Z       raise CompileError(msg)
2022-12-27T02:55:06.3609580Z   distutils.errors.CompileError: command '/usr/bin/gcc' failed with exit code 1
2022-12-27T02:55:06.3611150Z 
2022-12-27T02:55:06.3951530Z   error: subprocess-exited-with-error
2022-12-27T02:55:06.3951780Z   
2022-12-27T02:55:06.3952170Z   × python setup.py bdist_wheel did not run successfully.
2022-12-27T02:55:06.3952530Z   │ exit code: 1
2022-12-27T02:55:06.3952760Z   ╰─> See above for output.
2022-12-27T02:55:06.3952930Z   
2022-12-27T02:55:06.3953180Z   note: This error originates from a subprocess, and is likely not a problem with pip.
2022-12-27T02:55:06.3961100Z   full command: /private/var/folders/51/hd414ycd67n82196sw51xqtc0000gn/T/cibw-run-ujk2s8n3/cp39-macosx_arm64/build/venv/bin/python -u -c '
2022-12-27T02:55:06.3961680Z   exec(compile('"'"''"'"''"'"'
2022-12-27T02:55:06.3962110Z   # This is <pip-setuptools-caller> -- a caller that pip uses to run setup.py
2022-12-27T02:55:06.3962390Z   #
2022-12-27T02:55:06.3962760Z   # - It imports setuptools before invoking setup.py, to enable projects that directly
2022-12-27T02:55:06.3963060Z   #   import from `distutils.core` to work with newer packaging standards.
2022-12-27T02:55:06.3963420Z   # - It provides a clear error message when setuptools is not installed.
2022-12-27T02:55:06.3963770Z   # - It sets `sys.argv[0]` to the underlying `setup.py`, when invoking `setup.py` so
2022-12-27T02:55:06.3964130Z   #   setuptools doesn'"'"'t think the script is `-c`. This avoids the following warning:
2022-12-27T02:55:06.3964430Z   #     manifest_maker: standard file '"'"'-c'"'"' not found".
2022-12-27T02:55:06.3964740Z   # - It generates a shim setup.py, for handling setup.cfg-only projects.
2022-12-27T02:55:06.3964960Z   import os, sys, tokenize
2022-12-27T02:55:06.3965100Z   
2022-12-27T02:55:06.3965230Z   try:
2022-12-27T02:55:06.3965370Z       import setuptools
2022-12-27T02:55:06.3965540Z   except ImportError as error:
2022-12-27T02:55:06.3965700Z       print(
2022-12-27T02:55:06.3965910Z           "ERROR: Can not execute `setup.py` since setuptools is not available in "
2022-12-27T02:55:06.3966130Z           "the build environment.",
2022-12-27T02:55:06.3966310Z           file=sys.stderr,
2022-12-27T02:55:06.3966770Z       )
2022-12-27T02:55:06.3966920Z       sys.exit(1)
2022-12-27T02:55:06.3967060Z   
2022-12-27T02:55:06.3967190Z   __file__ = %r
2022-12-27T02:55:06.3967340Z   sys.argv[0] = __file__
2022-12-27T02:55:06.3967480Z   
2022-12-27T02:55:06.3967630Z   if os.path.exists(__file__):
2022-12-27T02:55:06.3967790Z       filename = __file__
2022-12-27T02:55:06.3967970Z       with tokenize.open(__file__) as f:
2022-12-27T02:55:06.3968150Z           setup_py_code = f.read()
2022-12-27T02:55:06.3968300Z   else:
2022-12-27T02:55:06.3968550Z       filename = "<auto-generated setuptools caller>"
2022-12-27T02:55:06.3968780Z       setup_py_code = "from setuptools import setup; setup()"
2022-12-27T02:55:06.3968960Z   
2022-12-27T02:55:06.3969120Z   exec(compile(setup_py_code, filename, "exec"))
2022-12-27T02:55:06.3969680Z   '"'"''"'"''"'"' % ('"'"'/Users/runner/actions-runner/_work/python.build/python.build/build_grpcio10239/grpcio-1.0.2/setup.py'"'"',), "<pip-setuptools-caller>", "exec"))' bdist_wheel -d /private/var/folders/51/hd414ycd67n82196sw51xqtc0000gn/T/pip-wheel-bd3uai5o
2022-12-27T02:55:06.3970190Z   cwd: /Users/runner/actions-runner/_work/python.build/python.build/build_grpcio10239/grpcio-1.0.2/
2022-12-27T02:55:06.3970430Z   ERROR: Failed building wheel for grpcio
2022-12-27T02:55:06.3970700Z   Building wheel for grpcio (setup.py): finished with status 'error'
2022-12-27T02:55:06.3971560Z   Running setup.py clean for grpcio
2022-12-27T02:55:06.3973250Z   Running command python setup.py clean
2022-12-27T02:55:06.8025520Z   /private/var/folders/51/hd414ycd67n82196sw51xqtc0000gn/T/cibw-run-ujk2s8n3/cp39-macosx_arm64/build/venv/lib/python3.9/site-packages/setuptools/installer.py:27: SetuptoolsDeprecationWarning: setuptools.installer is deprecated. Requirements should be satisfied by a PEP 517 installer.
2022-12-27T02:55:06.8026480Z     warnings.warn(
2022-12-27T02:55:07.0392400Z   running clean
2022-12-27T02:55:07.0594200Z   removing 'python_build/temp.macosx-11.0-arm64-cpython-39' (and everything under it)
2022-12-27T02:55:07.0680280Z   removing 'python_build/lib.macosx-11.0-arm64-cpython-39' (and everything under it)
2022-12-27T02:55:07.0719840Z   'python_build/bdist.macosx-11.0-arm64' does not exist -- can't clean it
2022-12-27T02:55:07.0721820Z   'python_build/scripts-3.9' does not exist -- can't clean it
2022-12-27T02:55:07.0723720Z   removing 'python_build'
2022-12-27T02:55:07.1063360Z Failed to build grpcio
2022-12-27T02:55:07.1067780Z ERROR: Failed to build one or more wheels
2022-12-27T02:55:07.1078050Z Exception information:
2022-12-27T02:55:07.1078240Z Traceback (most recent call last):
2022-12-27T02:55:07.1079320Z   File "/private/var/folders/51/hd414ycd67n82196sw51xqtc0000gn/T/cibw-run-ujk2s8n3/cp39-macosx_arm64/build/venv/lib/python3.9/site-packages/pip/_internal/cli/base_command.py", line 160, in exc_logging_wrapper
2022-12-27T02:55:07.1079970Z     status = run_func(*args)
2022-12-27T02:55:07.1080760Z   File "/private/var/folders/51/hd414ycd67n82196sw51xqtc0000gn/T/cibw-run-ujk2s8n3/cp39-macosx_arm64/build/venv/lib/python3.9/site-packages/pip/_internal/cli/req_command.py", line 247, in wrapper
2022-12-27T02:55:07.1081310Z     return func(self, options, args)
2022-12-27T02:55:07.1082010Z   File "/private/var/folders/51/hd414ycd67n82196sw51xqtc0000gn/T/cibw-run-ujk2s8n3/cp39-macosx_arm64/build/venv/lib/python3.9/site-packages/pip/_internal/commands/wheel.py", line 201, in run
2022-12-27T02:55:07.1082520Z     raise CommandError("Failed to build one or more wheels")
2022-12-27T02:55:07.1082850Z pip._internal.exceptions.CommandError: Failed to build one or more wheels
2022-12-27T02:55:07.1083390Z Removed build tracker: '/private/var/folders/51/hd414ycd67n82196sw51xqtc0000gn/T/pip-build-tracker-h0vgjpe2'
2022-12-27T02:55:07.1486840Z ##[endgroup]
2022-12-27T02:55:07.1511710Z ##[error]Command ['python', '-m', 'pip', 'wheel', '/Users/runner/actions-runner/_work/python.build/python.build/build_grpcio10239/grpcio-1.0.2', '--wheel-dir=/private/var/folders/51/hd414ycd67n82196sw51xqtc0000gn/T/cibw-run-ujk2s8n3/cp39-macosx_arm64/built_wheel', '--no-deps', '-vvv'] failed with code 1. None
2022-12-27T02:55:07.1518260Z 
2022-12-27T02:55:07.1518540Z                                                              [31m✕ [0m14.89s
2022-12-27T02:55:07.2133940Z ##[error]Process completed with exit code 1.
2022-12-27T02:55:07.2165610Z ##[group]Run rm -rf build_grpcio10239 wheelsout
2022-12-27T02:55:07.2165790Z [36;1mrm -rf build_grpcio10239 wheelsout[0m
2022-12-27T02:55:07.2181030Z shell: /bin/bash -e {0}
2022-12-27T02:55:07.2181150Z env:
2022-12-27T02:55:07.2181300Z   pythonLocation: /Users/runner/hostedtoolcache/Python/3.9.16/x64
2022-12-27T02:55:07.2181500Z   PKG_CONFIG_PATH: /Users/runner/hostedtoolcache/Python/3.9.16/x64/lib/pkgconfig
2022-12-27T02:55:07.2181750Z   Python_ROOT_DIR: /Users/runner/hostedtoolcache/Python/3.9.16/x64
2022-12-27T02:55:07.2181940Z   Python2_ROOT_DIR: /Users/runner/hostedtoolcache/Python/3.9.16/x64
2022-12-27T02:55:07.2182120Z   Python3_ROOT_DIR: /Users/runner/hostedtoolcache/Python/3.9.16/x64
2022-12-27T02:55:07.2182260Z ##[endgroup]
2022-12-27T02:55:07.5573790Z Cleaning up orphan processes
