2022-12-27T08:47:17.7288073Z Requested labels: self-hosted, macOS, X64
2022-12-27T08:47:17.7288234Z Job defined at: kilnbuild/python.build/.github/workflows/mac_arm_build.yml@refs/heads/main
2022-12-27T08:47:17.7288270Z Waiting for a runner to pick up this job...
2022-12-27T11:10:05.0024983Z Job is about to start running on the runner: k1 (organization)
2022-12-27T11:10:07.9531910Z Current runner version: '2.300.2'
2022-12-27T11:10:07.9536690Z Runner name: 'k1'
2022-12-27T11:10:07.9536940Z Runner group name: 'Default'
2022-12-27T11:10:07.9537390Z Machine name: 'k1'
2022-12-27T11:10:07.9538840Z ##[group]GITHUB_TOKEN Permissions
2022-12-27T11:10:07.9539270Z Actions: write
2022-12-27T11:10:07.9539400Z Checks: write
2022-12-27T11:10:07.9539530Z Contents: write
2022-12-27T11:10:07.9539660Z Deployments: write
2022-12-27T11:10:07.9539790Z Discussions: write
2022-12-27T11:10:07.9539930Z Issues: write
2022-12-27T11:10:07.9540050Z Metadata: read
2022-12-27T11:10:07.9540170Z Packages: write
2022-12-27T11:10:07.9540310Z Pages: write
2022-12-27T11:10:07.9540440Z PullRequests: write
2022-12-27T11:10:07.9540600Z RepositoryProjects: write
2022-12-27T11:10:07.9540750Z SecurityEvents: write
2022-12-27T11:10:07.9540890Z Statuses: write
2022-12-27T11:10:07.9541010Z ##[endgroup]
2022-12-27T11:10:07.9543600Z Secret source: Actions
2022-12-27T11:10:07.9543920Z Prepare workflow directory
2022-12-27T11:10:08.0190660Z Prepare all required actions
2022-12-27T11:10:08.0315230Z Getting action download info
2022-12-27T11:10:08.4803410Z Download action repository 'actions/setup-python@v4' (SHA:5ccb29d8773c3f3f653e1705f474dfaa8a06a912)
2022-12-27T11:10:10.2778470Z Download action repository 'actions/upload-artifact@v3' (SHA:83fd05a356d7e2593de66fc9913b3002723633cb)
2022-12-27T11:10:11.5881320Z ##[group]Run echo '{
2022-12-27T11:10:11.5881580Z [36;1mecho '{[0m
2022-12-27T11:10:11.5881750Z [36;1m  "package_name": "lxml",[0m
2022-12-27T11:10:11.5882040Z [36;1m  "package_url": "https://files.pythonhosted.org/packages/14/51/61462e59ab58575fe0d679ab2d31ec73cd49b26182c6ece3d9379faccfd7/lxml-3.7.0.tar.gz",[0m
2022-12-27T11:10:11.5882320Z [36;1m  "package_version": "3.7.0",[0m
2022-12-27T11:10:11.5882490Z [36;1m  "python_version": "3.10",[0m
2022-12-27T11:10:11.5882620Z [36;1m  "use_ccache": "true"[0m
2022-12-27T11:10:11.5882780Z [36;1m}'[0m
2022-12-27T11:10:11.5897950Z shell: /bin/bash -e {0}
2022-12-27T11:10:11.5898110Z ##[endgroup]
2022-12-27T11:10:11.6108710Z {
2022-12-27T11:10:11.6110060Z   "package_name": "lxml",
2022-12-27T11:10:11.6110720Z   "package_url": "https://files.pythonhosted.org/packages/14/51/61462e59ab58575fe0d679ab2d31ec73cd49b26182c6ece3d9379faccfd7/lxml-3.7.0.tar.gz",
2022-12-27T11:10:11.6111080Z   "package_version": "3.7.0",
2022-12-27T11:10:11.6111340Z   "python_version": "3.10",
2022-12-27T11:10:11.6111520Z   "use_ccache": "true"
2022-12-27T11:10:11.6111710Z }
2022-12-27T11:10:11.6318440Z ##[group]Run actions/setup-python@v4
2022-12-27T11:10:11.6318690Z with:
2022-12-27T11:10:11.6318870Z   python-version: 3.10
2022-12-27T11:10:11.6319020Z   check-latest: false
2022-12-27T11:10:11.6319400Z   token: ***
2022-12-27T11:10:11.6319570Z   update-environment: true
2022-12-27T11:10:11.6319730Z ##[endgroup]
2022-12-27T11:10:11.7508180Z ##[group]Installed versions
2022-12-27T11:10:11.7611960Z Successfully set up CPython (3.10.9)
2022-12-27T11:10:11.7612760Z ##[endgroup]
2022-12-27T11:10:11.7751890Z ##[group]Run if [ "true" == "true" ]
2022-12-27T11:10:11.7752160Z [36;1mif [ "true" == "true" ][0m
2022-12-27T11:10:11.7752530Z [36;1mthen[0m
2022-12-27T11:10:11.7752750Z [36;1m  echo "CCACHE_PATH_PREPEND=/usr/local/opt/ccache/libexec" >> $GITHUB_OUTPUT[0m
2022-12-27T11:10:11.7752960Z [36;1melse[0m
2022-12-27T11:10:11.7753110Z [36;1m  echo "CCACHE_PATH_PREPEND=" >> $GITHUB_OUTPUT[0m
2022-12-27T11:10:11.7753290Z [36;1mfi[0m
2022-12-27T11:10:11.7769380Z shell: /bin/bash -e {0}
2022-12-27T11:10:11.7769550Z env:
2022-12-27T11:10:11.7769760Z   pythonLocation: /Users/runner/hostedtoolcache/Python/3.10.9/x64
2022-12-27T11:10:11.7770100Z   PKG_CONFIG_PATH: /Users/runner/hostedtoolcache/Python/3.10.9/x64/lib/pkgconfig
2022-12-27T11:10:11.7770390Z   Python_ROOT_DIR: /Users/runner/hostedtoolcache/Python/3.10.9/x64
2022-12-27T11:10:11.7770590Z   Python2_ROOT_DIR: /Users/runner/hostedtoolcache/Python/3.10.9/x64
2022-12-27T11:10:11.7770870Z   Python3_ROOT_DIR: /Users/runner/hostedtoolcache/Python/3.10.9/x64
2022-12-27T11:10:11.7771390Z ##[endgroup]
2022-12-27T11:10:11.7876200Z ##[group]Run echo "BUILD_NAME=$(echo lxml_3.7.0_3.10 | tr -dc '[:alnum:]\n\r' | tr '[:upper:]' '[:lower:]')" >> $GITHUB_OUTPUT
2022-12-27T11:10:11.7876580Z [36;1mecho "BUILD_NAME=$(echo lxml_3.7.0_3.10 | tr -dc '[:alnum:]\n\r' | tr '[:upper:]' '[:lower:]')" >> $GITHUB_OUTPUT[0m
2022-12-27T11:10:11.7889960Z shell: /bin/bash -e {0}
2022-12-27T11:10:11.7890140Z env:
2022-12-27T11:10:11.7890420Z   pythonLocation: /Users/runner/hostedtoolcache/Python/3.10.9/x64
2022-12-27T11:10:11.7890650Z   PKG_CONFIG_PATH: /Users/runner/hostedtoolcache/Python/3.10.9/x64/lib/pkgconfig
2022-12-27T11:10:11.7890900Z   Python_ROOT_DIR: /Users/runner/hostedtoolcache/Python/3.10.9/x64
2022-12-27T11:10:11.7891140Z   Python2_ROOT_DIR: /Users/runner/hostedtoolcache/Python/3.10.9/x64
2022-12-27T11:10:11.7891870Z   Python3_ROOT_DIR: /Users/runner/hostedtoolcache/Python/3.10.9/x64
2022-12-27T11:10:11.7892040Z ##[endgroup]
2022-12-27T11:10:11.8044760Z ##[group]Run echo "PYTHON_NO_DOTS=$(echo 3.10 | tr -dc '[:alnum:]\n\r' | tr '[:upper:]' '[:lower:]')" >> $GITHUB_OUTPUT
2022-12-27T11:10:11.8045280Z [36;1mecho "PYTHON_NO_DOTS=$(echo 3.10 | tr -dc '[:alnum:]\n\r' | tr '[:upper:]' '[:lower:]')" >> $GITHUB_OUTPUT[0m
2022-12-27T11:10:11.8059850Z shell: /bin/bash -e {0}
2022-12-27T11:10:11.8060000Z env:
2022-12-27T11:10:11.8060260Z   pythonLocation: /Users/runner/hostedtoolcache/Python/3.10.9/x64
2022-12-27T11:10:11.8060530Z   PKG_CONFIG_PATH: /Users/runner/hostedtoolcache/Python/3.10.9/x64/lib/pkgconfig
2022-12-27T11:10:11.8060740Z   Python_ROOT_DIR: /Users/runner/hostedtoolcache/Python/3.10.9/x64
2022-12-27T11:10:11.8060970Z   Python2_ROOT_DIR: /Users/runner/hostedtoolcache/Python/3.10.9/x64
2022-12-27T11:10:11.8061200Z   Python3_ROOT_DIR: /Users/runner/hostedtoolcache/Python/3.10.9/x64
2022-12-27T11:10:11.8061440Z ##[endgroup]
2022-12-27T11:10:11.8184170Z ##[group]Run rm -rf build_lxml370310
2022-12-27T11:10:11.8184510Z [36;1mrm -rf build_lxml370310[0m
2022-12-27T11:10:11.8184690Z [36;1mmkdir build_lxml370310[0m
2022-12-27T11:10:11.8184890Z [36;1mcd build_lxml370310[0m
2022-12-27T11:10:11.8185170Z [36;1m/usr/local/bin/wget --quiet https://files.pythonhosted.org/packages/14/51/61462e59ab58575fe0d679ab2d31ec73cd49b26182c6ece3d9379faccfd7/lxml-3.7.0.tar.gz[0m
2022-12-27T11:10:11.8185420Z [36;1mtar xf *.tar.gz[0m
2022-12-27T11:10:11.8185570Z [36;1mcd *[0m
2022-12-27T11:10:11.8185720Z [36;1mpython -m pip install cibuildwheel==2.11.3[0m
2022-12-27T11:10:11.8185960Z [36;1mpython -m cibuildwheel --output-dir ../wheelsout[0m
2022-12-27T11:10:11.8199350Z shell: /bin/bash -e {0}
2022-12-27T11:10:11.8199500Z env:
2022-12-27T11:10:11.8199740Z   pythonLocation: /Users/runner/hostedtoolcache/Python/3.10.9/x64
2022-12-27T11:10:11.8199990Z   PKG_CONFIG_PATH: /Users/runner/hostedtoolcache/Python/3.10.9/x64/lib/pkgconfig
2022-12-27T11:10:11.8200240Z   Python_ROOT_DIR: /Users/runner/hostedtoolcache/Python/3.10.9/x64
2022-12-27T11:10:11.8200460Z   Python2_ROOT_DIR: /Users/runner/hostedtoolcache/Python/3.10.9/x64
2022-12-27T11:10:11.8200720Z   Python3_ROOT_DIR: /Users/runner/hostedtoolcache/Python/3.10.9/x64
2022-12-27T11:10:11.8200920Z   CIBW_ARCHS_MACOS: arm64
2022-12-27T11:10:11.8201060Z   CIBW_TEST_SKIP: *_arm64
2022-12-27T11:10:11.8201220Z   CIBW_BUILD: cp310-macosx_arm64
2022-12-27T11:10:11.8201400Z   CIBW_BUILD_FRONTEND: pip
2022-12-27T11:10:11.8201570Z   CIBW_BUILD_VERBOSITY: 3
2022-12-27T11:10:11.8201860Z   CIBW_ENVIRONMENT_MACOS:  CFLAGS="-I/usr/local/opt/openssl@3/include" LDFLAGS="-L/usr/local/opt/openssl@3/lib" CPPFLAGS="-I/usr/local/opt/openssl@3/include" MAKEFLAGS="-j$(sysctl -n hw.logicalcpu)" PATH=/usr/local/opt/ccache/libexec:$PATH
2022-12-27T11:10:11.8202190Z   CIBW_BEFORE_BUILD: pip install Cython; if [[ -f requirements.txt ]]; then pip install -r requirements.txt; fi
2022-12-27T11:10:11.8202430Z   MAKEFLAGS: -j$(sysctl -n hw.logicalcpu)
2022-12-27T11:10:11.8202570Z ##[endgroup]
2022-12-27T11:10:12.3215060Z Requirement already satisfied: cibuildwheel==2.11.3 in /Users/runner/hostedtoolcache/Python/3.10.9/x64/lib/python3.10/site-packages (2.11.3)
2022-12-27T11:10:12.3464630Z Requirement already satisfied: typing-extensions>=4.1.0 in /Users/runner/hostedtoolcache/Python/3.10.9/x64/lib/python3.10/site-packages (from cibuildwheel==2.11.3) (4.4.0)
2022-12-27T11:10:12.3468610Z Requirement already satisfied: certifi in /Users/runner/hostedtoolcache/Python/3.10.9/x64/lib/python3.10/site-packages (from cibuildwheel==2.11.3) (2022.12.7)
2022-12-27T11:10:12.3473260Z Requirement already satisfied: packaging>=20.9 in /Users/runner/hostedtoolcache/Python/3.10.9/x64/lib/python3.10/site-packages (from cibuildwheel==2.11.3) (22.0)
2022-12-27T11:10:12.3476520Z Requirement already satisfied: filelock in /Users/runner/hostedtoolcache/Python/3.10.9/x64/lib/python3.10/site-packages (from cibuildwheel==2.11.3) (3.8.2)
2022-12-27T11:10:12.3482690Z Requirement already satisfied: tomli in /Users/runner/hostedtoolcache/Python/3.10.9/x64/lib/python3.10/site-packages (from cibuildwheel==2.11.3) (2.0.1)
2022-12-27T11:10:12.3485550Z Requirement already satisfied: bracex in /Users/runner/hostedtoolcache/Python/3.10.9/x64/lib/python3.10/site-packages (from cibuildwheel==2.11.3) (2.3.post1)
2022-12-27T11:10:12.3488830Z Requirement already satisfied: platformdirs in /Users/runner/hostedtoolcache/Python/3.10.9/x64/lib/python3.10/site-packages (from cibuildwheel==2.11.3) (2.6.0)
2022-12-27T11:10:12.3493730Z Requirement already satisfied: bashlex!=0.13 in /Users/runner/hostedtoolcache/Python/3.10.9/x64/lib/python3.10/site-packages (from cibuildwheel==2.11.3) (0.16)
2022-12-27T11:10:12.5311230Z 
2022-12-27T11:10:12.5311550Z      _ _       _ _   _       _           _
2022-12-27T11:10:12.5311970Z  ___|_| |_ _ _|_| |_| |_ _ _| |_ ___ ___| |
2022-12-27T11:10:12.5313270Z |  _| | . | | | | | . | | | |   | -_| -_| |
2022-12-27T11:10:12.5314190Z |___|_|___|___|_|_|___|_____|_|_|___|___|_|
2022-12-27T11:10:12.5314370Z 
2022-12-27T11:10:12.5314500Z cibuildwheel version 2.11.3
2022-12-27T11:10:12.5314670Z 
2022-12-27T11:10:12.5314780Z Build options:
2022-12-27T11:10:12.5315090Z   platform: macos
2022-12-27T11:10:12.5420540Z   architectures: arm64[0m
2022-12-27T11:10:12.5420840Z   build_selector: 
2022-12-27T11:10:12.5421500Z     build_config: cp310-macosx_arm64
2022-12-27T11:10:12.5421770Z     skip_config: 
2022-12-27T11:10:12.5422260Z     requires_python: None
2022-12-27T11:10:12.5422570Z     prerelease_pythons: False[0m
2022-12-27T11:10:12.5422840Z   [38;5;244mcontainer_engine: docker[0m
2022-12-27T11:10:12.5423270Z   output_dir: /Users/runner/actions-runner/_work/python.build/python.build/build_lxml370310/wheelsout[0m
2022-12-27T11:10:12.5423860Z   package_dir: /Users/runner/actions-runner/_work/python.build/python.build/build_lxml370310/lxml-3.7.0[0m
2022-12-27T11:10:12.5424160Z   test_selector: 
2022-12-27T11:10:12.5424420Z     skip_config: *_arm64[0m
2022-12-27T11:10:12.5424700Z   [38;5;244mbefore_all: [0m
2022-12-27T11:10:12.5425110Z   before_build: pip install Cython; if [[ -f requirements.txt ]]; then pip install -r requirements.txt; fi[0m
2022-12-27T11:10:12.5425480Z   [38;5;244mbefore_test: [0m
2022-12-27T11:10:12.5425760Z   [38;5;244mbuild_frontend: pip[0m
2022-12-27T11:10:12.5426030Z   build_verbosity: 3[0m
2022-12-27T11:10:12.5426270Z   [38;5;244mconfig_settings: [0m
2022-12-27T11:10:12.5426630Z   [38;5;244mdependency_constraints: pinned[0m
2022-12-27T11:10:12.5426940Z   environment: 
2022-12-27T11:10:12.5427260Z     CFLAGS="-I/usr/local/opt/openssl@3/include"
2022-12-27T11:10:12.5427530Z     LDFLAGS="-L/usr/local/opt/openssl@3/lib"
2022-12-27T11:10:12.5427860Z     CPPFLAGS="-I/usr/local/opt/openssl@3/include"
2022-12-27T11:10:12.5428220Z     MAKEFLAGS="-j$(sysctl -n hw.logicalcpu)"
2022-12-27T11:10:12.5428570Z     PATH=/usr/local/opt/ccache/libexec:$PATH[0m
2022-12-27T11:10:12.5429050Z   [38;5;244mmanylinux_images: None[0m
2022-12-27T11:10:12.5429440Z   [38;5;244mmusllinux_images: None[0m
2022-12-27T11:10:12.5429920Z   [38;5;244mrepair_command: delocate-wheel --require-archs {delocate_archs} -w {dest_dir} -v {wheel}[0m
2022-12-27T11:10:12.5430950Z   [38;5;244mtest_command: [0m
2022-12-27T11:10:12.5431310Z   [38;5;244mtest_extras: [0m
2022-12-27T11:10:12.5431620Z   [38;5;244mtest_requires: [0m
2022-12-27T11:10:12.5431790Z 
2022-12-27T11:10:12.5431960Z Cache folder: /Users/runner/Library/Caches/cibuildwheel
2022-12-27T11:10:12.5438270Z 
2022-12-27T11:10:12.5438430Z Here we go!
2022-12-27T11:10:12.5438700Z 
2022-12-27T11:10:12.5564870Z 
2022-12-27T11:10:12.5565480Z [1m[34mBuilding cp310-macosx_arm64 wheel[0m
2022-12-27T11:10:12.5566000Z CPython 3.10 macOS arm64 - Apple Silicon
2022-12-27T11:10:12.5566210Z 
2022-12-27T11:10:12.5568290Z ##[group]Installing Python cp310...
2022-12-27T11:10:12.5568480Z 
2022-12-27T11:10:12.5568670Z + pkgutil --pkgs
2022-12-27T11:10:12.5671220Z ##[endgroup]
2022-12-27T11:10:12.5672250Z                                                               [32mâœ“ [0m0.01s
2022-12-27T11:10:12.5672790Z ##[group]Setting up build environment...
2022-12-27T11:10:12.5672980Z 
2022-12-27T11:10:12.5691260Z + /Users/runner/hostedtoolcache/Python/3.10.9/x64/bin/python -sS /Users/runner/Library/Caches/cibuildwheel/virtualenv-20.17.0.pyz --activators= --no-periodic-update --pip=22.3.1 --setuptools=65.6.3 --wheel=0.38.4 --symlink-app-data --python /Library/Frameworks/Python.framework/Versions/3.10/bin/python3 /private/var/folders/51/hd414ycd67n82196sw51xqtc0000gn/T/cibw-run-mrohn01x/cp310-macosx_arm64/build/venv
2022-12-27T11:10:12.7620270Z created virtual environment CPython3.10.8.final.0-64 in 54ms
2022-12-27T11:10:12.7620990Z   creator CPython3Posix(dest=/private/var/folders/51/hd414ycd67n82196sw51xqtc0000gn/T/cibw-run-mrohn01x/cp310-macosx_arm64/build/venv, clear=False, no_vcs_ignore=False, global=False)
2022-12-27T11:10:12.7621840Z   seeder FromAppData(download=False, pip=22.3.1, setuptools=65.6.3, wheel=0.38.4, via=symlink, app_data_dir=/Users/runner/Library/Application Support/virtualenv)
2022-12-27T11:10:12.7622400Z     added seed packages: pip==22.3.1, setuptools==65.6.3, wheel==0.38.4
2022-12-27T11:10:12.7741580Z + python -m pip install --upgrade pip -c /Users/runner/hostedtoolcache/Python/3.10.9/x64/lib/python3.10/site-packages/cibuildwheel/resources/constraints-python310.txt
2022-12-27T11:10:13.0416240Z Requirement already satisfied: pip in ./lib/python3.10/site-packages (22.3.1)
2022-12-27T11:10:13.1692410Z + which pip
2022-12-27T11:10:13.1711580Z /private/var/folders/51/hd414ycd67n82196sw51xqtc0000gn/T/cibw-run-mrohn01x/cp310-macosx_arm64/build/venv/bin/pip
2022-12-27T11:10:13.1713900Z + pip --version
2022-12-27T11:10:13.3654650Z pip 22.3.1 from /private/var/folders/51/hd414ycd67n82196sw51xqtc0000gn/T/cibw-run-mrohn01x/cp310-macosx_arm64/build/venv/lib/python3.10/site-packages/pip (python 3.10)
2022-12-27T11:10:13.3880650Z + which pip
2022-12-27T11:10:13.3909220Z + which python
2022-12-27T11:10:13.3927860Z /private/var/folders/51/hd414ycd67n82196sw51xqtc0000gn/T/cibw-run-mrohn01x/cp310-macosx_arm64/build/venv/bin/python
2022-12-27T11:10:13.3930350Z + python --version
2022-12-27T11:10:13.3976660Z Python 3.10.8
2022-12-27T11:10:13.3981880Z + which python
2022-12-27T11:10:13.4038670Z ##[endgroup]
2022-12-27T11:10:13.4039220Z                                                               [32mâœ“ [0m0.84s
2022-12-27T11:10:13.4039990Z ##[group]Installing build tools...
2022-12-27T11:10:13.4040300Z 
2022-12-27T11:10:13.4040960Z + pip install --upgrade setuptools wheel delocate -c /Users/runner/hostedtoolcache/Python/3.10.9/x64/lib/python3.10/site-packages/cibuildwheel/resources/constraints-python310.txt
2022-12-27T11:10:13.6674200Z Requirement already satisfied: setuptools in /private/var/folders/51/hd414ycd67n82196sw51xqtc0000gn/T/cibw-run-mrohn01x/cp310-macosx_arm64/build/venv/lib/python3.10/site-packages (65.6.3)
2022-12-27T11:10:13.8514310Z Requirement already satisfied: wheel in /private/var/folders/51/hd414ycd67n82196sw51xqtc0000gn/T/cibw-run-mrohn01x/cp310-macosx_arm64/build/venv/lib/python3.10/site-packages (0.38.4)
2022-12-27T11:10:13.8973110Z Collecting delocate
2022-12-27T11:10:13.8994910Z   Using cached delocate-0.10.3-py3-none-any.whl (142 kB)
2022-12-27T11:10:13.9268240Z Collecting packaging>=20.9
2022-12-27T11:10:13.9285830Z   Using cached packaging-21.3-py3-none-any.whl (40 kB)
2022-12-27T11:10:13.9435960Z Collecting typing-extensions
2022-12-27T11:10:13.9453250Z   Using cached typing_extensions-4.4.0-py3-none-any.whl (26 kB)
2022-12-27T11:10:13.9752030Z Collecting pyparsing!=3.0.5,>=2.0.2
2022-12-27T11:10:13.9769580Z   Using cached pyparsing-3.0.9-py3-none-any.whl (98 kB)
2022-12-27T11:10:14.0079550Z Installing collected packages: typing-extensions, pyparsing, packaging, delocate
2022-12-27T11:10:14.1300290Z Successfully installed delocate-0.10.3 packaging-21.3 pyparsing-3.0.9 typing-extensions-4.4.0
2022-12-27T11:10:14.1735760Z ##[endgroup]
2022-12-27T11:10:14.1737310Z                                                               [32mâœ“ [0m0.77s
2022-12-27T11:10:14.1737760Z ##[group]Running before_build...
2022-12-27T11:10:14.1737910Z 
2022-12-27T11:10:14.1744350Z + pip install Cython; if [[ -f requirements.txt ]]; then pip install -r requirements.txt; fi
2022-12-27T11:10:14.7467580Z Collecting Cython
2022-12-27T11:10:14.7509790Z   Using cached Cython-0.29.32-py2.py3-none-any.whl (986 kB)
2022-12-27T11:10:14.7879610Z Installing collected packages: Cython
2022-12-27T11:10:15.1870010Z Successfully installed Cython-0.29.32
2022-12-27T11:10:15.4990000Z Requirement already satisfied: Cython>=0.20 in /private/var/folders/51/hd414ycd67n82196sw51xqtc0000gn/T/cibw-run-mrohn01x/cp310-macosx_arm64/build/venv/lib/python3.10/site-packages (from -r requirements.txt (line 1)) (0.29.32)
2022-12-27T11:10:15.5615800Z ##[endgroup]
2022-12-27T11:10:15.5616430Z                                                               [32mâœ“ [0m1.39s
2022-12-27T11:10:15.5616970Z ##[group]Building wheel...
2022-12-27T11:10:15.5617110Z 
2022-12-27T11:10:15.5621900Z + python -m pip wheel /Users/runner/actions-runner/_work/python.build/python.build/build_lxml370310/lxml-3.7.0 --wheel-dir=/private/var/folders/51/hd414ycd67n82196sw51xqtc0000gn/T/cibw-run-mrohn01x/cp310-macosx_arm64/built_wheel --no-deps -vvv
2022-12-27T11:10:15.8152490Z Created temporary directory: /private/var/folders/51/hd414ycd67n82196sw51xqtc0000gn/T/pip-ephem-wheel-cache-_sflsxjf
2022-12-27T11:10:15.8156220Z Created temporary directory: /private/var/folders/51/hd414ycd67n82196sw51xqtc0000gn/T/pip-build-tracker-as988pf7
2022-12-27T11:10:15.8158420Z Initialized build tracking at /private/var/folders/51/hd414ycd67n82196sw51xqtc0000gn/T/pip-build-tracker-as988pf7
2022-12-27T11:10:15.8159490Z Created build tracker: /private/var/folders/51/hd414ycd67n82196sw51xqtc0000gn/T/pip-build-tracker-as988pf7
2022-12-27T11:10:15.8160620Z Entered build tracker: /private/var/folders/51/hd414ycd67n82196sw51xqtc0000gn/T/pip-build-tracker-as988pf7
2022-12-27T11:10:15.8163840Z Created temporary directory: /private/var/folders/51/hd414ycd67n82196sw51xqtc0000gn/T/pip-wheel-k0gzsggt
2022-12-27T11:10:15.8169720Z Created temporary directory: /private/var/folders/51/hd414ycd67n82196sw51xqtc0000gn/T/pip-ephem-wheel-cache-m7kzayj_
2022-12-27T11:10:15.8343250Z Processing /Users/runner/actions-runner/_work/python.build/python.build/build_lxml370310/lxml-3.7.0
2022-12-27T11:10:15.8348730Z   Added file:///Users/runner/actions-runner/_work/python.build/python.build/build_lxml370310/lxml-3.7.0 to build tracker '/private/var/folders/51/hd414ycd67n82196sw51xqtc0000gn/T/pip-build-tracker-as988pf7'
2022-12-27T11:10:15.8351880Z   Running setup.py (path:/Users/runner/actions-runner/_work/python.build/python.build/build_lxml370310/lxml-3.7.0/setup.py) egg_info for package from file:///Users/runner/actions-runner/_work/python.build/python.build/build_lxml370310/lxml-3.7.0
2022-12-27T11:10:15.8354920Z   Created temporary directory: /private/var/folders/51/hd414ycd67n82196sw51xqtc0000gn/T/pip-pip-egg-info-7mv0gc5g
2022-12-27T11:10:15.8356270Z   Preparing metadata (setup.py): started
2022-12-27T11:10:15.8357990Z   Running command python setup.py egg_info
2022-12-27T11:10:16.1184430Z   Building lxml version 3.7.0.
2022-12-27T11:10:16.1185310Z   Building without Cython.
2022-12-27T11:10:16.1186990Z   Using build configuration of libxslt 1.1.29
2022-12-27T11:10:16.1188480Z   Building against libxml2/libxslt in the following directory: /Library/Developer/CommandLineTools/SDKs/MacOSX12.1.sdk/usr/lib
2022-12-27T11:10:16.1189650Z   running egg_info
2022-12-27T11:10:16.1191570Z   creating /private/var/folders/51/hd414ycd67n82196sw51xqtc0000gn/T/pip-pip-egg-info-7mv0gc5g/lxml.egg-info
2022-12-27T11:10:16.1192960Z   writing /private/var/folders/51/hd414ycd67n82196sw51xqtc0000gn/T/pip-pip-egg-info-7mv0gc5g/lxml.egg-info/PKG-INFO
2022-12-27T11:10:16.1194290Z   writing dependency_links to /private/var/folders/51/hd414ycd67n82196sw51xqtc0000gn/T/pip-pip-egg-info-7mv0gc5g/lxml.egg-info/dependency_links.txt
2022-12-27T11:10:16.1195790Z   writing requirements to /private/var/folders/51/hd414ycd67n82196sw51xqtc0000gn/T/pip-pip-egg-info-7mv0gc5g/lxml.egg-info/requires.txt
2022-12-27T11:10:16.1197070Z   writing top-level names to /private/var/folders/51/hd414ycd67n82196sw51xqtc0000gn/T/pip-pip-egg-info-7mv0gc5g/lxml.egg-info/top_level.txt
2022-12-27T11:10:16.1199780Z   writing manifest file '/private/var/folders/51/hd414ycd67n82196sw51xqtc0000gn/T/pip-pip-egg-info-7mv0gc5g/lxml.egg-info/SOURCES.txt'
2022-12-27T11:10:16.1287030Z   reading manifest file '/private/var/folders/51/hd414ycd67n82196sw51xqtc0000gn/T/pip-pip-egg-info-7mv0gc5g/lxml.egg-info/SOURCES.txt'
2022-12-27T11:10:16.1288930Z   reading manifest template 'MANIFEST.in'
2022-12-27T11:10:16.2235140Z   adding license file 'LICENSES.txt'
2022-12-27T11:10:16.2295840Z   writing manifest file '/private/var/folders/51/hd414ycd67n82196sw51xqtc0000gn/T/pip-pip-egg-info-7mv0gc5g/lxml.egg-info/SOURCES.txt'
2022-12-27T11:10:16.2550240Z   Preparing metadata (setup.py): finished with status 'done'
2022-12-27T11:10:16.2571980Z   Source in /Users/runner/actions-runner/_work/python.build/python.build/build_lxml370310/lxml-3.7.0 has version 3.7.0, which satisfies requirement lxml==3.7.0 from file:///Users/runner/actions-runner/_work/python.build/python.build/build_lxml370310/lxml-3.7.0
2022-12-27T11:10:16.2574530Z   Removed lxml==3.7.0 from file:///Users/runner/actions-runner/_work/python.build/python.build/build_lxml370310/lxml-3.7.0 from build tracker '/private/var/folders/51/hd414ycd67n82196sw51xqtc0000gn/T/pip-build-tracker-as988pf7'
2022-12-27T11:10:16.2590230Z Created temporary directory: /private/var/folders/51/hd414ycd67n82196sw51xqtc0000gn/T/pip-unpack-zhe9s6md
2022-12-27T11:10:16.2592330Z Building wheels for collected packages: lxml
2022-12-27T11:10:16.2599220Z   Created temporary directory: /private/var/folders/51/hd414ycd67n82196sw51xqtc0000gn/T/pip-wheel-1d8hkqkg
2022-12-27T11:10:16.2600510Z   Building wheel for lxml (setup.py): started
2022-12-27T11:10:16.2602480Z   Destination directory: /private/var/folders/51/hd414ycd67n82196sw51xqtc0000gn/T/pip-wheel-1d8hkqkg
2022-12-27T11:10:16.2603480Z   Running command python setup.py bdist_wheel
2022-12-27T11:10:16.4073660Z   Building lxml version 3.7.0.
2022-12-27T11:10:16.4074210Z   Building without Cython.
2022-12-27T11:10:16.4211250Z   Using build configuration of libxslt 1.1.29
2022-12-27T11:10:16.5188940Z   Building against libxml2/libxslt in the following directory: /Library/Developer/CommandLineTools/SDKs/MacOSX12.1.sdk/usr/lib
2022-12-27T11:10:16.5422760Z   running bdist_wheel
2022-12-27T11:10:16.5458660Z   running build
2022-12-27T11:10:16.5460250Z   running build_py
2022-12-27T11:10:16.5477780Z   creating build
2022-12-27T11:10:16.5479290Z   creating build/lib.macosx-11.0-arm64-cpython-310
2022-12-27T11:10:16.5480780Z   creating build/lib.macosx-11.0-arm64-cpython-310/lxml
2022-12-27T11:10:16.5482940Z   copying src/lxml/_elementpath.py -> build/lib.macosx-11.0-arm64-cpython-310/lxml
2022-12-27T11:10:16.5485570Z   copying src/lxml/sax.py -> build/lib.macosx-11.0-arm64-cpython-310/lxml
2022-12-27T11:10:16.5487840Z   copying src/lxml/pyclasslookup.py -> build/lib.macosx-11.0-arm64-cpython-310/lxml
2022-12-27T11:10:16.5490440Z   copying src/lxml/__init__.py -> build/lib.macosx-11.0-arm64-cpython-310/lxml
2022-12-27T11:10:16.5492520Z   copying src/lxml/builder.py -> build/lib.macosx-11.0-arm64-cpython-310/lxml
2022-12-27T11:10:16.5494610Z   copying src/lxml/doctestcompare.py -> build/lib.macosx-11.0-arm64-cpython-310/lxml
2022-12-27T11:10:16.5499290Z   copying src/lxml/usedoctest.py -> build/lib.macosx-11.0-arm64-cpython-310/lxml
2022-12-27T11:10:16.5501120Z   copying src/lxml/cssselect.py -> build/lib.macosx-11.0-arm64-cpython-310/lxml
2022-12-27T11:10:16.5502460Z   copying src/lxml/ElementInclude.py -> build/lib.macosx-11.0-arm64-cpython-310/lxml
2022-12-27T11:10:16.5506090Z   creating build/lib.macosx-11.0-arm64-cpython-310/lxml/includes
2022-12-27T11:10:16.5507500Z   copying src/lxml/includes/__init__.py -> build/lib.macosx-11.0-arm64-cpython-310/lxml/includes
2022-12-27T11:10:16.5513460Z   creating build/lib.macosx-11.0-arm64-cpython-310/lxml/html
2022-12-27T11:10:16.5514950Z   copying src/lxml/html/soupparser.py -> build/lib.macosx-11.0-arm64-cpython-310/lxml/html
2022-12-27T11:10:16.5518180Z   copying src/lxml/html/defs.py -> build/lib.macosx-11.0-arm64-cpython-310/lxml/html
2022-12-27T11:10:16.5520140Z   copying src/lxml/html/_setmixin.py -> build/lib.macosx-11.0-arm64-cpython-310/lxml/html
2022-12-27T11:10:16.5522460Z   copying src/lxml/html/clean.py -> build/lib.macosx-11.0-arm64-cpython-310/lxml/html
2022-12-27T11:10:16.5524880Z   copying src/lxml/html/_diffcommand.py -> build/lib.macosx-11.0-arm64-cpython-310/lxml/html
2022-12-27T11:10:16.5527350Z   copying src/lxml/html/html5parser.py -> build/lib.macosx-11.0-arm64-cpython-310/lxml/html
2022-12-27T11:10:16.5530040Z   copying src/lxml/html/__init__.py -> build/lib.macosx-11.0-arm64-cpython-310/lxml/html
2022-12-27T11:10:16.5532940Z   copying src/lxml/html/formfill.py -> build/lib.macosx-11.0-arm64-cpython-310/lxml/html
2022-12-27T11:10:16.5535430Z   copying src/lxml/html/builder.py -> build/lib.macosx-11.0-arm64-cpython-310/lxml/html
2022-12-27T11:10:16.5537810Z   copying src/lxml/html/ElementSoup.py -> build/lib.macosx-11.0-arm64-cpython-310/lxml/html
2022-12-27T11:10:16.5540160Z   copying src/lxml/html/_html5builder.py -> build/lib.macosx-11.0-arm64-cpython-310/lxml/html
2022-12-27T11:10:16.5542290Z   copying src/lxml/html/usedoctest.py -> build/lib.macosx-11.0-arm64-cpython-310/lxml/html
2022-12-27T11:10:16.5545090Z   copying src/lxml/html/diff.py -> build/lib.macosx-11.0-arm64-cpython-310/lxml/html
2022-12-27T11:10:16.5549200Z   creating build/lib.macosx-11.0-arm64-cpython-310/lxml/isoschematron
2022-12-27T11:10:16.5551010Z   copying src/lxml/isoschematron/__init__.py -> build/lib.macosx-11.0-arm64-cpython-310/lxml/isoschematron
2022-12-27T11:10:16.5574100Z   copying src/lxml/lxml.etree.h -> build/lib.macosx-11.0-arm64-cpython-310/lxml
2022-12-27T11:10:16.5577950Z   copying src/lxml/lxml.etree_api.h -> build/lib.macosx-11.0-arm64-cpython-310/lxml
2022-12-27T11:10:16.5581230Z   copying src/lxml/includes/xmlerror.pxd -> build/lib.macosx-11.0-arm64-cpython-310/lxml/includes
2022-12-27T11:10:16.5584560Z   copying src/lxml/includes/c14n.pxd -> build/lib.macosx-11.0-arm64-cpython-310/lxml/includes
2022-12-27T11:10:16.5586440Z   copying src/lxml/includes/xmlschema.pxd -> build/lib.macosx-11.0-arm64-cpython-310/lxml/includes
2022-12-27T11:10:16.5589430Z   copying src/lxml/includes/schematron.pxd -> build/lib.macosx-11.0-arm64-cpython-310/lxml/includes
2022-12-27T11:10:16.5591920Z   copying src/lxml/includes/tree.pxd -> build/lib.macosx-11.0-arm64-cpython-310/lxml/includes
2022-12-27T11:10:16.5594880Z   copying src/lxml/includes/uri.pxd -> build/lib.macosx-11.0-arm64-cpython-310/lxml/includes
2022-12-27T11:10:16.5597990Z   copying src/lxml/includes/etreepublic.pxd -> build/lib.macosx-11.0-arm64-cpython-310/lxml/includes
2022-12-27T11:10:16.5600770Z   copying src/lxml/includes/xpath.pxd -> build/lib.macosx-11.0-arm64-cpython-310/lxml/includes
2022-12-27T11:10:16.5604330Z   copying src/lxml/includes/htmlparser.pxd -> build/lib.macosx-11.0-arm64-cpython-310/lxml/includes
2022-12-27T11:10:16.5606480Z   copying src/lxml/includes/xslt.pxd -> build/lib.macosx-11.0-arm64-cpython-310/lxml/includes
2022-12-27T11:10:16.5609380Z   copying src/lxml/includes/config.pxd -> build/lib.macosx-11.0-arm64-cpython-310/lxml/includes
2022-12-27T11:10:16.5611750Z   copying src/lxml/includes/xmlparser.pxd -> build/lib.macosx-11.0-arm64-cpython-310/lxml/includes
2022-12-27T11:10:16.5614620Z   copying src/lxml/includes/xinclude.pxd -> build/lib.macosx-11.0-arm64-cpython-310/lxml/includes
2022-12-27T11:10:16.5617110Z   copying src/lxml/includes/dtdvalid.pxd -> build/lib.macosx-11.0-arm64-cpython-310/lxml/includes
2022-12-27T11:10:16.5620010Z   copying src/lxml/includes/relaxng.pxd -> build/lib.macosx-11.0-arm64-cpython-310/lxml/includes
2022-12-27T11:10:16.5622700Z   copying src/lxml/includes/lxml-version.h -> build/lib.macosx-11.0-arm64-cpython-310/lxml/includes
2022-12-27T11:10:16.5625480Z   copying src/lxml/includes/etree_defs.h -> build/lib.macosx-11.0-arm64-cpython-310/lxml/includes
2022-12-27T11:10:16.5628820Z   creating build/lib.macosx-11.0-arm64-cpython-310/lxml/isoschematron/resources
2022-12-27T11:10:16.5630080Z   creating build/lib.macosx-11.0-arm64-cpython-310/lxml/isoschematron/resources/rng
2022-12-27T11:10:16.5631800Z   copying src/lxml/isoschematron/resources/rng/iso-schematron.rng -> build/lib.macosx-11.0-arm64-cpython-310/lxml/isoschematron/resources/rng
2022-12-27T11:10:16.5634250Z   creating build/lib.macosx-11.0-arm64-cpython-310/lxml/isoschematron/resources/xsl
2022-12-27T11:10:16.5635680Z   copying src/lxml/isoschematron/resources/xsl/XSD2Schtrn.xsl -> build/lib.macosx-11.0-arm64-cpython-310/lxml/isoschematron/resources/xsl
2022-12-27T11:10:16.5637850Z   copying src/lxml/isoschematron/resources/xsl/RNG2Schtrn.xsl -> build/lib.macosx-11.0-arm64-cpython-310/lxml/isoschematron/resources/xsl
2022-12-27T11:10:16.5641100Z   creating build/lib.macosx-11.0-arm64-cpython-310/lxml/isoschematron/resources/xsl/iso-schematron-xslt1
2022-12-27T11:10:16.5642350Z   copying src/lxml/isoschematron/resources/xsl/iso-schematron-xslt1/iso_abstract_expand.xsl -> build/lib.macosx-11.0-arm64-cpython-310/lxml/isoschematron/resources/xsl/iso-schematron-xslt1
2022-12-27T11:10:16.5645820Z   copying src/lxml/isoschematron/resources/xsl/iso-schematron-xslt1/iso_dsdl_include.xsl -> build/lib.macosx-11.0-arm64-cpython-310/lxml/isoschematron/resources/xsl/iso-schematron-xslt1
2022-12-27T11:10:16.5649290Z   copying src/lxml/isoschematron/resources/xsl/iso-schematron-xslt1/iso_schematron_skeleton_for_xslt1.xsl -> build/lib.macosx-11.0-arm64-cpython-310/lxml/isoschematron/resources/xsl/iso-schematron-xslt1
2022-12-27T11:10:16.5652290Z   copying src/lxml/isoschematron/resources/xsl/iso-schematron-xslt1/iso_svrl_for_xslt1.xsl -> build/lib.macosx-11.0-arm64-cpython-310/lxml/isoschematron/resources/xsl/iso-schematron-xslt1
2022-12-27T11:10:16.5655140Z   copying src/lxml/isoschematron/resources/xsl/iso-schematron-xslt1/iso_schematron_message.xsl -> build/lib.macosx-11.0-arm64-cpython-310/lxml/isoschematron/resources/xsl/iso-schematron-xslt1
2022-12-27T11:10:16.5658070Z   copying src/lxml/isoschematron/resources/xsl/iso-schematron-xslt1/readme.txt -> build/lib.macosx-11.0-arm64-cpython-310/lxml/isoschematron/resources/xsl/iso-schematron-xslt1
2022-12-27T11:10:16.5670480Z   running build_ext
2022-12-27T11:10:16.5700960Z   building 'lxml.etree' extension
2022-12-27T11:10:16.5702810Z   creating build/temp.macosx-11.0-arm64-cpython-310
2022-12-27T11:10:16.5704690Z   creating build/temp.macosx-11.0-arm64-cpython-310/src
2022-12-27T11:10:16.5706240Z   creating build/temp.macosx-11.0-arm64-cpython-310/src/lxml
2022-12-27T11:10:16.5709460Z   clang -Wno-unused-result -Wsign-compare -Wunreachable-code -fno-common -dynamic -DNDEBUG -g -fwrapv -O3 -Wall -g -I/usr/local/opt/openssl@3/include -I/usr/local/opt/openssl@3/include -arch arm64 -I/Library/Developer/CommandLineTools/SDKs/MacOSX12.1.sdk/usr/include -Isrc/lxml/includes -I/private/var/folders/51/hd414ycd67n82196sw51xqtc0000gn/T/cibw-run-mrohn01x/cp310-macosx_arm64/build/venv/include -I/Library/Frameworks/Python.framework/Versions/3.10/include/python3.10 -c src/lxml/lxml.etree.c -o build/temp.macosx-11.0-arm64-cpython-310/src/lxml/lxml.etree.o -w -flat_namespace
2022-12-27T11:10:17.2441330Z   src/lxml/lxml.etree.c:200603:5: error: expression is not assignable
2022-12-27T11:10:17.2442370Z       ++Py_REFCNT(o);
2022-12-27T11:10:17.2444710Z       ^ ~~~~~~~~~~~~
2022-12-27T11:10:17.2445700Z   src/lxml/lxml.etree.c:200605:5: error: expression is not assignable
2022-12-27T11:10:17.2447580Z       --Py_REFCNT(o);
2022-12-27T11:10:17.2449530Z       ^ ~~~~~~~~~~~~
2022-12-27T11:10:17.2473710Z   src/lxml/lxml.etree.c:201550:5: error: expression is not assignable
2022-12-27T11:10:17.2542780Z       ++Py_REFCNT(o);
2022-12-27T11:10:17.2543380Z       ^ ~~~~~~~~~~~~
2022-12-27T11:10:17.2543720Z   src/lxml/lxml.etree.c:201552:5: error: expression is not assignable
2022-12-27T11:10:17.2544440Z       --Py_REFCNT(o);
2022-12-27T11:10:17.2544940Z       ^ ~~~~~~~~~~~~
2022-12-27T11:10:17.2545410Z   src/lxml/lxml.etree.c:201861:5: error: expression is not assignable
2022-12-27T11:10:17.2545810Z       ++Py_REFCNT(o);
2022-12-27T11:10:17.2546050Z       ^ ~~~~~~~~~~~~
2022-12-27T11:10:17.2546260Z   src/lxml/lxml.etree.c:201863:5: error: expression is not assignable
2022-12-27T11:10:17.2546500Z       --Py_REFCNT(o);
2022-12-27T11:10:17.2546660Z       ^ ~~~~~~~~~~~~
2022-12-27T11:10:17.2565750Z   src/lxml/lxml.etree.c:203423:5: error: expression is not assignable
2022-12-27T11:10:17.2567010Z       ++Py_REFCNT(o);
2022-12-27T11:10:17.2568530Z       ^ ~~~~~~~~~~~~
2022-12-27T11:10:17.2569900Z   src/lxml/lxml.etree.c:203425:5: error: expression is not assignable
2022-12-27T11:10:17.2571210Z       --Py_REFCNT(o);
2022-12-27T11:10:17.2572390Z       ^ ~~~~~~~~~~~~
2022-12-27T11:10:17.2700000Z   src/lxml/lxml.etree.c:207313:5: error: expression is not assignable
2022-12-27T11:10:17.2701970Z       ++Py_REFCNT(o);
2022-12-27T11:10:17.2703060Z       ^ ~~~~~~~~~~~~
2022-12-27T11:10:17.2704830Z   src/lxml/lxml.etree.c:207315:5: error: expression is not assignable
2022-12-27T11:10:17.2706340Z       --Py_REFCNT(o);
2022-12-27T11:10:17.2707880Z       ^ ~~~~~~~~~~~~
2022-12-27T11:10:17.2716980Z   src/lxml/lxml.etree.c:207671:5: error: expression is not assignable
2022-12-27T11:10:17.2718290Z       ++Py_REFCNT(o);
2022-12-27T11:10:17.2719360Z       ^ ~~~~~~~~~~~~
2022-12-27T11:10:17.2720770Z   src/lxml/lxml.etree.c:207673:5: error: expression is not assignable
2022-12-27T11:10:17.2722010Z       --Py_REFCNT(o);
2022-12-27T11:10:17.2723140Z       ^ ~~~~~~~~~~~~
2022-12-27T11:10:17.2727560Z   src/lxml/lxml.etree.c:207904:5: error: expression is not assignable
2022-12-27T11:10:17.2728780Z       ++Py_REFCNT(o);
2022-12-27T11:10:17.2729990Z       ^ ~~~~~~~~~~~~
2022-12-27T11:10:17.2731270Z   src/lxml/lxml.etree.c:207906:5: error: expression is not assignable
2022-12-27T11:10:17.2732410Z       --Py_REFCNT(o);
2022-12-27T11:10:17.2733520Z       ^ ~~~~~~~~~~~~
2022-12-27T11:10:17.2734970Z   src/lxml/lxml.etree.c:208016:5: error: expression is not assignable
2022-12-27T11:10:17.2736090Z       ++Py_REFCNT(o);
2022-12-27T11:10:17.2737230Z       ^ ~~~~~~~~~~~~
2022-12-27T11:10:17.2738620Z   src/lxml/lxml.etree.c:208018:5: error: expression is not assignable
2022-12-27T11:10:17.2739760Z       --Py_REFCNT(o);
2022-12-27T11:10:17.2741040Z       ^ ~~~~~~~~~~~~
2022-12-27T11:10:17.2804190Z   src/lxml/lxml.etree.c:209644:5: error: expression is not assignable
2022-12-27T11:10:17.2805910Z       ++Py_REFCNT(o);
2022-12-27T11:10:17.2807540Z       ^ ~~~~~~~~~~~~
2022-12-27T11:10:17.2809120Z   src/lxml/lxml.etree.c:209646:5: error: expression is not assignable
2022-12-27T11:10:17.2810710Z       --Py_REFCNT(o);
2022-12-27T11:10:17.2811920Z       ^ ~~~~~~~~~~~~
2022-12-27T11:10:17.2870360Z   src/lxml/lxml.etree.c:210967:5: error: expression is not assignable
2022-12-27T11:10:17.2871880Z       ++Py_REFCNT(o);
2022-12-27T11:10:17.2873430Z       ^ ~~~~~~~~~~~~
2022-12-27T11:10:17.2875210Z   fatal error: too many errors emitted, stopping now [-ferror-limit=]
2022-12-27T11:10:17.4239360Z   20 errors generated.
2022-12-27T11:10:17.4287430Z   Compile failed: command '/usr/bin/clang' failed with exit code 1
2022-12-27T11:10:17.5039590Z   creating var
2022-12-27T11:10:17.5041260Z   creating var/folders
2022-12-27T11:10:17.5043220Z   creating var/folders/51
2022-12-27T11:10:17.5044260Z   creating var/folders/51/hd414ycd67n82196sw51xqtc0000gn
2022-12-27T11:10:17.5046040Z   creating var/folders/51/hd414ycd67n82196sw51xqtc0000gn/T
2022-12-27T11:10:17.5047810Z   cc -arch arm64 -I/Library/Developer/CommandLineTools/SDKs/MacOSX12.1.sdk/usr/include -I/usr/include/libxml2 -c /var/folders/51/hd414ycd67n82196sw51xqtc0000gn/T/xmlXPathInittwolhfw_.c -o var/folders/51/hd414ycd67n82196sw51xqtc0000gn/T/xmlXPathInittwolhfw_.o
2022-12-27T11:10:17.5491540Z   cc -arch arm64 var/folders/51/hd414ycd67n82196sw51xqtc0000gn/T/xmlXPathInittwolhfw_.o -L/Library/Developer/CommandLineTools/SDKs/MacOSX12.1.sdk/usr/lib -lxml2 -o a.out
2022-12-27T11:10:17.5906210Z   error: command '/usr/bin/clang' failed with exit code 1
2022-12-27T11:10:17.6224950Z   error: subprocess-exited-with-error
2022-12-27T11:10:17.6225370Z   
2022-12-27T11:10:17.6225840Z   Ã— python setup.py bdist_wheel did not run successfully.
2022-12-27T11:10:17.6226300Z   â”‚ exit code: 1
2022-12-27T11:10:17.6226710Z   â•°â”€> See above for output.
2022-12-27T11:10:17.6227000Z   
2022-12-27T11:10:17.6227330Z   note: This error originates from a subprocess, and is likely not a problem with pip.
2022-12-27T11:10:17.6232640Z   full command: /private/var/folders/51/hd414ycd67n82196sw51xqtc0000gn/T/cibw-run-mrohn01x/cp310-macosx_arm64/build/venv/bin/python -u -c '
2022-12-27T11:10:17.6233180Z   exec(compile('"'"''"'"''"'"'
2022-12-27T11:10:17.6233630Z   # This is <pip-setuptools-caller> -- a caller that pip uses to run setup.py
2022-12-27T11:10:17.6234630Z   #
2022-12-27T11:10:17.6235750Z   # - It imports setuptools before invoking setup.py, to enable projects that directly
2022-12-27T11:10:17.6236260Z   #   import from `distutils.core` to work with newer packaging standards.
2022-12-27T11:10:17.6236830Z   # - It provides a clear error message when setuptools is not installed.
2022-12-27T11:10:17.6237430Z   # - It sets `sys.argv[0]` to the underlying `setup.py`, when invoking `setup.py` so
2022-12-27T11:10:17.6238000Z   #   setuptools doesn'"'"'t think the script is `-c`. This avoids the following warning:
2022-12-27T11:10:17.6238570Z   #     manifest_maker: standard file '"'"'-c'"'"' not found".
2022-12-27T11:10:17.6239130Z   # - It generates a shim setup.py, for handling setup.cfg-only projects.
2022-12-27T11:10:17.6239560Z   import os, sys, tokenize
2022-12-27T11:10:17.6239830Z   
2022-12-27T11:10:17.6240050Z   try:
2022-12-27T11:10:17.6240370Z       import setuptools
2022-12-27T11:10:17.6240770Z   except ImportError as error:
2022-12-27T11:10:17.6241060Z       print(
2022-12-27T11:10:17.6241550Z           "ERROR: Can not execute `setup.py` since setuptools is not available in "
2022-12-27T11:10:17.6241970Z           "the build environment.",
2022-12-27T11:10:17.6242390Z           file=sys.stderr,
2022-12-27T11:10:17.6242720Z       )
2022-12-27T11:10:17.6243010Z       sys.exit(1)
2022-12-27T11:10:17.6243280Z   
2022-12-27T11:10:17.6243510Z   __file__ = %r
2022-12-27T11:10:17.6243690Z   sys.argv[0] = __file__
2022-12-27T11:10:17.6243860Z   
2022-12-27T11:10:17.6244070Z   if os.path.exists(__file__):
2022-12-27T11:10:17.6244300Z       filename = __file__
2022-12-27T11:10:17.6244470Z       with tokenize.open(__file__) as f:
2022-12-27T11:10:17.6244720Z           setup_py_code = f.read()
2022-12-27T11:10:17.6244940Z   else:
2022-12-27T11:10:17.6245240Z       filename = "<auto-generated setuptools caller>"
2022-12-27T11:10:17.6245540Z       setup_py_code = "from setuptools import setup; setup()"
2022-12-27T11:10:17.6245770Z   
2022-12-27T11:10:17.6246090Z   Building wheel for lxml (setup.py): finished with status 'error'
2022-12-27T11:10:17.6246380Z   exec(compile(setup_py_code, filename, "exec"))
2022-12-27T11:10:17.6247080Z   '"'"''"'"''"'"' % ('"'"'/Users/runner/actions-runner/_work/python.build/python.build/build_lxml370310/lxml-3.7.0/setup.py'"'"',), "<pip-setuptools-caller>", "exec"))' bdist_wheel -d /private/var/folders/51/hd414ycd67n82196sw51xqtc0000gn/T/pip-wheel-1d8hkqkg
2022-12-27T11:10:17.6248370Z   cwd: /Users/runner/actions-runner/_work/python.build/python.build/build_lxml370310/lxml-3.7.0/
2022-12-27T11:10:17.6248700Z   ERROR: Failed building wheel for lxml
2022-12-27T11:10:17.6248960Z   Running command python setup.py clean
2022-12-27T11:10:17.6249190Z   Running setup.py clean for lxml
2022-12-27T11:10:17.7737590Z   Building lxml version 3.7.0.
2022-12-27T11:10:17.7738960Z   Building without Cython.
2022-12-27T11:10:17.7875560Z   Using build configuration of libxslt 1.1.29
2022-12-27T11:10:17.8851250Z   Building against libxml2/libxslt in the following directory: /Library/Developer/CommandLineTools/SDKs/MacOSX12.1.sdk/usr/lib
2022-12-27T11:10:17.9005760Z   running clean
2022-12-27T11:10:17.9029580Z   removing 'build/temp.macosx-11.0-arm64-cpython-310' (and everything under it)
2022-12-27T11:10:17.9034920Z   removing 'build/lib.macosx-11.0-arm64-cpython-310' (and everything under it)
2022-12-27T11:10:17.9080790Z   'build/bdist.macosx-11.0-arm64' does not exist -- can't clean it
2022-12-27T11:10:17.9082720Z   'build/scripts-3.10' does not exist -- can't clean it
2022-12-27T11:10:17.9084370Z   removing 'build'
2022-12-27T11:10:17.9394220Z Failed to build lxml
2022-12-27T11:10:17.9397900Z ERROR: Failed to build one or more wheels
2022-12-27T11:10:17.9406410Z Exception information:
2022-12-27T11:10:17.9406620Z Traceback (most recent call last):
2022-12-27T11:10:17.9413390Z   File "/private/var/folders/51/hd414ycd67n82196sw51xqtc0000gn/T/cibw-run-mrohn01x/cp310-macosx_arm64/build/venv/lib/python3.10/site-packages/pip/_internal/cli/base_command.py", line 160, in exc_logging_wrapper
2022-12-27T11:10:17.9413830Z     status = run_func(*args)
2022-12-27T11:10:17.9414870Z   File "/private/var/folders/51/hd414ycd67n82196sw51xqtc0000gn/T/cibw-run-mrohn01x/cp310-macosx_arm64/build/venv/lib/python3.10/site-packages/pip/_internal/cli/req_command.py", line 247, in wrapper
2022-12-27T11:10:17.9415340Z     return func(self, options, args)
2022-12-27T11:10:17.9415860Z   File "/private/var/folders/51/hd414ycd67n82196sw51xqtc0000gn/T/cibw-run-mrohn01x/cp310-macosx_arm64/build/venv/lib/python3.10/site-packages/pip/_internal/commands/wheel.py", line 201, in run
2022-12-27T11:10:17.9416250Z     raise CommandError("Failed to build one or more wheels")
2022-12-27T11:10:17.9416530Z pip._internal.exceptions.CommandError: Failed to build one or more wheels
2022-12-27T11:10:17.9416970Z Removed build tracker: '/private/var/folders/51/hd414ycd67n82196sw51xqtc0000gn/T/pip-build-tracker-as988pf7'
2022-12-27T11:10:17.9790060Z ##[endgroup]
2022-12-27T11:10:17.9813380Z ##[error]Command ['python', '-m', 'pip', 'wheel', '/Users/runner/actions-runner/_work/python.build/python.build/build_lxml370310/lxml-3.7.0', '--wheel-dir=/private/var/folders/51/hd414ycd67n82196sw51xqtc0000gn/T/cibw-run-mrohn01x/cp310-macosx_arm64/built_wheel', '--no-deps', '-vvv'] failed with code 1. None
2022-12-27T11:10:17.9819140Z 
2022-12-27T11:10:17.9819450Z                                                               [31mâœ• [0m2.42s
2022-12-27T11:10:18.0252570Z ##[error]Process completed with exit code 1.
2022-12-27T11:10:18.0283480Z ##[group]Run rm -rf build_lxml370310 wheelsout
2022-12-27T11:10:18.0283670Z [36;1mrm -rf build_lxml370310 wheelsout[0m
2022-12-27T11:10:18.0298360Z shell: /bin/bash -e {0}
2022-12-27T11:10:18.0298460Z env:
2022-12-27T11:10:18.0298610Z   pythonLocation: /Users/runner/hostedtoolcache/Python/3.10.9/x64
2022-12-27T11:10:18.0298800Z   PKG_CONFIG_PATH: /Users/runner/hostedtoolcache/Python/3.10.9/x64/lib/pkgconfig
2022-12-27T11:10:18.0298980Z   Python_ROOT_DIR: /Users/runner/hostedtoolcache/Python/3.10.9/x64
2022-12-27T11:10:18.0299140Z   Python2_ROOT_DIR: /Users/runner/hostedtoolcache/Python/3.10.9/x64
2022-12-27T11:10:18.0299310Z   Python3_ROOT_DIR: /Users/runner/hostedtoolcache/Python/3.10.9/x64
2022-12-27T11:10:18.0299440Z ##[endgroup]
2022-12-27T11:10:18.0855400Z Cleaning up orphan processes
