2022-12-27T01:58:04.3791590Z Requested labels: self-hosted, macOS, X64
2022-12-27T01:58:04.3791669Z Job defined at: kilnbuild/python.build/.github/workflows/mac_arm_build.yml@refs/heads/main
2022-12-27T01:58:04.3791703Z Waiting for a runner to pick up this job...
2022-12-27T02:55:27.3967864Z Job is about to start running on the runner: kr2 (organization)
2022-12-27T02:55:32.7008770Z Current runner version: '2.300.2'
2022-12-27T02:55:32.7016200Z Runner name: 'kr2'
2022-12-27T02:55:32.7016600Z Runner group name: 'Default'
2022-12-27T02:55:32.7017390Z Machine name: 'kr2'
2022-12-27T02:55:32.7020020Z ##[group]GITHUB_TOKEN Permissions
2022-12-27T02:55:32.7020670Z Actions: write
2022-12-27T02:55:32.7020920Z Checks: write
2022-12-27T02:55:32.7021170Z Contents: write
2022-12-27T02:55:32.7021430Z Deployments: write
2022-12-27T02:55:32.7021690Z Discussions: write
2022-12-27T02:55:32.7021940Z Issues: write
2022-12-27T02:55:32.7022190Z Metadata: read
2022-12-27T02:55:32.7022430Z Packages: write
2022-12-27T02:55:32.7022680Z Pages: write
2022-12-27T02:55:32.7022940Z PullRequests: write
2022-12-27T02:55:32.7023230Z RepositoryProjects: write
2022-12-27T02:55:32.7023520Z SecurityEvents: write
2022-12-27T02:55:32.7023780Z Statuses: write
2022-12-27T02:55:32.7024020Z ##[endgroup]
2022-12-27T02:55:32.7027710Z Secret source: Actions
2022-12-27T02:55:32.7028210Z Prepare workflow directory
2022-12-27T02:55:32.8143290Z Prepare all required actions
2022-12-27T02:55:32.8354180Z Getting action download info
2022-12-27T02:55:33.2932150Z Download action repository 'actions/setup-python@v4' (SHA:5ccb29d8773c3f3f653e1705f474dfaa8a06a912)
2022-12-27T02:55:36.5129500Z Download action repository 'actions/upload-artifact@v3' (SHA:83fd05a356d7e2593de66fc9913b3002723633cb)
2022-12-27T02:55:37.9537980Z ##[group]Run echo '{
2022-12-27T02:55:37.9538350Z [36;1mecho '{[0m
2022-12-27T02:55:37.9538800Z [36;1m  "environment_variables": "GRPC_PYTHON_BUILD_WITH_CYTHON=1 GRPC_BUILD_WITH_BORING_SSL_ASM='' GRPC_PYTHON_BUILD_SYSTEM_OPENSSL=TRUE",[0m
2022-12-27T02:55:37.9539210Z [36;1m  "package_name": "grpcio",[0m
2022-12-27T02:55:37.9539600Z [36;1m  "package_url": "https://files.pythonhosted.org/packages/51/40/18ee2c93e971b50808c4c45240d4ad251c7df619ecf11a2c7cc973e00ea3/grpcio-1.0.1.tar.gz",[0m
2022-12-27T02:55:37.9539940Z [36;1m  "package_version": "1.0.1",[0m
2022-12-27T02:55:37.9540160Z [36;1m  "python_version": "3.9",[0m
2022-12-27T02:55:37.9540370Z [36;1m  "use_ccache": "true"[0m
2022-12-27T02:55:37.9540550Z [36;1m}'[0m
2022-12-27T02:55:37.9566490Z shell: /bin/bash -e {0}
2022-12-27T02:55:37.9566690Z ##[endgroup]
2022-12-27T02:55:37.9932650Z {
2022-12-27T02:55:37.9935270Z   "environment_variables": "GRPC_PYTHON_BUILD_WITH_CYTHON=1 GRPC_BUILD_WITH_BORING_SSL_ASM= GRPC_PYTHON_BUILD_SYSTEM_OPENSSL=TRUE",
2022-12-27T02:55:37.9935790Z   "package_name": "grpcio",
2022-12-27T02:55:37.9936760Z   "package_url": "https://files.pythonhosted.org/packages/51/40/18ee2c93e971b50808c4c45240d4ad251c7df619ecf11a2c7cc973e00ea3/grpcio-1.0.1.tar.gz",
2022-12-27T02:55:37.9937330Z   "package_version": "1.0.1",
2022-12-27T02:55:37.9937610Z   "python_version": "3.9",
2022-12-27T02:55:37.9937940Z   "use_ccache": "true"
2022-12-27T02:55:37.9938240Z }
2022-12-27T02:55:38.0282360Z ##[group]Run actions/setup-python@v4
2022-12-27T02:55:38.0282810Z with:
2022-12-27T02:55:38.0283140Z   python-version: 3.9
2022-12-27T02:55:38.0283420Z   check-latest: false
2022-12-27T02:55:38.0284170Z   token: ***
2022-12-27T02:55:38.0284580Z   update-environment: true
2022-12-27T02:55:38.0284900Z ##[endgroup]
2022-12-27T02:55:38.2455730Z ##[group]Installed versions
2022-12-27T02:55:38.2476600Z Successfully set up CPython (3.9.16)
2022-12-27T02:55:38.2478660Z ##[endgroup]
2022-12-27T02:55:38.2707030Z ##[group]Run if [ "true" == "true" ]
2022-12-27T02:55:38.2707500Z [36;1mif [ "true" == "true" ][0m
2022-12-27T02:55:38.2707820Z [36;1mthen[0m
2022-12-27T02:55:38.2708150Z [36;1m  echo "CCACHE_PATH_PREPEND=/usr/local/opt/ccache/libexec" >> $GITHUB_OUTPUT[0m
2022-12-27T02:55:38.2708730Z [36;1melse[0m
2022-12-27T02:55:38.2709100Z [36;1m  echo "CCACHE_PATH_PREPEND=" >> $GITHUB_OUTPUT[0m
2022-12-27T02:55:38.2709370Z [36;1mfi[0m
2022-12-27T02:55:38.2737110Z shell: /bin/bash -e {0}
2022-12-27T02:55:38.2737570Z env:
2022-12-27T02:55:38.2737950Z   pythonLocation: /Users/runner/hostedtoolcache/Python/3.9.16/x64
2022-12-27T02:55:38.2738350Z   PKG_CONFIG_PATH: /Users/runner/hostedtoolcache/Python/3.9.16/x64/lib/pkgconfig
2022-12-27T02:55:38.2739380Z   Python_ROOT_DIR: /Users/runner/hostedtoolcache/Python/3.9.16/x64
2022-12-27T02:55:38.2739930Z   Python2_ROOT_DIR: /Users/runner/hostedtoolcache/Python/3.9.16/x64
2022-12-27T02:55:38.2740430Z   Python3_ROOT_DIR: /Users/runner/hostedtoolcache/Python/3.9.16/x64
2022-12-27T02:55:38.2740820Z ##[endgroup]
2022-12-27T02:55:38.3030250Z ##[group]Run echo "BUILD_NAME=$(echo grpcio_1.0.1_3.9 | tr -dc '[:alnum:]\n\r' | tr '[:upper:]' '[:lower:]')" >> $GITHUB_OUTPUT
2022-12-27T02:55:38.3030780Z [36;1mecho "BUILD_NAME=$(echo grpcio_1.0.1_3.9 | tr -dc '[:alnum:]\n\r' | tr '[:upper:]' '[:lower:]')" >> $GITHUB_OUTPUT[0m
2022-12-27T02:55:38.3056490Z shell: /bin/bash -e {0}
2022-12-27T02:55:38.3056810Z env:
2022-12-27T02:55:38.3057100Z   pythonLocation: /Users/runner/hostedtoolcache/Python/3.9.16/x64
2022-12-27T02:55:38.3057430Z   PKG_CONFIG_PATH: /Users/runner/hostedtoolcache/Python/3.9.16/x64/lib/pkgconfig
2022-12-27T02:55:38.3057740Z   Python_ROOT_DIR: /Users/runner/hostedtoolcache/Python/3.9.16/x64
2022-12-27T02:55:38.3058130Z   Python2_ROOT_DIR: /Users/runner/hostedtoolcache/Python/3.9.16/x64
2022-12-27T02:55:38.3058570Z   Python3_ROOT_DIR: /Users/runner/hostedtoolcache/Python/3.9.16/x64
2022-12-27T02:55:38.3058850Z ##[endgroup]
2022-12-27T02:55:38.3285850Z ##[group]Run echo "PYTHON_NO_DOTS=$(echo 3.9 | tr -dc '[:alnum:]\n\r' | tr '[:upper:]' '[:lower:]')" >> $GITHUB_OUTPUT
2022-12-27T02:55:38.3286480Z [36;1mecho "PYTHON_NO_DOTS=$(echo 3.9 | tr -dc '[:alnum:]\n\r' | tr '[:upper:]' '[:lower:]')" >> $GITHUB_OUTPUT[0m
2022-12-27T02:55:38.3314080Z shell: /bin/bash -e {0}
2022-12-27T02:55:38.3314410Z env:
2022-12-27T02:55:38.3314730Z   pythonLocation: /Users/runner/hostedtoolcache/Python/3.9.16/x64
2022-12-27T02:55:38.3315210Z   PKG_CONFIG_PATH: /Users/runner/hostedtoolcache/Python/3.9.16/x64/lib/pkgconfig
2022-12-27T02:55:38.3315780Z   Python_ROOT_DIR: /Users/runner/hostedtoolcache/Python/3.9.16/x64
2022-12-27T02:55:38.3316240Z   Python2_ROOT_DIR: /Users/runner/hostedtoolcache/Python/3.9.16/x64
2022-12-27T02:55:38.3316700Z   Python3_ROOT_DIR: /Users/runner/hostedtoolcache/Python/3.9.16/x64
2022-12-27T02:55:38.3317070Z ##[endgroup]
2022-12-27T02:55:38.3566510Z ##[group]Run rm -rf build_grpcio10139
2022-12-27T02:55:38.3566960Z [36;1mrm -rf build_grpcio10139[0m
2022-12-27T02:55:38.3567250Z [36;1mmkdir build_grpcio10139[0m
2022-12-27T02:55:38.3567610Z [36;1mcd build_grpcio10139[0m
2022-12-27T02:55:38.3568210Z [36;1m/usr/local/bin/wget --quiet https://files.pythonhosted.org/packages/51/40/18ee2c93e971b50808c4c45240d4ad251c7df619ecf11a2c7cc973e00ea3/grpcio-1.0.1.tar.gz[0m
2022-12-27T02:55:38.3568700Z [36;1mtar xf *.tar.gz[0m
2022-12-27T02:55:38.3569020Z [36;1mcd grpcio-*/[0m
2022-12-27T02:55:38.3569380Z [36;1mpython -m pip install cibuildwheel==2.11.3[0m
2022-12-27T02:55:38.3569720Z [36;1mpython -m cibuildwheel --output-dir ../wheelsout[0m
2022-12-27T02:55:38.3595910Z shell: /bin/bash -e {0}
2022-12-27T02:55:38.3596230Z env:
2022-12-27T02:55:38.3596650Z   pythonLocation: /Users/runner/hostedtoolcache/Python/3.9.16/x64
2022-12-27T02:55:38.3597240Z   PKG_CONFIG_PATH: /Users/runner/hostedtoolcache/Python/3.9.16/x64/lib/pkgconfig
2022-12-27T02:55:38.3598430Z   Python_ROOT_DIR: /Users/runner/hostedtoolcache/Python/3.9.16/x64
2022-12-27T02:55:38.3598820Z   Python2_ROOT_DIR: /Users/runner/hostedtoolcache/Python/3.9.16/x64
2022-12-27T02:55:38.3599240Z   Python3_ROOT_DIR: /Users/runner/hostedtoolcache/Python/3.9.16/x64
2022-12-27T02:55:38.3599670Z   CIBW_ARCHS_MACOS: arm64
2022-12-27T02:55:38.3599930Z   CIBW_TEST_SKIP: *_arm64
2022-12-27T02:55:38.3600250Z   CIBW_BUILD: cp39-macosx_arm64
2022-12-27T02:55:38.3600590Z   CIBW_BUILD_FRONTEND: pip
2022-12-27T02:55:38.3600850Z   CIBW_BUILD_VERBOSITY: 3
2022-12-27T02:55:38.3601590Z   CIBW_ENVIRONMENT_MACOS: GRPC_PYTHON_BUILD_WITH_CYTHON=1 GRPC_BUILD_WITH_BORING_SSL_ASM='' GRPC_PYTHON_BUILD_SYSTEM_OPENSSL=TRUE CFLAGS="-I/usr/local/opt/openssl@3/include" LDFLAGS="-L/usr/local/opt/openssl@3/lib" CPPFLAGS="-I/usr/local/opt/openssl@3/include" MAKEFLAGS="-j$(sysctl -n hw.logicalcpu)" PATH=/usr/local/opt/ccache/libexec:$PATH
2022-12-27T02:55:38.3602690Z   CIBW_BEFORE_BUILD: pip install Cython; if [[ -f requirements.txt ]]; then pip install -r requirements.txt; fi
2022-12-27T02:55:38.3603350Z   MAKEFLAGS: -j$(sysctl -n hw.logicalcpu)
2022-12-27T02:55:38.3603670Z ##[endgroup]
2022-12-27T02:55:39.6554130Z Requirement already satisfied: cibuildwheel==2.11.3 in /Users/runner/hostedtoolcache/Python/3.9.16/x64/lib/python3.9/site-packages (2.11.3)
2022-12-27T02:55:39.7003530Z Requirement already satisfied: certifi in /Users/runner/hostedtoolcache/Python/3.9.16/x64/lib/python3.9/site-packages (from cibuildwheel==2.11.3) (2022.12.7)
2022-12-27T02:55:39.7009340Z Requirement already satisfied: filelock in /Users/runner/hostedtoolcache/Python/3.9.16/x64/lib/python3.9/site-packages (from cibuildwheel==2.11.3) (3.8.2)
2022-12-27T02:55:39.7013070Z Requirement already satisfied: platformdirs in /Users/runner/hostedtoolcache/Python/3.9.16/x64/lib/python3.9/site-packages (from cibuildwheel==2.11.3) (2.6.0)
2022-12-27T02:55:39.7023340Z Requirement already satisfied: tomli in /Users/runner/hostedtoolcache/Python/3.9.16/x64/lib/python3.9/site-packages (from cibuildwheel==2.11.3) (2.0.1)
2022-12-27T02:55:39.7037500Z Requirement already satisfied: typing-extensions>=4.1.0 in /Users/runner/hostedtoolcache/Python/3.9.16/x64/lib/python3.9/site-packages (from cibuildwheel==2.11.3) (4.4.0)
2022-12-27T02:55:39.7044930Z Requirement already satisfied: bashlex!=0.13 in /Users/runner/hostedtoolcache/Python/3.9.16/x64/lib/python3.9/site-packages (from cibuildwheel==2.11.3) (0.16)
2022-12-27T02:55:39.7052470Z Requirement already satisfied: packaging>=20.9 in /Users/runner/hostedtoolcache/Python/3.9.16/x64/lib/python3.9/site-packages (from cibuildwheel==2.11.3) (22.0)
2022-12-27T02:55:39.7057740Z Requirement already satisfied: bracex in /Users/runner/hostedtoolcache/Python/3.9.16/x64/lib/python3.9/site-packages (from cibuildwheel==2.11.3) (2.3.post1)
2022-12-27T02:55:40.0103080Z 
2022-12-27T02:55:40.0105310Z      _ _       _ _   _       _           _
2022-12-27T02:55:40.0106300Z  ___|_| |_ _ _|_| |_| |_ _ _| |_ ___ ___| |
2022-12-27T02:55:40.0110180Z |  _| | . | | | | | . | | | |   | -_| -_| |
2022-12-27T02:55:40.0111220Z |___|_|___|___|_|_|___|_____|_|_|___|___|_|
2022-12-27T02:55:40.0111700Z 
2022-12-27T02:55:40.0112010Z cibuildwheel version 2.11.3
2022-12-27T02:55:40.0112670Z 
2022-12-27T02:55:40.0112960Z Build options:
2022-12-27T02:55:40.0113450Z   platform: macos
2022-12-27T02:55:40.0312690Z   architectures: arm64[0m
2022-12-27T02:55:40.0313510Z   build_selector: 
2022-12-27T02:55:40.0314680Z     build_config: cp39-macosx_arm64
2022-12-27T02:55:40.0315390Z     skip_config: 
2022-12-27T02:55:40.0316360Z     requires_python: None
2022-12-27T02:55:40.0316920Z     prerelease_pythons: False[0m
2022-12-27T02:55:40.0318090Z   [38;5;244mcontainer_engine: docker[0m
2022-12-27T02:55:40.0318710Z   output_dir: /Users/runner/actions-runner/_work/python.build/python.build/build_grpcio10139/wheelsout[0m
2022-12-27T02:55:40.0319530Z   package_dir: /Users/runner/actions-runner/_work/python.build/python.build/build_grpcio10139/grpcio-1.0.1[0m
2022-12-27T02:55:40.0319920Z   test_selector: 
2022-12-27T02:55:40.0320470Z     skip_config: *_arm64[0m
2022-12-27T02:55:40.0322160Z   [38;5;244mbefore_all: [0m
2022-12-27T02:55:40.0322750Z   before_build: pip install Cython; if [[ -f requirements.txt ]]; then pip install -r requirements.txt; fi[0m
2022-12-27T02:55:40.0323360Z   [38;5;244mbefore_test: [0m
2022-12-27T02:55:40.0323900Z   [38;5;244mbuild_frontend: pip[0m
2022-12-27T02:55:40.0324990Z   build_verbosity: 3[0m
2022-12-27T02:55:40.0325500Z   [38;5;244mconfig_settings: [0m
2022-12-27T02:55:40.0326220Z   [38;5;244mdependency_constraints: pinned[0m
2022-12-27T02:55:40.0326710Z   environment: 
2022-12-27T02:55:40.0327650Z     GRPC_PYTHON_BUILD_WITH_CYTHON=1
2022-12-27T02:55:40.0328610Z     GRPC_BUILD_WITH_BORING_SSL_ASM=''
2022-12-27T02:55:40.0329110Z     GRPC_PYTHON_BUILD_SYSTEM_OPENSSL=TRUE
2022-12-27T02:55:40.0330130Z     CFLAGS="-I/usr/local/opt/openssl@3/include"
2022-12-27T02:55:40.0330600Z     LDFLAGS="-L/usr/local/opt/openssl@3/lib"
2022-12-27T02:55:40.0331080Z     CPPFLAGS="-I/usr/local/opt/openssl@3/include"
2022-12-27T02:55:40.0331650Z     MAKEFLAGS="-j$(sysctl -n hw.logicalcpu)"
2022-12-27T02:55:40.0332130Z     PATH=/usr/local/opt/ccache/libexec:$PATH[0m
2022-12-27T02:55:40.0332580Z   [38;5;244mmanylinux_images: None[0m
2022-12-27T02:55:40.0332940Z   [38;5;244mmusllinux_images: None[0m
2022-12-27T02:55:40.0333530Z   [38;5;244mrepair_command: delocate-wheel --require-archs {delocate_archs} -w {dest_dir} -v {wheel}[0m
2022-12-27T02:55:40.0334160Z   [38;5;244mtest_command: [0m
2022-12-27T02:55:40.0334570Z   [38;5;244mtest_extras: [0m
2022-12-27T02:55:40.0334920Z   [38;5;244mtest_requires: [0m
2022-12-27T02:55:40.0335120Z 
2022-12-27T02:55:40.0335320Z Cache folder: /Users/runner/Library/Caches/cibuildwheel
2022-12-27T02:55:40.0359520Z 
2022-12-27T02:55:40.0362080Z Here we go!
2022-12-27T02:55:40.0362520Z 
2022-12-27T02:55:40.0467060Z 
2022-12-27T02:55:40.0468660Z [1m[34mBuilding cp39-macosx_arm64 wheel[0m
2022-12-27T02:55:40.0469720Z CPython 3.9 macOS arm64 - Apple Silicon
2022-12-27T02:55:40.0470270Z 
2022-12-27T02:55:40.0472060Z ##[group]Installing Python cp39...
2022-12-27T02:55:40.0472510Z 
2022-12-27T02:55:40.0472960Z + pkgutil --pkgs
2022-12-27T02:55:40.0676550Z ##[endgroup]
2022-12-27T02:55:40.0678600Z                                                               [32mâœ“ [0m0.02s
2022-12-27T02:55:40.0679550Z ##[group]Setting up build environment...
2022-12-27T02:55:40.0679720Z 
2022-12-27T02:55:40.0711300Z + /Users/runner/hostedtoolcache/Python/3.9.16/x64/bin/python -sS /Users/runner/Library/Caches/cibuildwheel/virtualenv-20.17.0.pyz --activators= --no-periodic-update --pip=22.3.1 --setuptools=65.6.3 --wheel=0.38.4 --symlink-app-data --python /Library/Frameworks/Python.framework/Versions/3.9/bin/python3 /private/var/folders/51/hd414ycd67n82196sw51xqtc0000gn/T/cibw-run-mrsz5j_c/cp39-macosx_arm64/build/venv
2022-12-27T02:55:40.3662350Z created virtual environment CPython3.9.13.final.0-64 in 79ms
2022-12-27T02:55:40.3663590Z   creator CPython3Posix(dest=/private/var/folders/51/hd414ycd67n82196sw51xqtc0000gn/T/cibw-run-mrsz5j_c/cp39-macosx_arm64/build/venv, clear=False, no_vcs_ignore=False, global=False)
2022-12-27T02:55:40.3664340Z   seeder FromAppData(download=False, pip=22.3.1, setuptools=65.6.3, wheel=0.38.4, via=symlink, app_data_dir=/Users/runner/Library/Application Support/virtualenv)
2022-12-27T02:55:40.3664830Z     added seed packages: pip==22.3.1, setuptools==65.6.3, wheel==0.38.4
2022-12-27T02:55:40.3860750Z + python -m pip install --upgrade pip -c /Users/runner/hostedtoolcache/Python/3.9.16/x64/lib/python3.9/site-packages/cibuildwheel/resources/constraints-python39.txt
2022-12-27T02:55:40.8951450Z Requirement already satisfied: pip in ./lib/python3.9/site-packages (22.3.1)
2022-12-27T02:55:41.1727340Z + which pip
2022-12-27T02:55:41.1768250Z /private/var/folders/51/hd414ycd67n82196sw51xqtc0000gn/T/cibw-run-mrsz5j_c/cp39-macosx_arm64/build/venv/bin/pip
2022-12-27T02:55:41.1774280Z + pip --version
2022-12-27T02:55:41.5556290Z pip 22.3.1 from /private/var/folders/51/hd414ycd67n82196sw51xqtc0000gn/T/cibw-run-mrsz5j_c/cp39-macosx_arm64/build/venv/lib/python3.9/site-packages/pip (python 3.9)
2022-12-27T02:55:41.6142760Z + which pip
2022-12-27T02:55:41.6217830Z + which python
2022-12-27T02:55:41.6256030Z /private/var/folders/51/hd414ycd67n82196sw51xqtc0000gn/T/cibw-run-mrsz5j_c/cp39-macosx_arm64/build/venv/bin/python
2022-12-27T02:55:41.6261600Z + python --version
2022-12-27T02:55:41.6364070Z Python 3.9.13
2022-12-27T02:55:41.6372350Z + which python
2022-12-27T02:55:41.6488620Z ##[endgroup]
2022-12-27T02:55:41.6490110Z                                                               [32mâœ“ [0m1.58s
2022-12-27T02:55:41.6491450Z ##[group]Installing build tools...
2022-12-27T02:55:41.6491890Z 
2022-12-27T02:55:41.6492950Z + pip install --upgrade setuptools wheel delocate -c /Users/runner/hostedtoolcache/Python/3.9.16/x64/lib/python3.9/site-packages/cibuildwheel/resources/constraints-python39.txt
2022-12-27T02:55:42.1683980Z Requirement already satisfied: setuptools in /private/var/folders/51/hd414ycd67n82196sw51xqtc0000gn/T/cibw-run-mrsz5j_c/cp39-macosx_arm64/build/venv/lib/python3.9/site-packages (65.6.3)
2022-12-27T02:55:42.5844920Z Requirement already satisfied: wheel in /private/var/folders/51/hd414ycd67n82196sw51xqtc0000gn/T/cibw-run-mrsz5j_c/cp39-macosx_arm64/build/venv/lib/python3.9/site-packages (0.38.4)
2022-12-27T02:55:42.6747000Z Collecting delocate
2022-12-27T02:55:42.6797620Z   Using cached delocate-0.10.3-py3-none-any.whl (142 kB)
2022-12-27T02:55:42.7219240Z Collecting typing-extensions
2022-12-27T02:55:42.7264940Z   Using cached typing_extensions-4.4.0-py3-none-any.whl (26 kB)
2022-12-27T02:55:42.7747550Z Collecting packaging>=20.9
2022-12-27T02:55:42.7797430Z   Using cached packaging-21.3-py3-none-any.whl (40 kB)
2022-12-27T02:55:43.0818810Z Collecting pyparsing!=3.0.5,>=2.0.2
2022-12-27T02:55:43.0887350Z   Using cached pyparsing-3.0.9-py3-none-any.whl (98 kB)
2022-12-27T02:55:43.1614760Z Installing collected packages: typing-extensions, pyparsing, packaging, delocate
2022-12-27T02:55:43.4090930Z Successfully installed delocate-0.10.3 packaging-21.3 pyparsing-3.0.9 typing-extensions-4.4.0
2022-12-27T02:55:43.5173510Z ##[endgroup]
2022-12-27T02:55:43.5175720Z                                                               [32mâœ“ [0m1.87s
2022-12-27T02:55:43.5177380Z ##[group]Running before_build...
2022-12-27T02:55:43.5177640Z 
2022-12-27T02:55:43.5194200Z + pip install Cython; if [[ -f requirements.txt ]]; then pip install -r requirements.txt; fi
2022-12-27T02:55:44.8053480Z Collecting Cython
2022-12-27T02:55:44.8142650Z   Using cached Cython-0.29.32-py2.py3-none-any.whl (986 kB)
2022-12-27T02:55:44.8900640Z Installing collected packages: Cython
2022-12-27T02:55:45.7757480Z Successfully installed Cython-0.29.32
2022-12-27T02:55:47.2574070Z Collecting coverage>=4.0
2022-12-27T02:55:47.2639720Z   Using cached coverage-7.0.1-cp39-cp39-macosx_10_9_x86_64.whl (188 kB)
2022-12-27T02:55:47.2708410Z Requirement already satisfied: cython>=0.23 in /private/var/folders/51/hd414ycd67n82196sw51xqtc0000gn/T/cibw-run-mrsz5j_c/cp39-macosx_arm64/build/venv/lib/python3.9/site-packages (from -r requirements.txt (line 3)) (0.29.32)
2022-12-27T02:55:47.2985660Z Collecting enum34>=1.0.4
2022-12-27T02:55:47.3027860Z   Using cached enum34-1.1.10-py3-none-any.whl (11 kB)
2022-12-27T02:55:47.3336720Z Collecting futures>=2.2.0
2022-12-27T02:55:47.3338820Z   Using cached futures-3.0.5-py3-none-any.whl
2022-12-27T02:55:47.9373380Z Collecting protobuf>=3.0.0
2022-12-27T02:55:47.9462730Z   Using cached protobuf-4.21.12-cp37-abi3-macosx_10_9_universal2.whl (486 kB)
2022-12-27T02:55:47.9821220Z Collecting six>=1.10
2022-12-27T02:55:47.9874820Z   Using cached six-1.16.0-py2.py3-none-any.whl (11 kB)
2022-12-27T02:55:47.9932780Z Requirement already satisfied: wheel>=0.29 in /private/var/folders/51/hd414ycd67n82196sw51xqtc0000gn/T/cibw-run-mrsz5j_c/cp39-macosx_arm64/build/venv/lib/python3.9/site-packages (from -r requirements.txt (line 8)) (0.38.4)
2022-12-27T02:55:48.0650300Z Installing collected packages: futures, enum34, six, protobuf, coverage
2022-12-27T02:55:48.5576330Z Successfully installed coverage-7.0.1 enum34-1.1.10 futures-3.0.5 protobuf-4.21.12 six-1.16.0
2022-12-27T02:55:48.6858360Z ##[endgroup]
2022-12-27T02:55:48.6859300Z                                                               [32mâœ“ [0m5.17s
2022-12-27T02:55:48.6860600Z ##[group]Building wheel...
2022-12-27T02:55:48.6860830Z 
2022-12-27T02:55:48.6865940Z + python -m pip wheel /Users/runner/actions-runner/_work/python.build/python.build/build_grpcio10139/grpcio-1.0.1 --wheel-dir=/private/var/folders/51/hd414ycd67n82196sw51xqtc0000gn/T/cibw-run-mrsz5j_c/cp39-macosx_arm64/built_wheel --no-deps -vvv
2022-12-27T02:55:49.1552580Z Created temporary directory: /private/var/folders/51/hd414ycd67n82196sw51xqtc0000gn/T/pip-ephem-wheel-cache-jn7hg3rq
2022-12-27T02:55:49.1561240Z Created temporary directory: /private/var/folders/51/hd414ycd67n82196sw51xqtc0000gn/T/pip-build-tracker-34rp6910
2022-12-27T02:55:49.1563610Z Initialized build tracking at /private/var/folders/51/hd414ycd67n82196sw51xqtc0000gn/T/pip-build-tracker-34rp6910
2022-12-27T02:55:49.1565810Z Created build tracker: /private/var/folders/51/hd414ycd67n82196sw51xqtc0000gn/T/pip-build-tracker-34rp6910
2022-12-27T02:55:49.1568950Z Entered build tracker: /private/var/folders/51/hd414ycd67n82196sw51xqtc0000gn/T/pip-build-tracker-34rp6910
2022-12-27T02:55:49.1575750Z Created temporary directory: /private/var/folders/51/hd414ycd67n82196sw51xqtc0000gn/T/pip-wheel-x1o1xi_v
2022-12-27T02:55:49.1588280Z Created temporary directory: /private/var/folders/51/hd414ycd67n82196sw51xqtc0000gn/T/pip-ephem-wheel-cache-biowb3y4
2022-12-27T02:55:49.1911870Z Processing /Users/runner/actions-runner/_work/python.build/python.build/build_grpcio10139/grpcio-1.0.1
2022-12-27T02:55:49.1919060Z   Added file:///Users/runner/actions-runner/_work/python.build/python.build/build_grpcio10139/grpcio-1.0.1 to build tracker '/private/var/folders/51/hd414ycd67n82196sw51xqtc0000gn/T/pip-build-tracker-34rp6910'
2022-12-27T02:55:49.1925630Z   Running setup.py (path:/Users/runner/actions-runner/_work/python.build/python.build/build_grpcio10139/grpcio-1.0.1/setup.py) egg_info for package from file:///Users/runner/actions-runner/_work/python.build/python.build/build_grpcio10139/grpcio-1.0.1
2022-12-27T02:55:49.1930330Z   Created temporary directory: /private/var/folders/51/hd414ycd67n82196sw51xqtc0000gn/T/pip-pip-egg-info-wlyzf095
2022-12-27T02:55:49.1934300Z   Preparing metadata (setup.py): started
2022-12-27T02:55:49.1937020Z   Running command python setup.py egg_info
2022-12-27T02:55:49.9903330Z   /private/var/folders/51/hd414ycd67n82196sw51xqtc0000gn/T/cibw-run-mrsz5j_c/cp39-macosx_arm64/build/venv/lib/python3.9/site-packages/Cython/Compiler/Main.py:369: FutureWarning: Cython directive 'language_level' not set, using 2 for now (Py2). This will change in a later release! File: /Users/runner/actions-runner/_work/python.build/python.build/build_grpcio10139/grpcio-1.0.1/src/python/grpcio/grpc/_cython/cygrpc.pxd
2022-12-27T02:55:49.9905120Z     tree = Parsing.p_module(s, pxd, full_module_name)
2022-12-27T02:55:50.0951240Z   warning: src/python/grpcio/grpc/_cython/_cygrpc/grpc.pxi:141:13: 'GRPC_ARG_PRIMARY_USER_AGENT_STRING' redeclared
2022-12-27T02:55:51.7755560Z   Compiling src/python/grpcio/grpc/_cython/cygrpc.pyx because it depends on /private/var/folders/51/hd414ycd67n82196sw51xqtc0000gn/T/cibw-run-mrsz5j_c/cp39-macosx_arm64/build/venv/lib/python3.9/site-packages/Cython/Includes/libc/time.pxd.
2022-12-27T02:55:51.7760930Z   [1/1] Cythonizing src/python/grpcio/grpc/_cython/cygrpc.pyx
2022-12-27T02:55:51.8014840Z   /private/var/folders/51/hd414ycd67n82196sw51xqtc0000gn/T/cibw-run-mrsz5j_c/cp39-macosx_arm64/build/venv/lib/python3.9/site-packages/setuptools/installer.py:27: SetuptoolsDeprecationWarning: setuptools.installer is deprecated. Requirements should be satisfied by a PEP 517 installer.
2022-12-27T02:55:51.8017130Z     warnings.warn(
2022-12-27T02:56:12.4671900Z   running egg_info
2022-12-27T02:56:12.4677690Z   creating /private/var/folders/51/hd414ycd67n82196sw51xqtc0000gn/T/pip-pip-egg-info-wlyzf095/grpcio.egg-info
2022-12-27T02:56:12.4857070Z   writing /private/var/folders/51/hd414ycd67n82196sw51xqtc0000gn/T/pip-pip-egg-info-wlyzf095/grpcio.egg-info/PKG-INFO
2022-12-27T02:56:12.4862230Z   writing dependency_links to /private/var/folders/51/hd414ycd67n82196sw51xqtc0000gn/T/pip-pip-egg-info-wlyzf095/grpcio.egg-info/dependency_links.txt
2022-12-27T02:56:12.4864190Z   writing requirements to /private/var/folders/51/hd414ycd67n82196sw51xqtc0000gn/T/pip-pip-egg-info-wlyzf095/grpcio.egg-info/requires.txt
2022-12-27T02:56:12.4866630Z   writing top-level names to /private/var/folders/51/hd414ycd67n82196sw51xqtc0000gn/T/pip-pip-egg-info-wlyzf095/grpcio.egg-info/top_level.txt
2022-12-27T02:56:12.4869580Z   writing manifest file '/private/var/folders/51/hd414ycd67n82196sw51xqtc0000gn/T/pip-pip-egg-info-wlyzf095/grpcio.egg-info/SOURCES.txt'
2022-12-27T02:56:12.5385480Z   reading manifest file '/private/var/folders/51/hd414ycd67n82196sw51xqtc0000gn/T/pip-pip-egg-info-wlyzf095/grpcio.egg-info/SOURCES.txt'
2022-12-27T02:56:12.5389780Z   reading manifest template 'PYTHON-MANIFEST.in'
2022-12-27T02:56:12.5439120Z   warning: no files found matching '*.h' under directory 'src/python/grpcio/grpc'
2022-12-27T02:56:12.5575850Z   warning: no files found matching '*.python' under directory 'src/python/grpcio/grpc'
2022-12-27T02:56:12.5607260Z   warning: no previously-included files matching '*.so' found under directory 'src/python/grpcio/grpc/_cython'
2022-12-27T02:56:12.5618780Z   warning: no previously-included files matching '*.pyd' found under directory 'src/python/grpcio/grpc/_cython'
2022-12-27T02:56:12.6347610Z   warning: no files found matching 'src/python/grpcio/precompiled.py'
2022-12-27T02:56:12.6823270Z   writing manifest file '/private/var/folders/51/hd414ycd67n82196sw51xqtc0000gn/T/pip-pip-egg-info-wlyzf095/grpcio.egg-info/SOURCES.txt'
2022-12-27T02:56:12.8126270Z   Preparing metadata (setup.py): finished with status 'done'
2022-12-27T02:56:12.8126950Z   Running command python setup.py bdist_wheel
2022-12-27T02:56:12.8128620Z   Source in /Users/runner/actions-runner/_work/python.build/python.build/build_grpcio10139/grpcio-1.0.1 has version 1.0.1, which satisfies requirement grpcio==1.0.1 from file:///Users/runner/actions-runner/_work/python.build/python.build/build_grpcio10139/grpcio-1.0.1
2022-12-27T02:56:12.8133140Z   Removed grpcio==1.0.1 from file:///Users/runner/actions-runner/_work/python.build/python.build/build_grpcio10139/grpcio-1.0.1 from build tracker '/private/var/folders/51/hd414ycd67n82196sw51xqtc0000gn/T/pip-build-tracker-34rp6910'
2022-12-27T02:56:12.8134280Z Created temporary directory: /private/var/folders/51/hd414ycd67n82196sw51xqtc0000gn/T/pip-unpack-31p5aift
2022-12-27T02:56:12.8134810Z Building wheels for collected packages: grpcio
2022-12-27T02:56:12.8136970Z   Created temporary directory: /private/var/folders/51/hd414ycd67n82196sw51xqtc0000gn/T/pip-wheel-2324cnfc
2022-12-27T02:56:12.8139130Z   Building wheel for grpcio (setup.py): started
2022-12-27T02:56:12.8140190Z   Destination directory: /private/var/folders/51/hd414ycd67n82196sw51xqtc0000gn/T/pip-wheel-2324cnfc
2022-12-27T02:56:13.5296930Z   /private/var/folders/51/hd414ycd67n82196sw51xqtc0000gn/T/cibw-run-mrsz5j_c/cp39-macosx_arm64/build/venv/lib/python3.9/site-packages/setuptools/installer.py:27: SetuptoolsDeprecationWarning: setuptools.installer is deprecated. Requirements should be satisfied by a PEP 517 installer.
2022-12-27T02:56:13.5300070Z     warnings.warn(
2022-12-27T02:56:13.9560870Z   running bdist_wheel
2022-12-27T02:56:14.0145800Z   running build
2022-12-27T02:56:14.0149790Z   running build_py
2022-12-27T02:56:14.0155550Z   running build_project_metadata
2022-12-27T02:56:14.0160950Z   creating python_build
2022-12-27T02:56:14.0166320Z   creating python_build/lib.macosx-11.0-arm64-cpython-39
2022-12-27T02:56:14.0171840Z   creating python_build/lib.macosx-11.0-arm64-cpython-39/grpc
2022-12-27T02:56:14.0177470Z   copying src/python/grpcio/grpc/_channel.py -> python_build/lib.macosx-11.0-arm64-cpython-39/grpc
2022-12-27T02:56:14.0182190Z   copying src/python/grpcio/grpc/_common.py -> python_build/lib.macosx-11.0-arm64-cpython-39/grpc
2022-12-27T02:56:14.0187940Z   copying src/python/grpcio/grpc/__init__.py -> python_build/lib.macosx-11.0-arm64-cpython-39/grpc
2022-12-27T02:56:14.0193160Z   copying src/python/grpcio/grpc/_utilities.py -> python_build/lib.macosx-11.0-arm64-cpython-39/grpc
2022-12-27T02:56:14.0198520Z   copying src/python/grpcio/grpc/_plugin_wrapping.py -> python_build/lib.macosx-11.0-arm64-cpython-39/grpc
2022-12-27T02:56:14.0203900Z   copying src/python/grpcio/grpc/_grpcio_metadata.py -> python_build/lib.macosx-11.0-arm64-cpython-39/grpc
2022-12-27T02:56:14.0209250Z   copying src/python/grpcio/grpc/_server.py -> python_build/lib.macosx-11.0-arm64-cpython-39/grpc
2022-12-27T02:56:14.0214600Z   copying src/python/grpcio/grpc/_auth.py -> python_build/lib.macosx-11.0-arm64-cpython-39/grpc
2022-12-27T02:56:14.0220080Z   copying src/python/grpcio/grpc/_credential_composition.py -> python_build/lib.macosx-11.0-arm64-cpython-39/grpc
2022-12-27T02:56:14.0225280Z   creating python_build/lib.macosx-11.0-arm64-cpython-39/grpc/beta
2022-12-27T02:56:14.0229860Z   copying src/python/grpcio/grpc/beta/_server_adaptations.py -> python_build/lib.macosx-11.0-arm64-cpython-39/grpc/beta
2022-12-27T02:56:14.0232210Z   copying src/python/grpcio/grpc/beta/interfaces.py -> python_build/lib.macosx-11.0-arm64-cpython-39/grpc/beta
2022-12-27T02:56:14.0235060Z   copying src/python/grpcio/grpc/beta/_connectivity_channel.py -> python_build/lib.macosx-11.0-arm64-cpython-39/grpc/beta
2022-12-27T02:56:14.0238910Z   copying src/python/grpcio/grpc/beta/__init__.py -> python_build/lib.macosx-11.0-arm64-cpython-39/grpc/beta
2022-12-27T02:56:14.0245150Z   copying src/python/grpcio/grpc/beta/utilities.py -> python_build/lib.macosx-11.0-arm64-cpython-39/grpc/beta
2022-12-27T02:56:14.0249040Z   copying src/python/grpcio/grpc/beta/implementations.py -> python_build/lib.macosx-11.0-arm64-cpython-39/grpc/beta
2022-12-27T02:56:14.0251430Z   copying src/python/grpcio/grpc/beta/_client_adaptations.py -> python_build/lib.macosx-11.0-arm64-cpython-39/grpc/beta
2022-12-27T02:56:14.0254480Z   creating python_build/lib.macosx-11.0-arm64-cpython-39/grpc/framework
2022-12-27T02:56:14.0257040Z   copying src/python/grpcio/grpc/framework/__init__.py -> python_build/lib.macosx-11.0-arm64-cpython-39/grpc/framework
2022-12-27T02:56:14.0260030Z   creating python_build/lib.macosx-11.0-arm64-cpython-39/grpc/_cython
2022-12-27T02:56:14.0262770Z   copying src/python/grpcio/grpc/_cython/__init__.py -> python_build/lib.macosx-11.0-arm64-cpython-39/grpc/_cython
2022-12-27T02:56:14.0269940Z   creating python_build/lib.macosx-11.0-arm64-cpython-39/grpc/framework/foundation
2022-12-27T02:56:14.0272950Z   copying src/python/grpcio/grpc/framework/foundation/callable_util.py -> python_build/lib.macosx-11.0-arm64-cpython-39/grpc/framework/foundation
2022-12-27T02:56:14.0278170Z   copying src/python/grpcio/grpc/framework/foundation/abandonment.py -> python_build/lib.macosx-11.0-arm64-cpython-39/grpc/framework/foundation
2022-12-27T02:56:14.0282310Z   copying src/python/grpcio/grpc/framework/foundation/__init__.py -> python_build/lib.macosx-11.0-arm64-cpython-39/grpc/framework/foundation
2022-12-27T02:56:14.0287770Z   copying src/python/grpcio/grpc/framework/foundation/stream.py -> python_build/lib.macosx-11.0-arm64-cpython-39/grpc/framework/foundation
2022-12-27T02:56:14.0292240Z   copying src/python/grpcio/grpc/framework/foundation/stream_util.py -> python_build/lib.macosx-11.0-arm64-cpython-39/grpc/framework/foundation
2022-12-27T02:56:14.0296180Z   copying src/python/grpcio/grpc/framework/foundation/future.py -> python_build/lib.macosx-11.0-arm64-cpython-39/grpc/framework/foundation
2022-12-27T02:56:14.0301100Z   copying src/python/grpcio/grpc/framework/foundation/logging_pool.py -> python_build/lib.macosx-11.0-arm64-cpython-39/grpc/framework/foundation
2022-12-27T02:56:14.0309520Z   creating python_build/lib.macosx-11.0-arm64-cpython-39/grpc/framework/common
2022-12-27T02:56:14.0312910Z   copying src/python/grpcio/grpc/framework/common/style.py -> python_build/lib.macosx-11.0-arm64-cpython-39/grpc/framework/common
2022-12-27T02:56:14.0320220Z   copying src/python/grpcio/grpc/framework/common/cardinality.py -> python_build/lib.macosx-11.0-arm64-cpython-39/grpc/framework/common
2022-12-27T02:56:14.0323210Z   copying src/python/grpcio/grpc/framework/common/__init__.py -> python_build/lib.macosx-11.0-arm64-cpython-39/grpc/framework/common
2022-12-27T02:56:14.0329340Z   creating python_build/lib.macosx-11.0-arm64-cpython-39/grpc/framework/interfaces
2022-12-27T02:56:14.0332290Z   copying src/python/grpcio/grpc/framework/interfaces/__init__.py -> python_build/lib.macosx-11.0-arm64-cpython-39/grpc/framework/interfaces
2022-12-27T02:56:14.0339170Z   creating python_build/lib.macosx-11.0-arm64-cpython-39/grpc/framework/interfaces/face
2022-12-27T02:56:14.0342400Z   copying src/python/grpcio/grpc/framework/interfaces/face/__init__.py -> python_build/lib.macosx-11.0-arm64-cpython-39/grpc/framework/interfaces/face
2022-12-27T02:56:14.0345740Z   copying src/python/grpcio/grpc/framework/interfaces/face/utilities.py -> python_build/lib.macosx-11.0-arm64-cpython-39/grpc/framework/interfaces/face
2022-12-27T02:56:14.0350730Z   copying src/python/grpcio/grpc/framework/interfaces/face/face.py -> python_build/lib.macosx-11.0-arm64-cpython-39/grpc/framework/interfaces/face
2022-12-27T02:56:14.0360590Z   creating python_build/lib.macosx-11.0-arm64-cpython-39/grpc/framework/interfaces/base
2022-12-27T02:56:14.0363510Z   copying src/python/grpcio/grpc/framework/interfaces/base/__init__.py -> python_build/lib.macosx-11.0-arm64-cpython-39/grpc/framework/interfaces/base
2022-12-27T02:56:14.0367190Z   copying src/python/grpcio/grpc/framework/interfaces/base/utilities.py -> python_build/lib.macosx-11.0-arm64-cpython-39/grpc/framework/interfaces/base
2022-12-27T02:56:14.0373150Z   copying src/python/grpcio/grpc/framework/interfaces/base/base.py -> python_build/lib.macosx-11.0-arm64-cpython-39/grpc/framework/interfaces/base
2022-12-27T02:56:14.0379230Z   creating python_build/lib.macosx-11.0-arm64-cpython-39/grpc/_cython/_cygrpc
2022-12-27T02:56:14.0382170Z   copying src/python/grpcio/grpc/_cython/_cygrpc/__init__.py -> python_build/lib.macosx-11.0-arm64-cpython-39/grpc/_cython/_cygrpc
2022-12-27T02:56:14.0391270Z   creating python_build/lib.macosx-11.0-arm64-cpython-39/grpc/_cython/_credentials
2022-12-27T02:56:14.0393590Z   copying src/python/grpcio/grpc/_cython/_credentials/roots.pem -> python_build/lib.macosx-11.0-arm64-cpython-39/grpc/_cython/_credentials
2022-12-27T02:56:14.0440220Z   running build_ext
2022-12-27T02:56:14.0973070Z   building 'grpc._cython.cygrpc' extension
2022-12-27T02:56:14.1017200Z   creating python_build/temp.macosx-11.0-arm64-cpython-39
2022-12-27T02:56:14.1018790Z   creating python_build/temp.macosx-11.0-arm64-cpython-39/src
2022-12-27T02:56:14.1023780Z   creating python_build/temp.macosx-11.0-arm64-cpython-39/src/boringssl
2022-12-27T02:56:14.1026090Z   creating python_build/temp.macosx-11.0-arm64-cpython-39/src/core
2022-12-27T02:56:14.1028730Z   creating python_build/temp.macosx-11.0-arm64-cpython-39/src/core/ext
2022-12-27T02:56:14.1030470Z   creating python_build/temp.macosx-11.0-arm64-cpython-39/src/core/ext/census
2022-12-27T02:56:14.1032740Z   creating python_build/temp.macosx-11.0-arm64-cpython-39/src/core/ext/census/gen
2022-12-27T02:56:14.1036240Z   creating python_build/temp.macosx-11.0-arm64-cpython-39/src/core/ext/client_config
2022-12-27T02:56:14.1039430Z   creating python_build/temp.macosx-11.0-arm64-cpython-39/src/core/ext/lb_policy
2022-12-27T02:56:14.1041840Z   creating python_build/temp.macosx-11.0-arm64-cpython-39/src/core/ext/lb_policy/grpclb
2022-12-27T02:56:14.1045460Z   creating python_build/temp.macosx-11.0-arm64-cpython-39/src/core/ext/lb_policy/grpclb/proto
2022-12-27T02:56:14.1047330Z   creating python_build/temp.macosx-11.0-arm64-cpython-39/src/core/ext/lb_policy/grpclb/proto/grpc
2022-12-27T02:56:14.1050320Z   creating python_build/temp.macosx-11.0-arm64-cpython-39/src/core/ext/lb_policy/grpclb/proto/grpc/lb
2022-12-27T02:56:14.1052990Z   creating python_build/temp.macosx-11.0-arm64-cpython-39/src/core/ext/lb_policy/grpclb/proto/grpc/lb/v1
2022-12-27T02:56:14.1055780Z   creating python_build/temp.macosx-11.0-arm64-cpython-39/src/core/ext/lb_policy/pick_first
2022-12-27T02:56:14.1058530Z   creating python_build/temp.macosx-11.0-arm64-cpython-39/src/core/ext/lb_policy/round_robin
2022-12-27T02:56:14.1061890Z   creating python_build/temp.macosx-11.0-arm64-cpython-39/src/core/ext/load_reporting
2022-12-27T02:56:14.1064100Z   creating python_build/temp.macosx-11.0-arm64-cpython-39/src/core/ext/resolver
2022-12-27T02:56:14.1067050Z   creating python_build/temp.macosx-11.0-arm64-cpython-39/src/core/ext/resolver/dns
2022-12-27T02:56:14.1069540Z   creating python_build/temp.macosx-11.0-arm64-cpython-39/src/core/ext/resolver/dns/native
2022-12-27T02:56:14.1072610Z   creating python_build/temp.macosx-11.0-arm64-cpython-39/src/core/ext/resolver/sockaddr
2022-12-27T02:56:14.1075260Z   creating python_build/temp.macosx-11.0-arm64-cpython-39/src/core/ext/transport
2022-12-27T02:56:14.1078430Z   creating python_build/temp.macosx-11.0-arm64-cpython-39/src/core/ext/transport/chttp2
2022-12-27T02:56:14.1080850Z   creating python_build/temp.macosx-11.0-arm64-cpython-39/src/core/ext/transport/chttp2/alpn
2022-12-27T02:56:14.1083950Z   creating python_build/temp.macosx-11.0-arm64-cpython-39/src/core/ext/transport/chttp2/client
2022-12-27T02:56:14.1086380Z   creating python_build/temp.macosx-11.0-arm64-cpython-39/src/core/ext/transport/chttp2/client/insecure
2022-12-27T02:56:14.1089220Z   creating python_build/temp.macosx-11.0-arm64-cpython-39/src/core/ext/transport/chttp2/client/secure
2022-12-27T02:56:14.1091930Z   creating python_build/temp.macosx-11.0-arm64-cpython-39/src/core/ext/transport/chttp2/server
2022-12-27T02:56:14.1094620Z   creating python_build/temp.macosx-11.0-arm64-cpython-39/src/core/ext/transport/chttp2/server/insecure
2022-12-27T02:56:14.1097550Z   creating python_build/temp.macosx-11.0-arm64-cpython-39/src/core/ext/transport/chttp2/server/secure
2022-12-27T02:56:14.1100410Z   creating python_build/temp.macosx-11.0-arm64-cpython-39/src/core/ext/transport/chttp2/transport
2022-12-27T02:56:14.1102990Z   creating python_build/temp.macosx-11.0-arm64-cpython-39/src/core/lib
2022-12-27T02:56:14.1105670Z   creating python_build/temp.macosx-11.0-arm64-cpython-39/src/core/lib/channel
2022-12-27T02:56:14.1108770Z   creating python_build/temp.macosx-11.0-arm64-cpython-39/src/core/lib/compression
2022-12-27T02:56:14.1111310Z   creating python_build/temp.macosx-11.0-arm64-cpython-39/src/core/lib/debug
2022-12-27T02:56:14.1114140Z   creating python_build/temp.macosx-11.0-arm64-cpython-39/src/core/lib/http
2022-12-27T02:56:14.1116820Z   creating python_build/temp.macosx-11.0-arm64-cpython-39/src/core/lib/iomgr
2022-12-27T02:56:14.1119760Z   creating python_build/temp.macosx-11.0-arm64-cpython-39/src/core/lib/json
2022-12-27T02:56:14.1122980Z   creating python_build/temp.macosx-11.0-arm64-cpython-39/src/core/lib/profiling
2022-12-27T02:56:14.1125360Z   creating python_build/temp.macosx-11.0-arm64-cpython-39/src/core/lib/security
2022-12-27T02:56:14.1128260Z   creating python_build/temp.macosx-11.0-arm64-cpython-39/src/core/lib/security/context
2022-12-27T02:56:14.1131160Z   creating python_build/temp.macosx-11.0-arm64-cpython-39/src/core/lib/security/credentials
2022-12-27T02:56:14.1134070Z   creating python_build/temp.macosx-11.0-arm64-cpython-39/src/core/lib/security/credentials/composite
2022-12-27T02:56:14.1136800Z   creating python_build/temp.macosx-11.0-arm64-cpython-39/src/core/lib/security/credentials/fake
2022-12-27T02:56:14.1139820Z   creating python_build/temp.macosx-11.0-arm64-cpython-39/src/core/lib/security/credentials/google_default
2022-12-27T02:56:14.1142680Z   creating python_build/temp.macosx-11.0-arm64-cpython-39/src/core/lib/security/credentials/iam
2022-12-27T02:56:14.1145520Z   creating python_build/temp.macosx-11.0-arm64-cpython-39/src/core/lib/security/credentials/jwt
2022-12-27T02:56:14.1148310Z   creating python_build/temp.macosx-11.0-arm64-cpython-39/src/core/lib/security/credentials/oauth2
2022-12-27T02:56:14.1151200Z   creating python_build/temp.macosx-11.0-arm64-cpython-39/src/core/lib/security/credentials/plugin
2022-12-27T02:56:14.1153850Z   creating python_build/temp.macosx-11.0-arm64-cpython-39/src/core/lib/security/credentials/ssl
2022-12-27T02:56:14.1157030Z   creating python_build/temp.macosx-11.0-arm64-cpython-39/src/core/lib/security/transport
2022-12-27T02:56:14.1160240Z   creating python_build/temp.macosx-11.0-arm64-cpython-39/src/core/lib/security/util
2022-12-27T02:56:14.1162550Z   creating python_build/temp.macosx-11.0-arm64-cpython-39/src/core/lib/support
2022-12-27T02:56:14.1170900Z   creating python_build/temp.macosx-11.0-arm64-cpython-39/src/core/lib/surface
2022-12-27T02:56:14.1176910Z   creating python_build/temp.macosx-11.0-arm64-cpython-39/src/core/lib/transport
2022-12-27T02:56:14.1183370Z   creating python_build/temp.macosx-11.0-arm64-cpython-39/src/core/lib/tsi
2022-12-27T02:56:14.1186350Z   creating python_build/temp.macosx-11.0-arm64-cpython-39/src/core/plugin_registry
2022-12-27T02:56:14.1189230Z   creating python_build/temp.macosx-11.0-arm64-cpython-39/src/python
2022-12-27T02:56:14.1192770Z   creating python_build/temp.macosx-11.0-arm64-cpython-39/src/python/grpcio
2022-12-27T02:56:14.1195710Z   creating python_build/temp.macosx-11.0-arm64-cpython-39/src/python/grpcio/grpc
2022-12-27T02:56:14.1199500Z   creating python_build/temp.macosx-11.0-arm64-cpython-39/src/python/grpcio/grpc/_cython
2022-12-27T02:56:14.1202390Z   creating python_build/temp.macosx-11.0-arm64-cpython-39/third_party
2022-12-27T02:56:14.1205800Z   creating python_build/temp.macosx-11.0-arm64-cpython-39/third_party/boringssl
2022-12-27T02:56:14.1208790Z   creating python_build/temp.macosx-11.0-arm64-cpython-39/third_party/boringssl/crypto
2022-12-27T02:56:14.1212150Z   creating python_build/temp.macosx-11.0-arm64-cpython-39/third_party/boringssl/crypto/aes
2022-12-27T02:56:14.1214950Z   creating python_build/temp.macosx-11.0-arm64-cpython-39/third_party/boringssl/crypto/asn1
2022-12-27T02:56:14.1219160Z   creating python_build/temp.macosx-11.0-arm64-cpython-39/third_party/boringssl/crypto/base64
2022-12-27T02:56:14.1221140Z   creating python_build/temp.macosx-11.0-arm64-cpython-39/third_party/boringssl/crypto/bio
2022-12-27T02:56:14.1224010Z   creating python_build/temp.macosx-11.0-arm64-cpython-39/third_party/boringssl/crypto/bn
2022-12-27T02:56:14.1226720Z   creating python_build/temp.macosx-11.0-arm64-cpython-39/third_party/boringssl/crypto/bn/asm
2022-12-27T02:56:14.1229520Z   creating python_build/temp.macosx-11.0-arm64-cpython-39/third_party/boringssl/crypto/buf
2022-12-27T02:56:14.1232510Z   creating python_build/temp.macosx-11.0-arm64-cpython-39/third_party/boringssl/crypto/bytestring
2022-12-27T02:56:14.1235850Z   creating python_build/temp.macosx-11.0-arm64-cpython-39/third_party/boringssl/crypto/chacha
2022-12-27T02:56:14.1239330Z   creating python_build/temp.macosx-11.0-arm64-cpython-39/third_party/boringssl/crypto/cipher
2022-12-27T02:56:14.1241900Z   creating python_build/temp.macosx-11.0-arm64-cpython-39/third_party/boringssl/crypto/cmac
2022-12-27T02:56:14.1244960Z   creating python_build/temp.macosx-11.0-arm64-cpython-39/third_party/boringssl/crypto/conf
2022-12-27T02:56:14.1247890Z   creating python_build/temp.macosx-11.0-arm64-cpython-39/third_party/boringssl/crypto/curve25519
2022-12-27T02:56:14.1250420Z   creating python_build/temp.macosx-11.0-arm64-cpython-39/third_party/boringssl/crypto/des
2022-12-27T02:56:14.1254060Z   creating python_build/temp.macosx-11.0-arm64-cpython-39/third_party/boringssl/crypto/dh
2022-12-27T02:56:14.1256250Z   creating python_build/temp.macosx-11.0-arm64-cpython-39/third_party/boringssl/crypto/digest
2022-12-27T02:56:14.1259210Z   creating python_build/temp.macosx-11.0-arm64-cpython-39/third_party/boringssl/crypto/dsa
2022-12-27T02:56:14.1262460Z   creating python_build/temp.macosx-11.0-arm64-cpython-39/third_party/boringssl/crypto/ec
2022-12-27T02:56:14.1266800Z   creating python_build/temp.macosx-11.0-arm64-cpython-39/third_party/boringssl/crypto/ecdh
2022-12-27T02:56:14.1270030Z   creating python_build/temp.macosx-11.0-arm64-cpython-39/third_party/boringssl/crypto/ecdsa
2022-12-27T02:56:14.1272980Z   creating python_build/temp.macosx-11.0-arm64-cpython-39/third_party/boringssl/crypto/engine
2022-12-27T02:56:14.1275800Z   creating python_build/temp.macosx-11.0-arm64-cpython-39/third_party/boringssl/crypto/err
2022-12-27T02:56:14.1278650Z   creating python_build/temp.macosx-11.0-arm64-cpython-39/third_party/boringssl/crypto/evp
2022-12-27T02:56:14.1281590Z   creating python_build/temp.macosx-11.0-arm64-cpython-39/third_party/boringssl/crypto/hkdf
2022-12-27T02:56:14.1284410Z   creating python_build/temp.macosx-11.0-arm64-cpython-39/third_party/boringssl/crypto/hmac
2022-12-27T02:56:14.1287350Z   creating python_build/temp.macosx-11.0-arm64-cpython-39/third_party/boringssl/crypto/lhash
2022-12-27T02:56:14.1290090Z   creating python_build/temp.macosx-11.0-arm64-cpython-39/third_party/boringssl/crypto/md4
2022-12-27T02:56:14.1292930Z   creating python_build/temp.macosx-11.0-arm64-cpython-39/third_party/boringssl/crypto/md5
2022-12-27T02:56:14.1295580Z   creating python_build/temp.macosx-11.0-arm64-cpython-39/third_party/boringssl/crypto/modes
2022-12-27T02:56:14.1298430Z   creating python_build/temp.macosx-11.0-arm64-cpython-39/third_party/boringssl/crypto/obj
2022-12-27T02:56:14.1301260Z   creating python_build/temp.macosx-11.0-arm64-cpython-39/third_party/boringssl/crypto/pem
2022-12-27T02:56:14.1312190Z   creating python_build/temp.macosx-11.0-arm64-cpython-39/third_party/boringssl/crypto/pkcs8
2022-12-27T02:56:14.1318740Z   creating python_build/temp.macosx-11.0-arm64-cpython-39/third_party/boringssl/crypto/poly1305
2022-12-27T02:56:14.1324570Z   creating python_build/temp.macosx-11.0-arm64-cpython-39/third_party/boringssl/crypto/rand
2022-12-27T02:56:14.1330210Z   creating python_build/temp.macosx-11.0-arm64-cpython-39/third_party/boringssl/crypto/rc4
2022-12-27T02:56:14.1333000Z   creating python_build/temp.macosx-11.0-arm64-cpython-39/third_party/boringssl/crypto/rsa
2022-12-27T02:56:14.1335410Z   creating python_build/temp.macosx-11.0-arm64-cpython-39/third_party/boringssl/crypto/sha
2022-12-27T02:56:14.1338280Z   creating python_build/temp.macosx-11.0-arm64-cpython-39/third_party/boringssl/crypto/stack
2022-12-27T02:56:14.1340710Z   creating python_build/temp.macosx-11.0-arm64-cpython-39/third_party/boringssl/crypto/x509
2022-12-27T02:56:14.1343730Z   creating python_build/temp.macosx-11.0-arm64-cpython-39/third_party/boringssl/crypto/x509v3
2022-12-27T02:56:14.1346260Z   creating python_build/temp.macosx-11.0-arm64-cpython-39/third_party/boringssl/ssl
2022-12-27T02:56:14.1352570Z   creating python_build/temp.macosx-11.0-arm64-cpython-39/third_party/boringssl/ssl/pqueue
2022-12-27T02:56:14.1357910Z   creating python_build/temp.macosx-11.0-arm64-cpython-39/third_party/nanopb
2022-12-27T02:56:14.1361290Z   creating python_build/temp.macosx-11.0-arm64-cpython-39/third_party/zlib
2022-12-27T02:56:14.1367890Z   gcc -Wno-unused-result -Wsign-compare -Wunreachable-code -fno-common -dynamic -DNDEBUG -g -fwrapv -O3 -Wall -g -I/usr/local/opt/openssl@3/include -I/usr/local/opt/openssl@3/include -arch arm64 -DOPENSSL_NO_ASM=1 -D_WIN32_WINNT=1536 -DGPR_BACKWARDS_COMPATIBILITY_MODE=1 "-DPyMODINIT_FUNC=__attribute__((visibility (\"default\"))) PyObject*" -Isrc/python/grpcio -Iinclude -I. -Ithird_party/boringssl/include -Ithird_party/zlib -I/private/var/folders/51/hd414ycd67n82196sw51xqtc0000gn/T/cibw-run-mrsz5j_c/cp39-macosx_arm64/build/venv/include -I/Library/Frameworks/Python.framework/Versions/3.9/include/python3.9 -c src/boringssl/err_data.c -o python_build/temp.macosx-11.0-arm64-cpython-39/src/boringssl/err_data.o -fno-wrapv -fvisibility=hidden -pthread -std=gnu99
2022-12-27T02:56:14.2033820Z   In file included from src/boringssl/err_data.c:18:
2022-12-27T02:56:14.2034890Z   In file included from /usr/local/opt/openssl@3/include/openssl/err.h:16:
2022-12-27T02:56:14.2036370Z   In file included from /usr/local/opt/openssl@3/include/openssl/macros.h:15:
2022-12-27T02:56:14.2040600Z   /usr/local/opt/openssl@3/include/openssl/opensslv.h:99:10: warning: 'OPENSSL_VERSION_NUMBER' macro redefined [-Wmacro-redefined]
2022-12-27T02:56:14.2041660Z   # define OPENSSL_VERSION_NUMBER          \
2022-12-27T02:56:14.2044100Z            ^
2022-12-27T02:56:14.2046950Z   third_party/boringssl/include/openssl/base.h:112:9: note: previous definition is here
2022-12-27T02:56:14.2049540Z   #define OPENSSL_VERSION_NUMBER 0x10002000
2022-12-27T02:56:14.2054600Z           ^
2022-12-27T02:56:14.2059680Z   In file included from src/boringssl/err_data.c:18:
2022-12-27T02:56:14.2062470Z   In file included from /usr/local/opt/openssl@3/include/openssl/err.h:21:
2022-12-27T02:56:14.2065740Z   /usr/local/opt/openssl@3/include/openssl/e_os2.h:183:11: warning: 'OPENSSL_EXPORT' macro redefined [-Wmacro-redefined]
2022-12-27T02:56:14.2067400Z   #  define OPENSSL_EXPORT extern
2022-12-27T02:56:14.2069860Z             ^
2022-12-27T02:56:14.2072400Z   third_party/boringssl/include/openssl/base.h:137:9: note: previous definition is here
2022-12-27T02:56:14.2074790Z   #define OPENSSL_EXPORT
2022-12-27T02:56:14.2077170Z           ^
2022-12-27T02:56:14.2144450Z   In file included from src/boringssl/err_data.c:18:
2022-12-27T02:56:14.2148400Z   In file included from /usr/local/opt/openssl@3/include/openssl/err.h:28:
2022-12-27T02:56:14.2152520Z   /usr/local/opt/openssl@3/include/openssl/types.h:45:31: warning: redefinition of typedef 'ASN1_INTEGER' is a C11 feature [-Wtypedef-redefinition]
2022-12-27T02:56:14.2155640Z   typedef struct asn1_string_st ASN1_INTEGER;
2022-12-27T02:56:14.2157970Z                                 ^
2022-12-27T02:56:14.2161110Z   third_party/boringssl/include/openssl/base.h:164:31: note: previous definition is here
2022-12-27T02:56:14.2163480Z   typedef struct asn1_string_st ASN1_INTEGER;
2022-12-27T02:56:14.2165780Z                                 ^
2022-12-27T02:56:14.2168370Z   In file included from src/boringssl/err_data.c:18:
2022-12-27T02:56:14.2170890Z   In file included from /usr/local/opt/openssl@3/include/openssl/err.h:28:
2022-12-27T02:56:14.2173860Z   /usr/local/opt/openssl@3/include/openssl/types.h:46:31: warning: redefinition of typedef 'ASN1_ENUMERATED' is a C11 feature [-Wtypedef-redefinition]
2022-12-27T02:56:14.2175980Z   typedef struct asn1_string_st ASN1_ENUMERATED;
2022-12-27T02:56:14.2178330Z                                 ^
2022-12-27T02:56:14.2181120Z   third_party/boringssl/include/openssl/base.h:160:31: note: previous definition is here
2022-12-27T02:56:14.2183490Z   typedef struct asn1_string_st ASN1_ENUMERATED;
2022-12-27T02:56:14.2185900Z                                 ^
2022-12-27T02:56:14.2188400Z   In file included from src/boringssl/err_data.c:18:
2022-12-27T02:56:14.2190910Z   In file included from /usr/local/opt/openssl@3/include/openssl/err.h:28:
2022-12-27T02:56:14.2194480Z   /usr/local/opt/openssl@3/include/openssl/types.h:47:31: warning: redefinition of typedef 'ASN1_BIT_STRING' is a C11 feature [-Wtypedef-redefinition]
2022-12-27T02:56:14.2196060Z   typedef struct asn1_string_st ASN1_BIT_STRING;
2022-12-27T02:56:14.2198720Z                                 ^
2022-12-27T02:56:14.2201140Z   third_party/boringssl/include/openssl/base.h:158:31: note: previous definition is here
2022-12-27T02:56:14.2203520Z   typedef struct asn1_string_st ASN1_BIT_STRING;
2022-12-27T02:56:14.2206050Z                                 ^
2022-12-27T02:56:14.2208700Z   In file included from src/boringssl/err_data.c:18:
2022-12-27T02:56:14.2211100Z   In file included from /usr/local/opt/openssl@3/include/openssl/err.h:28:
2022-12-27T02:56:14.2213970Z   /usr/local/opt/openssl@3/include/openssl/types.h:48:31: warning: redefinition of typedef 'ASN1_OCTET_STRING' is a C11 feature [-Wtypedef-redefinition]
2022-12-27T02:56:14.2216350Z   typedef struct asn1_string_st ASN1_OCTET_STRING;
2022-12-27T02:56:14.2218700Z                                 ^
2022-12-27T02:56:14.2221400Z   third_party/boringssl/include/openssl/base.h:165:31: note: previous definition is here
2022-12-27T02:56:14.2223670Z   typedef struct asn1_string_st ASN1_OCTET_STRING;
2022-12-27T02:56:14.2226080Z                                 ^
2022-12-27T02:56:14.2228600Z   In file included from src/boringssl/err_data.c:18:
2022-12-27T02:56:14.2231120Z   In file included from /usr/local/opt/openssl@3/include/openssl/err.h:28:
2022-12-27T02:56:14.2234040Z   /usr/local/opt/openssl@3/include/openssl/types.h:49:31: warning: redefinition of typedef 'ASN1_PRINTABLESTRING' is a C11 feature [-Wtypedef-redefinition]
2022-12-27T02:56:14.2236210Z   typedef struct asn1_string_st ASN1_PRINTABLESTRING;
2022-12-27T02:56:14.2238830Z                                 ^
2022-12-27T02:56:14.2241470Z   third_party/boringssl/include/openssl/base.h:166:31: note: previous definition is here
2022-12-27T02:56:14.2243990Z   typedef struct asn1_string_st ASN1_PRINTABLESTRING;
2022-12-27T02:56:14.2246420Z                                 ^
2022-12-27T02:56:14.2248910Z   In file included from src/boringssl/err_data.c:18:
2022-12-27T02:56:14.2251480Z   In file included from /usr/local/opt/openssl@3/include/openssl/err.h:28:
2022-12-27T02:56:14.2254310Z   /usr/local/opt/openssl@3/include/openssl/types.h:50:31: warning: redefinition of typedef 'ASN1_T61STRING' is a C11 feature [-Wtypedef-redefinition]
2022-12-27T02:56:14.2256530Z   typedef struct asn1_string_st ASN1_T61STRING;
2022-12-27T02:56:14.2258900Z                                 ^
2022-12-27T02:56:14.2261660Z   third_party/boringssl/include/openssl/base.h:168:31: note: previous definition is here
2022-12-27T02:56:14.2264020Z   typedef struct asn1_string_st ASN1_T61STRING;
2022-12-27T02:56:14.2266460Z                                 ^
2022-12-27T02:56:14.2268960Z   In file included from src/boringssl/err_data.c:18:
2022-12-27T02:56:14.2271780Z   In file included from /usr/local/opt/openssl@3/include/openssl/err.h:28:
2022-12-27T02:56:14.2274380Z   /usr/local/opt/openssl@3/include/openssl/types.h:51:31: warning: redefinition of typedef 'ASN1_IA5STRING' is a C11 feature [-Wtypedef-redefinition]
2022-12-27T02:56:14.2276790Z   typedef struct asn1_string_st ASN1_IA5STRING;
2022-12-27T02:56:14.2279410Z                                 ^
2022-12-27T02:56:14.2282180Z   third_party/boringssl/include/openssl/base.h:163:31: note: previous definition is here
2022-12-27T02:56:14.2284740Z   typedef struct asn1_string_st ASN1_IA5STRING;
2022-12-27T02:56:14.2287510Z                                 ^
2022-12-27T02:56:14.2290550Z   In file included from src/boringssl/err_data.c:18:
2022-12-27T02:56:14.2293510Z   In file included from /usr/local/opt/openssl@3/include/openssl/err.h:28:
2022-12-27T02:56:14.2296570Z   /usr/local/opt/openssl@3/include/openssl/types.h:52:31: warning: redefinition of typedef 'ASN1_GENERALSTRING' is a C11 feature [-Wtypedef-redefinition]
2022-12-27T02:56:14.2297990Z   typedef struct asn1_string_st ASN1_GENERALSTRING;
2022-12-27T02:56:14.2300590Z                                 ^
2022-12-27T02:56:14.2303260Z   third_party/boringssl/include/openssl/base.h:162:31: note: previous definition is here
2022-12-27T02:56:14.2305580Z   typedef struct asn1_string_st ASN1_GENERALSTRING;
2022-12-27T02:56:14.2308170Z                                 ^
2022-12-27T02:56:14.2310550Z   In file included from src/boringssl/err_data.c:18:
2022-12-27T02:56:14.2313300Z   In file included from /usr/local/opt/openssl@3/include/openssl/err.h:28:
2022-12-27T02:56:14.2316390Z   /usr/local/opt/openssl@3/include/openssl/types.h:53:31: warning: redefinition of typedef 'ASN1_UNIVERSALSTRING' is a C11 feature [-Wtypedef-redefinition]
2022-12-27T02:56:14.2318150Z   typedef struct asn1_string_st ASN1_UNIVERSALSTRING;
2022-12-27T02:56:14.2320900Z                                 ^
2022-12-27T02:56:14.2323650Z   third_party/boringssl/include/openssl/base.h:170:31: note: previous definition is here
2022-12-27T02:56:14.2326160Z   typedef struct asn1_string_st ASN1_UNIVERSALSTRING;
2022-12-27T02:56:14.2328570Z                                 ^
2022-12-27T02:56:14.2331170Z   In file included from src/boringssl/err_data.c:18:
2022-12-27T02:56:14.2333700Z   In file included from /usr/local/opt/openssl@3/include/openssl/err.h:28:
2022-12-27T02:56:14.2336690Z   /usr/local/opt/openssl@3/include/openssl/types.h:54:31: warning: redefinition of typedef 'ASN1_BMPSTRING' is a C11 feature [-Wtypedef-redefinition]
2022-12-27T02:56:14.2339190Z   typedef struct asn1_string_st ASN1_BMPSTRING;
2022-12-27T02:56:14.2341640Z                                 ^
2022-12-27T02:56:14.2344270Z   third_party/boringssl/include/openssl/base.h:159:31: note: previous definition is here
2022-12-27T02:56:14.2346800Z   typedef struct asn1_string_st ASN1_BMPSTRING;
2022-12-27T02:56:14.2349200Z                                 ^
2022-12-27T02:56:14.2351830Z   In file included from src/boringssl/err_data.c:18:
2022-12-27T02:56:14.2354340Z   In file included from /usr/local/opt/openssl@3/include/openssl/err.h:28:
2022-12-27T02:56:14.2357280Z   /usr/local/opt/openssl@3/include/openssl/types.h:55:31: warning: redefinition of typedef 'ASN1_UTCTIME' is a C11 feature [-Wtypedef-redefinition]
2022-12-27T02:56:14.2359600Z   typedef struct asn1_string_st ASN1_UTCTIME;
2022-12-27T02:56:14.2362060Z                                 ^
2022-12-27T02:56:14.2364700Z   third_party/boringssl/include/openssl/base.h:171:31: note: previous definition is here
2022-12-27T02:56:14.2367200Z   typedef struct asn1_string_st ASN1_UTCTIME;
2022-12-27T02:56:14.2369620Z                                 ^
2022-12-27T02:56:14.2372220Z   In file included from src/boringssl/err_data.c:18:
2022-12-27T02:56:14.2374750Z   In file included from /usr/local/opt/openssl@3/include/openssl/err.h:28:
2022-12-27T02:56:14.2377700Z   /usr/local/opt/openssl@3/include/openssl/types.h:56:31: warning: redefinition of typedef 'ASN1_TIME' is a C11 feature [-Wtypedef-redefinition]
2022-12-27T02:56:14.2380020Z   typedef struct asn1_string_st ASN1_TIME;
2022-12-27T02:56:14.2382510Z                                 ^
2022-12-27T02:56:14.2385230Z   third_party/boringssl/include/openssl/base.h:169:31: note: previous definition is here
2022-12-27T02:56:14.2387890Z   typedef struct asn1_string_st ASN1_TIME;
2022-12-27T02:56:14.2390370Z                                 ^
2022-12-27T02:56:14.2393290Z   In file included from src/boringssl/err_data.c:18:
2022-12-27T02:56:14.2395630Z   In file included from /usr/local/opt/openssl@3/include/openssl/err.h:28:
2022-12-27T02:56:14.2398730Z   /usr/local/opt/openssl@3/include/openssl/types.h:57:31: warning: redefinition of typedef 'ASN1_GENERALIZEDTIME' is a C11 feature [-Wtypedef-redefinition]
2022-12-27T02:56:14.2400700Z   typedef struct asn1_string_st ASN1_GENERALIZEDTIME;
2022-12-27T02:56:14.2403210Z                                 ^
2022-12-27T02:56:14.2405980Z   third_party/boringssl/include/openssl/base.h:161:31: note: previous definition is here
2022-12-27T02:56:14.2408450Z   typedef struct asn1_string_st ASN1_GENERALIZEDTIME;
2022-12-27T02:56:14.2411290Z                                 ^
2022-12-27T02:56:14.2413450Z   In file included from src/boringssl/err_data.c:18:
2022-12-27T02:56:14.2416010Z   In file included from /usr/local/opt/openssl@3/include/openssl/err.h:28:
2022-12-27T02:56:14.2419120Z   /usr/local/opt/openssl@3/include/openssl/types.h:58:31: warning: redefinition of typedef 'ASN1_VISIBLESTRING' is a C11 feature [-Wtypedef-redefinition]
2022-12-27T02:56:14.2421340Z   typedef struct asn1_string_st ASN1_VISIBLESTRING;
2022-12-27T02:56:14.2423700Z                                 ^
2022-12-27T02:56:14.2426370Z   third_party/boringssl/include/openssl/base.h:173:31: note: previous definition is here
2022-12-27T02:56:14.2429490Z   typedef struct asn1_string_st ASN1_VISIBLESTRING;
2022-12-27T02:56:14.2431250Z                                 ^
2022-12-27T02:56:14.2433940Z   In file included from src/boringssl/err_data.c:18:
2022-12-27T02:56:14.2436890Z   In file included from /usr/local/opt/openssl@3/include/openssl/err.h:28:
2022-12-27T02:56:14.2440160Z   /usr/local/opt/openssl@3/include/openssl/types.h:59:31: warning: redefinition of typedef 'ASN1_UTF8STRING' is a C11 feature [-Wtypedef-redefinition]
2022-12-27T02:56:14.2441980Z   typedef struct asn1_string_st ASN1_UTF8STRING;
2022-12-27T02:56:14.2444500Z                                 ^
2022-12-27T02:56:14.2447340Z   third_party/boringssl/include/openssl/base.h:172:31: note: previous definition is here
2022-12-27T02:56:14.2449570Z   typedef struct asn1_string_st ASN1_UTF8STRING;
2022-12-27T02:56:14.2452160Z                                 ^
2022-12-27T02:56:14.2454670Z   In file included from src/boringssl/err_data.c:18:
2022-12-27T02:56:14.2457220Z   In file included from /usr/local/opt/openssl@3/include/openssl/err.h:28:
2022-12-27T02:56:14.2460200Z   /usr/local/opt/openssl@3/include/openssl/types.h:60:31: warning: redefinition of typedef 'ASN1_STRING' is a C11 feature [-Wtypedef-redefinition]
2022-12-27T02:56:14.2462300Z   typedef struct asn1_string_st ASN1_STRING;
2022-12-27T02:56:14.2464790Z                                 ^
2022-12-27T02:56:14.2467410Z   third_party/boringssl/include/openssl/base.h:167:31: note: previous definition is here
2022-12-27T02:56:14.2469760Z   typedef struct asn1_string_st ASN1_STRING;
2022-12-27T02:56:14.2472230Z                                 ^
2022-12-27T02:56:14.2474870Z   In file included from src/boringssl/err_data.c:18:
2022-12-27T02:56:14.2477420Z   In file included from /usr/local/opt/openssl@3/include/openssl/err.h:28:
2022-12-27T02:56:14.2480750Z   /usr/local/opt/openssl@3/include/openssl/types.h:61:13: warning: redefinition of typedef 'ASN1_BOOLEAN' is a C11 feature [-Wtypedef-redefinition]
2022-12-27T02:56:14.2482650Z   typedef int ASN1_BOOLEAN;
2022-12-27T02:56:14.2485150Z               ^
2022-12-27T02:56:14.2487750Z   third_party/boringssl/include/openssl/base.h:153:13: note: previous definition is here
2022-12-27T02:56:14.2490140Z   typedef int ASN1_BOOLEAN;
2022-12-27T02:56:14.2492540Z               ^
2022-12-27T02:56:14.2495200Z   In file included from src/boringssl/err_data.c:18:
2022-12-27T02:56:14.2497650Z   In file included from /usr/local/opt/openssl@3/include/openssl/err.h:28:
2022-12-27T02:56:14.2500770Z   /usr/local/opt/openssl@3/include/openssl/types.h:62:13: warning: redefinition of typedef 'ASN1_NULL' is a C11 feature [-Wtypedef-redefinition]
2022-12-27T02:56:14.2502870Z   typedef int ASN1_NULL;
2022-12-27T02:56:14.2505300Z               ^
2022-12-27T02:56:14.2507930Z   third_party/boringssl/include/openssl/base.h:154:13: note: previous definition is here
2022-12-27T02:56:14.2510380Z   typedef int ASN1_NULL;
2022-12-27T02:56:14.2512750Z               ^
2022-12-27T02:56:14.2515390Z   In file included from src/boringssl/err_data.c:18:
2022-12-27T02:56:14.2517950Z   In file included from /usr/local/opt/openssl@3/include/openssl/err.h:28:
2022-12-27T02:56:14.2521090Z   /usr/local/opt/openssl@3/include/openssl/types.h:66:31: warning: redefinition of typedef 'ASN1_OBJECT' is a C11 feature [-Wtypedef-redefinition]
2022-12-27T02:56:14.2524090Z   typedef struct asn1_object_st ASN1_OBJECT;
2022-12-27T02:56:14.2525990Z                                 ^
2022-12-27T02:56:14.2528640Z   third_party/boringssl/include/openssl/base.h:156:31: note: previous definition is here
2022-12-27T02:56:14.2531080Z   typedef struct asn1_object_st ASN1_OBJECT;
2022-12-27T02:56:14.2533500Z                                 ^
2022-12-27T02:56:14.2536070Z   In file included from src/boringssl/err_data.c:18:
2022-12-27T02:56:14.2539030Z   In file included from /usr/local/opt/openssl@3/include/openssl/err.h:28:
2022-12-27T02:56:14.2541890Z   /usr/local/opt/openssl@3/include/openssl/types.h:69:29: warning: redefinition of typedef 'ASN1_ITEM' is a C11 feature [-Wtypedef-redefinition]
2022-12-27T02:56:14.2544110Z   typedef struct ASN1_ITEM_st ASN1_ITEM;
2022-12-27T02:56:14.2546460Z                               ^
2022-12-27T02:56:14.2549210Z   third_party/boringssl/include/openssl/base.h:155:29: note: previous definition is here
2022-12-27T02:56:14.2551560Z   typedef struct ASN1_ITEM_st ASN1_ITEM;
2022-12-27T02:56:14.2554010Z                               ^
2022-12-27T02:56:14.2556620Z   In file included from src/boringssl/err_data.c:18:
2022-12-27T02:56:14.2559030Z   In file included from /usr/local/opt/openssl@3/include/openssl/err.h:28:
2022-12-27T02:56:14.2562150Z   /usr/local/opt/openssl@3/include/openssl/types.h:70:29: warning: redefinition of typedef 'ASN1_PCTX' is a C11 feature [-Wtypedef-redefinition]
2022-12-27T02:56:14.2564140Z   typedef struct asn1_pctx_st ASN1_PCTX;
2022-12-27T02:56:14.2566570Z                               ^
2022-12-27T02:56:14.2569160Z   third_party/boringssl/include/openssl/base.h:157:29: note: previous definition is here
2022-12-27T02:56:14.2571650Z   typedef struct asn1_pctx_st ASN1_PCTX;
2022-12-27T02:56:14.2574030Z                               ^
2022-12-27T02:56:14.2576630Z   In file included from src/boringssl/err_data.c:18:
2022-12-27T02:56:14.2578960Z   In file included from /usr/local/opt/openssl@3/include/openssl/err.h:28:
2022-12-27T02:56:14.2582120Z   /usr/local/opt/openssl@3/include/openssl/types.h:86:23: warning: redefinition of typedef 'BIO' is a C11 feature [-Wtypedef-redefinition]
2022-12-27T02:56:14.2584100Z   typedef struct bio_st BIO;
2022-12-27T02:56:14.2586570Z                         ^
2022-12-27T02:56:14.2589210Z   third_party/boringssl/include/openssl/base.h:205:23: note: previous definition is here
2022-12-27T02:56:14.2591660Z   typedef struct bio_st BIO;
2022-12-27T02:56:14.2594140Z                         ^
2022-12-27T02:56:14.2596590Z   In file included from src/boringssl/err_data.c:18:
2022-12-27T02:56:14.2599180Z   In file included from /usr/local/opt/openssl@3/include/openssl/err.h:28:
2022-12-27T02:56:14.2602100Z   /usr/local/opt/openssl@3/include/openssl/types.h:87:26: warning: redefinition of typedef 'BIGNUM' is a C11 feature [-Wtypedef-redefinition]
2022-12-27T02:56:14.2604240Z   typedef struct bignum_st BIGNUM;
2022-12-27T02:56:14.2606670Z                            ^
2022-12-27T02:56:14.2609270Z   third_party/boringssl/include/openssl/base.h:203:26: note: previous definition is here
2022-12-27T02:56:14.2611740Z   typedef struct bignum_st BIGNUM;
2022-12-27T02:56:14.2614090Z                            ^
2022-12-27T02:56:14.2616690Z   In file included from src/boringssl/err_data.c:18:
2022-12-27T02:56:14.2619210Z   In file included from /usr/local/opt/openssl@3/include/openssl/err.h:28:
2022-12-27T02:56:14.2622130Z   /usr/local/opt/openssl@3/include/openssl/types.h:88:27: warning: redefinition of typedef 'BN_CTX' is a C11 feature [-Wtypedef-redefinition]
2022-12-27T02:56:14.2624320Z   typedef struct bignum_ctx BN_CTX;
2022-12-27T02:56:14.2626780Z                             ^
2022-12-27T02:56:14.2629360Z   third_party/boringssl/include/openssl/base.h:202:27: note: previous definition is here
2022-12-27T02:56:14.2631860Z   typedef struct bignum_ctx BN_CTX;
2022-12-27T02:56:14.2634250Z                             ^
2022-12-27T02:56:14.2636900Z   In file included from src/boringssl/err_data.c:18:
2022-12-27T02:56:14.2640070Z   In file included from /usr/local/opt/openssl@3/include/openssl/err.h:28:
2022-12-27T02:56:14.2642540Z   /usr/local/opt/openssl@3/include/openssl/types.h:90:31: warning: redefinition of typedef 'BN_MONT_CTX' is a C11 feature [-Wtypedef-redefinition]
2022-12-27T02:56:14.2644760Z   typedef struct bn_mont_ctx_st BN_MONT_CTX;
2022-12-27T02:56:14.2647200Z                                 ^
2022-12-27T02:56:14.2649820Z   third_party/boringssl/include/openssl/base.h:207:31: note: previous definition is here
2022-12-27T02:56:14.2652300Z   typedef struct bn_mont_ctx_st BN_MONT_CTX;
2022-12-27T02:56:14.2654720Z                                 ^
2022-12-27T02:56:14.2657270Z   In file included from src/boringssl/err_data.c:18:
2022-12-27T02:56:14.2659820Z   In file included from /usr/local/opt/openssl@3/include/openssl/err.h:28:
2022-12-27T02:56:14.2662750Z   /usr/local/opt/openssl@3/include/openssl/types.h:92:28: warning: redefinition of typedef 'BN_GENCB' is a C11 feature [-Wtypedef-redefinition]
2022-12-27T02:56:14.2664900Z   typedef struct bn_gencb_st BN_GENCB;
2022-12-27T02:56:14.2667380Z                              ^
2022-12-27T02:56:14.2669970Z   third_party/boringssl/include/openssl/base.h:206:28: note: previous definition is here
2022-12-27T02:56:14.2672450Z   typedef struct bn_gencb_st BN_GENCB;
2022-12-27T02:56:14.2674830Z                              ^
2022-12-27T02:56:14.2677470Z   In file included from src/boringssl/err_data.c:18:
2022-12-27T02:56:14.2680330Z   In file included from /usr/local/opt/openssl@3/include/openssl/err.h:28:
2022-12-27T02:56:14.2683140Z   /usr/local/opt/openssl@3/include/openssl/types.h:94:27: warning: redefinition of typedef 'BUF_MEM' is a C11 feature [-Wtypedef-redefinition]
2022-12-27T02:56:14.2685430Z   typedef struct buf_mem_st BUF_MEM;
2022-12-27T02:56:14.2687490Z                             ^
2022-12-27T02:56:14.2690160Z   third_party/boringssl/include/openssl/base.h:208:27: note: previous definition is here
2022-12-27T02:56:14.2692760Z   typedef struct buf_mem_st BUF_MEM;
2022-12-27T02:56:14.2695180Z                             ^
2022-12-27T02:56:14.2697720Z   In file included from src/boringssl/err_data.c:18:
2022-12-27T02:56:14.2700420Z   In file included from /usr/local/opt/openssl@3/include/openssl/err.h:28:
2022-12-27T02:56:14.2703380Z   /usr/local/opt/openssl@3/include/openssl/types.h:101:30: warning: redefinition of typedef 'EVP_CIPHER' is a C11 feature [-Wtypedef-redefinition]
2022-12-27T02:56:14.2705570Z   typedef struct evp_cipher_st EVP_CIPHER;
2022-12-27T02:56:14.2708000Z                                ^
2022-12-27T02:56:14.2710900Z   third_party/boringssl/include/openssl/base.h:224:30: note: previous definition is here
2022-12-27T02:56:14.2713270Z   typedef struct evp_cipher_st EVP_CIPHER;
2022-12-27T02:56:14.2715780Z                                ^
2022-12-27T02:56:14.2718290Z   In file included from src/boringssl/err_data.c:18:
2022-12-27T02:56:14.2720860Z   In file included from /usr/local/opt/openssl@3/include/openssl/err.h:28:
2022-12-27T02:56:14.2723740Z   /usr/local/opt/openssl@3/include/openssl/types.h:102:34: warning: redefinition of typedef 'EVP_CIPHER_CTX' is a C11 feature [-Wtypedef-redefinition]
2022-12-27T02:56:14.2725840Z   typedef struct evp_cipher_ctx_st EVP_CIPHER_CTX;
2022-12-27T02:56:14.2728110Z                                    ^
2022-12-27T02:56:14.2730800Z   third_party/boringssl/include/openssl/base.h:223:34: note: previous definition is here
2022-12-27T02:56:14.2733250Z   typedef struct evp_cipher_ctx_st EVP_CIPHER_CTX;
2022-12-27T02:56:14.2735710Z                                    ^
2022-12-27T02:56:14.2738390Z   In file included from src/boringssl/err_data.c:18:
2022-12-27T02:56:14.2741090Z   In file included from /usr/local/opt/openssl@3/include/openssl/err.h:28:
2022-12-27T02:56:14.2743950Z   /usr/local/opt/openssl@3/include/openssl/types.h:103:26: error: typedef redefinition with different types ('struct evp_md_st' vs 'struct env_md_st')
2022-12-27T02:56:14.2746340Z   typedef struct evp_md_st EVP_MD;
2022-12-27T02:56:14.2749010Z                            ^
2022-12-27T02:56:14.2751200Z   third_party/boringssl/include/openssl/base.h:221:26: note: previous definition is here
2022-12-27T02:56:14.2753580Z   typedef struct env_md_st EVP_MD;
2022-12-27T02:56:14.2756050Z                            ^
2022-12-27T02:56:14.2758560Z   In file included from src/boringssl/err_data.c:18:
2022-12-27T02:56:14.2761260Z   In file included from /usr/local/opt/openssl@3/include/openssl/err.h:28:
2022-12-27T02:56:14.2764170Z   /usr/local/opt/openssl@3/include/openssl/types.h:104:30: error: typedef redefinition with different types ('struct evp_md_ctx_st' vs 'struct env_md_ctx_st')
2022-12-27T02:56:14.2766210Z   typedef struct evp_md_ctx_st EVP_MD_CTX;
2022-12-27T02:56:14.2768640Z                                ^
2022-12-27T02:56:14.2771330Z   third_party/boringssl/include/openssl/base.h:220:30: note: previous definition is here
2022-12-27T02:56:14.2773770Z   typedef struct env_md_ctx_st EVP_MD_CTX;
2022-12-27T02:56:14.2776100Z                                ^
2022-12-27T02:56:14.2778750Z   In file included from src/boringssl/err_data.c:18:
2022-12-27T02:56:14.2781260Z   In file included from /usr/local/opt/openssl@3/include/openssl/err.h:28:
2022-12-27T02:56:14.2784290Z   /usr/local/opt/openssl@3/include/openssl/types.h:107:28: warning: redefinition of typedef 'EVP_PKEY' is a C11 feature [-Wtypedef-redefinition]
2022-12-27T02:56:14.2786450Z   typedef struct evp_pkey_st EVP_PKEY;
2022-12-27T02:56:14.2788660Z                              ^
2022-12-27T02:56:14.2791530Z   third_party/boringssl/include/openssl/base.h:229:28: note: previous definition is here
2022-12-27T02:56:14.2793840Z   typedef struct evp_pkey_st EVP_PKEY;
2022-12-27T02:56:14.2796400Z                              ^
2022-12-27T02:56:14.2798950Z   In file included from src/boringssl/err_data.c:18:
2022-12-27T02:56:14.2801600Z   In file included from /usr/local/opt/openssl@3/include/openssl/err.h:28:
2022-12-27T02:56:14.2804590Z   /usr/local/opt/openssl@3/include/openssl/types.h:109:40: warning: redefinition of typedef 'EVP_PKEY_ASN1_METHOD' is a C11 feature [-Wtypedef-redefinition]
2022-12-27T02:56:14.2806820Z   typedef struct evp_pkey_asn1_method_st EVP_PKEY_ASN1_METHOD;
2022-12-27T02:56:14.2809180Z                                          ^
2022-12-27T02:56:14.2811870Z   third_party/boringssl/include/openssl/base.h:226:40: note: previous definition is here
2022-12-27T02:56:14.2814380Z   typedef struct evp_pkey_asn1_method_st EVP_PKEY_ASN1_METHOD;
2022-12-27T02:56:14.2816740Z                                          ^
2022-12-27T02:56:14.2819540Z   In file included from src/boringssl/err_data.c:18:
2022-12-27T02:56:14.2821990Z   In file included from /usr/local/opt/openssl@3/include/openssl/err.h:28:
2022-12-27T02:56:14.2825220Z   /usr/local/opt/openssl@3/include/openssl/types.h:111:35: warning: redefinition of typedef 'EVP_PKEY_METHOD' is a C11 feature [-Wtypedef-redefinition]
2022-12-27T02:56:14.2827390Z   typedef struct evp_pkey_method_st EVP_PKEY_METHOD;
2022-12-27T02:56:14.2829810Z                                     ^
2022-12-27T02:56:14.2832450Z   third_party/boringssl/include/openssl/base.h:228:35: note: previous definition is here
2022-12-27T02:56:14.2834910Z   typedef struct evp_pkey_method_st EVP_PKEY_METHOD;
2022-12-27T02:56:14.2837500Z                                     ^
2022-12-27T02:56:14.2840160Z   In file included from src/boringssl/err_data.c:18:
2022-12-27T02:56:14.2842660Z   In file included from /usr/local/opt/openssl@3/include/openssl/err.h:28:
2022-12-27T02:56:14.2845540Z   /usr/local/opt/openssl@3/include/openssl/types.h:112:32: warning: redefinition of typedef 'EVP_PKEY_CTX' is a C11 feature [-Wtypedef-redefinition]
2022-12-27T02:56:14.2847750Z   typedef struct evp_pkey_ctx_st EVP_PKEY_CTX;
2022-12-27T02:56:14.2850150Z                                  ^
2022-12-27T02:56:14.2852770Z   third_party/boringssl/include/openssl/base.h:227:32: note: previous definition is here
2022-12-27T02:56:14.2855200Z   typedef struct evp_pkey_ctx_st EVP_PKEY_CTX;
2022-12-27T02:56:14.2857830Z                                  ^
2022-12-27T02:56:14.2860280Z   In file included from src/boringssl/err_data.c:18:
2022-12-27T02:56:14.2862820Z   In file included from /usr/local/opt/openssl@3/include/openssl/err.h:28:
2022-12-27T02:56:14.2866020Z   /usr/local/opt/openssl@3/include/openssl/types.h:130:34: error: typedef redefinition with different types ('struct evp_Encode_Ctx_st' vs 'struct evp_encode_ctx_st')
2022-12-27T02:56:14.2868250Z   typedef struct evp_Encode_Ctx_st EVP_ENCODE_CTX;
2022-12-27T02:56:14.2870700Z                                    ^
2022-12-27T02:56:14.2873360Z   third_party/boringssl/include/openssl/base.h:225:34: note: previous definition is here
2022-12-27T02:56:14.2875860Z   typedef struct evp_encode_ctx_st EVP_ENCODE_CTX;
2022-12-27T02:56:14.2878260Z                                    ^
2022-12-27T02:56:14.2880940Z   In file included from src/boringssl/err_data.c:18:
2022-12-27T02:56:14.2883400Z   In file included from /usr/local/opt/openssl@3/include/openssl/err.h:28:
2022-12-27T02:56:14.2886420Z   /usr/local/opt/openssl@3/include/openssl/types.h:132:28: warning: redefinition of typedef 'HMAC_CTX' is a C11 feature [-Wtypedef-redefinition]
2022-12-27T02:56:14.2888500Z   typedef struct hmac_ctx_st HMAC_CTX;
2022-12-27T02:56:14.2891000Z                              ^
2022-12-27T02:56:14.2893620Z   third_party/boringssl/include/openssl/base.h:230:28: note: previous definition is here
2022-12-27T02:56:14.2896160Z   typedef struct hmac_ctx_st HMAC_CTX;
2022-12-27T02:56:14.2898620Z                              ^
2022-12-27T02:56:14.2901300Z   In file included from src/boringssl/err_data.c:18:
2022-12-27T02:56:14.2903870Z   In file included from /usr/local/opt/openssl@3/include/openssl/err.h:28:
2022-12-27T02:56:14.2906730Z   /usr/local/opt/openssl@3/include/openssl/types.h:134:22: warning: redefinition of typedef 'DH' is a C11 feature [-Wtypedef-redefinition]
2022-12-27T02:56:14.2909590Z   typedef struct dh_st DH;
2022-12-27T02:56:14.2911340Z                        ^
2022-12-27T02:56:14.2914530Z   third_party/boringssl/include/openssl/base.h:214:22: note: previous definition is here
2022-12-27T02:56:14.2916580Z   typedef struct dh_st DH;
2022-12-27T02:56:14.2919190Z                        ^
2022-12-27T02:56:14.2922170Z   In file included from src/boringssl/err_data.c:18:
2022-12-27T02:56:14.2924730Z   In file included from /usr/local/opt/openssl@3/include/openssl/err.h:28:
2022-12-27T02:56:14.2927700Z   /usr/local/opt/openssl@3/include/openssl/types.h:153:29: warning: redefinition of typedef 'RAND_METHOD' is a C11 feature [-Wtypedef-redefinition]
2022-12-27T02:56:14.2929830Z   typedef struct rand_meth_st RAND_METHOD;
2022-12-27T02:56:14.2932300Z                               ^
2022-12-27T02:56:14.2935030Z   third_party/boringssl/include/openssl/base.h:236:29: note: previous definition is here
2022-12-27T02:56:14.2937680Z   typedef struct rand_meth_st RAND_METHOD;
2022-12-27T02:56:14.2940210Z                               ^
2022-12-27T02:56:14.2942780Z   In file included from src/boringssl/err_data.c:18:
2022-12-27T02:56:14.2945400Z   In file included from /usr/local/opt/openssl@3/include/openssl/err.h:28:
2022-12-27T02:56:14.2948290Z   /usr/local/opt/openssl@3/include/openssl/types.h:157:24: warning: redefinition of typedef 'X509' is a C11 feature [-Wtypedef-redefinition]
2022-12-27T02:56:14.2950490Z   typedef struct x509_st X509;
2022-12-27T02:56:14.2952890Z                          ^
2022-12-27T02:56:14.2955540Z   third_party/boringssl/include/openssl/base.h:258:24: note: previous definition is here
2022-12-27T02:56:14.2957930Z   typedef struct x509_st X509;
2022-12-27T02:56:14.2960470Z                          ^
2022-12-27T02:56:14.2962990Z   In file included from src/boringssl/err_data.c:18:
2022-12-27T02:56:14.2965520Z   In file included from /usr/local/opt/openssl@3/include/openssl/err.h:28:
2022-12-27T02:56:14.2968380Z   /usr/local/opt/openssl@3/include/openssl/types.h:158:30: warning: redefinition of typedef 'X509_ALGOR' is a C11 feature [-Wtypedef-redefinition]
2022-12-27T02:56:14.2970950Z   typedef struct X509_algor_st X509_ALGOR;
2022-12-27T02:56:14.2973000Z                                ^
2022-12-27T02:56:14.2975640Z   third_party/boringssl/include/openssl/base.h:189:30: note: previous definition is here
2022-12-27T02:56:14.2978090Z   typedef struct X509_algor_st X509_ALGOR;
2022-12-27T02:56:14.2980680Z                                ^
2022-12-27T02:56:14.2983210Z   In file included from src/boringssl/err_data.c:18:
2022-12-27T02:56:14.2985790Z   In file included from /usr/local/opt/openssl@3/include/openssl/err.h:28:
2022-12-27T02:56:14.2988720Z   /usr/local/opt/openssl@3/include/openssl/types.h:159:28: warning: redefinition of typedef 'X509_CRL' is a C11 feature [-Wtypedef-redefinition]
2022-12-27T02:56:14.2991040Z   typedef struct X509_crl_st X509_CRL;
2022-12-27T02:56:14.2993380Z                              ^
2022-12-27T02:56:14.2996050Z   third_party/boringssl/include/openssl/base.h:191:28: note: previous definition is here
2022-12-27T02:56:14.2998540Z   typedef struct X509_crl_st X509_CRL;
2022-12-27T02:56:14.3001090Z                              ^
2022-12-27T02:56:14.3003680Z   In file included from src/boringssl/err_data.c:18:
2022-12-27T02:56:14.3006240Z   In file included from /usr/local/opt/openssl@3/include/openssl/err.h:28:
2022-12-27T02:56:14.3009210Z   /usr/local/opt/openssl@3/include/openssl/types.h:160:35: warning: redefinition of typedef 'X509_CRL_METHOD' is a C11 feature [-Wtypedef-redefinition]
2022-12-27T02:56:14.3011450Z   typedef struct x509_crl_method_st X509_CRL_METHOD;
2022-12-27T02:56:14.3013860Z                                     ^
2022-12-27T02:56:14.3016540Z   third_party/boringssl/include/openssl/base.h:256:35: note: previous definition is here
2022-12-27T02:56:14.3019130Z   typedef struct x509_crl_method_st X509_CRL_METHOD;
2022-12-27T02:56:14.3021560Z                                     ^
2022-12-27T02:56:14.3024170Z   In file included from src/boringssl/err_data.c:18:
2022-12-27T02:56:14.3026810Z   In file included from /usr/local/opt/openssl@3/include/openssl/err.h:28:
2022-12-27T02:56:14.3029740Z   /usr/local/opt/openssl@3/include/openssl/types.h:161:32: warning: redefinition of typedef 'X509_REVOKED' is a C11 feature [-Wtypedef-redefinition]
2022-12-27T02:56:14.3031970Z   typedef struct x509_revoked_st X509_REVOKED;
2022-12-27T02:56:14.3034390Z                                  ^
2022-12-27T02:56:14.3037080Z   third_party/boringssl/include/openssl/base.h:257:32: note: previous definition is here
2022-12-27T02:56:14.3039890Z   typedef struct x509_revoked_st X509_REVOKED;
2022-12-27T02:56:14.3042300Z                                  ^
2022-12-27T02:56:14.3044880Z   In file included from src/boringssl/err_data.c:18:
2022-12-27T02:56:14.3047420Z   In file included from /usr/local/opt/openssl@3/include/openssl/err.h:28:
2022-12-27T02:56:14.3050330Z   /usr/local/opt/openssl@3/include/openssl/types.h:162:29: warning: redefinition of typedef 'X509_NAME' is a C11 feature [-Wtypedef-redefinition]
2022-12-27T02:56:14.3052560Z   typedef struct X509_name_st X509_NAME;
2022-12-27T02:56:14.3054980Z                               ^
2022-12-27T02:56:14.3057670Z   third_party/boringssl/include/openssl/base.h:195:29: note: previous definition is here
2022-12-27T02:56:14.3060220Z   typedef struct X509_name_st X509_NAME;
2022-12-27T02:56:14.3062640Z                               ^
2022-12-27T02:56:14.3065220Z   In file included from src/boringssl/err_data.c:18:
2022-12-27T02:56:14.3081910Z   In file included from /usr/local/opt/openssl@3/include/openssl/err.h:28:
2022-12-27T02:56:14.3082770Z   /usr/local/opt/openssl@3/include/openssl/types.h:163:31: warning: redefinition of typedef 'X509_PUBKEY' is a C11 feature [-Wtypedef-redefinition]
2022-12-27T02:56:14.3083250Z   typedef struct X509_pubkey_st X509_PUBKEY;
2022-12-27T02:56:14.3083560Z                                 ^
2022-12-27T02:56:14.3087580Z   third_party/boringssl/include/openssl/base.h:197:31: note: previous definition is here
2022-12-27T02:56:14.3088070Z   typedef struct X509_pubkey_st X509_PUBKEY;
2022-12-27T02:56:14.3089020Z                                 ^
2022-12-27T02:56:14.3089750Z   In file included from src/boringssl/err_data.c:18:
2022-12-27T02:56:14.3090360Z   In file included from /usr/local/opt/openssl@3/include/openssl/err.h:28:
2022-12-27T02:56:14.3091560Z   /usr/local/opt/openssl@3/include/openssl/types.h:164:30: warning: redefinition of typedef 'X509_STORE' is a C11 feature [-Wtypedef-redefinition]
2022-12-27T02:56:14.3092430Z   typedef struct x509_store_st X509_STORE;
2022-12-27T02:56:14.3094670Z                                ^
2022-12-27T02:56:14.3097290Z   third_party/boringssl/include/openssl/base.h:260:30: note: previous definition is here
2022-12-27T02:56:14.3099820Z   typedef struct x509_store_st X509_STORE;
2022-12-27T02:56:14.3102180Z                                ^
2022-12-27T02:56:14.3104700Z   In file included from src/boringssl/err_data.c:18:
2022-12-27T02:56:14.3107220Z   In file included from /usr/local/opt/openssl@3/include/openssl/err.h:28:
2022-12-27T02:56:14.3110120Z   /usr/local/opt/openssl@3/include/openssl/types.h:165:34: warning: redefinition of typedef 'X509_STORE_CTX' is a C11 feature [-Wtypedef-redefinition]
2022-12-27T02:56:14.3112270Z   typedef struct x509_store_ctx_st X509_STORE_CTX;
2022-12-27T02:56:14.3114660Z                                    ^
2022-12-27T02:56:14.3117290Z   third_party/boringssl/include/openssl/base.h:259:34: note: previous definition is here
2022-12-27T02:56:14.3119830Z   typedef struct x509_store_ctx_st X509_STORE_CTX;
2022-12-27T02:56:14.3122180Z                                    ^
2022-12-27T02:56:14.3124700Z   In file included from src/boringssl/err_data.c:18:
2022-12-27T02:56:14.3127230Z   In file included from /usr/local/opt/openssl@3/include/openssl/err.h:28:
2022-12-27T02:56:14.3130260Z   /usr/local/opt/openssl@3/include/openssl/types.h:174:39: warning: redefinition of typedef 'PKCS8_PRIV_KEY_INFO' is a C11 feature [-Wtypedef-redefinition]
2022-12-27T02:56:14.3132310Z   typedef struct pkcs8_priv_key_info_st PKCS8_PRIV_KEY_INFO;
2022-12-27T02:56:14.3135150Z                                         ^
2022-12-27T02:56:14.3137510Z   third_party/boringssl/include/openssl/base.h:234:39: note: previous definition is here
2022-12-27T02:56:14.3140310Z   typedef struct pkcs8_priv_key_info_st PKCS8_PRIV_KEY_INFO;
2022-12-27T02:56:14.3142450Z                                         ^
2022-12-27T02:56:14.3145450Z   In file included from src/boringssl/err_data.c:18:
2022-12-27T02:56:14.3147600Z   In file included from /usr/local/opt/openssl@3/include/openssl/err.h:28:
2022-12-27T02:56:14.3150870Z   /usr/local/opt/openssl@3/include/openssl/types.h:176:27: warning: redefinition of typedef 'X509V3_CTX' is a C11 feature [-Wtypedef-redefinition]
2022-12-27T02:56:14.3153030Z   typedef struct v3_ext_ctx X509V3_CTX;
2022-12-27T02:56:14.3155430Z                             ^
2022-12-27T02:56:14.3158570Z   third_party/boringssl/include/openssl/base.h:251:27: note: previous definition is here
2022-12-27T02:56:14.3161070Z   typedef struct v3_ext_ctx X509V3_CTX;
2022-12-27T02:56:14.3164250Z                             ^
2022-12-27T02:56:14.3166910Z   In file included from src/boringssl/err_data.c:18:
2022-12-27T02:56:14.3169010Z   In file included from /usr/local/opt/openssl@3/include/openssl/err.h:28:
2022-12-27T02:56:14.3171900Z   /usr/local/opt/openssl@3/include/openssl/types.h:177:24: warning: redefinition of typedef 'CONF' is a C11 feature [-Wtypedef-redefinition]
2022-12-27T02:56:14.3174160Z   typedef struct conf_st CONF;
2022-12-27T02:56:14.3177050Z                          ^
2022-12-27T02:56:14.3179820Z   third_party/boringssl/include/openssl/base.h:212:24: note: previous definition is here
2022-12-27T02:56:14.3185160Z   typedef struct conf_st CONF;
2022-12-27T02:56:14.3189960Z                          ^
2022-12-27T02:56:14.3192690Z   In file included from src/boringssl/err_data.c:18:
2022-12-27T02:56:14.3195320Z   In file included from /usr/local/opt/openssl@3/include/openssl/err.h:28:
2022-12-27T02:56:14.3198520Z   /usr/local/opt/openssl@3/include/openssl/types.h:183:26: warning: redefinition of typedef 'ENGINE' is a C11 feature [-Wtypedef-redefinition]
2022-12-27T02:56:14.3200750Z   typedef struct engine_st ENGINE;
2022-12-27T02:56:14.3203210Z                            ^
2022-12-27T02:56:14.3205800Z   third_party/boringssl/include/openssl/base.h:219:26: note: previous definition is here
2022-12-27T02:56:14.3208280Z   typedef struct engine_st ENGINE;
2022-12-27T02:56:14.3210530Z                            ^
2022-12-27T02:56:14.3213210Z   In file included from src/boringssl/err_data.c:18:
2022-12-27T02:56:14.3215730Z   In file included from /usr/local/opt/openssl@3/include/openssl/err.h:28:
2022-12-27T02:56:14.3218810Z   /usr/local/opt/openssl@3/include/openssl/types.h:184:23: warning: redefinition of typedef 'SSL' is a C11 feature [-Wtypedef-redefinition]
2022-12-27T02:56:14.3221370Z   typedef struct ssl_st SSL;
2022-12-27T02:56:14.3223940Z                         ^
2022-12-27T02:56:14.3226760Z   third_party/boringssl/include/openssl/base.h:249:23: note: previous definition is here
2022-12-27T02:56:14.3229350Z   typedef struct ssl_st SSL;
2022-12-27T02:56:14.3231950Z                         ^
2022-12-27T02:56:14.3234680Z   In file included from src/boringssl/err_data.c:18:
2022-12-27T02:56:14.3237450Z   In file included from /usr/local/opt/openssl@3/include/openssl/err.h:28:
2022-12-27T02:56:14.3240880Z   /usr/local/opt/openssl@3/include/openssl/types.h:185:27: warning: redefinition of typedef 'SSL_CTX' is a C11 feature [-Wtypedef-redefinition]
2022-12-27T02:56:14.3243040Z   typedef struct ssl_ctx_st SSL_CTX;
2022-12-27T02:56:14.3245480Z                             ^
2022-12-27T02:56:14.3248180Z   third_party/boringssl/include/openssl/base.h:245:27: note: previous definition is here
2022-12-27T02:56:14.3250700Z   typedef struct ssl_ctx_st SSL_CTX;
2022-12-27T02:56:14.3253130Z                             ^
2022-12-27T02:56:14.3255700Z   In file included from src/boringssl/err_data.c:18:
2022-12-27T02:56:14.3258300Z   In file included from /usr/local/opt/openssl@3/include/openssl/err.h:28:
2022-12-27T02:56:14.3261380Z   /usr/local/opt/openssl@3/include/openssl/types.h:190:36: warning: redefinition of typedef 'X509_POLICY_NODE' is a C11 feature [-Wtypedef-redefinition]
2022-12-27T02:56:14.3263720Z   typedef struct X509_POLICY_NODE_st X509_POLICY_NODE;
2022-12-27T02:56:14.3266150Z                                      ^
2022-12-27T02:56:14.3268830Z   third_party/boringssl/include/openssl/base.h:187:36: note: previous definition is here
2022-12-27T02:56:14.3271340Z   typedef struct X509_POLICY_NODE_st X509_POLICY_NODE;
2022-12-27T02:56:14.3273780Z                                      ^
2022-12-27T02:56:14.3276390Z   In file included from src/boringssl/err_data.c:18:
2022-12-27T02:56:14.3279020Z   In file included from /usr/local/opt/openssl@3/include/openssl/err.h:28:
2022-12-27T02:56:14.3282060Z   /usr/local/opt/openssl@3/include/openssl/types.h:191:37: warning: redefinition of typedef 'X509_POLICY_LEVEL' is a C11 feature [-Wtypedef-redefinition]
2022-12-27T02:56:14.3284480Z   typedef struct X509_POLICY_LEVEL_st X509_POLICY_LEVEL;
2022-12-27T02:56:14.3287030Z                                       ^
2022-12-27T02:56:14.3290050Z   third_party/boringssl/include/openssl/base.h:186:37: note: previous definition is here
2022-12-27T02:56:14.3292500Z   typedef struct X509_POLICY_LEVEL_st X509_POLICY_LEVEL;
2022-12-27T02:56:14.3294910Z                                       ^
2022-12-27T02:56:14.3297480Z   In file included from src/boringssl/err_data.c:18:
2022-12-27T02:56:14.3300220Z   In file included from /usr/local/opt/openssl@3/include/openssl/err.h:28:
2022-12-27T02:56:14.3303110Z   /usr/local/opt/openssl@3/include/openssl/types.h:192:36: warning: redefinition of typedef 'X509_POLICY_TREE' is a C11 feature [-Wtypedef-redefinition]
2022-12-27T02:56:14.3305370Z   typedef struct X509_POLICY_TREE_st X509_POLICY_TREE;
2022-12-27T02:56:14.3307780Z                                      ^
2022-12-27T02:56:14.3310700Z   third_party/boringssl/include/openssl/base.h:188:36: note: previous definition is here
2022-12-27T02:56:14.3313370Z   typedef struct X509_POLICY_TREE_st X509_POLICY_TREE;
2022-12-27T02:56:14.3315540Z                                      ^
2022-12-27T02:56:14.3318050Z   In file included from src/boringssl/err_data.c:18:
2022-12-27T02:56:14.3320710Z   In file included from /usr/local/opt/openssl@3/include/openssl/err.h:28:
2022-12-27T02:56:14.3323490Z   /usr/local/opt/openssl@3/include/openssl/types.h:193:37: warning: redefinition of typedef 'X509_POLICY_CACHE' is a C11 feature [-Wtypedef-redefinition]
2022-12-27T02:56:14.3325760Z   typedef struct X509_POLICY_CACHE_st X509_POLICY_CACHE;
2022-12-27T02:56:14.3328050Z                                       ^
2022-12-27T02:56:14.3330830Z   third_party/boringssl/include/openssl/base.h:185:37: note: previous definition is here
2022-12-27T02:56:14.3333150Z   typedef struct X509_POLICY_CACHE_st X509_POLICY_CACHE;
2022-12-27T02:56:14.3335580Z                                       ^
2022-12-27T02:56:14.3338300Z   In file included from src/boringssl/err_data.c:18:
2022-12-27T02:56:14.3341040Z   In file included from /usr/local/opt/openssl@3/include/openssl/err.h:28:
2022-12-27T02:56:14.3343910Z   /usr/local/opt/openssl@3/include/openssl/types.h:195:35: warning: redefinition of typedef 'AUTHORITY_KEYID' is a C11 feature [-Wtypedef-redefinition]
2022-12-27T02:56:14.3346110Z   typedef struct AUTHORITY_KEYID_st AUTHORITY_KEYID;
2022-12-27T02:56:14.3348480Z                                     ^
2022-12-27T02:56:14.3351180Z   third_party/boringssl/include/openssl/base.h:175:35: note: previous definition is here
2022-12-27T02:56:14.3353630Z   typedef struct AUTHORITY_KEYID_st AUTHORITY_KEYID;
2022-12-27T02:56:14.3356020Z                                     ^
2022-12-27T02:56:14.3358570Z   In file included from src/boringssl/err_data.c:18:
2022-12-27T02:56:14.3361270Z   In file included from /usr/local/opt/openssl@3/include/openssl/err.h:28:
2022-12-27T02:56:14.3364170Z   /usr/local/opt/openssl@3/include/openssl/types.h:196:30: warning: redefinition of typedef 'DIST_POINT' is a C11 feature [-Wtypedef-redefinition]
2022-12-27T02:56:14.3366360Z   typedef struct DIST_POINT_st DIST_POINT;
2022-12-27T02:56:14.3368740Z                                ^
2022-12-27T02:56:14.3371430Z   third_party/boringssl/include/openssl/base.h:176:30: note: previous definition is here
2022-12-27T02:56:14.3373860Z   typedef struct DIST_POINT_st DIST_POINT;
2022-12-27T02:56:14.3376280Z                                ^
2022-12-27T02:56:14.3378900Z   In file included from src/boringssl/err_data.c:18:
2022-12-27T02:56:14.3381760Z   In file included from /usr/local/opt/openssl@3/include/openssl/err.h:28:
2022-12-27T02:56:14.3384460Z   /usr/local/opt/openssl@3/include/openssl/types.h:197:38: warning: redefinition of typedef 'ISSUING_DIST_POINT' is a C11 feature [-Wtypedef-redefinition]
2022-12-27T02:56:14.3386600Z   typedef struct ISSUING_DIST_POINT_st ISSUING_DIST_POINT;
2022-12-27T02:56:14.3388940Z                                        ^
2022-12-27T02:56:14.3391660Z   third_party/boringssl/include/openssl/base.h:177:38: note: previous definition is here
2022-12-27T02:56:14.3394060Z   typedef struct ISSUING_DIST_POINT_st ISSUING_DIST_POINT;
2022-12-27T02:56:14.3396590Z                                        ^
2022-12-27T02:56:14.3399240Z   In file included from src/boringssl/err_data.c:18:
2022-12-27T02:56:14.3402050Z   In file included from /usr/local/opt/openssl@3/include/openssl/err.h:28:
2022-12-27T02:56:14.3404590Z   /usr/local/opt/openssl@3/include/openssl/types.h:198:36: warning: redefinition of typedef 'NAME_CONSTRAINTS' is a C11 feature [-Wtypedef-redefinition]
2022-12-27T02:56:14.3406710Z   typedef struct NAME_CONSTRAINTS_st NAME_CONSTRAINTS;
2022-12-27T02:56:14.3409320Z                                      ^
2022-12-27T02:56:14.3411970Z   third_party/boringssl/include/openssl/base.h:178:36: note: previous definition is here
2022-12-27T02:56:14.3414430Z   typedef struct NAME_CONSTRAINTS_st NAME_CONSTRAINTS;
2022-12-27T02:56:14.3416870Z                                      ^
2022-12-27T02:56:14.3419720Z   In file included from src/boringssl/err_data.c:18:
2022-12-27T02:56:14.3422070Z   In file included from /usr/local/opt/openssl@3/include/openssl/err.h:29:
2022-12-27T02:56:14.3425090Z   /usr/local/opt/openssl@3/include/openssl/bio.h:296:30: warning: redefinition of typedef 'BIO_METHOD' is a C11 feature [-Wtypedef-redefinition]
2022-12-27T02:56:14.3427340Z   typedef struct bio_method_st BIO_METHOD;
2022-12-27T02:56:14.3429760Z                                ^
2022-12-27T02:56:14.3432380Z   third_party/boringssl/include/openssl/base.h:204:30: note: previous definition is here
2022-12-27T02:56:14.3434850Z   typedef struct bio_method_st BIO_METHOD;
2022-12-27T02:56:14.3437270Z                                ^
2022-12-27T02:56:14.3440600Z   src/boringssl/err_data.c:33:1: error: 'OPENSSL_COMPILE_ASSERT_library_values_changed_12' declared as an array with a negative size
2022-12-27T02:56:14.3442900Z   OPENSSL_COMPILE_ASSERT(ERR_LIB_ASN1 == 12, library_values_changed_12);
2022-12-27T02:56:14.3445240Z   ^~~~~~~~~~~~~~~~~~~~~~~~~~~~~~~~~~~~~~~~~~~~~~~~~~~~~~~~~~~~~~~~~~~~~
2022-12-27T02:56:14.3448060Z   third_party/boringssl/include/openssl/type_check.h:83:45: note: expanded from macro 'OPENSSL_COMPILE_ASSERT'
2022-12-27T02:56:14.3450460Z     typedef char OPENSSL_COMPILE_ASSERT_##msg[((cond) ? 1 : -1)]
2022-12-27T02:56:14.3452720Z                                               ^~~~~~~~~~~~~~~~~
2022-12-27T02:56:14.3455550Z   src/boringssl/err_data.c:34:1: error: 'OPENSSL_COMPILE_ASSERT_library_values_changed_13' declared as an array with a negative size
2022-12-27T02:56:14.3457860Z   OPENSSL_COMPILE_ASSERT(ERR_LIB_CONF == 13, library_values_changed_13);
2022-12-27T02:56:14.3460340Z   ^~~~~~~~~~~~~~~~~~~~~~~~~~~~~~~~~~~~~~~~~~~~~~~~~~~~~~~~~~~~~~~~~~~~~
2022-12-27T02:56:14.3463130Z   third_party/boringssl/include/openssl/type_check.h:83:45: note: expanded from macro 'OPENSSL_COMPILE_ASSERT'
2022-12-27T02:56:14.3465620Z     typedef char OPENSSL_COMPILE_ASSERT_##msg[((cond) ? 1 : -1)]
2022-12-27T02:56:14.3467810Z                                               ^~~~~~~~~~~~~~~~~
2022-12-27T02:56:14.3470870Z   src/boringssl/err_data.c:35:1: error: 'OPENSSL_COMPILE_ASSERT_library_values_changed_14' declared as an array with a negative size
2022-12-27T02:56:14.3473140Z   OPENSSL_COMPILE_ASSERT(ERR_LIB_CRYPTO == 14, library_values_changed_14);
2022-12-27T02:56:14.3475650Z   ^~~~~~~~~~~~~~~~~~~~~~~~~~~~~~~~~~~~~~~~~~~~~~~~~~~~~~~~~~~~~~~~~~~~~~~
2022-12-27T02:56:14.3478590Z   third_party/boringssl/include/openssl/type_check.h:83:45: note: expanded from macro 'OPENSSL_COMPILE_ASSERT'
2022-12-27T02:56:14.3481040Z     typedef char OPENSSL_COMPILE_ASSERT_##msg[((cond) ? 1 : -1)]
2022-12-27T02:56:14.3483270Z                                               ^~~~~~~~~~~~~~~~~
2022-12-27T02:56:14.3486160Z   src/boringssl/err_data.c:36:1: error: 'OPENSSL_COMPILE_ASSERT_library_values_changed_15' declared as an array with a negative size
2022-12-27T02:56:14.3488450Z   OPENSSL_COMPILE_ASSERT(ERR_LIB_EC == 15, library_values_changed_15);
2022-12-27T02:56:14.3490860Z   ^~~~~~~~~~~~~~~~~~~~~~~~~~~~~~~~~~~~~~~~~~~~~~~~~~~~~~~~~~~~~~~~~~~
2022-12-27T02:56:14.3493680Z   third_party/boringssl/include/openssl/type_check.h:83:45: note: expanded from macro 'OPENSSL_COMPILE_ASSERT'
2022-12-27T02:56:14.3496130Z     typedef char OPENSSL_COMPILE_ASSERT_##msg[((cond) ? 1 : -1)]
2022-12-27T02:56:14.3498420Z                                               ^~~~~~~~~~~~~~~~~
2022-12-27T02:56:14.3501420Z   src/boringssl/err_data.c:37:1: error: 'OPENSSL_COMPILE_ASSERT_library_values_changed_16' declared as an array with a negative size
2022-12-27T02:56:14.3503710Z   OPENSSL_COMPILE_ASSERT(ERR_LIB_SSL == 16, library_values_changed_16);
2022-12-27T02:56:14.3506110Z   ^~~~~~~~~~~~~~~~~~~~~~~~~~~~~~~~~~~~~~~~~~~~~~~~~~~~~~~~~~~~~~~~~~~~
2022-12-27T02:56:14.3509100Z   third_party/boringssl/include/openssl/type_check.h:83:45: note: expanded from macro 'OPENSSL_COMPILE_ASSERT'
2022-12-27T02:56:14.3511570Z     typedef char OPENSSL_COMPILE_ASSERT_##msg[((cond) ? 1 : -1)]
2022-12-27T02:56:14.3514080Z                                               ^~~~~~~~~~~~~~~~~
2022-12-27T02:56:14.3516730Z   src/boringssl/err_data.c:38:1: error: 'OPENSSL_COMPILE_ASSERT_library_values_changed_17' declared as an array with a negative size
2022-12-27T02:56:14.3519100Z   OPENSSL_COMPILE_ASSERT(ERR_LIB_BIO == 17, library_values_changed_17);
2022-12-27T02:56:14.3521540Z   ^~~~~~~~~~~~~~~~~~~~~~~~~~~~~~~~~~~~~~~~~~~~~~~~~~~~~~~~~~~~~~~~~~~~
2022-12-27T02:56:14.3524320Z   third_party/boringssl/include/openssl/type_check.h:83:45: note: expanded from macro 'OPENSSL_COMPILE_ASSERT'
2022-12-27T02:56:14.3526780Z     typedef char OPENSSL_COMPILE_ASSERT_##msg[((cond) ? 1 : -1)]
2022-12-27T02:56:14.3529090Z                                               ^~~~~~~~~~~~~~~~~
2022-12-27T02:56:14.3531970Z   src/boringssl/err_data.c:39:1: error: 'OPENSSL_COMPILE_ASSERT_library_values_changed_18' declared as an array with a negative size
2022-12-27T02:56:14.3534310Z   OPENSSL_COMPILE_ASSERT(ERR_LIB_PKCS7 == 18, library_values_changed_18);
2022-12-27T02:56:14.3536720Z   ^~~~~~~~~~~~~~~~~~~~~~~~~~~~~~~~~~~~~~~~~~~~~~~~~~~~~~~~~~~~~~~~~~~~~~
2022-12-27T02:56:14.3539880Z   third_party/boringssl/include/openssl/type_check.h:83:45: note: expanded from macro 'OPENSSL_COMPILE_ASSERT'
2022-12-27T02:56:14.3542320Z     typedef char OPENSSL_COMPILE_ASSERT_##msg[((cond) ? 1 : -1)]
2022-12-27T02:56:14.3544640Z                                               ^~~~~~~~~~~~~~~~~
2022-12-27T02:56:14.3547420Z   src/boringssl/err_data.c:40:24: error: use of undeclared identifier 'ERR_LIB_PKCS8'
2022-12-27T02:56:14.3549840Z   OPENSSL_COMPILE_ASSERT(ERR_LIB_PKCS8 == 19, library_values_changed_19);
2022-12-27T02:56:14.3552210Z                          ^
2022-12-27T02:56:14.3555120Z   src/boringssl/err_data.c:41:1: error: 'OPENSSL_COMPILE_ASSERT_library_values_changed_20' declared as an array with a negative size
2022-12-27T02:56:14.3557480Z   OPENSSL_COMPILE_ASSERT(ERR_LIB_X509V3 == 20, library_values_changed_20);
2022-12-27T02:56:14.3559970Z   ^~~~~~~~~~~~~~~~~~~~~~~~~~~~~~~~~~~~~~~~~~~~~~~~~~~~~~~~~~~~~~~~~~~~~~~
2022-12-27T02:56:14.3562830Z   third_party/boringssl/include/openssl/type_check.h:83:45: note: expanded from macro 'OPENSSL_COMPILE_ASSERT'
2022-12-27T02:56:14.3565280Z     typedef char OPENSSL_COMPILE_ASSERT_##msg[((cond) ? 1 : -1)]
2022-12-27T02:56:14.3567700Z                                               ^~~~~~~~~~~~~~~~~
2022-12-27T02:56:14.3570590Z   src/boringssl/err_data.c:42:1: error: 'OPENSSL_COMPILE_ASSERT_library_values_changed_21' declared as an array with a negative size
2022-12-27T02:56:14.3572930Z   OPENSSL_COMPILE_ASSERT(ERR_LIB_RAND == 21, library_values_changed_21);
2022-12-27T02:56:14.3575340Z   ^~~~~~~~~~~~~~~~~~~~~~~~~~~~~~~~~~~~~~~~~~~~~~~~~~~~~~~~~~~~~~~~~~~~~
2022-12-27T02:56:14.3578170Z   third_party/boringssl/include/openssl/type_check.h:83:45: note: expanded from macro 'OPENSSL_COMPILE_ASSERT'
2022-12-27T02:56:14.3581120Z     typedef char OPENSSL_COMPILE_ASSERT_##msg[((cond) ? 1 : -1)]
2022-12-27T02:56:14.3583430Z                                               ^~~~~~~~~~~~~~~~~
2022-12-27T02:56:14.3586350Z   src/boringssl/err_data.c:43:1: error: 'OPENSSL_COMPILE_ASSERT_library_values_changed_22' declared as an array with a negative size
2022-12-27T02:56:14.3588660Z   OPENSSL_COMPILE_ASSERT(ERR_LIB_ENGINE == 22, library_values_changed_22);
2022-12-27T02:56:14.3591060Z   ^~~~~~~~~~~~~~~~~~~~~~~~~~~~~~~~~~~~~~~~~~~~~~~~~~~~~~~~~~~~~~~~~~~~~~~
2022-12-27T02:56:14.3593910Z   third_party/boringssl/include/openssl/type_check.h:83:45: note: expanded from macro 'OPENSSL_COMPILE_ASSERT'
2022-12-27T02:56:14.3596420Z     typedef char OPENSSL_COMPILE_ASSERT_##msg[((cond) ? 1 : -1)]
2022-12-27T02:56:14.3598920Z                                               ^~~~~~~~~~~~~~~~~
2022-12-27T02:56:14.3601830Z   src/boringssl/err_data.c:44:1: error: 'OPENSSL_COMPILE_ASSERT_library_values_changed_23' declared as an array with a negative size
2022-12-27T02:56:14.3604200Z   OPENSSL_COMPILE_ASSERT(ERR_LIB_OCSP == 23, library_values_changed_23);
2022-12-27T02:56:14.3606770Z   ^~~~~~~~~~~~~~~~~~~~~~~~~~~~~~~~~~~~~~~~~~~~~~~~~~~~~~~~~~~~~~~~~~~~~
2022-12-27T02:56:14.3609450Z   third_party/boringssl/include/openssl/type_check.h:83:45: note: expanded from macro 'OPENSSL_COMPILE_ASSERT'
2022-12-27T02:56:14.3611890Z     typedef char OPENSSL_COMPILE_ASSERT_##msg[((cond) ? 1 : -1)]
2022-12-27T02:56:14.3614210Z                                               ^~~~~~~~~~~~~~~~~
2022-12-27T02:56:14.3617110Z   src/boringssl/err_data.c:45:1: error: 'OPENSSL_COMPILE_ASSERT_library_values_changed_24' declared as an array with a negative size
2022-12-27T02:56:14.3619560Z   OPENSSL_COMPILE_ASSERT(ERR_LIB_UI == 24, library_values_changed_24);
2022-12-27T02:56:14.3621970Z   ^~~~~~~~~~~~~~~~~~~~~~~~~~~~~~~~~~~~~~~~~~~~~~~~~~~~~~~~~~~~~~~~~~~
2022-12-27T02:56:14.3624820Z   third_party/boringssl/include/openssl/type_check.h:83:45: note: expanded from macro 'OPENSSL_COMPILE_ASSERT'
2022-12-27T02:56:14.3627300Z     typedef char OPENSSL_COMPILE_ASSERT_##msg[((cond) ? 1 : -1)]
2022-12-27T02:56:14.3629630Z                                               ^~~~~~~~~~~~~~~~~
2022-12-27T02:56:14.3632540Z   src/boringssl/err_data.c:46:1: error: 'OPENSSL_COMPILE_ASSERT_library_values_changed_25' declared as an array with a negative size
2022-12-27T02:56:14.3634840Z   OPENSSL_COMPILE_ASSERT(ERR_LIB_COMP == 25, library_values_changed_25);
2022-12-27T02:56:14.3637400Z   ^~~~~~~~~~~~~~~~~~~~~~~~~~~~~~~~~~~~~~~~~~~~~~~~~~~~~~~~~~~~~~~~~~~~~
2022-12-27T02:56:14.3640610Z   third_party/boringssl/include/openssl/type_check.h:83:45: note: expanded from macro 'OPENSSL_COMPILE_ASSERT'
2022-12-27T02:56:14.3642840Z     typedef char OPENSSL_COMPILE_ASSERT_##msg[((cond) ? 1 : -1)]
2022-12-27T02:56:14.3645080Z                                               ^~~~~~~~~~~~~~~~~
2022-12-27T02:56:14.3648260Z   src/boringssl/err_data.c:47:1: error: 'OPENSSL_COMPILE_ASSERT_library_values_changed_26' declared as an array with a negative size
2022-12-27T02:56:14.3650100Z   OPENSSL_COMPILE_ASSERT(ERR_LIB_ECDSA == 26, library_values_changed_26);
2022-12-27T02:56:14.3652910Z   ^~~~~~~~~~~~~~~~~~~~~~~~~~~~~~~~~~~~~~~~~~~~~~~~~~~~~~~~~~~~~~~~~~~~~~
2022-12-27T02:56:14.3655510Z   third_party/boringssl/include/openssl/type_check.h:83:45: note: expanded from macro 'OPENSSL_COMPILE_ASSERT'
2022-12-27T02:56:14.3657920Z     typedef char OPENSSL_COMPILE_ASSERT_##msg[((cond) ? 1 : -1)]
2022-12-27T02:56:14.3660720Z                                               ^~~~~~~~~~~~~~~~~
2022-12-27T02:56:14.3663220Z   src/boringssl/err_data.c:48:1: error: 'OPENSSL_COMPILE_ASSERT_library_values_changed_27' declared as an array with a negative size
2022-12-27T02:56:14.3665870Z   OPENSSL_COMPILE_ASSERT(ERR_LIB_ECDH == 27, library_values_changed_27);
2022-12-27T02:56:14.3667890Z   ^~~~~~~~~~~~~~~~~~~~~~~~~~~~~~~~~~~~~~~~~~~~~~~~~~~~~~~~~~~~~~~~~~~~~
2022-12-27T02:56:14.3670990Z   third_party/boringssl/include/openssl/type_check.h:83:45: note: expanded from macro 'OPENSSL_COMPILE_ASSERT'
2022-12-27T02:56:14.3673180Z     typedef char OPENSSL_COMPILE_ASSERT_##msg[((cond) ? 1 : -1)]
2022-12-27T02:56:14.3675450Z                                               ^~~~~~~~~~~~~~~~~
2022-12-27T02:56:14.3678140Z   fatal error: too many errors emitted, stopping now [-ferror-limit=]
2022-12-27T02:56:14.3680530Z   62 warnings and 20 errors generated.
2022-12-27T02:56:14.3683260Z   creating var
2022-12-27T02:56:14.3685400Z   creating var/folders
2022-12-27T02:56:14.3687940Z   creating var/folders/51
2022-12-27T02:56:14.3690470Z   creating var/folders/51/hd414ycd67n82196sw51xqtc0000gn
2022-12-27T02:56:14.3692980Z   creating var/folders/51/hd414ycd67n82196sw51xqtc0000gn/T
2022-12-27T02:56:14.3695460Z   creating var/folders/51/hd414ycd67n82196sw51xqtc0000gn/T/tmpdu047zq9
2022-12-27T02:56:14.3699880Z   gcc -Wno-unused-result -Wsign-compare -Wunreachable-code -fno-common -dynamic -DNDEBUG -g -fwrapv -O3 -Wall -g -I/usr/local/opt/openssl@3/include -I/usr/local/opt/openssl@3/include -arch arm64 -I/private/var/folders/51/hd414ycd67n82196sw51xqtc0000gn/T/cibw-run-mrsz5j_c/cp39-macosx_arm64/build/venv/include -I/Library/Frameworks/Python.framework/Versions/3.9/include/python3.9 -c /var/folders/51/hd414ycd67n82196sw51xqtc0000gn/T/tmpdu047zq9/a.c -o var/folders/51/hd414ycd67n82196sw51xqtc0000gn/T/tmpdu047zq9/a.o
2022-12-27T02:56:14.3899060Z   Traceback (most recent call last):
2022-12-27T02:56:14.3924130Z     File "/private/var/folders/51/hd414ycd67n82196sw51xqtc0000gn/T/cibw-run-mrsz5j_c/cp39-macosx_arm64/build/venv/lib/python3.9/site-packages/setuptools/_distutils/unixccompiler.py", line 186, in _compile
2022-12-27T02:56:14.3925430Z       self.spawn(compiler_so + cc_args + [src, '-o', obj] + extra_postargs)
2022-12-27T02:56:14.3926710Z     File "/Users/runner/actions-runner/_work/python.build/python.build/build_grpcio10139/grpcio-1.0.1/src/python/grpcio/_spawn_patch.py", line 67, in _commandfile_spawn
2022-12-27T02:56:14.3927460Z       _classic_spawn(self, command)
2022-12-27T02:56:14.3928680Z     File "/private/var/folders/51/hd414ycd67n82196sw51xqtc0000gn/T/cibw-run-mrsz5j_c/cp39-macosx_arm64/build/venv/lib/python3.9/site-packages/setuptools/_distutils/ccompiler.py", line 1007, in spawn
2022-12-27T02:56:14.3931470Z       spawn(cmd, dry_run=self.dry_run, **kwargs)
2022-12-27T02:56:14.3935060Z     File "/private/var/folders/51/hd414ycd67n82196sw51xqtc0000gn/T/cibw-run-mrsz5j_c/cp39-macosx_arm64/build/venv/lib/python3.9/site-packages/setuptools/_distutils/spawn.py", line 70, in spawn
2022-12-27T02:56:14.3936570Z       raise DistutilsExecError(
2022-12-27T02:56:14.3939900Z   distutils.errors.DistutilsExecError: command '/usr/bin/gcc' failed with exit code 1
2022-12-27T02:56:14.3942270Z 
2022-12-27T02:56:14.3944730Z   During handling of the above exception, another exception occurred:
2022-12-27T02:56:14.3946940Z 
2022-12-27T02:56:14.3949570Z   Traceback (most recent call last):
2022-12-27T02:56:14.3952770Z     File "/Users/runner/actions-runner/_work/python.build/python.build/build_grpcio10139/grpcio-1.0.1/src/python/grpcio/commands.py", line 205, in build_extensions
2022-12-27T02:56:14.3954500Z       build_ext.build_ext.build_extensions(self)
2022-12-27T02:56:14.3958260Z     File "/private/var/folders/51/hd414ycd67n82196sw51xqtc0000gn/T/cibw-run-mrsz5j_c/cp39-macosx_arm64/build/venv/lib/python3.9/site-packages/Cython/Distutils/old_build_ext.py", line 195, in build_extensions
2022-12-27T02:56:14.3960240Z       _build_ext.build_ext.build_extensions(self)
2022-12-27T02:56:14.3963890Z     File "/private/var/folders/51/hd414ycd67n82196sw51xqtc0000gn/T/cibw-run-mrsz5j_c/cp39-macosx_arm64/build/venv/lib/python3.9/site-packages/setuptools/_distutils/command/build_ext.py", line 468, in build_extensions
2022-12-27T02:56:14.3965870Z       self._build_extensions_serial()
2022-12-27T02:56:14.3969520Z     File "/private/var/folders/51/hd414ycd67n82196sw51xqtc0000gn/T/cibw-run-mrsz5j_c/cp39-macosx_arm64/build/venv/lib/python3.9/site-packages/setuptools/_distutils/command/build_ext.py", line 494, in _build_extensions_serial
2022-12-27T02:56:14.3971420Z       self.build_extension(ext)
2022-12-27T02:56:14.3975030Z     File "/private/var/folders/51/hd414ycd67n82196sw51xqtc0000gn/T/cibw-run-mrsz5j_c/cp39-macosx_arm64/build/venv/lib/python3.9/site-packages/setuptools/command/build_ext.py", line 246, in build_extension
2022-12-27T02:56:14.3976990Z       _build_ext.build_extension(self, ext)
2022-12-27T02:56:14.3980930Z     File "/private/var/folders/51/hd414ycd67n82196sw51xqtc0000gn/T/cibw-run-mrsz5j_c/cp39-macosx_arm64/build/venv/lib/python3.9/site-packages/setuptools/_distutils/command/build_ext.py", line 549, in build_extension
2022-12-27T02:56:14.3982600Z       objects = self.compiler.compile(
2022-12-27T02:56:14.3986000Z     File "/private/var/folders/51/hd414ycd67n82196sw51xqtc0000gn/T/cibw-run-mrsz5j_c/cp39-macosx_arm64/build/venv/lib/python3.9/site-packages/setuptools/_distutils/ccompiler.py", line 599, in compile
2022-12-27T02:56:14.3987930Z       self._compile(obj, src, ext, cc_args, extra_postargs, pp_opts)
2022-12-27T02:56:14.3991770Z     File "/private/var/folders/51/hd414ycd67n82196sw51xqtc0000gn/T/cibw-run-mrsz5j_c/cp39-macosx_arm64/build/venv/lib/python3.9/site-packages/setuptools/_distutils/unixccompiler.py", line 188, in _compile
2022-12-27T02:56:14.3993370Z       raise CompileError(msg)
2022-12-27T02:56:14.3996390Z   distutils.errors.CompileError: command '/usr/bin/gcc' failed with exit code 1
2022-12-27T02:56:14.3998470Z 
2022-12-27T02:56:14.4001410Z   During handling of the above exception, another exception occurred:
2022-12-27T02:56:14.4003600Z 
2022-12-27T02:56:14.4006380Z   Traceback (most recent call last):
2022-12-27T02:56:14.4008920Z     File "<string>", line 2, in <module>
2022-12-27T02:56:14.4011630Z     File "<pip-setuptools-caller>", line 34, in <module>
2022-12-27T02:56:14.4014620Z     File "/Users/runner/actions-runner/_work/python.build/python.build/build_grpcio10139/grpcio-1.0.1/setup.py", line 259, in <module>
2022-12-27T02:56:14.4016800Z       setuptools.setup(
2022-12-27T02:56:14.4020020Z     File "/private/var/folders/51/hd414ycd67n82196sw51xqtc0000gn/T/cibw-run-mrsz5j_c/cp39-macosx_arm64/build/venv/lib/python3.9/site-packages/setuptools/__init__.py", line 87, in setup
2022-12-27T02:56:14.4022280Z       return distutils.core.setup(**attrs)
2022-12-27T02:56:14.4025410Z     File "/private/var/folders/51/hd414ycd67n82196sw51xqtc0000gn/T/cibw-run-mrsz5j_c/cp39-macosx_arm64/build/venv/lib/python3.9/site-packages/setuptools/_distutils/core.py", line 185, in setup
2022-12-27T02:56:14.4027300Z       return run_commands(dist)
2022-12-27T02:56:14.4030680Z     File "/private/var/folders/51/hd414ycd67n82196sw51xqtc0000gn/T/cibw-run-mrsz5j_c/cp39-macosx_arm64/build/venv/lib/python3.9/site-packages/setuptools/_distutils/core.py", line 201, in run_commands
2022-12-27T02:56:14.4032570Z       dist.run_commands()
2022-12-27T02:56:14.4035990Z     File "/private/var/folders/51/hd414ycd67n82196sw51xqtc0000gn/T/cibw-run-mrsz5j_c/cp39-macosx_arm64/build/venv/lib/python3.9/site-packages/setuptools/_distutils/dist.py", line 969, in run_commands
2022-12-27T02:56:14.4037830Z       self.run_command(cmd)
2022-12-27T02:56:14.4041300Z     File "/private/var/folders/51/hd414ycd67n82196sw51xqtc0000gn/T/cibw-run-mrsz5j_c/cp39-macosx_arm64/build/venv/lib/python3.9/site-packages/setuptools/dist.py", line 1208, in run_command
2022-12-27T02:56:14.4043560Z       super().run_command(command)
2022-12-27T02:56:14.4046710Z     File "/private/var/folders/51/hd414ycd67n82196sw51xqtc0000gn/T/cibw-run-mrsz5j_c/cp39-macosx_arm64/build/venv/lib/python3.9/site-packages/setuptools/_distutils/dist.py", line 988, in run_command
2022-12-27T02:56:14.4048550Z       cmd_obj.run()
2022-12-27T02:56:14.4051950Z     File "/private/var/folders/51/hd414ycd67n82196sw51xqtc0000gn/T/cibw-run-mrsz5j_c/cp39-macosx_arm64/build/venv/lib/python3.9/site-packages/wheel/bdist_wheel.py", line 325, in run
2022-12-27T02:56:14.4053770Z       self.run_command("build")
2022-12-27T02:56:14.4057100Z     File "/private/var/folders/51/hd414ycd67n82196sw51xqtc0000gn/T/cibw-run-mrsz5j_c/cp39-macosx_arm64/build/venv/lib/python3.9/site-packages/setuptools/_distutils/cmd.py", line 318, in run_command
2022-12-27T02:56:14.4059030Z       self.distribution.run_command(command)
2022-12-27T02:56:14.4062230Z     File "/private/var/folders/51/hd414ycd67n82196sw51xqtc0000gn/T/cibw-run-mrsz5j_c/cp39-macosx_arm64/build/venv/lib/python3.9/site-packages/setuptools/dist.py", line 1208, in run_command
2022-12-27T02:56:14.4064070Z       super().run_command(command)
2022-12-27T02:56:14.4067390Z     File "/private/var/folders/51/hd414ycd67n82196sw51xqtc0000gn/T/cibw-run-mrsz5j_c/cp39-macosx_arm64/build/venv/lib/python3.9/site-packages/setuptools/_distutils/dist.py", line 988, in run_command
2022-12-27T02:56:14.4069190Z       cmd_obj.run()
2022-12-27T02:56:14.4072570Z     File "/private/var/folders/51/hd414ycd67n82196sw51xqtc0000gn/T/cibw-run-mrsz5j_c/cp39-macosx_arm64/build/venv/lib/python3.9/site-packages/setuptools/_distutils/command/build.py", line 132, in run
2022-12-27T02:56:14.4074340Z       self.run_command(cmd_name)
2022-12-27T02:56:14.4077920Z     File "/private/var/folders/51/hd414ycd67n82196sw51xqtc0000gn/T/cibw-run-mrsz5j_c/cp39-macosx_arm64/build/venv/lib/python3.9/site-packages/setuptools/_distutils/cmd.py", line 318, in run_command
2022-12-27T02:56:14.4079600Z       self.distribution.run_command(command)
2022-12-27T02:56:14.4082980Z     File "/private/var/folders/51/hd414ycd67n82196sw51xqtc0000gn/T/cibw-run-mrsz5j_c/cp39-macosx_arm64/build/venv/lib/python3.9/site-packages/setuptools/dist.py", line 1208, in run_command
2022-12-27T02:56:14.4085430Z       super().run_command(command)
2022-12-27T02:56:14.4088650Z     File "/private/var/folders/51/hd414ycd67n82196sw51xqtc0000gn/T/cibw-run-mrsz5j_c/cp39-macosx_arm64/build/venv/lib/python3.9/site-packages/setuptools/_distutils/dist.py", line 988, in run_command
2022-12-27T02:56:14.4090730Z       cmd_obj.run()
2022-12-27T02:56:14.4094050Z     File "/private/var/folders/51/hd414ycd67n82196sw51xqtc0000gn/T/cibw-run-mrsz5j_c/cp39-macosx_arm64/build/venv/lib/python3.9/site-packages/setuptools/command/build_ext.py", line 84, in run
2022-12-27T02:56:14.4095740Z       _build_ext.run(self)
2022-12-27T02:56:14.4099090Z     File "/private/var/folders/51/hd414ycd67n82196sw51xqtc0000gn/T/cibw-run-mrsz5j_c/cp39-macosx_arm64/build/venv/lib/python3.9/site-packages/Cython/Distutils/old_build_ext.py", line 186, in run
2022-12-27T02:56:14.4101000Z       _build_ext.build_ext.run(self)
2022-12-27T02:56:14.4104450Z     File "/private/var/folders/51/hd414ycd67n82196sw51xqtc0000gn/T/cibw-run-mrsz5j_c/cp39-macosx_arm64/build/venv/lib/python3.9/site-packages/setuptools/_distutils/command/build_ext.py", line 346, in run
2022-12-27T02:56:14.4106130Z       self.build_extensions()
2022-12-27T02:56:14.4109530Z     File "/Users/runner/actions-runner/_work/python.build/python.build/build_grpcio10139/grpcio-1.0.1/src/python/grpcio/commands.py", line 209, in build_extensions
2022-12-27T02:56:14.4111320Z       raise CommandError(
2022-12-27T02:56:14.4114110Z   commands.CommandError: Failed `build_ext` step:
2022-12-27T02:56:14.4116960Z   Traceback (most recent call last):
2022-12-27T02:56:14.4120170Z     File "/private/var/folders/51/hd414ycd67n82196sw51xqtc0000gn/T/cibw-run-mrsz5j_c/cp39-macosx_arm64/build/venv/lib/python3.9/site-packages/setuptools/_distutils/unixccompiler.py", line 186, in _compile
2022-12-27T02:56:14.4122190Z       self.spawn(compiler_so + cc_args + [src, '-o', obj] + extra_postargs)
2022-12-27T02:56:14.4125180Z     File "/Users/runner/actions-runner/_work/python.build/python.build/build_grpcio10139/grpcio-1.0.1/src/python/grpcio/_spawn_patch.py", line 67, in _commandfile_spawn
2022-12-27T02:56:14.4127250Z       _classic_spawn(self, command)
2022-12-27T02:56:14.4130430Z     File "/private/var/folders/51/hd414ycd67n82196sw51xqtc0000gn/T/cibw-run-mrsz5j_c/cp39-macosx_arm64/build/venv/lib/python3.9/site-packages/setuptools/_distutils/ccompiler.py", line 1007, in spawn
2022-12-27T02:56:14.4132230Z       spawn(cmd, dry_run=self.dry_run, **kwargs)
2022-12-27T02:56:14.4135510Z     File "/private/var/folders/51/hd414ycd67n82196sw51xqtc0000gn/T/cibw-run-mrsz5j_c/cp39-macosx_arm64/build/venv/lib/python3.9/site-packages/setuptools/_distutils/spawn.py", line 70, in spawn
2022-12-27T02:56:14.4137420Z       raise DistutilsExecError(
2022-12-27T02:56:14.4140530Z   distutils.errors.DistutilsExecError: command '/usr/bin/gcc' failed with exit code 1
2022-12-27T02:56:14.4142500Z 
2022-12-27T02:56:14.4145270Z   During handling of the above exception, another exception occurred:
2022-12-27T02:56:14.4147470Z 
2022-12-27T02:56:14.4150040Z   Traceback (most recent call last):
2022-12-27T02:56:14.4153180Z     File "/Users/runner/actions-runner/_work/python.build/python.build/build_grpcio10139/grpcio-1.0.1/src/python/grpcio/commands.py", line 205, in build_extensions
2022-12-27T02:56:14.4155280Z       build_ext.build_ext.build_extensions(self)
2022-12-27T02:56:14.4158630Z     File "/private/var/folders/51/hd414ycd67n82196sw51xqtc0000gn/T/cibw-run-mrsz5j_c/cp39-macosx_arm64/build/venv/lib/python3.9/site-packages/Cython/Distutils/old_build_ext.py", line 195, in build_extensions
2022-12-27T02:56:14.4161110Z       _build_ext.build_ext.build_extensions(self)
2022-12-27T02:56:14.4164220Z     File "/private/var/folders/51/hd414ycd67n82196sw51xqtc0000gn/T/cibw-run-mrsz5j_c/cp39-macosx_arm64/build/venv/lib/python3.9/site-packages/setuptools/_distutils/command/build_ext.py", line 468, in build_extensions
2022-12-27T02:56:14.4165820Z       self._build_extensions_serial()
2022-12-27T02:56:14.4169190Z     File "/private/var/folders/51/hd414ycd67n82196sw51xqtc0000gn/T/cibw-run-mrsz5j_c/cp39-macosx_arm64/build/venv/lib/python3.9/site-packages/setuptools/_distutils/command/build_ext.py", line 494, in _build_extensions_serial
2022-12-27T02:56:14.4171010Z       self.build_extension(ext)
2022-12-27T02:56:14.4174410Z     File "/private/var/folders/51/hd414ycd67n82196sw51xqtc0000gn/T/cibw-run-mrsz5j_c/cp39-macosx_arm64/build/venv/lib/python3.9/site-packages/setuptools/command/build_ext.py", line 246, in build_extension
2022-12-27T02:56:14.4176160Z       _build_ext.build_extension(self, ext)
2022-12-27T02:56:14.4179770Z     File "/private/var/folders/51/hd414ycd67n82196sw51xqtc0000gn/T/cibw-run-mrsz5j_c/cp39-macosx_arm64/build/venv/lib/python3.9/site-packages/setuptools/_distutils/command/build_ext.py", line 549, in build_extension
2022-12-27T02:56:14.4181720Z       objects = self.compiler.compile(
2022-12-27T02:56:14.4185260Z     File "/private/var/folders/51/hd414ycd67n82196sw51xqtc0000gn/T/cibw-run-mrsz5j_c/cp39-macosx_arm64/build/venv/lib/python3.9/site-packages/setuptools/_distutils/ccompiler.py", line 599, in compile
2022-12-27T02:56:14.4187060Z       self._compile(obj, src, ext, cc_args, extra_postargs, pp_opts)
2022-12-27T02:56:14.4190740Z     File "/private/var/folders/51/hd414ycd67n82196sw51xqtc0000gn/T/cibw-run-mrsz5j_c/cp39-macosx_arm64/build/venv/lib/python3.9/site-packages/setuptools/_distutils/unixccompiler.py", line 188, in _compile
2022-12-27T02:56:14.4192890Z       raise CompileError(msg)
2022-12-27T02:56:14.4195830Z   distutils.errors.CompileError: command '/usr/bin/gcc' failed with exit code 1
2022-12-27T02:56:14.4198020Z 
2022-12-27T02:56:14.5113730Z   error: subprocess-exited-with-error
2022-12-27T02:56:14.5115780Z   
2022-12-27T02:56:14.5117270Z   Ã— python setup.py bdist_wheel did not run successfully.
2022-12-27T02:56:14.5117860Z   â”‚ exit code: 1
2022-12-27T02:56:14.5118210Z   â•°â”€> See above for output.
2022-12-27T02:56:14.5118420Z   
2022-12-27T02:56:14.5118840Z   note: This error originates from a subprocess, and is likely not a problem with pip.
2022-12-27T02:56:14.5130510Z   full command: /private/var/folders/51/hd414ycd67n82196sw51xqtc0000gn/T/cibw-run-mrsz5j_c/cp39-macosx_arm64/build/venv/bin/python -u -c '
2022-12-27T02:56:14.5130960Z   exec(compile('"'"''"'"''"'"'
2022-12-27T02:56:14.5131360Z   # This is <pip-setuptools-caller> -- a caller that pip uses to run setup.py
2022-12-27T02:56:14.5131640Z   #
2022-12-27T02:56:14.5132010Z   # - It imports setuptools before invoking setup.py, to enable projects that directly
2022-12-27T02:56:14.5132400Z   #   import from `distutils.core` to work with newer packaging standards.
2022-12-27T02:56:14.5132860Z   # - It provides a clear error message when setuptools is not installed.
2022-12-27T02:56:14.5133320Z   # - It sets `sys.argv[0]` to the underlying `setup.py`, when invoking `setup.py` so
2022-12-27T02:56:14.5133770Z   #   setuptools doesn'"'"'t think the script is `-c`. This avoids the following warning:
2022-12-27T02:56:14.5134190Z   #     manifest_maker: standard file '"'"'-c'"'"' not found".
2022-12-27T02:56:14.5134620Z   # - It generates a shim setup.py, for handling setup.cfg-only projects.
2022-12-27T02:56:14.5134930Z   import os, sys, tokenize
2022-12-27T02:56:14.5135120Z   
2022-12-27T02:56:14.5135290Z   try:
2022-12-27T02:56:14.5135470Z       import setuptools
2022-12-27T02:56:14.5135700Z   except ImportError as error:
2022-12-27T02:56:14.5135910Z       print(
2022-12-27T02:56:14.5138060Z   Building wheel for grpcio (setup.py): finished with status 'error'
2022-12-27T02:56:14.5142240Z           "ERROR: Can not execute `setup.py` since setuptools is not available in "
2022-12-27T02:56:14.5143110Z           "the build environment.",
2022-12-27T02:56:14.5143500Z           file=sys.stderr,
2022-12-27T02:56:14.5143760Z       )
2022-12-27T02:56:14.5143990Z       sys.exit(1)
2022-12-27T02:56:14.5144220Z   
2022-12-27T02:56:14.5144430Z   __file__ = %r
2022-12-27T02:56:14.5144670Z   sys.argv[0] = __file__
2022-12-27T02:56:14.5144950Z   
2022-12-27T02:56:14.5145250Z   if os.path.exists(__file__):
2022-12-27T02:56:14.5145650Z       filename = __file__
2022-12-27T02:56:14.5145940Z       with tokenize.open(__file__) as f:
2022-12-27T02:56:14.5146660Z           setup_py_code = f.read()
2022-12-27T02:56:14.5147200Z   else:
2022-12-27T02:56:14.5148340Z       filename = "<auto-generated setuptools caller>"
2022-12-27T02:56:14.5149130Z       setup_py_code = "from setuptools import setup; setup()"
2022-12-27T02:56:14.5149650Z   
2022-12-27T02:56:14.5150190Z   exec(compile(setup_py_code, filename, "exec"))
2022-12-27T02:56:14.5150820Z   Running setup.py clean for grpcio
2022-12-27T02:56:14.5162550Z   '"'"''"'"''"'"' % ('"'"'/Users/runner/actions-runner/_work/python.build/python.build/build_grpcio10139/grpcio-1.0.1/setup.py'"'"',), "<pip-setuptools-caller>", "exec"))' bdist_wheel -d /private/var/folders/51/hd414ycd67n82196sw51xqtc0000gn/T/pip-wheel-2324cnfc
2022-12-27T02:56:14.5164360Z   cwd: /Users/runner/actions-runner/_work/python.build/python.build/build_grpcio10139/grpcio-1.0.1/
2022-12-27T02:56:14.5165300Z   ERROR: Failed building wheel for grpcio
2022-12-27T02:56:14.5166020Z   Running command python setup.py clean
2022-12-27T02:56:15.2294640Z   /private/var/folders/51/hd414ycd67n82196sw51xqtc0000gn/T/cibw-run-mrsz5j_c/cp39-macosx_arm64/build/venv/lib/python3.9/site-packages/setuptools/installer.py:27: SetuptoolsDeprecationWarning: setuptools.installer is deprecated. Requirements should be satisfied by a PEP 517 installer.
2022-12-27T02:56:15.2296450Z     warnings.warn(
2022-12-27T02:56:15.6361370Z   running clean
2022-12-27T02:56:15.6715500Z   removing 'python_build/temp.macosx-11.0-arm64-cpython-39' (and everything under it)
2022-12-27T02:56:15.6889170Z   removing 'python_build/lib.macosx-11.0-arm64-cpython-39' (and everything under it)
2022-12-27T02:56:15.6971000Z   'python_build/bdist.macosx-11.0-arm64' does not exist -- can't clean it
2022-12-27T02:56:15.6972300Z   'python_build/scripts-3.9' does not exist -- can't clean it
2022-12-27T02:56:15.6975180Z   removing 'python_build'
2022-12-27T02:56:15.7751710Z Failed to build grpcio
2022-12-27T02:56:15.7761670Z ERROR: Failed to build one or more wheels
2022-12-27T02:56:15.7778780Z Exception information:
2022-12-27T02:56:15.7779300Z Traceback (most recent call last):
2022-12-27T02:56:15.7780780Z   File "/private/var/folders/51/hd414ycd67n82196sw51xqtc0000gn/T/cibw-run-mrsz5j_c/cp39-macosx_arm64/build/venv/lib/python3.9/site-packages/pip/_internal/cli/base_command.py", line 160, in exc_logging_wrapper
2022-12-27T02:56:15.7781430Z     status = run_func(*args)
2022-12-27T02:56:15.7782280Z   File "/private/var/folders/51/hd414ycd67n82196sw51xqtc0000gn/T/cibw-run-mrsz5j_c/cp39-macosx_arm64/build/venv/lib/python3.9/site-packages/pip/_internal/cli/req_command.py", line 247, in wrapper
2022-12-27T02:56:15.7782880Z     return func(self, options, args)
2022-12-27T02:56:15.7783540Z   File "/private/var/folders/51/hd414ycd67n82196sw51xqtc0000gn/T/cibw-run-mrsz5j_c/cp39-macosx_arm64/build/venv/lib/python3.9/site-packages/pip/_internal/commands/wheel.py", line 201, in run
2022-12-27T02:56:15.7784030Z     raise CommandError("Failed to build one or more wheels")
2022-12-27T02:56:15.7784380Z pip._internal.exceptions.CommandError: Failed to build one or more wheels
2022-12-27T02:56:15.7784920Z Removed build tracker: '/private/var/folders/51/hd414ycd67n82196sw51xqtc0000gn/T/pip-build-tracker-34rp6910'
2022-12-27T02:56:15.8706910Z ##[error]Command ['python', '-m', 'pip', 'wheel', '/Users/runner/actions-runner/_work/python.build/python.build/build_grpcio10139/grpcio-1.0.1', '--wheel-dir=/private/var/folders/51/hd414ycd67n82196sw51xqtc0000gn/T/cibw-run-mrsz5j_c/cp39-macosx_arm64/built_wheel', '--no-deps', '-vvv'] failed with code 1. None
2022-12-27T02:56:15.8716820Z ##[endgroup]
2022-12-27T02:56:15.8717000Z 
2022-12-27T02:56:15.8717470Z                                                              [31mâœ• [0m27.18s
2022-12-27T02:56:15.9773560Z ##[error]Process completed with exit code 1.
2022-12-27T02:56:15.9823540Z ##[group]Run rm -rf build_grpcio10139 wheelsout
2022-12-27T02:56:15.9823830Z [36;1mrm -rf build_grpcio10139 wheelsout[0m
2022-12-27T02:56:15.9849990Z shell: /bin/bash -e {0}
2022-12-27T02:56:15.9850170Z env:
2022-12-27T02:56:15.9850410Z   pythonLocation: /Users/runner/hostedtoolcache/Python/3.9.16/x64
2022-12-27T02:56:15.9850740Z   PKG_CONFIG_PATH: /Users/runner/hostedtoolcache/Python/3.9.16/x64/lib/pkgconfig
2022-12-27T02:56:15.9851070Z   Python_ROOT_DIR: /Users/runner/hostedtoolcache/Python/3.9.16/x64
2022-12-27T02:56:15.9851390Z   Python2_ROOT_DIR: /Users/runner/hostedtoolcache/Python/3.9.16/x64
2022-12-27T02:56:15.9851690Z   Python3_ROOT_DIR: /Users/runner/hostedtoolcache/Python/3.9.16/x64
2022-12-27T02:56:15.9851930Z ##[endgroup]
2022-12-27T02:56:16.6294720Z Cleaning up orphan processes
