2022-12-27T08:51:23.4137278Z Requested labels: self-hosted, macOS, X64
2022-12-27T08:51:23.4137346Z Job defined at: kilnbuild/python.build/.github/workflows/mac_arm_build.yml@refs/heads/main
2022-12-27T08:51:23.4137370Z Waiting for a runner to pick up this job...
2022-12-27T11:22:14.2975907Z Job is about to start running on the runner: k1 (organization)
2022-12-27T11:22:17.7499930Z Current runner version: '2.300.2'
2022-12-27T11:22:17.7504410Z Runner name: 'k1'
2022-12-27T11:22:17.7504640Z Runner group name: 'Default'
2022-12-27T11:22:17.7505040Z Machine name: 'k1'
2022-12-27T11:22:17.7506430Z ##[group]GITHUB_TOKEN Permissions
2022-12-27T11:22:17.7506880Z Actions: write
2022-12-27T11:22:17.7507010Z Checks: write
2022-12-27T11:22:17.7507130Z Contents: write
2022-12-27T11:22:17.7507260Z Deployments: write
2022-12-27T11:22:17.7507390Z Discussions: write
2022-12-27T11:22:17.7507520Z Issues: write
2022-12-27T11:22:17.7507640Z Metadata: read
2022-12-27T11:22:17.7507760Z Packages: write
2022-12-27T11:22:17.7507890Z Pages: write
2022-12-27T11:22:17.7508020Z PullRequests: write
2022-12-27T11:22:17.7508160Z RepositoryProjects: write
2022-12-27T11:22:17.7508320Z SecurityEvents: write
2022-12-27T11:22:17.7508450Z Statuses: write
2022-12-27T11:22:17.7508570Z ##[endgroup]
2022-12-27T11:22:17.7510840Z Secret source: Actions
2022-12-27T11:22:17.7511140Z Prepare workflow directory
2022-12-27T11:22:17.8127730Z Prepare all required actions
2022-12-27T11:22:17.8242040Z Getting action download info
2022-12-27T11:22:18.2671970Z Download action repository 'actions/setup-python@v4' (SHA:5ccb29d8773c3f3f653e1705f474dfaa8a06a912)
2022-12-27T11:22:20.0052570Z Download action repository 'actions/upload-artifact@v3' (SHA:83fd05a356d7e2593de66fc9913b3002723633cb)
2022-12-27T11:22:21.3264800Z ##[group]Run echo '{
2022-12-27T11:22:21.3265110Z [36;1mecho '{[0m
2022-12-27T11:22:21.3265230Z [36;1m  "package_name": "lxml",[0m
2022-12-27T11:22:21.3265470Z [36;1m  "package_url": "https://files.pythonhosted.org/packages/6a/24/eda9547b19547c4d37ec6dbca1530923e54eae39be29950366b1f674d86a/lxml-1.3.3.tar.gz",[0m
2022-12-27T11:22:21.3265730Z [36;1m  "package_version": "1.3.3",[0m
2022-12-27T11:22:21.3265850Z [36;1m  "python_version": "3.9",[0m
2022-12-27T11:22:21.3265970Z [36;1m  "use_ccache": "true"[0m
2022-12-27T11:22:21.3266060Z [36;1m}'[0m
2022-12-27T11:22:21.3280950Z shell: /bin/bash -e {0}
2022-12-27T11:22:21.3281090Z ##[endgroup]
2022-12-27T11:22:21.3486830Z {
2022-12-27T11:22:21.3488170Z   "package_name": "lxml",
2022-12-27T11:22:21.3488770Z   "package_url": "https://files.pythonhosted.org/packages/6a/24/eda9547b19547c4d37ec6dbca1530923e54eae39be29950366b1f674d86a/lxml-1.3.3.tar.gz",
2022-12-27T11:22:21.3489040Z   "package_version": "1.3.3",
2022-12-27T11:22:21.3489300Z   "python_version": "3.9",
2022-12-27T11:22:21.3489450Z   "use_ccache": "true"
2022-12-27T11:22:21.3489600Z }
2022-12-27T11:22:21.3686390Z ##[group]Run actions/setup-python@v4
2022-12-27T11:22:21.3686580Z with:
2022-12-27T11:22:21.3686820Z   python-version: 3.9
2022-12-27T11:22:21.3687050Z   check-latest: false
2022-12-27T11:22:21.3687300Z   token: ***
2022-12-27T11:22:21.3687480Z   update-environment: true
2022-12-27T11:22:21.3687700Z ##[endgroup]
2022-12-27T11:22:21.4867070Z ##[group]Installed versions
2022-12-27T11:22:21.4973630Z Successfully set up CPython (3.9.16)
2022-12-27T11:22:21.4974240Z ##[endgroup]
2022-12-27T11:22:21.5115750Z ##[group]Run if [ "true" == "true" ]
2022-12-27T11:22:21.5116080Z [36;1mif [ "true" == "true" ][0m
2022-12-27T11:22:21.5116340Z [36;1mthen[0m
2022-12-27T11:22:21.5116560Z [36;1m  echo "CCACHE_PATH_PREPEND=/usr/local/opt/ccache/libexec" >> $GITHUB_OUTPUT[0m
2022-12-27T11:22:21.5116720Z [36;1melse[0m
2022-12-27T11:22:21.5116920Z [36;1m  echo "CCACHE_PATH_PREPEND=" >> $GITHUB_OUTPUT[0m
2022-12-27T11:22:21.5117390Z [36;1mfi[0m
2022-12-27T11:22:21.5133610Z shell: /bin/bash -e {0}
2022-12-27T11:22:21.5133790Z env:
2022-12-27T11:22:21.5134010Z   pythonLocation: /Users/runner/hostedtoolcache/Python/3.9.16/x64
2022-12-27T11:22:21.5134350Z   PKG_CONFIG_PATH: /Users/runner/hostedtoolcache/Python/3.9.16/x64/lib/pkgconfig
2022-12-27T11:22:21.5134610Z   Python_ROOT_DIR: /Users/runner/hostedtoolcache/Python/3.9.16/x64
2022-12-27T11:22:21.5134810Z   Python2_ROOT_DIR: /Users/runner/hostedtoolcache/Python/3.9.16/x64
2022-12-27T11:22:21.5135080Z   Python3_ROOT_DIR: /Users/runner/hostedtoolcache/Python/3.9.16/x64
2022-12-27T11:22:21.5135600Z ##[endgroup]
2022-12-27T11:22:21.5241550Z ##[group]Run echo "BUILD_NAME=$(echo lxml_1.3.3_3.9 | tr -dc '[:alnum:]\n\r' | tr '[:upper:]' '[:lower:]')" >> $GITHUB_OUTPUT
2022-12-27T11:22:21.5241950Z [36;1mecho "BUILD_NAME=$(echo lxml_1.3.3_3.9 | tr -dc '[:alnum:]\n\r' | tr '[:upper:]' '[:lower:]')" >> $GITHUB_OUTPUT[0m
2022-12-27T11:22:21.5255260Z shell: /bin/bash -e {0}
2022-12-27T11:22:21.5255490Z env:
2022-12-27T11:22:21.5255700Z   pythonLocation: /Users/runner/hostedtoolcache/Python/3.9.16/x64
2022-12-27T11:22:21.5255960Z   PKG_CONFIG_PATH: /Users/runner/hostedtoolcache/Python/3.9.16/x64/lib/pkgconfig
2022-12-27T11:22:21.5256170Z   Python_ROOT_DIR: /Users/runner/hostedtoolcache/Python/3.9.16/x64
2022-12-27T11:22:21.5256400Z   Python2_ROOT_DIR: /Users/runner/hostedtoolcache/Python/3.9.16/x64
2022-12-27T11:22:21.5294190Z   Python3_ROOT_DIR: /Users/runner/hostedtoolcache/Python/3.9.16/x64
2022-12-27T11:22:21.5294440Z ##[endgroup]
2022-12-27T11:22:21.5394960Z ##[group]Run echo "PYTHON_NO_DOTS=$(echo 3.9 | tr -dc '[:alnum:]\n\r' | tr '[:upper:]' '[:lower:]')" >> $GITHUB_OUTPUT
2022-12-27T11:22:21.5395390Z [36;1mecho "PYTHON_NO_DOTS=$(echo 3.9 | tr -dc '[:alnum:]\n\r' | tr '[:upper:]' '[:lower:]')" >> $GITHUB_OUTPUT[0m
2022-12-27T11:22:21.5408500Z shell: /bin/bash -e {0}
2022-12-27T11:22:21.5408650Z env:
2022-12-27T11:22:21.5408850Z   pythonLocation: /Users/runner/hostedtoolcache/Python/3.9.16/x64
2022-12-27T11:22:21.5409090Z   PKG_CONFIG_PATH: /Users/runner/hostedtoolcache/Python/3.9.16/x64/lib/pkgconfig
2022-12-27T11:22:21.5409300Z   Python_ROOT_DIR: /Users/runner/hostedtoolcache/Python/3.9.16/x64
2022-12-27T11:22:21.5409560Z   Python2_ROOT_DIR: /Users/runner/hostedtoolcache/Python/3.9.16/x64
2022-12-27T11:22:21.5409780Z   Python3_ROOT_DIR: /Users/runner/hostedtoolcache/Python/3.9.16/x64
2022-12-27T11:22:21.5409940Z ##[endgroup]
2022-12-27T11:22:21.5513740Z ##[group]Run rm -rf build_lxml13339
2022-12-27T11:22:21.5514050Z [36;1mrm -rf build_lxml13339[0m
2022-12-27T11:22:21.5514230Z [36;1mmkdir build_lxml13339[0m
2022-12-27T11:22:21.5514410Z [36;1mcd build_lxml13339[0m
2022-12-27T11:22:21.5514720Z [36;1m/usr/local/bin/wget --quiet https://files.pythonhosted.org/packages/6a/24/eda9547b19547c4d37ec6dbca1530923e54eae39be29950366b1f674d86a/lxml-1.3.3.tar.gz[0m
2022-12-27T11:22:21.5514990Z [36;1mtar xf *.tar.gz[0m
2022-12-27T11:22:21.5515180Z [36;1mcd *[0m
2022-12-27T11:22:21.5515330Z [36;1mpython -m pip install cibuildwheel==2.11.3[0m
2022-12-27T11:22:21.5515540Z [36;1mpython -m cibuildwheel --output-dir ../wheelsout[0m
2022-12-27T11:22:21.5528810Z shell: /bin/bash -e {0}
2022-12-27T11:22:21.5528950Z env:
2022-12-27T11:22:21.5529150Z   pythonLocation: /Users/runner/hostedtoolcache/Python/3.9.16/x64
2022-12-27T11:22:21.5529390Z   PKG_CONFIG_PATH: /Users/runner/hostedtoolcache/Python/3.9.16/x64/lib/pkgconfig
2022-12-27T11:22:21.5529640Z   Python_ROOT_DIR: /Users/runner/hostedtoolcache/Python/3.9.16/x64
2022-12-27T11:22:21.5529890Z   Python2_ROOT_DIR: /Users/runner/hostedtoolcache/Python/3.9.16/x64
2022-12-27T11:22:21.5530120Z   Python3_ROOT_DIR: /Users/runner/hostedtoolcache/Python/3.9.16/x64
2022-12-27T11:22:21.5530310Z   CIBW_ARCHS_MACOS: arm64
2022-12-27T11:22:21.5530440Z   CIBW_TEST_SKIP: *_arm64
2022-12-27T11:22:21.5530640Z   CIBW_BUILD: cp39-macosx_arm64
2022-12-27T11:22:21.5530820Z   CIBW_BUILD_FRONTEND: pip
2022-12-27T11:22:21.5530960Z   CIBW_BUILD_VERBOSITY: 3
2022-12-27T11:22:21.5531260Z   CIBW_ENVIRONMENT_MACOS:  CFLAGS="-I/usr/local/opt/openssl@3/include" LDFLAGS="-L/usr/local/opt/openssl@3/lib" CPPFLAGS="-I/usr/local/opt/openssl@3/include" MAKEFLAGS="-j$(sysctl -n hw.logicalcpu)" PATH=/usr/local/opt/ccache/libexec:$PATH
2022-12-27T11:22:21.5531600Z   CIBW_BEFORE_BUILD: pip install Cython; if [[ -f requirements.txt ]]; then pip install -r requirements.txt; fi
2022-12-27T11:22:21.5531870Z   MAKEFLAGS: -j$(sysctl -n hw.logicalcpu)
2022-12-27T11:22:21.5532010Z ##[endgroup]
2022-12-27T11:22:21.9388500Z Requirement already satisfied: cibuildwheel==2.11.3 in /Users/runner/hostedtoolcache/Python/3.9.16/x64/lib/python3.9/site-packages (2.11.3)
2022-12-27T11:22:21.9635420Z Requirement already satisfied: bashlex!=0.13 in /Users/runner/hostedtoolcache/Python/3.9.16/x64/lib/python3.9/site-packages (from cibuildwheel==2.11.3) (0.16)
2022-12-27T11:22:21.9638260Z Requirement already satisfied: filelock in /Users/runner/hostedtoolcache/Python/3.9.16/x64/lib/python3.9/site-packages (from cibuildwheel==2.11.3) (3.8.2)
2022-12-27T11:22:21.9641320Z Requirement already satisfied: bracex in /Users/runner/hostedtoolcache/Python/3.9.16/x64/lib/python3.9/site-packages (from cibuildwheel==2.11.3) (2.3.post1)
2022-12-27T11:22:21.9644450Z Requirement already satisfied: platformdirs in /Users/runner/hostedtoolcache/Python/3.9.16/x64/lib/python3.9/site-packages (from cibuildwheel==2.11.3) (2.6.0)
2022-12-27T11:22:21.9649390Z Requirement already satisfied: packaging>=20.9 in /Users/runner/hostedtoolcache/Python/3.9.16/x64/lib/python3.9/site-packages (from cibuildwheel==2.11.3) (22.0)
2022-12-27T11:22:21.9652320Z Requirement already satisfied: certifi in /Users/runner/hostedtoolcache/Python/3.9.16/x64/lib/python3.9/site-packages (from cibuildwheel==2.11.3) (2022.12.7)
2022-12-27T11:22:21.9658720Z Requirement already satisfied: tomli in /Users/runner/hostedtoolcache/Python/3.9.16/x64/lib/python3.9/site-packages (from cibuildwheel==2.11.3) (2.0.1)
2022-12-27T11:22:21.9666650Z Requirement already satisfied: typing-extensions>=4.1.0 in /Users/runner/hostedtoolcache/Python/3.9.16/x64/lib/python3.9/site-packages (from cibuildwheel==2.11.3) (4.4.0)
2022-12-27T11:22:22.1268860Z 
2022-12-27T11:22:22.1269260Z      _ _       _ _   _       _           _
2022-12-27T11:22:22.1270080Z  ___|_| |_ _ _|_| |_| |_ _ _| |_ ___ ___| |
2022-12-27T11:22:22.1270830Z |  _| | . | | | | | . | | | |   | -_| -_| |
2022-12-27T11:22:22.1271220Z |___|_|___|___|_|_|___|_____|_|_|___|___|_|
2022-12-27T11:22:22.1271990Z 
2022-12-27T11:22:22.1272140Z cibuildwheel version 2.11.3
2022-12-27T11:22:22.1272310Z 
2022-12-27T11:22:22.1272410Z Build options:
2022-12-27T11:22:22.1272780Z   platform: macos
2022-12-27T11:22:22.1304390Z   architectures: arm64[0m
2022-12-27T11:22:22.1304990Z   build_selector: 
2022-12-27T11:22:22.1305530Z     build_config: cp39-macosx_arm64
2022-12-27T11:22:22.1306450Z     skip_config: 
2022-12-27T11:22:22.1306860Z     requires_python: None
2022-12-27T11:22:22.1307450Z     prerelease_pythons: False[0m
2022-12-27T11:22:22.1307980Z   [38;5;244mcontainer_engine: docker[0m
2022-12-27T11:22:22.1308570Z   output_dir: /Users/runner/actions-runner/_work/python.build/python.build/build_lxml13339/wheelsout[0m
2022-12-27T11:22:22.1309160Z   package_dir: /Users/runner/actions-runner/_work/python.build/python.build/build_lxml13339/lxml-1.3.3[0m
2022-12-27T11:22:22.1309530Z   test_selector: 
2022-12-27T11:22:22.1309870Z     skip_config: *_arm64[0m
2022-12-27T11:22:22.1310200Z   [38;5;244mbefore_all: [0m
2022-12-27T11:22:22.1310720Z   before_build: pip install Cython; if [[ -f requirements.txt ]]; then pip install -r requirements.txt; fi[0m
2022-12-27T11:22:22.1311160Z   [38;5;244mbefore_test: [0m
2022-12-27T11:22:22.1311490Z   [38;5;244mbuild_frontend: pip[0m
2022-12-27T11:22:22.1311790Z   build_verbosity: 3[0m
2022-12-27T11:22:22.1312170Z   [38;5;244mconfig_settings: [0m
2022-12-27T11:22:22.1312600Z   [38;5;244mdependency_constraints: pinned[0m
2022-12-27T11:22:22.1312850Z   environment: 
2022-12-27T11:22:22.1313220Z     CFLAGS="-I/usr/local/opt/openssl@3/include"
2022-12-27T11:22:22.1313610Z     LDFLAGS="-L/usr/local/opt/openssl@3/lib"
2022-12-27T11:22:22.1313970Z     CPPFLAGS="-I/usr/local/opt/openssl@3/include"
2022-12-27T11:22:22.1314420Z     MAKEFLAGS="-j$(sysctl -n hw.logicalcpu)"
2022-12-27T11:22:22.1314820Z     PATH=/usr/local/opt/ccache/libexec:$PATH[0m
2022-12-27T11:22:22.1315180Z   [38;5;244mmanylinux_images: None[0m
2022-12-27T11:22:22.1315500Z   [38;5;244mmusllinux_images: None[0m
2022-12-27T11:22:22.1316030Z   [38;5;244mrepair_command: delocate-wheel --require-archs {delocate_archs} -w {dest_dir} -v {wheel}[0m
2022-12-27T11:22:22.1316660Z   [38;5;244mtest_command: [0m
2022-12-27T11:22:22.1316880Z   [38;5;244mtest_extras: [0m
2022-12-27T11:22:22.1317120Z   [38;5;244mtest_requires: [0m
2022-12-27T11:22:22.1317230Z 
2022-12-27T11:22:22.1317360Z Cache folder: /Users/runner/Library/Caches/cibuildwheel
2022-12-27T11:22:22.1323290Z 
2022-12-27T11:22:22.1323480Z Here we go!
2022-12-27T11:22:22.1323610Z 
2022-12-27T11:22:22.1443380Z 
2022-12-27T11:22:22.1443670Z [1m[34mBuilding cp39-macosx_arm64 wheel[0m
2022-12-27T11:22:22.1444150Z CPython 3.9 macOS arm64 - Apple Silicon
2022-12-27T11:22:22.1444350Z 
2022-12-27T11:22:22.1446830Z ##[group]Installing Python cp39...
2022-12-27T11:22:22.1447200Z 
2022-12-27T11:22:22.1447440Z + pkgutil --pkgs
2022-12-27T11:22:22.1541240Z ##[endgroup]
2022-12-27T11:22:22.1542650Z                                                               [32mâœ“ [0m0.01s
2022-12-27T11:22:22.1543030Z ##[group]Setting up build environment...
2022-12-27T11:22:22.1543200Z 
2022-12-27T11:22:22.1567210Z + /Users/runner/hostedtoolcache/Python/3.9.16/x64/bin/python -sS /Users/runner/Library/Caches/cibuildwheel/virtualenv-20.17.0.pyz --activators= --no-periodic-update --pip=22.3.1 --setuptools=65.6.3 --wheel=0.38.4 --symlink-app-data --python /Library/Frameworks/Python.framework/Versions/3.9/bin/python3 /private/var/folders/51/hd414ycd67n82196sw51xqtc0000gn/T/cibw-run-uluzx7a_/cp39-macosx_arm64/build/venv
2022-12-27T11:22:22.3390060Z created virtual environment CPython3.9.13.final.0-64 in 52ms
2022-12-27T11:22:22.3390870Z   creator CPython3Posix(dest=/private/var/folders/51/hd414ycd67n82196sw51xqtc0000gn/T/cibw-run-uluzx7a_/cp39-macosx_arm64/build/venv, clear=False, no_vcs_ignore=False, global=False)
2022-12-27T11:22:22.3391720Z   seeder FromAppData(download=False, pip=22.3.1, setuptools=65.6.3, wheel=0.38.4, via=symlink, app_data_dir=/Users/runner/Library/Application Support/virtualenv)
2022-12-27T11:22:22.3392140Z     added seed packages: pip==22.3.1, setuptools==65.6.3, wheel==0.38.4
2022-12-27T11:22:22.3495100Z + python -m pip install --upgrade pip -c /Users/runner/hostedtoolcache/Python/3.9.16/x64/lib/python3.9/site-packages/cibuildwheel/resources/constraints-python39.txt
2022-12-27T11:22:22.6414040Z Requirement already satisfied: pip in ./lib/python3.9/site-packages (22.3.1)
2022-12-27T11:22:22.7965890Z + which pip
2022-12-27T11:22:22.7984190Z /private/var/folders/51/hd414ycd67n82196sw51xqtc0000gn/T/cibw-run-uluzx7a_/cp39-macosx_arm64/build/venv/bin/pip
2022-12-27T11:22:22.7986850Z + pip --version
2022-12-27T11:22:23.0099830Z pip 22.3.1 from /private/var/folders/51/hd414ycd67n82196sw51xqtc0000gn/T/cibw-run-uluzx7a_/cp39-macosx_arm64/build/venv/lib/python3.9/site-packages/pip (python 3.9)
2022-12-27T11:22:23.0325720Z + which pip
2022-12-27T11:22:23.0354610Z + which python
2022-12-27T11:22:23.0373310Z /private/var/folders/51/hd414ycd67n82196sw51xqtc0000gn/T/cibw-run-uluzx7a_/cp39-macosx_arm64/build/venv/bin/python
2022-12-27T11:22:23.0375180Z + python --version
2022-12-27T11:22:23.0421600Z Python 3.9.13
2022-12-27T11:22:23.0424910Z + which python
2022-12-27T11:22:23.0484430Z ##[endgroup]
2022-12-27T11:22:23.0485090Z                                                               [32mâœ“ [0m0.89s
2022-12-27T11:22:23.0485600Z ##[group]Installing build tools...
2022-12-27T11:22:23.0485750Z 
2022-12-27T11:22:23.0486130Z + pip install --upgrade setuptools wheel delocate -c /Users/runner/hostedtoolcache/Python/3.9.16/x64/lib/python3.9/site-packages/cibuildwheel/resources/constraints-python39.txt
2022-12-27T11:22:23.3364220Z Requirement already satisfied: setuptools in /private/var/folders/51/hd414ycd67n82196sw51xqtc0000gn/T/cibw-run-uluzx7a_/cp39-macosx_arm64/build/venv/lib/python3.9/site-packages (65.6.3)
2022-12-27T11:22:23.5579180Z Requirement already satisfied: wheel in /private/var/folders/51/hd414ycd67n82196sw51xqtc0000gn/T/cibw-run-uluzx7a_/cp39-macosx_arm64/build/venv/lib/python3.9/site-packages (0.38.4)
2022-12-27T11:22:23.6105860Z Collecting delocate
2022-12-27T11:22:23.6130320Z   Using cached delocate-0.10.3-py3-none-any.whl (142 kB)
2022-12-27T11:22:23.6350430Z Collecting typing-extensions
2022-12-27T11:22:23.6370940Z   Using cached typing_extensions-4.4.0-py3-none-any.whl (26 kB)
2022-12-27T11:22:23.6619910Z Collecting packaging>=20.9
2022-12-27T11:22:23.6640860Z   Using cached packaging-21.3-py3-none-any.whl (40 kB)
2022-12-27T11:22:23.7026540Z Collecting pyparsing!=3.0.5,>=2.0.2
2022-12-27T11:22:23.7046600Z   Using cached pyparsing-3.0.9-py3-none-any.whl (98 kB)
2022-12-27T11:22:23.7410420Z Installing collected packages: typing-extensions, pyparsing, packaging, delocate
2022-12-27T11:22:23.8850730Z Successfully installed delocate-0.10.3 packaging-21.3 pyparsing-3.0.9 typing-extensions-4.4.0
2022-12-27T11:22:23.9317610Z ##[endgroup]
2022-12-27T11:22:23.9318150Z                                                               [32mâœ“ [0m0.88s
2022-12-27T11:22:23.9318560Z ##[group]Running before_build...
2022-12-27T11:22:23.9318750Z 
2022-12-27T11:22:23.9326740Z + pip install Cython; if [[ -f requirements.txt ]]; then pip install -r requirements.txt; fi
2022-12-27T11:22:24.6368830Z Collecting Cython
2022-12-27T11:22:24.6415480Z   Using cached Cython-0.29.32-py2.py3-none-any.whl (986 kB)
2022-12-27T11:22:24.6850970Z Installing collected packages: Cython
2022-12-27T11:22:25.1673780Z Successfully installed Cython-0.29.32
2022-12-27T11:22:25.2130040Z ##[endgroup]
2022-12-27T11:22:25.2130720Z                                                               [32mâœ“ [0m1.28s
2022-12-27T11:22:25.2131380Z ##[group]Building wheel...
2022-12-27T11:22:25.2131540Z 
2022-12-27T11:22:25.2138840Z + python -m pip wheel /Users/runner/actions-runner/_work/python.build/python.build/build_lxml13339/lxml-1.3.3 --wheel-dir=/private/var/folders/51/hd414ycd67n82196sw51xqtc0000gn/T/cibw-run-uluzx7a_/cp39-macosx_arm64/built_wheel --no-deps -vvv
2022-12-27T11:22:25.4925240Z Created temporary directory: /private/var/folders/51/hd414ycd67n82196sw51xqtc0000gn/T/pip-ephem-wheel-cache-5dk6d_wi
2022-12-27T11:22:25.4929640Z Created temporary directory: /private/var/folders/51/hd414ycd67n82196sw51xqtc0000gn/T/pip-build-tracker-2bogmzz6
2022-12-27T11:22:25.4931750Z Initialized build tracking at /private/var/folders/51/hd414ycd67n82196sw51xqtc0000gn/T/pip-build-tracker-2bogmzz6
2022-12-27T11:22:25.4933270Z Created build tracker: /private/var/folders/51/hd414ycd67n82196sw51xqtc0000gn/T/pip-build-tracker-2bogmzz6
2022-12-27T11:22:25.4934760Z Entered build tracker: /private/var/folders/51/hd414ycd67n82196sw51xqtc0000gn/T/pip-build-tracker-2bogmzz6
2022-12-27T11:22:25.4937990Z Created temporary directory: /private/var/folders/51/hd414ycd67n82196sw51xqtc0000gn/T/pip-wheel-fn9his0v
2022-12-27T11:22:25.4944450Z Created temporary directory: /private/var/folders/51/hd414ycd67n82196sw51xqtc0000gn/T/pip-ephem-wheel-cache-onc0jm07
2022-12-27T11:22:25.5105230Z Processing /Users/runner/actions-runner/_work/python.build/python.build/build_lxml13339/lxml-1.3.3
2022-12-27T11:22:25.5110460Z   Added file:///Users/runner/actions-runner/_work/python.build/python.build/build_lxml13339/lxml-1.3.3 to build tracker '/private/var/folders/51/hd414ycd67n82196sw51xqtc0000gn/T/pip-build-tracker-2bogmzz6'
2022-12-27T11:22:25.5114050Z   Running setup.py (path:/Users/runner/actions-runner/_work/python.build/python.build/build_lxml13339/lxml-1.3.3/setup.py) egg_info for package from file:///Users/runner/actions-runner/_work/python.build/python.build/build_lxml13339/lxml-1.3.3
2022-12-27T11:22:25.5117120Z   Created temporary directory: /private/var/folders/51/hd414ycd67n82196sw51xqtc0000gn/T/pip-pip-egg-info-oppp9pd2
2022-12-27T11:22:25.5118790Z   Preparing metadata (setup.py): started
2022-12-27T11:22:25.5120750Z   Running command python setup.py egg_info
2022-12-27T11:22:25.6653240Z   Traceback (most recent call last):
2022-12-27T11:22:25.6662530Z     File "<string>", line 2, in <module>
2022-12-27T11:22:25.6663250Z     File "<pip-setuptools-caller>", line 34, in <module>
2022-12-27T11:22:25.6663920Z     File "/Users/runner/actions-runner/_work/python.build/python.build/build_lxml13339/lxml-1.3.3/setup.py", line 7
2022-12-27T11:22:25.6664810Z       except pkg_resources.VersionConflict, e:
2022-12-27T11:22:25.6665060Z                                           ^
2022-12-27T11:22:25.6665270Z   SyntaxError: invalid syntax
2022-12-27T11:22:25.6816070Z   error: subprocess-exited-with-error
2022-12-27T11:22:25.6816470Z   
2022-12-27T11:22:25.6817120Z   Ã— python setup.py egg_info did not run successfully.
2022-12-27T11:22:25.6817530Z   â”‚ exit code: 1
2022-12-27T11:22:25.6817870Z   â•°â”€> See above for output.
2022-12-27T11:22:25.6818110Z   
2022-12-27T11:22:25.6818470Z   note: This error originates from a subprocess, and is likely not a problem with pip.
2022-12-27T11:22:25.6826480Z   full command: /private/var/folders/51/hd414ycd67n82196sw51xqtc0000gn/T/cibw-run-uluzx7a_/cp39-macosx_arm64/build/venv/bin/python -c '
2022-12-27T11:22:25.6827350Z   exec(compile('"'"''"'"''"'"'
2022-12-27T11:22:25.6829250Z   # This is <pip-setuptools-caller> -- a caller that pip uses to run setup.py
2022-12-27T11:22:25.6829620Z   #
2022-12-27T11:22:25.6830060Z   # - It imports setuptools before invoking setup.py, to enable projects that directly
2022-12-27T11:22:25.6830410Z   #   import from `distutils.core` to work with newer packaging standards.
2022-12-27T11:22:25.6830900Z   # - It provides a clear error message when setuptools is not installed.
2022-12-27T11:22:25.6831430Z   # - It sets `sys.argv[0]` to the underlying `setup.py`, when invoking `setup.py` so
2022-12-27T11:22:25.6831850Z   #   setuptools doesn'"'"'t think the script is `-c`. This avoids the following warning:
2022-12-27T11:22:25.6832420Z   #     manifest_maker: standard file '"'"'-c'"'"' not found".
2022-12-27T11:22:25.6832850Z   # - It generates a shim setup.py, for handling setup.cfg-only projects.
2022-12-27T11:22:25.6833140Z   import os, sys, tokenize
2022-12-27T11:22:25.6833470Z   
2022-12-27T11:22:25.6834010Z   try:
2022-12-27T11:22:25.6834270Z       import setuptools
2022-12-27T11:22:25.6834510Z   except ImportError as error:
2022-12-27T11:22:25.6834890Z       print(
2022-12-27T11:22:25.6835210Z           "ERROR: Can not execute `setup.py` since setuptools is not available in "
2022-12-27T11:22:25.6835520Z           "the build environment.",
2022-12-27T11:22:25.6835850Z           file=sys.stderr,
2022-12-27T11:22:25.6836080Z       )
2022-12-27T11:22:25.6836300Z       sys.exit(1)
2022-12-27T11:22:25.6836490Z   
2022-12-27T11:22:25.6836770Z   __file__ = %r
2022-12-27T11:22:25.6837000Z   sys.argv[0] = __file__
2022-12-27T11:22:25.6837200Z   
2022-12-27T11:22:25.6837430Z   if os.path.exists(__file__):
2022-12-27T11:22:25.6837740Z       filename = __file__
2022-12-27T11:22:25.6837980Z       with tokenize.open(__file__) as f:
2022-12-27T11:22:25.6838250Z           setup_py_code = f.read()
2022-12-27T11:22:25.6838480Z   else:
2022-12-27T11:22:25.6838810Z       filename = "<auto-generated setuptools caller>"
2022-12-27T11:22:25.6839200Z       setup_py_code = "from setuptools import setup; setup()"
2022-12-27T11:22:25.6839470Z   
2022-12-27T11:22:25.6839690Z   exec(compile(setup_py_code, filename, "exec"))
2022-12-27T11:22:25.6840500Z   '"'"''"'"''"'"' % ('"'"'/Users/runner/actions-runner/_work/python.build/python.build/build_lxml13339/lxml-1.3.3/setup.py'"'"',), "<pip-setuptools-caller>", "exec"))' egg_info --egg-base /private/var/folders/51/hd414ycd67n82196sw51xqtc0000gn/T/pip-pip-egg-info-oppp9pd2
2022-12-27T11:22:25.6841220Z   cwd: /Users/runner/actions-runner/_work/python.build/python.build/build_lxml13339/lxml-1.3.3/
2022-12-27T11:22:25.6841720Z   Preparing metadata (setup.py): finished with status 'error'
2022-12-27T11:22:25.6845290Z error: metadata-generation-failed
2022-12-27T11:22:25.6845530Z 
2022-12-27T11:22:25.6845840Z Ã— Encountered error while generating package metadata.
2022-12-27T11:22:25.6846290Z â•°â”€> See above for output.
2022-12-27T11:22:25.6846420Z 
2022-12-27T11:22:25.6846880Z note: This is an issue with the package mentioned above, not pip.
2022-12-27T11:22:25.6847150Z hint: See above for details.
2022-12-27T11:22:25.6871350Z Exception information:
2022-12-27T11:22:25.6872280Z Traceback (most recent call last):
2022-12-27T11:22:25.6873960Z   File "/private/var/folders/51/hd414ycd67n82196sw51xqtc0000gn/T/cibw-run-uluzx7a_/cp39-macosx_arm64/build/venv/lib/python3.9/site-packages/pip/_internal/operations/build/metadata_legacy.py", line 64, in generate_metadata
2022-12-27T11:22:25.6874840Z     call_subprocess(
2022-12-27T11:22:25.6876320Z   File "/private/var/folders/51/hd414ycd67n82196sw51xqtc0000gn/T/cibw-run-uluzx7a_/cp39-macosx_arm64/build/venv/lib/python3.9/site-packages/pip/_internal/utils/subprocess.py", line 224, in call_subprocess
2022-12-27T11:22:25.6877150Z     raise error
2022-12-27T11:22:25.6877810Z pip._internal.exceptions.InstallationSubprocessError: python setup.py egg_info exited with 1
2022-12-27T11:22:25.6878270Z 
2022-12-27T11:22:25.6878570Z The above exception was the direct cause of the following exception:
2022-12-27T11:22:25.6878920Z 
2022-12-27T11:22:25.6879130Z Traceback (most recent call last):
2022-12-27T11:22:25.6880290Z   File "/private/var/folders/51/hd414ycd67n82196sw51xqtc0000gn/T/cibw-run-uluzx7a_/cp39-macosx_arm64/build/venv/lib/python3.9/site-packages/pip/_internal/cli/base_command.py", line 160, in exc_logging_wrapper
2022-12-27T11:22:25.6881160Z     status = run_func(*args)
2022-12-27T11:22:25.6882330Z   File "/private/var/folders/51/hd414ycd67n82196sw51xqtc0000gn/T/cibw-run-uluzx7a_/cp39-macosx_arm64/build/venv/lib/python3.9/site-packages/pip/_internal/cli/req_command.py", line 247, in wrapper
2022-12-27T11:22:25.6883090Z     return func(self, options, args)
2022-12-27T11:22:25.6884140Z   File "/private/var/folders/51/hd414ycd67n82196sw51xqtc0000gn/T/cibw-run-uluzx7a_/cp39-macosx_arm64/build/venv/lib/python3.9/site-packages/pip/_internal/commands/wheel.py", line 170, in run
2022-12-27T11:22:25.6884680Z     requirement_set = resolver.resolve(reqs, check_supported_wheels=True)
2022-12-27T11:22:25.6885560Z   File "/private/var/folders/51/hd414ycd67n82196sw51xqtc0000gn/T/cibw-run-uluzx7a_/cp39-macosx_arm64/build/venv/lib/python3.9/site-packages/pip/_internal/resolution/resolvelib/resolver.py", line 73, in resolve
2022-12-27T11:22:25.6886080Z     collected = self.factory.collect_root_requirements(root_reqs)
2022-12-27T11:22:25.6886830Z   File "/private/var/folders/51/hd414ycd67n82196sw51xqtc0000gn/T/cibw-run-uluzx7a_/cp39-macosx_arm64/build/venv/lib/python3.9/site-packages/pip/_internal/resolution/resolvelib/factory.py", line 491, in collect_root_requirements
2022-12-27T11:22:25.6887390Z     req = self._make_requirement_from_install_req(
2022-12-27T11:22:25.6888240Z   File "/private/var/folders/51/hd414ycd67n82196sw51xqtc0000gn/T/cibw-run-uluzx7a_/cp39-macosx_arm64/build/venv/lib/python3.9/site-packages/pip/_internal/resolution/resolvelib/factory.py", line 453, in _make_requirement_from_install_req
2022-12-27T11:22:25.6888710Z     cand = self._make_candidate_from_link(
2022-12-27T11:22:25.6889370Z   File "/private/var/folders/51/hd414ycd67n82196sw51xqtc0000gn/T/cibw-run-uluzx7a_/cp39-macosx_arm64/build/venv/lib/python3.9/site-packages/pip/_internal/resolution/resolvelib/factory.py", line 206, in _make_candidate_from_link
2022-12-27T11:22:25.6889850Z     self._link_candidate_cache[link] = LinkCandidate(
2022-12-27T11:22:25.6890630Z   File "/private/var/folders/51/hd414ycd67n82196sw51xqtc0000gn/T/cibw-run-uluzx7a_/cp39-macosx_arm64/build/venv/lib/python3.9/site-packages/pip/_internal/resolution/resolvelib/candidates.py", line 297, in __init__
2022-12-27T11:22:25.6891070Z     super().__init__(
2022-12-27T11:22:25.6891890Z   File "/private/var/folders/51/hd414ycd67n82196sw51xqtc0000gn/T/cibw-run-uluzx7a_/cp39-macosx_arm64/build/venv/lib/python3.9/site-packages/pip/_internal/resolution/resolvelib/candidates.py", line 162, in __init__
2022-12-27T11:22:25.6892470Z     self.dist = self._prepare()
2022-12-27T11:22:25.6893170Z   File "/private/var/folders/51/hd414ycd67n82196sw51xqtc0000gn/T/cibw-run-uluzx7a_/cp39-macosx_arm64/build/venv/lib/python3.9/site-packages/pip/_internal/resolution/resolvelib/candidates.py", line 231, in _prepare
2022-12-27T11:22:25.6893750Z     dist = self._prepare_distribution()
2022-12-27T11:22:25.6894690Z   File "/private/var/folders/51/hd414ycd67n82196sw51xqtc0000gn/T/cibw-run-uluzx7a_/cp39-macosx_arm64/build/venv/lib/python3.9/site-packages/pip/_internal/resolution/resolvelib/candidates.py", line 308, in _prepare_distribution
2022-12-27T11:22:25.6895120Z     return preparer.prepare_linked_requirement(self._ireq, parallel_builds=True)
2022-12-27T11:22:25.6895710Z   File "/private/var/folders/51/hd414ycd67n82196sw51xqtc0000gn/T/cibw-run-uluzx7a_/cp39-macosx_arm64/build/venv/lib/python3.9/site-packages/pip/_internal/operations/prepare.py", line 491, in prepare_linked_requirement
2022-12-27T11:22:25.6896250Z     return self._prepare_linked_requirement(req, parallel_builds)
2022-12-27T11:22:25.6896970Z   File "/private/var/folders/51/hd414ycd67n82196sw51xqtc0000gn/T/cibw-run-uluzx7a_/cp39-macosx_arm64/build/venv/lib/python3.9/site-packages/pip/_internal/operations/prepare.py", line 577, in _prepare_linked_requirement
2022-12-27T11:22:25.6963950Z     dist = _get_prepared_distribution(
2022-12-27T11:22:25.6964470Z   File "/private/var/folders/51/hd414ycd67n82196sw51xqtc0000gn/T/cibw-run-uluzx7a_/cp39-macosx_arm64/build/venv/lib/python3.9/site-packages/pip/_internal/operations/prepare.py", line 69, in _get_prepared_distribution
2022-12-27T11:22:25.6964910Z     abstract_dist.prepare_distribution_metadata(
2022-12-27T11:22:25.6965390Z   File "/private/var/folders/51/hd414ycd67n82196sw51xqtc0000gn/T/cibw-run-uluzx7a_/cp39-macosx_arm64/build/venv/lib/python3.9/site-packages/pip/_internal/distributions/sdist.py", line 61, in prepare_distribution_metadata
2022-12-27T11:22:25.6965690Z     self.req.prepare_metadata()
2022-12-27T11:22:25.6966310Z   File "/private/var/folders/51/hd414ycd67n82196sw51xqtc0000gn/T/cibw-run-uluzx7a_/cp39-macosx_arm64/build/venv/lib/python3.9/site-packages/pip/_internal/req/req_install.py", line 541, in prepare_metadata
2022-12-27T11:22:25.6966620Z     self.metadata_directory = generate_metadata_legacy(
2022-12-27T11:22:25.6967090Z   File "/private/var/folders/51/hd414ycd67n82196sw51xqtc0000gn/T/cibw-run-uluzx7a_/cp39-macosx_arm64/build/venv/lib/python3.9/site-packages/pip/_internal/operations/build/metadata_legacy.py", line 71, in generate_metadata
2022-12-27T11:22:25.6967410Z     raise MetadataGenerationFailed(package_details=details) from error
2022-12-27T11:22:25.6967720Z pip._internal.exceptions.MetadataGenerationFailed: metadata generation failed
2022-12-27T11:22:25.6968190Z Removed file:///Users/runner/actions-runner/_work/python.build/python.build/build_lxml13339/lxml-1.3.3 from build tracker '/private/var/folders/51/hd414ycd67n82196sw51xqtc0000gn/T/pip-build-tracker-2bogmzz6'
2022-12-27T11:22:25.6968610Z Removed build tracker: '/private/var/folders/51/hd414ycd67n82196sw51xqtc0000gn/T/pip-build-tracker-2bogmzz6'
2022-12-27T11:22:25.7339400Z ##[error]Command ['python', '-m', 'pip', 'wheel', '/Users/runner/actions-runner/_work/python.build/python.build/build_lxml13339/lxml-1.3.3', '--wheel-dir=/private/var/folders/51/hd414ycd67n82196sw51xqtc0000gn/T/cibw-run-uluzx7a_/cp39-macosx_arm64/built_wheel', '--no-deps', '-vvv'] failed with code 1. None
2022-12-27T11:22:25.7345790Z 
2022-12-27T11:22:25.7346090Z ##[endgroup]
2022-12-27T11:22:25.7346630Z                                                               [31mâœ• [0m0.52s
2022-12-27T11:22:25.7743250Z ##[error]Process completed with exit code 1.
2022-12-27T11:22:25.7776650Z ##[group]Run rm -rf build_lxml13339 wheelsout
2022-12-27T11:22:25.7776910Z [36;1mrm -rf build_lxml13339 wheelsout[0m
2022-12-27T11:22:25.7792320Z shell: /bin/bash -e {0}
2022-12-27T11:22:25.7792440Z env:
2022-12-27T11:22:25.7792650Z   pythonLocation: /Users/runner/hostedtoolcache/Python/3.9.16/x64
2022-12-27T11:22:25.7792900Z   PKG_CONFIG_PATH: /Users/runner/hostedtoolcache/Python/3.9.16/x64/lib/pkgconfig
2022-12-27T11:22:25.7793110Z   Python_ROOT_DIR: /Users/runner/hostedtoolcache/Python/3.9.16/x64
2022-12-27T11:22:25.7793300Z   Python2_ROOT_DIR: /Users/runner/hostedtoolcache/Python/3.9.16/x64
2022-12-27T11:22:25.7793690Z   Python3_ROOT_DIR: /Users/runner/hostedtoolcache/Python/3.9.16/x64
2022-12-27T11:22:25.7793900Z ##[endgroup]
2022-12-27T11:22:25.8208720Z Cleaning up orphan processes
