2022-12-27T01:50:56.7017891Z Requested labels: self-hosted, macOS, X64
2022-12-27T01:50:56.7017968Z Job defined at: kilnbuild/python.build/.github/workflows/mac_arm_build.yml@refs/heads/main
2022-12-27T01:50:56.7018000Z Waiting for a runner to pick up this job...
2022-12-27T01:54:38.5490122Z Job is about to start running on the runner: kr1 (organization)
2022-12-27T01:54:42.1267560Z Current runner version: '2.300.2'
2022-12-27T01:54:42.1276000Z Runner name: 'kr1'
2022-12-27T01:54:42.1276420Z Runner group name: 'Default'
2022-12-27T01:54:42.1277330Z Machine name: 'kr1'
2022-12-27T01:54:42.1279990Z ##[group]GITHUB_TOKEN Permissions
2022-12-27T01:54:42.1280720Z Actions: write
2022-12-27T01:54:42.1280990Z Checks: write
2022-12-27T01:54:42.1281240Z Contents: write
2022-12-27T01:54:42.1281500Z Deployments: write
2022-12-27T01:54:42.1281760Z Discussions: write
2022-12-27T01:54:42.1282020Z Issues: write
2022-12-27T01:54:42.1282410Z Metadata: read
2022-12-27T01:54:42.1282660Z Packages: write
2022-12-27T01:54:42.1282940Z Pages: write
2022-12-27T01:54:42.1283200Z PullRequests: write
2022-12-27T01:54:42.1283510Z RepositoryProjects: write
2022-12-27T01:54:42.1283810Z SecurityEvents: write
2022-12-27T01:54:42.1284080Z Statuses: write
2022-12-27T01:54:42.1284340Z ##[endgroup]
2022-12-27T01:54:42.1288560Z Secret source: Actions
2022-12-27T01:54:42.1289100Z Prepare workflow directory
2022-12-27T01:54:42.2427660Z Prepare all required actions
2022-12-27T01:54:42.2643300Z Getting action download info
2022-12-27T01:54:42.7034740Z Download action repository 'actions/setup-python@v4' (SHA:5ccb29d8773c3f3f653e1705f474dfaa8a06a912)
2022-12-27T01:54:44.1335630Z Download action repository 'actions/upload-artifact@v3' (SHA:83fd05a356d7e2593de66fc9913b3002723633cb)
2022-12-27T01:54:46.0895410Z ##[group]Run echo '{
2022-12-27T01:54:46.0896060Z [36;1mecho '{[0m
2022-12-27T01:54:46.0896420Z [36;1m  "environment_variables": "GRPC_PYTHON_BUILD_WITH_CYTHON=1 GRPC_BUILD_WITH_BORING_SSL_ASM='' GRPC_PYTHON_BUILD_SYSTEM_OPENSSL=TRUE",[0m
2022-12-27T01:54:46.0896760Z [36;1m  "package_name": "grpcio",[0m
2022-12-27T01:54:46.0897160Z [36;1m  "package_url": "https://files.pythonhosted.org/packages/87/42/cbd9bf779156031c20b4454a8a3a03c92adfcfd55f2295717ad403d6f381/grpcio-1.12.0.tar.gz",[0m
2022-12-27T01:54:46.0897600Z [36;1m  "package_version": "1.12.0",[0m
2022-12-27T01:54:46.0897940Z [36;1m  "python_version": "3.11",[0m
2022-12-27T01:54:46.0898230Z [36;1m  "use_ccache": "true"[0m
2022-12-27T01:54:46.0898410Z [36;1m}'[0m
2022-12-27T01:54:46.0928090Z shell: /bin/bash -e {0}
2022-12-27T01:54:46.0928330Z ##[endgroup]
2022-12-27T01:54:46.1361960Z {
2022-12-27T01:54:46.1365020Z   "environment_variables": "GRPC_PYTHON_BUILD_WITH_CYTHON=1 GRPC_BUILD_WITH_BORING_SSL_ASM= GRPC_PYTHON_BUILD_SYSTEM_OPENSSL=TRUE",
2022-12-27T01:54:46.1365480Z   "package_name": "grpcio",
2022-12-27T01:54:46.1366950Z   "package_url": "https://files.pythonhosted.org/packages/87/42/cbd9bf779156031c20b4454a8a3a03c92adfcfd55f2295717ad403d6f381/grpcio-1.12.0.tar.gz",
2022-12-27T01:54:46.1367500Z   "package_version": "1.12.0",
2022-12-27T01:54:46.1367850Z   "python_version": "3.11",
2022-12-27T01:54:46.1368200Z   "use_ccache": "true"
2022-12-27T01:54:46.1368520Z }
2022-12-27T01:54:46.1740800Z ##[group]Run actions/setup-python@v4
2022-12-27T01:54:46.1741170Z with:
2022-12-27T01:54:46.1741600Z   python-version: 3.11
2022-12-27T01:54:46.1741950Z   check-latest: false
2022-12-27T01:54:46.1742550Z   token: ***
2022-12-27T01:54:46.1742970Z   update-environment: true
2022-12-27T01:54:46.1743330Z ##[endgroup]
2022-12-27T01:54:46.4035440Z ##[group]Installed versions
2022-12-27T01:54:46.4070820Z Successfully set up CPython (3.11.1)
2022-12-27T01:54:46.4072620Z ##[endgroup]
2022-12-27T01:54:46.4319880Z ##[group]Run if [ "true" == "true" ]
2022-12-27T01:54:46.4320340Z [36;1mif [ "true" == "true" ][0m
2022-12-27T01:54:46.4320700Z [36;1mthen[0m
2022-12-27T01:54:46.4321220Z [36;1m  echo "CCACHE_PATH_PREPEND=/usr/local/opt/ccache/libexec" >> $GITHUB_OUTPUT[0m
2022-12-27T01:54:46.4321550Z [36;1melse[0m
2022-12-27T01:54:46.4321920Z [36;1m  echo "CCACHE_PATH_PREPEND=" >> $GITHUB_OUTPUT[0m
2022-12-27T01:54:46.4322290Z [36;1mfi[0m
2022-12-27T01:54:46.4354400Z shell: /bin/bash -e {0}
2022-12-27T01:54:46.4354760Z env:
2022-12-27T01:54:46.4355300Z   pythonLocation: /Users/runner/hostedtoolcache/Python/3.11.1/x64
2022-12-27T01:54:46.4356060Z   PKG_CONFIG_PATH: /Users/runner/hostedtoolcache/Python/3.11.1/x64/lib/pkgconfig
2022-12-27T01:54:46.4357250Z   Python_ROOT_DIR: /Users/runner/hostedtoolcache/Python/3.11.1/x64
2022-12-27T01:54:46.4357710Z   Python2_ROOT_DIR: /Users/runner/hostedtoolcache/Python/3.11.1/x64
2022-12-27T01:54:46.4358260Z   Python3_ROOT_DIR: /Users/runner/hostedtoolcache/Python/3.11.1/x64
2022-12-27T01:54:46.4358580Z ##[endgroup]
2022-12-27T01:54:46.4671980Z ##[group]Run echo "BUILD_NAME=$(echo grpcio_1.12.0_3.11 | tr -dc '[:alnum:]\n\r' | tr '[:upper:]' '[:lower:]')" >> $GITHUB_OUTPUT
2022-12-27T01:54:46.4672630Z [36;1mecho "BUILD_NAME=$(echo grpcio_1.12.0_3.11 | tr -dc '[:alnum:]\n\r' | tr '[:upper:]' '[:lower:]')" >> $GITHUB_OUTPUT[0m
2022-12-27T01:54:46.4705890Z shell: /bin/bash -e {0}
2022-12-27T01:54:46.4706240Z env:
2022-12-27T01:54:46.4706550Z   pythonLocation: /Users/runner/hostedtoolcache/Python/3.11.1/x64
2022-12-27T01:54:46.4707030Z   PKG_CONFIG_PATH: /Users/runner/hostedtoolcache/Python/3.11.1/x64/lib/pkgconfig
2022-12-27T01:54:46.4707490Z   Python_ROOT_DIR: /Users/runner/hostedtoolcache/Python/3.11.1/x64
2022-12-27T01:54:46.4707950Z   Python2_ROOT_DIR: /Users/runner/hostedtoolcache/Python/3.11.1/x64
2022-12-27T01:54:46.4708670Z   Python3_ROOT_DIR: /Users/runner/hostedtoolcache/Python/3.11.1/x64
2022-12-27T01:54:46.4709030Z ##[endgroup]
2022-12-27T01:54:46.4964860Z ##[group]Run echo "PYTHON_NO_DOTS=$(echo 3.11 | tr -dc '[:alnum:]\n\r' | tr '[:upper:]' '[:lower:]')" >> $GITHUB_OUTPUT
2022-12-27T01:54:46.4965520Z [36;1mecho "PYTHON_NO_DOTS=$(echo 3.11 | tr -dc '[:alnum:]\n\r' | tr '[:upper:]' '[:lower:]')" >> $GITHUB_OUTPUT[0m
2022-12-27T01:54:46.4995140Z shell: /bin/bash -e {0}
2022-12-27T01:54:46.4995480Z env:
2022-12-27T01:54:46.4995790Z   pythonLocation: /Users/runner/hostedtoolcache/Python/3.11.1/x64
2022-12-27T01:54:46.4996270Z   PKG_CONFIG_PATH: /Users/runner/hostedtoolcache/Python/3.11.1/x64/lib/pkgconfig
2022-12-27T01:54:46.4996740Z   Python_ROOT_DIR: /Users/runner/hostedtoolcache/Python/3.11.1/x64
2022-12-27T01:54:46.4997200Z   Python2_ROOT_DIR: /Users/runner/hostedtoolcache/Python/3.11.1/x64
2022-12-27T01:54:46.4997710Z   Python3_ROOT_DIR: /Users/runner/hostedtoolcache/Python/3.11.1/x64
2022-12-27T01:54:46.4998080Z ##[endgroup]
2022-12-27T01:54:46.5267090Z ##[group]Run rm -rf build_grpcio1120311
2022-12-27T01:54:46.5267730Z [36;1mrm -rf build_grpcio1120311[0m
2022-12-27T01:54:46.5268040Z [36;1mmkdir build_grpcio1120311[0m
2022-12-27T01:54:46.5268390Z [36;1mcd build_grpcio1120311[0m
2022-12-27T01:54:46.5268950Z [36;1m/usr/local/bin/wget --quiet https://files.pythonhosted.org/packages/87/42/cbd9bf779156031c20b4454a8a3a03c92adfcfd55f2295717ad403d6f381/grpcio-1.12.0.tar.gz[0m
2022-12-27T01:54:46.5269550Z [36;1mtar xf *.tar.gz[0m
2022-12-27T01:54:46.5269830Z [36;1mcd grpcio-*/[0m
2022-12-27T01:54:46.5270210Z [36;1mpython -m pip install cibuildwheel==2.11.3[0m
2022-12-27T01:54:46.5270640Z [36;1mpython -m cibuildwheel --output-dir ../wheelsout[0m
2022-12-27T01:54:46.5301850Z shell: /bin/bash -e {0}
2022-12-27T01:54:46.5302190Z env:
2022-12-27T01:54:46.5302650Z   pythonLocation: /Users/runner/hostedtoolcache/Python/3.11.1/x64
2022-12-27T01:54:46.5303290Z   PKG_CONFIG_PATH: /Users/runner/hostedtoolcache/Python/3.11.1/x64/lib/pkgconfig
2022-12-27T01:54:46.5303890Z   Python_ROOT_DIR: /Users/runner/hostedtoolcache/Python/3.11.1/x64
2022-12-27T01:54:46.5304280Z   Python2_ROOT_DIR: /Users/runner/hostedtoolcache/Python/3.11.1/x64
2022-12-27T01:54:46.5304730Z   Python3_ROOT_DIR: /Users/runner/hostedtoolcache/Python/3.11.1/x64
2022-12-27T01:54:46.5305130Z   CIBW_ARCHS_MACOS: arm64
2022-12-27T01:54:46.5305410Z   CIBW_TEST_SKIP: *_arm64
2022-12-27T01:54:46.5305850Z   CIBW_BUILD: cp311-macosx_arm64
2022-12-27T01:54:46.5306210Z   CIBW_BUILD_FRONTEND: pip
2022-12-27T01:54:46.5306490Z   CIBW_BUILD_VERBOSITY: 3
2022-12-27T01:54:46.5307170Z   CIBW_ENVIRONMENT_MACOS: GRPC_PYTHON_BUILD_WITH_CYTHON=1 GRPC_BUILD_WITH_BORING_SSL_ASM='' GRPC_PYTHON_BUILD_SYSTEM_OPENSSL=TRUE CFLAGS="-I/usr/local/opt/openssl@3/include" LDFLAGS="-L/usr/local/opt/openssl@3/lib" CPPFLAGS="-I/usr/local/opt/openssl@3/include" MAKEFLAGS="-j$(sysctl -n hw.logicalcpu)" PATH=/usr/local/opt/ccache/libexec:$PATH
2022-12-27T01:54:46.5308370Z   CIBW_BEFORE_BUILD: pip install Cython; if [[ -f requirements.txt ]]; then pip install -r requirements.txt; fi
2022-12-27T01:54:46.5309750Z   MAKEFLAGS: -j$(sysctl -n hw.logicalcpu)
2022-12-27T01:54:46.5310110Z ##[endgroup]
2022-12-27T01:54:48.9061270Z Requirement already satisfied: cibuildwheel==2.11.3 in /Library/Frameworks/Python.framework/Versions/3.11/lib/python3.11/site-packages (2.11.3)
2022-12-27T01:54:48.9688520Z Requirement already satisfied: bashlex!=0.13 in /Library/Frameworks/Python.framework/Versions/3.11/lib/python3.11/site-packages (from cibuildwheel==2.11.3) (0.16)
2022-12-27T01:54:48.9696030Z Requirement already satisfied: bracex in /Library/Frameworks/Python.framework/Versions/3.11/lib/python3.11/site-packages (from cibuildwheel==2.11.3) (2.3.post1)
2022-12-27T01:54:48.9705990Z Requirement already satisfied: certifi in /Library/Frameworks/Python.framework/Versions/3.11/lib/python3.11/site-packages (from cibuildwheel==2.11.3) (2022.12.7)
2022-12-27T01:54:48.9715370Z Requirement already satisfied: filelock in /Library/Frameworks/Python.framework/Versions/3.11/lib/python3.11/site-packages (from cibuildwheel==2.11.3) (3.8.2)
2022-12-27T01:54:48.9730600Z Requirement already satisfied: packaging>=20.9 in /Library/Frameworks/Python.framework/Versions/3.11/lib/python3.11/site-packages (from cibuildwheel==2.11.3) (22.0)
2022-12-27T01:54:48.9744020Z Requirement already satisfied: platformdirs in /Library/Frameworks/Python.framework/Versions/3.11/lib/python3.11/site-packages (from cibuildwheel==2.11.3) (2.6.0)
2022-12-27T01:54:49.3843680Z 
2022-12-27T01:54:49.3844190Z      _ _       _ _   _       _           _
2022-12-27T01:54:49.3845350Z  ___|_| |_ _ _|_| |_| |_ _ _| |_ ___ ___| |
2022-12-27T01:54:49.3847880Z |  _| | . | | | | | . | | | |   | -_| -_| |
2022-12-27T01:54:49.3848630Z |___|_|___|___|_|_|___|_____|_|_|___|___|_|
2022-12-27T01:54:49.3849350Z 
2022-12-27T01:54:49.3849560Z cibuildwheel version 2.11.3
2022-12-27T01:54:49.3849950Z 
2022-12-27T01:54:49.3850220Z Build options:
2022-12-27T01:54:49.3850840Z   platform: macos
2022-12-27T01:54:49.4075040Z   architectures: arm64[0m
2022-12-27T01:54:49.4077560Z   build_selector: 
2022-12-27T01:54:49.4079710Z     build_config: cp311-macosx_arm64
2022-12-27T01:54:49.4080890Z     skip_config: 
2022-12-27T01:54:49.4081650Z     requires_python: None
2022-12-27T01:54:49.4082730Z     prerelease_pythons: False[0m
2022-12-27T01:54:49.4083690Z   [38;5;244mcontainer_engine: docker[0m
2022-12-27T01:54:49.4084250Z   output_dir: /Users/runner/actions-runner/_work/python.build/python.build/build_grpcio1120311/wheelsout[0m
2022-12-27T01:54:49.4084990Z   package_dir: /Users/runner/actions-runner/_work/python.build/python.build/build_grpcio1120311/grpcio-1.12.0[0m
2022-12-27T01:54:49.4085440Z   test_selector: 
2022-12-27T01:54:49.4085790Z     skip_config: *_arm64[0m
2022-12-27T01:54:49.4086310Z   [38;5;244mbefore_all: [0m
2022-12-27T01:54:49.4086970Z   before_build: pip install Cython; if [[ -f requirements.txt ]]; then pip install -r requirements.txt; fi[0m
2022-12-27T01:54:49.4087500Z   [38;5;244mbefore_test: [0m
2022-12-27T01:54:49.4087870Z   [38;5;244mbuild_frontend: pip[0m
2022-12-27T01:54:49.4088390Z   build_verbosity: 3[0m
2022-12-27T01:54:49.4088830Z   [38;5;244mconfig_settings: [0m
2022-12-27T01:54:49.4089230Z   [38;5;244mdependency_constraints: pinned[0m
2022-12-27T01:54:49.4089590Z   environment: 
2022-12-27T01:54:49.4089940Z     GRPC_PYTHON_BUILD_WITH_CYTHON=1
2022-12-27T01:54:49.4090390Z     GRPC_BUILD_WITH_BORING_SSL_ASM=''
2022-12-27T01:54:49.4090780Z     GRPC_PYTHON_BUILD_SYSTEM_OPENSSL=TRUE
2022-12-27T01:54:49.4091270Z     CFLAGS="-I/usr/local/opt/openssl@3/include"
2022-12-27T01:54:49.4091700Z     LDFLAGS="-L/usr/local/opt/openssl@3/lib"
2022-12-27T01:54:49.4092190Z     CPPFLAGS="-I/usr/local/opt/openssl@3/include"
2022-12-27T01:54:49.4092770Z     MAKEFLAGS="-j$(sysctl -n hw.logicalcpu)"
2022-12-27T01:54:49.4093710Z     PATH=/usr/local/opt/ccache/libexec:$PATH[0m
2022-12-27T01:54:49.4094120Z   [38;5;244mmanylinux_images: None[0m
2022-12-27T01:54:49.4094570Z   [38;5;244mmusllinux_images: None[0m
2022-12-27T01:54:49.4095260Z   [38;5;244mrepair_command: delocate-wheel --require-archs {delocate_archs} -w {dest_dir} -v {wheel}[0m
2022-12-27T01:54:49.4095720Z   [38;5;244mtest_command: [0m
2022-12-27T01:54:49.4096140Z   [38;5;244mtest_extras: [0m
2022-12-27T01:54:49.4096570Z   [38;5;244mtest_requires: [0m
2022-12-27T01:54:49.4096770Z 
2022-12-27T01:54:49.4096910Z Cache folder: /Users/runner/Library/Caches/cibuildwheel
2022-12-27T01:54:49.4097830Z 
2022-12-27T01:54:49.4098610Z Here we go!
2022-12-27T01:54:49.4098830Z 
2022-12-27T01:54:49.4176060Z 
2022-12-27T01:54:49.4177550Z [1m[34mBuilding cp311-macosx_arm64 wheel[0m
2022-12-27T01:54:49.4178650Z CPython 3.11 macOS arm64 - Apple Silicon
2022-12-27T01:54:49.4179150Z 
2022-12-27T01:54:49.4181590Z ##[group]Installing Python cp311...
2022-12-27T01:54:49.4182350Z 
2022-12-27T01:54:49.4182740Z + pkgutil --pkgs
2022-12-27T01:54:49.4396610Z ##[endgroup]
2022-12-27T01:54:49.4398530Z                                                               [32mâœ“ [0m0.02s
2022-12-27T01:54:49.4399220Z ##[group]Setting up build environment...
2022-12-27T01:54:49.4399610Z 
2022-12-27T01:54:49.4430170Z + /Library/Frameworks/Python.framework/Versions/3.11/bin/python -sS /Users/runner/Library/Caches/cibuildwheel/virtualenv-20.17.0.pyz --activators= --no-periodic-update --pip=22.3.1 --setuptools=65.6.3 --wheel=0.38.4 --symlink-app-data --python /Library/Frameworks/Python.framework/Versions/3.11/bin/python3 /private/var/folders/51/hd414ycd67n82196sw51xqtc0000gn/T/cibw-run-y5mu3xyw/cp311-macosx_arm64/build/venv
2022-12-27T01:54:49.8602920Z created virtual environment CPython3.11.1.final.0-64 in 117ms
2022-12-27T01:54:49.8603900Z   creator CPython3Posix(dest=/private/var/folders/51/hd414ycd67n82196sw51xqtc0000gn/T/cibw-run-y5mu3xyw/cp311-macosx_arm64/build/venv, clear=False, no_vcs_ignore=False, global=False)
2022-12-27T01:54:49.8605310Z   seeder FromAppData(download=False, pip=22.3.1, setuptools=65.6.3, wheel=0.38.4, via=symlink, app_data_dir=/Users/runner/Library/Application Support/virtualenv)
2022-12-27T01:54:49.8606170Z     added seed packages: pip==22.3.1, setuptools==65.6.3, wheel==0.38.4
2022-12-27T01:54:49.8940340Z + python -m pip install --upgrade pip -c /Library/Frameworks/Python.framework/Versions/3.11/lib/python3.11/site-packages/cibuildwheel/resources/constraints-python311.txt
2022-12-27T01:54:50.3607850Z Requirement already satisfied: pip in ./lib/python3.11/site-packages (22.3.1)
2022-12-27T01:54:50.6139810Z + which pip
2022-12-27T01:54:50.6183620Z /private/var/folders/51/hd414ycd67n82196sw51xqtc0000gn/T/cibw-run-y5mu3xyw/cp311-macosx_arm64/build/venv/bin/pip
2022-12-27T01:54:50.6192620Z + pip --version
2022-12-27T01:54:50.9399400Z pip 22.3.1 from /private/var/folders/51/hd414ycd67n82196sw51xqtc0000gn/T/cibw-run-y5mu3xyw/cp311-macosx_arm64/build/venv/lib/python3.11/site-packages/pip (python 3.11)
2022-12-27T01:54:50.9908440Z + which pip
2022-12-27T01:54:50.9960850Z + which python
2022-12-27T01:54:51.0000420Z /private/var/folders/51/hd414ycd67n82196sw51xqtc0000gn/T/cibw-run-y5mu3xyw/cp311-macosx_arm64/build/venv/bin/python
2022-12-27T01:54:51.0003880Z + python --version
2022-12-27T01:54:51.0117070Z Python 3.11.1
2022-12-27T01:54:51.0122090Z + which python
2022-12-27T01:54:51.0229870Z ##[endgroup]
2022-12-27T01:54:51.0230680Z                                                               [32mâœ“ [0m1.58s
2022-12-27T01:54:51.0231480Z ##[group]Installing build tools...
2022-12-27T01:54:51.0231700Z 
2022-12-27T01:54:51.0232260Z + pip install --upgrade setuptools wheel delocate -c /Library/Frameworks/Python.framework/Versions/3.11/lib/python3.11/site-packages/cibuildwheel/resources/constraints-python311.txt
2022-12-27T01:54:51.4950350Z Requirement already satisfied: setuptools in /private/var/folders/51/hd414ycd67n82196sw51xqtc0000gn/T/cibw-run-y5mu3xyw/cp311-macosx_arm64/build/venv/lib/python3.11/site-packages (65.6.3)
2022-12-27T01:54:51.7945680Z Requirement already satisfied: wheel in /private/var/folders/51/hd414ycd67n82196sw51xqtc0000gn/T/cibw-run-y5mu3xyw/cp311-macosx_arm64/build/venv/lib/python3.11/site-packages (0.38.4)
2022-12-27T01:54:51.8572970Z Collecting delocate
2022-12-27T01:54:51.8672580Z   Using cached delocate-0.10.3-py3-none-any.whl (142 kB)
2022-12-27T01:54:51.9153300Z Collecting packaging>=20.9
2022-12-27T01:54:51.9194600Z   Using cached packaging-21.3-py3-none-any.whl (40 kB)
2022-12-27T01:54:51.9457570Z Collecting typing-extensions
2022-12-27T01:54:51.9494290Z   Using cached typing_extensions-4.4.0-py3-none-any.whl (26 kB)
2022-12-27T01:54:52.0059500Z Collecting pyparsing!=3.0.5,>=2.0.2
2022-12-27T01:54:52.0101770Z   Using cached pyparsing-3.0.9-py3-none-any.whl (98 kB)
2022-12-27T01:54:52.0960520Z Installing collected packages: typing-extensions, pyparsing, packaging, delocate
2022-12-27T01:54:52.3144400Z Successfully installed delocate-0.10.3 packaging-21.3 pyparsing-3.0.9 typing-extensions-4.4.0
2022-12-27T01:54:52.4379780Z ##[endgroup]
2022-12-27T01:54:52.4381440Z                                                               [32mâœ“ [0m1.41s
2022-12-27T01:54:52.4382490Z ##[group]Running before_build...
2022-12-27T01:54:52.4382910Z 
2022-12-27T01:54:52.4385990Z + pip install Cython; if [[ -f requirements.txt ]]; then pip install -r requirements.txt; fi
2022-12-27T01:54:53.3541890Z Collecting Cython
2022-12-27T01:54:53.3622410Z   Using cached Cython-0.29.32-py2.py3-none-any.whl (986 kB)
2022-12-27T01:54:53.4329600Z Installing collected packages: Cython
2022-12-27T01:54:54.1835420Z Successfully installed Cython-0.29.32
2022-12-27T01:54:55.2409730Z Collecting coverage>=4.0
2022-12-27T01:54:55.2461540Z   Using cached coverage-7.0.1-cp311-cp311-macosx_10_9_x86_64.whl (188 kB)
2022-12-27T01:54:55.2522590Z Requirement already satisfied: cython>=0.27 in /private/var/folders/51/hd414ycd67n82196sw51xqtc0000gn/T/cibw-run-y5mu3xyw/cp311-macosx_arm64/build/venv/lib/python3.11/site-packages (from -r requirements.txt (line 3)) (0.29.32)
2022-12-27T01:54:55.2758610Z Collecting enum34>=1.0.4
2022-12-27T01:54:55.2798600Z   Using cached enum34-1.1.10-py3-none-any.whl (11 kB)
2022-12-27T01:54:55.6307950Z Collecting protobuf>=3.5.0.post1
2022-12-27T01:54:55.6363840Z   Using cached protobuf-4.21.12-cp37-abi3-macosx_10_9_universal2.whl (486 kB)
2022-12-27T01:54:55.6709080Z Collecting six>=1.10
2022-12-27T01:54:55.6740720Z   Using cached six-1.16.0-py2.py3-none-any.whl (11 kB)
2022-12-27T01:54:55.6778000Z Requirement already satisfied: wheel>=0.29 in /private/var/folders/51/hd414ycd67n82196sw51xqtc0000gn/T/cibw-run-y5mu3xyw/cp311-macosx_arm64/build/venv/lib/python3.11/site-packages (from -r requirements.txt (line 7)) (0.38.4)
2022-12-27T01:54:55.7380360Z Installing collected packages: enum34, six, protobuf, coverage
2022-12-27T01:54:56.1132760Z Successfully installed coverage-7.0.1 enum34-1.1.10 protobuf-4.21.12 six-1.16.0
2022-12-27T01:54:56.2916430Z ##[endgroup]
2022-12-27T01:54:56.2919770Z                                                               [32mâœ“ [0m3.85s
2022-12-27T01:54:56.2921300Z ##[group]Building wheel...
2022-12-27T01:54:56.2921710Z 
2022-12-27T01:54:56.2933260Z + python -m pip wheel /Users/runner/actions-runner/_work/python.build/python.build/build_grpcio1120311/grpcio-1.12.0 --wheel-dir=/private/var/folders/51/hd414ycd67n82196sw51xqtc0000gn/T/cibw-run-y5mu3xyw/cp311-macosx_arm64/built_wheel --no-deps -vvv
2022-12-27T01:54:56.6996650Z Created temporary directory: /private/var/folders/51/hd414ycd67n82196sw51xqtc0000gn/T/pip-ephem-wheel-cache-pwfzyumo
2022-12-27T01:54:56.7008680Z Created temporary directory: /private/var/folders/51/hd414ycd67n82196sw51xqtc0000gn/T/pip-build-tracker-i6frot8r
2022-12-27T01:54:56.7014410Z Initialized build tracking at /private/var/folders/51/hd414ycd67n82196sw51xqtc0000gn/T/pip-build-tracker-i6frot8r
2022-12-27T01:54:56.7018740Z Created build tracker: /private/var/folders/51/hd414ycd67n82196sw51xqtc0000gn/T/pip-build-tracker-i6frot8r
2022-12-27T01:54:56.7023150Z Entered build tracker: /private/var/folders/51/hd414ycd67n82196sw51xqtc0000gn/T/pip-build-tracker-i6frot8r
2022-12-27T01:54:56.7032990Z Created temporary directory: /private/var/folders/51/hd414ycd67n82196sw51xqtc0000gn/T/pip-wheel-jh2fa825
2022-12-27T01:54:56.7047840Z Created temporary directory: /private/var/folders/51/hd414ycd67n82196sw51xqtc0000gn/T/pip-ephem-wheel-cache-jp2rbomi
2022-12-27T01:54:56.7187230Z Processing /Users/runner/actions-runner/_work/python.build/python.build/build_grpcio1120311/grpcio-1.12.0
2022-12-27T01:54:56.7193490Z   Added file:///Users/runner/actions-runner/_work/python.build/python.build/build_grpcio1120311/grpcio-1.12.0 to build tracker '/private/var/folders/51/hd414ycd67n82196sw51xqtc0000gn/T/pip-build-tracker-i6frot8r'
2022-12-27T01:54:56.7198690Z   Running setup.py (path:/Users/runner/actions-runner/_work/python.build/python.build/build_grpcio1120311/grpcio-1.12.0/setup.py) egg_info for package from file:///Users/runner/actions-runner/_work/python.build/python.build/build_grpcio1120311/grpcio-1.12.0
2022-12-27T01:54:56.7204670Z   Created temporary directory: /private/var/folders/51/hd414ycd67n82196sw51xqtc0000gn/T/pip-pip-egg-info-awo_tn2z
2022-12-27T01:54:56.7205970Z   Preparing metadata (setup.py): started
2022-12-27T01:54:56.7208060Z   Running command python setup.py egg_info
2022-12-27T01:54:57.3597870Z   /private/var/folders/51/hd414ycd67n82196sw51xqtc0000gn/T/cibw-run-y5mu3xyw/cp311-macosx_arm64/build/venv/lib/python3.11/site-packages/Cython/Compiler/Main.py:369: FutureWarning: Cython directive 'language_level' not set, using 2 for now (Py2). This will change in a later release! File: /Users/runner/actions-runner/_work/python.build/python.build/build_grpcio1120311/grpcio-1.12.0/src/python/grpcio/grpc/_cython/cygrpc.pxd
2022-12-27T01:54:57.3599560Z     tree = Parsing.p_module(s, pxd, full_module_name)
2022-12-27T01:54:57.4304000Z   warning: src/python/grpcio/grpc/_cython/_cygrpc/grpc.pxi:565:2: 'grpc_compression_level' redeclared
2022-12-27T01:54:57.4473730Z   warning: src/python/grpcio/grpc/_cython/_cygrpc/grpc.pxi:131:13: 'GRPC_ARG_PRIMARY_USER_AGENT_STRING' redeclared
2022-12-27T01:54:57.4522220Z   warning: src/python/grpcio/grpc/_cython/_cygrpc/grpc.pxi:566:4: 'GRPC_COMPRESS_LEVEL_NONE' redeclared
2022-12-27T01:54:57.4526580Z   warning: src/python/grpcio/grpc/_cython/_cygrpc/grpc.pxi:567:4: 'GRPC_COMPRESS_LEVEL_LOW' redeclared
2022-12-27T01:54:57.4533150Z   warning: src/python/grpcio/grpc/_cython/_cygrpc/grpc.pxi:568:4: 'GRPC_COMPRESS_LEVEL_MED' redeclared
2022-12-27T01:54:57.4535330Z   warning: src/python/grpcio/grpc/_cython/_cygrpc/grpc.pxi:569:4: 'GRPC_COMPRESS_LEVEL_HIGH' redeclared
2022-12-27T01:54:59.2230980Z   Compiling src/python/grpcio/grpc/_cython/cygrpc.pyx because it depends on /private/var/folders/51/hd414ycd67n82196sw51xqtc0000gn/T/cibw-run-y5mu3xyw/cp311-macosx_arm64/build/venv/lib/python3.11/site-packages/Cython/Includes/libc/time.pxd.
2022-12-27T01:54:59.2231720Z   [1/1] Cythonizing src/python/grpcio/grpc/_cython/cygrpc.pyx
2022-12-27T01:54:59.2491740Z   running egg_info
2022-12-27T01:54:59.2502630Z   creating /private/var/folders/51/hd414ycd67n82196sw51xqtc0000gn/T/pip-pip-egg-info-awo_tn2z/grpcio.egg-info
2022-12-27T01:54:59.2516180Z   writing /private/var/folders/51/hd414ycd67n82196sw51xqtc0000gn/T/pip-pip-egg-info-awo_tn2z/grpcio.egg-info/PKG-INFO
2022-12-27T01:54:59.2521470Z   writing dependency_links to /private/var/folders/51/hd414ycd67n82196sw51xqtc0000gn/T/pip-pip-egg-info-awo_tn2z/grpcio.egg-info/dependency_links.txt
2022-12-27T01:54:59.2524290Z   writing requirements to /private/var/folders/51/hd414ycd67n82196sw51xqtc0000gn/T/pip-pip-egg-info-awo_tn2z/grpcio.egg-info/requires.txt
2022-12-27T01:54:59.2527280Z   writing top-level names to /private/var/folders/51/hd414ycd67n82196sw51xqtc0000gn/T/pip-pip-egg-info-awo_tn2z/grpcio.egg-info/top_level.txt
2022-12-27T01:54:59.2529850Z   writing manifest file '/private/var/folders/51/hd414ycd67n82196sw51xqtc0000gn/T/pip-pip-egg-info-awo_tn2z/grpcio.egg-info/SOURCES.txt'
2022-12-27T01:54:59.2624150Z   reading manifest file '/private/var/folders/51/hd414ycd67n82196sw51xqtc0000gn/T/pip-pip-egg-info-awo_tn2z/grpcio.egg-info/SOURCES.txt'
2022-12-27T01:54:59.2627980Z   reading manifest template 'PYTHON-MANIFEST.in'
2022-12-27T01:54:59.2652420Z   warning: no files found matching '*.c' under directory 'src/python/grpcio/grpc'
2022-12-27T01:54:59.2677320Z   warning: no files found matching '*.h' under directory 'src/python/grpcio/grpc'
2022-12-27T01:54:59.2814160Z   warning: no files found matching '*.python' under directory 'src/python/grpcio/grpc'
2022-12-27T01:54:59.2842410Z   warning: no previously-included files matching '*.so' found under directory 'src/python/grpcio/grpc/_cython'
2022-12-27T01:54:59.2845550Z   warning: no previously-included files matching '*.pyd' found under directory 'src/python/grpcio/grpc/_cython'
2022-12-27T01:54:59.3387330Z   warning: no files found matching 'src/python/grpcio/precompiled.py'
2022-12-27T01:54:59.3648730Z   writing manifest file '/private/var/folders/51/hd414ycd67n82196sw51xqtc0000gn/T/pip-pip-egg-info-awo_tn2z/grpcio.egg-info/SOURCES.txt'
2022-12-27T01:54:59.6119940Z   Preparing metadata (setup.py): finished with status 'done'
2022-12-27T01:54:59.6190130Z   Source in /Users/runner/actions-runner/_work/python.build/python.build/build_grpcio1120311/grpcio-1.12.0 has version 1.12.0, which satisfies requirement grpcio==1.12.0 from file:///Users/runner/actions-runner/_work/python.build/python.build/build_grpcio1120311/grpcio-1.12.0
2022-12-27T01:54:59.6196850Z   Removed grpcio==1.12.0 from file:///Users/runner/actions-runner/_work/python.build/python.build/build_grpcio1120311/grpcio-1.12.0 from build tracker '/private/var/folders/51/hd414ycd67n82196sw51xqtc0000gn/T/pip-build-tracker-i6frot8r'
2022-12-27T01:54:59.6236300Z Created temporary directory: /private/var/folders/51/hd414ycd67n82196sw51xqtc0000gn/T/pip-unpack-liuicxjn
2022-12-27T01:54:59.6240840Z Building wheels for collected packages: grpcio
2022-12-27T01:54:59.6248160Z   Created temporary directory: /private/var/folders/51/hd414ycd67n82196sw51xqtc0000gn/T/pip-wheel-_p7qgz79
2022-12-27T01:54:59.6251180Z   Building wheel for grpcio (setup.py): started
2022-12-27T01:54:59.6254400Z   Destination directory: /private/var/folders/51/hd414ycd67n82196sw51xqtc0000gn/T/pip-wheel-_p7qgz79
2022-12-27T01:54:59.6255470Z   Running command python setup.py bdist_wheel
2022-12-27T01:55:00.2434970Z   running bdist_wheel
2022-12-27T01:55:00.2752710Z   running build
2022-12-27T01:55:00.2754990Z   running build_py
2022-12-27T01:55:00.2757230Z   running build_project_metadata
2022-12-27T01:55:00.2759010Z   creating python_build
2022-12-27T01:55:00.2761340Z   creating python_build/lib.macosx-11.0-arm64-cpython-311
2022-12-27T01:55:00.2763970Z   creating python_build/lib.macosx-11.0-arm64-cpython-311/grpc
2022-12-27T01:55:00.2766850Z   copying src/python/grpcio/grpc/_channel.py -> python_build/lib.macosx-11.0-arm64-cpython-311/grpc
2022-12-27T01:55:00.2768810Z   copying src/python/grpcio/grpc/_common.py -> python_build/lib.macosx-11.0-arm64-cpython-311/grpc
2022-12-27T01:55:00.2770250Z   copying src/python/grpcio/grpc/__init__.py -> python_build/lib.macosx-11.0-arm64-cpython-311/grpc
2022-12-27T01:55:00.2771900Z   copying src/python/grpcio/grpc/_utilities.py -> python_build/lib.macosx-11.0-arm64-cpython-311/grpc
2022-12-27T01:55:00.2774570Z   copying src/python/grpcio/grpc/_plugin_wrapping.py -> python_build/lib.macosx-11.0-arm64-cpython-311/grpc
2022-12-27T01:55:00.2904320Z   copying src/python/grpcio/grpc/_interceptor.py -> python_build/lib.macosx-11.0-arm64-cpython-311/grpc
2022-12-27T01:55:00.2907050Z   copying src/python/grpcio/grpc/_grpcio_metadata.py -> python_build/lib.macosx-11.0-arm64-cpython-311/grpc
2022-12-27T01:55:00.2907740Z   copying src/python/grpcio/grpc/_server.py -> python_build/lib.macosx-11.0-arm64-cpython-311/grpc
2022-12-27T01:55:00.2908510Z   copying src/python/grpcio/grpc/_auth.py -> python_build/lib.macosx-11.0-arm64-cpython-311/grpc
2022-12-27T01:55:00.2909110Z   creating python_build/lib.macosx-11.0-arm64-cpython-311/grpc/beta
2022-12-27T01:55:00.2914920Z   copying src/python/grpcio/grpc/beta/_server_adaptations.py -> python_build/lib.macosx-11.0-arm64-cpython-311/grpc/beta
2022-12-27T01:55:00.2916450Z   copying src/python/grpcio/grpc/beta/interfaces.py -> python_build/lib.macosx-11.0-arm64-cpython-311/grpc/beta
2022-12-27T01:55:00.2917880Z   copying src/python/grpcio/grpc/beta/_metadata.py -> python_build/lib.macosx-11.0-arm64-cpython-311/grpc/beta
2022-12-27T01:55:00.2919430Z   copying src/python/grpcio/grpc/beta/__init__.py -> python_build/lib.macosx-11.0-arm64-cpython-311/grpc/beta
2022-12-27T01:55:00.2922080Z   copying src/python/grpcio/grpc/beta/utilities.py -> python_build/lib.macosx-11.0-arm64-cpython-311/grpc/beta
2022-12-27T01:55:00.2923480Z   copying src/python/grpcio/grpc/beta/implementations.py -> python_build/lib.macosx-11.0-arm64-cpython-311/grpc/beta
2022-12-27T01:55:00.2925070Z   copying src/python/grpcio/grpc/beta/_client_adaptations.py -> python_build/lib.macosx-11.0-arm64-cpython-311/grpc/beta
2022-12-27T01:55:00.2928120Z   creating python_build/lib.macosx-11.0-arm64-cpython-311/grpc/experimental
2022-12-27T01:55:00.2929820Z   copying src/python/grpcio/grpc/experimental/gevent.py -> python_build/lib.macosx-11.0-arm64-cpython-311/grpc/experimental
2022-12-27T01:55:00.2931420Z   copying src/python/grpcio/grpc/experimental/__init__.py -> python_build/lib.macosx-11.0-arm64-cpython-311/grpc/experimental
2022-12-27T01:55:00.2932900Z   creating python_build/lib.macosx-11.0-arm64-cpython-311/grpc/framework
2022-12-27T01:55:00.2934080Z   copying src/python/grpcio/grpc/framework/__init__.py -> python_build/lib.macosx-11.0-arm64-cpython-311/grpc/framework
2022-12-27T01:55:00.2934820Z   creating python_build/lib.macosx-11.0-arm64-cpython-311/grpc/_cython
2022-12-27T01:55:00.2935440Z   copying src/python/grpcio/grpc/_cython/__init__.py -> python_build/lib.macosx-11.0-arm64-cpython-311/grpc/_cython
2022-12-27T01:55:00.2936150Z   creating python_build/lib.macosx-11.0-arm64-cpython-311/grpc/framework/foundation
2022-12-27T01:55:00.2936910Z   copying src/python/grpcio/grpc/framework/foundation/callable_util.py -> python_build/lib.macosx-11.0-arm64-cpython-311/grpc/framework/foundation
2022-12-27T01:55:00.2938200Z   copying src/python/grpcio/grpc/framework/foundation/abandonment.py -> python_build/lib.macosx-11.0-arm64-cpython-311/grpc/framework/foundation
2022-12-27T01:55:00.2939020Z   copying src/python/grpcio/grpc/framework/foundation/__init__.py -> python_build/lib.macosx-11.0-arm64-cpython-311/grpc/framework/foundation
2022-12-27T01:55:00.2939850Z   copying src/python/grpcio/grpc/framework/foundation/stream.py -> python_build/lib.macosx-11.0-arm64-cpython-311/grpc/framework/foundation
2022-12-27T01:55:00.2940680Z   copying src/python/grpcio/grpc/framework/foundation/stream_util.py -> python_build/lib.macosx-11.0-arm64-cpython-311/grpc/framework/foundation
2022-12-27T01:55:00.2941490Z   copying src/python/grpcio/grpc/framework/foundation/future.py -> python_build/lib.macosx-11.0-arm64-cpython-311/grpc/framework/foundation
2022-12-27T01:55:00.2942270Z   copying src/python/grpcio/grpc/framework/foundation/logging_pool.py -> python_build/lib.macosx-11.0-arm64-cpython-311/grpc/framework/foundation
2022-12-27T01:55:00.2942980Z   creating python_build/lib.macosx-11.0-arm64-cpython-311/grpc/framework/common
2022-12-27T01:55:00.2943850Z   copying src/python/grpcio/grpc/framework/common/style.py -> python_build/lib.macosx-11.0-arm64-cpython-311/grpc/framework/common
2022-12-27T01:55:00.2944660Z   copying src/python/grpcio/grpc/framework/common/cardinality.py -> python_build/lib.macosx-11.0-arm64-cpython-311/grpc/framework/common
2022-12-27T01:55:00.2945490Z   copying src/python/grpcio/grpc/framework/common/__init__.py -> python_build/lib.macosx-11.0-arm64-cpython-311/grpc/framework/common
2022-12-27T01:55:00.2946180Z   creating python_build/lib.macosx-11.0-arm64-cpython-311/grpc/framework/interfaces
2022-12-27T01:55:00.2946950Z   copying src/python/grpcio/grpc/framework/interfaces/__init__.py -> python_build/lib.macosx-11.0-arm64-cpython-311/grpc/framework/interfaces
2022-12-27T01:55:00.2948020Z   creating python_build/lib.macosx-11.0-arm64-cpython-311/grpc/framework/interfaces/face
2022-12-27T01:55:00.2948750Z   copying src/python/grpcio/grpc/framework/interfaces/face/__init__.py -> python_build/lib.macosx-11.0-arm64-cpython-311/grpc/framework/interfaces/face
2022-12-27T01:55:00.2949590Z   copying src/python/grpcio/grpc/framework/interfaces/face/utilities.py -> python_build/lib.macosx-11.0-arm64-cpython-311/grpc/framework/interfaces/face
2022-12-27T01:55:00.2950440Z   copying src/python/grpcio/grpc/framework/interfaces/face/face.py -> python_build/lib.macosx-11.0-arm64-cpython-311/grpc/framework/interfaces/face
2022-12-27T01:55:00.2951280Z   creating python_build/lib.macosx-11.0-arm64-cpython-311/grpc/framework/interfaces/base
2022-12-27T01:55:00.2951990Z   copying src/python/grpcio/grpc/framework/interfaces/base/__init__.py -> python_build/lib.macosx-11.0-arm64-cpython-311/grpc/framework/interfaces/base
2022-12-27T01:55:00.2952840Z   copying src/python/grpcio/grpc/framework/interfaces/base/utilities.py -> python_build/lib.macosx-11.0-arm64-cpython-311/grpc/framework/interfaces/base
2022-12-27T01:55:00.2953700Z   copying src/python/grpcio/grpc/framework/interfaces/base/base.py -> python_build/lib.macosx-11.0-arm64-cpython-311/grpc/framework/interfaces/base
2022-12-27T01:55:00.2954510Z   creating python_build/lib.macosx-11.0-arm64-cpython-311/grpc/_cython/_cygrpc
2022-12-27T01:55:00.2955190Z   copying src/python/grpcio/grpc/_cython/_cygrpc/__init__.py -> python_build/lib.macosx-11.0-arm64-cpython-311/grpc/_cython/_cygrpc
2022-12-27T01:55:00.2955880Z   creating python_build/lib.macosx-11.0-arm64-cpython-311/grpc/_cython/_credentials
2022-12-27T01:55:00.2956640Z   copying src/python/grpcio/grpc/_cython/_credentials/roots.pem -> python_build/lib.macosx-11.0-arm64-cpython-311/grpc/_cython/_credentials
2022-12-27T01:55:00.2957110Z   running build_ext
2022-12-27T01:55:08.5481360Z   b'[C]       Compiling third_party/address_sorting/address_sorting_windows.c\n[C]       Compiling third_party/address_sorting/address_sorting.c\n[C]       Compiling third_party/address_sorting/address_sorting_posix.c\n[C]       Compiling third_party/cares/cares/ares__close_sockets.c\n[C]       Compiling third_party/cares/cares/ares__get_hostent.c\n[C]       Compiling third_party/cares/cares/ares__read_line.c\n[C]       Compiling third_party/cares/cares/ares__timeval.c\n[C]       Compiling third_party/cares/cares/ares_cancel.c\n[C]       Compiling third_party/cares/cares/ares_create_query.c\n[C]       Compiling third_party/cares/cares/ares_data.c\n[C]       Compiling third_party/cares/cares/ares_destroy.c\n[C]       Compiling third_party/cares/cares/ares_expand_name.c\n[C]       Compiling third_party/cares/cares/ares_expand_string.c\n[C]       Compiling third_party/cares/cares/ares_fds.c\n[C]       Compiling third_party/cares/cares/ares_free_hostent.c\n[C]       Compiling third_party/cares/cares/ares_free_string.c\n[C]       Compiling third_party/cares/cares/ares_getenv.c\n[C]       Compiling third_party/cares/cares/ares_gethostbyaddr.c\n[C]       Compiling third_party/cares/cares/ares_gethostbyname.c\n[C]       Compiling third_party/cares/cares/ares_getnameinfo.c\n[C]       Compiling third_party/cares/cares/ares_getopt.c\n[C]       Compiling third_party/cares/cares/ares_getsock.c\n[C]       Compiling third_party/cares/cares/ares_init.c\n[C]       Compiling third_party/cares/cares/ares_library_init.c\n[C]       Compiling third_party/cares/cares/ares_llist.c\n[C]       Compiling third_party/cares/cares/ares_mkquery.c\n[C]       Compiling third_party/cares/cares/ares_nowarn.c\n[C]       Compiling third_party/cares/cares/ares_options.c\n[C]       Compiling third_party/cares/cares/ares_parse_a_reply.c\n[C]       Compiling third_party/cares/cares/ares_parse_aaaa_reply.c\n[C]       Compiling third_party/cares/cares/ares_parse_mx_reply.c\n[C]       Compiling third_party/cares/cares/ares_parse_naptr_reply.c\n[C]       Compiling third_party/cares/cares/ares_parse_ns_reply.c\n[C]       Compiling third_party/cares/cares/ares_parse_ptr_reply.c\n[C]       Compiling third_party/cares/cares/ares_parse_soa_reply.c\n[C]       Compiling third_party/cares/cares/ares_parse_srv_reply.c\n[C]       Compiling third_party/cares/cares/ares_parse_txt_reply.c\n[C]       Compiling third_party/cares/cares/ares_platform.c\n[C]       Compiling third_party/cares/cares/ares_process.c\n[C]       Compiling third_party/cares/cares/ares_query.c\n[C]       Compiling third_party/cares/cares/ares_search.c\n[C]       Compiling third_party/cares/cares/ares_send.c\n[C]       Compiling third_party/cares/cares/ares_strcasecmp.c\n[C]       Compiling third_party/cares/cares/ares_strdup.c\n[C]       Compiling third_party/cares/cares/ares_strerror.c\n[C]       Compiling third_party/cares/cares/ares_timeout.c\n[C]       Compiling third_party/cares/cares/ares_version.c\n[C]       Compiling third_party/cares/cares/ares_writev.c\n[C]       Compiling third_party/cares/cares/bitncmp.c\n[C]       Compiling third_party/cares/cares/inet_net_pton.c\n[C]       Compiling third_party/cares/cares/inet_ntop.c\n[C]       Compiling third_party/cares/cares/windows_port.c\n[C]       Compiling third_party/zlib/compress.c\n[C]       Compiling third_party/zlib/crc32.c\n[C]       Compiling third_party/zlib/adler32.c\n[C]       Compiling third_party/zlib/gzclose.c\n[C]       Compiling third_party/zlib/gzlib.c\n[C]       Compiling third_party/zlib/deflate.c\n[C]       Compiling third_party/zlib/gzwrite.c\n[C]       Compiling third_party/zlib/gzread.c\n[C]       Compiling third_party/zlib/infback.c\n[C]       Compiling third_party/zlib/inffast.c\n[C]       Compiling third_party/zlib/inflate.c\n[C]       Compiling third_party/zlib/inftrees.c\n[C]       Compiling third_party/zlib/trees.c\n[C]       Compiling third_party/zlib/uncompr.c\n[C]       Compiling third_party/zlib/zutil.c\n[C]       Compiling src/boringssl/err_data.c\n[C]       Compiling third_party/boringssl/crypto/asn1/a_bitstr.c\n[C]       Compiling third_party/boringssl/crypto/asn1/a_bool.c\n[C]       Compiling third_party/boringssl/crypto/asn1/a_d2i_fp.c\n[C]       Compiling third_party/boringssl/crypto/asn1/a_dup.c\n[C]       Compiling third_party/boringssl/crypto/asn1/a_enum.c\n[C]       Compiling third_party/boringssl/crypto/asn1/a_gentm.c\n[C]       Compiling third_party/boringssl/crypto/asn1/a_i2d_fp.c\n[C]       Compiling third_party/boringssl/crypto/asn1/a_mbstr.c\n[C]       Compiling third_party/boringssl/crypto/asn1/a_int.c\n[C]       Compiling third_party/boringssl/crypto/asn1/a_octet.c\n[C]       Compiling third_party/boringssl/crypto/asn1/a_object.c\n[C]       Compiling third_party/boringssl/crypto/asn1/a_print.c\n[C]       Compiling third_party/boringssl/crypto/asn1/a_strnid.c\n[C]       Compiling third_party/boringssl/crypto/asn1/a_time.c\n[C]       Compiling third_party/boringssl/crypto/asn1/a_type.c\n[C]       Compiling third_party/boringssl/crypto/asn1/a_utctm.c\n[C]       Compiling third_party/boringssl/crypto/asn1/a_utf8.c\n[C]       Compiling third_party/boringssl/crypto/asn1/asn1_lib.c\n'
2022-12-27T01:55:08.5985860Z   b'make: Circular /Users/runner/actions-runner/_work/python.build/python.build/build_grpcio1120311/grpcio-1.12.0/libs/opt/libares.a <- /Users/runner/actions-runner/_work/python.build/python.build/build_grpcio1120311/grpcio-1.12.0/libs/opt/libz.a dependency dropped.\nmake: Circular /Users/runner/actions-runner/_work/python.build/python.build/build_grpcio1120311/grpcio-1.12.0/libs/opt/libaddress_sorting.a <- /Users/runner/actions-runner/_work/python.build/python.build/build_grpcio1120311/grpcio-1.12.0/libs/opt/libz.a dependency dropped.\nmake: Circular /Users/runner/actions-runner/_work/python.build/python.build/build_grpcio1120311/grpcio-1.12.0/libs/opt/libaddress_sorting.a <- /Users/runner/actions-runner/_work/python.build/python.build/build_grpcio1120311/grpcio-1.12.0/libs/opt/libares.a dependency dropped.\nIn file included from src/boringssl/err_data.c:17:\nthird_party/boringssl/include/openssl/base.h:143:9: error: \'OPENSSL_VERSION_NUMBER\' macro redefined [-Werror,-Wmacro-redefined]\n#define OPENSSL_VERSION_NUMBER 0x1010007f\n        ^\n/usr/local/opt/openssl@3/include/openssl/opensslv.h:99:10: note: previous definition is here\n# define OPENSSL_VERSION_NUMBER          \\\n         ^\nIn file included from src/boringssl/err_data.c:18:\nIn file included from /usr/local/opt/openssl@3/include/openssl/err.h:21:\n/usr/local/opt/openssl@3/include/openssl/e_os2.h:183:11: error: \'OPENSSL_EXPORT\' macro redefined [-Werror,-Wmacro-redefined]\n#  define OPENSSL_EXPORT extern\n          ^\nthird_party/boringssl/include/openssl/base.h:178:9: note: previous definition is here\n#define OPENSSL_EXPORT\n        ^\nIn file included from third_party/boringssl/crypto/asn1/a_d2i_fp.c:61:\nIn file included from third_party/boringssl/include/openssl/buf.h:60:\nthird_party/boringssl/include/openssl/base.h:143:9: error: \'OPENSSL_VERSION_NUMBER\' macro redefined [-Werror,-Wmacro-redefined]\n#define OPENSSL_VERSION_NUMBER 0x1010007f\n        ^\n/usr/local/opt/openssl@3/include/openssl/opensslv.h:99:10: note: previous definition is here\n# define OPENSSL_VERSION_NUMBER          \\\n         ^\nIn file included from third_party/boringssl/crypto/asn1/a_d2i_fp.c:61:\nIn file included from third_party/boringssl/include/openssl/buf.h:60:\nthird_party/boringssl/include/openssl/base.h:178:9: error: \'OPENSSL_EXPORT\' macro redefined [-Werror,-Wmacro-redefined]\n#define OPENSSL_EXPORT\n        ^\n/usr/local/opt/openssl@3/include/openssl/e_os2.h:183:11: note: previous definition is here\n#  define OPENSSL_EXPORT extern\n          ^\nIn file included from third_party/boringssl/crypto/asn1/a_d2i_fp.c:61:\nIn file included from third_party/boringssl/include/openssl/buf.h:60:\nthird_party/boringssl/include/openssl/base.h:240:13: error: typedef redefinition with different types (\'int\' vs \'struct crypto_threadid_st\')\ntypedef int CRYPTO_THREADID;\n            ^\n/usr/local/opt/openssl@3/include/openssl/crypto.h:308:3: note: previous definition is here\n} CRYPTO_THREADID;\n  ^\nIn file included from third_party/boringssl/crypto/asn1/a_d2i_fp.c:61:\nIn file included from third_party/boringssl/include/openssl/buf.h:60:\nthird_party/boringssl/include/openssl/base.h:242:13: error: redefinition of typedef \'ASN1_BOOLEAN\' is a C11 feature [-Werror,-Wtypedef-redefinition]\ntypedef int ASN1_BOOLEAN;\n            ^\n/usr/local/opt/openssl@3/include/openssl/types.h:61:13: note: previous definition is here\ntypedef int ASN1_BOOLEAN;\n            ^\nIn file included from third_party/boringssl/crypto/asn1/a_d2i_fp.c:61:\nIn file included from third_party/boringssl/include/openssl/buf.h:60:\nthird_party/boringssl/include/openssl/base.h:243:13: error: redefinition of typedef \'ASN1_NULL\' is a C11 feature [-Werror,-Wtypedef-redefinition]\ntypedef int ASN1_NULL;\n            ^\n/usr/local/opt/openssl@3/include/openssl/types.h:62:13: note: previous definition is here\ntypedef int ASN1_NULL;\n            ^\nIn file included from third_party/boringssl/crypto/asn1/a_d2i_fp.c:61:\nIn file included from third_party/boringssl/include/openssl/buf.h:60:\nthird_party/boringssl/include/openssl/base.h:244:29: error: redefinition of typedef \'ASN1_ITEM\' is a C11 feature [-Werror,-Wtypedef-redefinition]\ntypedef struct ASN1_ITEM_st ASN1_ITEM;\n                            ^\n/usr/local/opt/openssl@3/include/openssl/types.h:69:29: note: previous definition is here\ntypedef struct ASN1_ITEM_st ASN1_ITEM;\n                            ^\nIn file included from third_party/boringssl/crypto/asn1/a_d2i_fp.c:61:\nIn file included from third_party/boringssl/include/openssl/buf.h:60:\nthird_party/boringssl/include/openssl/base.h:245:31: error: redefinition of typedef \'ASN1_OBJECT\' is a C11 feature [-Werror,-Wtypedef-redefinition]\ntypedef struct asn1_object_st ASN1_OBJECT;\n                              ^\n/usr/local/opt/openssl@3/include/openssl/types.h:66:31: note: previous definition is here\ntypedef struct asn1_object_st ASN1_OBJECT;\n                              ^\nIn file included from third_party/boringssl/crypto/asn1/a_d2i_fp.c:61:\nIn file included from third_party/boringssl/include/openssl/buf.h:60:\nthird_party/boringssl/include/openssl/base.h:246:29: error: redefinition of typedef \'ASN1_PCTX\' is a C11 feature [-Werror,-Wtypedef-redefinition]\ntypedef struct asn1_pctx_st ASN1_PCTX;\n                            ^\n/usr/local/opt/openssl@3/include/openssl/types.h:70:29: note: previous definition is here\ntypedef struct asn1_pctx_st ASN1_PCTX;\n                            ^\nIn file included from third_party/boringssl/crypto/asn1/a_d2i_fp.c:61:\nIn file included from third_party/boringssl/include/openssl/buf.h:60:\nthird_party/boringssl/include/openssl/base.h:247:31: error: redefinition of typedef \'ASN1_BIT_STRING\' is a C11 feature [-Werror,-Wtypedef-redefinition]\ntypedef struct asn1_string_st ASN1_BIT_STRING;\n                              ^\n/usr/local/opt/openssl@3/include/openssl/types.h:47:31: note: previous definition is here\ntypedef struct asn1_string_st ASN1_BIT_STRING;\n                              ^\nIn file included from third_party/boringssl/crypto/asn1/a_d2i_fp.c:61:\nIn file included from third_party/boringssl/include/openssl/buf.h:60:\nthird_party/boringssl/include/openssl/base.h:248:31: error: redefinition of typedef \'ASN1_BMPSTRING\' is a C11 feature [-Werror,-Wtypedef-redefinition]\ntypedef struct asn1_string_st ASN1_BMPSTRING;\n                              ^\n/usr/local/opt/openssl@3/include/openssl/types.h:54:31: note: previous definition is here\ntypedef struct asn1_string_st ASN1_BMPSTRING;\n                              ^\nIn file included from third_party/boringssl/crypto/asn1/a_d2i_fp.c:61:\nIn file included from third_party/boringssl/include/openssl/buf.h:60:\nthird_party/boringssl/include/openssl/base.h:249:31: error: redefinition of typedef \'ASN1_ENUMERATED\' is a C11 feature [-Werror,-Wtypedef-redefinition]\ntypedef struct asn1_string_st ASN1_ENUMERATED;\n                              ^\n/usr/local/opt/openssl@3/include/openssl/types.h:46:31: note: previous definition is here\ntypedef struct asn1_string_st ASN1_ENUMERATED;\n                              ^\nIn file included from third_party/boringssl/crypto/asn1/a_d2i_fp.c:61:\nIn file included from third_party/boringssl/include/openssl/buf.h:60:\nthird_party/boringssl/include/openssl/base.h:250:31: error: redefinition of typedef \'ASN1_GENERALIZEDTIME\' is a C11 feature [-Werror,-Wtypedef-redefinition]\ntypedef struct asn1_string_st ASN1_GENERALIZEDTIME;\n                              ^\n/usr/local/opt/openssl@3/include/openssl/types.h:57:31: note: previous definition is here\ntypedef struct asn1_string_st ASN1_GENERALIZEDTIME;\n                              ^\nIn file included from third_party/boringssl/crypto/asn1/a_d2i_fp.c:61:\nIn file included from third_party/boringssl/include/openssl/buf.h:60:\nthird_party/boringssl/include/openssl/base.h:251:31: error: redefinition of typedef \'ASN1_GENERALSTRING\' is a C11 feature [-Werror,-Wtypedef-redefinition]\ntypedef struct asn1_string_st ASN1_GENERALSTRING;\n                              ^\n/usr/local/opt/openssl@3/include/openssl/types.h:52:31: note: previous definition is here\ntypedef struct asn1_string_st ASN1_GENERALSTRING;\n                              ^\nIn file included from third_party/boringssl/crypto/asn1/a_d2i_fp.c:61:\nIn file included from third_party/boringssl/include/openssl/buf.h:60:\nthird_party/boringssl/include/openssl/base.h:252:31: error: redefinition of typedef \'ASN1_IA5STRING\' is a C11 feature [-Werror,-Wtypedef-redefinition]\ntypedef struct asn1_string_st ASN1_IA5STRING;\n                              ^\n/usr/local/opt/openssl@3/include/openssl/types.h:51:31: noteIn file included from src/boringssl/err_data.c:18:\nIn file included from : /usr/local/opt/openssl@3/include/openssl/err.h:28:\nIn file included from /usr/local/opt/openssl@3/include/openssl/types.h:21:\n/usr/local/opt/openssl@3/include/openssl/safestack.h:264:15: error: redefinition of typedef \'OPENSSL_BLOCK\' is a C11 feature [-Werror,-Wtypedef-redefinition]\ntypedef void *OPENSSL_BLOCK;\n              ^\nthird_party/boringssl/include/openssl/base.h:358:15: noteprevious definition is here: \nprevious definition is here\ntypedef void *OPENSSL_BLOCK;\n              ^typedef struct asn1_string_st ASN1_IA5STRING;\n\n                              ^\nIn file included from third_party/boringssl/crypto/asn1/a_d2i_fp.c:61:\nIn file included from third_party/boringssl/include/openssl/buf.h:60:\nthird_party/boringssl/include/openssl/base.h:253:31: error: redefinition of typedef \'ASN1_INTEGER\' is a C11 feature [-Werror,-Wtypedef-redefinition]\ntypedef struct asn1_string_st ASN1_INTEGER;\n                              ^\n/usr/local/opt/openssl@3/include/openssl/types.h:45:31: note: previous definition is here\ntypedef struct asn1_string_st ASN1_INTEGER;\n                              ^\nIn file included from third_party/boringssl/crypto/asn1/a_d2i_fp.c:61:\nIn file included from third_party/boringssl/include/openssl/buf.h:60:\nthird_party/boringssl/include/openssl/base.h:254:31: error: redefinition of typedef \'ASN1_OCTET_STRING\' is a C11 feature [-Werror,-Wtypedef-redefinition]\ntypedef struct asn1_string_st ASN1_OCTET_STRING;\n                              ^\n/usr/local/opt/openssl@3/include/openssl/types.h:48:31: note: previous definition is here\ntypedef struct asn1_string_st ASN1_OCTET_STRING;\n                              ^\nIn file included from third_party/boringssl/crypto/asn1/a_d2i_fp.c:61:\nIn file included from third_party/boringssl/include/openssl/buf.h:60:\nthird_party/boringssl/include/openssl/base.h:255:31: error: redefinition of typedef \'ASN1_PRINTABLESTRING\' is a C11 feature [-Werror,-Wtypedef-redefinition]\nIn file included from src/boringssl/err_data.c:18:\nIn file included from /usr/local/opt/openssl@3/include/openssl/err.htypedef struct asn1_string_st ASN1_PRINTABLESTRING;:\n28                              ^:\n\n/usr/local/opt/openssl@3/include/openssl/types.h:45/usr/local/opt/openssl@3/include/openssl/types.h::3149:: 31error::  redefinition of typedef \'ASN1_INTEGER\' is a C11 feature [-Werror,-Wtypedef-redefinition]note: previous definition is here\n\ntypedef struct asn1_string_st ASN1_PRINTABLESTRING;\n                              ^\ntypedef struct asn1_string_st ASN1_INTEGER;\n                              ^\nthird_party/boringssl/include/openssl/base.h:253In file included from :third_party/boringssl/crypto/asn1/a_d2i_fp.c:61:\n31:In file included from third_party/boringssl/include/openssl/buf.h:60:\nthird_party/boringssl/include/openssl/base.h:256:31 : error: redefinition of typedef \'ASN1_STRING\' is a C11 feature [-Werror,-Wtypedef-redefinition]\ntypedef struct asn1_string_st ASN1_STRING;\nnote                              ^\n: /usr/local/opt/openssl@3/include/openssl/types.h:60:31:previous definition is here\n note: previous definition is here\ntypedef struct asn1_string_st ASN1_INTEGER;\n                              ^\ntypedef struct asn1_string_st ASN1_STRING;\n                              ^\nIn file included from src/boringssl/err_data.c:18:\nIn file included from /usr/local/opt/openssl@3/include/openssl/err.h:28:\n/usr/local/opt/openssl@3/include/openssl/types.hIn file included from :third_party/boringssl/crypto/asn1/a_d2i_fp.c46::6131:\n:In file included from  third_party/boringssl/include/openssl/buf.h:60:\nthird_party/boringssl/include/openssl/base.h:257:31: error: redefinition of typedef \'ASN1_T61STRING\' is a C11 feature [-Werror,-Wtypedef-redefinition]\ntypedef struct asn1_string_st ASN1_T61STRING;\n                              ^\n/usr/local/opt/openssl@3/include/openssl/types.h:50:31: noteerror: redefinition of typedef \'ASN1_ENUMERATED\' is a C11 feature [-Werror,-Wtypedef-redefinition]\n: previous definition is here\ntypedef struct asn1_string_st ASN1_ENUMERATED;\n                              ^\ntypedef struct asn1_string_st ASN1_T61STRING;\n                              ^\nthird_party/boringssl/include/openssl/base.h:249:31:fatal error : notetoo many errors emitted, stopping now [-ferror-limit=]\n: previous definition is here\ntypedef struct asn1_string_st ASN1_ENUMERATED;\n                              ^\nIn file included from src/boringssl/err_data.c:18:\nIn file included from /usr/local/opt/openssl@3/include/openssl/err.h:28:\n/usr/local/opt/openssl@3/include/openssl/types.h:47:31: error: redefinition of typedef \'ASN1_BIT_STRING\' is a C11 feature [-Werror,-Wtypedef-redefinition]\ntypedef struct asn1_string_st ASN1_BIT_STRING;\n                              ^\nthird_party/boringssl/include/openssl/base.h:247:31: note: previous definition is here\ntypedef struct asn1_string_st ASN1_BIT_STRING;\n                              ^\nIn file included from src/boringssl/err_data.c:18:\nIn file included from /usr/local/opt/openssl@3/include/openssl/err.h:28:\n/usr/local/opt/openssl@3/include/openssl/types.h:48:31: error: redefinition of typedef \'ASN1_OCTET_STRING\' is a C11 feature [-Werror,-Wtypedef-redefinition]\ntypedef struct asn1_string_st ASN1_OCTET_STRING;\n                              ^\nthird_party/boringssl/include/openssl/base.h:254:31: note: previous definition is here\ntypedef struct asn1_string_st ASN1_OCTET_STRING;\n                              ^\nIn file included from src/boringssl/err_data.c:18:\nIn file included from /usr/local/opt/openssl@3/include/openssl/err.h:28:\n/usr/local/opt/openssl@3/include/openssl/types.h:49:31: error: redefinition of typedef \'ASN1_PRINTABLESTRING\' is a C11 feature [-Werror,-Wtypedef-redefinition]\ntypedef struct asn1_string_st ASN1_PRINTABLESTRING;\n                              ^\nthird_party/boringssl/include/openssl/base.h:255:31: note: previous definition is here\ntypedef struct asn1_string_st ASN1_PRINTABLESTRING;\n                              ^\nIn file included from src/boringssl/err_data.c:18:\nIn file included from /usr/local/opt/openssl@3/include/openssl/err.h:28:\n/usr/local/opt/openssl@3/include/openssl/types.h:50:31: error: redefinition of typedef \'ASN1_T61STRING\' is a C11 feature [-Werror,-Wtypedef-redefinition]\ntypedef struct asn1_string_st ASN1_T61STRING;\n                              ^\nthird_party/boringssl/include/openssl/base.h:257:31: note: previous definition is here\ntypedef struct asn1_string_st ASN1_T61STRING;\n                              ^\nIn file included from src/boringssl/err_data.c:18:\nIn file included from /usr/local/opt/openssl@3/include/openssl/err.h:28:\n/usr/local/opt/openssl@3/include/openssl/types.h:51:31: error: redefinition of typedef \'ASN1_IA5STRING\' is a C11 feature [-Werror,-Wtypedef-redefinition]\ntypedef struct asn1_string_st ASN1_IA5STRING;\n                              ^\nthird_party/boringssl/include/openssl/base.h:252:31: note: previous definition is here\ntypedef struct asn1_string_st ASN1_IA5STRING;\n                              ^\nIn file included from src/boringssl/err_data.c:18:\nIn file included from /usr/local/opt/openssl@3/include/openssl/err.h:28:\n/usr/local/opt/openssl@3/include/openssl/types.h:52:31: error: redefinition of typedef \'ASN1_GENERALSTRING\' is a C11 feature [-Werror,-Wtypedef-redefinition]\ntypedef struct asn1_string_st ASN1_GENERALSTRING;\n                              ^\nthird_party/boringssl/include/openssl/base.h:251:31: note: previous definition is here\ntypedef struct asn1_string_st ASN1_GENERALSTRING;\n                              ^\nIn file included from src/boringssl/err_data.c:18:\nIn file included from /usr/local/opt/openssl@3/include/openssl/err.h:28:\n/usr/local/opt/openssl@3/include/openssl/types.h:53:31: error: redefinition of typedef \'ASN1_UNIVERSALSTRING\' is a C11 feature [-Werror,-Wtypedef-redefinition]\ntypedef struct asn1_string_st ASN1_UNIVERSALSTRING;\n                              ^\nthird_party/boringssl/include/openssl/base.h:259:31: note: previous definition is here\ntypedef struct asn1_string_st ASN1_UNIVERSALSTRING;\n                              ^\nIn file included from src/boringssl/err_data.c:18:\nIn file included from /usr/local/opt/openssl@3/include/openssl/err.h:28:\n/usr/local/opt/openssl@3/include/openssl/types.h:54:31: error: redefinition of typedef \'ASN1_BMPSTRING\' is a C11 feature [-Werror,-Wtypedef-redefinition]\ntypedef struct asn1_string_st ASN1_BMPSTRING;\n                              ^\nthird_party/boringssl/include/openssl/base.h:248:31: note: previous definition is here\ntypedef struct asn1_string_st ASN1_BMPSTRING;\n                              ^\nIn file included from src/boringssl/err_data.c:18:\nIn file included from /usr/local/opt/openssl@3/include/openssl/err.h:28:\n/usr/local/opt/openssl@3/include/openssl/types.h:55:31: error: redefinition of typedef \'ASN1_UTCTIME\' is a C11 feature [-Werror,-Wtypedef-redefinition]\ntypedef struct asn1_string_st ASN1_UTCTIME;\n                              ^\nthird_party/boringssl/include/openssl/base.h:260:31: note: previous definition is here\ntypedef struct asn1_string_st ASN1_UTCTIME;\n                              ^\nIn file included from src/boringssl/err_data.c:18:\nIn file included from /usr/local/opt/openssl@3/include/openssl/err.h:28:\n/usr/local/opt/openssl@3/include/openssl/types.h:56:31: error: redefinition of typedef \'ASN1_TIME\' is a C11 feature [-Werror,-Wtypedef-redefinition]\ntypedef struct asn1_string_st ASN1_TIME;\n                              ^\nthird_party/boringssl/include/openssl/base.h:258:31: note: previous definition is here\ntypedef struct asn1_string_st ASN1_TIME;\n                              ^\nIn file included from src/boringssl/err_data.c:18:\nIn file included from /usr/local/opt/openssl@3/include/openssl/err.h:28:\n/usr/local/opt/openssl@3/include/openssl/types.h:57:31: error: redefinition of typedef \'ASN1_GENERALIZEDTIME\' is a C11 feature [-Werror,-Wtypedef-redefinition]\ntypedef struct asn1_string_st ASN1_GENERALIZEDTIME;\n                              ^\nthird_party/boringssl/include/openssl/base.h:250:31: note: previous definition is here\ntypedef struct asn1_string_st ASN1_GENERALIZEDTIME;\n                              ^\nIn file included from src/boringssl/err_data.c:18:\nIn file included from /usr/local/opt/openssl@3/include/openssl/err.h:28:\n/usr/local/opt/openssl@3/include/openssl/types.h:58:31: error: redefinition of typedef \'ASN1_VISIBLESTRING\' is a C11 feature [-Werror,-Wtypedef-redefinition]\ntypedef struct asn1_string_st ASN1_VISIBLESTRING;\n                              ^\nthird_party/boringssl/include/openssl/base.h:262:31: note: previous definition is here\ntypedef struct asn1_string_st ASN1_VISIBLESTRING;\n                              ^\nIn file included from src/boringssl/err_data.c:18:\nIn file included from /usr/local/opt/openssl@3/include/openssl/err.h:28:\n/usr/local/opt/openssl@3/include/openssl/types.h:59:31: error: redefinition of typedef \'ASN1_UTF8STRING\' is a C11 feature [-Werror,-Wtypedef-redefinition]\ntypedef struct asn1_string_st ASN1_UTF8STRING;\n                              ^\nthird_party/boringssl/include/openssl/base.h:261:31: note: previous definition is here\ntypedef struct asn1_string_st ASN1_UTF8STRING;\n                              ^\nIn file included from src/boringssl/err_data.c:18:\nIn file included from /usr/local/opt/openssl@3/include/openssl/err.h:28:\n/usr/local/opt/openssl@3/include/openssl/types.h:60:31: error: redefinition of typedef \'ASN1_STRING\' is a C11 feature [-Werror,-Wtypedef-redefinition]\ntypedef struct asn1_string_st ASN1_STRING;\n                              ^\nthird_party/boringssl/include/openssl/base.h:256:31: note: previous definition is here\ntypedef struct asn1_string_st ASN1_STRING;\n                              ^\nfatal error: too many errors emitted, stopping now [-ferror-limit=]\n20 errors generated.\nIn file included from third_party/boringssl/crypto/asn1/a_bool.c:60:\nIn file included from third_party/boringssl/include/openssl/mem.h:60:\nthird_party/boringssl/include/openssl/base.h:143:9: error: \'OPENSSL_VERSION_NUMBER\' macro redefined [-Werror,-Wmacro-redefined]\n#define OPENSSL_VERSION_NUMBER 0x1010007f\n        ^\n/usr/local/opt/openssl@3/include/openssl/opensslv.h:99:10: note: previous definition is here\n# define OPENSSL_VERSION_NUMBER          \\\n         ^\nIn file included from third_party/boringssl/crypto/asn1/a_bool.c:60:\nIn file included from third_party/boringssl/include/openssl/mem.h:60:\nthird_party/boringssl/include/openssl/base.h:178:9: error: \'OPENSSL_EXPORT\' macro redefined [-Werror,-Wmacro-redefined]\n#define OPENSSL_EXPORT\n        ^\n/usr/local/opt/openssl@3/include/openssl/e_os2.h:183:11: note: previous definition is here\n#  define OPENSSL_EXPORT extern\n          ^\nIn file included from third_party/boringssl/crypto/asn1/a_bool.c:60:\nIn file included from third_party/boringssl/include/openssl/mem.h:60:\nthird_party/boringssl/include/openssl/base.h:240:13: error: typedef redefinition with different types (\'int\' vs \'struct crypto_threadid_st\')\ntypedef int CRYPTO_THREADID;\n            ^\n/usr/local/opt/openssl@3/include/openssl/crypto.h:308:3: note: previous definition is here\n} CRYPTO_THREADID;\n  ^\nIn file included from third_party/boringssl/crypto/asn1/a_bool.c:60:\nIn file included from third_party/boringssl/include/openssl/mem.h:60:\nthird_party/boringssl/include/openssl/base.h:242:13: error: redefinition of typedef \'ASN1_BOOLEAN\' is a C11 feature [-Werror,-Wtypedef-redefinition]\ntypedef int ASN1_BOOLEAN;\n            ^\n/usr/local/opt/openssl@3/include/openssl/types.h:61:13: note: previous definition is here\ntypedef int ASN1_BOOLEAN;\n            ^\nIn file included from third_party/boringssl/crypto/asn1/a_bool.c:60:\nIn file included from third_party/boringssl/include/openssl/mem.h:60:\nthird_party/boringssl/include/openssl/base.h:243:13: error: redefinition of typedef \'ASN1_NULL\' is a C11 feature [-Werror,-Wtypedef-redefinition]\ntypedef int ASN1_NULL;\n            ^\n/usr/local/opt/openssl@3/include/openssl/types.h:62:13: note: previous definition is here\ntypedef int ASN1_NULL;\n            ^\nIn file included from third_party/boringssl/crypto/asn1/a_bool.c:60:\nIn file included from third_party/boringssl/include/openssl/mem.h:60:\nthird_party/boringssl/include/openssl/base.h:244:29: error: redefinition of typedef \'ASN1_ITEM\' is a C11 feature [-Werror,-Wtypedef-redefinition]\ntypedef struct ASN1_ITEM_st ASN1_ITEM;\n                            ^\n/usr/local/opt/openssl@3/include/openssl/types.h:69:29: note: previous definition is here\ntypedef struct ASN1_ITEM_st ASN1_ITEM;\n                            ^\nIn file included from third_party/boringssl/crypto/asn1/a_bool.c:60:\nIn file included from third_party/boringssl/include/openssl/mem.h:60:\nthird_party/boringssl/include/openssl/base.h:245:31: error: redefinition of typedef \'ASN1_OBJECT\' is a C11 feature [-Werror,-Wtypedef-redefinition]\ntypedef struct asn1_object_st ASN1_OBJECT;\n                              ^\n/usr/local/opt/openssl@3/include/openssl/types.h:66:31: note: previous definition is here\ntypedef struct asn1_object_st ASN1_OBJECT;\n                              ^\nIn file included from third_party/boringssl/crypto/asn1/a_bool.c:60:\nIn file included from third_party/boringssl/include/openssl/mem.h:60:\nthird_party/boringssl/include/openssl/base.h:246:29: error: redefinition of typedef \'ASN1_PCTX\' is a C11 feature [-Werror,-Wtypedef-redefinition]\ntypedef struct asn1_pctx_st ASN1_PCTX;\n                            ^\n/usr/local/opt/openssl@3/include/openssl/types.h:70:29: note: previous definition is here\ntypedef struct asn1_pctx_st ASN1_PCTX;\n                            ^\nIn file included from third_party/boringssl/crypto/asn1/a_bool.c:60:\nIn file included from third_party/boringssl/include/openssl/mem.h:60:\nthird_party/boringssl/include/openssl/base.h:247:31: error: redefinition of typedef \'ASN1_BIT_STRING\' is a C11 feature [-Werror,-Wtypedef-redefinition]\ntypedef struct asn1_string_st ASN1_BIT_STRING;\n                              ^\n/usr/local/opt/openssl@3/include/openssl/types.h:47:31: note: previous definition is here\ntypedef struct asn1_string_st ASN1_BIT_STRING;\n                              ^\nIn file included from third_party/boringssl/crypto/asn1/a_bool.c:60:\nIn file included from third_party/boringssl/include/openssl/mem.h:60:\nthird_party/boringssl/include/openssl/base.h:248:31: error: redefinition of typedef \'ASN1_BMPSTRING\' is a C11 feature [-Werror,-Wtypedef-redefinition]\ntypedef struct asn1_string_st ASN1_BMPSTRING;\n                              ^\n/usr/local/opt/openssl@3/include/openssl/types.h:54:31: note: previous definition is here\ntypedef struct asn1_string_st ASN1_BMPSTRING;\n                              ^\nIn file included from third_party/boringssl/crypto/asn1/a_bool.c:60:\nIn file included from third_party/boringssl/include/openssl/mem.h:60:\nthird_party/boringssl/include/openssl/base.h:249:31: error: redefinition of typedef \'ASN1_ENUMERATED\' is a C11 feature [-Werror,-Wtypedef-redefinition]\ntypedef struct asn1_string_st ASN1_ENUMERATED;\n                              ^\n/usr/local/opt/openssl@3/include/openssl/types.h:46:31: note: previous definition is here\ntypedef struct asn1_string_st ASN1_ENUMERATED;\n                              ^\nIn file included from third_party/boringssl/crypto/asn1/a_bool.c:60:\nIn file included from third_party/boringssl/include/openssl/mem.h:60:\nthird_party/boringssl/include/openssl/base.h:250:31: error: redefinition of typedef \'ASN1_GENERALIZEDTIME\' is a C11 feature [-Werror,-Wtypedef-redefinition]\ntypedef struct asn1_string_st ASN1_GENERALIZEDTIME;\n                              ^\n/usr/local/opt/openssl@3/include/openssl/types.h:57:31: note: previous definition is here\ntypedef struct asn1_string_st ASN1_GENERALIZEDTIME;\n                              ^\nIn file included from third_party/boringssl/crypto/asn1/a_bool.c:60:\nIn file included from third_party/boringssl/include/openssl/mem.h:60:\nthird_party/boringssl/include/openssl/base.h:251:31: error: redefinition of typedef \'ASN1_GENERALSTRING\' is a C11 feature [-Werror,-Wtypedef-redefinition]\ntypedef struct asn1_string_st ASN1_GENERALSTRING;\n                              ^\n/usr/local/opt/openssl@3/include/openssl/types.h:52:31: note: previous definition is here\ntypedef struct asn1_string_st ASN1_GENERALSTRING;\n                              ^\nIn file included from third_party/boringssl/crypto/asn1/a_bool.c:60:\nIn file included from third_party/boringssl/include/openssl/mem.h:60:\nthird_party/boringssl/include/openssl/base.h:252:31: error: redefinition of typedef \'ASN1_IA5STRING\' is a C11 feature [-Werror,-Wtypedef-redefinition]\ntypedef struct asn1_string_st ASN1_IA5STRING;\n                              ^\n/usr/local/opt/openssl@3/include/openssl/types.h:51:31: note: previous definition is here\ntypedef struct asn1_string_st ASN1_IA5STRING;\n                              ^\nIn file included from third_party/boringssl/crypto/asn1/a_bool.c:60:\nIn file included from third_party/boringssl/include/openssl/mem.h:60:\nthird_party/boringssl/include/openssl/base.h:253:31: error: redefinition of typedef \'ASN1_INTEGER\' is a C11 feature [-Werror,-Wtypedef-redefinition]\ntypedef struct asn1_string_st ASN1_INTEGER;\n                              ^\n/usr/local/opt/openssl@3/include/openssl/types.h:45:31: note: previous definition is here\ntypedef struct asn1_string_st ASN1_INTEGER;\n                              ^\nIn file included from third_party/boringssl/crypto/asn1/a_bool.c:60:\nIn file included from third_party/boringssl/include/openssl/mem.h:60:\nthird_party/boringssl/include/openssl/base.h:254:31: error: redefinition of typedef \'ASN1_OCTET_STRING\' is a C11 feature [-Werror,-Wtypedef-redefinition]\ntypedef struct asn1_string_st ASN1_OCTET_STRING;\n                              ^\n/usr/local/opt/openssl@3/include/openssl/types.h:48:31: note: previous definition is here\ntypedef struct asn1_string_st ASN1_OCTET_STRING;\n                              ^\nIn file included from third_party/boringssl/crypto/asn1/a_bool.c:60:\nIn file included from third_party/boringssl/include/openssl/mem.h:60:\nthird_party/boringssl/include/openssl/base.h:255:31: error: redefinition of typedef \'ASN1_PRINTABLESTRING\' is a C11 feature [-Werror,-Wtypedef-redefinition]\ntypedef struct asn1_string_st ASN1_PRINTABLESTRING;\n                              ^\n/usr/local/opt/openssl@3/include/openssl/types.h:49:31: note: previous definition is here\ntypedef struct asn1_string_st ASN1_PRINTABLESTRING;\n                              ^\nIn file included from third_party/boringssl/crypto/asn1/a_bool.c:60:\nIn file included from third_party/boringssl/include/openssl/mem.h:60:\nthird_party/boringssl/include/openssl/base.h:256:31: error: redefinition of typedef \'ASN1_STRING\' is a C11 feature [-Werror,-Wtypedef-redefinition]\ntypedef struct asn1_string_st ASN1_STRING;\n                              ^\n/usr/local/opt/openssl@3/include/openssl/types.h:60:31: note: previous definition is here\ntypedef struct asn1_string_st ASN1_STRING;\n                              ^\nIn file included from third_party/boringssl/crypto/asn1/a_bool.c:60:\nIn file included from third_party/boringssl/include/openssl/mem.h:60:\nthird_party/boringssl/include/openssl/base.h:257:31: error: redefinition of typedef \'ASN1_T61STRING\' is a C11 feature [-Werror,-Wtypedef-redefinition]\ntypedef struct asn1_string_st ASN1_T61STRING;\n                              ^\n/usr/local/opt/openssl@3/include/openssl/types.h:50:31: note: previous definition is here\ntypedef struct asn1_string_st ASN1_T61STRING;\n                              ^\nfatal error: too many errors emitted, stopping now [-ferror-limit=]\nmake: *** [/Users/runner/actions-runner/_work/python.build/python.build/build_grpcio1120311/grpcio-1.12.0/objs/opt/third_party/boringssl/crypto/asn1/a_d2i_fp.o] Error 1\nmake: *** Waiting for unfinished jobs....\n20 errors generated.\nmake: *** [/Users/runner/actions-runner/_work/python.build/python.build/build_grpcio1120311/grpcio-1.12.0/objs/opt/third_party/boringssl/crypto/asn1/a_bool.o] Error 1\n20 errors generated.\nIn file included from third_party/boringssl/crypto/asn1/a_bitstr.c:63:\nIn file included from third_party/boringssl/include/openssl/mem.h:60:\nthird_party/boringssl/include/openssl/base.h:143:9: error: \'OPENSSL_VERSION_NUMBER\' macro redefined [-Werror,-Wmacro-redefined]\n#define OPENSSL_VERSION_NUMBER 0x1010007f\n        ^\n/usr/local/opt/openssl@3/include/openssl/opensslv.h:99:10: note: previous definition is here\n# define OPENSSL_VERSION_NUMBER          \\\n         ^\nIn file included from third_party/boringssl/crypto/asn1/a_bitstr.c:63:\nIn file included from third_party/boringssl/include/openssl/mem.h:60:\nthird_party/boringssl/include/openssl/base.h:178:9: error: \'OPENSSL_EXPORT\' macro redefined [-Werror,-Wmacro-redefined]\n#define OPENSSL_EXPORT\n        ^\n/usr/local/opt/openssl@3/include/openssl/e_os2.h:183:11: note: previous definition is here\n#  define OPENSSL_EXPORT extern\n          ^\nIn file included from third_party/boringssl/crypto/asn1/a_bitstr.c:63:\nIn file included from third_party/boringssl/include/openssl/mem.h:60:\nthird_party/boringssl/include/openssl/base.h:240:13: error: typedef redefinition with different types (\'int\' vs \'struct crypto_threadid_st\')\ntypedef int CRYPTO_THREADID;\n            ^\n/usr/local/opt/openssl@3/include/openssl/crypto.h:308:3: note: previous definition is here\n} CRYPTO_THREADID;\n  ^\nIn file included from third_party/boringssl/crypto/asn1/a_bitstr.c:63:\nIn file included from third_party/boringssl/include/openssl/mem.h:60:\nthird_party/boringssl/include/openssl/base.h:242:13: error: redefinition of typedef \'ASN1_BOOLEAN\' is a C11 feature [-Werror,-Wtypedef-redefinition]\ntypedef int ASN1_BOOLEAN;\n            ^\n/usr/local/opt/openssl@3/include/openssl/types.h:61:13: note: previous definition is here\ntypedef int ASN1_BOOLEAN;\n            ^\nIn file included from third_party/boringssl/crypto/asn1/a_bitstr.c:63:\nIn file included from third_party/boringssl/include/openssl/mem.h:60:\nthird_party/boringssl/include/openssl/base.h:243:13: error: redefinition of typedef \'ASN1_NULL\' is a C11 feature [-Werror,-Wtypedef-redefinition]\ntypedef int ASN1_NULL;\n            ^\n/usr/local/opt/openssl@3/include/openssl/types.h:62:13: note: previous definition is here\ntypedef int ASN1_NULL;\n            ^\nIn file included from third_party/boringssl/crypto/asn1/a_bitstr.c:63:\nIn file included from third_party/boringssl/include/openssl/mem.h:60:\nthird_party/boringssl/include/openssl/base.h:244:29: error: redefinition of typedef \'ASN1_ITEM\' is a C11 feature [-Werror,-Wtypedef-redefinition]\ntypedef struct ASN1_ITEM_st ASN1_ITEM;\n                            ^\n/usr/local/opt/openssl@3/include/openssl/types.h:69:29: note: previous definition is here\ntypedef struct ASN1_ITEM_st ASN1_ITEM;\n                            ^\nIn file included from third_party/boringssl/crypto/asn1/a_bitstr.c:63:\nIn file included from third_party/boringssl/include/openssl/mem.h:60:\nthird_party/boringssl/include/openssl/base.h:245:31: error: redefinition of typedef \'ASN1_OBJECT\' is a C11 feature [-Werror,-Wtypedef-redefinition]\ntypedef struct asn1_object_st ASN1_OBJECT;\n                              ^\n/usr/local/opt/openssl@3/include/openssl/types.h:66:31: note: previous definition is here\ntypedef struct asn1_object_st ASN1_OBJECT;\n                              ^\nIn file included from third_party/boringssl/crypto/asn1/a_bitstr.c:63:\nIn file included from third_party/boringssl/include/openssl/mem.h:60:\nthird_party/boringssl/include/openssl/base.h:246:29: error: redefinition of typedef \'ASN1_PCTX\' is a C11 feature [-Werror,-Wtypedef-redefinition]\ntypedef struct asn1_pctx_st ASN1_PCTX;\n                            ^\n/usr/local/opt/openssl@3/include/openssl/types.h:70:29: note: previous definition is here\ntypedef struct asn1_pctx_st ASN1_PCTX;\n                            ^\nIn file included from third_party/boringssl/crypto/asn1/a_bitstr.c:63:\nIn file included from third_party/boringssl/include/openssl/mem.h:60:\nthird_party/boringssl/include/openssl/base.h:247:31: error: redefinition of typedef \'ASN1_BIT_STRING\' is a C11 feature [-Werror,-Wtypedef-redefinition]\ntypedef struct asn1_string_st ASN1_BIT_STRING;\n                              ^\n/usr/local/opt/openssl@3/include/openssl/types.h:47:31: note: previous definition is here\ntypedef struct asn1_string_st ASN1_BIT_STRING;\n                              ^\nIn file included from third_party/boringssl/crypto/asn1/a_bitstr.c:63:\nIn file included from third_party/boringssl/include/openssl/mem.h:60:\nthird_party/boringssl/include/openssl/base.h:248:31: error: redefinition of typedef \'ASN1_BMPSTRING\' is a C11 feature [-Werror,-Wtypedef-redefinition]\ntypedef struct asn1_string_st ASN1_BMPSTRING;\n                              ^\n/usr/local/opt/openssl@3/include/openssl/types.h:54:31: note: previous definition is here\ntypedef struct asn1_string_st ASN1_BMPSTRING;\n                              ^\nIn file included from third_party/boringssl/crypto/asn1/a_bitstr.c:63:\nIn file included from third_party/boringssl/include/openssl/mem.h:60:\nthird_party/boringssl/include/openssl/base.h:249:31: error: redefinition of typedef \'ASN1_ENUMERATED\' is a C11 feature [-Werror,-Wtypedef-redefinition]\ntypedef struct asn1_string_st ASN1_ENUMERATED;\n                              ^\n/usr/local/opt/openssl@3/include/openssl/types.h:46:31: note: previous definition is here\ntypedef struct asn1_string_st ASN1_ENUMERATED;\n                              ^\nIn file included from third_party/boringssl/crypto/asn1/a_bitstr.c:63:\nIn file included from third_party/boringssl/include/openssl/mem.h:60:\nthird_party/boringssl/include/openssl/base.h:250:31: error: redefinition of typedef \'ASN1_GENERALIZEDTIME\' is a C11 feature [-Werror,-Wtypedef-redefinition]\ntypedef struct asn1_string_st ASN1_GENERALIZEDTIME;\n                              ^\n/usr/local/opt/openssl@3/include/openssl/types.h:57:31: note: previous definition is here\ntypedef struct asn1_string_st ASN1_GENERALIZEDTIME;\n                              ^\nIn file included from third_party/boringssl/crypto/asn1/a_bitstr.c:63:\nIn file included from third_party/boringssl/include/openssl/mem.h:60:\nthird_party/boringssl/include/openssl/base.h:251:31: error: redefinition of typedef \'ASN1_GENERALSTRING\' is a C11 feature [-Werror,-Wtypedef-redefinition]\ntypedef struct asn1_string_st ASN1_GENERALSTRING;\n                              ^\n/usr/local/opt/openssl@3/include/openssl/types.h:52:31: note: previous definition is here\ntypedef struct asn1_string_st ASN1_GENERALSTRING;\n                              ^\nIn file included from third_party/boringssl/crypto/asn1/a_bitstr.c:63:\nIn file included from third_party/boringssl/include/openssl/mem.h:60:\nthird_party/boringssl/include/openssl/base.h:252:31: error: redefinition of typedef \'ASN1_IA5STRING\' is a C11 feature [-Werror,-Wtypedef-redefinition]\ntypedef struct asn1_string_st ASN1_IA5STRING;\n                              ^\n/usr/local/opt/openssl@3/include/openssl/types.h:51:31: note: previous definition is here\ntypedef struct asn1_string_st ASN1_IA5STRING;\n                              ^\nIn file included from third_party/boringssl/crypto/asn1/a_bitstr.c:63:\nIn file included from third_party/boringssl/include/openssl/mem.h:60:\nthird_party/boringssl/include/openssl/base.h:253:31: error: redefinition of typedef \'ASN1_INTEGER\' is a C11 feature [-Werror,-Wtypedef-redefinition]\ntypedef struct asn1_string_st ASN1_INTEGER;\n                              ^\n/usr/local/opt/openssl@3/include/openssl/types.h:45:31: note: previous definition is here\ntypedef struct asn1_string_st ASN1_INTEGER;\n                              ^\nIn file included from third_party/boringssl/crypto/asn1/a_bitstr.c:63:\nIn file included from third_party/boringssl/include/openssl/mem.h:60:\nthird_party/boringssl/include/openssl/base.h:254:31: error: redefinition of typedef \'ASN1_OCTET_STRING\' is a C11 feature [-Werror,-Wtypedef-redefinition]\ntypedef struct asn1_string_st ASN1_OCTET_STRING;\n                              ^\n/usr/local/opt/openssl@3/include/openssl/types.h:48:31: note: previous definition is here\ntypedef struct asn1_string_st ASN1_OCTET_STRING;\n                              ^\nIn file included from third_party/boringssl/crypto/asn1/a_bitstr.c:63:\nIn file included from third_party/boringssl/include/openssl/mem.h:60:\nthird_party/boringssl/include/openssl/base.h:255:31: error: redefinition of typedef \'ASN1_PRINTABLESTRING\' is a C11 feature [-Werror,-Wtypedef-redefinition]\ntypedef struct asn1_string_st ASN1_PRINTABLESTRING;make: \n*** [/Users/runner/actions-runner/_work/python.build/python.build/build_grpcio1120311/grpcio-1.12.0/objs/opt/src/boringssl/err_data.o] Error 1                              ^\n\n/usr/local/opt/openssl@3/include/openssl/types.h:49:31: note: previous definition is here\ntypedef struct asn1_string_st ASN1_PRINTABLESTRING;\n                              ^\nIn file included from third_party/boringssl/crypto/asn1/a_bitstr.c:63:\nIn file included from third_party/boringssl/include/openssl/mem.h:60:\nthird_party/boringssl/include/openssl/base.h:256:31: error: redefinition of typedef \'ASN1_STRING\' is a C11 feature [-Werror,-Wtypedef-redefinition]\ntypedef struct asn1_string_st ASN1_STRING;\n                              ^\n/usr/local/opt/openssl@3/include/openssl/types.h:60:31: note: previous definition is here\ntypedef struct asn1_string_st ASN1_STRING;\n                              ^\nIn file included from third_party/boringssl/crypto/asn1/a_bitstr.c:63:\nIn file included from third_party/boringssl/include/openssl/mem.h:60:\nthird_party/boringssl/include/openssl/base.h:257:31: error: redefinition of typedef \'ASN1_T61STRING\' is a C11 feature [-Werror,-Wtypedef-redefinition]\ntypedef struct asn1_string_st ASN1_T61STRING;\n                              ^\n/usr/local/opt/openssl@3/include/openssl/types.h:50:31: note: previous definition is here\ntypedef struct asn1_string_st ASN1_T61STRING;\n                              ^\nfatal error: too many errors emitted, stopping now [-ferror-limit=]\n20 errors generated.\nIn file included from third_party/boringssl/crypto/asn1/a_dup.c:60:\nIn file included from third_party/boringssl/include/openssl/mem.h:60:\nthird_party/boringssl/include/openssl/base.h:143:9: error: \'OPENSSL_VERSION_NUMBER\' macro redefined [-Werror,-Wmacro-redefined]\n#define OPENSSL_VERSION_NUMBER 0x1010007f\n        ^\n/usr/local/opt/openssl@3/include/openssl/opensslv.h:99:10: note: previous definition is here\n# define OPENSSL_VERSION_NUMBER          \\\n         ^\nIn file included from third_party/boringssl/crypto/asn1/a_dup.c:60:\nIn file included from third_party/boringssl/include/openssl/mem.h:60:\nthird_party/boringssl/include/openssl/base.h:178:9: error: \'OPENSSL_EXPORT\' macro redefined [-Werror,-Wmacro-redefined]\n#define OPENSSL_EXPORT\n        ^\n/usr/local/opt/openssl@3/include/openssl/e_os2.h:183:11: note: previous definition is here\n#  define OPENSSL_EXPORT extern\n          ^\nIn file included from third_party/boringssl/crypto/asn1/a_dup.c:60:\nIn file included from third_party/boringssl/include/openssl/mem.h:60:\nthird_party/boringssl/include/openssl/base.h:240:13: error: typedef redefinition with different types (\'int\' vs \'struct crypto_threadid_st\')\ntypedef int CRYPTO_THREADID;\n            ^\n/usr/local/opt/openssl@3/include/openssl/crypto.h:308:3: note: previous definition is here\n} CRYPTO_THREADID;\n  ^\nIn file included from third_party/boringssl/crypto/asn1/a_dup.c:60:\nIn file included from third_party/boringssl/include/openssl/mem.h:60:\nthird_party/boringssl/include/openssl/base.h:242:13: error: redefinition of typedef \'ASN1_BOOLEAN\' is a C11 feature [-Werror,-Wtypedef-redefinition]\ntypedef int ASN1_BOOLEAN;\n            ^\n/usr/local/opt/openssl@3/include/openssl/types.h:61:13: note: previous definition is here\ntypedef int ASN1_BOOLEAN;\n            ^\nIn file included from third_party/boringssl/crypto/asn1/a_dup.c:60:\nIn file included from third_party/boringssl/include/openssl/mem.h:60:\nthird_party/boringssl/include/openssl/base.h:243:13: error: redefinition of typedef \'ASN1_NULL\' is a C11 feature [-Werror,-Wtypedef-redefinition]\ntypedef int ASN1_NULL;\n            ^\n/usr/local/opt/openssl@3/include/openssl/types.h:62:13: note: previous definition is here\ntypedef int ASN1_NULL;\n            ^\nIn file included from third_party/boringssl/crypto/asn1/a_dup.c:60:\nIn file included from third_party/boringssl/include/openssl/mem.h:60:\nthird_party/boringssl/include/openssl/base.h:244:29: error: redefinition of typedef \'ASN1_ITEM\' is a C11 feature [-Werror,-Wtypedef-redefinition]\ntypedef struct ASN1_ITEM_st ASN1_ITEM;\n                            ^\n/usr/local/opt/openssl@3/include/openssl/types.h:69:29: note: previous definition is here\ntypedef struct ASN1_ITEM_st ASN1_ITEM;\n                            ^\nIn file included from third_party/boringssl/crypto/asn1/a_dup.c:60:\nIn file included from third_party/boringssl/include/openssl/mem.h:60:\nthird_party/boringssl/include/openssl/base.h:245:31: error: redefinition of typedef \'ASN1_OBJECT\' is a C11 feature [-Werror,-Wtypedef-redefinition]\ntypedef struct asn1_object_st ASN1_OBJECT;\n                              ^\n/usr/local/opt/openssl@3/include/openssl/types.h:66:31: note: previous definition is here\ntypedef struct asn1_object_st ASN1_OBJECT;\n                              ^\nIn file included from third_party/boringssl/crypto/asn1/a_dup.c:60:\nIn file included from third_party/boringssl/include/openssl/mem.h:60:\nthird_party/boringssl/include/openssl/base.h:246:29: error: redefinition of typedef \'ASN1_PCTX\' is a C11 feature [-Werror,-Wtypedef-redefinition]\ntypedef struct asn1_pctx_st ASN1_PCTX;\n                            ^\n/usr/local/opt/openssl@3/include/openssl/types.h:70:29: note: previous definition is here\ntypedef struct asn1_pctx_st ASN1_PCTX;\n                            ^In file included from \nthird_party/boringssl/crypto/asn1/a_i2d_fp.c:60:\nIn file included from third_party/boringssl/include/openssl/mem.h:60:\nthird_party/boringssl/include/openssl/base.h:143:9: error: \'OPENSSL_VERSION_NUMBER\' macro redefined [-Werror,-Wmacro-redefined]In file included from \nthird_party/boringssl/crypto/asn1/a_dup.c:60:\nIn file included from third_party/boringssl/include/openssl/mem.h:60:\nthird_party/boringssl/include/openssl/base.h:247:31: error: redefinition of typedef \'ASN1_BIT_STRING\' is a C11 feature [-Werror,-Wtypedef-redefinition]\ntypedef struct asn1_string_st ASN1_BIT_STRING;\n                              ^\n#define OPENSSL_VERSION_NUMBER 0x1010007f/usr/local/opt/openssl@3/include/openssl/types.h:47\n        ^\n:31:/usr/local/opt/openssl@3/include/openssl/opensslv.h:99:10 :In file included from third_party/boringssl/crypto/asn1/a_enum.c:63note:  previous definition is here:\nnote: previous definition is here\n\nIn file included from third_party/boringssl/include/openssl/mem.h:60:\nthird_party/boringssl/include/openssl/base.h:# define OPENSSL_VERSION_NUMBER          \\\n         ^\n143:9: error: \'OPENSSL_VERSION_NUMBER\' macro redefined [-Werror,-Wmacro-redefined]\ntypedef struct asn1_string_st ASN1_BIT_STRING;\nIn file included from third_party/boringssl/crypto/asn1/a_i2d_fp.c:60                              ^\n:\nIn file included from third_party/boringssl/include/openssl/mem.h:#define OPENSSL_VERSION_NUMBER 0x1010007f60\n:\n        ^third_party/boringssl/include/openssl/base.h\n:178:9:In file included from third_party/boringssl/crypto/asn1/a_dup.c: 60error:\n: In file included from \'OPENSSL_EXPORT\' macro redefined [-Werror,-Wmacro-redefined]third_party/boringssl/include/openssl/mem.h\n:60:\n#define OPENSSL_EXPORTthird_party/boringssl/include/openssl/base.h\n/usr/local/opt/openssl@3/include/openssl/opensslv.h:        ^99::248\n:31: error: /usr/local/opt/openssl@3/include/openssl/e_os2.hredefinition of typedef \'ASN1_BMPSTRING\' is a C11 feature [-Werror,-Wtypedef-redefinition]:\n18310:11: :note note: previous definition is heretypedef struct asn1_string_st ASN1_BMPSTRING;\n: \nprevious definition is here\n                              ^# define OPENSSL_VERSION_NUMBER          \\\n         ^\n\n/usr/local/opt/openssl@3/include/openssl/types.h:54#  define OPENSSL_EXPORT extern:\n31          ^:\n note: previous definition is here\nIn file included from third_party/boringssl/crypto/asn1/a_enum.c:63:\ntypedef struct asn1_string_st ASN1_BMPSTRING;\n                              ^\nIn file included from third_party/boringssl/include/openssl/mem.h:60In file included from :\nthird_party/boringssl/include/openssl/base.h:178:9: errorthird_party/boringssl/crypto/asn1/a_dup.c: :\'OPENSSL_EXPORT\' macro redefined [-Werror,-Wmacro-redefined]\n60:\nIn file included from third_party/boringssl/include/openssl/mem.h#define OPENSSL_EXPORT\n        ^\n/usr/local/opt/openssl@3/include/openssl/e_os2.h:183:11: note:: previous definition is here\n60:\nthird_party/boringssl/include/openssl/base.h:249:31: #  define OPENSSL_EXPORT externerror\n:           ^redefinition of typedef \'ASN1_ENUMERATED\' is a C11 feature [-Werror,-Wtypedef-redefinition]\n\ntypedef struct asn1_string_st ASN1_ENUMERATED;\n                              ^\n/usr/local/opt/openssl@3/include/openssl/types.h:46:31: noteIn file included from : third_party/boringssl/crypto/asn1/a_i2d_fp.c:60:\nIn file included from third_party/boringssl/include/openssl/mem.h:previous definition is here60\n:\nthird_party/boringssl/include/openssl/base.h:240:13: typedef struct asn1_string_st ASN1_ENUMERATED;error\n: typedef redefinition with different types (\'int\' vs \'struct crypto_threadid_st\')\n                              ^\ntypedef int CRYPTO_THREADID;\n            ^\nIn file included from third_party/boringssl/crypto/asn1/a_dup.c:In file included from 60third_party/boringssl/crypto/asn1/a_enum.c:\n:In file included from 63:\nIn file included from third_party/boringssl/include/openssl/mem.h:third_party/boringssl/include/openssl/mem.h60::\n/usr/local/opt/openssl@3/include/openssl/crypto.hthird_party/boringssl/include/openssl/base.h:240:13: error: typedef redefinition with different types (\'int\' vs \'struct crypto_threadid_st\')\ntypedef int CRYPTO_THREADID;\n            ^:\n60308:3::\n notethird_party/boringssl/include/openssl/base.h: :250previous definition is here/usr/local/opt/openssl@3/include/openssl/crypto.h:\n:make: 308:3*** [/Users/runner/actions-runner/_work/python.build/python.build/build_grpcio1120311/grpcio-1.12.0/objs/opt/third_party/boringssl/crypto/asn1/a_bitstr.o] Error 1:} CRYPTO_THREADID; \n31\n  ^:\n noteerror: previous definition is here\n: } CRYPTO_THREADID;\nredefinition of typedef \'ASN1_GENERALIZEDTIME\' is a C11 feature [-Werror,-Wtypedef-redefinition]  ^\n\nIn file included from third_party/boringssl/crypto/asn1/a_i2d_fp.c:60:\nIn file included from third_party/boringssl/include/openssl/mem.h:In file included from third_party/boringssl/crypto/asn1/a_enum.c:63:\nIn file included from third_party/boringssl/include/openssl/mem.h60:\nthird_party/boringssl/include/openssl/base.h:242::1360typedef struct asn1_string_st ASN1_GENERALIZEDTIME;:\n\nthird_party/boringssl/include/openssl/base.h                              ^:\n error:: 242redefinition of typedef \'ASN1_BOOLEAN\' is a C11 feature [-Werror,-Wtypedef-redefinition]:/usr/local/opt/openssl@3/include/openssl/types.h\n13typedef int ASN1_BOOLEAN;\n            ^\n::57:31 error: /usr/local/opt/openssl@3/include/openssl/types.h::redefinition of typedef \'ASN1_BOOLEAN\' is a C11 feature [-Werror,-Wtypedef-redefinition]61\n:13 note: previous definition is here\n: note: previous definition is here\ntypedef int ASN1_BOOLEAN;typedef struct asn1_string_st ASN1_GENERALIZEDTIME;\n\n                              ^            ^\n\ntypedef int ASN1_BOOLEAN;\n            ^\nIn file included from third_party/boringssl/crypto/asn1/a_dup.c:60/usr/local/opt/openssl@3/include/openssl/types.h:In file included from :\n61In file included from :third_party/boringssl/include/openssl/mem.h13: notethird_party/boringssl/crypto/asn1/a_i2d_fp.c: :previous definition is here\n60typedef int ASN1_BOOLEAN;\n:            ^:\n60:\nIn file included from third_party/boringssl/include/openssl/base.h:251third_party/boringssl/include/openssl/mem.h\n:60:\nthird_party/boringssl/include/openssl/base.h:In file included from 243:13: error: third_party/boringssl/crypto/asn1/a_enum.c:31: error: redefinition of typedef \'ASN1_GENERALSTRING\' is a C11 feature [-Werror,-Wtypedef-redefinition]redefinition of typedef \'ASN1_NULL\' is a C11 feature [-Werror,-Wtypedef-redefinition]\n:\n63:\nIn file included from typedef int ASN1_NULL;third_party/boringssl/include/openssl/mem.h\n:60:\nthird_party/boringssl/include/openssl/base.h:243:13typedef struct asn1_string_st ASN1_GENERALSTRING;            ^\n: \nerror                              ^: \n/usr/local/opt/openssl@3/include/openssl/types.hredefinition of typedef \'ASN1_NULL\' is a C11 feature [-Werror,-Wtypedef-redefinition]:/usr/local/opt/openssl@3/include/openssl/types.h\n:52:31: notetypedef int ASN1_NULL;: \n            ^62\nprevious definition is here\n:/usr/local/opt/openssl@3/include/openssl/types.h:1362:: 13note::  previous definition is herenote\n: previous definition is here\ntypedef int ASN1_NULL;typedef int ASN1_NULL;\n\n            ^            ^\n\ntypedef struct asn1_string_st ASN1_GENERALSTRING;\n                              ^\nIn file included from third_party/boringssl/crypto/asn1/a_i2d_fp.c:60:\nIn file included from In file included from third_party/boringssl/include/openssl/mem.hIn file included from :third_party/boringssl/crypto/asn1/a_dup.c60::\n60third_party/boringssl/include/openssl/base.hthird_party/boringssl/crypto/asn1/a_enum.c:63:\nIn file included from third_party/boringssl/include/openssl/mem.h:60:\n:244::\nthird_party/boringssl/include/openssl/base.h:244In file included from third_party/boringssl/include/openssl/mem.h:2960::\n:third_party/boringssl/include/openssl/base.h:29252:31:  error: error: redefinition of typedef \'ASN1_ITEM\' is a C11 feature [-Werror,-Wtypedef-redefinition]\nerror: redefinition of typedef \'ASN1_IA5STRING\' is a C11 feature [-Werror,-Wtypedef-redefinition]\n: typedef struct ASN1_ITEM_st ASN1_ITEM;redefinition of typedef \'ASN1_ITEM\' is a C11 feature [-Werror,-Wtypedef-redefinition]\n\ntypedef struct asn1_string_st ASN1_IA5STRING;                            ^\n\n                              ^/usr/local/opt/openssl@3/include/openssl/types.h\n:69:/usr/local/opt/openssl@3/include/openssl/types.h29:51::31typedef struct ASN1_ITEM_st ASN1_ITEM; \nnote                            ^: previous definition is here\n\n:typedef struct ASN1_ITEM_st ASN1_ITEM;\n                             ^/usr/local/opt/openssl@3/include/openssl/types.h:69:note: previous definition is here\n\n29: note: typedef struct asn1_string_st ASN1_IA5STRING;previous definition is here\n\n                              ^\ntypedef struct ASN1_ITEM_st ASN1_ITEM;\n                            ^\nIn file included from third_party/boringssl/crypto/asn1/a_enum.cIn file included from :63:\nIn file included from third_party/boringssl/include/openssl/mem.h:60:\nIn file included from third_party/boringssl/include/openssl/base.hthird_party/boringssl/crypto/asn1/a_dup.c:third_party/boringssl/crypto/asn1/a_i2d_fp.c245::3160::\n :error: redefinition of typedef \'ASN1_OBJECT\' is a C11 feature [-Werror,-Wtypedef-redefinition]\n60In file included from :\nthird_party/boringssl/include/openssl/mem.hIn file included from :60third_party/boringssl/include/openssl/mem.h:\n:third_party/boringssl/include/openssl/base.h60:\nthird_party/boringssl/include/openssl/base.h:typedef struct asn1_object_st ASN1_OBJECT;\n                              ^\n:/usr/local/opt/openssl@3/include/openssl/types.h253::6631:31245: ::note : 31errorprevious definition is here: error: redefinition of typedef \'ASN1_OBJECT\' is a C11 feature [-Werror,-Wtypedef-redefinition]\n\n: redefinition of typedef \'ASN1_INTEGER\' is a C11 feature [-Werror,-Wtypedef-redefinition]typedef struct asn1_object_st ASN1_OBJECT;typedef struct asn1_object_st ASN1_OBJECT;\n                              ^\n\n\n                              ^\nIn file included from /usr/local/opt/openssl@3/include/openssl/types.hthird_party/boringssl/crypto/asn1/a_enum.c::6663::\ntypedef struct asn1_string_st ASN1_INTEGER;In file included from \nthird_party/boringssl/include/openssl/mem.h                              ^:\n60:\n/usr/local/opt/openssl@3/include/openssl/types.h31::45third_party/boringssl/include/openssl/base.h ::31246::29: error : notenote: : previous definition is hereprevious definition is here\nredefinition of typedef \'ASN1_PCTX\' is a C11 feature [-Werror,-Wtypedef-redefinition]typedef struct asn1_string_st ASN1_INTEGER;\n                              ^\n\n\ntypedef struct asn1_object_st ASN1_OBJECT;\ntypedef struct asn1_pctx_st ASN1_PCTX;                              ^\n\n                            ^In file included from \nthird_party/boringssl/crypto/asn1/a_dup.c:60In file included from /usr/local/opt/openssl@3/include/openssl/types.hthird_party/boringssl/crypto/asn1/a_i2d_fp.c::7060::\n29In file included from : note: previous definition is here\nthird_party/boringssl/include/openssl/mem.h:\nIn file included from :typedef struct asn1_pctx_st ASN1_PCTX;third_party/boringssl/include/openssl/mem.h60::\n60:\nthird_party/boringssl/include/openssl/base.hthird_party/boringssl/include/openssl/base.h::254:31\n: 246                            ^\nerror: :redefinition of typedef \'ASN1_OCTET_STRING\' is a C11 feature [-Werror,-Wtypedef-redefinition]29\n: error: In file included from third_party/boringssl/crypto/asn1/a_enum.c:63:\nIn file included from third_party/boringssl/include/openssl/mem.h:redefinition of typedef \'ASN1_PCTX\' is a C11 feature [-Werror,-Wtypedef-redefinition]60:\nthird_party/boringssl/include/openssl/base.h:247:\n31: error: redefinition of typedef \'ASN1_BIT_STRING\' is a C11 feature [-Werror,-Wtypedef-redefinition]typedef struct asn1_string_st ASN1_OCTET_STRING;\n\n                              ^\ntypedef struct asn1_string_st ASN1_BIT_STRING;typedef struct asn1_pctx_st ASN1_PCTX;\n                            ^\n/usr/local/opt/openssl@3/include/openssl/types.h                              ^:\n48:31: note: previous definition is here\n\n/usr/local/opt/openssl@3/include/openssl/types.h:typedef struct asn1_string_st ASN1_OCTET_STRING;47\n:31/usr/local/opt/openssl@3/include/openssl/types.h:: 70:29note:                              ^ \nnote: : previous definition is here\nprevious definition is heretypedef struct asn1_string_st ASN1_BIT_STRING;\n\n                              ^\nIn file included from third_party/boringssl/crypto/asn1/a_dup.c:60:\nIn file included from third_party/boringssl/include/openssl/mem.h:60:\nthird_party/boringssl/include/openssl/base.h:255:In file included from 31:third_party/boringssl/crypto/asn1/a_enum.c :typedef struct asn1_pctx_st ASN1_PCTX;\n                            ^\nerror: redefinition of typedef \'ASN1_PRINTABLESTRING\' is a C11 feature [-Werror,-Wtypedef-redefinition]63\n:\nIn file included from typedef struct asn1_string_st ASN1_PRINTABLESTRING;\n                              ^\nthird_party/boringssl/include/openssl/mem.h:In file included from /usr/local/opt/openssl@3/include/openssl/types.hthird_party/boringssl/crypto/asn1/a_i2d_fp.c::60:\nthird_party/boringssl/include/openssl/base.h:6049:\nIn file included from :third_party/boringssl/include/openssl/mem.h31::60 note:\n: third_party/boringssl/include/openssl/base.hprevious definition is here:248247:31\n: error: redefinition of typedef \'ASN1_BIT_STRING\' is a C11 feature [-Werror,-Wtypedef-redefinition]:31\n:typedef struct asn1_string_st ASN1_PRINTABLESTRING; error: \nredefinition of typedef \'ASN1_BMPSTRING\' is a C11 feature [-Werror,-Wtypedef-redefinition]\n                              ^typedef struct asn1_string_st ASN1_BIT_STRING;\n\n                              ^\n/usr/local/opt/openssl@3/include/openssl/types.h:47:31: noteIn file included from third_party/boringssl/crypto/asn1/a_dup.c:60:\nIn file included from typedef struct asn1_string_st ASN1_BMPSTRING;: \nprevious definition is here                              ^\n\nthird_party/boringssl/include/openssl/mem.h/usr/local/opt/openssl@3/include/openssl/types.h::60:\n54third_party/boringssl/include/openssl/base.h::256:3131typedef struct asn1_string_st ASN1_BIT_STRING;:\n :error note: : previous definition is hereredefinition of typedef \'ASN1_STRING\' is a C11 feature [-Werror,-Wtypedef-redefinition]\n\n                              ^\ntypedef struct asn1_string_st ASN1_BMPSTRING;\n                              ^\ntypedef struct asn1_string_st ASN1_STRING;\n                              ^\n/usr/local/opt/openssl@3/include/openssl/types.h:60:31In file included from :third_party/boringssl/crypto/asn1/a_i2d_fp.c :note60: :\nIn file included from third_party/boringssl/include/openssl/mem.hIn file included from previous definition is herethird_party/boringssl/crypto/asn1/a_enum.c\n:63::\nIn file included from 60typedef struct asn1_string_st ASN1_STRING;:\n\nthird_party/boringssl/include/openssl/base.h                              ^:\n248:31: error: third_party/boringssl/include/openssl/mem.hIn file included from :third_party/boringssl/crypto/asn1/a_dup.c:6060:\nredefinition of typedef \'ASN1_BMPSTRING\' is a C11 feature [-Werror,-Wtypedef-redefinition]third_party/boringssl/include/openssl/base.h\n:249:31::\n In file included from errorthird_party/boringssl/include/openssl/mem.h: :redefinition of typedef \'ASN1_ENUMERATED\' is a C11 feature [-Werror,-Wtypedef-redefinition]60\n:\ntypedef struct asn1_string_st ASN1_ENUMERATED;\n                              ^\n/usr/local/opt/openssl@3/include/openssl/types.h:46typedef struct asn1_string_st ASN1_BMPSTRING;third_party/boringssl/include/openssl/base.h\n:                              ^\n257::3131::  errornote: redefinition of typedef \'ASN1_T61STRING\' is a C11 feature [-Werror,-Wtypedef-redefinition]\n/usr/local/opt/openssl@3/include/openssl/types.h: :previous definition is here54\n:typedef struct asn1_string_st ASN1_T61STRING;\n                              ^\n31/usr/local/opt/openssl@3/include/openssl/types.h:: typedef struct asn1_string_st ASN1_ENUMERATED;note\n:                               ^previous definition is here\n\n50In file included from typedef struct asn1_string_st ASN1_BMPSTRING;third_party/boringssl/crypto/asn1/a_enum.c\n::3163::\n                               ^note\n: previous definition is hereIn file included from \nthird_party/boringssl/include/openssl/mem.h:60:\nthird_party/boringssl/include/openssl/base.hIn file included from :third_party/boringssl/crypto/asn1/a_i2d_fp.c250::6031: error: redefinition of typedef \'ASN1_GENERALIZEDTIME\' is a C11 feature [-Werror,-Wtypedef-redefinition]\n:\nIn file included from third_party/boringssl/include/openssl/mem.htypedef struct asn1_string_st ASN1_T61STRING;\ntypedef struct asn1_string_st ASN1_GENERALIZEDTIME;                              ^\n:\n60:\nthird_party/boringssl/include/openssl/base.h:                              ^\n/usr/local/opt/openssl@3/include/openssl/types.h249::57fatal error: too many errors emitted, stopping now [-ferror-limit=]\n:3131: note: previous definition is here\n: error: redefinition of typedef \'ASN1_ENUMERATED\' is a C11 feature [-Werror,-Wtypedef-redefinition]typedef struct asn1_string_st ASN1_GENERALIZEDTIME;\n\n                              ^\ntypedef struct asn1_string_st ASN1_ENUMERATED;In file included from \nthird_party/boringssl/crypto/asn1/a_enum.c                              ^:\n63:\n/usr/local/opt/openssl@3/include/openssl/types.hIn file included from :third_party/boringssl/include/openssl/mem.h46::6031:\n:third_party/boringssl/include/openssl/base.h :note: previous definition is here\n251:typedef struct asn1_string_st ASN1_ENUMERATED;\n31                              ^\nIn file included from :third_party/boringssl/crypto/asn1/a_i2d_fp.c :error60: :\nIn file included from third_party/boringssl/include/openssl/mem.h:60:\nredefinition of typedef \'ASN1_GENERALSTRING\' is a C11 feature [-Werror,-Wtypedef-redefinition]\nthird_party/boringssl/include/openssl/base.h:250:31: typedef struct asn1_string_st ASN1_GENERALSTRING;error\n:                               ^\nredefinition of typedef \'ASN1_GENERALIZEDTIME\' is a C11 feature [-Werror,-Wtypedef-redefinition]/usr/local/opt/openssl@3/include/openssl/types.h\n:52:31: notetypedef struct asn1_string_st ASN1_GENERALIZEDTIME;: previous definition is here\n\n                              ^typedef struct asn1_string_st ASN1_GENERALSTRING;\n                              ^\n\n/usr/local/opt/openssl@3/include/openssl/types.h:57:31: note: In file included from previous definition is herethird_party/boringssl/crypto/asn1/a_enum.c:63:\nIn file included from third_party/boringssl/include/openssl/mem.h:\n60:\nthird_party/boringssl/include/openssl/base.h:252:31typedef struct asn1_string_st ASN1_GENERALIZEDTIME;:\n                               ^error\n: redefinition of typedef \'ASN1_IA5STRING\' is a C11 feature [-Werror,-Wtypedef-redefinition]\nIn file included from third_party/boringssl/crypto/asn1/a_i2d_fp.c:60typedef struct asn1_string_st ASN1_IA5STRING;:\n\nIn file included from                               ^third_party/boringssl/include/openssl/mem.h\n:60:\n/usr/local/opt/openssl@3/include/openssl/types.hthird_party/boringssl/include/openssl/base.h::51251::3131: error: redefinition of typedef \'ASN1_GENERALSTRING\' is a C11 feature [-Werror,-Wtypedef-redefinition]:\n notetypedef struct asn1_string_st ASN1_GENERALSTRING;: \nprevious definition is here                              ^\n\n/usr/local/opt/openssl@3/include/openssl/types.h:52:31typedef struct asn1_string_st ASN1_IA5STRING;:\n                              ^\n note: previous definition is hereIn file included from \nthird_party/boringssl/crypto/asn1/a_enum.c:63:\nIn file included from third_party/boringssl/include/openssl/mem.h:60:\nthird_party/boringssl/include/openssl/base.h:253typedef struct asn1_string_st ASN1_GENERALSTRING;:\n31                              ^:\n error: redefinition of typedef \'ASN1_INTEGER\' is a C11 feature [-Werror,-Wtypedef-redefinition]\nIn file included from third_party/boringssl/crypto/asn1/a_i2d_fp.c:60typedef struct asn1_string_st ASN1_INTEGER;:\n\nIn file included from                               ^third_party/boringssl/include/openssl/mem.h\n:60/usr/local/opt/openssl@3/include/openssl/types.h:\n:third_party/boringssl/include/openssl/base.h45::31: note252: :previous definition is here31: error: redefinition of typedef \'ASN1_IA5STRING\' is a C11 feature [-Werror,-Wtypedef-redefinition]\n\ntypedef struct asn1_string_st ASN1_INTEGER;typedef struct asn1_string_st ASN1_IA5STRING;\n\n                              ^                              ^\n/usr/local/opt/openssl@3/include/openssl/types.h:51\n:31: note: In file included from previous definition is here\nthird_party/boringssl/crypto/asn1/a_enum.c:63typedef struct asn1_string_st ASN1_IA5STRING;:\n\nIn file included from third_party/boringssl/include/openssl/mem.h:60:\nthird_party/boringssl/include/openssl/base.h:254:31: error:                               ^\nredefinition of typedef \'ASN1_OCTET_STRING\' is a C11 feature [-Werror,-Wtypedef-redefinition]\nIn file included from typedef struct asn1_string_st ASN1_OCTET_STRING;third_party/boringssl/crypto/asn1/a_i2d_fp.c\n:                              ^60\n:\nIn file included from /usr/local/opt/openssl@3/include/openssl/types.h:48:31third_party/boringssl/include/openssl/mem.h:60:\nthird_party/boringssl/include/openssl/base.h:: 253note:: 31:previous definition is here \nerror: redefinition of typedef \'ASN1_INTEGER\' is a C11 feature [-Werror,-Wtypedef-redefinition]\ntypedef struct asn1_string_st ASN1_OCTET_STRING;\n                              ^\ntypedef struct asn1_string_st ASN1_INTEGER;\n                              ^\n/usr/local/opt/openssl@3/include/openssl/types.hIn file included from third_party/boringssl/crypto/asn1/a_enum.c:63::\nIn file included from 45third_party/boringssl/include/openssl/mem.h::3160::\n third_party/boringssl/include/openssl/base.h:255:note31: : error: redefinition of typedef \'ASN1_PRINTABLESTRING\' is a C11 feature [-Werror,-Wtypedef-redefinition]previous definition is here\n\ntypedef struct asn1_string_st ASN1_PRINTABLESTRING;typedef struct asn1_string_st ASN1_INTEGER;\n\n                              ^                              ^\n\n/usr/local/opt/openssl@3/include/openssl/types.h:49:31: In file included from note: previous definition is here\nthird_party/boringssl/crypto/asn1/a_i2d_fp.c:60:\nIn file included from third_party/boringssl/include/openssl/mem.htypedef struct asn1_string_st ASN1_PRINTABLESTRING;:\n60                              ^:\n\nthird_party/boringssl/include/openssl/base.h:254:31:In file included from third_party/boringssl/crypto/asn1/a_enum.c:63 :\nerrorIn file included from : third_party/boringssl/include/openssl/mem.hredefinition of typedef \'ASN1_OCTET_STRING\' is a C11 feature [-Werror,-Wtypedef-redefinition]:\n60:\nthird_party/boringssl/include/openssl/base.h:256:31:typedef struct asn1_string_st ASN1_OCTET_STRING; error: redefinition of typedef \'ASN1_STRING\' is a C11 feature [-Werror,-Wtypedef-redefinition]\n\ntypedef struct asn1_string_st ASN1_STRING;                              ^\n\n                              ^\n/usr/local/opt/openssl@3/include/openssl/types.h/usr/local/opt/openssl@3/include/openssl/types.h:60:31:48:31:: note:  previous definition is herenote\n: previous definition is here\ntypedef struct asn1_string_st ASN1_STRING;\n                              ^\ntypedef struct asn1_string_st ASN1_OCTET_STRING;\n                              ^\nIn file included from third_party/boringssl/crypto/asn1/a_enum.c:63:\nIn file included from In file included from third_party/boringssl/include/openssl/mem.hthird_party/boringssl/crypto/asn1/a_i2d_fp.c::6060:\n:\nthird_party/boringssl/include/openssl/base.hIn file included from :third_party/boringssl/include/openssl/mem.h257::6031:\n: error: redefinition of typedef \'ASN1_T61STRING\' is a C11 feature [-Werror,-Wtypedef-redefinition]\ntypedef struct asn1_string_st ASN1_T61STRING;\n                              ^\nthird_party/boringssl/include/openssl/base.h/usr/local/opt/openssl@3/include/openssl/types.h:50::31255:: 31note::  previous definition is hereerror\n: redefinition of typedef \'ASN1_PRINTABLESTRING\' is a C11 feature [-Werror,-Wtypedef-redefinition]\ntypedef struct asn1_string_st ASN1_T61STRING;\n                              ^\ntypedef struct asn1_string_st ASN1_PRINTABLESTRING;\n                              ^fatal error\n: too many errors emitted, stopping now [-ferror-limit=]\n/usr/local/opt/openssl@3/include/openssl/types.h:49:31: note: previous definition is here\ntypedef struct asn1_string_st ASN1_PRINTABLESTRING;\n                              ^In file included from third_party/boringssl/crypto/asn1/a_print.c\n:60:\nIn file included from third_party/boringssl/include/openssl/mem.h:60:\nthird_party/boringssl/include/openssl/base.hIn file included from :143:9: error: \'OPENSSL_VERSION_NUMBER\' macro redefined [-Werror,-Wmacro-redefined]\nthird_party/boringssl/crypto/asn1/a_i2d_fp.c:60:\nIn file included from third_party/boringssl/include/openssl/mem.h:60:\nthird_party/boringssl/include/openssl/base.h:256:31: error: redefinition of typedef \'ASN1_STRING\' is a C11 feature [-Werror,-Wtypedef-redefinition]\n#define OPENSSL_VERSION_NUMBER 0x1010007f\n        ^\ntypedef struct asn1_string_st ASN1_STRING;\n                              ^\n/usr/local/opt/openssl@3/include/openssl/opensslv.h:/usr/local/opt/openssl@3/include/openssl/types.h99::6010:31: note: previous definition is here\ntypedef struct asn1_string_st ASN1_STRING;\n                              ^: note: previous definition is here\n\n# define OPENSSL_VERSION_NUMBER          \\In file included from third_party/boringssl/crypto/asn1/a_i2d_fp.c:60:\nIn file included from third_party/boringssl/include/openssl/mem.h:60\n         ^\n:\nthird_party/boringssl/include/openssl/base.h:257:31: In file included from errorthird_party/boringssl/crypto/asn1/a_print.c: :redefinition of typedef \'ASN1_T61STRING\' is a C11 feature [-Werror,-Wtypedef-redefinition]60\n:\nIn file included from third_party/boringssl/include/openssl/mem.h:60:\nthird_party/boringssl/include/openssl/base.h:178:9: error: \'OPENSSL_EXPORT\' macro redefined [-Werror,-Wmacro-redefined]\ntypedef struct asn1_string_st ASN1_T61STRING;\n                              ^\n#define OPENSSL_EXPORT\n        ^/usr/local/opt/openssl@3/include/openssl/types.h\n:50:/usr/local/opt/openssl@3/include/openssl/e_os2.h31::183 :note11: :previous definition is here \ntypedef struct asn1_string_st ASN1_T61STRING;\n                              ^\nnote: previous definition is here\nfatal error: too many errors emitted, stopping now [-ferror-limit=]\nIn file included from third_party/boringssl/crypto/asn1/a_object.c:63:\nIn file included from third_party/boringssl/include/openssl/mem.h:60:\n#  define OPENSSL_EXPORT extern\n          ^third_party/boringssl/include/openssl/base.h\n:143:9: error: \'OPENSSL_VERSION_NUMBER\' macro redefined [-Werror,-Wmacro-redefined]\n#define OPENSSL_VERSION_NUMBER 0x1010007f\n20        ^ error\ns generated.\n/usr/local/opt/openssl@3/include/openssl/opensslv.h:99:10: note: previous definition is here\n# define OPENSSL_VERSION_NUMBER          \\\n         ^\nIn file included from third_party/boringssl/crypto/asn1/a_object.c:63:\nIn file included from third_party/boringssl/include/openssl/mem.h:60:\nthird_party/boringssl/include/openssl/base.hIn file included from third_party/boringssl/crypto/asn1/a_print.c:60::\n178:9: error: \'OPENSSL_EXPORT\' macro redefined [-Werror,-Wmacro-redefined]\nIn file included from #define OPENSSL_EXPORTthird_party/boringssl/include/openssl/mem.h\n:        ^60\n:\nthird_party/boringssl/include/openssl/base.h/usr/local/opt/openssl@3/include/openssl/e_os2.h::240183::1311::  errornote: : typedef redefinition with different types (\'int\' vs \'struct crypto_threadid_st\')previous definition is here\n\n#  define OPENSSL_EXPORT extern\ntypedef int CRYPTO_THREADID;          ^\n\n            ^\n/usr/local/opt/openssl@3/include/openssl/crypto.h:308:3: note: previous definition is here\n} CRYPTO_THREADID;\n  ^\nIn file included from third_party/boringssl/crypto/asn1/a_print.c:60In file included from third_party/boringssl/crypto/asn1/a_object.c:63:\nIn file included from third_party/boringssl/include/openssl/mem.h:60:\nthird_party/boringssl/include/openssl/base.h:\n:240:13: errorIn file included from : third_party/boringssl/include/openssl/mem.h:60:\nthird_party/boringssl/include/openssl/base.h:242typedef redefinition with different types (\'int\' vs \'struct crypto_threadid_st\')\n:13typedef int CRYPTO_THREADID;\n            ^\n: error: /usr/local/opt/openssl@3/include/openssl/crypto.h:redefinition of typedef \'ASN1_BOOLEAN\' is a C11 feature [-Werror,-Wtypedef-redefinition]308\n:3: notetypedef int ASN1_BOOLEAN;: \nprevious definition is here            ^\n\n} CRYPTO_THREADID;\n  ^\n/usr/local/opt/openssl@3/include/openssl/types.h:61:13: note: In file included from previous definition is herethird_party/boringssl/crypto/asn1/a_object.c\n:63:\nIn file included from third_party/boringssl/include/openssl/mem.h:60:\nthird_party/boringssl/include/openssl/base.h:242:13: typedef int ASN1_BOOLEAN;error: redefinition of typedef \'ASN1_BOOLEAN\' is a C11 feature [-Werror,-Wtypedef-redefinition]\n\n            ^typedef int ASN1_BOOLEAN;\n\n            ^\n/usr/local/opt/openssl@3/include/openssl/types.h:61:13: note: previous definition is here\nIn file included from third_party/boringssl/crypto/asn1/a_print.c:60typedef int ASN1_BOOLEAN;\n            ^\n:\nIn file included from third_party/boringssl/include/openssl/mem.h:In file included from 60third_party/boringssl/crypto/asn1/a_object.c:\n:third_party/boringssl/include/openssl/base.h63::\n243In file included from :third_party/boringssl/include/openssl/mem.h13:: error60:\n: third_party/boringssl/include/openssl/base.h:243:13: error: redefinition of typedef \'ASN1_NULL\' is a C11 feature [-Werror,-Wtypedef-redefinition]redefinition of typedef \'ASN1_NULL\' is a C11 feature [-Werror,-Wtypedef-redefinition]\n\ntypedef int ASN1_NULL;\n            ^typedef int ASN1_NULL;\n            ^\n\n/usr/local/opt/openssl@3/include/openssl/types.h:62/usr/local/opt/openssl@3/include/openssl/types.h::62:13:13 :note : note: previous definition is here\nprevious definition is here\ntypedef int ASN1_NULL;\n            ^typedef int ASN1_NULL;\n            ^\n\nIn file included from third_party/boringssl/crypto/asn1/a_print.c:60In file included from :\nthird_party/boringssl/crypto/asn1/a_object.cIn file included from :63third_party/boringssl/include/openssl/mem.h:\n:In file included from 60third_party/boringssl/include/openssl/mem.h:\n:third_party/boringssl/include/openssl/base.h60:244:\nthird_party/boringssl/include/openssl/base.h::24429:29: :error : errorredefinition of typedef \'ASN1_ITEM\' is a C11 feature [-Werror,-Wtypedef-redefinition]\n: redefinition of typedef \'ASN1_ITEM\' is a C11 feature [-Werror,-Wtypedef-redefinition]\ntypedef struct ASN1_ITEM_st ASN1_ITEM;\n                            ^\n/usr/local/opt/openssl@3/include/openssl/types.h:69:29typedef struct ASN1_ITEM_st ASN1_ITEM;:\n                             ^\n/usr/local/opt/openssl@3/include/openssl/types.h:69:29: note: previous definition is here\nnote: previous definition is here\ntypedef struct ASN1_ITEM_st ASN1_ITEM;\n                            ^\ntypedef struct ASN1_ITEM_st ASN1_ITEM;\n                            ^\nIn file included from third_party/boringssl/crypto/asn1/a_object.c:In file included from 63third_party/boringssl/crypto/asn1/a_print.c:\n:In file included from 60third_party/boringssl/include/openssl/mem.h:\n:In file included from 60third_party/boringssl/include/openssl/mem.h:\n:third_party/boringssl/include/openssl/base.h60:\nthird_party/boringssl/include/openssl/base.h:245::31245::31: error: redefinition of typedef \'ASN1_OBJECT\' is a C11 feature [-Werror,-Wtypedef-redefinition]\n error: redefinition of typedef \'ASN1_OBJECT\' is a C11 feature [-Werror,-Wtypedef-redefinition]typedef struct asn1_object_st ASN1_OBJECT;\n\n                              ^\n/usr/local/opt/openssl@3/include/openssl/types.htypedef struct asn1_object_st ASN1_OBJECT;:\n66                              ^:\n/usr/local/opt/openssl@3/include/openssl/types.h:66:3131:: note: previous definition is here\n typedef struct asn1_object_st ASN1_OBJECT;\n                              ^note\n: previous definition is here\nIn file included from third_party/boringssl/crypto/asn1/a_object.c:63typedef struct asn1_object_st ASN1_OBJECT;:\n\nIn file included from                               ^third_party/boringssl/include/openssl/mem.h:60:\nthird_party/boringssl/include/openssl/base.h:\n246:29: error: redefinition of typedef \'ASN1_PCTX\' is a C11 feature [-Werror,-Wtypedef-redefinition]\ntypedef struct asn1_pctx_st ASN1_PCTX;\n                            ^\n/usr/local/opt/openssl@3/include/openssl/types.hIn file included from third_party/boringssl/crypto/asn1/a_print.c:60::\n70In file included from :third_party/boringssl/include/openssl/mem.h29:: note: previous definition is here\n60typedef struct asn1_pctx_st ASN1_PCTX;\n                            ^\n:\nIn file included from third_party/boringssl/crypto/asn1/a_object.c:63:\nIn file included from third_party/boringssl/include/openssl/base.hthird_party/boringssl/include/openssl/mem.h:246:29:60:\nthird_party/boringssl/include/openssl/base.h:247:: 31error::  redefinition of typedef \'ASN1_PCTX\' is a C11 feature [-Werror,-Wtypedef-redefinition]error\n: redefinition of typedef \'ASN1_BIT_STRING\' is a C11 feature [-Werror,-Wtypedef-redefinition]\ntypedef struct asn1_pctx_st ASN1_PCTX;\n                            ^typedef struct asn1_string_st ASN1_BIT_STRING;\n/usr/local/opt/openssl@3/include/openssl/types.h\n                              ^\n/usr/local/opt/openssl@3/include/openssl/types.h:70:29:: note: 47previous definition is here:\n31: notetypedef struct asn1_pctx_st ASN1_PCTX;\n                            ^\n: previous definition is here\nIn file included from third_party/boringssl/crypto/asn1/a_print.c:60:\nIn file included from third_party/boringssl/include/openssl/mem.htypedef struct asn1_string_st ASN1_BIT_STRING;:\n60                              ^:\nthird_party/boringssl/include/openssl/base.h:247:31\n: error: redefinition of typedef \'ASN1_BIT_STRING\' is a C11 feature [-Werror,-Wtypedef-redefinition]\nIn file included from typedef struct asn1_string_st ASN1_BIT_STRING;\n                              ^\n/usr/local/opt/openssl@3/include/openssl/types.h:47:31: note: third_party/boringssl/crypto/asn1/a_object.cprevious definition is here:63:\nIn file included from \nthird_party/boringssl/include/openssl/mem.h:60:\nthird_party/boringssl/include/openssl/base.h:248:31: error: redefinition of typedef \'ASN1_BMPSTRING\' is a C11 feature [-Werror,-Wtypedef-redefinition]\ntypedef struct asn1_string_st ASN1_BMPSTRING;\n                              ^\n/usr/local/opt/openssl@3/include/openssl/types.h:54:31: note: previous definition is here\ntypedef struct asn1_string_st ASN1_BMPSTRING;\n                              ^\ntypedef struct asn1_string_st ASN1_BIT_STRING;In file included from third_party/boringssl/crypto/asn1/a_object.c\n:63                              ^:\nIn file included from 20\n errors generated.\nthird_party/boringssl/include/openssl/mem.h:60:\nthird_party/boringssl/include/openssl/base.h:249:31:In file included from  error: redefinition of typedef \'ASN1_ENUMERATED\' is a C11 feature [-Werror,-Wtypedef-redefinition]\ntypedef struct asn1_string_st ASN1_ENUMERATED;\n                              ^third_party/boringssl/crypto/asn1/a_print.c:60\n:\nIn file included from /usr/local/opt/openssl@3/include/openssl/types.hthird_party/boringssl/include/openssl/mem.h::4660::\n31:third_party/boringssl/include/openssl/base.h note: previous definition is here\ntypedef struct asn1_string_st ASN1_ENUMERATED;:\n                              ^\n248:31: errorIn file included from third_party/boringssl/crypto/asn1/a_object.c:63:\nIn file included from third_party/boringssl/include/openssl/mem.h:60:\nthird_party/boringssl/include/openssl/base.h:250: redefinition of typedef \'ASN1_BMPSTRING\' is a C11 feature [-Werror,-Wtypedef-redefinition]\n:31: error: redefinition of typedef \'ASN1_GENERALIZEDTIME\' is a C11 feature [-Werror,-Wtypedef-redefinition]\ntypedef struct asn1_string_st ASN1_BMPSTRING;\n                              ^\ntypedef struct asn1_string_st ASN1_GENERALIZEDTIME;\n/usr/local/opt/openssl@3/include/openssl/types.h                              ^:\n54:31: note: previous definition is here\n/usr/local/opt/openssl@3/include/openssl/types.h:57:31:typedef struct asn1_string_st ASN1_BMPSTRING;\n                              ^\n note: previous definition is here\nIn file included from third_party/boringssl/crypto/asn1/a_print.c:60:\nIn file included from typedef struct asn1_string_st ASN1_GENERALIZEDTIME;third_party/boringssl/include/openssl/mem.h:60:\nthird_party/boringssl/include/openssl/base.h\n:                              ^\n249:31: error: redefinition of typedef \'ASN1_ENUMERATED\' is a C11 feature [-Werror,-Wtypedef-redefinition]\nIn file included from third_party/boringssl/crypto/asn1/a_object.ctypedef struct asn1_string_st ASN1_ENUMERATED;\n                              ^\n:63:\nIn file included from third_party/boringssl/include/openssl/mem.h/usr/local/opt/openssl@3/include/openssl/types.h::46:31: note: previous definition is here60:\n\nthird_party/boringssl/include/openssl/base.h:251:31: error: typedef struct asn1_string_st ASN1_ENUMERATED;redefinition of typedef \'ASN1_GENERALSTRING\' is a C11 feature [-Werror,-Wtypedef-redefinition]\n\n                              ^\ntypedef struct asn1_string_st ASN1_GENERALSTRING;In file included from \nthird_party/boringssl/crypto/asn1/a_print.c                              ^:\n60:\nIn file included from third_party/boringssl/include/openssl/mem.h:60/usr/local/opt/openssl@3/include/openssl/types.h:52:31: note: previous definition is here:\n\nthird_party/boringssl/include/openssl/base.h:250:typedef struct asn1_string_st ASN1_GENERALSTRING;\n                              ^\n31: error: redefinition of typedef \'ASN1_GENERALIZEDTIME\' is a C11 feature [-Werror,-Wtypedef-redefinition]\nIn file included from third_party/boringssl/crypto/asn1/a_object.c:63:\nIn file included from third_party/boringssl/include/openssl/mem.h:60:\nthird_party/boringssl/include/openssl/base.h:252:31: error: In file included from third_party/boringssl/crypto/asn1/a_octet.c:60:\nredefinition of typedef \'ASN1_IA5STRING\' is a C11 feature [-Werror,-Wtypedef-redefinition]In file included from \ntypedef struct asn1_string_st ASN1_GENERALIZEDTIME;\n                              ^\nthird_party/boringssl/include/openssl/mem.h/usr/local/opt/openssl@3/include/openssl/types.h::6057:\ntypedef struct asn1_string_st ASN1_IA5STRING;\n                              ^third_party/boringssl/include/openssl/base.h\n::31:143/usr/local/opt/openssl@3/include/openssl/types.h note: previous definition is here\n:9::51 :error31: :\'OPENSSL_VERSION_NUMBER\' macro redefined [-Werror,-Wmacro-redefined] \nnotetypedef struct asn1_string_st ASN1_GENERALIZEDTIME;: \nprevious definition is here\n                              ^typedef struct asn1_string_st ASN1_IA5STRING;\n\n                              ^\n#define OPENSSL_VERSION_NUMBER 0x1010007f\nIn file included from third_party/boringssl/crypto/asn1/a_object.c:63:\n        ^In file included from \nthird_party/boringssl/include/openssl/mem.h:60:\nthird_party/boringssl/include/openssl/base.h:253:/usr/local/opt/openssl@3/include/openssl/opensslv.h:99:10: note: 31previous definition is here\nIn file included from :third_party/boringssl/crypto/asn1/a_print.c :error60# define OPENSSL_VERSION_NUMBER          \\:\n\n: In file included from third_party/boringssl/include/openssl/mem.h:60         ^:\nredefinition of typedef \'ASN1_INTEGER\' is a C11 feature [-Werror,-Wtypedef-redefinition]third_party/boringssl/include/openssl/base.h\n\n:251:typedef struct asn1_string_st ASN1_INTEGER;31In file included from third_party/boringssl/crypto/asn1/a_octet.c:60\n                              ^\nIn file included from :\nthird_party/boringssl/crypto/asn1/a_gentm.cIn file included from :/usr/local/opt/openssl@3/include/openssl/types.h third_party/boringssl/include/openssl/mem.h::63:\n45error:31:In file included from :60 third_party/boringssl/include/openssl/mem.h:\nnotethird_party/boringssl/include/openssl/base.h:178:: : redefinition of typedef \'ASN1_GENERALSTRING\' is a C11 feature [-Werror,-Wtypedef-redefinition]60\n:\n:third_party/boringssl/include/openssl/base.h9previous definition is here:typedef struct asn1_string_st ASN1_GENERALSTRING; \n\nerror                              ^: \n:\'OPENSSL_EXPORT\' macro redefined [-Werror,-Wmacro-redefined]\n143/usr/local/opt/openssl@3/include/openssl/types.h:52::31: note#define OPENSSL_EXPORT: \nprevious definition is here\n9typedef struct asn1_string_st ASN1_GENERALSTRING;: errortypedef struct asn1_string_st ASN1_INTEGER;:         ^\n\n\n\'OPENSSL_VERSION_NUMBER\' macro redefined [-Werror,-Wmacro-redefined]                              ^                              ^\n/usr/local/opt/openssl@3/include/openssl/e_os2.h\n\n:183:11: note: previous definition is hereIn file included from third_party/boringssl/crypto/asn1/a_print.c:\n60#define OPENSSL_VERSION_NUMBER 0x1010007f:\nIn file included from #  define OPENSSL_EXPORT externIn file included from third_party/boringssl/include/openssl/mem.h\n:          ^60third_party/boringssl/crypto/asn1/a_object.c\n:\n\n:third_party/boringssl/include/openssl/base.h:        ^63\n:\n252:In file included from 31: error: /usr/local/opt/openssl@3/include/openssl/opensslv.h:99redefinition of typedef \'ASN1_IA5STRING\' is a C11 feature [-Werror,-Wtypedef-redefinition]:\n10third_party/boringssl/include/openssl/mem.h:: note: typedef struct asn1_string_st ASN1_IA5STRING;previous definition is here\n\n                              ^60:\n\n# define OPENSSL_VERSION_NUMBER          \\third_party/boringssl/include/openssl/base.h\n:         ^\n254:/usr/local/opt/openssl@3/include/openssl/types.h31:In file included from :51third_party/boringssl/crypto/asn1/a_gentm.c::3163::\nIn file included from third_party/boringssl/include/openssl/mem.hIn file included from  third_party/boringssl/crypto/asn1/a_octet.c: :note: error60: :\n60redefinition of typedef \'ASN1_OCTET_STRING\' is a C11 feature [-Werror,-Wtypedef-redefinition]third_party/boringssl/include/openssl/base.h\n::\n178In file included from third_party/boringssl/include/openssl/mem.h::9: errortypedef struct asn1_string_st ASN1_OCTET_STRING;: \nprevious definition is here                              ^\n60:\n\'OPENSSL_EXPORT\' macro redefined [-Werror,-Wmacro-redefined]third_party/boringssl/include/openssl/base.h\n:\n#define OPENSSL_EXPORTtypedef struct asn1_string_st ASN1_IA5STRING;\n240:/usr/local/opt/openssl@3/include/openssl/types.h\n13        ^                              ^\n\n:/usr/local/opt/openssl@3/include/openssl/e_os2.h::183 :error4811::31 : note: typedef redefinition with different types (\'int\' vs \'struct crypto_threadid_st\')previous definition is here\n\nIn file included from third_party/boringssl/crypto/asn1/a_print.c:typedef int CRYPTO_THREADID;60\n:\n            ^:In file included from \nthird_party/boringssl/include/openssl/mem.h: 60note:\nthird_party/boringssl/include/openssl/base.h:253:: 31:previous definition is here #  define OPENSSL_EXPORT externerror\n:           ^\n/usr/local/opt/openssl@3/include/openssl/crypto.h:\n308redefinition of typedef \'ASN1_INTEGER\' is a C11 feature [-Werror,-Wtypedef-redefinition]\n:3: typedef struct asn1_string_st ASN1_INTEGER;\ntypedef struct asn1_string_st ASN1_OCTET_STRING;                              ^\n\n                              ^\n/usr/local/opt/openssl@3/include/openssl/types.h:45:31: notenote: : previous definition is hereIn file included from third_party/boringssl/crypto/asn1/a_object.c20: error63:\nIn file included from third_party/boringssl/include/openssl/mem.h:previous definition is here60\n:\ns} CRYPTO_THREADID; generated\n\nthird_party/boringssl/include/openssl/base.hIn file included from :  ^255:.\nthird_party/boringssl/crypto/asn1/a_gentm.c:6331typedef struct asn1_string_st ASN1_INTEGER;\n                              ^\n::\n In file included from \nthird_party/boringssl/include/openssl/mem.h:60:\nthird_party/boringssl/include/openssl/base.herror: :redefinition of typedef \'ASN1_PRINTABLESTRING\' is a C11 feature [-Werror,-Wtypedef-redefinition]240\n:13: errorIn file included from : third_party/boringssl/crypto/asn1/a_octet.ctypedef redefinition with different types (\'int\' vs \'struct crypto_threadid_st\')In file included from \nthird_party/boringssl/crypto/asn1/a_print.ctypedef struct asn1_string_st ASN1_PRINTABLESTRING;::\n60:\n                              ^In file included from \n60:\nIn file included from third_party/boringssl/include/openssl/mem.h/usr/local/opt/openssl@3/include/openssl/types.htypedef int CRYPTO_THREADID;:49:third_party/boringssl/include/openssl/mem.h:6031:\n:\n note:: third_party/boringssl/include/openssl/base.hprevious definition is here\n60:\nthird_party/boringssl/include/openssl/base.h::            ^242\n:13254:typedef struct asn1_string_st ASN1_PRINTABLESTRING;:31: error\n:  redefinition of typedef \'ASN1_OCTET_STRING\' is a C11 feature [-Werror,-Wtypedef-redefinition]error\n:                               ^redefinition of typedef \'ASN1_BOOLEAN\' is a C11 feature [-Werror,-Wtypedef-redefinition]\n\ntypedef struct asn1_string_st ASN1_OCTET_STRING;In file included from \n/usr/local/opt/openssl@3/include/openssl/crypto.h                              ^:\ntypedef int ASN1_BOOLEAN;third_party/boringssl/crypto/asn1/a_object.c\n/usr/local/opt/openssl@3/include/openssl/types.h            ^:\n308:48::3/usr/local/opt/openssl@3/include/openssl/types.h63::\n:31: note: previous definition is hereIn file included from \n61 third_party/boringssl/include/openssl/mem.hnote: :previous definition is here13:60:\nthird_party/boringssl/include/openssl/base.h} CRYPTO_THREADID;:\n   ^note: \n:256previous definition is heretypedef struct asn1_string_st ASN1_OCTET_STRING;\nIn file included from third_party/boringssl/crypto/asn1/a_int.c:63\nmake: \n*** [/Users/runner/actions-runner/_work/python.build/python.build/build_grpcio1120311/grpcio-1.12.0/objs/opt/third_party/boringssl/crypto/asn1/a_dup.o] Error 1\n:                              ^:\n\ntypedef int ASN1_BOOLEAN;31:\nIn file included from third_party/boringssl/crypto/asn1/a_gentm.c: 63:\nerrorIn file included from : third_party/boringssl/include/openssl/mem.hredefinition of typedef \'ASN1_STRING\' is a C11 feature [-Werror,-Wtypedef-redefinition]\nIn file included from typedef struct asn1_string_st ASN1_STRING;            ^\n:                              ^In file included from third_party/boringssl/crypto/asn1/a_print.c:third_party/boringssl/include/openssl/mem.h60::\nIn file included from \nthird_party/boringssl/include/openssl/mem.h\n:6060:\nthird_party/boringssl/include/openssl/base.h/usr/local/opt/openssl@3/include/openssl/types.h::25560:6031:\n:In file included from :\n31third_party/boringssl/include/openssl/base.h:third_party/boringssl/crypto/asn1/a_octet.cthird_party/boringssl/include/openssl/base.h:: :error:60: :\n redefinition of typedef \'ASN1_PRINTABLESTRING\' is a C11 feature [-Werror,-Wtypedef-redefinition]In file included from notethird_party/boringssl/include/openssl/mem.h: \n242:143:previous definition is here:13609:\n\n:third_party/boringssl/include/openssl/base.htypedef struct asn1_string_st ASN1_PRINTABLESTRING;\ntypedef struct asn1_string_st ASN1_STRING; :error : error                              ^: \nredefinition of typedef \'ASN1_BOOLEAN\' is a C11 feature [-Werror,-Wtypedef-redefinition]\'OPENSSL_VERSION_NUMBER\' macro redefined [-Werror,-Wmacro-redefined]/usr/local/opt/openssl@3/include/openssl/types.h\n::\n243:49\n                              ^:\n1331typedef int ASN1_BOOLEAN;:\n :note : error: redefinition of typedef \'ASN1_NULL\' is a C11 feature [-Werror,-Wtypedef-redefinition]\nIn file included from third_party/boringssl/crypto/asn1/a_object.c            ^:\n#define OPENSSL_VERSION_NUMBER 0x1010007fprevious definition is here\n\n        ^63typedef int ASN1_NULL;:\n\n\ntypedef struct asn1_string_st ASN1_PRINTABLESTRING;/usr/local/opt/openssl@3/include/openssl/types.h\nIn file included from                               ^/usr/local/opt/openssl@3/include/openssl/opensslv.h\n:            ^\n61:/usr/local/opt/openssl@3/include/openssl/types.h:third_party/boringssl/include/openssl/mem.h99::621060In file included from ::\n:third_party/boringssl/include/openssl/base.h: 13note:third_party/boringssl/crypto/asn1/a_print.c:  note13previous definition is here:: 257previous definition is here::31:\n: 60note : # define OPENSSL_VERSION_NUMBER          \\\n\nerror         ^: \n:\nprevious definition is hereIn file included from \ntypedef int ASN1_NULL;third_party/boringssl/include/openssl/mem.hredefinition of typedef \'ASN1_T61STRING\' is a C11 feature [-Werror,-Wtypedef-redefinition]:\n60:\nIn file included from \n            ^\nthird_party/boringssl/include/openssl/base.h:third_party/boringssl/crypto/asn1/a_int.ctypedef int ASN1_BOOLEAN;256:63typedef struct asn1_string_st ASN1_T61STRING;:\n\nIn file included from             ^In file included from \nthird_party/boringssl/crypto/asn1/a_octet.c                              ^\nthird_party/boringssl/include/openssl/mem.h::\n:/usr/local/opt/openssl@3/include/openssl/types.h60::\n3160::\n 50third_party/boringssl/include/openssl/base.h::In file included from 178third_party/boringssl/crypto/asn1/a_gentm.cIn file included from :third_party/boringssl/include/openssl/mem.h63:error: 931::60:\nredefinition of typedef \'ASN1_STRING\' is a C11 feature [-Werror,-Wtypedef-redefinition]third_party/boringssl/include/openssl/base.h\n error:\n: :244In file included from \'OPENSSL_EXPORT\' macro redefined [-Werror,-Wmacro-redefined]third_party/boringssl/include/openssl/mem.h\n::60:\n:#define OPENSSL_EXPORT29 :typedef struct asn1_string_st ASN1_STRING;notethird_party/boringssl/include/openssl/base.h: :previous definition is here243\n: 13\nerror::  redefinition of typedef \'ASN1_ITEM\' is a C11 feature [-Werror,-Wtypedef-redefinition]error\n\n        ^\ntypedef struct asn1_string_st ASN1_T61STRING;: \n                              ^                              ^\nredefinition of typedef \'ASN1_NULL\' is a C11 feature [-Werror,-Wtypedef-redefinition]typedef struct ASN1_ITEM_st ASN1_ITEM;\n\n                            ^\n\n/usr/local/opt/openssl@3/include/openssl/types.h:/usr/local/opt/openssl@3/include/openssl/types.h69/usr/local/opt/openssl@3/include/openssl/e_os2.h::18329:: typedef int ASN1_NULL;fatal error:11note:: too many errors emitted, stopping now [-ferror-limit=]\n\n:  previous definition is herenote\n:             ^previous definition is here\n\n60typedef struct ASN1_ITEM_st ASN1_ITEM;:#  define OPENSSL_EXPORT extern/usr/local/opt/openssl@3/include/openssl/types.h:3162\n\n                            ^\n          ^\n:13In file included from :third_party/boringssl/crypto/asn1/a_octet.c::  note: 60previous definition is here\nnote:\n: In file included from previous definition is herethird_party/boringssl/include/openssl/mem.h:60:\n\ntypedef struct asn1_string_st ASN1_STRING;\n                              ^typedef int ASN1_NULL;\n\nthird_party/boringssl/include/openssl/base.h:245:31: error            ^: \nredefinition of typedef \'ASN1_OBJECT\' is a C11 feature [-Werror,-Wtypedef-redefinition]\nIn file included from third_party/boringssl/crypto/asn1/a_print.c:60:\nIn file included from third_party/boringssl/include/openssl/mem.h:60:\nthird_party/boringssl/include/openssl/base.h:257:In file included from 31third_party/boringssl/crypto/asn1/a_gentm.c:: 63error:\n: In file included from typedef struct asn1_object_st ASN1_OBJECT;third_party/boringssl/include/openssl/mem.h:redefinition of typedef \'ASN1_T61STRING\' is a C11 feature [-Werror,-Wtypedef-redefinition]60\n:\nthird_party/boringssl/include/openssl/base.h:244:29: typedef struct asn1_string_st ASN1_T61STRING;error\n: redefinition of typedef \'ASN1_ITEM\' is a C11 feature [-Werror,-Wtypedef-redefinition]\n                              ^\ntypedef struct ASN1_ITEM_st ASN1_ITEM;\n                            ^\n/usr/local/opt/openssl@3/include/openssl/types.h:/usr/local/opt/openssl@3/include/openssl/types.h\n:69                              ^:\n50/usr/local/opt/openssl@3/include/openssl/types.h:6629::In file included from  third_party/boringssl/crypto/asn1/a_int.cnote:: 31previous definition is here\n:3163:::\n  notenote: : In file included from previous definition is hereprevious definition is herethird_party/boringssl/include/openssl/mem.htypedef struct ASN1_ITEM_st ASN1_ITEM;:\n\n                            ^\n60\ntypedef struct asn1_string_st ASN1_T61STRING;\n:\n                              ^\nthird_party/boringssl/include/openssl/base.h:240In file included from typedef struct asn1_object_st ASN1_OBJECT;third_party/boringssl/crypto/asn1/a_gentm.c\n:                              ^\nfatal error:6313:\n: errorIn file included from : In file included from : typedef redefinition with different types (\'int\' vs \'struct crypto_threadid_st\')too many errors emitted, stopping now [-ferror-limit=]\n\nthird_party/boringssl/crypto/asn1/a_octet.c:third_party/boringssl/include/openssl/mem.h60:\nIn file included from third_party/boringssl/include/openssl/mem.h::60:\n60third_party/boringssl/include/openssl/base.htypedef int CRYPTO_THREADID;:\n\nthird_party/boringssl/include/openssl/base.h            ^:246::29:\n245: 31error:: redefinition of typedef \'ASN1_PCTX\' is a C11 feature [-Werror,-Wtypedef-redefinition] \nerror: redefinition of typedef \'ASN1_OBJECT\' is a C11 feature [-Werror,-Wtypedef-redefinition]\ntypedef struct asn1_object_st ASN1_OBJECT;\n                              ^\ntypedef struct asn1_pctx_st ASN1_PCTX;\n/usr/local/opt/openssl@3/include/openssl/types.h:66:                            ^\n31:/usr/local/opt/openssl@3/include/openssl/crypto.h/usr/local/opt/openssl@3/include/openssl/types.h:: 70note:: 308:3: note: previous definition is hereprevious definition is here\n\n29} CRYPTO_THREADID;\n:  ^\ntypedef struct asn1_object_st ASN1_OBJECT;\n                              ^\nmake:  *** [/Users/runner/actions-runner/_work/python.build/python.build/build_grpcio1120311/grpcio-1.12.0/objs/opt/third_party/boringssl/crypto/asn1/a_i2d_fp.o] Error 1note\n: previous definition is here\ntypedef struct asn1_pctx_st ASN1_PCTX;\nIn file included from                             ^In file included from \nthird_party/boringssl/crypto/asn1/a_gentm.c:63third_party/boringssl/crypto/asn1/a_int.c:63:\nIn file included from third_party/boringssl/crypto/asn1/a_octet.c::\nIn file included from In file included from 60third_party/boringssl/include/openssl/mem.h:\nIn file included from third_party/boringssl/include/openssl/mem.h:60:\nthird_party/boringssl/include/openssl/base.h:247third_party/boringssl/include/openssl/mem.h::6060:\nthird_party/boringssl/include/openssl/base.h::\n246::29:31 :error : errorthird_party/boringssl/include/openssl/base.h: :redefinition of typedef \'ASN1_BIT_STRING\' is a C11 feature [-Werror,-Wtypedef-redefinition]\n242:13:redefinition of typedef \'ASN1_PCTX\' is a C11 feature [-Werror,-Wtypedef-redefinition]\n error: typedef struct asn1_string_st ASN1_BIT_STRING;redefinition of typedef \'ASN1_BOOLEAN\' is a C11 feature [-Werror,-Wtypedef-redefinition]\ntypedef struct asn1_pctx_st ASN1_PCTX;                              ^\n\n                            ^\n/usr/local/opt/openssl@3/include/openssl/types.h:/usr/local/opt/openssl@3/include/openssl/types.h:70\n:29:47 note: previous definition is heretypedef int ASN1_BOOLEAN;\n\n            ^:\ntypedef struct asn1_pctx_st ASN1_PCTX;31\n:/usr/local/opt/openssl@3/include/openssl/types.h                            ^: \nnote61: previous definition is here:13: \nnoteIn file included from : third_party/boringssl/crypto/asn1/a_gentm.c:63:\nprevious definition is here\ntypedef struct asn1_string_st ASN1_BIT_STRING;\nIn file included from                               ^\ntypedef int ASN1_BOOLEAN;third_party/boringssl/include/openssl/mem.h\n:            ^\n60:\nthird_party/boringssl/include/openssl/base.h:247:In file included from 31: In file included from errorthird_party/boringssl/crypto/asn1/a_int.c: third_party/boringssl/crypto/asn1/a_octet.c:60:redefinition of typedef \'ASN1_BIT_STRING\' is a C11 feature [-Werror,-Wtypedef-redefinition]63\n:\nIn file included from third_party/boringssl/include/openssl/mem.h::\nIn file included from typedef struct asn1_string_st ASN1_BIT_STRING;\nthird_party/boringssl/include/openssl/mem.h                              ^:\n60/usr/local/opt/openssl@3/include/openssl/types.h:\n:47third_party/boringssl/include/openssl/base.h60:243:13: error: redefinition of typedef \'ASN1_NULL\' is a C11 feature [-Werror,-Wtypedef-redefinition]\n::\n31third_party/boringssl/include/openssl/base.h:: typedef int ASN1_NULL;248:31: error: redefinition of typedef \'ASN1_BMPSTRING\' is a C11 feature [-Werror,-Wtypedef-redefinition]\nnote: previous definition is here\n\n            ^typedef struct asn1_string_st ASN1_BMPSTRING;\n\n                              ^\n/usr/local/opt/openssl@3/include/openssl/types.h:/usr/local/opt/openssl@3/include/openssl/types.h54::62typedef struct asn1_string_st ASN1_BIT_STRING;:\n13                              ^:\n note: 31previous definition is here: \nnote: previous definition is here\ntypedef int ASN1_NULL;In file included from \nthird_party/boringssl/crypto/asn1/a_gentm.c            ^:typedef struct asn1_string_st ASN1_BMPSTRING;\n\n                              ^\n63:\nIn file included from third_party/boringssl/include/openssl/mem.h:60In file included from :\nthird_party/boringssl/crypto/asn1/a_octet.cthird_party/boringssl/include/openssl/base.h:248:31:: error: redefinition of typedef \'ASN1_BMPSTRING\' is a C11 feature [-Werror,-Wtypedef-redefinition]60\n:\nIn file included from third_party/boringssl/include/openssl/mem.h:In file included from third_party/boringssl/crypto/asn1/a_int.c:6360:\n:\ntypedef struct asn1_string_st ASN1_BMPSTRING;\nthird_party/boringssl/include/openssl/base.h                              ^:\n249:31/usr/local/opt/openssl@3/include/openssl/types.hIn file included from :third_party/boringssl/include/openssl/mem.h54:31: error:: :redefinition of typedef \'ASN1_ENUMERATED\' is a C11 feature [-Werror,-Wtypedef-redefinition]60 note: previous definition is here:\n\n\nthird_party/boringssl/include/openssl/base.h:244:typedef struct asn1_string_st ASN1_ENUMERATED;29\n:                              ^ \n/usr/local/opt/openssl@3/include/openssl/types.h:46:31:errortypedef struct asn1_string_st ASN1_BMPSTRING;\n                              ^\n note: : redefinition of typedef \'ASN1_ITEM\' is a C11 feature [-Werror,-Wtypedef-redefinition]previous definition is here\n\ntypedef struct asn1_string_st ASN1_ENUMERATED;typedef struct ASN1_ITEM_st ASN1_ITEM;\nIn file included from third_party/boringssl/crypto/asn1/a_gentm.c:\n63                            ^\n:\n                              ^In file included from /usr/local/opt/openssl@3/include/openssl/types.hthird_party/boringssl/include/openssl/mem.h::60:\n\nthird_party/boringssl/include/openssl/base.h:249:31: 69error: redefinition of typedef \'ASN1_ENUMERATED\' is a C11 feature [-Werror,-Wtypedef-redefinition]\n:29: note: previous definition is here\nIn file included from third_party/boringssl/crypto/asn1/a_octet.ctypedef struct ASN1_ITEM_st ASN1_ITEM;:\n60typedef struct asn1_string_st ASN1_ENUMERATED;:\nIn file included from third_party/boringssl/include/openssl/mem.h                            ^\n\n:60:\nthird_party/boringssl/include/openssl/base.h                              ^:250\n:31: error/usr/local/opt/openssl@3/include/openssl/types.h:46:31In file included from :: third_party/boringssl/crypto/asn1/a_int.c redefinition of typedef \'ASN1_GENERALIZEDTIME\' is a C11 feature [-Werror,-Wtypedef-redefinition]note\n: previous definition is here:\n63:\nIn file included from third_party/boringssl/include/openssl/mem.h:typedef struct asn1_string_st ASN1_GENERALIZEDTIME;\n                              ^\ntypedef struct asn1_string_st ASN1_ENUMERATED;\n/usr/local/opt/openssl@3/include/openssl/types.h                              ^:\n5760::\n31:third_party/boringssl/include/openssl/base.h :noteIn file included from 245: third_party/boringssl/crypto/asn1/a_gentm.c::3163: 20error error: sredefinition of typedef \'ASN1_OBJECT\' is a C11 feature [-Werror,-Wtypedef-redefinition] generated\n.\nprevious definition is here\n:\nIn file included from third_party/boringssl/include/openssl/mem.h:60:\ntypedef struct asn1_string_st ASN1_GENERALIZEDTIME;third_party/boringssl/include/openssl/base.h\n:                              ^typedef struct asn1_object_st ASN1_OBJECT;\n\n                              ^\n/usr/local/opt/openssl@3/include/openssl/types.h:66In file included from 250third_party/boringssl/crypto/asn1/a_octet.c:31::31 :error : note: :previous definition is here\n60:\nIn file included from redefinition of typedef \'ASN1_GENERALIZEDTIME\' is a C11 feature [-Werror,-Wtypedef-redefinition]\ntypedef struct asn1_object_st ASN1_OBJECT;\n                              ^\nthird_party/boringssl/include/openssl/mem.h:typedef struct asn1_string_st ASN1_GENERALIZEDTIME;\n                              ^\n60:\n/usr/local/opt/openssl@3/include/openssl/types.hthird_party/boringssl/include/openssl/base.h:In file included from 251third_party/boringssl/crypto/asn1/a_int.c::63:\n:In file included from 31third_party/boringssl/include/openssl/mem.h57::6031:\n::third_party/boringssl/include/openssl/base.h:246:29 :  note: errorprevious definition is here: error: \nredefinition of typedef \'ASN1_GENERALSTRING\' is a C11 feature [-Werror,-Wtypedef-redefinition]redefinition of typedef \'ASN1_PCTX\' is a C11 feature [-Werror,-Wtypedef-redefinition]\nmake: \n*** [/Users/runner/actions-runner/_work/python.build/python.build/build_grpcio1120311/grpcio-1.12.0/objs/opt/third_party/boringssl/crypto/asn1/a_enum.o] Error 1\ntypedef struct asn1_pctx_st ASN1_PCTX;typedef struct asn1_string_st ASN1_GENERALSTRING;\n                              ^\n\n/usr/local/opt/openssl@3/include/openssl/types.h:52:31                            ^typedef struct asn1_string_st ASN1_GENERALIZEDTIME;\n\n                              ^\n/usr/local/opt/openssl@3/include/openssl/types.h::70:29:  notenote: : previous definition is here\nIn file included from third_party/boringssl/crypto/asn1/a_gentm.c:previous definition is here63\n:\nIn file included from third_party/boringssl/include/openssl/mem.h:typedef struct asn1_pctx_st ASN1_PCTX;60typedef struct asn1_string_st ASN1_GENERALSTRING;:\n\n\n                              ^\nthird_party/boringssl/include/openssl/base.h                            ^\nIn file included from :third_party/boringssl/crypto/asn1/a_octet.c:25160::\n31In file included from :third_party/boringssl/include/openssl/mem.h:60In file included from  third_party/boringssl/crypto/asn1/a_int.cerror::\n: 63third_party/boringssl/include/openssl/base.hredefinition of typedef \'ASN1_GENERALSTRING\' is a C11 feature [-Werror,-Wtypedef-redefinition]:\n:\n252In file included from :31third_party/boringssl/include/openssl/mem.h:60:\ntypedef struct asn1_string_st ASN1_GENERALSTRING;:\n                              ^third_party/boringssl/include/openssl/base.h:247:\n31: /usr/local/opt/openssl@3/include/openssl/types.herror:: 52 :In file included from third_party/boringssl/crypto/asn1/a_mbstr.c:redefinition of typedef \'ASN1_BIT_STRING\' is a C11 feature [-Werror,-Wtypedef-redefinition]62:\n31In file included from :third_party/boringssl/include/openssl/mem.h note: \nprevious definition is here\nerror: redefinition of typedef \'ASN1_IA5STRING\' is a C11 feature [-Werror,-Wtypedef-redefinition]:typedef struct asn1_string_st ASN1_BIT_STRING;typedef struct asn1_string_st ASN1_GENERALSTRING;\n\n                              ^60\n                              ^\n\n:\n/usr/local/opt/openssl@3/include/openssl/types.htypedef struct asn1_string_st ASN1_IA5STRING;:\n47third_party/boringssl/include/openssl/base.h:31In file included from :third_party/boringssl/crypto/asn1/a_gentm.c :note63:                               ^previous definition is here\n:\n:\nIn file included from 143:third_party/boringssl/include/openssl/mem.h9::60 /usr/local/opt/openssl@3/include/openssl/types.h:\ntypedef struct asn1_string_st ASN1_BIT_STRING;third_party/boringssl/include/openssl/base.h\n:                              ^\n:51error:31252:31::  note: In file included from previous definition is here\nthird_party/boringssl/crypto/asn1/a_int.cerror: : \'OPENSSL_VERSION_NUMBER\' macro redefined [-Werror,-Wmacro-redefined]\n:redefinition of typedef \'ASN1_IA5STRING\' is a C11 feature [-Werror,-Wtypedef-redefinition]\ntypedef struct asn1_string_st ASN1_IA5STRING;\n63                              ^:\n\nIn file included from third_party/boringssl/include/openssl/mem.htypedef struct asn1_string_st ASN1_IA5STRING;\n                              ^\n:/usr/local/opt/openssl@3/include/openssl/types.h60:In file included from third_party/boringssl/crypto/asn1/a_octet.c51#define OPENSSL_VERSION_NUMBER 0x1010007f:\nIn file included from third_party/boringssl/include/openssl/base.hthird_party/boringssl/crypto/asn1/a_strnid.c:::63::\n\nIn file included from 248third_party/boringssl/include/openssl/mem.h        ^:31:6031::\n60: note:  \nIn file included from error:\nthird_party/boringssl/include/openssl/mem.h: :60redefinition of typedef \'ASN1_BMPSTRING\' is a C11 feature [-Werror,-Wtypedef-redefinition]/usr/local/opt/openssl@3/include/openssl/opensslv.h\n:99::\n10third_party/boringssl/include/openssl/base.hthird_party/boringssl/include/openssl/base.h::: note253: previous definition is here143\n::9:previous definition is here typedef struct asn1_string_st ASN1_BMPSTRING;errortypedef struct asn1_string_st ASN1_IA5STRING;: \n31                              ^:\n \nerror\n:                               ^redefinition of typedef \'ASN1_INTEGER\' is a C11 feature [-Werror,-Wtypedef-redefinition]\n\n\'OPENSSL_VERSION_NUMBER\' macro redefined [-Werror,-Wmacro-redefined]/usr/local/opt/openssl@3/include/openssl/types.hIn file included from :third_party/boringssl/crypto/asn1/a_gentm.c54:\n63:\nIn file included from # define OPENSSL_VERSION_NUMBER          \\typedef struct asn1_string_st ASN1_INTEGER;:\nthird_party/boringssl/include/openssl/mem.h                              ^\n31:#define OPENSSL_VERSION_NUMBER 0x1010007f \n:60note:\n        ^\n: \n/usr/local/opt/openssl@3/include/openssl/types.hprevious definition is here\n         ^third_party/boringssl/include/openssl/base.h\n::253:31:typedef struct asn1_string_st ASN1_BMPSTRING; \n/usr/local/opt/openssl@3/include/openssl/opensslv.h                              ^:\nerror99: :redefinition of typedef \'ASN1_INTEGER\' is a C11 feature [-Werror,-Wtypedef-redefinition]10In file included from \nthird_party/boringssl/crypto/asn1/a_mbstr.c:6245:\nIn file included from :typedef struct asn1_string_st ASN1_INTEGER;\nIn file included from                               ^third_party/boringssl/include/openssl/mem.h :third_party/boringssl/crypto/asn1/a_int.c60:note63: ::\n31\n:\nthird_party/boringssl/include/openssl/base.h/usr/local/opt/openssl@3/include/openssl/types.h:::previous definition is here \n45:In file included from 178note:: 319:previous definition is herethird_party/boringssl/include/openssl/mem.h:# define OPENSSL_VERSION_NUMBER          \\:\n          ^\n60:\n noteerror: third_party/boringssl/include/openssl/base.h\'OPENSSL_EXPORT\' macro redefined [-Werror,-Wmacro-redefined]: \n:previous definition is hereIn file included from \n\nthird_party/boringssl/crypto/asn1/a_strnid.c:63249:\nIn file included from third_party/boringssl/include/openssl/mem.h:typedef struct asn1_string_st ASN1_INTEGER;60::\n\n#define OPENSSL_EXPORT                              ^typedef struct asn1_string_st ASN1_INTEGER;\n\n        ^                              ^\n\nthird_party/boringssl/include/openssl/base.h:31178::\n9:  /usr/local/opt/openssl@3/include/openssl/e_os2.herrorIn file included from error: :In file included from : 183\'OPENSSL_EXPORT\' macro redefined [-Werror,-Wmacro-redefined]:\nredefinition of typedef \'ASN1_ENUMERATED\' is a C11 feature [-Werror,-Wtypedef-redefinition]third_party/boringssl/crypto/asn1/a_octet.c\n:60:\nthird_party/boringssl/crypto/asn1/a_gentm.c11typedef struct asn1_string_st ASN1_ENUMERATED;::63In file included from #define OPENSSL_EXPORTthird_party/boringssl/include/openssl/mem.h :\n60:\nnoteIn file included from \nthird_party/boringssl/include/openssl/mem.h                              ^: \n:        ^\n/usr/local/opt/openssl@3/include/openssl/types.hprevious definition is here60/usr/local/opt/openssl@3/include/openssl/e_os2.h:\n::third_party/boringssl/include/openssl/base.h\n183:11:\n::#  define OPENSSL_EXPORT extern \nnote          ^third_party/boringssl/include/openssl/base.h\n254:: 3146:: error254previous definition is here: ::31:31 :\nerror redefinition of typedef \'ASN1_OCTET_STRING\' is a C11 feature [-Werror,-Wtypedef-redefinition]\n: #  define OPENSSL_EXPORT extern\nnoteredefinition of typedef \'ASN1_OCTET_STRING\' is a C11 feature [-Werror,-Wtypedef-redefinition]: typedef struct asn1_string_st ASN1_OCTET_STRING;          ^previous definition is here\n\n\n\n                              ^\ntypedef struct asn1_string_st ASN1_OCTET_STRING;\n/usr/local/opt/openssl@3/include/openssl/types.h                              ^:\n48typedef struct asn1_string_st ASN1_ENUMERATED;:\n31: note                              ^/usr/local/opt/openssl@3/include/openssl/types.h\n:: 48previous definition is here:\n31:In file included from  note: previous definition is heretypedef struct asn1_string_st ASN1_OCTET_STRING;\n                              ^\n\nIn file included from third_party/boringssl/crypto/asn1/a_mbstr.cthird_party/boringssl/crypto/asn1/a_int.c::62typedef struct asn1_string_st ASN1_OCTET_STRING;\n                              ^\n:\n63In file included from :\nIn file included from third_party/boringssl/include/openssl/mem.hthird_party/boringssl/include/openssl/mem.h::60In file included from :\nthird_party/boringssl/crypto/asn1/a_octet.cthird_party/boringssl/include/openssl/base.hIn file included from In file included from 60third_party/boringssl/crypto/asn1/a_strnid.c:\n:third_party/boringssl/include/openssl/base.h240:third_party/boringssl/crypto/asn1/a_gentm.c:63:::63:\n:\nIn file included from 60third_party/boringssl/include/openssl/mem.h::\n60In file included from third_party/boringssl/include/openssl/mem.h:6013:\nthird_party/boringssl/include/openssl/base.h::In file included from 250:\nthird_party/boringssl/include/openssl/mem.h::third_party/boringssl/include/openssl/base.h25531:6031:\n:third_party/boringssl/include/openssl/base.h :255:: :errorerror240: :typedef redefinition with different types (\'int\' vs \'struct crypto_threadid_st\')13\n:  :errorredefinition of typedef \'ASN1_PRINTABLESTRING\' is a C11 feature [-Werror,-Wtypedef-redefinition]: \ntypedef int CRYPTO_THREADID;\n31redefinition of typedef \'ASN1_GENERALIZEDTIME\' is a C11 feature [-Werror,-Wtypedef-redefinition]\n:             ^error:  \nerror: typedef struct asn1_string_st ASN1_PRINTABLESTRING;redefinition of typedef \'ASN1_PRINTABLESTRING\' is a C11 feature [-Werror,-Wtypedef-redefinition]typedef redefinition with different types (\'int\' vs \'struct crypto_threadid_st\')typedef struct asn1_string_st ASN1_GENERALIZEDTIME;\n\n                              ^\n\n\n                              ^\ntypedef int CRYPTO_THREADID;\n/usr/local/opt/openssl@3/include/openssl/types.h            ^:\ntypedef struct asn1_string_st ASN1_PRINTABLESTRING;\n/usr/local/opt/openssl@3/include/openssl/crypto.h                              ^:\n308/usr/local/opt/openssl@3/include/openssl/types.h57::31: note/usr/local/opt/openssl@3/include/openssl/types.h: :3previous definition is here: 49note::/usr/local/opt/openssl@3/include/openssl/crypto.h49: :3131:\n: previous definition is herenote \nnote} CRYPTO_THREADID;\n  ^typedef struct asn1_string_st ASN1_GENERALIZEDTIME;:: \nprevious definition is here                              ^: \n\n308:3\nprevious definition is here\n: note: previous definition is here\ntypedef struct asn1_string_st ASN1_PRINTABLESTRING;In file included from \ntypedef struct asn1_string_st ASN1_PRINTABLESTRING;                              ^\nIn file included from                               ^} CRYPTO_THREADID;third_party/boringssl/crypto/asn1/a_int.cthird_party/boringssl/crypto/asn1/a_mbstr.c\n:62::\n\n\nIn file included from   ^63third_party/boringssl/include/openssl/mem.h:\n:In file included from \nthird_party/boringssl/include/openssl/mem.hIn file included from :third_party/boringssl/crypto/asn1/a_gentm.c60In file included from third_party/boringssl/crypto/asn1/a_octet.c60:\n:\nthird_party/boringssl/include/openssl/base.hthird_party/boringssl/include/openssl/base.h:60:\nIn file included from ::251third_party/boringssl/include/openssl/mem.h:In file included from 31242third_party/boringssl/crypto/asn1/a_strnid.c:::63:\nIn file included from ::60:\n13:third_party/boringssl/include/openssl/mem.h63 errorthird_party/boringssl/include/openssl/base.h::\n: 256In file included from :third_party/boringssl/include/openssl/mem.h31:60: :\nthird_party/boringssl/include/openssl/base.h::60:\nerrorthird_party/boringssl/include/openssl/base.h: :256redefinition of typedef \'ASN1_BOOLEAN\' is a C11 feature [-Werror,-Wtypedef-redefinition]redefinition of typedef \'ASN1_GENERALSTRING\' is a C11 feature [-Werror,-Wtypedef-redefinition]242:: \n13error:: \nredefinition of typedef \'ASN1_STRING\' is a C11 feature [-Werror,-Wtypedef-redefinition]\ntypedef int ASN1_BOOLEAN;\n             ^error31:: typedef struct asn1_string_st ASN1_STRING;redefinition of typedef \'ASN1_BOOLEAN\' is a C11 feature [-Werror,-Wtypedef-redefinition]typedef struct asn1_string_st ASN1_GENERALSTRING;\n\n\n                               ^error\n: typedef int ASN1_BOOLEAN;redefinition of typedef \'ASN1_STRING\' is a C11 feature [-Werror,-Wtypedef-redefinition]\n/usr/local/opt/openssl@3/include/openssl/types.h            ^:\n52\n:/usr/local/opt/openssl@3/include/openssl/types.h                              ^\n31/usr/local/opt/openssl@3/include/openssl/types.h:::61:6113::\n13typedef struct asn1_string_st ASN1_STRING; \n/usr/local/opt/openssl@3/include/openssl/types.h                              ^: 60::\n notenote: note/usr/local/opt/openssl@3/include/openssl/types.h: :previous definition is here\n3160: : note:: previous definition is here31typedef int ASN1_BOOLEAN;:\n\nprevious definition is here            ^previous definition is here\n \nnote: \nprevious definition is heretypedef struct asn1_string_st ASN1_GENERALSTRING;typedef int ASN1_BOOLEAN;\n\n            ^typedef struct asn1_string_st ASN1_STRING;\n\nIn file included from \nthird_party/boringssl/crypto/asn1/a_strnid.c:                              ^63\n:\ntypedef struct asn1_string_st ASN1_STRING;In file included from                               ^third_party/boringssl/crypto/asn1/a_mbstr.cIn file included from \n:In file included from 62third_party/boringssl/crypto/asn1/a_octet.c:\n:In file included from \nthird_party/boringssl/include/openssl/mem.h:60:\n60third_party/boringssl/include/openssl/base.h                              ^:\nthird_party/boringssl/include/openssl/mem.hIn file included from ::third_party/boringssl/include/openssl/mem.h60::\nthird_party/boringssl/include/openssl/base.h243:60In file included from :third_party/boringssl/crypto/asn1/a_int.c243\n::\n1313third_party/boringssl/include/openssl/base.hIn file included from third_party/boringssl/crypto/asn1/a_gentm.c:63:::\n:In file included from :third_party/boringssl/include/openssl/mem.h : 60257error:error: 3163: redefinition of typedef \'ASN1_NULL\' is a C11 feature [-Werror,-Wtypedef-redefinition]:\nIn file included from redefinition of typedef \'ASN1_NULL\' is a C11 feature [-Werror,-Wtypedef-redefinition]third_party/boringssl/include/openssl/mem.h\n:\nthird_party/boringssl/include/openssl/base.h:\n252typedef int ASN1_NULL;:\n            ^31typedef int ASN1_NULL;\n            ^\n:/usr/local/opt/openssl@3/include/openssl/types.h:::62\n60 :\n/usr/local/opt/openssl@3/include/openssl/types.hthird_party/boringssl/include/openssl/base.h:error:13 :: 25762:redefinition of typedef \'ASN1_IA5STRING\' is a C11 feature [-Werror,-Wtypedef-redefinition] :error:31:note : \nerror13: note: previous definition is here: previous definition is here: redefinition of typedef \'ASN1_T61STRING\' is a C11 feature [-Werror,-Wtypedef-redefinition]\ntypedef struct asn1_string_st ASN1_IA5STRING;\nredefinition of typedef \'ASN1_T61STRING\' is a C11 feature [-Werror,-Wtypedef-redefinition]\ntypedef int ASN1_NULL;\n                              ^\n            ^typedef struct asn1_string_st ASN1_T61STRING;\n\n                              ^typedef struct asn1_string_st ASN1_T61STRING;\n\n/usr/local/opt/openssl@3/include/openssl/types.h\n:\n                              ^\n50:31/usr/local/opt/openssl@3/include/openssl/types.h:/usr/local/opt/openssl@3/include/openssl/types.h :typedef int ASN1_NULL;51\n:note:3150:: In file included from 31: noteprevious definition is here:             ^: notethird_party/boringssl/crypto/asn1/a_mbstr.c: :\nprevious definition is here\n\nprevious definition is here\n62typedef struct asn1_string_st ASN1_T61STRING;:\ntypedef struct asn1_string_st ASN1_IA5STRING;typedef struct asn1_string_st ASN1_T61STRING;In file included from third_party/boringssl/crypto/asn1/a_strnid.c\n\n\n                              ^\n                              ^In file included from third_party/boringssl/include/openssl/mem.h:                              ^60\n:\nthird_party/boringssl/include/openssl/base.h\nfatal error:: fatal error63: :too many errors emitted, stopping now [-ferror-limit=]\nIn file included from third_party/boringssl/crypto/asn1/a_int.c::\ntoo many errors emitted, stopping now [-ferror-limit=]63:\nIn file included from \nthird_party/boringssl/include/openssl/mem.h:In file included from 60244:\nthird_party/boringssl/include/openssl/mem.hthird_party/boringssl/include/openssl/base.h::60253:\nthird_party/boringssl/include/openssl/base.h:244:29:: error:31:29::  redefinition of typedef \'ASN1_ITEM\' is a C11 feature [-Werror,-Wtypedef-redefinition]error\n: redefinition of typedef \'ASN1_ITEM\' is a C11 feature [-Werror,-Wtypedef-redefinition]\n errortypedef struct ASN1_ITEM_st ASN1_ITEM;: \n                            ^\nredefinition of typedef \'ASN1_INTEGER\' is a C11 feature [-Werror,-Wtypedef-redefinition]\n/usr/local/opt/openssl@3/include/openssl/types.h:make: 69:*** [/Users/runner/actions-runner/_work/python.build/python.build/build_grpcio1120311/grpcio-1.12.0/objs/opt/third_party/boringssl/crypto/asn1/a_print.o] Error 129\n: typedef struct ASN1_ITEM_st ASN1_ITEM;note\n                            ^\n: previous definition is here/usr/local/opt/openssl@3/include/openssl/types.h\n:typedef struct asn1_string_st ASN1_INTEGER;69\n:                              ^29\n:typedef struct ASN1_ITEM_st ASN1_ITEM; \nnote                            ^: /usr/local/opt/openssl@3/include/openssl/types.hprevious definition is here:\n\ntypedef struct ASN1_ITEM_st ASN1_ITEM;45:31: note\n:                             ^previous definition is here\n\ntypedef struct asn1_string_st ASN1_INTEGER;\n                              ^\nIn file included from third_party/boringssl/crypto/asn1/a_mbstr.c:62:\nIn file included from In file included from third_party/boringssl/crypto/asn1/a_strnid.cIn file included from :third_party/boringssl/crypto/asn1/a_int.c63::\nIn file included from third_party/boringssl/include/openssl/mem.h:63third_party/boringssl/include/openssl/mem.h:60:\n:\nIn file included from third_party/boringssl/include/openssl/base.hthird_party/boringssl/include/openssl/mem.h60::\n60:\nthird_party/boringssl/include/openssl/base.h::245third_party/boringssl/include/openssl/base.h::245:31254: 31error: ::redefinition of typedef \'ASN1_OBJECT\' is a C11 feature [-Werror,-Wtypedef-redefinition]31\n: error : errorredefinition of typedef \'ASN1_OCTET_STRING\' is a C11 feature [-Werror,-Wtypedef-redefinition]: \nredefinition of typedef \'ASN1_OBJECT\' is a C11 feature [-Werror,-Wtypedef-redefinition]typedef struct asn1_object_st ASN1_OBJECT;\n\n                              ^\ntypedef struct asn1_string_st ASN1_OCTET_STRING;\n/usr/local/opt/openssl@3/include/openssl/types.h:typedef struct asn1_object_st ASN1_OBJECT;66                              ^:\n31\n/usr/local/opt/openssl@3/include/openssl/types.h:                              ^\n/usr/local/opt/openssl@3/include/openssl/types.h:: 4866note:: 31previous definition is here:\n: note31: :previous definition is here \ntypedef struct asn1_object_st ASN1_OBJECT;typedef struct asn1_object_st ASN1_OBJECT;\n                              ^\nnote\n: In file included from previous definition is herethird_party/boringssl/crypto/asn1/a_mbstr.c\n:62:\nIn file included from third_party/boringssl/include/openssl/mem.h                              ^:60:\nthird_party/boringssl/include/openssl/base.h:246:\n29: error: redefinition of typedef \'ASN1_PCTX\' is a C11 feature [-Werror,-Wtypedef-redefinition]typedef struct asn1_string_st ASN1_OCTET_STRING;\n\n                              ^\nIn file included from typedef struct asn1_pctx_st ASN1_PCTX;third_party/boringssl/crypto/asn1/a_strnid.c\n:                            ^\n/usr/local/opt/openssl@3/include/openssl/types.h:7063:29:\n:In file included from  third_party/boringssl/include/openssl/mem.h:60:\nIn file included from notethird_party/boringssl/crypto/asn1/a_int.c: :63:\nthird_party/boringssl/include/openssl/base.hIn file included from :third_party/boringssl/include/openssl/mem.hprevious definition is here:\n246:29: error: redefinition of typedef \'ASN1_PCTX\' is a C11 feature [-Werror,-Wtypedef-redefinition]60\n:\ntypedef struct asn1_pctx_st ASN1_PCTX;third_party/boringssl/include/openssl/base.h\n:                            ^255\n:31: /usr/local/opt/openssl@3/include/openssl/types.herror:: 70redefinition of typedef \'ASN1_PRINTABLESTRING\' is a C11 feature [-Werror,-Wtypedef-redefinition]:\n29: note: previous definition is here\ntypedef struct asn1_pctx_st ASN1_PCTX;typedef struct asn1_string_st ASN1_PRINTABLESTRING;\n\n                            ^                              ^\ntypedef struct asn1_pctx_st ASN1_PCTX;\n                            ^\n\n/usr/local/opt/openssl@3/include/openssl/types.h:49:31:In file included from  third_party/boringssl/crypto/asn1/a_strnid.cnote:: 63previous definition is hereIn file included from third_party/boringssl/crypto/asn1/a_mbstr.c:62\n:\n:\nIn file included from In file included from typedef struct asn1_string_st ASN1_PRINTABLESTRING;\nthird_party/boringssl/include/openssl/mem.h                              ^third_party/boringssl/include/openssl/mem.h::6060:\n\n:\nthird_party/boringssl/include/openssl/base.hthird_party/boringssl/include/openssl/base.h::247247:31: In file included from :error31: :redefinition of typedef \'ASN1_BIT_STRING\' is a C11 feature [-Werror,-Wtypedef-redefinition] \nthird_party/boringssl/crypto/asn1/a_int.cerrortypedef struct asn1_string_st ASN1_BIT_STRING;: redefinition of typedef \'ASN1_BIT_STRING\' is a C11 feature [-Werror,-Wtypedef-redefinition]\n:\n63                              ^:\n\nIn file included from third_party/boringssl/include/openssl/mem.h:60:\n/usr/local/opt/openssl@3/include/openssl/types.hthird_party/boringssl/include/openssl/base.h::47256::3131::  note: previous definition is here\nerror: typedef struct asn1_string_st ASN1_BIT_STRING;redefinition of typedef \'ASN1_STRING\' is a C11 feature [-Werror,-Wtypedef-redefinition]\n                              ^\ntypedef struct asn1_string_st ASN1_BIT_STRING;\n                              ^/usr/local/opt/openssl@3/include/openssl/types.h:47:\n\n31: note: previous definition is heretypedef struct asn1_string_st ASN1_STRING;\n\n                              ^In file included from \nthird_party/boringssl/crypto/asn1/a_mbstr.c:62:\ntypedef struct asn1_string_st ASN1_BIT_STRING;In file included from \nthird_party/boringssl/include/openssl/mem.h                              ^\n/usr/local/opt/openssl@3/include/openssl/types.h:60::6031:\n:third_party/boringssl/include/openssl/base.h :248note:: In file included from third_party/boringssl/crypto/asn1/a_strnid.c:6331:\nprevious definition is here:In file included from \nthird_party/boringssl/include/openssl/mem.h: 60error:\n: third_party/boringssl/include/openssl/base.htypedef struct asn1_string_st ASN1_STRING;:\n248                              ^:\n31: errorredefinition of typedef \'ASN1_BMPSTRING\' is a C11 feature [-Werror,-Wtypedef-redefinition]: \nredefinition of typedef \'ASN1_BMPSTRING\' is a C11 feature [-Werror,-Wtypedef-redefinition]In file included from third_party/boringssl/crypto/asn1/a_int.c:63:\nIn file included from third_party/boringssl/include/openssl/mem.h\n:60:\nthird_party/boringssl/include/openssl/base.h:257:31: error: typedef struct asn1_string_st ASN1_BMPSTRING;redefinition of typedef \'ASN1_T61STRING\' is a C11 feature [-Werror,-Wtypedef-redefinition]\n20\n errortypedef struct asn1_string_st ASN1_BMPSTRING;s\n generated                              ^.\n\n/usr/local/opt/openssl@3/include/openssl/types.htypedef struct asn1_string_st ASN1_T61STRING;:\n54                              ^\n                              ^/usr/local/opt/openssl@3/include/openssl/types.h\n:50::3131::  note: previous definition is here\n/usr/local/opt/openssl@3/include/openssl/types.h:54typedef struct asn1_string_st ASN1_BMPSTRING;:note31: : previous definition is here\nnote\n                              ^\n: previous definition is here\ntypedef struct asn1_string_st ASN1_T61STRING;\n                              ^\nIn file included from third_party/boringssl/crypto/asn1/a_strnid.c:typedef struct asn1_string_st ASN1_BMPSTRING;63\n:\n                              ^fatal error\n: too many errors emitted, stopping now [-ferror-limit=]\nIn file included from third_party/boringssl/include/openssl/mem.hIn file included from third_party/boringssl/crypto/asn1/a_mbstr.c:62:\nIn file included from :third_party/boringssl/include/openssl/mem.h60:\nthird_party/boringssl/include/openssl/base.h:249::3160::\n third_party/boringssl/include/openssl/base.herror:: 249redefinition of typedef \'ASN1_ENUMERATED\' is a C11 feature [-Werror,-Wtypedef-redefinition]:\n31: error: redefinition of typedef \'ASN1_ENUMERATED\' is a C11 feature [-Werror,-Wtypedef-redefinition]\ntypedef struct asn1_string_st ASN1_ENUMERATED;\n                              ^\n/usr/local/opt/openssl@3/include/openssl/types.htypedef struct asn1_string_st ASN1_ENUMERATED;:\n46                              ^:\n31: note: previous definition is here/usr/local/opt/openssl@3/include/openssl/types.h\n:46:31:typedef struct asn1_string_st ASN1_ENUMERATED;\n                              ^\n note: previous definition is hereIn file included from \nthird_party/boringssl/crypto/asn1/a_strnid.c:63:\nIn file included from third_party/boringssl/include/openssl/mem.htypedef struct asn1_string_st ASN1_ENUMERATED;:\n60                              ^:\n\nthird_party/boringssl/include/openssl/base.h:250:31:In file included from third_party/boringssl/crypto/asn1/a_mbstr.c:62 error: redefinition of typedef \'ASN1_GENERALIZEDTIME\' is a C11 feature [-Werror,-Wtypedef-redefinition]:\n\nIn file included from typedef struct asn1_string_st ASN1_GENERALIZEDTIME;\n                              ^\n/usr/local/opt/openssl@3/include/openssl/types.h:third_party/boringssl/include/openssl/mem.h57::3160::\nthird_party/boringssl/include/openssl/base.h:250 :note31: : previous definition is hereerror\n: redefinition of typedef \'ASN1_GENERALIZEDTIME\' is a C11 feature [-Werror,-Wtypedef-redefinition]\ntypedef struct asn1_string_st ASN1_GENERALIZEDTIME;\nIn file included from                               ^\ntypedef struct asn1_string_st ASN1_GENERALIZEDTIME;third_party/boringssl/crypto/asn1/a_time.c:\n63:\n                              ^In file included from \nthird_party/boringssl/include/openssl/buf.h:60:\nIn file included from /usr/local/opt/openssl@3/include/openssl/types.hthird_party/boringssl/crypto/asn1/a_strnid.c::57:31: notethird_party/boringssl/include/openssl/base.h: :previous definition is here143\n:9:63 error:\n: In file included from \'OPENSSL_VERSION_NUMBER\' macro redefined [-Werror,-Wmacro-redefined]typedef struct asn1_string_st ASN1_GENERALIZEDTIME;third_party/boringssl/include/openssl/mem.h\n:                              ^60\n:\n\nthird_party/boringssl/include/openssl/base.h:251:31: error: redefinition of typedef \'ASN1_GENERALSTRING\' is a C11 feature [-Werror,-Wtypedef-redefinition]\nIn file included from third_party/boringssl/crypto/asn1/a_mbstr.c:62:\n#define OPENSSL_VERSION_NUMBER 0x1010007fIn file included from \nthird_party/boringssl/include/openssl/mem.h        ^:\n60:\nthird_party/boringssl/include/openssl/base.h:251:31/usr/local/opt/openssl@3/include/openssl/opensslv.h:typedef struct asn1_string_st ASN1_GENERALSTRING; \nerror:                              ^99\n:10: note/usr/local/opt/openssl@3/include/openssl/types.h: :previous definition is here52\n:31: # define OPENSSL_VERSION_NUMBER          \\note: : previous definition is hereredefinition of typedef \'ASN1_GENERALSTRING\' is a C11 feature [-Werror,-Wtypedef-redefinition]\n\n\ntypedef struct asn1_string_st ASN1_GENERALSTRING;\ntypedef struct asn1_string_st ASN1_GENERALSTRING;                              ^\n\n                              ^\n         ^\n/usr/local/opt/openssl@3/include/openssl/types.h:52:31:In file included from third_party/boringssl/crypto/asn1/a_strnid.c:63 :\nnoteIn file included from : third_party/boringssl/include/openssl/mem.hIn file included from :third_party/boringssl/crypto/asn1/a_time.cprevious definition is here:\n6360:\n:\nIn file included from third_party/boringssl/include/openssl/buf.h:60typedef struct asn1_string_st ASN1_GENERALSTRING;third_party/boringssl/include/openssl/base.h:252:\n:\nthird_party/boringssl/include/openssl/base.h:                              ^31\n:178 :error: 9:redefinition of typedef \'ASN1_IA5STRING\' is a C11 feature [-Werror,-Wtypedef-redefinition] \nerrorIn file included from : third_party/boringssl/crypto/asn1/a_mbstr.c\'OPENSSL_EXPORT\' macro redefined [-Werror,-Wmacro-redefined]:62:\n\nIn file included from third_party/boringssl/include/openssl/mem.h:60#define OPENSSL_EXPORT:\n\ntypedef struct asn1_string_st ASN1_IA5STRING;\n        ^\n/usr/local/opt/openssl@3/include/openssl/e_os2.h:183third_party/boringssl/include/openssl/base.h                              ^::\n25211::31 /usr/local/opt/openssl@3/include/openssl/types.hnote:: error: 51previous definition is here:\n: redefinition of typedef \'ASN1_IA5STRING\' is a C11 feature [-Werror,-Wtypedef-redefinition]\n31#  define OPENSSL_EXPORT extern: \ntypedef struct asn1_string_st ASN1_IA5STRING;\n          ^                              ^note: previous definition is here\n\n\n/usr/local/opt/openssl@3/include/openssl/types.h:51typedef struct asn1_string_st ASN1_IA5STRING;\n                              ^\n:31: note: previous definition is hereIn file included from third_party/boringssl/crypto/asn1/a_strnid.c:63\n:\nIn file included from third_party/boringssl/include/openssl/mem.h:60:\nthird_party/boringssl/include/openssl/base.htypedef struct asn1_string_st ASN1_IA5STRING;:\n253                              ^:\n31: error: redefinition of typedef \'ASN1_INTEGER\' is a C11 feature [-Werror,-Wtypedef-redefinition]\nIn file included from typedef struct asn1_string_st ASN1_INTEGER;\n                              ^\nthird_party/boringssl/crypto/asn1/a_mbstr.c/usr/local/opt/openssl@3/include/openssl/types.h::45:3162::\n In file included from note: previous definition is here\nthird_party/boringssl/include/openssl/mem.h:60:\ntypedef struct asn1_string_st ASN1_INTEGER;third_party/boringssl/include/openssl/base.h\nIn file included from                               ^third_party/boringssl/crypto/asn1/a_time.c:253:31: \nerror:63:\n: In file included from redefinition of typedef \'ASN1_INTEGER\' is a C11 feature [-Werror,-Wtypedef-redefinition]third_party/boringssl/include/openssl/buf.hIn file included from third_party/boringssl/crypto/asn1/a_strnid.c:63\n:60:\nthird_party/boringssl/include/openssl/base.h:typedef struct asn1_string_st ASN1_INTEGER;:\n240:13\nIn file included from                               ^:\n error: third_party/boringssl/include/openssl/mem.htypedef redefinition with different types (\'int\' vs \'struct crypto_threadid_st\'):\n60/usr/local/opt/openssl@3/include/openssl/types.h:\n:third_party/boringssl/include/openssl/base.h45::254typedef int CRYPTO_THREADID;:\n31            ^:\n 31error: redefinition of typedef \'ASN1_OCTET_STRING\' is a C11 feature [-Werror,-Wtypedef-redefinition]\n: typedef struct asn1_string_st ASN1_OCTET_STRING;note\n:                               ^\n/usr/local/opt/openssl@3/include/openssl/types.hprevious definition is here:\n/usr/local/opt/openssl@3/include/openssl/crypto.h48:31:: note308: :previous definition is here3typedef struct asn1_string_st ASN1_INTEGER;: note: \nprevious definition is here\n                              ^\n\n} CRYPTO_THREADID;\n  ^\ntypedef struct asn1_string_st ASN1_OCTET_STRING;\nIn file included from                               ^third_party/boringssl/crypto/asn1/a_mbstr.c\n:62:\nIn file included from third_party/boringssl/include/openssl/mem.h:In file included from third_party/boringssl/crypto/asn1/a_strnid.c:63:\nIn file included from 60:\nIn file included from third_party/boringssl/include/openssl/mem.hthird_party/boringssl/crypto/asn1/a_time.c:63:\nIn file included from third_party/boringssl/include/openssl/base.hthird_party/boringssl/include/openssl/buf.h:::25460::\n20third_party/boringssl/include/openssl/base.h:255 error:s generated316031::  errorerror.\n: :\nredefinition of typedef \'ASN1_PRINTABLESTRING\' is a C11 feature [-Werror,-Wtypedef-redefinition]\nthird_party/boringssl/include/openssl/base.h: :242redefinition of typedef \'ASN1_OCTET_STRING\' is a C11 feature [-Werror,-Wtypedef-redefinition]\ntypedef struct asn1_string_st ASN1_PRINTABLESTRING;\n                              ^:13: error\n: typedef struct asn1_string_st ASN1_OCTET_STRING;redefinition of typedef \'ASN1_BOOLEAN\' is a C11 feature [-Werror,-Wtypedef-redefinition]\n\n                              ^\n/usr/local/opt/openssl@3/include/openssl/types.h:49:/usr/local/opt/openssl@3/include/openssl/types.htypedef int ASN1_BOOLEAN;:\n4831::            ^\n31:  note: previous definition is here\n/usr/local/opt/openssl@3/include/openssl/types.hnote: previous definition is heretypedef struct asn1_string_st ASN1_OCTET_STRING;:\n                              ^\n\n61:13: note: previous definition is hereIn file included from \nthird_party/boringssl/crypto/asn1/a_mbstr.c:typedef struct asn1_string_st ASN1_PRINTABLESTRING;62\n:\n                              ^In file included from typedef int ASN1_BOOLEAN;\nthird_party/boringssl/include/openssl/mem.h\n            ^\n:In file included from 60third_party/boringssl/crypto/asn1/a_strnid.c:63:\nIn file included from third_party/boringssl/crypto/asn1/a_time.c:\n:63third_party/boringssl/include/openssl/base.h:\n:In file included from 255third_party/boringssl/include/openssl/buf.h:In file included from :third_party/boringssl/include/openssl/mem.h31::60 :\n60errorthird_party/boringssl/include/openssl/base.h:\n:256third_party/boringssl/include/openssl/base.h::31243: :redefinition of typedef \'ASN1_PRINTABLESTRING\' is a C11 feature [-Werror,-Wtypedef-redefinition]\n:13: error typedef struct asn1_string_st ASN1_PRINTABLESTRING;error\n:                               ^: redefinition of typedef \'ASN1_STRING\' is a C11 feature [-Werror,-Wtypedef-redefinition]redefinition of typedef \'ASN1_NULL\' is a C11 feature [-Werror,-Wtypedef-redefinition]\n/usr/local/opt/openssl@3/include/openssl/types.h:49:31:\n\n note: previous definition is here\ntypedef int ASN1_NULL;\ntypedef struct asn1_string_st ASN1_STRING;\n                              ^            ^\n\ntypedef struct asn1_string_st ASN1_PRINTABLESTRING;/usr/local/opt/openssl@3/include/openssl/types.h\n:                              ^62\n/usr/local/opt/openssl@3/include/openssl/types.h:60:31: note: previous definition is here\n:In file included from third_party/boringssl/crypto/asn1/a_mbstr.c13typedef struct asn1_string_st ASN1_STRING;:: 62\n:\n                              ^In file included from \nthird_party/boringssl/include/openssl/mem.h:60:\nthird_party/boringssl/include/openssl/base.hnote:: 256:previous definition is here31\nIn file included from typedef int ASN1_NULL;\n:third_party/boringssl/crypto/asn1/a_strnid.c            ^ :\nerror63: :\nredefinition of typedef \'ASN1_STRING\' is a C11 feature [-Werror,-Wtypedef-redefinition]In file included from \nthird_party/boringssl/include/openssl/mem.h:60:\nthird_party/boringssl/include/openssl/base.h:257typedef struct asn1_string_st ASN1_STRING;:\n31                              ^:\n error/usr/local/opt/openssl@3/include/openssl/types.h: redefinition of typedef \'ASN1_T61STRING\' is a C11 feature [-Werror,-Wtypedef-redefinition]\nIn file included from :third_party/boringssl/crypto/asn1/a_time.c60::typedef struct asn1_string_st ASN1_T61STRING;\n                              ^\n6331:\n/usr/local/opt/openssl@3/include/openssl/types.h::In file included from 50third_party/boringssl/include/openssl/buf.h: 60:\n:third_party/boringssl/include/openssl/base.h31:note244::: previous definition is here29\n note: :previous definition is here \nerror: typedef struct asn1_string_st ASN1_STRING;\n                              ^typedef struct asn1_string_st ASN1_T61STRING;\n\nredefinition of typedef \'ASN1_ITEM\' is a C11 feature [-Werror,-Wtypedef-redefinition]                              ^\n\ntypedef struct ASN1_ITEM_st ASN1_ITEM;fatal error\n:                             ^too many errors emitted, stopping now [-ferror-limit=]\n\n/usr/local/opt/openssl@3/include/openssl/types.h:In file included from third_party/boringssl/crypto/asn1/a_mbstr.c:6962::\n29: noteIn file included from : previous definition is herethird_party/boringssl/include/openssl/mem.h\n:60typedef struct ASN1_ITEM_st ASN1_ITEM;\n:\n                            ^third_party/boringssl/include/openssl/base.h\n:257:31: error: redefinition of typedef \'ASN1_T61STRING\' is a C11 feature [-Werror,-Wtypedef-redefinition]\ntypedef struct asn1_string_st ASN1_T61STRING;\n                              ^\nIn file included from /usr/local/opt/openssl@3/include/openssl/types.hthird_party/boringssl/crypto/asn1/a_time.c:63:\nIn file included from third_party/boringssl/include/openssl/buf.h:60:\n:third_party/boringssl/include/openssl/base.h:50:31:245: 31:note : error: previous definition is hereredefinition of typedef \'ASN1_OBJECT\' is a C11 feature [-Werror,-Wtypedef-redefinition]\n\ntypedef struct asn1_string_st ASN1_T61STRING;\n                              ^\nfatal error: too many errors emitted, stopping now [-ferror-limit=]\ntypedef struct asn1_object_st ASN1_OBJECT;\n                              ^\n/usr/local/opt/openssl@3/include/openssl/types.h:66:31: note: previous definition is here\ntypedef struct asn1_object_st ASN1_OBJECT;\n                              ^\nIn file included from third_party/boringssl/crypto/asn1/a_time.c:63:\nIn file included from third_party/boringssl/include/openssl/buf.h:60:\nthird_party/boringssl/include/openssl/base.h:246:29: error: redefinition of typedef \'ASN1_PCTX\' is a C11 feature [-Werror,-Wtypedef-redefinition]\ntypedef struct asn1_pctx_st ASN1_PCTX;\n                            ^\n/usr/local/opt/openssl@3/include/openssl/types.h:70:29: note: previous definition is here\ntypedef struct asn1_pctx_st ASN1_PCTX;\n                            ^\nIn file included from third_party/boringssl/crypto/asn1/a_time.c:63:\nIn file included from third_party/boringssl/include/openssl/buf.h:60:\nthird_party/boringssl/include/openssl/base.h:247:31: error: redefinition of typedef \'ASN1_BIT_STRING\' is a C11 feature [-Werror,-Wtypedef-redefinition]\ntypedef struct asn1_string_st ASN1_BIT_STRING;\n                              ^\n/usr/local/opt/openssl@3/include/openssl/types.h:47:31: note: previous definition is here\ntypedef struct asn1_string_st ASN1_BIT_STRING;\n                              ^\nIn file included from third_party/boringssl/crypto/asn1/a_time.c:63:\nIn file included from third_party/boringssl/include/openssl/buf.h:60:\nthird_party/boringssl/include/openssl/base.h:248:31: error: redefinition of typedef \'ASN1_BMPSTRING\' is a C11 feature [-Werror,-Wtypedef-redefinition]\ntypedef struct asn1_string_st ASN1_BMPSTRING;\n                              ^\n/usr/local/opt/openssl@3/include/openssl/types.h:54:31: note: previous definition is here\ntypedef struct asn1_string_st ASN1_BMPSTRING;\n                              ^\nIn file included from third_party/boringssl/crypto/asn1/a_time.c:63:\nIn file included from third_party/boringssl/include/openssl/buf.h:60:\nthird_party/boringssl/include/openssl/base.h:249:31: error: redefinition of typedef \'ASN1_ENUMERATED\' is a C11 feature [-Werror,-Wtypedef-redefinition]\ntypedef struct asn1_string_st ASN1_ENUMERATED;\n                              ^\n/usr/local/opt/openssl@3/include/openssl/types.h:46:31: note: previous definition is here\ntypedef struct asn1_string_st ASN1_ENUMERATED;\n                              ^\nIn file included from third_party/boringssl/crypto/asn1/a_time.c:63:\nIn file included from third_party/boringssl/include/openssl/buf.h:60:\nthird_party/boringssl/include/openssl/base.h:250:31: error: redefinition of typedef \'ASN1_GENERALIZEDTIME\' is a C11 feature [-Werror,-Wtypedef-redefinition]\ntypedef struct asn1_string_st ASN1_GENERALIZEDTIME;\n                              ^\n/usr/local/opt/openssl@3/include/openssl/types.h:57:31: note: previous definition is here\ntypedef struct asn1_string_st ASN1_GENERALIZEDTIME;\n                              ^\nIn file included from third_party/boringssl/crypto/asn1/a_time.c:63:\nIn file included from third_party/boringssl/include/openssl/buf.h:60:\nthird_party/boringssl/include/openssl/base.h:251:31: error: redefinition of typedef \'ASN1_GENERALSTRING\' is a C11 feature [-Werror,-Wtypedef-redefinition]\ntypedef struct asn1_string_st ASN1_GENERALSTRING;\n                              ^\n/usr/local/opt/openssl@3/include/openssl/types.h:52:31: note: previous definition is here\ntypedef struct asn1_string_st ASN1_GENERALSTRING;\n                              ^\nIn file included from third_party/boringssl/crypto/asn1/a_time.c:63:\nIn file included from third_party/boringssl/include/openssl/buf.h:60:\nthird_party/boringssl/include/openssl/base.h:252:31: error: redefinition of typedef \'ASN1_IA5STRING\' is a C11 feature [-Werror,-Wtypedef-redefinition]\ntypedef struct asn1_string_st ASN1_IA5STRING;\n                              ^\n/usr/local/opt/openssl@3/include/openssl/types.h:51:31: note: previous definition is here\ntypedef struct asn1_string_st ASN1_IA5STRING;\n                              ^\nIn file included from third_party/boringssl/crypto/asn1/a_time.c:63:\nIn file included from third_party/boringssl/include/openssl/buf.h:60:\nthird_party/boringssl/include/openssl/base.h:253:31: error: redefinition of typedef \'ASN1_INTEGER\' is a C11 feature [-Werror,-Wtypedef-redefinition]\ntypedef struct asn1_string_st ASN1_INTEGER;\n                              ^\n/usr/local/opt/openssl@3/include/openssl/types.h:45:31: note: previous definition is here\ntypedef struct asn1_string_st ASN1_INTEGER;\n                              ^\nIn file included from third_party/boringssl/crypto/asn1/a_time.c:63:\nIn file included from third_party/boringssl/include/openssl/buf.h:60:\nthird_party/boringssl/include/openssl/base.h:254:31: error: redefinition of typedef \'ASN1_OCTET_STRING\' is a C11 feature [-Werror,-Wtypedef-redefinition]\ntypedef struct asn1_string_st ASN1_OCTET_STRING;\n                              ^\n/usr/local/opt/openssl@3/include/openssl/types.h:48:31: note: previous definition is here\ntypedef struct asn1_string_st ASN1_OCTET_STRING;\n                              ^\nIn file included from third_party/boringssl/crypto/asn1/a_time.cmake: *** [/Users/runner/actions-runner/_work/python.build/python.build/build_grpcio1120311/grpcio-1.12.0/objs/opt/third_party/boringssl/crypto/asn1/a_octet.o] Error 1\n:63:\nIn file included from third_party/boringssl/include/openssl/buf.h:60:\nthird_party/boringssl/include/openssl/base.h:255:31: error: redefinition of typedef \'ASN1_PRINTABLESTRING\' is a C11 feature [-Werror,-Wtypedef-redefinition]\ntypedef struct asn1_string_st ASN1_PRINTABLESTRING;\n                              ^\n/usr/local/opt/openssl@3/include/openssl/types.h:49:31: note: previous definition is here\ntypedef struct asn1_string_st ASN1_PRINTABLESTRING;\n                              ^\nIn file included from third_party/boringssl/crypto/asn1/a_time.c:63:\nIn file included from third_party/boringssl/include/openssl/buf.h:60:\nthird_party/boringssl/include/openssl/base.h:256:31: error: redefinition of typedef \'ASN1_STRING\' is a C11 feature [-Werror,-Wtypedef-redefinition]\ntypedef struct asn1_string_st ASN1_STRING;\n                              ^\n/usr/local/opt/openssl@3/include/openssl/types.h:60:31: note: previous definition is here\ntypedef struct asn1_string_st ASN1_STRING;\n                              ^\nIn file included from third_party/boringssl/crypto/asn1/a_time.c:63:\nIn file included from third_party/boringssl/include/openssl/buf.h:60:\nthird_party/boringssl/include/openssl/base.h:257:31: error: redefinition of typedef \'ASN1_T61STRING\' is a C11 feature [-Werror,-Wtypedef-redefinition]\ntypedef struct asn1_string_st ASN1_T61STRING;\n                              ^\n/usr/local/opt/openssl@3/include/openssl/types.h:50:31: note: previous definition is here\ntypedef struct asn1_string_st ASN1_T61STRING;\n                              ^\nfatal error: too many errors emitted, stopping now [-ferror-limit=]\n20 errors generated.\n20make: *** [/Users/runner/actions-runner/_work/python.build/python.build/build_grpcio1120311/grpcio-1.12.0/objs/opt/third_party/boringssl/crypto/asn1/a_gentm.o] Error 1\n errors generated.\n20 errors generated.\n20 errors generated.\nmake: *** [/Users/runner/actions-runner/_work/python.build/python.build/build_grpcio1120311/grpcio-1.12.0/objs/opt/third_party/boringssl/crypto/asn1/a_mbstr.o] Error 1\n20 errors generated.\nmake: *** [/Users/runner/actions-runner/_work/python.build/python.build/build_grpcio1120311/grpcio-1.12.0/objs/opt/third_party/boringssl/crypto/asn1/a_object.o] Error 1\nmake: *** [/Users/runner/actions-runner/_work/python.build/python.build/build_grpcio1120311/grpcio-1.12.0/objs/opt/third_party/boringssl/crypto/asn1/a_int.o] Error 1\nmake: *** [/Users/runner/actions-runner/_work/python.build/python.build/build_grpcio1120311/grpcio-1.12.0/objs/opt/third_party/boringssl/crypto/asn1/a_time.o] Error 1\nmake: *** [/Users/runner/actions-runner/_work/python.build/python.build/build_grpcio1120311/grpcio-1.12.0/objs/opt/third_party/boringssl/crypto/asn1/a_strnid.o] Error 1\nIn file included from third_party/boringssl/crypto/asn1/a_type.c:61:\nIn file included from third_party/boringssl/include/openssl/mem.h:60:\nthird_party/boringssl/include/openssl/base.h:143:9: error: \'OPENSSL_VERSION_NUMBER\' macro redefined [-Werror,-Wmacro-redefined]\n#define OPENSSL_VERSION_NUMBER 0x1010007f\n        ^\n/usr/local/opt/openssl@3/include/openssl/opensslv.h:99:10: note: previous definition is here\n# define OPENSSL_VERSION_NUMBER          \\\n         ^\nIn file included from third_party/boringssl/crypto/asn1/a_type.c:61:\nIn file included from third_party/boringssl/include/openssl/mem.h:60:\nthird_party/boringssl/include/openssl/base.h:178:9: error: \'OPENSSL_EXPORT\' macro redefined [-Werror,-Wmacro-redefined]\n#define OPENSSL_EXPORT\n        ^\n/usr/local/opt/openssl@3/include/openssl/e_os2.h:183:11: note: previous definition is here\n#  define OPENSSL_EXPORT extern\n          ^\nIn file included from third_party/boringssl/crypto/asn1/a_type.c:61:\nIn file included from third_party/boringssl/include/openssl/mem.h:60:\nthird_party/boringssl/include/openssl/base.h:240:13: error: typedef redefinition with different types (\'int\' vs \'struct crypto_threadid_st\')\ntypedef int CRYPTO_THREADID;\n            ^\n/usr/local/opt/openssl@3/include/openssl/crypto.h:308:3: note: previous definition is here\n} CRYPTO_THREADID;\n  ^\nIn file included from third_party/boringssl/crypto/asn1/a_type.c:61:\nIn file included from third_party/boringssl/include/openssl/mem.h:60:\nthird_party/boringssl/include/openssl/base.h:242:13: error: redefinition of typedef \'ASN1_BOOLEAN\' is a C11 feature [-Werror,-Wtypedef-redefinition]\ntypedef int ASN1_BOOLEAN;\n            ^\n/usr/local/opt/openssl@3/include/openssl/types.h:61:13: note: previous definition is here\ntypedef int ASN1_BOOLEAN;\n            ^\nIn file included from third_party/boringssl/crypto/asn1/a_type.c:61:\nIn file included from third_party/boringssl/include/openssl/mem.h:60:\nthird_party/boringssl/include/openssl/base.h:243:13: error: redefinition of typedef \'ASN1_NULL\' is a C11 feature [-Werror,-Wtypedef-redefinition]\ntypedef int ASN1_NULL;\n            ^\n/usr/local/opt/openssl@3/include/openssl/types.h:62:13: note: previous definition is here\ntypedef int ASN1_NULL;\n            ^\nIn file included from third_party/boringssl/crypto/asn1/a_type.c:61:\nIn file included from third_party/boringssl/include/openssl/mem.h:60:\nthird_party/boringssl/include/openssl/base.h:244:29: error: redefinition of typedef \'ASN1_ITEM\' is a C11 feature [-Werror,-Wtypedef-redefinition]\ntypedef struct ASN1_ITEM_st ASN1_ITEM;\n                            ^\n/usr/local/opt/openssl@3/include/openssl/types.h:69:29: note: previous definition is here\ntypedef struct ASN1_ITEM_st ASN1_ITEM;\n                            ^\nIn file included from third_party/boringssl/crypto/asn1/a_type.c:61:\nIn file included from third_party/boringssl/include/openssl/mem.h:60:\nthird_party/boringssl/include/openssl/base.h:245:31: error: redefinition of typedef \'ASN1_OBJECT\' is a C11 feature [-Werror,-Wtypedef-redefinition]\ntypedef struct asn1_object_st ASN1_OBJECT;\n                              ^\n/usr/local/opt/openssl@3/include/openssl/types.h:66:31: note: previous definition is here\ntypedef struct asn1_object_st ASN1_OBJECT;\n                              ^\nIn file included from third_party/boringssl/crypto/asn1/a_type.c:61:\nIn file included from third_party/boringssl/include/openssl/mem.h:60:\nthird_party/boringssl/include/openssl/base.h:246:29: error: redefinition of typedef \'ASN1_PCTX\' is a C11 feature [-Werror,-Wtypedef-redefinition]\ntypedef struct asn1_pctx_st ASN1_PCTX;\n                            ^\n/usr/local/opt/openssl@3/include/openssl/types.h:70:29: note: previous definition is here\ntypedef struct asn1_pctx_st ASN1_PCTX;\n                            ^\nIn file included from third_party/boringssl/crypto/asn1/a_type.c:61:\nIn file included from third_party/boringssl/include/openssl/mem.h:60:\nthird_party/boringssl/include/openssl/base.h:247:31: error: redefinition of typedef \'ASN1_BIT_STRING\' is a C11 feature [-Werror,-Wtypedef-redefinition]\ntypedef struct asn1_string_st ASN1_BIT_STRING;\n                              ^\n/usr/local/opt/openssl@3/include/openssl/types.h:47:31: note: previous definition is here\ntypedef struct asn1_string_st ASN1_BIT_STRING;\n                              ^\nIn file included from third_party/boringssl/crypto/asn1/a_type.c:61:\nIn file included from third_party/boringssl/include/openssl/mem.h:60:\nthird_party/boringssl/include/openssl/base.h:248:31: error: redefinition of typedef \'ASN1_BMPSTRING\' is a C11 feature [-Werror,-Wtypedef-redefinition]\ntypedef struct asn1_string_st ASN1_BMPSTRING;\n                              ^\n/usr/local/opt/openssl@3/include/openssl/types.h:54:31: note: previous definition is here\ntypedef struct asn1_string_st ASN1_BMPSTRING;\n                              ^\nIn file included from third_party/boringssl/crypto/asn1/a_type.c:61:\nIn file included from third_party/boringssl/include/openssl/mem.h:60:\nthird_party/boringssl/include/openssl/base.h:249:31: error: redefinition of typedef \'ASN1_ENUMERATED\' is a C11 feature [-Werror,-Wtypedef-redefinition]\ntypedef struct asn1_string_st ASN1_ENUMERATED;\n                              ^\n/usr/local/opt/openssl@3/include/openssl/types.h:46:31: note: previous definition is here\ntypedef struct asn1_string_st ASN1_ENUMERATED;\n                              ^\nIn file included from third_party/boringssl/crypto/asn1/a_type.c:61:\nIn file included from third_party/boringssl/include/openssl/mem.h:60:\nthird_party/boringssl/include/openssl/base.h:250:31: error: redefinition of typedef \'ASN1_GENERALIZEDTIME\' is a C11 feature [-Werror,-Wtypedef-redefinition]\ntypedef struct asn1_string_st ASN1_GENERALIZEDTIME;\n                              ^\n/usr/local/opt/openssl@3/include/openssl/types.h:57:31: note: previous definition is here\ntypedef struct asn1_string_st ASN1_GENERALIZEDTIME;\n                              ^\nIn file included from third_party/boringssl/crypto/asn1/a_type.c:61:\nIn file included from third_party/boringssl/include/openssl/mem.h:60:\nthird_party/boringssl/include/openssl/base.h:251:31: error: redefinition of typedef \'ASN1_GENERALSTRING\' is a C11 feature [-Werror,-Wtypedef-redefinition]\ntypedef struct asn1_string_st ASN1_GENERALSTRING;\n                              ^\n/usr/local/opt/openssl@3/include/openssl/types.h:52:31: note: previous definition is here\ntypedef struct asn1_string_st ASN1_GENERALSTRING;\n                              ^\nIn file included from third_party/boringssl/crypto/asn1/a_type.c:61:\nIn file included from third_party/boringssl/include/openssl/mem.h:60:\nthird_party/boringssl/include/openssl/base.h:252:31: error: redefinition of typedef \'ASN1_IA5STRING\' is a C11 feature [-Werror,-Wtypedef-redefinition]\ntypedef struct asn1_string_st ASN1_IA5STRING;\n                              ^\n/usr/local/opt/openssl@3/include/openssl/types.h:51:31: note: previous definition is here\ntypedef struct asn1_string_st ASN1_IA5STRING;\n                              ^\nIn file included from third_party/boringssl/crypto/asn1/a_type.c:61:\nIn file included from third_party/boringssl/include/openssl/mem.h:60:\nthird_party/boringssl/include/openssl/base.h:253:31: error: redefinition of typedef \'ASN1_INTEGER\' is a C11 feature [-Werror,-Wtypedef-redefinition]\ntypedef struct asn1_string_st ASN1_INTEGER;\n                              ^\n/usr/local/opt/openssl@3/include/openssl/types.h:45:31: note: previous definition is here\ntypedef struct asn1_string_st ASN1_INTEGER;\n                              ^\nIn file included from third_party/boringssl/crypto/asn1/a_type.c:61:\nIn file included from third_party/boringssl/include/openssl/mem.h:60:\nthird_party/boringssl/include/openssl/base.h:254:31: error: redefinition of typedef \'ASN1_OCTET_STRING\' is a C11 feature [-Werror,-Wtypedef-redefinition]\ntypedef struct asn1_string_st ASN1_OCTET_STRING;\n                              ^\n/usr/local/opt/openssl@3/include/openssl/types.h:48:31: note: previous definition is here\ntypedef struct asn1_string_st ASN1_OCTET_STRING;\n                              ^\nIn file included from third_party/boringssl/crypto/asn1/a_type.c:61:\nIn file included from third_party/boringssl/include/openssl/mem.h:60:\nthird_party/boringssl/include/openssl/base.h:255:31: error: redefinition of typedef \'ASN1_PRINTABLESTRING\' is a C11 feature [-Werror,-Wtypedef-redefinition]\ntypedef struct asn1_string_st ASN1_PRINTABLESTRING;\n                              ^\n/usr/local/opt/openssl@3/include/openssl/types.h:49:31: note: previous definition is here\ntypedef struct asn1_string_st ASN1_PRINTABLESTRING;\n                              ^\nIn file included from third_party/boringssl/crypto/asn1/a_type.c:61:\nIn file included from third_party/boringssl/include/openssl/mem.h:60:\nthird_party/boringssl/include/openssl/base.h:256:31: error: redefinition of typedef \'ASN1_STRING\' is a C11 feature [-Werror,-Wtypedef-redefinition]\ntypedef struct asn1_string_st ASN1_STRING;\n                              ^\n/usr/local/opt/openssl@3/include/openssl/types.h:60:31: note: previous definition is here\ntypedef struct asn1_string_st ASN1_STRING;\n                              ^\nIn file included from third_party/boringssl/crypto/asn1/a_type.c:61:\nIn file included from third_party/boringssl/include/openssl/mem.h:60:\nthird_party/boringssl/include/openssl/base.h:257:31: error: redefinition of typedef \'ASN1_T61STRING\' is a C11 feature [-Werror,-Wtypedef-redefinition]\ntypedef struct asn1_string_st ASN1_T61STRING;\n                              ^\n/usr/local/opt/openssl@3/include/openssl/types.h:50:31: note: previous definition is here\ntypedef struct asn1_string_st ASN1_T61STRING;\n                              ^\nfatal error: too many errors emitted, stopping now [-ferror-limit=]\n20 errors generated.\nmake: *** [/Users/runner/actions-runner/_work/python.build/python.build/build_grpcio1120311/grpcio-1.12.0/objs/opt/third_party/boringssl/crypto/asn1/a_type.o] Error 1\nIn file included from third_party/boringssl/crypto/asn1/a_utctm.c:63:\nIn file included from third_party/boringssl/include/openssl/mem.h:60:\nthird_party/boringssl/include/openssl/base.h:143:9: error: \'OPENSSL_VERSION_NUMBER\' macro redefined [-Werror,-Wmacro-redefined]\n#define OPENSSL_VERSION_NUMBER 0x1010007f\n        ^\n/usr/local/opt/openssl@3/include/openssl/opensslv.h:99:10: note: previous definition is here\n# define OPENSSL_VERSION_NUMBER          \\\n         ^\nIn file included from third_party/boringssl/crypto/asn1/a_utctm.c:63:\nIn file included from third_party/boringssl/include/openssl/mem.h:60:\nthird_party/boringssl/include/openssl/base.h:178:9: error: \'OPENSSL_EXPORT\' macro redefined [-Werror,-Wmacro-redefined]\n#define OPENSSL_EXPORT\n        ^\n/usr/local/opt/openssl@3/include/openssl/e_os2.h:183:11: note: previous definition is here\n#  define OPENSSL_EXPORT extern\n          ^\nIn file included from third_party/boringssl/crypto/asn1/a_utctm.c:63:\nIn file included from third_party/boringssl/include/openssl/mem.h:60:\nthird_party/boringssl/include/openssl/base.h:240:13: error: typedef redefinition with different types (\'int\' vs \'struct crypto_threadid_st\')\ntypedef int CRYPTO_THREADID;\n            ^\n/usr/local/opt/openssl@3/include/openssl/crypto.h:308:3: note: previous definition is here\n} CRYPTO_THREADID;\n  ^\nIn file included from third_party/boringssl/crypto/asn1/a_utctm.c:63:\nIn file included from third_party/boringssl/include/openssl/mem.h:60:\nthird_party/boringssl/include/openssl/base.h:242:13: error: redefinition of typedef \'ASN1_BOOLEAN\' is a C11 feature [-Werror,-Wtypedef-redefinition]\ntypedef int ASN1_BOOLEAN;\n            ^\n/usr/local/opt/openssl@3/include/openssl/types.h:61:13: note: previous definition is here\ntypedef int ASN1_BOOLEAN;\n            ^\nIn file included from third_party/boringssl/crypto/asn1/a_utctm.c:63:\nIn file included from third_party/boringssl/include/openssl/mem.h:60:\nthird_party/boringssl/include/openssl/base.h:243:13: error: redefinition of typedef \'ASN1_NULL\' is a C11 feature [-Werror,-Wtypedef-redefinition]\ntypedef int ASN1_NULL;\n            ^\n/usr/local/opt/openssl@3/include/openssl/types.h:62:13: note: previous definition is here\ntypedef int ASN1_NULL;\n            ^\nIn file included from third_party/boringssl/crypto/asn1/a_utctm.c:63:\nIn file included from third_party/boringssl/include/openssl/mem.h:60:\nthird_party/boringssl/include/openssl/base.h:244:29: error: redefinition of typedef \'ASN1_ITEM\' is a C11 feature [-Werror,-Wtypedef-redefinition]\ntypedef struct ASN1_ITEM_st ASN1_ITEM;\n                            ^\n/usr/local/opt/openssl@3/include/openssl/types.h:69:29: note: previous definition is here\ntypedef struct ASN1_ITEM_st ASN1_ITEM;\n                            ^\nIn file included from third_party/boringssl/crypto/asn1/a_utctm.c:63:\nIn file included from third_party/boringssl/include/openssl/mem.h:60:\nthird_party/boringssl/include/openssl/base.h:245:31: error: redefinition of typedef \'ASN1_OBJECT\' is a C11 feature [-Werror,-Wtypedef-redefinition]\ntypedef struct asn1_object_st ASN1_OBJECT;\n                              ^\n/usr/local/opt/openssl@3/include/openssl/types.h:66:31: note: previous definition is here\ntypedef struct asn1_object_st ASN1_OBJECT;\n                              ^\nIn file included from third_party/boringssl/crypto/asn1/a_utctm.c:63:\nIn file included from third_party/boringssl/include/openssl/mem.h:60:\nthird_party/boringssl/include/openssl/base.h:246:29: error: redefinition of typedef \'ASN1_PCTX\' is a C11 feature [-Werror,-Wtypedef-redefinition]\ntypedef struct asn1_pctx_st ASN1_PCTX;\n                            ^\n/usr/local/opt/openssl@3/include/openssl/types.h:70:29: note: previous definition is here\ntypedef struct asn1_pctx_st ASN1_PCTX;\n                            ^\nIn file included from third_party/boringssl/crypto/asn1/a_utctm.c:63:\nIn file included from third_party/boringssl/include/openssl/mem.h:60:\nthird_party/boringssl/include/openssl/base.h:247:31: error: redefinition of typedef \'ASN1_BIT_STRING\' is a C11 feature [-Werror,-Wtypedef-redefinition]\ntypedef struct asn1_string_st ASN1_BIT_STRING;\n                              ^\n/usr/local/opt/openssl@3/include/openssl/types.h:47:31: note: previous definition is here\ntypedef struct asn1_string_st ASN1_BIT_STRING;\n                              ^\nIn file included from third_party/boringssl/crypto/asn1/a_utctm.c:63:\nIn file included from third_party/boringssl/include/openssl/mem.h:60:\nthird_party/boringssl/include/openssl/base.h:248:31: error: redefinition of typedef \'ASN1_BMPSTRING\' is a C11 feature [-Werror,-Wtypedef-redefinition]\ntypedef struct asn1_string_st ASN1_BMPSTRING;\n                              ^\n/usr/local/opt/openssl@3/include/openssl/types.h:54:31: note: previous definition is here\ntypedef struct asn1_string_st ASN1_BMPSTRING;\n                              ^\nIn file included from third_party/boringssl/crypto/asn1/a_utctm.c:63:\nIn file included from third_party/boringssl/include/openssl/mem.h:60:\nthird_party/boringssl/include/openssl/base.h:249:31: error: redefinition of typedef \'ASN1_ENUMERATED\' is a C11 feature [-Werror,-Wtypedef-redefinition]\ntypedef struct asn1_string_st ASN1_ENUMERATED;\n                              ^\n/usr/local/opt/openssl@3/include/openssl/types.h:46:31: note: previous definition is here\ntypedef struct asn1_string_st ASN1_ENUMERATED;\n                              ^\nIn file included from third_party/boringssl/crypto/asn1/a_utctm.c:63:\nIn file included from third_party/boringssl/include/openssl/mem.h:60:\nthird_party/boringssl/include/openssl/base.h:250:31: error: redefinition of typedef \'ASN1_GENERALIZEDTIME\' is a C11 feature [-Werror,-Wtypedef-redefinition]\ntypedef struct asn1_string_st ASN1_GENERALIZEDTIME;\n                              ^\n/usr/local/opt/openssl@3/include/openssl/types.h:57:31: note: previous definition is here\ntypedef struct asn1_string_st ASN1_GENERALIZEDTIME;\n                              ^\nIn file included from third_party/boringssl/crypto/asn1/a_utctm.c:63:\nIn file included from third_party/boringssl/include/openssl/mem.h:60:\nthird_party/boringssl/include/openssl/base.h:251:31: error: redefinition of typedef \'ASN1_GENERALSTRING\' is a C11 feature [-Werror,-Wtypedef-redefinition]\ntypedef struct asn1_string_st ASN1_GENERALSTRING;\n                              ^\n/usr/local/opt/openssl@3/include/openssl/types.h:52:31: note: previous definition is here\ntypedef struct asn1_string_st ASN1_GENERALSTRING;\n                              ^\nIn file included from third_party/boringssl/crypto/asn1/a_utctm.c:63:\nIn file included from third_party/boringssl/include/openssl/mem.h:60:\nthird_party/boringssl/include/openssl/base.h:252:31: error: redefinition of typedef \'ASN1_IA5STRING\' is a C11 feature [-Werror,-Wtypedef-redefinition]\ntypedef struct asn1_string_st ASN1_IA5STRING;\n                              ^\n/usr/local/opt/openssl@3/include/openssl/types.h:51:31: note: previous definition is here\ntypedef struct asn1_string_st ASN1_IA5STRING;\n                              ^\nIn file included from third_party/boringssl/crypto/asn1/a_utctm.c:63:\nIn file included from third_party/boringssl/include/openssl/mem.h:60:\nthird_party/boringssl/include/openssl/base.h:253:31: error: redefinition of typedef \'ASN1_INTEGER\' is a C11 feature [-Werror,-Wtypedef-redefinition]\ntypedef struct asn1_string_st ASN1_INTEGER;\n                              ^\n/usr/local/opt/openssl@3/include/openssl/types.h:45:31: note: previous definition is here\ntypedef struct asn1_string_st ASN1_INTEGER;\n                              ^\nIn file included from third_party/boringssl/crypto/asn1/a_utctm.c:63:\nIn file included from third_party/boringssl/include/openssl/mem.h:60:\nthird_party/boringssl/include/openssl/base.h:254:31: error: redefinition of typedef \'ASN1_OCTET_STRING\' is a C11 feature [-Werror,-Wtypedef-redefinition]\ntypedef struct asn1_string_st ASN1_OCTET_STRING;\n                              ^\n/usr/local/opt/openssl@3/include/openssl/types.h:48:31: note: previous definition is here\ntypedef struct asn1_string_st ASN1_OCTET_STRING;\n                              ^\nIn file included from third_party/boringssl/crypto/asn1/a_utctm.c:63:\nIn file included from third_party/boringssl/include/openssl/mem.h:60:\nthird_party/boringssl/include/openssl/base.h:255:31: error: redefinition of typedef \'ASN1_PRINTABLESTRING\' is a C11 feature [-Werror,-Wtypedef-redefinition]\ntypedef struct asn1_string_st ASN1_PRINTABLESTRING;\n                              ^\n/usr/local/opt/openssl@3/include/openssl/types.h:49:31: note: previous definition is here\ntypedef struct asn1_string_st ASN1_PRINTABLESTRING;\n                              ^\nIn file included from third_party/boringssl/crypto/asn1/a_utctm.c:63:\nIn file included from third_party/boringssl/include/openssl/mem.h:60:\nthird_party/boringssl/include/openssl/base.h:256:31: error: redefinition of typedef \'ASN1_STRING\' is a C11 feature [-Werror,-Wtypedef-redefinition]\ntypedef struct asn1_string_st ASN1_STRING;\n                              ^\n/usr/local/opt/openssl@3/include/openssl/types.h:60:31: note: previous definition is here\ntypedef struct asn1_string_st ASN1_STRING;\n                              ^\nIn file included from third_party/boringssl/crypto/asn1/a_utctm.c:63:\nIn file included from third_party/boringssl/include/openssl/mem.h:60:\nthird_party/boringssl/include/openssl/base.h:257:31: error: redefinition of typedef \'ASN1_T61STRING\' is a C11 feature [-Werror,-Wtypedef-redefinition]\ntypedef struct asn1_string_st ASN1_T61STRING;\n                              ^\n/usr/local/opt/openssl@3/include/openssl/types.h:50:31: note: previous definition is here\ntypedef struct asn1_string_st ASN1_T61STRING;\n                              ^\nfatal error: too many errors emitted, stopping now [-ferror-limit=]\n20 errors generated.\nmake: *** [/Users/runner/actions-runner/_work/python.build/python.build/build_grpcio1120311/grpcio-1.12.0/objs/opt/third_party/boringssl/crypto/asn1/a_utctm.o] Error 1\nIn file included from third_party/boringssl/crypto/asn1/a_utf8.c:60:\nIn file included from third_party/boringssl/include/openssl/mem.h:60:\nthird_party/boringssl/include/openssl/base.h:143:9: error: \'OPENSSL_VERSION_NUMBER\' macro redefined [-Werror,-Wmacro-redefined]\n#define OPENSSL_VERSION_NUMBER 0x1010007f\n        ^\n/usr/local/opt/openssl@3/include/openssl/opensslv.h:99:10: note: previous definition is here\n# define OPENSSL_VERSION_NUMBER          \\\n         ^\nIn file included from third_party/boringssl/crypto/asn1/a_utf8.c:60:\nIn file included from third_party/boringssl/include/openssl/mem.h:60:\nthird_party/boringssl/include/openssl/base.h:178:9: error: \'OPENSSL_EXPORT\' macro redefined [-Werror,-Wmacro-redefined]\n#define OPENSSL_EXPORT\n        ^\n/usr/local/opt/openssl@3/include/openssl/e_os2.h:183:11: note: previous definition is here\n#  define OPENSSL_EXPORT extern\n          ^\nIn file included from third_party/boringssl/crypto/asn1/a_utf8.c:60:\nIn file included from third_party/boringssl/include/openssl/mem.h:60:\nthird_party/boringssl/include/openssl/base.h:240:13: error: typedef redefinition with different types (\'int\' vs \'struct crypto_threadid_st\')\ntypedef int CRYPTO_THREADID;\n            ^\n/usr/local/opt/openssl@3/include/openssl/crypto.h:308:3: note: previous definition is here\n} CRYPTO_THREADID;\n  ^\nIn file included from third_party/boringssl/crypto/asn1/a_utf8.c:60:\nIn file included from third_party/boringssl/include/openssl/mem.h:60:\nthird_party/boringssl/include/openssl/base.h:242:13: error: redefinition of typedef \'ASN1_BOOLEAN\' is a C11 feature [-Werror,-Wtypedef-redefinition]\ntypedef int ASN1_BOOLEAN;\n            ^\n/usr/local/opt/openssl@3/include/openssl/types.h:61:13: note: previous definition is here\ntypedef int ASN1_BOOLEAN;\n            ^\nIn file included from third_party/boringssl/crypto/asn1/a_utf8.c:60:\nIn file included from third_party/boringssl/include/openssl/mem.h:60:\nthird_party/boringssl/include/openssl/base.h:243:13: error: redefinition of typedef \'ASN1_NULL\' is a C11 feature [-Werror,-Wtypedef-redefinition]\ntypedef int ASN1_NULL;\n            ^\n/usr/local/opt/openssl@3/include/openssl/types.h:62:13: note: previous definition is here\ntypedef int ASN1_NULL;\n            ^\nIn file included from third_party/boringssl/crypto/asn1/a_utf8.c:60:\nIn file included from third_party/boringssl/include/openssl/mem.h:60:\nthird_party/boringssl/include/openssl/base.h:244:29: error: redefinition of typedef \'ASN1_ITEM\' is a C11 feature [-Werror,-Wtypedef-redefinition]\ntypedef struct ASN1_ITEM_st ASN1_ITEM;\n                            ^\n/usr/local/opt/openssl@3/include/openssl/types.h:69:29: note: previous definition is here\ntypedef struct ASN1_ITEM_st ASN1_ITEM;\n                            ^\nIn file included from third_party/boringssl/crypto/asn1/a_utf8.c:60:\nIn file included from third_party/boringssl/include/openssl/mem.h:60:\nthird_party/boringssl/include/openssl/base.h:245:31: error: redefinition of typedef \'ASN1_OBJECT\' is a C11 feature [-Werror,-Wtypedef-redefinition]\ntypedef struct asn1_object_st ASN1_OBJECT;\n                              ^\n/usr/local/opt/openssl@3/include/openssl/types.h:66:31: note: previous definition is here\ntypedef struct asn1_object_st ASN1_OBJECT;\n                              ^\nIn file included from third_party/boringssl/crypto/asn1/a_utf8.c:60:\nIn file included from third_party/boringssl/include/openssl/mem.h:60:\nthird_party/boringssl/include/openssl/base.h:246:29: error: redefinition of typedef \'ASN1_PCTX\' is a C11 feature [-Werror,-Wtypedef-redefinition]\ntypedef struct asn1_pctx_st ASN1_PCTX;\n                            ^\n/usr/local/opt/openssl@3/include/openssl/types.h:70:29: note: previous definition is here\ntypedef struct asn1_pctx_st ASN1_PCTX;\n                            ^\nIn file included from third_party/boringssl/crypto/asn1/a_utf8.c:60:\nIn file included from third_party/boringssl/include/openssl/mem.h:60:\nthird_party/boringssl/include/openssl/base.h:247:31: error: redefinition of typedef \'ASN1_BIT_STRING\' is a C11 feature [-Werror,-Wtypedef-redefinition]\ntypedef struct asn1_string_st ASN1_BIT_STRING;\n                              ^\n/usr/local/opt/openssl@3/include/openssl/types.h:47:31: note: previous definition is here\ntypedef struct asn1_string_st ASN1_BIT_STRING;\n                              ^\nIn file included from third_party/boringssl/crypto/asn1/a_utf8.c:60:\nIn file included from third_party/boringssl/include/openssl/mem.h:60:\nthird_party/boringssl/include/openssl/base.h:248:31: error: redefinition of typedef \'ASN1_BMPSTRING\' is a C11 feature [-Werror,-Wtypedef-redefinition]\ntypedef struct asn1_string_st ASN1_BMPSTRING;\n                              ^\n/usr/local/opt/openssl@3/include/openssl/types.h:54:31: note: previous definition is here\ntypedef struct asn1_string_st ASN1_BMPSTRING;\n                              ^\nIn file included from third_party/boringssl/crypto/asn1/a_utf8.c:60:\nIn file included from third_party/boringssl/include/openssl/mem.h:60:\nthird_party/boringssl/include/openssl/base.h:249:31: error: redefinition of typedef \'ASN1_ENUMERATED\' is a C11 feature [-Werror,-Wtypedef-redefinition]\ntypedef struct asn1_string_st ASN1_ENUMERATED;\n                              ^\n/usr/local/opt/openssl@3/include/openssl/types.h:46:31: note: previous definition is here\ntypedef struct asn1_string_st ASN1_ENUMERATED;\n                              ^\nIn file included from third_party/boringssl/crypto/asn1/a_utf8.c:60:\nIn file included from third_party/boringssl/include/openssl/mem.h:60:\nthird_party/boringssl/include/openssl/base.h:250:31: error: redefinition of typedef \'ASN1_GENERALIZEDTIME\' is a C11 feature [-Werror,-Wtypedef-redefinition]\ntypedef struct asn1_string_st ASN1_GENERALIZEDTIME;\n                              ^\n/usr/local/opt/openssl@3/include/openssl/types.h:57:31: note: previous definition is here\ntypedef struct asn1_string_st ASN1_GENERALIZEDTIME;\n                              ^\nIn file included from third_party/boringssl/crypto/asn1/a_utf8.c:60:\nIn file included from third_party/boringssl/include/openssl/mem.h:60:\nthird_party/boringssl/include/openssl/base.h:251:31: error: redefinition of typedef \'ASN1_GENERALSTRING\' is a C11 feature [-Werror,-Wtypedef-redefinition]\ntypedef struct asn1_string_st ASN1_GENERALSTRING;\n                              ^\n/usr/local/opt/openssl@3/include/openssl/types.h:52:31: note: previous definition is here\ntypedef struct asn1_string_st ASN1_GENERALSTRING;\n                              ^\nIn file included from third_party/boringssl/crypto/asn1/a_utf8.c:60:\nIn file included from third_party/boringssl/include/openssl/mem.h:60:\nthird_party/boringssl/include/openssl/base.h:252:31: error: redefinition of typedef \'ASN1_IA5STRING\' is a C11 feature [-Werror,-Wtypedef-redefinition]\ntypedef struct asn1_string_st ASN1_IA5STRING;\n                              ^\n/usr/local/opt/openssl@3/include/openssl/types.h:51:31: note: previous definition is here\ntypedef struct asn1_string_st ASN1_IA5STRING;\n                              ^\nIn file included from third_party/boringssl/crypto/asn1/a_utf8.c:60:\nIn file included from third_party/boringssl/include/openssl/mem.h:60:\nthird_party/boringssl/include/openssl/base.h:253:31: error: redefinition of typedef \'ASN1_INTEGER\' is a C11 feature [-Werror,-Wtypedef-redefinition]\ntypedef struct asn1_string_st ASN1_INTEGER;\n                              ^\n/usr/local/opt/openssl@3/include/openssl/types.h:45:31: note: previous definition is here\ntypedef struct asn1_string_st ASN1_INTEGER;\n                              ^\nIn file included from third_party/boringssl/crypto/asn1/a_utf8.c:60:\nIn file included from third_party/boringssl/include/openssl/mem.h:60:\nthird_party/boringssl/include/openssl/base.h:254:31: error: redefinition of typedef \'ASN1_OCTET_STRING\' is a C11 feature [-Werror,-Wtypedef-redefinition]\ntypedef struct asn1_string_st ASN1_OCTET_STRING;\n                              ^\n/usr/local/opt/openssl@3/include/openssl/types.h:48:31: note: previous definition is here\ntypedef struct asn1_string_st ASN1_OCTET_STRING;\n                              ^\nIn file included from third_party/boringssl/crypto/asn1/a_utf8.c:60:\nIn file included from third_party/boringssl/include/openssl/mem.h:60:\nthird_party/boringssl/include/openssl/base.h:255:31: error: redefinition of typedef \'ASN1_PRINTABLESTRING\' is a C11 feature [-Werror,-Wtypedef-redefinition]\ntypedef struct asn1_string_st ASN1_PRINTABLESTRING;\n                              ^\n/usr/local/opt/openssl@3/include/openssl/types.h:49:31: note: previous definition is here\ntypedef struct asn1_string_st ASN1_PRINTABLESTRING;\n                              ^\nIn file included from third_party/boringssl/crypto/asn1/a_utf8.c:60:\nIn file included from third_party/boringssl/include/openssl/mem.h:60:\nthird_party/boringssl/include/openssl/base.h:256:31: error: redefinition of typedef \'ASN1_STRING\' is a C11 feature [-Werror,-Wtypedef-redefinition]\ntypedef struct asn1_string_st ASN1_STRING;\n                              ^\n/usr/local/opt/openssl@3/include/openssl/types.h:60:31: note: previous definition is here\ntypedef struct asn1_string_st ASN1_STRING;\n                              ^\nIn file included from third_party/boringssl/crypto/asn1/a_utf8.c:60:\nIn file included from third_party/boringssl/include/openssl/mem.h:60:\nthird_party/boringssl/include/openssl/base.h:257:31: error: redefinition of typedef \'ASN1_T61STRING\' is a C11 feature [-Werror,-Wtypedef-redefinition]\ntypedef struct asn1_string_st ASN1_T61STRING;\n                              ^\n/usr/local/opt/openssl@3/include/openssl/types.h:50:31: note: previous definition is here\ntypedef struct asn1_string_st ASN1_T61STRING;\n                              ^\nfatal error: too many errors emitted, stopping now [-ferror-limit=]\n20 errors generated.\nIn file included from third_party/boringssl/crypto/asn1/asn1_lib.c:62:\n/usr/local/opt/openssl@3/include/openssl/asn1_mac.h:10:2: error: "This file is obsolete; please update your software."\n#error "This file is obsolete; please update your software."\n ^\nmake: *** [/Users/runner/actions-runner/_work/python.build/python.build/build_grpcio1120311/grpcio-1.12.0/objs/opt/third_party/boringssl/crypto/asn1/a_utf8.o] Error 1\nIn file included from third_party/boringssl/crypto/asn1/asn1_lib.c:64:\nIn file included from third_party/boringssl/include/openssl/mem.h:60:\nthird_party/boringssl/include/openssl/base.h:143:9: error: \'OPENSSL_VERSION_NUMBER\' macro redefined [-Werror,-Wmacro-redefined]\n#define OPENSSL_VERSION_NUMBER 0x1010007f\n        ^\n/usr/local/opt/openssl@3/include/openssl/opensslv.h:99:10: note: previous definition is here\n# define OPENSSL_VERSION_NUMBER          \\\n         ^\nIn file included from third_party/boringssl/crypto/asn1/asn1_lib.c:64:\nIn file included from third_party/boringssl/include/openssl/mem.h:60:\nthird_party/boringssl/include/openssl/base.h:178:9: error: \'OPENSSL_EXPORT\' macro redefined [-Werror,-Wmacro-redefined]\n#define OPENSSL_EXPORT\n        ^\n/usr/local/opt/openssl@3/include/openssl/e_os2.h:183:11: note: previous definition is here\n#  define OPENSSL_EXPORT extern\n          ^\nIn file included from third_party/boringssl/crypto/asn1/asn1_lib.c:64:\nIn file included from third_party/boringssl/include/openssl/mem.h:60:\nthird_party/boringssl/include/openssl/base.h:240:13: error: typedef redefinition with different types (\'int\' vs \'struct crypto_threadid_st\')\ntypedef int CRYPTO_THREADID;\n            ^\n/usr/local/opt/openssl@3/include/openssl/crypto.h:308:3: note: previous definition is here\n} CRYPTO_THREADID;\n  ^\nIn file included from third_party/boringssl/crypto/asn1/asn1_lib.c:64:\nIn file included from third_party/boringssl/include/openssl/mem.h:60:\nthird_party/boringssl/include/openssl/base.h:242:13: error: redefinition of typedef \'ASN1_BOOLEAN\' is a C11 feature [-Werror,-Wtypedef-redefinition]\ntypedef int ASN1_BOOLEAN;\n            ^\n/usr/local/opt/openssl@3/include/openssl/types.h:61:13: note: previous definition is here\ntypedef int ASN1_BOOLEAN;\n            ^\nIn file included from third_party/boringssl/crypto/asn1/asn1_lib.c:64:\nIn file included from third_party/boringssl/include/openssl/mem.h:60:\nthird_party/boringssl/include/openssl/base.h:243:13: error: redefinition of typedef \'ASN1_NULL\' is a C11 feature [-Werror,-Wtypedef-redefinition]\ntypedef int ASN1_NULL;\n            ^\n/usr/local/opt/openssl@3/include/openssl/types.h:62:13: note: previous definition is here\ntypedef int ASN1_NULL;\n            ^\nIn file included from third_party/boringssl/crypto/asn1/asn1_lib.c:64:\nIn file included from third_party/boringssl/include/openssl/mem.h:60:\nthird_party/boringssl/include/openssl/base.h:244:29: error: redefinition of typedef \'ASN1_ITEM\' is a C11 feature [-Werror,-Wtypedef-redefinition]\ntypedef struct ASN1_ITEM_st ASN1_ITEM;\n                            ^\n/usr/local/opt/openssl@3/include/openssl/types.h:69:29: note: previous definition is here\ntypedef struct ASN1_ITEM_st ASN1_ITEM;\n                            ^\nIn file included from third_party/boringssl/crypto/asn1/asn1_lib.c:64:\nIn file included from third_party/boringssl/include/openssl/mem.h:60:\nthird_party/boringssl/include/openssl/base.h:245:31: error: redefinition of typedef \'ASN1_OBJECT\' is a C11 feature [-Werror,-Wtypedef-redefinition]\ntypedef struct asn1_object_st ASN1_OBJECT;\n                              ^\n/usr/local/opt/openssl@3/include/openssl/types.h:66:31: note: previous definition is here\ntypedef struct asn1_object_st ASN1_OBJECT;\n                              ^\nIn file included from third_party/boringssl/crypto/asn1/asn1_lib.c:64:\nIn file included from third_party/boringssl/include/openssl/mem.h:60:\nthird_party/boringssl/include/openssl/base.h:246:29: error: redefinition of typedef \'ASN1_PCTX\' is a C11 feature [-Werror,-Wtypedef-redefinition]\ntypedef struct asn1_pctx_st ASN1_PCTX;\n                            ^\n/usr/local/opt/openssl@3/include/openssl/types.h:70:29: note: previous definition is here\ntypedef struct asn1_pctx_st ASN1_PCTX;\n                            ^\nIn file included from third_party/boringssl/crypto/asn1/asn1_lib.c:64:\nIn file included from third_party/boringssl/include/openssl/mem.h:60:\nthird_party/boringssl/include/openssl/base.h:247:31: error: redefinition of typedef \'ASN1_BIT_STRING\' is a C11 feature [-Werror,-Wtypedef-redefinition]\ntypedef struct asn1_string_st ASN1_BIT_STRING;\n                              ^\n/usr/local/opt/openssl@3/include/openssl/types.h:47:31: note: previous definition is here\ntypedef struct asn1_string_st ASN1_BIT_STRING;\n                              ^\nIn file included from third_party/boringssl/crypto/asn1/asn1_lib.c:64:\nIn file included from third_party/boringssl/include/openssl/mem.h:60:\nthird_party/boringssl/include/openssl/base.h:248:31: error: redefinition of typedef \'ASN1_BMPSTRING\' is a C11 feature [-Werror,-Wtypedef-redefinition]\ntypedef struct asn1_string_st ASN1_BMPSTRING;\n                              ^\n/usr/local/opt/openssl@3/include/openssl/types.h:54:31: note: previous definition is here\ntypedef struct asn1_string_st ASN1_BMPSTRING;\n                              ^\nIn file included from third_party/boringssl/crypto/asn1/asn1_lib.c:64:\nIn file included from third_party/boringssl/include/openssl/mem.h:60:\nthird_party/boringssl/include/openssl/base.h:249:31: error: redefinition of typedef \'ASN1_ENUMERATED\' is a C11 feature [-Werror,-Wtypedef-redefinition]\ntypedef struct asn1_string_st ASN1_ENUMERATED;\n                              ^\n/usr/local/opt/openssl@3/include/openssl/types.h:46:31: note: previous definition is here\ntypedef struct asn1_string_st ASN1_ENUMERATED;\n                              ^\nIn file included from third_party/boringssl/crypto/asn1/asn1_lib.c:64:\nIn file included from third_party/boringssl/include/openssl/mem.h:60:\nthird_party/boringssl/include/openssl/base.h:250:31: error: redefinition of typedef \'ASN1_GENERALIZEDTIME\' is a C11 feature [-Werror,-Wtypedef-redefinition]\ntypedef struct asn1_string_st ASN1_GENERALIZEDTIME;\n                              ^\n/usr/local/opt/openssl@3/include/openssl/types.h:57:31: note: previous definition is here\ntypedef struct asn1_string_st ASN1_GENERALIZEDTIME;\n                              ^\nIn file included from third_party/boringssl/crypto/asn1/asn1_lib.c:64:\nIn file included from third_party/boringssl/include/openssl/mem.h:60:\nthird_party/boringssl/include/openssl/base.h:251:31: error: redefinition of typedef \'ASN1_GENERALSTRING\' is a C11 feature [-Werror,-Wtypedef-redefinition]\ntypedef struct asn1_string_st ASN1_GENERALSTRING;\n                              ^\n/usr/local/opt/openssl@3/include/openssl/types.h:52:31: note: previous definition is here\ntypedef struct asn1_string_st ASN1_GENERALSTRING;\n                              ^\nIn file included from third_party/boringssl/crypto/asn1/asn1_lib.c:64:\nIn file included from third_party/boringssl/include/openssl/mem.h:60:\nthird_party/boringssl/include/openssl/base.h:252:31: error: redefinition of typedef \'ASN1_IA5STRING\' is a C11 feature [-Werror,-Wtypedef-redefinition]\ntypedef struct asn1_string_st ASN1_IA5STRING;\n                              ^\n/usr/local/opt/openssl@3/include/openssl/types.h:51:31: note: previous definition is here\ntypedef struct asn1_string_st ASN1_IA5STRING;\n                              ^\nIn file included from third_party/boringssl/crypto/asn1/asn1_lib.c:64:\nIn file included from third_party/boringssl/include/openssl/mem.h:60:\nthird_party/boringssl/include/openssl/base.h:253:31: error: redefinition of typedef \'ASN1_INTEGER\' is a C11 feature [-Werror,-Wtypedef-redefinition]\ntypedef struct asn1_string_st ASN1_INTEGER;\n                              ^\n/usr/local/opt/openssl@3/include/openssl/types.h:45:31: note: previous definition is here\ntypedef struct asn1_string_st ASN1_INTEGER;\n                              ^\nIn file included from third_party/boringssl/crypto/asn1/asn1_lib.c:64:\nIn file included from third_party/boringssl/include/openssl/mem.h:60:\nthird_party/boringssl/include/openssl/base.h:254:31: error: redefinition of typedef \'ASN1_OCTET_STRING\' is a C11 feature [-Werror,-Wtypedef-redefinition]\ntypedef struct asn1_string_st ASN1_OCTET_STRING;\n                              ^\n/usr/local/opt/openssl@3/include/openssl/types.h:48:31: note: previous definition is here\ntypedef struct asn1_string_st ASN1_OCTET_STRING;\n                              ^\nIn file included from third_party/boringssl/crypto/asn1/asn1_lib.c:64:\nIn file included from third_party/boringssl/include/openssl/mem.h:60:\nthird_party/boringssl/include/openssl/base.h:255:31: error: redefinition of typedef \'ASN1_PRINTABLESTRING\' is a C11 feature [-Werror,-Wtypedef-redefinition]\ntypedef struct asn1_string_st ASN1_PRINTABLESTRING;\n                              ^\n/usr/local/opt/openssl@3/include/openssl/types.h:49:31: note: previous definition is here\ntypedef struct asn1_string_st ASN1_PRINTABLESTRING;\n                              ^\nIn file included from third_party/boringssl/crypto/asn1/asn1_lib.c:64:\nIn file included from third_party/boringssl/include/openssl/mem.h:60:\nthird_party/boringssl/include/openssl/base.h:256:31: error: redefinition of typedef \'ASN1_STRING\' is a C11 feature [-Werror,-Wtypedef-redefinition]\ntypedef struct asn1_string_st ASN1_STRING;\n                              ^\n/usr/local/opt/openssl@3/include/openssl/types.h:60:31: note: previous definition is here\ntypedef struct asn1_string_st ASN1_STRING;\n                              ^\nfatal error: too many errors emitted, stopping now [-ferror-limit=]\n20 errors generated.\nmake: *** [/Users/runner/actions-runner/_work/python.build/python.build/build_grpcio1120311/grpcio-1.12.0/objs/opt/third_party/boringssl/crypto/asn1/asn1_lib.o] Error 1\n'
2022-12-27T01:55:08.6201920Z   Traceback (most recent call last):
2022-12-27T01:55:08.6212490Z     File "<string>", line 2, in <module>
2022-12-27T01:55:08.6213380Z     File "<pip-setuptools-caller>", line 34, in <module>
2022-12-27T01:55:08.6214060Z     File "/Users/runner/actions-runner/_work/python.build/python.build/build_grpcio1120311/grpcio-1.12.0/setup.py", line 294, in <module>
2022-12-27T01:55:08.6214510Z       setuptools.setup(
2022-12-27T01:55:08.6215210Z     File "/private/var/folders/51/hd414ycd67n82196sw51xqtc0000gn/T/cibw-run-y5mu3xyw/cp311-macosx_arm64/build/venv/lib/python3.11/site-packages/setuptools/__init__.py", line 87, in setup
2022-12-27T01:55:08.6215820Z       return distutils.core.setup(**attrs)
2022-12-27T01:55:08.6216110Z              ^^^^^^^^^^^^^^^^^^^^^^^^^^^^^
2022-12-27T01:55:08.6216810Z     File "/private/var/folders/51/hd414ycd67n82196sw51xqtc0000gn/T/cibw-run-y5mu3xyw/cp311-macosx_arm64/build/venv/lib/python3.11/site-packages/setuptools/_distutils/core.py", line 185, in setup
2022-12-27T01:55:08.6217320Z       return run_commands(dist)
2022-12-27T01:55:08.6217630Z              ^^^^^^^^^^^^^^^^^^
2022-12-27T01:55:08.6218520Z     File "/private/var/folders/51/hd414ycd67n82196sw51xqtc0000gn/T/cibw-run-y5mu3xyw/cp311-macosx_arm64/build/venv/lib/python3.11/site-packages/setuptools/_distutils/core.py", line 201, in run_commands
2022-12-27T01:55:08.6219030Z       dist.run_commands()
2022-12-27T01:55:08.6219750Z     File "/private/var/folders/51/hd414ycd67n82196sw51xqtc0000gn/T/cibw-run-y5mu3xyw/cp311-macosx_arm64/build/venv/lib/python3.11/site-packages/setuptools/_distutils/dist.py", line 969, in run_commands
2022-12-27T01:55:08.6220230Z       self.run_command(cmd)
2022-12-27T01:55:08.6221020Z     File "/private/var/folders/51/hd414ycd67n82196sw51xqtc0000gn/T/cibw-run-y5mu3xyw/cp311-macosx_arm64/build/venv/lib/python3.11/site-packages/setuptools/dist.py", line 1208, in run_command
2022-12-27T01:55:08.6221460Z       super().run_command(command)
2022-12-27T01:55:08.6222190Z     File "/private/var/folders/51/hd414ycd67n82196sw51xqtc0000gn/T/cibw-run-y5mu3xyw/cp311-macosx_arm64/build/venv/lib/python3.11/site-packages/setuptools/_distutils/dist.py", line 988, in run_command
2022-12-27T01:55:08.6222670Z       cmd_obj.run()
2022-12-27T01:55:08.6223390Z     File "/private/var/folders/51/hd414ycd67n82196sw51xqtc0000gn/T/cibw-run-y5mu3xyw/cp311-macosx_arm64/build/venv/lib/python3.11/site-packages/wheel/bdist_wheel.py", line 325, in run
2022-12-27T01:55:08.6223950Z       self.run_command("build")
2022-12-27T01:55:08.6224660Z     File "/private/var/folders/51/hd414ycd67n82196sw51xqtc0000gn/T/cibw-run-y5mu3xyw/cp311-macosx_arm64/build/venv/lib/python3.11/site-packages/setuptools/_distutils/cmd.py", line 318, in run_command
2022-12-27T01:55:08.6225120Z       self.distribution.run_command(command)
2022-12-27T01:55:08.6225840Z     File "/private/var/folders/51/hd414ycd67n82196sw51xqtc0000gn/T/cibw-run-y5mu3xyw/cp311-macosx_arm64/build/venv/lib/python3.11/site-packages/setuptools/dist.py", line 1208, in run_command
2022-12-27T01:55:08.6226420Z       super().run_command(command)
2022-12-27T01:55:08.6227130Z     File "/private/var/folders/51/hd414ycd67n82196sw51xqtc0000gn/T/cibw-run-y5mu3xyw/cp311-macosx_arm64/build/venv/lib/python3.11/site-packages/setuptools/_distutils/dist.py", line 988, in run_command
2022-12-27T01:55:08.6227780Z       cmd_obj.run()
2022-12-27T01:55:08.6228440Z     File "/private/var/folders/51/hd414ycd67n82196sw51xqtc0000gn/T/cibw-run-y5mu3xyw/cp311-macosx_arm64/build/venv/lib/python3.11/site-packages/setuptools/_distutils/command/build.py", line 132, in run
2022-12-27T01:55:08.6228950Z       self.run_command(cmd_name)
2022-12-27T01:55:08.6229670Z     File "/private/var/folders/51/hd414ycd67n82196sw51xqtc0000gn/T/cibw-run-y5mu3xyw/cp311-macosx_arm64/build/venv/lib/python3.11/site-packages/setuptools/_distutils/cmd.py", line 318, in run_command
2022-12-27T01:55:08.6230140Z       self.distribution.run_command(command)
2022-12-27T01:55:08.6230830Z     File "/private/var/folders/51/hd414ycd67n82196sw51xqtc0000gn/T/cibw-run-y5mu3xyw/cp311-macosx_arm64/build/venv/lib/python3.11/site-packages/setuptools/dist.py", line 1208, in run_command
2022-12-27T01:55:08.6231260Z       super().run_command(command)
2022-12-27T01:55:08.6231980Z     File "/private/var/folders/51/hd414ycd67n82196sw51xqtc0000gn/T/cibw-run-y5mu3xyw/cp311-macosx_arm64/build/venv/lib/python3.11/site-packages/setuptools/_distutils/dist.py", line 988, in run_command
2022-12-27T01:55:08.6232470Z       cmd_obj.run()
2022-12-27T01:55:08.6233150Z     File "/private/var/folders/51/hd414ycd67n82196sw51xqtc0000gn/T/cibw-run-y5mu3xyw/cp311-macosx_arm64/build/venv/lib/python3.11/site-packages/setuptools/command/build_ext.py", line 84, in run
2022-12-27T01:55:08.6233610Z       _build_ext.run(self)
2022-12-27T01:55:08.6234240Z     File "/private/var/folders/51/hd414ycd67n82196sw51xqtc0000gn/T/cibw-run-y5mu3xyw/cp311-macosx_arm64/build/venv/lib/python3.11/site-packages/Cython/Distutils/old_build_ext.py", line 186, in run
2022-12-27T01:55:08.6234720Z       _build_ext.build_ext.run(self)
2022-12-27T01:55:08.6235420Z     File "/private/var/folders/51/hd414ycd67n82196sw51xqtc0000gn/T/cibw-run-y5mu3xyw/cp311-macosx_arm64/build/venv/lib/python3.11/site-packages/setuptools/_distutils/command/build_ext.py", line 346, in run
2022-12-27T01:55:08.6235940Z       self.build_extensions()
2022-12-27T01:55:08.6236700Z     File "/Users/runner/actions-runner/_work/python.build/python.build/build_grpcio1120311/grpcio-1.12.0/src/python/grpcio/commands.py", line 278, in build_extensions
2022-12-27T01:55:08.6237110Z       raise Exception("make command failed!")
2022-12-27T01:55:08.6237390Z   Exception: make command failed!
2022-12-27T01:55:08.6694330Z   error: subprocess-exited-with-error
2022-12-27T01:55:08.6694730Z   
2022-12-27T01:55:08.6697820Z   Ã— python setup.py bdist_wheel did not run successfully.
2022-12-27T01:55:08.6698750Z   â”‚ exit code: 1
2022-12-27T01:55:08.6699410Z   â•°â”€> See above for output.
2022-12-27T01:55:08.6699960Z   
2022-12-27T01:55:08.6700700Z   note: This error originates from a subprocess, and is likely not a problem with pip.
2022-12-27T01:55:08.6706970Z   full command: /private/var/folders/51/hd414ycd67n82196sw51xqtc0000gn/T/cibw-run-y5mu3xyw/cp311-macosx_arm64/build/venv/bin/python -u -c '
2022-12-27T01:55:08.6707670Z   exec(compile('"'"''"'"''"'"'
2022-12-27T01:55:08.6708270Z   # This is <pip-setuptools-caller> -- a caller that pip uses to run setup.py
2022-12-27T01:55:08.6708650Z   #
2022-12-27T01:55:08.6709080Z   # - It imports setuptools before invoking setup.py, to enable projects that directly
2022-12-27T01:55:08.6709630Z   #   import from `distutils.core` to work with newer packaging standards.
2022-12-27T01:55:08.6710230Z   # - It provides a clear error message when setuptools is not installed.
2022-12-27T01:55:08.6710800Z   # - It sets `sys.argv[0]` to the underlying `setup.py`, when invoking `setup.py` so
2022-12-27T01:55:08.6711420Z   #   setuptools doesn'"'"'t think the script is `-c`. This avoids the following warning:
2022-12-27T01:55:08.6713830Z   #     manifest_maker: standard file '"'"'-c'"'"' not found".
2022-12-27T01:55:08.6714640Z   # - It generates a shim setup.py, for handling setup.cfg-only projects.
2022-12-27T01:55:08.6715630Z   import os, sys, tokenize
2022-12-27T01:55:08.6717150Z   
2022-12-27T01:55:08.6717460Z   try:
2022-12-27T01:55:08.6717780Z       import setuptools
2022-12-27T01:55:08.6718140Z   except ImportError as error:
2022-12-27T01:55:08.6718390Z       print(
2022-12-27T01:55:08.6718950Z           "ERROR: Can not execute `setup.py` since setuptools is not available in "
2022-12-27T01:55:08.6719380Z           "the build environment.",
2022-12-27T01:55:08.6719700Z           file=sys.stderr,
2022-12-27T01:55:08.6719950Z       )
2022-12-27T01:55:08.6720200Z       sys.exit(1)
2022-12-27T01:55:08.6720590Z   
2022-12-27T01:55:08.6720900Z   __file__ = %r
2022-12-27T01:55:08.6721160Z   sys.argv[0] = __file__
2022-12-27T01:55:08.6721430Z   
2022-12-27T01:55:08.6721730Z   if os.path.exists(__file__):
2022-12-27T01:55:08.6722070Z       filename = __file__
2022-12-27T01:55:08.6722350Z       with tokenize.open(__file__) as f:
2022-12-27T01:55:08.6722710Z           setup_py_code = f.read()
2022-12-27T01:55:08.6723150Z   else:
2022-12-27T01:55:08.6723540Z       filename = "<auto-generated setuptools caller>"
2022-12-27T01:55:08.6723980Z       setup_py_code = "from setuptools import setup; setup()"
2022-12-27T01:55:08.6724330Z   
2022-12-27T01:55:08.6724630Z   exec(compile(setup_py_code, filename, "exec"))
2022-12-27T01:55:08.6725560Z   '"'"''"'"''"'"' % ('"'"'/Users/runner/actions-runner/_work/python.build/python.build/build_grpcio1120311/grpcio-1.12.0/setup.py'"'"',), "<pip-setuptools-caller>", "exec"))' bdist_wheel -d /private/var/folders/51/hd414ycd67n82196sw51xqtc0000gn/T/pip-wheel-_p7qgz79
2022-12-27T01:55:08.6726600Z   cwd: /Users/runner/actions-runner/_work/python.build/python.build/build_grpcio1120311/grpcio-1.12.0/
2022-12-27T01:55:08.6727060Z   ERROR: Failed building wheel for grpcio
2022-12-27T01:55:08.6727520Z   Building wheel for grpcio (setup.py): finished with status 'error'
2022-12-27T01:55:08.6727940Z   Running setup.py clean for grpcio
2022-12-27T01:55:08.6728360Z   Running command python setup.py clean
2022-12-27T01:55:09.3685040Z   running clean
2022-12-27T01:55:09.3707130Z   removing 'python_build/lib.macosx-11.0-arm64-cpython-311' (and everything under it)
2022-12-27T01:55:09.3776910Z   'python_build/bdist.macosx-11.0-arm64' does not exist -- can't clean it
2022-12-27T01:55:09.3778100Z   'python_build/scripts-3.11' does not exist -- can't clean it
2022-12-27T01:55:09.3780760Z   removing 'python_build'
2022-12-27T01:55:09.4672480Z Failed to build grpcio
2022-12-27T01:55:09.4681180Z ERROR: Failed to build one or more wheels
2022-12-27T01:55:09.4704690Z Exception information:
2022-12-27T01:55:09.4705440Z Traceback (most recent call last):
2022-12-27T01:55:09.4707550Z   File "/private/var/folders/51/hd414ycd67n82196sw51xqtc0000gn/T/cibw-run-y5mu3xyw/cp311-macosx_arm64/build/venv/lib/python3.11/site-packages/pip/_internal/cli/base_command.py", line 160, in exc_logging_wrapper
2022-12-27T01:55:09.4708610Z     status = run_func(*args)
2022-12-27T01:55:09.4709080Z              ^^^^^^^^^^^^^^^
2022-12-27T01:55:09.4711010Z   File "/private/var/folders/51/hd414ycd67n82196sw51xqtc0000gn/T/cibw-run-y5mu3xyw/cp311-macosx_arm64/build/venv/lib/python3.11/site-packages/pip/_internal/cli/req_command.py", line 247, in wrapper
2022-12-27T01:55:09.4712050Z     return func(self, options, args)
2022-12-27T01:55:09.4712710Z            ^^^^^^^^^^^^^^^^^^^^^^^^^
2022-12-27T01:55:09.4714190Z   File "/private/var/folders/51/hd414ycd67n82196sw51xqtc0000gn/T/cibw-run-y5mu3xyw/cp311-macosx_arm64/build/venv/lib/python3.11/site-packages/pip/_internal/commands/wheel.py", line 201, in run
2022-12-27T01:55:09.4715230Z     raise CommandError("Failed to build one or more wheels")
2022-12-27T01:55:09.4716100Z pip._internal.exceptions.CommandError: Failed to build one or more wheels
2022-12-27T01:55:09.4717100Z Removed build tracker: '/private/var/folders/51/hd414ycd67n82196sw51xqtc0000gn/T/pip-build-tracker-i6frot8r'
2022-12-27T01:55:09.5818510Z ##[endgroup]
2022-12-27T01:55:09.5854350Z ##[error]Command ['python', '-m', 'pip', 'wheel', '/Users/runner/actions-runner/_work/python.build/python.build/build_grpcio1120311/grpcio-1.12.0', '--wheel-dir=/private/var/folders/51/hd414ycd67n82196sw51xqtc0000gn/T/cibw-run-y5mu3xyw/cp311-macosx_arm64/built_wheel', '--no-deps', '-vvv'] failed with code 1. None
2022-12-27T01:55:09.5863850Z 
2022-12-27T01:55:09.5864270Z                                                              [31mâœ• [0m13.29s
2022-12-27T01:55:09.7215850Z ##[error]Process completed with exit code 1.
2022-12-27T01:55:09.7295390Z ##[group]Run rm -rf build_grpcio1120311 wheelsout
2022-12-27T01:55:09.7295710Z [36;1mrm -rf build_grpcio1120311 wheelsout[0m
2022-12-27T01:55:09.7324740Z shell: /bin/bash -e {0}
2022-12-27T01:55:09.7324940Z env:
2022-12-27T01:55:09.7325170Z   pythonLocation: /Users/runner/hostedtoolcache/Python/3.11.1/x64
2022-12-27T01:55:09.7325490Z   PKG_CONFIG_PATH: /Users/runner/hostedtoolcache/Python/3.11.1/x64/lib/pkgconfig
2022-12-27T01:55:09.7325790Z   Python_ROOT_DIR: /Users/runner/hostedtoolcache/Python/3.11.1/x64
2022-12-27T01:55:09.7326100Z   Python2_ROOT_DIR: /Users/runner/hostedtoolcache/Python/3.11.1/x64
2022-12-27T01:55:09.7326450Z   Python3_ROOT_DIR: /Users/runner/hostedtoolcache/Python/3.11.1/x64
2022-12-27T01:55:09.7326670Z ##[endgroup]
2022-12-27T01:55:09.9784870Z Cleaning up orphan processes
