2022-12-27T01:58:05.0303105Z Requested labels: self-hosted, macOS, X64
2022-12-27T01:58:05.0303184Z Job defined at: kilnbuild/python.build/.github/workflows/mac_arm_build.yml@refs/heads/main
2022-12-27T01:58:05.0303239Z Waiting for a runner to pick up this job...
2022-12-27T02:55:52.8283818Z Job is about to start running on the runner: k2 (organization)
2022-12-27T02:55:56.0167040Z Current runner version: '2.300.2'
2022-12-27T02:55:56.0171830Z Runner name: 'k2'
2022-12-27T02:55:56.0172060Z Runner group name: 'Default'
2022-12-27T02:55:56.0172500Z Machine name: 'k2'
2022-12-27T02:55:56.0173910Z ##[group]GITHUB_TOKEN Permissions
2022-12-27T02:55:56.0174320Z Actions: write
2022-12-27T02:55:56.0174450Z Checks: write
2022-12-27T02:55:56.0174570Z Contents: write
2022-12-27T02:55:56.0174710Z Deployments: write
2022-12-27T02:55:56.0174840Z Discussions: write
2022-12-27T02:55:56.0174970Z Issues: write
2022-12-27T02:55:56.0175090Z Metadata: read
2022-12-27T02:55:56.0175220Z Packages: write
2022-12-27T02:55:56.0175350Z Pages: write
2022-12-27T02:55:56.0175480Z PullRequests: write
2022-12-27T02:55:56.0175640Z RepositoryProjects: write
2022-12-27T02:55:56.0175790Z SecurityEvents: write
2022-12-27T02:55:56.0175920Z Statuses: write
2022-12-27T02:55:56.0176050Z ##[endgroup]
2022-12-27T02:55:56.0178390Z Secret source: Actions
2022-12-27T02:55:56.0178690Z Prepare workflow directory
2022-12-27T02:55:56.0813790Z Prepare all required actions
2022-12-27T02:55:56.0938860Z Getting action download info
2022-12-27T02:55:56.5496410Z Download action repository 'actions/setup-python@v4' (SHA:5ccb29d8773c3f3f653e1705f474dfaa8a06a912)
2022-12-27T02:55:58.8063220Z Download action repository 'actions/upload-artifact@v3' (SHA:83fd05a356d7e2593de66fc9913b3002723633cb)
2022-12-27T02:56:01.5482450Z ##[group]Run echo '{
2022-12-27T02:56:01.5482800Z [36;1mecho '{[0m
2022-12-27T02:56:01.5483030Z [36;1m  "environment_variables": "GRPC_PYTHON_BUILD_WITH_CYTHON=1 GRPC_BUILD_WITH_BORING_SSL_ASM='' GRPC_PYTHON_BUILD_SYSTEM_OPENSSL=TRUE",[0m
2022-12-27T02:56:01.5483220Z [36;1m  "package_name": "grpcio",[0m
2022-12-27T02:56:01.5483460Z [36;1m  "package_url": "https://files.pythonhosted.org/packages/2f/3d/b3b7d31f5539d7bbf82310e666d3a1db4d2048f7e586e231faa58290e13e/grpcio-1.3.0.tar.gz",[0m
2022-12-27T02:56:01.5483690Z [36;1m  "package_version": "1.3.0",[0m
2022-12-27T02:56:01.5483800Z [36;1m  "python_version": "3.9",[0m
2022-12-27T02:56:01.5483920Z [36;1m  "use_ccache": "true"[0m
2022-12-27T02:56:01.5484070Z [36;1m}'[0m
2022-12-27T02:56:01.5499550Z shell: /bin/bash -e {0}
2022-12-27T02:56:01.5499750Z ##[endgroup]
2022-12-27T02:56:01.5712090Z {
2022-12-27T02:56:01.5713560Z   "environment_variables": "GRPC_PYTHON_BUILD_WITH_CYTHON=1 GRPC_BUILD_WITH_BORING_SSL_ASM= GRPC_PYTHON_BUILD_SYSTEM_OPENSSL=TRUE",
2022-12-27T02:56:01.5713830Z   "package_name": "grpcio",
2022-12-27T02:56:01.5714420Z   "package_url": "https://files.pythonhosted.org/packages/2f/3d/b3b7d31f5539d7bbf82310e666d3a1db4d2048f7e586e231faa58290e13e/grpcio-1.3.0.tar.gz",
2022-12-27T02:56:01.5714680Z   "package_version": "1.3.0",
2022-12-27T02:56:01.5714890Z   "python_version": "3.9",
2022-12-27T02:56:01.5715030Z   "use_ccache": "true"
2022-12-27T02:56:01.5715170Z }
2022-12-27T02:56:01.5913480Z ##[group]Run actions/setup-python@v4
2022-12-27T02:56:01.5913710Z with:
2022-12-27T02:56:01.5913910Z   python-version: 3.9
2022-12-27T02:56:01.5914080Z   check-latest: false
2022-12-27T02:56:01.5914390Z   token: ***
2022-12-27T02:56:01.5914560Z   update-environment: true
2022-12-27T02:56:01.5914700Z ##[endgroup]
2022-12-27T02:56:01.7065930Z ##[group]Installed versions
2022-12-27T02:56:01.7175900Z Successfully set up CPython (3.9.16)
2022-12-27T02:56:01.7176440Z ##[endgroup]
2022-12-27T02:56:01.7317260Z ##[group]Run if [ "true" == "true" ]
2022-12-27T02:56:01.7317530Z [36;1mif [ "true" == "true" ][0m
2022-12-27T02:56:01.7317720Z [36;1mthen[0m
2022-12-27T02:56:01.7317900Z [36;1m  echo "CCACHE_PATH_PREPEND=/usr/local/opt/ccache/libexec" >> $GITHUB_OUTPUT[0m
2022-12-27T02:56:01.7318210Z [36;1melse[0m
2022-12-27T02:56:01.7318400Z [36;1m  echo "CCACHE_PATH_PREPEND=" >> $GITHUB_OUTPUT[0m
2022-12-27T02:56:01.7318590Z [36;1mfi[0m
2022-12-27T02:56:01.7334860Z shell: /bin/bash -e {0}
2022-12-27T02:56:01.7335170Z env:
2022-12-27T02:56:01.7335400Z   pythonLocation: /Users/runner/hostedtoolcache/Python/3.9.16/x64
2022-12-27T02:56:01.7335630Z   PKG_CONFIG_PATH: /Users/runner/hostedtoolcache/Python/3.9.16/x64/lib/pkgconfig
2022-12-27T02:56:01.7336280Z   Python_ROOT_DIR: /Users/runner/hostedtoolcache/Python/3.9.16/x64
2022-12-27T02:56:01.7336590Z   Python2_ROOT_DIR: /Users/runner/hostedtoolcache/Python/3.9.16/x64
2022-12-27T02:56:01.7336840Z   Python3_ROOT_DIR: /Users/runner/hostedtoolcache/Python/3.9.16/x64
2022-12-27T02:56:01.7337040Z ##[endgroup]
2022-12-27T02:56:01.7446930Z ##[group]Run echo "BUILD_NAME=$(echo grpcio_1.3.0_3.9 | tr -dc '[:alnum:]\n\r' | tr '[:upper:]' '[:lower:]')" >> $GITHUB_OUTPUT
2022-12-27T02:56:01.7447290Z [36;1mecho "BUILD_NAME=$(echo grpcio_1.3.0_3.9 | tr -dc '[:alnum:]\n\r' | tr '[:upper:]' '[:lower:]')" >> $GITHUB_OUTPUT[0m
2022-12-27T02:56:01.7461350Z shell: /bin/bash -e {0}
2022-12-27T02:56:01.7461490Z env:
2022-12-27T02:56:01.7461700Z   pythonLocation: /Users/runner/hostedtoolcache/Python/3.9.16/x64
2022-12-27T02:56:01.7462030Z   PKG_CONFIG_PATH: /Users/runner/hostedtoolcache/Python/3.9.16/x64/lib/pkgconfig
2022-12-27T02:56:01.7462270Z   Python_ROOT_DIR: /Users/runner/hostedtoolcache/Python/3.9.16/x64
2022-12-27T02:56:01.7462600Z   Python2_ROOT_DIR: /Users/runner/hostedtoolcache/Python/3.9.16/x64
2022-12-27T02:56:01.7462820Z   Python3_ROOT_DIR: /Users/runner/hostedtoolcache/Python/3.9.16/x64
2022-12-27T02:56:01.7463020Z ##[endgroup]
2022-12-27T02:56:01.7609540Z ##[group]Run echo "PYTHON_NO_DOTS=$(echo 3.9 | tr -dc '[:alnum:]\n\r' | tr '[:upper:]' '[:lower:]')" >> $GITHUB_OUTPUT
2022-12-27T02:56:01.7609870Z [36;1mecho "PYTHON_NO_DOTS=$(echo 3.9 | tr -dc '[:alnum:]\n\r' | tr '[:upper:]' '[:lower:]')" >> $GITHUB_OUTPUT[0m
2022-12-27T02:56:01.7622490Z shell: /bin/bash -e {0}
2022-12-27T02:56:01.7622680Z env:
2022-12-27T02:56:01.7622870Z   pythonLocation: /Users/runner/hostedtoolcache/Python/3.9.16/x64
2022-12-27T02:56:01.7623550Z   PKG_CONFIG_PATH: /Users/runner/hostedtoolcache/Python/3.9.16/x64/lib/pkgconfig
2022-12-27T02:56:01.7623780Z   Python_ROOT_DIR: /Users/runner/hostedtoolcache/Python/3.9.16/x64
2022-12-27T02:56:01.7624000Z   Python2_ROOT_DIR: /Users/runner/hostedtoolcache/Python/3.9.16/x64
2022-12-27T02:56:01.7624240Z   Python3_ROOT_DIR: /Users/runner/hostedtoolcache/Python/3.9.16/x64
2022-12-27T02:56:01.7624380Z ##[endgroup]
2022-12-27T02:56:01.7735810Z ##[group]Run rm -rf build_grpcio13039
2022-12-27T02:56:01.7736130Z [36;1mrm -rf build_grpcio13039[0m
2022-12-27T02:56:01.7736290Z [36;1mmkdir build_grpcio13039[0m
2022-12-27T02:56:01.7736460Z [36;1mcd build_grpcio13039[0m
2022-12-27T02:56:01.7736810Z [36;1m/usr/local/bin/wget --quiet https://files.pythonhosted.org/packages/2f/3d/b3b7d31f5539d7bbf82310e666d3a1db4d2048f7e586e231faa58290e13e/grpcio-1.3.0.tar.gz[0m
2022-12-27T02:56:01.7737050Z [36;1mtar xf *.tar.gz[0m
2022-12-27T02:56:01.7737230Z [36;1mcd grpcio-*/[0m
2022-12-27T02:56:01.7737410Z [36;1mpython -m pip install cibuildwheel==2.11.3[0m
2022-12-27T02:56:01.7737680Z [36;1mpython -m cibuildwheel --output-dir ../wheelsout[0m
2022-12-27T02:56:01.7751170Z shell: /bin/bash -e {0}
2022-12-27T02:56:01.7751350Z env:
2022-12-27T02:56:01.7751590Z   pythonLocation: /Users/runner/hostedtoolcache/Python/3.9.16/x64
2022-12-27T02:56:01.7751920Z   PKG_CONFIG_PATH: /Users/runner/hostedtoolcache/Python/3.9.16/x64/lib/pkgconfig
2022-12-27T02:56:01.7752140Z   Python_ROOT_DIR: /Users/runner/hostedtoolcache/Python/3.9.16/x64
2022-12-27T02:56:01.7752370Z   Python2_ROOT_DIR: /Users/runner/hostedtoolcache/Python/3.9.16/x64
2022-12-27T02:56:01.7752590Z   Python3_ROOT_DIR: /Users/runner/hostedtoolcache/Python/3.9.16/x64
2022-12-27T02:56:01.7752840Z   CIBW_ARCHS_MACOS: arm64
2022-12-27T02:56:01.7752980Z   CIBW_TEST_SKIP: *_arm64
2022-12-27T02:56:01.7753170Z   CIBW_BUILD: cp39-macosx_arm64
2022-12-27T02:56:01.7753350Z   CIBW_BUILD_FRONTEND: pip
2022-12-27T02:56:01.7753500Z   CIBW_BUILD_VERBOSITY: 3
2022-12-27T02:56:01.7753920Z   CIBW_ENVIRONMENT_MACOS: GRPC_PYTHON_BUILD_WITH_CYTHON=1 GRPC_BUILD_WITH_BORING_SSL_ASM='' GRPC_PYTHON_BUILD_SYSTEM_OPENSSL=TRUE CFLAGS="-I/usr/local/opt/openssl@3/include" LDFLAGS="-L/usr/local/opt/openssl@3/lib" CPPFLAGS="-I/usr/local/opt/openssl@3/include" MAKEFLAGS="-j$(sysctl -n hw.logicalcpu)" PATH=/usr/local/opt/ccache/libexec:$PATH
2022-12-27T02:56:01.7754510Z   CIBW_BEFORE_BUILD: pip install Cython; if [[ -f requirements.txt ]]; then pip install -r requirements.txt; fi
2022-12-27T02:56:01.7754750Z   MAKEFLAGS: -j$(sysctl -n hw.logicalcpu)
2022-12-27T02:56:01.7754900Z ##[endgroup]
2022-12-27T02:56:05.7856800Z Requirement already satisfied: cibuildwheel==2.11.3 in /Users/runner/hostedtoolcache/Python/3.9.16/x64/lib/python3.9/site-packages (2.11.3)
2022-12-27T02:56:05.8094270Z Requirement already satisfied: certifi in /Users/runner/hostedtoolcache/Python/3.9.16/x64/lib/python3.9/site-packages (from cibuildwheel==2.11.3) (2022.12.7)
2022-12-27T02:56:05.8098580Z Requirement already satisfied: packaging>=20.9 in /Users/runner/hostedtoolcache/Python/3.9.16/x64/lib/python3.9/site-packages (from cibuildwheel==2.11.3) (22.0)
2022-12-27T02:56:05.8101850Z Requirement already satisfied: filelock in /Users/runner/hostedtoolcache/Python/3.9.16/x64/lib/python3.9/site-packages (from cibuildwheel==2.11.3) (3.8.2)
2022-12-27T02:56:05.8111700Z Requirement already satisfied: typing-extensions>=4.1.0 in /Users/runner/hostedtoolcache/Python/3.9.16/x64/lib/python3.9/site-packages (from cibuildwheel==2.11.3) (4.4.0)
2022-12-27T02:56:05.8116750Z Requirement already satisfied: tomli in /Users/runner/hostedtoolcache/Python/3.9.16/x64/lib/python3.9/site-packages (from cibuildwheel==2.11.3) (2.0.1)
2022-12-27T02:56:05.8120130Z Requirement already satisfied: bracex in /Users/runner/hostedtoolcache/Python/3.9.16/x64/lib/python3.9/site-packages (from cibuildwheel==2.11.3) (2.3.post1)
2022-12-27T02:56:05.8123310Z Requirement already satisfied: platformdirs in /Users/runner/hostedtoolcache/Python/3.9.16/x64/lib/python3.9/site-packages (from cibuildwheel==2.11.3) (2.6.0)
2022-12-27T02:56:05.8128160Z Requirement already satisfied: bashlex!=0.13 in /Users/runner/hostedtoolcache/Python/3.9.16/x64/lib/python3.9/site-packages (from cibuildwheel==2.11.3) (0.16)
2022-12-27T02:56:05.9822760Z 
2022-12-27T02:56:05.9823470Z      _ _       _ _   _       _           _
2022-12-27T02:56:05.9824130Z  ___|_| |_ _ _|_| |_| |_ _ _| |_ ___ ___| |
2022-12-27T02:56:05.9825360Z |  _| | . | | | | | . | | | |   | -_| -_| |
2022-12-27T02:56:05.9825810Z |___|_|___|___|_|_|___|_____|_|_|___|___|_|
2022-12-27T02:56:05.9825960Z 
2022-12-27T02:56:05.9826070Z cibuildwheel version 2.11.3
2022-12-27T02:56:05.9826170Z 
2022-12-27T02:56:05.9826310Z Build options:
2022-12-27T02:56:05.9826650Z   platform: macos
2022-12-27T02:56:05.9959280Z   architectures: arm64[0m
2022-12-27T02:56:05.9959570Z   build_selector: 
2022-12-27T02:56:05.9959880Z     build_config: cp39-macosx_arm64
2022-12-27T02:56:05.9960430Z     skip_config: 
2022-12-27T02:56:05.9960690Z     requires_python: None
2022-12-27T02:56:05.9961660Z     prerelease_pythons: False[0m
2022-12-27T02:56:05.9962320Z   [38;5;244mcontainer_engine: docker[0m
2022-12-27T02:56:05.9963030Z   output_dir: /Users/runner/actions-runner/_work/python.build/python.build/build_grpcio13039/wheelsout[0m
2022-12-27T02:56:05.9963530Z   package_dir: /Users/runner/actions-runner/_work/python.build/python.build/build_grpcio13039/grpcio-1.3.0[0m
2022-12-27T02:56:05.9963890Z   test_selector: 
2022-12-27T02:56:05.9964180Z     skip_config: *_arm64[0m
2022-12-27T02:56:05.9964660Z   [38;5;244mbefore_all: [0m
2022-12-27T02:56:05.9965220Z   before_build: pip install Cython; if [[ -f requirements.txt ]]; then pip install -r requirements.txt; fi[0m
2022-12-27T02:56:05.9965660Z   [38;5;244mbefore_test: [0m
2022-12-27T02:56:05.9966110Z   [38;5;244mbuild_frontend: pip[0m
2022-12-27T02:56:05.9966380Z   build_verbosity: 3[0m
2022-12-27T02:56:05.9966690Z   [38;5;244mconfig_settings: [0m
2022-12-27T02:56:05.9967030Z   [38;5;244mdependency_constraints: pinned[0m
2022-12-27T02:56:05.9967260Z   environment: 
2022-12-27T02:56:05.9967610Z     GRPC_PYTHON_BUILD_WITH_CYTHON=1
2022-12-27T02:56:05.9967920Z     GRPC_BUILD_WITH_BORING_SSL_ASM=''
2022-12-27T02:56:05.9968310Z     GRPC_PYTHON_BUILD_SYSTEM_OPENSSL=TRUE
2022-12-27T02:56:05.9968970Z     CFLAGS="-I/usr/local/opt/openssl@3/include"
2022-12-27T02:56:05.9969460Z     LDFLAGS="-L/usr/local/opt/openssl@3/lib"
2022-12-27T02:56:05.9969800Z     CPPFLAGS="-I/usr/local/opt/openssl@3/include"
2022-12-27T02:56:05.9970160Z     MAKEFLAGS="-j$(sysctl -n hw.logicalcpu)"
2022-12-27T02:56:05.9970520Z     PATH=/usr/local/opt/ccache/libexec:$PATH[0m
2022-12-27T02:56:05.9970830Z   [38;5;244mmanylinux_images: None[0m
2022-12-27T02:56:05.9971220Z   [38;5;244mmusllinux_images: None[0m
2022-12-27T02:56:05.9971680Z   [38;5;244mrepair_command: delocate-wheel --require-archs {delocate_archs} -w {dest_dir} -v {wheel}[0m
2022-12-27T02:56:05.9972070Z   [38;5;244mtest_command: [0m
2022-12-27T02:56:05.9972340Z   [38;5;244mtest_extras: [0m
2022-12-27T02:56:05.9972640Z   [38;5;244mtest_requires: [0m
2022-12-27T02:56:05.9972850Z 
2022-12-27T02:56:05.9973010Z Cache folder: /Users/runner/Library/Caches/cibuildwheel
2022-12-27T02:56:05.9980800Z 
2022-12-27T02:56:05.9981030Z Here we go!
2022-12-27T02:56:05.9981280Z 
2022-12-27T02:56:06.0105100Z 
2022-12-27T02:56:06.0105650Z [1m[34mBuilding cp39-macosx_arm64 wheel[0m
2022-12-27T02:56:06.0106170Z CPython 3.9 macOS arm64 - Apple Silicon
2022-12-27T02:56:06.0106330Z 
2022-12-27T02:56:06.0108500Z ##[group]Installing Python cp39...
2022-12-27T02:56:06.0108670Z 
2022-12-27T02:56:06.0108810Z + pkgutil --pkgs
2022-12-27T02:56:06.0213300Z ##[endgroup]
2022-12-27T02:56:06.0214270Z                                                               [32mâœ“ [0m0.01s
2022-12-27T02:56:06.0214810Z ##[group]Setting up build environment...
2022-12-27T02:56:06.0215050Z 
2022-12-27T02:56:06.0234230Z + /Users/runner/hostedtoolcache/Python/3.9.16/x64/bin/python -sS /Users/runner/Library/Caches/cibuildwheel/virtualenv-20.17.0.pyz --activators= --no-periodic-update --pip=22.3.1 --setuptools=65.6.3 --wheel=0.38.4 --symlink-app-data --python /Library/Frameworks/Python.framework/Versions/3.9/bin/python3 /private/var/folders/51/hd414ycd67n82196sw51xqtc0000gn/T/cibw-run-uc9em3hx/cp39-macosx_arm64/build/venv
2022-12-27T02:56:06.2047330Z created virtual environment CPython3.9.13.final.0-64 in 51ms
2022-12-27T02:56:06.2048190Z   creator CPython3Posix(dest=/private/var/folders/51/hd414ycd67n82196sw51xqtc0000gn/T/cibw-run-uc9em3hx/cp39-macosx_arm64/build/venv, clear=False, no_vcs_ignore=False, global=False)
2022-12-27T02:56:06.2048650Z   seeder FromAppData(download=False, pip=22.3.1, setuptools=65.6.3, wheel=0.38.4, via=symlink, app_data_dir=/Users/runner/Library/Application Support/virtualenv)
2022-12-27T02:56:06.2049030Z     added seed packages: pip==22.3.1, setuptools==65.6.3, wheel==0.38.4
2022-12-27T02:56:06.2143230Z + python -m pip install --upgrade pip -c /Users/runner/hostedtoolcache/Python/3.9.16/x64/lib/python3.9/site-packages/cibuildwheel/resources/constraints-python39.txt
2022-12-27T02:56:06.5093140Z Requirement already satisfied: pip in ./lib/python3.9/site-packages (22.3.1)
2022-12-27T02:56:06.8374280Z + which pip
2022-12-27T02:56:06.8391330Z /private/var/folders/51/hd414ycd67n82196sw51xqtc0000gn/T/cibw-run-uc9em3hx/cp39-macosx_arm64/build/venv/bin/pip
2022-12-27T02:56:06.8393790Z + pip --version
2022-12-27T02:56:07.0565080Z pip 22.3.1 from /private/var/folders/51/hd414ycd67n82196sw51xqtc0000gn/T/cibw-run-uc9em3hx/cp39-macosx_arm64/build/venv/lib/python3.9/site-packages/pip (python 3.9)
2022-12-27T02:56:07.0796680Z + which pip
2022-12-27T02:56:07.0827390Z + which python
2022-12-27T02:56:07.0848260Z /private/var/folders/51/hd414ycd67n82196sw51xqtc0000gn/T/cibw-run-uc9em3hx/cp39-macosx_arm64/build/venv/bin/python
2022-12-27T02:56:07.0850670Z + python --version
2022-12-27T02:56:07.0899260Z Python 3.9.13
2022-12-27T02:56:07.0902180Z + which python
2022-12-27T02:56:07.0955790Z ##[endgroup]
2022-12-27T02:56:07.0956330Z                                                               [32mâœ“ [0m1.07s
2022-12-27T02:56:07.0956880Z ##[group]Installing build tools...
2022-12-27T02:56:07.0957060Z 
2022-12-27T02:56:07.0957570Z + pip install --upgrade setuptools wheel delocate -c /Users/runner/hostedtoolcache/Python/3.9.16/x64/lib/python3.9/site-packages/cibuildwheel/resources/constraints-python39.txt
2022-12-27T02:56:07.3917590Z Requirement already satisfied: setuptools in /private/var/folders/51/hd414ycd67n82196sw51xqtc0000gn/T/cibw-run-uc9em3hx/cp39-macosx_arm64/build/venv/lib/python3.9/site-packages (65.6.3)
2022-12-27T02:56:07.6184450Z Requirement already satisfied: wheel in /private/var/folders/51/hd414ycd67n82196sw51xqtc0000gn/T/cibw-run-uc9em3hx/cp39-macosx_arm64/build/venv/lib/python3.9/site-packages (0.38.4)
2022-12-27T02:56:07.6736060Z Collecting delocate
2022-12-27T02:56:07.6760960Z   Using cached delocate-0.10.3-py3-none-any.whl (142 kB)
2022-12-27T02:56:07.9064400Z Collecting typing-extensions
2022-12-27T02:56:07.9093810Z   Using cached typing_extensions-4.4.0-py3-none-any.whl (26 kB)
2022-12-27T02:56:07.9365640Z Collecting packaging>=20.9
2022-12-27T02:56:07.9388620Z   Using cached packaging-21.3-py3-none-any.whl (40 kB)
2022-12-27T02:56:07.9798090Z Collecting pyparsing!=3.0.5,>=2.0.2
2022-12-27T02:56:07.9820050Z   Using cached pyparsing-3.0.9-py3-none-any.whl (98 kB)
2022-12-27T02:56:08.0195880Z Installing collected packages: typing-extensions, pyparsing, packaging, delocate
2022-12-27T02:56:08.1675400Z Successfully installed delocate-0.10.3 packaging-21.3 pyparsing-3.0.9 typing-extensions-4.4.0
2022-12-27T02:56:08.2114180Z ##[endgroup]
2022-12-27T02:56:08.2114860Z                                                               [32mâœ“ [0m1.12s
2022-12-27T02:56:08.2115340Z ##[group]Running before_build...
2022-12-27T02:56:08.2115480Z 
2022-12-27T02:56:08.2122930Z + pip install Cython; if [[ -f requirements.txt ]]; then pip install -r requirements.txt; fi
2022-12-27T02:56:08.9296670Z Collecting Cython
2022-12-27T02:56:08.9346200Z   Using cached Cython-0.29.32-py2.py3-none-any.whl (986 kB)
2022-12-27T02:56:08.9769730Z Installing collected packages: Cython
2022-12-27T02:56:09.4539490Z Successfully installed Cython-0.29.32
2022-12-27T02:56:10.2559280Z Collecting coverage>=4.0
2022-12-27T02:56:10.2589960Z   Using cached coverage-7.0.1-cp39-cp39-macosx_10_9_x86_64.whl (188 kB)
2022-12-27T02:56:10.2692580Z Requirement already satisfied: cython>=0.23 in /private/var/folders/51/hd414ycd67n82196sw51xqtc0000gn/T/cibw-run-uc9em3hx/cp39-macosx_arm64/build/venv/lib/python3.9/site-packages (from -r requirements.txt (line 3)) (0.29.32)
2022-12-27T02:56:10.2854100Z Collecting enum34>=1.0.4
2022-12-27T02:56:10.2875700Z   Using cached enum34-1.1.10-py3-none-any.whl (11 kB)
2022-12-27T02:56:10.3024260Z Collecting futures>=2.2.0
2022-12-27T02:56:10.3026800Z   Using cached futures-3.0.5-py3-none-any.whl
2022-12-27T02:56:10.8331250Z Collecting protobuf>=3.2.0
2022-12-27T02:56:10.8365970Z   Using cached protobuf-4.21.12-cp37-abi3-macosx_10_9_universal2.whl (486 kB)
2022-12-27T02:56:10.8564360Z Collecting six>=1.10
2022-12-27T02:56:10.8585370Z   Using cached six-1.16.0-py2.py3-none-any.whl (11 kB)
2022-12-27T02:56:10.8602970Z Requirement already satisfied: wheel>=0.29 in /private/var/folders/51/hd414ycd67n82196sw51xqtc0000gn/T/cibw-run-uc9em3hx/cp39-macosx_arm64/build/venv/lib/python3.9/site-packages (from -r requirements.txt (line 8)) (0.38.4)
2022-12-27T02:56:10.9007090Z Installing collected packages: futures, enum34, six, protobuf, coverage
2022-12-27T02:56:11.1738750Z Successfully installed coverage-7.0.1 enum34-1.1.10 futures-3.0.5 protobuf-4.21.12 six-1.16.0
2022-12-27T02:56:11.2282230Z ##[endgroup]
2022-12-27T02:56:11.2283120Z                                                               [32mâœ“ [0m3.02s
2022-12-27T02:56:11.2283660Z ##[group]Building wheel...
2022-12-27T02:56:11.2283840Z 
2022-12-27T02:56:11.2289130Z + python -m pip wheel /Users/runner/actions-runner/_work/python.build/python.build/build_grpcio13039/grpcio-1.3.0 --wheel-dir=/private/var/folders/51/hd414ycd67n82196sw51xqtc0000gn/T/cibw-run-uc9em3hx/cp39-macosx_arm64/built_wheel --no-deps -vvv
2022-12-27T02:56:11.5072710Z Created temporary directory: /private/var/folders/51/hd414ycd67n82196sw51xqtc0000gn/T/pip-ephem-wheel-cache-5ehw_edk
2022-12-27T02:56:11.5076820Z Created temporary directory: /private/var/folders/51/hd414ycd67n82196sw51xqtc0000gn/T/pip-build-tracker-c8dvgbfa
2022-12-27T02:56:11.5078830Z Initialized build tracking at /private/var/folders/51/hd414ycd67n82196sw51xqtc0000gn/T/pip-build-tracker-c8dvgbfa
2022-12-27T02:56:11.5081200Z Created build tracker: /private/var/folders/51/hd414ycd67n82196sw51xqtc0000gn/T/pip-build-tracker-c8dvgbfa
2022-12-27T02:56:11.5081850Z Entered build tracker: /private/var/folders/51/hd414ycd67n82196sw51xqtc0000gn/T/pip-build-tracker-c8dvgbfa
2022-12-27T02:56:11.5085220Z Created temporary directory: /private/var/folders/51/hd414ycd67n82196sw51xqtc0000gn/T/pip-wheel-dmke322d
2022-12-27T02:56:11.5091580Z Created temporary directory: /private/var/folders/51/hd414ycd67n82196sw51xqtc0000gn/T/pip-ephem-wheel-cache-cn4mtp40
2022-12-27T02:56:11.5266110Z Processing /Users/runner/actions-runner/_work/python.build/python.build/build_grpcio13039/grpcio-1.3.0
2022-12-27T02:56:11.5271840Z   Added file:///Users/runner/actions-runner/_work/python.build/python.build/build_grpcio13039/grpcio-1.3.0 to build tracker '/private/var/folders/51/hd414ycd67n82196sw51xqtc0000gn/T/pip-build-tracker-c8dvgbfa'
2022-12-27T02:56:11.5275680Z   Running setup.py (path:/Users/runner/actions-runner/_work/python.build/python.build/build_grpcio13039/grpcio-1.3.0/setup.py) egg_info for package from file:///Users/runner/actions-runner/_work/python.build/python.build/build_grpcio13039/grpcio-1.3.0
2022-12-27T02:56:11.5278770Z   Created temporary directory: /private/var/folders/51/hd414ycd67n82196sw51xqtc0000gn/T/pip-pip-egg-info-4pe0blqo
2022-12-27T02:56:11.5280220Z   Preparing metadata (setup.py): started
2022-12-27T02:56:11.5282130Z   Running command python setup.py egg_info
2022-12-27T02:56:11.9828620Z   /private/var/folders/51/hd414ycd67n82196sw51xqtc0000gn/T/cibw-run-uc9em3hx/cp39-macosx_arm64/build/venv/lib/python3.9/site-packages/Cython/Compiler/Main.py:369: FutureWarning: Cython directive 'language_level' not set, using 2 for now (Py2). This will change in a later release! File: /Users/runner/actions-runner/_work/python.build/python.build/build_grpcio13039/grpcio-1.3.0/src/python/grpcio/grpc/_cython/cygrpc.pxd
2022-12-27T02:56:11.9829490Z     tree = Parsing.p_module(s, pxd, full_module_name)
2022-12-27T02:56:12.0391050Z   warning: src/python/grpcio/grpc/_cython/_cygrpc/grpc.pxi:150:13: 'GRPC_ARG_PRIMARY_USER_AGENT_STRING' redeclared
2022-12-27T02:56:13.0020380Z   Compiling src/python/grpcio/grpc/_cython/cygrpc.pyx because it depends on /private/var/folders/51/hd414ycd67n82196sw51xqtc0000gn/T/cibw-run-uc9em3hx/cp39-macosx_arm64/build/venv/lib/python3.9/site-packages/Cython/Includes/libc/time.pxd.
2022-12-27T02:56:13.0021150Z   [1/1] Cythonizing src/python/grpcio/grpc/_cython/cygrpc.pyx
2022-12-27T02:56:13.0226220Z   running egg_info
2022-12-27T02:56:13.0232330Z   creating /private/var/folders/51/hd414ycd67n82196sw51xqtc0000gn/T/pip-pip-egg-info-4pe0blqo/grpcio.egg-info
2022-12-27T02:56:13.0245630Z   writing /private/var/folders/51/hd414ycd67n82196sw51xqtc0000gn/T/pip-pip-egg-info-4pe0blqo/grpcio.egg-info/PKG-INFO
2022-12-27T02:56:13.0248030Z   writing dependency_links to /private/var/folders/51/hd414ycd67n82196sw51xqtc0000gn/T/pip-pip-egg-info-4pe0blqo/grpcio.egg-info/dependency_links.txt
2022-12-27T02:56:13.0251310Z   writing requirements to /private/var/folders/51/hd414ycd67n82196sw51xqtc0000gn/T/pip-pip-egg-info-4pe0blqo/grpcio.egg-info/requires.txt
2022-12-27T02:56:13.0252830Z   writing top-level names to /private/var/folders/51/hd414ycd67n82196sw51xqtc0000gn/T/pip-pip-egg-info-4pe0blqo/grpcio.egg-info/top_level.txt
2022-12-27T02:56:13.0256550Z   writing manifest file '/private/var/folders/51/hd414ycd67n82196sw51xqtc0000gn/T/pip-pip-egg-info-4pe0blqo/grpcio.egg-info/SOURCES.txt'
2022-12-27T02:56:13.0348740Z   reading manifest file '/private/var/folders/51/hd414ycd67n82196sw51xqtc0000gn/T/pip-pip-egg-info-4pe0blqo/grpcio.egg-info/SOURCES.txt'
2022-12-27T02:56:13.0351110Z   reading manifest template 'PYTHON-MANIFEST.in'
2022-12-27T02:56:13.0377540Z   warning: no files found matching '*.h' under directory 'src/python/grpcio/grpc'
2022-12-27T02:56:13.0443490Z   warning: no files found matching '*.python' under directory 'src/python/grpcio/grpc'
2022-12-27T02:56:13.0458400Z   warning: no previously-included files matching '*.so' found under directory 'src/python/grpcio/grpc/_cython'
2022-12-27T02:56:13.0462010Z   warning: no previously-included files matching '*.pyd' found under directory 'src/python/grpcio/grpc/_cython'
2022-12-27T02:56:13.1054190Z   warning: no files found matching 'src/python/grpcio/precompiled.py'
2022-12-27T02:56:13.1443910Z   writing manifest file '/private/var/folders/51/hd414ycd67n82196sw51xqtc0000gn/T/pip-pip-egg-info-4pe0blqo/grpcio.egg-info/SOURCES.txt'
2022-12-27T02:56:13.2202260Z   Preparing metadata (setup.py): finished with status 'done'
2022-12-27T02:56:13.2229000Z   Source in /Users/runner/actions-runner/_work/python.build/python.build/build_grpcio13039/grpcio-1.3.0 has version 1.3.0, which satisfies requirement grpcio==1.3.0 from file:///Users/runner/actions-runner/_work/python.build/python.build/build_grpcio13039/grpcio-1.3.0
2022-12-27T02:56:13.2232090Z   Removed grpcio==1.3.0 from file:///Users/runner/actions-runner/_work/python.build/python.build/build_grpcio13039/grpcio-1.3.0 from build tracker '/private/var/folders/51/hd414ycd67n82196sw51xqtc0000gn/T/pip-build-tracker-c8dvgbfa'
2022-12-27T02:56:13.2250130Z Created temporary directory: /private/var/folders/51/hd414ycd67n82196sw51xqtc0000gn/T/pip-unpack-tvckm1mu
2022-12-27T02:56:13.2252210Z Building wheels for collected packages: grpcio
2022-12-27T02:56:13.2259710Z   Created temporary directory: /private/var/folders/51/hd414ycd67n82196sw51xqtc0000gn/T/pip-wheel-qri53w9s
2022-12-27T02:56:13.2260750Z   Building wheel for grpcio (setup.py): started
2022-12-27T02:56:13.2262690Z   Destination directory: /private/var/folders/51/hd414ycd67n82196sw51xqtc0000gn/T/pip-wheel-qri53w9s
2022-12-27T02:56:13.2264020Z   Running command python setup.py bdist_wheel
2022-12-27T02:56:13.6524930Z   running bdist_wheel
2022-12-27T02:56:13.6553970Z   running build
2022-12-27T02:56:13.6556080Z   running build_py
2022-12-27T02:56:13.6558110Z   running build_project_metadata
2022-12-27T02:56:13.6564100Z   creating python_build
2022-12-27T02:56:13.6567480Z   creating python_build/lib.macosx-11.0-arm64-cpython-39
2022-12-27T02:56:13.6568600Z   creating python_build/lib.macosx-11.0-arm64-cpython-39/grpc
2022-12-27T02:56:13.6570320Z   copying src/python/grpcio/grpc/_channel.py -> python_build/lib.macosx-11.0-arm64-cpython-39/grpc
2022-12-27T02:56:13.6572250Z   copying src/python/grpcio/grpc/_common.py -> python_build/lib.macosx-11.0-arm64-cpython-39/grpc
2022-12-27T02:56:13.6573570Z   copying src/python/grpcio/grpc/__init__.py -> python_build/lib.macosx-11.0-arm64-cpython-39/grpc
2022-12-27T02:56:13.6575370Z   copying src/python/grpcio/grpc/_utilities.py -> python_build/lib.macosx-11.0-arm64-cpython-39/grpc
2022-12-27T02:56:13.6579850Z   copying src/python/grpcio/grpc/_plugin_wrapping.py -> python_build/lib.macosx-11.0-arm64-cpython-39/grpc
2022-12-27T02:56:13.6583190Z   copying src/python/grpcio/grpc/_grpcio_metadata.py -> python_build/lib.macosx-11.0-arm64-cpython-39/grpc
2022-12-27T02:56:13.6585310Z   copying src/python/grpcio/grpc/_server.py -> python_build/lib.macosx-11.0-arm64-cpython-39/grpc
2022-12-27T02:56:13.6588650Z   copying src/python/grpcio/grpc/_auth.py -> python_build/lib.macosx-11.0-arm64-cpython-39/grpc
2022-12-27T02:56:13.6592480Z   copying src/python/grpcio/grpc/_credential_composition.py -> python_build/lib.macosx-11.0-arm64-cpython-39/grpc
2022-12-27T02:56:13.6596550Z   creating python_build/lib.macosx-11.0-arm64-cpython-39/grpc/beta
2022-12-27T02:56:13.6598470Z   copying src/python/grpcio/grpc/beta/_server_adaptations.py -> python_build/lib.macosx-11.0-arm64-cpython-39/grpc/beta
2022-12-27T02:56:13.6600540Z   copying src/python/grpcio/grpc/beta/interfaces.py -> python_build/lib.macosx-11.0-arm64-cpython-39/grpc/beta
2022-12-27T02:56:13.6603050Z   copying src/python/grpcio/grpc/beta/__init__.py -> python_build/lib.macosx-11.0-arm64-cpython-39/grpc/beta
2022-12-27T02:56:13.6605530Z   copying src/python/grpcio/grpc/beta/utilities.py -> python_build/lib.macosx-11.0-arm64-cpython-39/grpc/beta
2022-12-27T02:56:13.6609280Z   copying src/python/grpcio/grpc/beta/implementations.py -> python_build/lib.macosx-11.0-arm64-cpython-39/grpc/beta
2022-12-27T02:56:13.6611300Z   copying src/python/grpcio/grpc/beta/_client_adaptations.py -> python_build/lib.macosx-11.0-arm64-cpython-39/grpc/beta
2022-12-27T02:56:13.6616120Z   creating python_build/lib.macosx-11.0-arm64-cpython-39/grpc/framework
2022-12-27T02:56:13.6617870Z   copying src/python/grpcio/grpc/framework/__init__.py -> python_build/lib.macosx-11.0-arm64-cpython-39/grpc/framework
2022-12-27T02:56:13.6621400Z   creating python_build/lib.macosx-11.0-arm64-cpython-39/grpc/_cython
2022-12-27T02:56:13.6623000Z   copying src/python/grpcio/grpc/_cython/__init__.py -> python_build/lib.macosx-11.0-arm64-cpython-39/grpc/_cython
2022-12-27T02:56:13.6628430Z   creating python_build/lib.macosx-11.0-arm64-cpython-39/grpc/framework/foundation
2022-12-27T02:56:13.6630210Z   copying src/python/grpcio/grpc/framework/foundation/callable_util.py -> python_build/lib.macosx-11.0-arm64-cpython-39/grpc/framework/foundation
2022-12-27T02:56:13.6633140Z   copying src/python/grpcio/grpc/framework/foundation/abandonment.py -> python_build/lib.macosx-11.0-arm64-cpython-39/grpc/framework/foundation
2022-12-27T02:56:13.6635550Z   copying src/python/grpcio/grpc/framework/foundation/__init__.py -> python_build/lib.macosx-11.0-arm64-cpython-39/grpc/framework/foundation
2022-12-27T02:56:13.6638160Z   copying src/python/grpcio/grpc/framework/foundation/stream.py -> python_build/lib.macosx-11.0-arm64-cpython-39/grpc/framework/foundation
2022-12-27T02:56:13.6641080Z   copying src/python/grpcio/grpc/framework/foundation/stream_util.py -> python_build/lib.macosx-11.0-arm64-cpython-39/grpc/framework/foundation
2022-12-27T02:56:13.6642980Z   copying src/python/grpcio/grpc/framework/foundation/future.py -> python_build/lib.macosx-11.0-arm64-cpython-39/grpc/framework/foundation
2022-12-27T02:56:13.6646280Z   copying src/python/grpcio/grpc/framework/foundation/logging_pool.py -> python_build/lib.macosx-11.0-arm64-cpython-39/grpc/framework/foundation
2022-12-27T02:56:13.6650690Z   creating python_build/lib.macosx-11.0-arm64-cpython-39/grpc/framework/common
2022-12-27T02:56:13.6652370Z   copying src/python/grpcio/grpc/framework/common/style.py -> python_build/lib.macosx-11.0-arm64-cpython-39/grpc/framework/common
2022-12-27T02:56:13.6655740Z   copying src/python/grpcio/grpc/framework/common/cardinality.py -> python_build/lib.macosx-11.0-arm64-cpython-39/grpc/framework/common
2022-12-27T02:56:13.6657420Z   copying src/python/grpcio/grpc/framework/common/__init__.py -> python_build/lib.macosx-11.0-arm64-cpython-39/grpc/framework/common
2022-12-27T02:56:13.6661470Z   creating python_build/lib.macosx-11.0-arm64-cpython-39/grpc/framework/interfaces
2022-12-27T02:56:13.6663500Z   copying src/python/grpcio/grpc/framework/interfaces/__init__.py -> python_build/lib.macosx-11.0-arm64-cpython-39/grpc/framework/interfaces
2022-12-27T02:56:13.6667540Z   creating python_build/lib.macosx-11.0-arm64-cpython-39/grpc/framework/interfaces/face
2022-12-27T02:56:13.6669540Z   copying src/python/grpcio/grpc/framework/interfaces/face/__init__.py -> python_build/lib.macosx-11.0-arm64-cpython-39/grpc/framework/interfaces/face
2022-12-27T02:56:13.6671290Z   copying src/python/grpcio/grpc/framework/interfaces/face/utilities.py -> python_build/lib.macosx-11.0-arm64-cpython-39/grpc/framework/interfaces/face
2022-12-27T02:56:13.6674500Z   copying src/python/grpcio/grpc/framework/interfaces/face/face.py -> python_build/lib.macosx-11.0-arm64-cpython-39/grpc/framework/interfaces/face
2022-12-27T02:56:13.6680130Z   creating python_build/lib.macosx-11.0-arm64-cpython-39/grpc/framework/interfaces/base
2022-12-27T02:56:13.6681670Z   copying src/python/grpcio/grpc/framework/interfaces/base/__init__.py -> python_build/lib.macosx-11.0-arm64-cpython-39/grpc/framework/interfaces/base
2022-12-27T02:56:13.6684510Z   copying src/python/grpcio/grpc/framework/interfaces/base/utilities.py -> python_build/lib.macosx-11.0-arm64-cpython-39/grpc/framework/interfaces/base
2022-12-27T02:56:13.6687090Z   copying src/python/grpcio/grpc/framework/interfaces/base/base.py -> python_build/lib.macosx-11.0-arm64-cpython-39/grpc/framework/interfaces/base
2022-12-27T02:56:13.6691250Z   creating python_build/lib.macosx-11.0-arm64-cpython-39/grpc/_cython/_cygrpc
2022-12-27T02:56:13.6692980Z   copying src/python/grpcio/grpc/_cython/_cygrpc/__init__.py -> python_build/lib.macosx-11.0-arm64-cpython-39/grpc/_cython/_cygrpc
2022-12-27T02:56:13.6697820Z   creating python_build/lib.macosx-11.0-arm64-cpython-39/grpc/_cython/_credentials
2022-12-27T02:56:13.6699480Z   copying src/python/grpcio/grpc/_cython/_credentials/roots.pem -> python_build/lib.macosx-11.0-arm64-cpython-39/grpc/_cython/_credentials
2022-12-27T02:56:13.6722980Z   running build_ext
2022-12-27T02:56:13.7015600Z   Found cython-generated files...
2022-12-27T02:56:13.7024670Z   building 'grpc._cython.cygrpc' extension
2022-12-27T02:56:13.7051700Z   creating python_build/temp.macosx-11.0-arm64-cpython-39
2022-12-27T02:56:13.7053540Z   creating python_build/temp.macosx-11.0-arm64-cpython-39/src
2022-12-27T02:56:13.7055180Z   creating python_build/temp.macosx-11.0-arm64-cpython-39/src/boringssl
2022-12-27T02:56:13.7056680Z   creating python_build/temp.macosx-11.0-arm64-cpython-39/src/core
2022-12-27T02:56:13.7058050Z   creating python_build/temp.macosx-11.0-arm64-cpython-39/src/core/ext
2022-12-27T02:56:13.7059620Z   creating python_build/temp.macosx-11.0-arm64-cpython-39/src/core/ext/census
2022-12-27T02:56:13.7061060Z   creating python_build/temp.macosx-11.0-arm64-cpython-39/src/core/ext/census/gen
2022-12-27T02:56:13.7125430Z   creating python_build/temp.macosx-11.0-arm64-cpython-39/src/core/ext/filters
2022-12-27T02:56:13.7126750Z   creating python_build/temp.macosx-11.0-arm64-cpython-39/src/core/ext/filters/client_channel
2022-12-27T02:56:13.7127920Z   creating python_build/temp.macosx-11.0-arm64-cpython-39/src/core/ext/filters/client_channel/lb_policy
2022-12-27T02:56:13.7130220Z   creating python_build/temp.macosx-11.0-arm64-cpython-39/src/core/ext/filters/client_channel/lb_policy/grpclb
2022-12-27T02:56:13.7131340Z   creating python_build/temp.macosx-11.0-arm64-cpython-39/src/core/ext/filters/client_channel/lb_policy/grpclb/proto
2022-12-27T02:56:13.7132260Z   creating python_build/temp.macosx-11.0-arm64-cpython-39/src/core/ext/filters/client_channel/lb_policy/grpclb/proto/grpc
2022-12-27T02:56:13.7133160Z   creating python_build/temp.macosx-11.0-arm64-cpython-39/src/core/ext/filters/client_channel/lb_policy/grpclb/proto/grpc/lb
2022-12-27T02:56:13.7134090Z   creating python_build/temp.macosx-11.0-arm64-cpython-39/src/core/ext/filters/client_channel/lb_policy/grpclb/proto/grpc/lb/v1
2022-12-27T02:56:13.7134990Z   creating python_build/temp.macosx-11.0-arm64-cpython-39/src/core/ext/filters/client_channel/lb_policy/pick_first
2022-12-27T02:56:13.7135750Z   creating python_build/temp.macosx-11.0-arm64-cpython-39/src/core/ext/filters/client_channel/lb_policy/round_robin
2022-12-27T02:56:13.7136530Z   creating python_build/temp.macosx-11.0-arm64-cpython-39/src/core/ext/filters/client_channel/resolver
2022-12-27T02:56:13.7137550Z   creating python_build/temp.macosx-11.0-arm64-cpython-39/src/core/ext/filters/client_channel/resolver/dns
2022-12-27T02:56:13.7138340Z   creating python_build/temp.macosx-11.0-arm64-cpython-39/src/core/ext/filters/client_channel/resolver/dns/c_ares
2022-12-27T02:56:13.7139120Z   creating python_build/temp.macosx-11.0-arm64-cpython-39/src/core/ext/filters/client_channel/resolver/dns/native
2022-12-27T02:56:13.7139860Z   creating python_build/temp.macosx-11.0-arm64-cpython-39/src/core/ext/filters/client_channel/resolver/sockaddr
2022-12-27T02:56:13.7140590Z   creating python_build/temp.macosx-11.0-arm64-cpython-39/src/core/ext/filters/load_reporting
2022-12-27T02:56:13.7141550Z   creating python_build/temp.macosx-11.0-arm64-cpython-39/src/core/ext/filters/max_age
2022-12-27T02:56:13.7142510Z   creating python_build/temp.macosx-11.0-arm64-cpython-39/src/core/ext/transport
2022-12-27T02:56:13.7143150Z   creating python_build/temp.macosx-11.0-arm64-cpython-39/src/core/ext/transport/chttp2
2022-12-27T02:56:13.7143870Z   creating python_build/temp.macosx-11.0-arm64-cpython-39/src/core/ext/transport/chttp2/alpn
2022-12-27T02:56:13.7144580Z   creating python_build/temp.macosx-11.0-arm64-cpython-39/src/core/ext/transport/chttp2/client
2022-12-27T02:56:13.7145310Z   creating python_build/temp.macosx-11.0-arm64-cpython-39/src/core/ext/transport/chttp2/client/insecure
2022-12-27T02:56:13.7145780Z   creating python_build/temp.macosx-11.0-arm64-cpython-39/src/core/ext/transport/chttp2/client/secure
2022-12-27T02:56:13.7146280Z   creating python_build/temp.macosx-11.0-arm64-cpython-39/src/core/ext/transport/chttp2/server
2022-12-27T02:56:13.7146750Z   creating python_build/temp.macosx-11.0-arm64-cpython-39/src/core/ext/transport/chttp2/server/insecure
2022-12-27T02:56:13.7147260Z   creating python_build/temp.macosx-11.0-arm64-cpython-39/src/core/ext/transport/chttp2/server/secure
2022-12-27T02:56:13.7147790Z   creating python_build/temp.macosx-11.0-arm64-cpython-39/src/core/ext/transport/chttp2/transport
2022-12-27T02:56:13.7148240Z   creating python_build/temp.macosx-11.0-arm64-cpython-39/src/core/lib
2022-12-27T02:56:13.7148650Z   creating python_build/temp.macosx-11.0-arm64-cpython-39/src/core/lib/channel
2022-12-27T02:56:13.7149060Z   creating python_build/temp.macosx-11.0-arm64-cpython-39/src/core/lib/compression
2022-12-27T02:56:13.7149810Z   creating python_build/temp.macosx-11.0-arm64-cpython-39/src/core/lib/debug
2022-12-27T02:56:13.7150240Z   creating python_build/temp.macosx-11.0-arm64-cpython-39/src/core/lib/http
2022-12-27T02:56:13.7150660Z   creating python_build/temp.macosx-11.0-arm64-cpython-39/src/core/lib/iomgr
2022-12-27T02:56:13.7151050Z   creating python_build/temp.macosx-11.0-arm64-cpython-39/src/core/lib/json
2022-12-27T02:56:13.7151490Z   creating python_build/temp.macosx-11.0-arm64-cpython-39/src/core/lib/profiling
2022-12-27T02:56:13.7152180Z   creating python_build/temp.macosx-11.0-arm64-cpython-39/src/core/lib/security
2022-12-27T02:56:13.7152600Z   creating python_build/temp.macosx-11.0-arm64-cpython-39/src/core/lib/security/context
2022-12-27T02:56:13.7153070Z   creating python_build/temp.macosx-11.0-arm64-cpython-39/src/core/lib/security/credentials
2022-12-27T02:56:13.7153570Z   creating python_build/temp.macosx-11.0-arm64-cpython-39/src/core/lib/security/credentials/composite
2022-12-27T02:56:13.7154070Z   creating python_build/temp.macosx-11.0-arm64-cpython-39/src/core/lib/security/credentials/fake
2022-12-27T02:56:13.7154550Z   creating python_build/temp.macosx-11.0-arm64-cpython-39/src/core/lib/security/credentials/google_default
2022-12-27T02:56:13.7155310Z   creating python_build/temp.macosx-11.0-arm64-cpython-39/src/core/lib/security/credentials/iam
2022-12-27T02:56:13.7155820Z   creating python_build/temp.macosx-11.0-arm64-cpython-39/src/core/lib/security/credentials/jwt
2022-12-27T02:56:13.7156320Z   creating python_build/temp.macosx-11.0-arm64-cpython-39/src/core/lib/security/credentials/oauth2
2022-12-27T02:56:13.7156760Z   creating python_build/temp.macosx-11.0-arm64-cpython-39/src/core/lib/security/credentials/plugin
2022-12-27T02:56:13.7157210Z   creating python_build/temp.macosx-11.0-arm64-cpython-39/src/core/lib/security/credentials/ssl
2022-12-27T02:56:13.7157630Z   creating python_build/temp.macosx-11.0-arm64-cpython-39/src/core/lib/security/transport
2022-12-27T02:56:13.7158020Z   creating python_build/temp.macosx-11.0-arm64-cpython-39/src/core/lib/security/util
2022-12-27T02:56:13.7158420Z   creating python_build/temp.macosx-11.0-arm64-cpython-39/src/core/lib/slice
2022-12-27T02:56:13.7158810Z   creating python_build/temp.macosx-11.0-arm64-cpython-39/src/core/lib/support
2022-12-27T02:56:13.7159190Z   creating python_build/temp.macosx-11.0-arm64-cpython-39/src/core/lib/surface
2022-12-27T02:56:13.7159830Z   creating python_build/temp.macosx-11.0-arm64-cpython-39/src/core/lib/transport
2022-12-27T02:56:13.7160220Z   creating python_build/temp.macosx-11.0-arm64-cpython-39/src/core/plugin_registry
2022-12-27T02:56:13.7160630Z   creating python_build/temp.macosx-11.0-arm64-cpython-39/src/core/tsi
2022-12-27T02:56:13.7160970Z   creating python_build/temp.macosx-11.0-arm64-cpython-39/src/python
2022-12-27T02:56:13.7162440Z   creating python_build/temp.macosx-11.0-arm64-cpython-39/src/python/grpcio
2022-12-27T02:56:13.7163840Z   creating python_build/temp.macosx-11.0-arm64-cpython-39/src/python/grpcio/grpc
2022-12-27T02:56:13.7165500Z   creating python_build/temp.macosx-11.0-arm64-cpython-39/src/python/grpcio/grpc/_cython
2022-12-27T02:56:13.7167550Z   creating python_build/temp.macosx-11.0-arm64-cpython-39/third_party
2022-12-27T02:56:13.7168790Z   creating python_build/temp.macosx-11.0-arm64-cpython-39/third_party/boringssl
2022-12-27T02:56:13.7170250Z   creating python_build/temp.macosx-11.0-arm64-cpython-39/third_party/boringssl/crypto
2022-12-27T02:56:13.7171870Z   creating python_build/temp.macosx-11.0-arm64-cpython-39/third_party/boringssl/crypto/aes
2022-12-27T02:56:13.7173250Z   creating python_build/temp.macosx-11.0-arm64-cpython-39/third_party/boringssl/crypto/asn1
2022-12-27T02:56:13.7174720Z   creating python_build/temp.macosx-11.0-arm64-cpython-39/third_party/boringssl/crypto/base64
2022-12-27T02:56:13.7176160Z   creating python_build/temp.macosx-11.0-arm64-cpython-39/third_party/boringssl/crypto/bio
2022-12-27T02:56:13.7177700Z   creating python_build/temp.macosx-11.0-arm64-cpython-39/third_party/boringssl/crypto/bn
2022-12-27T02:56:13.7179130Z   creating python_build/temp.macosx-11.0-arm64-cpython-39/third_party/boringssl/crypto/bn/asm
2022-12-27T02:56:13.7182280Z   creating python_build/temp.macosx-11.0-arm64-cpython-39/third_party/boringssl/crypto/buf
2022-12-27T02:56:13.7183870Z   creating python_build/temp.macosx-11.0-arm64-cpython-39/third_party/boringssl/crypto/bytestring
2022-12-27T02:56:13.7186560Z   creating python_build/temp.macosx-11.0-arm64-cpython-39/third_party/boringssl/crypto/chacha
2022-12-27T02:56:13.7188580Z   creating python_build/temp.macosx-11.0-arm64-cpython-39/third_party/boringssl/crypto/cipher
2022-12-27T02:56:13.7190060Z   creating python_build/temp.macosx-11.0-arm64-cpython-39/third_party/boringssl/crypto/cmac
2022-12-27T02:56:13.7191630Z   creating python_build/temp.macosx-11.0-arm64-cpython-39/third_party/boringssl/crypto/conf
2022-12-27T02:56:13.7193290Z   creating python_build/temp.macosx-11.0-arm64-cpython-39/third_party/boringssl/crypto/curve25519
2022-12-27T02:56:13.7194890Z   creating python_build/temp.macosx-11.0-arm64-cpython-39/third_party/boringssl/crypto/des
2022-12-27T02:56:13.7196400Z   creating python_build/temp.macosx-11.0-arm64-cpython-39/third_party/boringssl/crypto/dh
2022-12-27T02:56:13.7197840Z   creating python_build/temp.macosx-11.0-arm64-cpython-39/third_party/boringssl/crypto/digest
2022-12-27T02:56:13.7199620Z   creating python_build/temp.macosx-11.0-arm64-cpython-39/third_party/boringssl/crypto/dsa
2022-12-27T02:56:13.7202210Z   creating python_build/temp.macosx-11.0-arm64-cpython-39/third_party/boringssl/crypto/ec
2022-12-27T02:56:13.7203950Z   creating python_build/temp.macosx-11.0-arm64-cpython-39/third_party/boringssl/crypto/ecdh
2022-12-27T02:56:13.7205690Z   creating python_build/temp.macosx-11.0-arm64-cpython-39/third_party/boringssl/crypto/ecdsa
2022-12-27T02:56:13.7207330Z   creating python_build/temp.macosx-11.0-arm64-cpython-39/third_party/boringssl/crypto/engine
2022-12-27T02:56:13.7209120Z   creating python_build/temp.macosx-11.0-arm64-cpython-39/third_party/boringssl/crypto/err
2022-12-27T02:56:13.7210610Z   creating python_build/temp.macosx-11.0-arm64-cpython-39/third_party/boringssl/crypto/evp
2022-12-27T02:56:13.7212920Z   creating python_build/temp.macosx-11.0-arm64-cpython-39/third_party/boringssl/crypto/hkdf
2022-12-27T02:56:13.7214630Z   creating python_build/temp.macosx-11.0-arm64-cpython-39/third_party/boringssl/crypto/hmac
2022-12-27T02:56:13.7216230Z   creating python_build/temp.macosx-11.0-arm64-cpython-39/third_party/boringssl/crypto/lhash
2022-12-27T02:56:13.7217720Z   creating python_build/temp.macosx-11.0-arm64-cpython-39/third_party/boringssl/crypto/md4
2022-12-27T02:56:13.7219350Z   creating python_build/temp.macosx-11.0-arm64-cpython-39/third_party/boringssl/crypto/md5
2022-12-27T02:56:13.7221020Z   creating python_build/temp.macosx-11.0-arm64-cpython-39/third_party/boringssl/crypto/modes
2022-12-27T02:56:13.7222810Z   creating python_build/temp.macosx-11.0-arm64-cpython-39/third_party/boringssl/crypto/newhope
2022-12-27T02:56:13.7224550Z   creating python_build/temp.macosx-11.0-arm64-cpython-39/third_party/boringssl/crypto/obj
2022-12-27T02:56:13.7226070Z   creating python_build/temp.macosx-11.0-arm64-cpython-39/third_party/boringssl/crypto/pem
2022-12-27T02:56:13.7228320Z   creating python_build/temp.macosx-11.0-arm64-cpython-39/third_party/boringssl/crypto/pkcs8
2022-12-27T02:56:13.7229940Z   creating python_build/temp.macosx-11.0-arm64-cpython-39/third_party/boringssl/crypto/poly1305
2022-12-27T02:56:13.7231760Z   creating python_build/temp.macosx-11.0-arm64-cpython-39/third_party/boringssl/crypto/rand
2022-12-27T02:56:13.7233810Z   creating python_build/temp.macosx-11.0-arm64-cpython-39/third_party/boringssl/crypto/rc4
2022-12-27T02:56:13.7235480Z   creating python_build/temp.macosx-11.0-arm64-cpython-39/third_party/boringssl/crypto/rsa
2022-12-27T02:56:13.7237120Z   creating python_build/temp.macosx-11.0-arm64-cpython-39/third_party/boringssl/crypto/sha
2022-12-27T02:56:13.7238840Z   creating python_build/temp.macosx-11.0-arm64-cpython-39/third_party/boringssl/crypto/stack
2022-12-27T02:56:13.7240850Z   creating python_build/temp.macosx-11.0-arm64-cpython-39/third_party/boringssl/crypto/x509
2022-12-27T02:56:13.7246800Z   creating python_build/temp.macosx-11.0-arm64-cpython-39/third_party/boringssl/crypto/x509v3
2022-12-27T02:56:13.7251080Z   creating python_build/temp.macosx-11.0-arm64-cpython-39/third_party/boringssl/ssl
2022-12-27T02:56:13.7255330Z   creating python_build/temp.macosx-11.0-arm64-cpython-39/third_party/cares
2022-12-27T02:56:13.7257380Z   creating python_build/temp.macosx-11.0-arm64-cpython-39/third_party/cares/cares
2022-12-27T02:56:13.7262040Z   creating python_build/temp.macosx-11.0-arm64-cpython-39/third_party/nanopb
2022-12-27T02:56:13.7263480Z   creating python_build/temp.macosx-11.0-arm64-cpython-39/third_party/zlib
2022-12-27T02:56:13.7269020Z   gcc -Wno-unused-result -Wsign-compare -Wunreachable-code -fno-common -dynamic -DNDEBUG -g -fwrapv -O3 -Wall -g -I/usr/local/opt/openssl@3/include -I/usr/local/opt/openssl@3/include -arch arm64 -DOPENSSL_NO_ASM=1 -D_WIN32_WINNT=1536 -DGPR_BACKWARDS_COMPATIBILITY_MODE=1 -DHAVE_CONFIG_H=1 "-DPyMODINIT_FUNC=__attribute__((visibility (\"default\"))) PyObject*" -Isrc/python/grpcio -Iinclude -I. -Ithird_party/boringssl/include -Ithird_party/zlib -Ithird_party/cares -Ithird_party/cares/cares -Ithird_party/cares/config_darwin -I/private/var/folders/51/hd414ycd67n82196sw51xqtc0000gn/T/cibw-run-uc9em3hx/cp39-macosx_arm64/build/venv/include -I/Library/Frameworks/Python.framework/Versions/3.9/include/python3.9 -c src/boringssl/err_data.c -o python_build/temp.macosx-11.0-arm64-cpython-39/src/boringssl/err_data.o -fvisibility=hidden -fno-wrapv -pthread -std=gnu99
2022-12-27T02:56:13.7631230Z   In file included from src/boringssl/err_data.c:17:
2022-12-27T02:56:13.7634040Z   third_party/boringssl/include/openssl/base.h:120:9: warning: 'OPENSSL_VERSION_NUMBER' macro redefined [-Wmacro-redefined]
2022-12-27T02:56:13.7635520Z   #define OPENSSL_VERSION_NUMBER 0x10002000
2022-12-27T02:56:13.7636790Z           ^
2022-12-27T02:56:13.7638400Z   /usr/local/opt/openssl@3/include/openssl/opensslv.h:99:10: note: previous definition is here
2022-12-27T02:56:13.7639640Z   # define OPENSSL_VERSION_NUMBER          \
2022-12-27T02:56:13.7641070Z            ^
2022-12-27T02:56:13.7642710Z   In file included from src/boringssl/err_data.c:18:
2022-12-27T02:56:13.7644120Z   In file included from /usr/local/opt/openssl@3/include/openssl/err.h:21:
2022-12-27T02:56:13.7645830Z   /usr/local/opt/openssl@3/include/openssl/e_os2.h:183:11: warning: 'OPENSSL_EXPORT' macro redefined [-Wmacro-redefined]
2022-12-27T02:56:13.7646750Z   #  define OPENSSL_EXPORT extern
2022-12-27T02:56:13.7648330Z             ^
2022-12-27T02:56:13.7649580Z   third_party/boringssl/include/openssl/base.h:155:9: note: previous definition is here
2022-12-27T02:56:13.7650860Z   #define OPENSSL_EXPORT
2022-12-27T02:56:13.7652340Z           ^
2022-12-27T02:56:13.7698060Z   In file included from src/boringssl/err_data.c:18:
2022-12-27T02:56:13.7700120Z   In file included from /usr/local/opt/openssl@3/include/openssl/err.h:28:
2022-12-27T02:56:13.7702060Z   In file included from /usr/local/opt/openssl@3/include/openssl/types.h:21:
2022-12-27T02:56:13.7704620Z   /usr/local/opt/openssl@3/include/openssl/safestack.h:264:15: warning: redefinition of typedef 'OPENSSL_BLOCK' is a C11 feature [-Wtypedef-redefinition]
2022-12-27T02:56:13.7705690Z   typedef void *OPENSSL_BLOCK;
2022-12-27T02:56:13.7707150Z                 ^
2022-12-27T02:56:13.7708800Z   third_party/boringssl/include/openssl/base.h:298:15: note: previous definition is here
2022-12-27T02:56:13.7710110Z   typedef void *OPENSSL_BLOCK;
2022-12-27T02:56:13.7711440Z                 ^
2022-12-27T02:56:13.7712860Z   In file included from src/boringssl/err_data.c:18:
2022-12-27T02:56:13.7714310Z   In file included from /usr/local/opt/openssl@3/include/openssl/err.h:28:
2022-12-27T02:56:13.7716040Z   /usr/local/opt/openssl@3/include/openssl/types.h:45:31: warning: redefinition of typedef 'ASN1_INTEGER' is a C11 feature [-Wtypedef-redefinition]
2022-12-27T02:56:13.7717250Z   typedef struct asn1_string_st ASN1_INTEGER;
2022-12-27T02:56:13.7718430Z                                 ^
2022-12-27T02:56:13.7719970Z   third_party/boringssl/include/openssl/base.h:189:31: note: previous definition is here
2022-12-27T02:56:13.7721180Z   typedef struct asn1_string_st ASN1_INTEGER;
2022-12-27T02:56:13.7722460Z                                 ^
2022-12-27T02:56:13.7723830Z   In file included from src/boringssl/err_data.c:18:
2022-12-27T02:56:13.7725430Z   In file included from /usr/local/opt/openssl@3/include/openssl/err.h:28:
2022-12-27T02:56:13.7726850Z   /usr/local/opt/openssl@3/include/openssl/types.h:46:31: warning: redefinition of typedef 'ASN1_ENUMERATED' is a C11 feature [-Wtypedef-redefinition]
2022-12-27T02:56:13.7728020Z   typedef struct asn1_string_st ASN1_ENUMERATED;
2022-12-27T02:56:13.7729310Z                                 ^
2022-12-27T02:56:13.7730770Z   third_party/boringssl/include/openssl/base.h:185:31: note: previous definition is here
2022-12-27T02:56:13.7732060Z   typedef struct asn1_string_st ASN1_ENUMERATED;
2022-12-27T02:56:13.7733350Z                                 ^
2022-12-27T02:56:13.7734690Z   In file included from src/boringssl/err_data.c:18:
2022-12-27T02:56:13.7736050Z   In file included from /usr/local/opt/openssl@3/include/openssl/err.h:28:
2022-12-27T02:56:13.7737690Z   /usr/local/opt/openssl@3/include/openssl/types.h:47:31: warning: redefinition of typedef 'ASN1_BIT_STRING' is a C11 feature [-Wtypedef-redefinition]
2022-12-27T02:56:13.7738840Z   typedef struct asn1_string_st ASN1_BIT_STRING;
2022-12-27T02:56:13.7740130Z                                 ^
2022-12-27T02:56:13.7741560Z   third_party/boringssl/include/openssl/base.h:183:31: note: previous definition is here
2022-12-27T02:56:13.7742860Z   typedef struct asn1_string_st ASN1_BIT_STRING;
2022-12-27T02:56:13.7744160Z                                 ^
2022-12-27T02:56:13.7745560Z   In file included from src/boringssl/err_data.c:18:
2022-12-27T02:56:13.7746930Z   In file included from /usr/local/opt/openssl@3/include/openssl/err.h:28:
2022-12-27T02:56:13.7748740Z   /usr/local/opt/openssl@3/include/openssl/types.h:48:31: warning: redefinition of typedef 'ASN1_OCTET_STRING' is a C11 feature [-Wtypedef-redefinition]
2022-12-27T02:56:13.7749870Z   typedef struct asn1_string_st ASN1_OCTET_STRING;
2022-12-27T02:56:13.7751120Z                                 ^
2022-12-27T02:56:13.7752540Z   third_party/boringssl/include/openssl/base.h:190:31: note: previous definition is here
2022-12-27T02:56:13.7753840Z   typedef struct asn1_string_st ASN1_OCTET_STRING;
2022-12-27T02:56:13.7755090Z                                 ^
2022-12-27T02:56:13.7756450Z   In file included from src/boringssl/err_data.c:18:
2022-12-27T02:56:13.7757810Z   In file included from /usr/local/opt/openssl@3/include/openssl/err.h:28:
2022-12-27T02:56:13.7759450Z   /usr/local/opt/openssl@3/include/openssl/types.h:49:31: warning: redefinition of typedef 'ASN1_PRINTABLESTRING' is a C11 feature [-Wtypedef-redefinition]
2022-12-27T02:56:13.7760600Z   typedef struct asn1_string_st ASN1_PRINTABLESTRING;
2022-12-27T02:56:13.7761880Z                                 ^
2022-12-27T02:56:13.7763320Z   third_party/boringssl/include/openssl/base.h:191:31: note: previous definition is here
2022-12-27T02:56:13.7764640Z   typedef struct asn1_string_st ASN1_PRINTABLESTRING;
2022-12-27T02:56:13.7765910Z                                 ^
2022-12-27T02:56:13.7767300Z   In file included from src/boringssl/err_data.c:18:
2022-12-27T02:56:13.7768760Z   In file included from /usr/local/opt/openssl@3/include/openssl/err.h:28:
2022-12-27T02:56:13.7770350Z   /usr/local/opt/openssl@3/include/openssl/types.h:50:31: warning: redefinition of typedef 'ASN1_T61STRING' is a C11 feature [-Wtypedef-redefinition]
2022-12-27T02:56:13.7771460Z   typedef struct asn1_string_st ASN1_T61STRING;
2022-12-27T02:56:13.7772740Z                                 ^
2022-12-27T02:56:13.7774160Z   third_party/boringssl/include/openssl/base.h:193:31: note: previous definition is here
2022-12-27T02:56:13.7775470Z   typedef struct asn1_string_st ASN1_T61STRING;
2022-12-27T02:56:13.7776740Z                                 ^
2022-12-27T02:56:13.7778130Z   In file included from src/boringssl/err_data.c:18:
2022-12-27T02:56:13.7779470Z   In file included from /usr/local/opt/openssl@3/include/openssl/err.h:28:
2022-12-27T02:56:13.7781070Z   /usr/local/opt/openssl@3/include/openssl/types.h:51:31: warning: redefinition of typedef 'ASN1_IA5STRING' is a C11 feature [-Wtypedef-redefinition]
2022-12-27T02:56:13.7782390Z   typedef struct asn1_string_st ASN1_IA5STRING;
2022-12-27T02:56:13.7783520Z                                 ^
2022-12-27T02:56:13.7784930Z   third_party/boringssl/include/openssl/base.h:188:31: note: previous definition is here
2022-12-27T02:56:13.7786230Z   typedef struct asn1_string_st ASN1_IA5STRING;
2022-12-27T02:56:13.7787570Z                                 ^
2022-12-27T02:56:13.7789080Z   In file included from src/boringssl/err_data.c:18:
2022-12-27T02:56:13.7790430Z   In file included from /usr/local/opt/openssl@3/include/openssl/err.h:28:
2022-12-27T02:56:13.7792090Z   /usr/local/opt/openssl@3/include/openssl/types.h:52:31: warning: redefinition of typedef 'ASN1_GENERALSTRING' is a C11 feature [-Wtypedef-redefinition]
2022-12-27T02:56:13.7793210Z   typedef struct asn1_string_st ASN1_GENERALSTRING;
2022-12-27T02:56:13.7794480Z                                 ^
2022-12-27T02:56:13.7796040Z   third_party/boringssl/include/openssl/base.h:187:31: note: previous definition is here
2022-12-27T02:56:13.7797390Z   typedef struct asn1_string_st ASN1_GENERALSTRING;
2022-12-27T02:56:13.7798640Z                                 ^
2022-12-27T02:56:13.7800000Z   In file included from src/boringssl/err_data.c:18:
2022-12-27T02:56:13.7801550Z   In file included from /usr/local/opt/openssl@3/include/openssl/err.h:28:
2022-12-27T02:56:13.7803150Z   /usr/local/opt/openssl@3/include/openssl/types.h:53:31: warning: redefinition of typedef 'ASN1_UNIVERSALSTRING' is a C11 feature [-Wtypedef-redefinition]
2022-12-27T02:56:13.7804290Z   typedef struct asn1_string_st ASN1_UNIVERSALSTRING;
2022-12-27T02:56:13.7805570Z                                 ^
2022-12-27T02:56:13.7807000Z   third_party/boringssl/include/openssl/base.h:195:31: note: previous definition is here
2022-12-27T02:56:13.7808400Z   typedef struct asn1_string_st ASN1_UNIVERSALSTRING;
2022-12-27T02:56:13.7809700Z                                 ^
2022-12-27T02:56:13.7811050Z   In file included from src/boringssl/err_data.c:18:
2022-12-27T02:56:13.7812410Z   In file included from /usr/local/opt/openssl@3/include/openssl/err.h:28:
2022-12-27T02:56:13.7814070Z   /usr/local/opt/openssl@3/include/openssl/types.h:54:31: warning: redefinition of typedef 'ASN1_BMPSTRING' is a C11 feature [-Wtypedef-redefinition]
2022-12-27T02:56:13.7815200Z   typedef struct asn1_string_st ASN1_BMPSTRING;
2022-12-27T02:56:13.7816490Z                                 ^
2022-12-27T02:56:13.7817900Z   third_party/boringssl/include/openssl/base.h:184:31: note: previous definition is here
2022-12-27T02:56:13.7819220Z   typedef struct asn1_string_st ASN1_BMPSTRING;
2022-12-27T02:56:13.7820500Z                                 ^
2022-12-27T02:56:13.7821850Z   In file included from src/boringssl/err_data.c:18:
2022-12-27T02:56:13.7823220Z   In file included from /usr/local/opt/openssl@3/include/openssl/err.h:28:
2022-12-27T02:56:13.7824820Z   /usr/local/opt/openssl@3/include/openssl/types.h:55:31: warning: redefinition of typedef 'ASN1_UTCTIME' is a C11 feature [-Wtypedef-redefinition]
2022-12-27T02:56:13.7825950Z   typedef struct asn1_string_st ASN1_UTCTIME;
2022-12-27T02:56:13.7827220Z                                 ^
2022-12-27T02:56:13.7828800Z   third_party/boringssl/include/openssl/base.h:196:31: note: previous definition is here
2022-12-27T02:56:13.7830100Z   typedef struct asn1_string_st ASN1_UTCTIME;
2022-12-27T02:56:13.7831380Z                                 ^
2022-12-27T02:56:13.7832740Z   In file included from src/boringssl/err_data.c:18:
2022-12-27T02:56:13.7834090Z   In file included from /usr/local/opt/openssl@3/include/openssl/err.h:28:
2022-12-27T02:56:13.7835680Z   /usr/local/opt/openssl@3/include/openssl/types.h:56:31: warning: redefinition of typedef 'ASN1_TIME' is a C11 feature [-Wtypedef-redefinition]
2022-12-27T02:56:13.7836810Z   typedef struct asn1_string_st ASN1_TIME;
2022-12-27T02:56:13.7838100Z                                 ^
2022-12-27T02:56:13.7839540Z   third_party/boringssl/include/openssl/base.h:194:31: note: previous definition is here
2022-12-27T02:56:13.7841100Z   typedef struct asn1_string_st ASN1_TIME;
2022-12-27T02:56:13.7842150Z                                 ^
2022-12-27T02:56:13.7843490Z   In file included from src/boringssl/err_data.c:18:
2022-12-27T02:56:13.7844930Z   In file included from /usr/local/opt/openssl@3/include/openssl/err.h:28:
2022-12-27T02:56:13.7846540Z   /usr/local/opt/openssl@3/include/openssl/types.h:57:31: warning: redefinition of typedef 'ASN1_GENERALIZEDTIME' is a C11 feature [-Wtypedef-redefinition]
2022-12-27T02:56:13.7847730Z   typedef struct asn1_string_st ASN1_GENERALIZEDTIME;
2022-12-27T02:56:13.7849110Z                                 ^
2022-12-27T02:56:13.7850540Z   third_party/boringssl/include/openssl/base.h:186:31: note: previous definition is here
2022-12-27T02:56:13.7851880Z   typedef struct asn1_string_st ASN1_GENERALIZEDTIME;
2022-12-27T02:56:13.7853270Z                                 ^
2022-12-27T02:56:13.7854700Z   In file included from src/boringssl/err_data.c:18:
2022-12-27T02:56:13.7856040Z   In file included from /usr/local/opt/openssl@3/include/openssl/err.h:28:
2022-12-27T02:56:13.7857650Z   /usr/local/opt/openssl@3/include/openssl/types.h:58:31: warning: redefinition of typedef 'ASN1_VISIBLESTRING' is a C11 feature [-Wtypedef-redefinition]
2022-12-27T02:56:13.7858780Z   typedef struct asn1_string_st ASN1_VISIBLESTRING;
2022-12-27T02:56:13.7860020Z                                 ^
2022-12-27T02:56:13.7861460Z   third_party/boringssl/include/openssl/base.h:198:31: note: previous definition is here
2022-12-27T02:56:13.7862780Z   typedef struct asn1_string_st ASN1_VISIBLESTRING;
2022-12-27T02:56:13.7864040Z                                 ^
2022-12-27T02:56:13.7865400Z   In file included from src/boringssl/err_data.c:18:
2022-12-27T02:56:13.7866850Z   In file included from /usr/local/opt/openssl@3/include/openssl/err.h:28:
2022-12-27T02:56:13.7868630Z   /usr/local/opt/openssl@3/include/openssl/types.h:59:31: warning: redefinition of typedef 'ASN1_UTF8STRING' is a C11 feature [-Wtypedef-redefinition]
2022-12-27T02:56:13.7869740Z   typedef struct asn1_string_st ASN1_UTF8STRING;
2022-12-27T02:56:13.7871000Z                                 ^
2022-12-27T02:56:13.7872430Z   third_party/boringssl/include/openssl/base.h:197:31: note: previous definition is here
2022-12-27T02:56:13.7873740Z   typedef struct asn1_string_st ASN1_UTF8STRING;
2022-12-27T02:56:13.7874990Z                                 ^
2022-12-27T02:56:13.7876390Z   In file included from src/boringssl/err_data.c:18:
2022-12-27T02:56:13.7877710Z   In file included from /usr/local/opt/openssl@3/include/openssl/err.h:28:
2022-12-27T02:56:13.7879310Z   /usr/local/opt/openssl@3/include/openssl/types.h:60:31: warning: redefinition of typedef 'ASN1_STRING' is a C11 feature [-Wtypedef-redefinition]
2022-12-27T02:56:13.7880480Z   typedef struct asn1_string_st ASN1_STRING;
2022-12-27T02:56:13.7881790Z                                 ^
2022-12-27T02:56:13.7883220Z   third_party/boringssl/include/openssl/base.h:192:31: note: previous definition is here
2022-12-27T02:56:13.7884660Z   typedef struct asn1_string_st ASN1_STRING;
2022-12-27T02:56:13.7885930Z                                 ^
2022-12-27T02:56:13.7887290Z   In file included from src/boringssl/err_data.c:18:
2022-12-27T02:56:13.7888840Z   In file included from /usr/local/opt/openssl@3/include/openssl/err.h:28:
2022-12-27T02:56:13.7890550Z   /usr/local/opt/openssl@3/include/openssl/types.h:61:13: warning: redefinition of typedef 'ASN1_BOOLEAN' is a C11 feature [-Wtypedef-redefinition]
2022-12-27T02:56:13.7891540Z   typedef int ASN1_BOOLEAN;
2022-12-27T02:56:13.7892890Z               ^
2022-12-27T02:56:13.7894360Z   third_party/boringssl/include/openssl/base.h:178:13: note: previous definition is here
2022-12-27T02:56:13.7895820Z   typedef int ASN1_BOOLEAN;
2022-12-27T02:56:13.7897060Z               ^
2022-12-27T02:56:13.7898510Z   In file included from src/boringssl/err_data.c:18:
2022-12-27T02:56:13.7899850Z   In file included from /usr/local/opt/openssl@3/include/openssl/err.h:28:
2022-12-27T02:56:13.7901660Z   /usr/local/opt/openssl@3/include/openssl/types.h:62:13: warning: redefinition of typedef 'ASN1_NULL' is a C11 feature [-Wtypedef-redefinition]
2022-12-27T02:56:13.7902530Z   typedef int ASN1_NULL;
2022-12-27T02:56:13.7903910Z               ^
2022-12-27T02:56:13.7905910Z   third_party/boringssl/include/openssl/base.h:179:13: note: previous definition is here
2022-12-27T02:56:13.7907420Z   typedef int ASN1_NULL;
2022-12-27T02:56:13.7908560Z               ^
2022-12-27T02:56:13.7910220Z   In file included from src/boringssl/err_data.c:18:
2022-12-27T02:56:13.7911290Z   In file included from /usr/local/opt/openssl@3/include/openssl/err.h:28:
2022-12-27T02:56:13.7912980Z   /usr/local/opt/openssl@3/include/openssl/types.h:65:29: warning: redefinition of typedef 'ASN1_TYPE' is a C11 feature [-Wtypedef-redefinition]
2022-12-27T02:56:13.7914120Z   typedef struct asn1_type_st ASN1_TYPE;
2022-12-27T02:56:13.7915460Z                               ^
2022-12-27T02:56:13.7916920Z   third_party/boringssl/include/openssl/base.h:199:29: note: previous definition is here
2022-12-27T02:56:13.7918230Z   typedef struct asn1_type_st ASN1_TYPE;
2022-12-27T02:56:13.7919520Z                               ^
2022-12-27T02:56:13.7920900Z   In file included from src/boringssl/err_data.c:18:
2022-12-27T02:56:13.7922310Z   In file included from /usr/local/opt/openssl@3/include/openssl/err.h:28:
2022-12-27T02:56:13.7923890Z   /usr/local/opt/openssl@3/include/openssl/types.h:66:31: warning: redefinition of typedef 'ASN1_OBJECT' is a C11 feature [-Wtypedef-redefinition]
2022-12-27T02:56:13.7925050Z   typedef struct asn1_object_st ASN1_OBJECT;
2022-12-27T02:56:13.7926340Z                                 ^
2022-12-27T02:56:13.7927940Z   third_party/boringssl/include/openssl/base.h:181:31: note: previous definition is here
2022-12-27T02:56:13.7929350Z   typedef struct asn1_object_st ASN1_OBJECT;
2022-12-27T02:56:13.7930690Z                                 ^
2022-12-27T02:56:13.7932090Z   In file included from src/boringssl/err_data.c:18:
2022-12-27T02:56:13.7933640Z   In file included from /usr/local/opt/openssl@3/include/openssl/err.h:28:
2022-12-27T02:56:13.7935240Z   /usr/local/opt/openssl@3/include/openssl/types.h:69:29: warning: redefinition of typedef 'ASN1_ITEM' is a C11 feature [-Wtypedef-redefinition]
2022-12-27T02:56:13.7936290Z   typedef struct ASN1_ITEM_st ASN1_ITEM;
2022-12-27T02:56:13.7937600Z                               ^
2022-12-27T02:56:13.7939030Z   third_party/boringssl/include/openssl/base.h:180:29: note: previous definition is here
2022-12-27T02:56:13.7940310Z   typedef struct ASN1_ITEM_st ASN1_ITEM;
2022-12-27T02:56:13.7941740Z                               ^
2022-12-27T02:56:13.7943030Z   In file included from src/boringssl/err_data.c:18:
2022-12-27T02:56:13.7944360Z   In file included from /usr/local/opt/openssl@3/include/openssl/err.h:28:
2022-12-27T02:56:13.7945920Z   /usr/local/opt/openssl@3/include/openssl/types.h:70:29: warning: redefinition of typedef 'ASN1_PCTX' is a C11 feature [-Wtypedef-redefinition]
2022-12-27T02:56:13.7947030Z   typedef struct asn1_pctx_st ASN1_PCTX;
2022-12-27T02:56:13.7948470Z                               ^
2022-12-27T02:56:13.7949930Z   third_party/boringssl/include/openssl/base.h:182:29: note: previous definition is here
2022-12-27T02:56:13.7951300Z   typedef struct asn1_pctx_st ASN1_PCTX;
2022-12-27T02:56:13.7952570Z                               ^
2022-12-27T02:56:13.7953960Z   In file included from src/boringssl/err_data.c:18:
2022-12-27T02:56:13.7955330Z   In file included from /usr/local/opt/openssl@3/include/openssl/err.h:28:
2022-12-27T02:56:13.7956910Z   /usr/local/opt/openssl@3/include/openssl/types.h:86:23: warning: redefinition of typedef 'BIO' is a C11 feature [-Wtypedef-redefinition]
2022-12-27T02:56:13.7958020Z   typedef struct bio_st BIO;
2022-12-27T02:56:13.7959290Z                         ^
2022-12-27T02:56:13.7960740Z   third_party/boringssl/include/openssl/base.h:235:23: note: previous definition is here
2022-12-27T02:56:13.7962020Z   typedef struct bio_st BIO;
2022-12-27T02:56:13.7963550Z                         ^
2022-12-27T02:56:13.7964770Z   In file included from src/boringssl/err_data.c:18:
2022-12-27T02:56:13.7966110Z   In file included from /usr/local/opt/openssl@3/include/openssl/err.h:28:
2022-12-27T02:56:13.7967750Z   /usr/local/opt/openssl@3/include/openssl/types.h:87:26: warning: redefinition of typedef 'BIGNUM' is a C11 feature [-Wtypedef-redefinition]
2022-12-27T02:56:13.7968940Z   typedef struct bignum_st BIGNUM;
2022-12-27T02:56:13.7970240Z                            ^
2022-12-27T02:56:13.7971710Z   third_party/boringssl/include/openssl/base.h:233:26: note: previous definition is here
2022-12-27T02:56:13.7973000Z   typedef struct bignum_st BIGNUM;
2022-12-27T02:56:13.7974300Z                            ^
2022-12-27T02:56:13.7975670Z   In file included from src/boringssl/err_data.c:18:
2022-12-27T02:56:13.7977040Z   In file included from /usr/local/opt/openssl@3/include/openssl/err.h:28:
2022-12-27T02:56:13.7978610Z   /usr/local/opt/openssl@3/include/openssl/types.h:88:27: warning: redefinition of typedef 'BN_CTX' is a C11 feature [-Wtypedef-redefinition]
2022-12-27T02:56:13.7979760Z   typedef struct bignum_ctx BN_CTX;
2022-12-27T02:56:13.7981070Z                             ^
2022-12-27T02:56:13.7982620Z   third_party/boringssl/include/openssl/base.h:232:27: note: previous definition is here
2022-12-27T02:56:13.7983930Z   typedef struct bignum_ctx BN_CTX;
2022-12-27T02:56:13.7985430Z                             ^
2022-12-27T02:56:13.7986740Z   In file included from src/boringssl/err_data.c:18:
2022-12-27T02:56:13.7988200Z   In file included from /usr/local/opt/openssl@3/include/openssl/err.h:28:
2022-12-27T02:56:13.7989960Z   /usr/local/opt/openssl@3/include/openssl/types.h:90:31: warning: redefinition of typedef 'BN_MONT_CTX' is a C11 feature [-Wtypedef-redefinition]
2022-12-27T02:56:13.7991030Z   typedef struct bn_mont_ctx_st BN_MONT_CTX;
2022-12-27T02:56:13.7992240Z                                 ^
2022-12-27T02:56:13.7993860Z   third_party/boringssl/include/openssl/base.h:237:31: note: previous definition is here
2022-12-27T02:56:13.7995110Z   typedef struct bn_mont_ctx_st BN_MONT_CTX;
2022-12-27T02:56:13.7996570Z                                 ^
2022-12-27T02:56:13.7997940Z   In file included from src/boringssl/err_data.c:18:
2022-12-27T02:56:13.7999330Z   In file included from /usr/local/opt/openssl@3/include/openssl/err.h:28:
2022-12-27T02:56:13.8001230Z   /usr/local/opt/openssl@3/include/openssl/types.h:92:28: warning: redefinition of typedef 'BN_GENCB' is a C11 feature [-Wtypedef-redefinition]
2022-12-27T02:56:13.8002190Z   typedef struct bn_gencb_st BN_GENCB;
2022-12-27T02:56:13.8003510Z                              ^
2022-12-27T02:56:13.8005040Z   third_party/boringssl/include/openssl/base.h:236:28: note: previous definition is here
2022-12-27T02:56:13.8006450Z   typedef struct bn_gencb_st BN_GENCB;
2022-12-27T02:56:13.8007710Z                              ^
2022-12-27T02:56:13.8009190Z   In file included from src/boringssl/err_data.c:18:
2022-12-27T02:56:13.8010580Z   In file included from /usr/local/opt/openssl@3/include/openssl/err.h:28:
2022-12-27T02:56:13.8012240Z   /usr/local/opt/openssl@3/include/openssl/types.h:94:27: warning: redefinition of typedef 'BUF_MEM' is a C11 feature [-Wtypedef-redefinition]
2022-12-27T02:56:13.8013290Z   typedef struct buf_mem_st BUF_MEM;
2022-12-27T02:56:13.8014580Z                             ^
2022-12-27T02:56:13.8016030Z   third_party/boringssl/include/openssl/base.h:238:27: note: previous definition is here
2022-12-27T02:56:13.8017340Z   typedef struct buf_mem_st BUF_MEM;
2022-12-27T02:56:13.8018640Z                             ^
2022-12-27T02:56:13.8020160Z   In file included from src/boringssl/err_data.c:18:
2022-12-27T02:56:13.8021470Z   In file included from /usr/local/opt/openssl@3/include/openssl/err.h:28:
2022-12-27T02:56:13.8023020Z   /usr/local/opt/openssl@3/include/openssl/types.h:101:30: warning: redefinition of typedef 'EVP_CIPHER' is a C11 feature [-Wtypedef-redefinition]
2022-12-27T02:56:13.8024480Z   typedef struct evp_cipher_st EVP_CIPHER;
2022-12-27T02:56:13.8025590Z                                ^
2022-12-27T02:56:13.8027010Z   third_party/boringssl/include/openssl/base.h:256:30: note: previous definition is here
2022-12-27T02:56:13.8028480Z   typedef struct evp_cipher_st EVP_CIPHER;
2022-12-27T02:56:13.8029810Z                                ^
2022-12-27T02:56:13.8031250Z   In file included from src/boringssl/err_data.c:18:
2022-12-27T02:56:13.8032700Z   In file included from /usr/local/opt/openssl@3/include/openssl/err.h:28:
2022-12-27T02:56:13.8034280Z   /usr/local/opt/openssl@3/include/openssl/types.h:102:34: warning: redefinition of typedef 'EVP_CIPHER_CTX' is a C11 feature [-Wtypedef-redefinition]
2022-12-27T02:56:13.8035280Z   typedef struct evp_cipher_ctx_st EVP_CIPHER_CTX;
2022-12-27T02:56:13.8036600Z                                    ^
2022-12-27T02:56:13.8038050Z   third_party/boringssl/include/openssl/base.h:255:34: note: previous definition is here
2022-12-27T02:56:13.8039360Z   typedef struct evp_cipher_ctx_st EVP_CIPHER_CTX;
2022-12-27T02:56:13.8040820Z                                    ^
2022-12-27T02:56:13.8042150Z   In file included from src/boringssl/err_data.c:18:
2022-12-27T02:56:13.8043520Z   In file included from /usr/local/opt/openssl@3/include/openssl/err.h:28:
2022-12-27T02:56:13.8045140Z   /usr/local/opt/openssl@3/include/openssl/types.h:103:26: error: typedef redefinition with different types ('struct evp_md_st' vs 'struct env_md_st')
2022-12-27T02:56:13.8046200Z   typedef struct evp_md_st EVP_MD;
2022-12-27T02:56:13.8047530Z                            ^
2022-12-27T02:56:13.8049170Z   third_party/boringssl/include/openssl/base.h:253:26: note: previous definition is here
2022-12-27T02:56:13.8050490Z   typedef struct env_md_st EVP_MD;
2022-12-27T02:56:13.8051770Z                            ^
2022-12-27T02:56:13.8053190Z   In file included from src/boringssl/err_data.c:18:
2022-12-27T02:56:13.8054540Z   In file included from /usr/local/opt/openssl@3/include/openssl/err.h:28:
2022-12-27T02:56:13.8056160Z   /usr/local/opt/openssl@3/include/openssl/types.h:104:30: error: typedef redefinition with different types ('struct evp_md_ctx_st' vs 'struct env_md_ctx_st')
2022-12-27T02:56:13.8057330Z   typedef struct evp_md_ctx_st EVP_MD_CTX;
2022-12-27T02:56:13.8058610Z                                ^
2022-12-27T02:56:13.8060060Z   third_party/boringssl/include/openssl/base.h:252:30: note: previous definition is here
2022-12-27T02:56:13.8061380Z   typedef struct env_md_ctx_st EVP_MD_CTX;
2022-12-27T02:56:13.8062660Z                                ^
2022-12-27T02:56:13.8064100Z   In file included from src/boringssl/err_data.c:18:
2022-12-27T02:56:13.8065480Z   In file included from /usr/local/opt/openssl@3/include/openssl/err.h:28:
2022-12-27T02:56:13.8067100Z   /usr/local/opt/openssl@3/include/openssl/types.h:107:28: warning: redefinition of typedef 'EVP_PKEY' is a C11 feature [-Wtypedef-redefinition]
2022-12-27T02:56:13.8068360Z   typedef struct evp_pkey_st EVP_PKEY;
2022-12-27T02:56:13.8069690Z                              ^
2022-12-27T02:56:13.8071160Z   third_party/boringssl/include/openssl/base.h:261:28: note: previous definition is here
2022-12-27T02:56:13.8072470Z   typedef struct evp_pkey_st EVP_PKEY;
2022-12-27T02:56:13.8073760Z                              ^
2022-12-27T02:56:13.8075140Z   In file included from src/boringssl/err_data.c:18:
2022-12-27T02:56:13.8076510Z   In file included from /usr/local/opt/openssl@3/include/openssl/err.h:28:
2022-12-27T02:56:13.8078120Z   /usr/local/opt/openssl@3/include/openssl/types.h:109:40: warning: redefinition of typedef 'EVP_PKEY_ASN1_METHOD' is a C11 feature [-Wtypedef-redefinition]
2022-12-27T02:56:13.8079300Z   typedef struct evp_pkey_asn1_method_st EVP_PKEY_ASN1_METHOD;
2022-12-27T02:56:13.8080570Z                                          ^
2022-12-27T02:56:13.8082010Z   third_party/boringssl/include/openssl/base.h:258:40: note: previous definition is here
2022-12-27T02:56:13.8083360Z   typedef struct evp_pkey_asn1_method_st EVP_PKEY_ASN1_METHOD;
2022-12-27T02:56:13.8084820Z                                          ^
2022-12-27T02:56:13.8086050Z   In file included from src/boringssl/err_data.c:18:
2022-12-27T02:56:13.8087390Z   In file included from /usr/local/opt/openssl@3/include/openssl/err.h:28:
2022-12-27T02:56:13.8089160Z   /usr/local/opt/openssl@3/include/openssl/types.h:111:35: warning: redefinition of typedef 'EVP_PKEY_METHOD' is a C11 feature [-Wtypedef-redefinition]
2022-12-27T02:56:13.8090310Z   typedef struct evp_pkey_method_st EVP_PKEY_METHOD;
2022-12-27T02:56:13.8091590Z                                     ^
2022-12-27T02:56:13.8093020Z   third_party/boringssl/include/openssl/base.h:260:35: note: previous definition is here
2022-12-27T02:56:13.8094350Z   typedef struct evp_pkey_method_st EVP_PKEY_METHOD;
2022-12-27T02:56:13.8095750Z                                     ^
2022-12-27T02:56:13.8097180Z   In file included from src/boringssl/err_data.c:18:
2022-12-27T02:56:13.8098730Z   In file included from /usr/local/opt/openssl@3/include/openssl/err.h:28:
2022-12-27T02:56:13.8100280Z   /usr/local/opt/openssl@3/include/openssl/types.h:112:32: warning: redefinition of typedef 'EVP_PKEY_CTX' is a C11 feature [-Wtypedef-redefinition]
2022-12-27T02:56:13.8101540Z   typedef struct evp_pkey_ctx_st EVP_PKEY_CTX;
2022-12-27T02:56:13.8102660Z                                  ^
2022-12-27T02:56:13.8104120Z   third_party/boringssl/include/openssl/base.h:259:32: note: previous definition is here
2022-12-27T02:56:13.8105400Z   typedef struct evp_pkey_ctx_st EVP_PKEY_CTX;
2022-12-27T02:56:13.8106710Z                                  ^
2022-12-27T02:56:13.8108280Z   In file included from src/boringssl/err_data.c:18:
2022-12-27T02:56:13.8109700Z   In file included from /usr/local/opt/openssl@3/include/openssl/err.h:28:
2022-12-27T02:56:13.8111500Z   /usr/local/opt/openssl@3/include/openssl/types.h:130:34: error: typedef redefinition with different types ('struct evp_Encode_Ctx_st' vs 'struct evp_encode_ctx_st')
2022-12-27T02:56:13.8112610Z   typedef struct evp_Encode_Ctx_st EVP_ENCODE_CTX;
2022-12-27T02:56:13.8113960Z                                    ^
2022-12-27T02:56:13.8115400Z   third_party/boringssl/include/openssl/base.h:257:34: note: previous definition is here
2022-12-27T02:56:13.8116710Z   typedef struct evp_encode_ctx_st EVP_ENCODE_CTX;
2022-12-27T02:56:13.8118010Z                                    ^
2022-12-27T02:56:13.8119380Z   In file included from src/boringssl/err_data.c:18:
2022-12-27T02:56:13.8120740Z   In file included from /usr/local/opt/openssl@3/include/openssl/err.h:28:
2022-12-27T02:56:13.8122370Z   /usr/local/opt/openssl@3/include/openssl/types.h:132:28: warning: redefinition of typedef 'HMAC_CTX' is a C11 feature [-Wtypedef-redefinition]
2022-12-27T02:56:13.8123480Z   typedef struct hmac_ctx_st HMAC_CTX;
2022-12-27T02:56:13.8124800Z                              ^
2022-12-27T02:56:13.8126250Z   third_party/boringssl/include/openssl/base.h:262:28: note: previous definition is here
2022-12-27T02:56:13.8127580Z   typedef struct hmac_ctx_st HMAC_CTX;
2022-12-27T02:56:13.8129000Z                              ^
2022-12-27T02:56:13.8130400Z   In file included from src/boringssl/err_data.c:18:
2022-12-27T02:56:13.8131870Z   In file included from /usr/local/opt/openssl@3/include/openssl/err.h:28:
2022-12-27T02:56:13.8133400Z   /usr/local/opt/openssl@3/include/openssl/types.h:134:22: warning: redefinition of typedef 'DH' is a C11 feature [-Wtypedef-redefinition]
2022-12-27T02:56:13.8134520Z   typedef struct dh_st DH;
2022-12-27T02:56:13.8135840Z                        ^
2022-12-27T02:56:13.8137440Z   third_party/boringssl/include/openssl/base.h:244:22: note: previous definition is here
2022-12-27T02:56:13.8138520Z   typedef struct dh_st DH;
2022-12-27T02:56:13.8139940Z                        ^
2022-12-27T02:56:13.8141330Z   In file included from src/boringssl/err_data.c:18:
2022-12-27T02:56:13.8142670Z   In file included from /usr/local/opt/openssl@3/include/openssl/err.h:28:
2022-12-27T02:56:13.8144370Z   /usr/local/opt/openssl@3/include/openssl/types.h:138:23: warning: redefinition of typedef 'DSA' is a C11 feature [-Wtypedef-redefinition]
2022-12-27T02:56:13.8145780Z   typedef struct dsa_st DSA;
2022-12-27T02:56:13.8147140Z                         ^
2022-12-27T02:56:13.8148750Z   third_party/boringssl/include/openssl/base.h:245:23: note: previous definition is here
2022-12-27T02:56:13.8150020Z   typedef struct dsa_st DSA;
2022-12-27T02:56:13.8151380Z                         ^
2022-12-27T02:56:13.8152710Z   In file included from src/boringssl/err_data.c:18:
2022-12-27T02:56:13.8154050Z   In file included from /usr/local/opt/openssl@3/include/openssl/err.h:28:
2022-12-27T02:56:13.8155720Z   /usr/local/opt/openssl@3/include/openssl/types.h:143:23: warning: redefinition of typedef 'RSA' is a C11 feature [-Wtypedef-redefinition]
2022-12-27T02:56:13.8156700Z   typedef struct rsa_st RSA;
2022-12-27T02:56:13.8158030Z                         ^
2022-12-27T02:56:13.8159520Z   third_party/boringssl/include/openssl/base.h:272:23: note: previous definition is here
2022-12-27T02:56:13.8160780Z   typedef struct rsa_st RSA;
2022-12-27T02:56:13.8162140Z                         ^
2022-12-27T02:56:13.8163510Z   In file included from src/boringssl/err_data.c:18:
2022-12-27T02:56:13.8165010Z   In file included from /usr/local/opt/openssl@3/include/openssl/err.h:28:
2022-12-27T02:56:13.8166660Z   /usr/local/opt/openssl@3/include/openssl/types.h:144:28: warning: redefinition of typedef 'RSA_METHOD' is a C11 feature [-Wtypedef-redefinition]
2022-12-27T02:56:13.8167820Z   typedef struct rsa_meth_st RSA_METHOD;
2022-12-27T02:56:13.8169200Z                              ^
2022-12-27T02:56:13.8170660Z   third_party/boringssl/include/openssl/base.h:271:28: note: previous definition is here
2022-12-27T02:56:13.8171970Z   typedef struct rsa_meth_st RSA_METHOD;
2022-12-27T02:56:13.8173280Z                              ^
2022-12-27T02:56:13.8174660Z   In file included from src/boringssl/err_data.c:18:
2022-12-27T02:56:13.8176040Z   In file included from /usr/local/opt/openssl@3/include/openssl/err.h:28:
2022-12-27T02:56:13.8177650Z   /usr/local/opt/openssl@3/include/openssl/types.h:149:26: warning: redefinition of typedef 'EC_KEY' is a C11 feature [-Wtypedef-redefinition]
2022-12-27T02:56:13.8178770Z   typedef struct ec_key_st EC_KEY;
2022-12-27T02:56:13.8180040Z                            ^
2022-12-27T02:56:13.8181500Z   third_party/boringssl/include/openssl/base.h:247:26: note: previous definition is here
2022-12-27T02:56:13.8182770Z   typedef struct ec_key_st EC_KEY;
2022-12-27T02:56:13.8184100Z                            ^
2022-12-27T02:56:13.8185440Z   In file included from src/boringssl/err_data.c:18:
2022-12-27T02:56:13.8186840Z   In file included from /usr/local/opt/openssl@3/include/openssl/err.h:28:
2022-12-27T02:56:13.8188560Z   /usr/local/opt/openssl@3/include/openssl/types.h:153:29: warning: redefinition of typedef 'RAND_METHOD' is a C11 feature [-Wtypedef-redefinition]
2022-12-27T02:56:13.8189710Z   typedef struct rand_meth_st RAND_METHOD;
2022-12-27T02:56:13.8191000Z                               ^
2022-12-27T02:56:13.8192450Z   third_party/boringssl/include/openssl/base.h:269:29: note: previous definition is here
2022-12-27T02:56:13.8193750Z   typedef struct rand_meth_st RAND_METHOD;
2022-12-27T02:56:13.8195050Z                               ^
2022-12-27T02:56:13.8196560Z   In file included from src/boringssl/err_data.c:18:
2022-12-27T02:56:13.8198000Z   In file included from /usr/local/opt/openssl@3/include/openssl/err.h:28:
2022-12-27T02:56:13.8199790Z   /usr/local/opt/openssl@3/include/openssl/types.h:157:24: warning: redefinition of typedef 'X509' is a C11 feature [-Wtypedef-redefinition]
2022-12-27T02:56:13.8200690Z   typedef struct x509_st X509;
2022-12-27T02:56:13.8202050Z                          ^
2022-12-27T02:56:13.8203490Z   third_party/boringssl/include/openssl/base.h:293:24: note: previous definition is here
2022-12-27T02:56:13.8204770Z   typedef struct x509_st X509;
2022-12-27T02:56:13.8206110Z                          ^
2022-12-27T02:56:13.8207620Z   In file included from src/boringssl/err_data.c:18:
2022-12-27T02:56:13.8208990Z   In file included from /usr/local/opt/openssl@3/include/openssl/err.h:28:
2022-12-27T02:56:13.8210670Z   /usr/local/opt/openssl@3/include/openssl/types.h:158:30: warning: redefinition of typedef 'X509_ALGOR' is a C11 feature [-Wtypedef-redefinition]
2022-12-27T02:56:13.8211640Z   typedef struct X509_algor_st X509_ALGOR;
2022-12-27T02:56:13.8213020Z                                ^
2022-12-27T02:56:13.8214550Z   third_party/boringssl/include/openssl/base.h:219:30: note: previous definition is here
2022-12-27T02:56:13.8215910Z   typedef struct X509_algor_st X509_ALGOR;
2022-12-27T02:56:13.8217220Z                                ^
2022-12-27T02:56:13.8218610Z   In file included from src/boringssl/err_data.c:18:
2022-12-27T02:56:13.8219950Z   In file included from /usr/local/opt/openssl@3/include/openssl/err.h:28:
2022-12-27T02:56:13.8221570Z   /usr/local/opt/openssl@3/include/openssl/types.h:159:28: warning: redefinition of typedef 'X509_CRL' is a C11 feature [-Wtypedef-redefinition]
2022-12-27T02:56:13.8222720Z   typedef struct X509_crl_st X509_CRL;
2022-12-27T02:56:13.8224030Z                              ^
2022-12-27T02:56:13.8225490Z   third_party/boringssl/include/openssl/base.h:221:28: note: previous definition is here
2022-12-27T02:56:13.8226760Z   typedef struct X509_crl_st X509_CRL;
2022-12-27T02:56:13.8228190Z                              ^
2022-12-27T02:56:13.8229600Z   In file included from src/boringssl/err_data.c:18:
2022-12-27T02:56:13.8230970Z   In file included from /usr/local/opt/openssl@3/include/openssl/err.h:28:
2022-12-27T02:56:13.8232670Z   /usr/local/opt/openssl@3/include/openssl/types.h:160:35: warning: redefinition of typedef 'X509_CRL_METHOD' is a C11 feature [-Wtypedef-redefinition]
2022-12-27T02:56:13.8233800Z   typedef struct x509_crl_method_st X509_CRL_METHOD;
2022-12-27T02:56:13.8235110Z                                     ^
2022-12-27T02:56:13.8236530Z   third_party/boringssl/include/openssl/base.h:290:35: note: previous definition is here
2022-12-27T02:56:13.8237880Z   typedef struct x509_crl_method_st X509_CRL_METHOD;
2022-12-27T02:56:13.8239140Z                                     ^
2022-12-27T02:56:13.8240530Z   In file included from src/boringssl/err_data.c:18:
2022-12-27T02:56:13.8241880Z   In file included from /usr/local/opt/openssl@3/include/openssl/err.h:28:
2022-12-27T02:56:13.8243530Z   /usr/local/opt/openssl@3/include/openssl/types.h:161:32: warning: redefinition of typedef 'X509_REVOKED' is a C11 feature [-Wtypedef-redefinition]
2022-12-27T02:56:13.8244640Z   typedef struct x509_revoked_st X509_REVOKED;
2022-12-27T02:56:13.8246110Z                                  ^
2022-12-27T02:56:13.8247430Z   third_party/boringssl/include/openssl/base.h:292:32: note: previous definition is here
2022-12-27T02:56:13.8248870Z   typedef struct x509_revoked_st X509_REVOKED;
2022-12-27T02:56:13.8250140Z                                  ^
2022-12-27T02:56:13.8251530Z   In file included from src/boringssl/err_data.c:18:
2022-12-27T02:56:13.8252880Z   In file included from /usr/local/opt/openssl@3/include/openssl/err.h:28:
2022-12-27T02:56:13.8254550Z   /usr/local/opt/openssl@3/include/openssl/types.h:162:29: warning: redefinition of typedef 'X509_NAME' is a C11 feature [-Wtypedef-redefinition]
2022-12-27T02:56:13.8255680Z   typedef struct X509_name_st X509_NAME;
2022-12-27T02:56:13.8256940Z                               ^
2022-12-27T02:56:13.8258490Z   third_party/boringssl/include/openssl/base.h:225:29: note: previous definition is here
2022-12-27T02:56:13.8259810Z   typedef struct X509_name_st X509_NAME;
2022-12-27T02:56:13.8261080Z                               ^
2022-12-27T02:56:13.8262470Z   In file included from src/boringssl/err_data.c:18:
2022-12-27T02:56:13.8263820Z   In file included from /usr/local/opt/openssl@3/include/openssl/err.h:28:
2022-12-27T02:56:13.8265470Z   /usr/local/opt/openssl@3/include/openssl/types.h:163:31: warning: redefinition of typedef 'X509_PUBKEY' is a C11 feature [-Wtypedef-redefinition]
2022-12-27T02:56:13.8266680Z   typedef struct X509_pubkey_st X509_PUBKEY;
2022-12-27T02:56:13.8267890Z                                 ^
2022-12-27T02:56:13.8269440Z   third_party/boringssl/include/openssl/base.h:227:31: note: previous definition is here
2022-12-27T02:56:13.8270810Z   typedef struct X509_pubkey_st X509_PUBKEY;
2022-12-27T02:56:13.8272120Z                                 ^
2022-12-27T02:56:13.8273580Z   In file included from src/boringssl/err_data.c:18:
2022-12-27T02:56:13.8274900Z   In file included from /usr/local/opt/openssl@3/include/openssl/err.h:28:
2022-12-27T02:56:13.8276580Z   /usr/local/opt/openssl@3/include/openssl/types.h:164:30: warning: redefinition of typedef 'X509_STORE' is a C11 feature [-Wtypedef-redefinition]
2022-12-27T02:56:13.8277680Z   typedef struct x509_store_st X509_STORE;
2022-12-27T02:56:13.8278940Z                                ^
2022-12-27T02:56:13.8280370Z   third_party/boringssl/include/openssl/base.h:295:30: note: previous definition is here
2022-12-27T02:56:13.8281680Z   typedef struct x509_store_st X509_STORE;
2022-12-27T02:56:13.8282950Z                                ^
2022-12-27T02:56:13.8284350Z   In file included from src/boringssl/err_data.c:18:
2022-12-27T02:56:13.8285710Z   In file included from /usr/local/opt/openssl@3/include/openssl/err.h:28:
2022-12-27T02:56:13.8287350Z   /usr/local/opt/openssl@3/include/openssl/types.h:165:34: warning: redefinition of typedef 'X509_STORE_CTX' is a C11 feature [-Wtypedef-redefinition]
2022-12-27T02:56:13.8288610Z   typedef struct x509_store_ctx_st X509_STORE_CTX;
2022-12-27T02:56:13.8289900Z                                    ^
2022-12-27T02:56:13.8291330Z   third_party/boringssl/include/openssl/base.h:294:34: note: previous definition is here
2022-12-27T02:56:13.8292660Z   typedef struct x509_store_ctx_st X509_STORE_CTX;
2022-12-27T02:56:13.8293930Z                                    ^
2022-12-27T02:56:13.8295350Z   In file included from src/boringssl/err_data.c:18:
2022-12-27T02:56:13.8297090Z   In file included from /usr/local/opt/openssl@3/include/openssl/err.h:28:
2022-12-27T02:56:13.8298930Z   /usr/local/opt/openssl@3/include/openssl/types.h:168:31: warning: redefinition of typedef 'X509_LOOKUP' is a C11 feature [-Wtypedef-redefinition]
2022-12-27T02:56:13.8299800Z   typedef struct x509_lookup_st X509_LOOKUP;
2022-12-27T02:56:13.8312870Z                                 ^
2022-12-27T02:56:13.8313120Z   third_party/boringssl/include/openssl/base.h:291:31: note: previous definition is here
2022-12-27T02:56:13.8313360Z   typedef struct x509_lookup_st X509_LOOKUP;
2022-12-27T02:56:13.8313580Z                                 ^
2022-12-27T02:56:13.8313830Z   In file included from src/boringssl/err_data.c:18:
2022-12-27T02:56:13.8314130Z   In file included from /usr/local/opt/openssl@3/include/openssl/err.h:28:
2022-12-27T02:56:13.8314750Z   /usr/local/opt/openssl@3/include/openssl/types.h:170:37: warning: redefinition of typedef 'X509_VERIFY_PARAM' is a C11 feature [-Wtypedef-redefinition]
2022-12-27T02:56:13.8315070Z   typedef struct X509_VERIFY_PARAM_st X509_VERIFY_PARAM;
2022-12-27T02:56:13.8315250Z                                       ^
2022-12-27T02:56:13.8315460Z   third_party/boringssl/include/openssl/base.h:218:37: note: previous definition is here
2022-12-27T02:56:13.8315740Z   typedef struct X509_VERIFY_PARAM_st X509_VERIFY_PARAM;
2022-12-27T02:56:13.8316110Z                                       ^
2022-12-27T02:56:13.8317580Z   In file included from src/boringssl/err_data.c:18:
2022-12-27T02:56:13.8318940Z   In file included from /usr/local/opt/openssl@3/include/openssl/err.h:28:
2022-12-27T02:56:13.8320590Z   /usr/local/opt/openssl@3/include/openssl/types.h:174:39: warning: redefinition of typedef 'PKCS8_PRIV_KEY_INFO' is a C11 feature [-Wtypedef-redefinition]
2022-12-27T02:56:13.8321860Z   typedef struct pkcs8_priv_key_info_st PKCS8_PRIV_KEY_INFO;
2022-12-27T02:56:13.8323070Z                                         ^
2022-12-27T02:56:13.8324760Z   third_party/boringssl/include/openssl/base.h:267:39: note: previous definition is here
2022-12-27T02:56:13.8325930Z   typedef struct pkcs8_priv_key_info_st PKCS8_PRIV_KEY_INFO;
2022-12-27T02:56:13.8327200Z                                         ^
2022-12-27T02:56:13.8328730Z   In file included from src/boringssl/err_data.c:18:
2022-12-27T02:56:13.8330120Z   In file included from /usr/local/opt/openssl@3/include/openssl/err.h:28:
2022-12-27T02:56:13.8331840Z   /usr/local/opt/openssl@3/include/openssl/types.h:176:27: warning: redefinition of typedef 'X509V3_CTX' is a C11 feature [-Wtypedef-redefinition]
2022-12-27T02:56:13.8332970Z   typedef struct v3_ext_ctx X509V3_CTX;
2022-12-27T02:56:13.8334260Z                             ^
2022-12-27T02:56:13.8335800Z   third_party/boringssl/include/openssl/base.h:285:27: note: previous definition is here
2022-12-27T02:56:13.8337150Z   typedef struct v3_ext_ctx X509V3_CTX;
2022-12-27T02:56:13.8338480Z                             ^
2022-12-27T02:56:13.8339880Z   In file included from src/boringssl/err_data.c:18:
2022-12-27T02:56:13.8341280Z   In file included from /usr/local/opt/openssl@3/include/openssl/err.h:28:
2022-12-27T02:56:13.8343010Z   /usr/local/opt/openssl@3/include/openssl/types.h:177:24: warning: redefinition of typedef 'CONF' is a C11 feature [-Wtypedef-redefinition]
2022-12-27T02:56:13.8344210Z   typedef struct conf_st CONF;
2022-12-27T02:56:13.8345530Z                          ^
2022-12-27T02:56:13.8347000Z   third_party/boringssl/include/openssl/base.h:242:24: note: previous definition is here
2022-12-27T02:56:13.8348430Z   typedef struct conf_st CONF;
2022-12-27T02:56:13.8349780Z                          ^
2022-12-27T02:56:13.8351180Z   In file included from src/boringssl/err_data.c:18:
2022-12-27T02:56:13.8352570Z   In file included from /usr/local/opt/openssl@3/include/openssl/err.h:28:
2022-12-27T02:56:13.8354150Z   /usr/local/opt/openssl@3/include/openssl/types.h:183:26: warning: redefinition of typedef 'ENGINE' is a C11 feature [-Wtypedef-redefinition]
2022-12-27T02:56:13.8355320Z   typedef struct engine_st ENGINE;
2022-12-27T02:56:13.8356610Z                            ^
2022-12-27T02:56:13.8358090Z   third_party/boringssl/include/openssl/base.h:251:26: note: previous definition is here
2022-12-27T02:56:13.8359360Z   typedef struct engine_st ENGINE;
2022-12-27T02:56:13.8360670Z                            ^
2022-12-27T02:56:13.8362080Z   In file included from src/boringssl/err_data.c:18:
2022-12-27T02:56:13.8363490Z   In file included from /usr/local/opt/openssl@3/include/openssl/err.h:28:
2022-12-27T02:56:13.8365140Z   /usr/local/opt/openssl@3/include/openssl/types.h:184:23: warning: redefinition of typedef 'SSL' is a C11 feature [-Wtypedef-redefinition]
2022-12-27T02:56:13.8366230Z   typedef struct ssl_st SSL;
2022-12-27T02:56:13.8367540Z                         ^
2022-12-27T02:56:13.8369340Z   third_party/boringssl/include/openssl/base.h:283:23: note: previous definition is here
2022-12-27T02:56:13.8370660Z   typedef struct ssl_st SSL;
2022-12-27T02:56:13.8371980Z                         ^
2022-12-27T02:56:13.8373390Z   In file included from src/boringssl/err_data.c:18:
2022-12-27T02:56:13.8374770Z   In file included from /usr/local/opt/openssl@3/include/openssl/err.h:28:
2022-12-27T02:56:13.8376370Z   /usr/local/opt/openssl@3/include/openssl/types.h:185:27: warning: redefinition of typedef 'SSL_CTX' is a C11 feature [-Wtypedef-redefinition]
2022-12-27T02:56:13.8377570Z   typedef struct ssl_ctx_st SSL_CTX;
2022-12-27T02:56:13.8378870Z                             ^
2022-12-27T02:56:13.8380320Z   third_party/boringssl/include/openssl/base.h:279:27: note: previous definition is here
2022-12-27T02:56:13.8381630Z   typedef struct ssl_ctx_st SSL_CTX;
2022-12-27T02:56:13.8382940Z                             ^
2022-12-27T02:56:13.8384340Z   In file included from src/boringssl/err_data.c:18:
2022-12-27T02:56:13.8386130Z   In file included from /usr/local/opt/openssl@3/include/openssl/err.h:28:
2022-12-27T02:56:13.8388280Z   /usr/local/opt/openssl@3/include/openssl/types.h:190:36: warning: redefinition of typedef 'X509_POLICY_NODE' is a C11 feature [-Wtypedef-redefinition]
2022-12-27T02:56:13.8389050Z   typedef struct X509_POLICY_NODE_st X509_POLICY_NODE;
2022-12-27T02:56:13.8390370Z                                      ^
2022-12-27T02:56:13.8391790Z   third_party/boringssl/include/openssl/base.h:216:36: note: previous definition is here
2022-12-27T02:56:13.8393160Z   typedef struct X509_POLICY_NODE_st X509_POLICY_NODE;
2022-12-27T02:56:13.8394420Z                                      ^
2022-12-27T02:56:13.8395910Z   In file included from src/boringssl/err_data.c:18:
2022-12-27T02:56:13.8397320Z   In file included from /usr/local/opt/openssl@3/include/openssl/err.h:28:
2022-12-27T02:56:13.8399000Z   /usr/local/opt/openssl@3/include/openssl/types.h:191:37: warning: redefinition of typedef 'X509_POLICY_LEVEL' is a C11 feature [-Wtypedef-redefinition]
2022-12-27T02:56:13.8400080Z   typedef struct X509_POLICY_LEVEL_st X509_POLICY_LEVEL;
2022-12-27T02:56:13.8401390Z                                       ^
2022-12-27T02:56:13.8402810Z   third_party/boringssl/include/openssl/base.h:215:37: note: previous definition is here
2022-12-27T02:56:13.8404150Z   typedef struct X509_POLICY_LEVEL_st X509_POLICY_LEVEL;
2022-12-27T02:56:13.8405410Z                                       ^
2022-12-27T02:56:13.8406810Z   In file included from src/boringssl/err_data.c:18:
2022-12-27T02:56:13.8408310Z   In file included from /usr/local/opt/openssl@3/include/openssl/err.h:28:
2022-12-27T02:56:13.8410040Z   /usr/local/opt/openssl@3/include/openssl/types.h:192:36: warning: redefinition of typedef 'X509_POLICY_TREE' is a C11 feature [-Wtypedef-redefinition]
2022-12-27T02:56:13.8411120Z   typedef struct X509_POLICY_TREE_st X509_POLICY_TREE;
2022-12-27T02:56:13.8412410Z                                      ^
2022-12-27T02:56:13.8413860Z   third_party/boringssl/include/openssl/base.h:217:36: note: previous definition is here
2022-12-27T02:56:13.8415270Z   typedef struct X509_POLICY_TREE_st X509_POLICY_TREE;
2022-12-27T02:56:13.8416530Z                                      ^
2022-12-27T02:56:13.8417890Z   In file included from src/boringssl/err_data.c:18:
2022-12-27T02:56:13.8419280Z   In file included from /usr/local/opt/openssl@3/include/openssl/err.h:28:
2022-12-27T02:56:13.8420910Z   /usr/local/opt/openssl@3/include/openssl/types.h:193:37: warning: redefinition of typedef 'X509_POLICY_CACHE' is a C11 feature [-Wtypedef-redefinition]
2022-12-27T02:56:13.8422050Z   typedef struct X509_POLICY_CACHE_st X509_POLICY_CACHE;
2022-12-27T02:56:13.8423360Z                                       ^
2022-12-27T02:56:13.8424780Z   third_party/boringssl/include/openssl/base.h:214:37: note: previous definition is here
2022-12-27T02:56:13.8426130Z   typedef struct X509_POLICY_CACHE_st X509_POLICY_CACHE;
2022-12-27T02:56:13.8427450Z                                       ^
2022-12-27T02:56:13.8428990Z   In file included from src/boringssl/err_data.c:18:
2022-12-27T02:56:13.8430370Z   In file included from /usr/local/opt/openssl@3/include/openssl/err.h:28:
2022-12-27T02:56:13.8432070Z   /usr/local/opt/openssl@3/include/openssl/types.h:195:35: warning: redefinition of typedef 'AUTHORITY_KEYID' is a C11 feature [-Wtypedef-redefinition]
2022-12-27T02:56:13.8433220Z   typedef struct AUTHORITY_KEYID_st AUTHORITY_KEYID;
2022-12-27T02:56:13.8434520Z                                     ^
2022-12-27T02:56:13.8435970Z   third_party/boringssl/include/openssl/base.h:201:35: note: previous definition is here
2022-12-27T02:56:13.8437330Z   typedef struct AUTHORITY_KEYID_st AUTHORITY_KEYID;
2022-12-27T02:56:13.8438590Z                                     ^
2022-12-27T02:56:13.8439990Z   In file included from src/boringssl/err_data.c:18:
2022-12-27T02:56:13.8441370Z   In file included from /usr/local/opt/openssl@3/include/openssl/err.h:28:
2022-12-27T02:56:13.8442990Z   /usr/local/opt/openssl@3/include/openssl/types.h:196:30: warning: redefinition of typedef 'DIST_POINT' is a C11 feature [-Wtypedef-redefinition]
2022-12-27T02:56:13.8444190Z   typedef struct DIST_POINT_st DIST_POINT;
2022-12-27T02:56:13.8445580Z                                ^
2022-12-27T02:56:13.8446910Z   third_party/boringssl/include/openssl/base.h:203:30: note: previous definition is here
2022-12-27T02:56:13.8448330Z   typedef struct DIST_POINT_st DIST_POINT;
2022-12-27T02:56:13.8449650Z                                ^
2022-12-27T02:56:13.8451010Z   In file included from src/boringssl/err_data.c:18:
2022-12-27T02:56:13.8452370Z   In file included from /usr/local/opt/openssl@3/include/openssl/err.h:28:
2022-12-27T02:56:13.8454030Z   /usr/local/opt/openssl@3/include/openssl/types.h:197:38: warning: redefinition of typedef 'ISSUING_DIST_POINT' is a C11 feature [-Wtypedef-redefinition]
2022-12-27T02:56:13.8455200Z   typedef struct ISSUING_DIST_POINT_st ISSUING_DIST_POINT;
2022-12-27T02:56:13.8456440Z                                        ^
2022-12-27T02:56:13.8457960Z   third_party/boringssl/include/openssl/base.h:205:38: note: previous definition is here
2022-12-27T02:56:13.8459320Z   typedef struct ISSUING_DIST_POINT_st ISSUING_DIST_POINT;
2022-12-27T02:56:13.8460580Z                                        ^
2022-12-27T02:56:13.8461970Z   In file included from src/boringssl/err_data.c:18:
2022-12-27T02:56:13.8463340Z   In file included from /usr/local/opt/openssl@3/include/openssl/err.h:28:
2022-12-27T02:56:13.8465040Z   /usr/local/opt/openssl@3/include/openssl/types.h:198:36: warning: redefinition of typedef 'NAME_CONSTRAINTS' is a C11 feature [-Wtypedef-redefinition]
2022-12-27T02:56:13.8466170Z   typedef struct NAME_CONSTRAINTS_st NAME_CONSTRAINTS;
2022-12-27T02:56:13.8467460Z                                      ^
2022-12-27T02:56:13.8469060Z   third_party/boringssl/include/openssl/base.h:206:36: note: previous definition is here
2022-12-27T02:56:13.8470380Z   typedef struct NAME_CONSTRAINTS_st NAME_CONSTRAINTS;
2022-12-27T02:56:13.8471650Z                                      ^
2022-12-27T02:56:13.8473050Z   In file included from src/boringssl/err_data.c:18:
2022-12-27T02:56:13.8474400Z   In file included from /usr/local/opt/openssl@3/include/openssl/err.h:29:
2022-12-27T02:56:13.8475750Z   In file included from /usr/local/opt/openssl@3/include/openssl/bio.h:30:
2022-12-27T02:56:13.8477340Z   /usr/local/opt/openssl@3/include/openssl/crypto.h:308:3: error: typedef redefinition with different types ('struct crypto_threadid_st' vs 'int')
2022-12-27T02:56:13.8478470Z   } CRYPTO_THREADID;
2022-12-27T02:56:13.8479770Z     ^
2022-12-27T02:56:13.8481240Z   third_party/boringssl/include/openssl/base.h:176:13: note: previous definition is here
2022-12-27T02:56:13.8482550Z   typedef int CRYPTO_THREADID;
2022-12-27T02:56:13.8483920Z               ^
2022-12-27T02:56:13.8485430Z   In file included from src/boringssl/err_data.c:18:
2022-12-27T02:56:13.8486760Z   In file included from /usr/local/opt/openssl@3/include/openssl/err.h:29:
2022-12-27T02:56:13.8488530Z   /usr/local/opt/openssl@3/include/openssl/bio.h:296:30: warning: redefinition of typedef 'BIO_METHOD' is a C11 feature [-Wtypedef-redefinition]
2022-12-27T02:56:13.8489840Z   typedef struct bio_method_st BIO_METHOD;
2022-12-27T02:56:13.8490920Z                                ^
2022-12-27T02:56:13.8492390Z   third_party/boringssl/include/openssl/base.h:234:30: note: previous definition is here
2022-12-27T02:56:13.8493700Z   typedef struct bio_method_st BIO_METHOD;
2022-12-27T02:56:13.8495000Z                                ^
2022-12-27T02:56:13.8496790Z   src/boringssl/err_data.c:33:1: error: 'OPENSSL_COMPILE_ASSERT_library_values_changed_12' declared as an array with a negative size
2022-12-27T02:56:13.8498000Z   OPENSSL_COMPILE_ASSERT(ERR_LIB_ASN1 == 12, library_values_changed_12);
2022-12-27T02:56:13.8499270Z   ^~~~~~~~~~~~~~~~~~~~~~~~~~~~~~~~~~~~~~~~~~~~~~~~~~~~~~~~~~~~~~~~~~~~~
2022-12-27T02:56:13.8500870Z   third_party/boringssl/include/openssl/type_check.h:83:45: note: expanded from macro 'OPENSSL_COMPILE_ASSERT'
2022-12-27T02:56:13.8502170Z     typedef char OPENSSL_COMPILE_ASSERT_##msg[((cond) ? 1 : -1)]
2022-12-27T02:56:13.8503410Z                                               ^~~~~~~~~~~~~~~~~
2022-12-27T02:56:13.8505140Z   src/boringssl/err_data.c:34:1: error: 'OPENSSL_COMPILE_ASSERT_library_values_changed_13' declared as an array with a negative size
2022-12-27T02:56:13.8506290Z   OPENSSL_COMPILE_ASSERT(ERR_LIB_CONF == 13, library_values_changed_13);
2022-12-27T02:56:13.8507540Z   ^~~~~~~~~~~~~~~~~~~~~~~~~~~~~~~~~~~~~~~~~~~~~~~~~~~~~~~~~~~~~~~~~~~~~
2022-12-27T02:56:13.8509310Z   third_party/boringssl/include/openssl/type_check.h:83:45: note: expanded from macro 'OPENSSL_COMPILE_ASSERT'
2022-12-27T02:56:13.8510620Z     typedef char OPENSSL_COMPILE_ASSERT_##msg[((cond) ? 1 : -1)]
2022-12-27T02:56:13.8511840Z                                               ^~~~~~~~~~~~~~~~~
2022-12-27T02:56:13.8513440Z   src/boringssl/err_data.c:35:1: error: 'OPENSSL_COMPILE_ASSERT_library_values_changed_14' declared as an array with a negative size
2022-12-27T02:56:13.8514790Z   OPENSSL_COMPILE_ASSERT(ERR_LIB_CRYPTO == 14, library_values_changed_14);
2022-12-27T02:56:13.8516070Z   ^~~~~~~~~~~~~~~~~~~~~~~~~~~~~~~~~~~~~~~~~~~~~~~~~~~~~~~~~~~~~~~~~~~~~~~
2022-12-27T02:56:13.8517750Z   third_party/boringssl/include/openssl/type_check.h:83:45: note: expanded from macro 'OPENSSL_COMPILE_ASSERT'
2022-12-27T02:56:13.8519060Z     typedef char OPENSSL_COMPILE_ASSERT_##msg[((cond) ? 1 : -1)]
2022-12-27T02:56:13.8520310Z                                               ^~~~~~~~~~~~~~~~~
2022-12-27T02:56:13.8521910Z   src/boringssl/err_data.c:36:1: error: 'OPENSSL_COMPILE_ASSERT_library_values_changed_15' declared as an array with a negative size
2022-12-27T02:56:13.8523140Z   OPENSSL_COMPILE_ASSERT(ERR_LIB_EC == 15, library_values_changed_15);
2022-12-27T02:56:13.8524410Z   ^~~~~~~~~~~~~~~~~~~~~~~~~~~~~~~~~~~~~~~~~~~~~~~~~~~~~~~~~~~~~~~~~~~
2022-12-27T02:56:13.8526010Z   third_party/boringssl/include/openssl/type_check.h:83:45: note: expanded from macro 'OPENSSL_COMPILE_ASSERT'
2022-12-27T02:56:13.8527370Z     typedef char OPENSSL_COMPILE_ASSERT_##msg[((cond) ? 1 : -1)]
2022-12-27T02:56:13.8528710Z                                               ^~~~~~~~~~~~~~~~~
2022-12-27T02:56:13.8530340Z   src/boringssl/err_data.c:37:1: error: 'OPENSSL_COMPILE_ASSERT_library_values_changed_16' declared as an array with a negative size
2022-12-27T02:56:13.8531550Z   OPENSSL_COMPILE_ASSERT(ERR_LIB_SSL == 16, library_values_changed_16);
2022-12-27T02:56:13.8532830Z   ^~~~~~~~~~~~~~~~~~~~~~~~~~~~~~~~~~~~~~~~~~~~~~~~~~~~~~~~~~~~~~~~~~~~
2022-12-27T02:56:13.8534510Z   third_party/boringssl/include/openssl/type_check.h:83:45: note: expanded from macro 'OPENSSL_COMPILE_ASSERT'
2022-12-27T02:56:13.8535860Z     typedef char OPENSSL_COMPILE_ASSERT_##msg[((cond) ? 1 : -1)]
2022-12-27T02:56:13.8537110Z                                               ^~~~~~~~~~~~~~~~~
2022-12-27T02:56:13.8538740Z   src/boringssl/err_data.c:38:1: error: 'OPENSSL_COMPILE_ASSERT_library_values_changed_17' declared as an array with a negative size
2022-12-27T02:56:13.8539970Z   OPENSSL_COMPILE_ASSERT(ERR_LIB_BIO == 17, library_values_changed_17);
2022-12-27T02:56:13.8541270Z   ^~~~~~~~~~~~~~~~~~~~~~~~~~~~~~~~~~~~~~~~~~~~~~~~~~~~~~~~~~~~~~~~~~~~
2022-12-27T02:56:13.8542830Z   third_party/boringssl/include/openssl/type_check.h:83:45: note: expanded from macro 'OPENSSL_COMPILE_ASSERT'
2022-12-27T02:56:13.8544140Z     typedef char OPENSSL_COMPILE_ASSERT_##msg[((cond) ? 1 : -1)]
2022-12-27T02:56:13.8545370Z                                               ^~~~~~~~~~~~~~~~~
2022-12-27T02:56:13.8546990Z   src/boringssl/err_data.c:39:1: error: 'OPENSSL_COMPILE_ASSERT_library_values_changed_18' declared as an array with a negative size
2022-12-27T02:56:13.8548440Z   OPENSSL_COMPILE_ASSERT(ERR_LIB_PKCS7 == 18, library_values_changed_18);
2022-12-27T02:56:13.8550190Z   ^~~~~~~~~~~~~~~~~~~~~~~~~~~~~~~~~~~~~~~~~~~~~~~~~~~~~~~~~~~~~~~~~~~~~~
2022-12-27T02:56:13.8552250Z   third_party/boringssl/include/openssl/type_check.h:83:45: note: expanded from macro 'OPENSSL_COMPILE_ASSERT'
2022-12-27T02:56:13.8553630Z     typedef char OPENSSL_COMPILE_ASSERT_##msg[((cond) ? 1 : -1)]
2022-12-27T02:56:13.8554970Z                                               ^~~~~~~~~~~~~~~~~
2022-12-27T02:56:13.8556410Z   src/boringssl/err_data.c:40:24: error: use of undeclared identifier 'ERR_LIB_PKCS8'
2022-12-27T02:56:13.8557680Z   OPENSSL_COMPILE_ASSERT(ERR_LIB_PKCS8 == 19, library_values_changed_19);
2022-12-27T02:56:13.8558980Z                          ^
2022-12-27T02:56:13.8560650Z   src/boringssl/err_data.c:41:1: error: 'OPENSSL_COMPILE_ASSERT_library_values_changed_20' declared as an array with a negative size
2022-12-27T02:56:13.8561820Z   OPENSSL_COMPILE_ASSERT(ERR_LIB_X509V3 == 20, library_values_changed_20);
2022-12-27T02:56:13.8563120Z   ^~~~~~~~~~~~~~~~~~~~~~~~~~~~~~~~~~~~~~~~~~~~~~~~~~~~~~~~~~~~~~~~~~~~~~~
2022-12-27T02:56:13.8564780Z   third_party/boringssl/include/openssl/type_check.h:83:45: note: expanded from macro 'OPENSSL_COMPILE_ASSERT'
2022-12-27T02:56:13.8566240Z     typedef char OPENSSL_COMPILE_ASSERT_##msg[((cond) ? 1 : -1)]
2022-12-27T02:56:13.8567510Z                                               ^~~~~~~~~~~~~~~~~
2022-12-27T02:56:13.8569120Z   src/boringssl/err_data.c:42:1: error: 'OPENSSL_COMPILE_ASSERT_library_values_changed_21' declared as an array with a negative size
2022-12-27T02:56:13.8570360Z   OPENSSL_COMPILE_ASSERT(ERR_LIB_RAND == 21, library_values_changed_21);
2022-12-27T02:56:13.8571640Z   ^~~~~~~~~~~~~~~~~~~~~~~~~~~~~~~~~~~~~~~~~~~~~~~~~~~~~~~~~~~~~~~~~~~~~
2022-12-27T02:56:13.8573250Z   third_party/boringssl/include/openssl/type_check.h:83:45: note: expanded from macro 'OPENSSL_COMPILE_ASSERT'
2022-12-27T02:56:13.8574560Z     typedef char OPENSSL_COMPILE_ASSERT_##msg[((cond) ? 1 : -1)]
2022-12-27T02:56:13.8575810Z                                               ^~~~~~~~~~~~~~~~~
2022-12-27T02:56:13.8577390Z   src/boringssl/err_data.c:43:1: error: 'OPENSSL_COMPILE_ASSERT_library_values_changed_22' declared as an array with a negative size
2022-12-27T02:56:13.8578670Z   OPENSSL_COMPILE_ASSERT(ERR_LIB_ENGINE == 22, library_values_changed_22);
2022-12-27T02:56:13.8579950Z   ^~~~~~~~~~~~~~~~~~~~~~~~~~~~~~~~~~~~~~~~~~~~~~~~~~~~~~~~~~~~~~~~~~~~~~~
2022-12-27T02:56:13.8581540Z   third_party/boringssl/include/openssl/type_check.h:83:45: note: expanded from macro 'OPENSSL_COMPILE_ASSERT'
2022-12-27T02:56:13.8582850Z     typedef char OPENSSL_COMPILE_ASSERT_##msg[((cond) ? 1 : -1)]
2022-12-27T02:56:13.8584110Z                                               ^~~~~~~~~~~~~~~~~
2022-12-27T02:56:13.8585750Z   src/boringssl/err_data.c:44:1: error: 'OPENSSL_COMPILE_ASSERT_library_values_changed_23' declared as an array with a negative size
2022-12-27T02:56:13.8586950Z   OPENSSL_COMPILE_ASSERT(ERR_LIB_OCSP == 23, library_values_changed_23);
2022-12-27T02:56:13.8588430Z   ^~~~~~~~~~~~~~~~~~~~~~~~~~~~~~~~~~~~~~~~~~~~~~~~~~~~~~~~~~~~~~~~~~~~~
2022-12-27T02:56:13.8590090Z   third_party/boringssl/include/openssl/type_check.h:83:45: note: expanded from macro 'OPENSSL_COMPILE_ASSERT'
2022-12-27T02:56:13.8591430Z     typedef char OPENSSL_COMPILE_ASSERT_##msg[((cond) ? 1 : -1)]
2022-12-27T02:56:13.8592660Z                                               ^~~~~~~~~~~~~~~~~
2022-12-27T02:56:13.8594260Z   src/boringssl/err_data.c:45:1: error: 'OPENSSL_COMPILE_ASSERT_library_values_changed_24' declared as an array with a negative size
2022-12-27T02:56:13.8595530Z   OPENSSL_COMPILE_ASSERT(ERR_LIB_UI == 24, library_values_changed_24);
2022-12-27T02:56:13.8596950Z   ^~~~~~~~~~~~~~~~~~~~~~~~~~~~~~~~~~~~~~~~~~~~~~~~~~~~~~~~~~~~~~~~~~~
2022-12-27T02:56:13.8598560Z   third_party/boringssl/include/openssl/type_check.h:83:45: note: expanded from macro 'OPENSSL_COMPILE_ASSERT'
2022-12-27T02:56:13.8599880Z     typedef char OPENSSL_COMPILE_ASSERT_##msg[((cond) ? 1 : -1)]
2022-12-27T02:56:13.8601150Z                                               ^~~~~~~~~~~~~~~~~
2022-12-27T02:56:13.8602720Z   src/boringssl/err_data.c:46:1: error: 'OPENSSL_COMPILE_ASSERT_library_values_changed_25' declared as an array with a negative size
2022-12-27T02:56:13.8603960Z   OPENSSL_COMPILE_ASSERT(ERR_LIB_COMP == 25, library_values_changed_25);
2022-12-27T02:56:13.8605360Z   ^~~~~~~~~~~~~~~~~~~~~~~~~~~~~~~~~~~~~~~~~~~~~~~~~~~~~~~~~~~~~~~~~~~~~
2022-12-27T02:56:13.8606870Z   third_party/boringssl/include/openssl/type_check.h:83:45: note: expanded from macro 'OPENSSL_COMPILE_ASSERT'
2022-12-27T02:56:13.8608270Z     typedef char OPENSSL_COMPILE_ASSERT_##msg[((cond) ? 1 : -1)]
2022-12-27T02:56:13.8609530Z                                               ^~~~~~~~~~~~~~~~~
2022-12-27T02:56:13.8611090Z   src/boringssl/err_data.c:47:1: error: 'OPENSSL_COMPILE_ASSERT_library_values_changed_26' declared as an array with a negative size
2022-12-27T02:56:13.8612370Z   OPENSSL_COMPILE_ASSERT(ERR_LIB_ECDSA == 26, library_values_changed_26);
2022-12-27T02:56:13.8613640Z   ^~~~~~~~~~~~~~~~~~~~~~~~~~~~~~~~~~~~~~~~~~~~~~~~~~~~~~~~~~~~~~~~~~~~~~
2022-12-27T02:56:13.8615240Z   third_party/boringssl/include/openssl/type_check.h:83:45: note: expanded from macro 'OPENSSL_COMPILE_ASSERT'
2022-12-27T02:56:13.8616520Z     typedef char OPENSSL_COMPILE_ASSERT_##msg[((cond) ? 1 : -1)]
2022-12-27T02:56:13.8617780Z                                               ^~~~~~~~~~~~~~~~~
2022-12-27T02:56:13.8619220Z   fatal error: too many errors emitted, stopping now [-ferror-limit=]
2022-12-27T02:56:13.8620620Z   70 warnings and 20 errors generated.
2022-12-27T02:56:13.8621920Z   creating var
2022-12-27T02:56:13.8623320Z   creating var/folders
2022-12-27T02:56:13.8624660Z   creating var/folders/51
2022-12-27T02:56:13.8626580Z   creating var/folders/51/hd414ycd67n82196sw51xqtc0000gn
2022-12-27T02:56:13.8627900Z   creating var/folders/51/hd414ycd67n82196sw51xqtc0000gn/T
2022-12-27T02:56:13.8629380Z   creating var/folders/51/hd414ycd67n82196sw51xqtc0000gn/T/tmprirtg5ns
2022-12-27T02:56:13.8631980Z   gcc -Wno-unused-result -Wsign-compare -Wunreachable-code -fno-common -dynamic -DNDEBUG -g -fwrapv -O3 -Wall -g -I/usr/local/opt/openssl@3/include -I/usr/local/opt/openssl@3/include -arch arm64 -I/private/var/folders/51/hd414ycd67n82196sw51xqtc0000gn/T/cibw-run-uc9em3hx/cp39-macosx_arm64/build/venv/include -I/Library/Frameworks/Python.framework/Versions/3.9/include/python3.9 -c /var/folders/51/hd414ycd67n82196sw51xqtc0000gn/T/tmprirtg5ns/a.c -o var/folders/51/hd414ycd67n82196sw51xqtc0000gn/T/tmprirtg5ns/a.o
2022-12-27T02:56:13.8649310Z   Traceback (most recent call last):
2022-12-27T02:56:13.8657530Z     File "/private/var/folders/51/hd414ycd67n82196sw51xqtc0000gn/T/cibw-run-uc9em3hx/cp39-macosx_arm64/build/venv/lib/python3.9/site-packages/setuptools/_distutils/unixccompiler.py", line 186, in _compile
2022-12-27T02:56:13.8658040Z       self.spawn(compiler_so + cc_args + [src, '-o', obj] + extra_postargs)
2022-12-27T02:56:13.8658520Z     File "/Users/runner/actions-runner/_work/python.build/python.build/build_grpcio13039/grpcio-1.3.0/src/python/grpcio/_spawn_patch.py", line 69, in _commandfile_spawn
2022-12-27T02:56:13.8658800Z       _classic_spawn(self, command)
2022-12-27T02:56:13.8659270Z     File "/private/var/folders/51/hd414ycd67n82196sw51xqtc0000gn/T/cibw-run-uc9em3hx/cp39-macosx_arm64/build/venv/lib/python3.9/site-packages/setuptools/_distutils/ccompiler.py", line 1007, in spawn
2022-12-27T02:56:13.8659580Z       spawn(cmd, dry_run=self.dry_run, **kwargs)
2022-12-27T02:56:13.8661620Z     File "/private/var/folders/51/hd414ycd67n82196sw51xqtc0000gn/T/cibw-run-uc9em3hx/cp39-macosx_arm64/build/venv/lib/python3.9/site-packages/setuptools/_distutils/spawn.py", line 70, in spawn
2022-12-27T02:56:13.8662400Z       raise DistutilsExecError(
2022-12-27T02:56:13.8664030Z   distutils.errors.DistutilsExecError: command '/usr/bin/gcc' failed with exit code 1
2022-12-27T02:56:13.8664990Z 
2022-12-27T02:56:13.8666610Z   During handling of the above exception, another exception occurred:
2022-12-27T02:56:13.8667790Z 
2022-12-27T02:56:13.8669360Z   Traceback (most recent call last):
2022-12-27T02:56:13.8671150Z     File "/Users/runner/actions-runner/_work/python.build/python.build/build_grpcio13039/grpcio-1.3.0/src/python/grpcio/commands.py", line 281, in build_extensions
2022-12-27T02:56:13.8672120Z       build_ext.build_ext.build_extensions(self)
2022-12-27T02:56:13.8674170Z     File "/private/var/folders/51/hd414ycd67n82196sw51xqtc0000gn/T/cibw-run-uc9em3hx/cp39-macosx_arm64/build/venv/lib/python3.9/site-packages/Cython/Distutils/old_build_ext.py", line 195, in build_extensions
2022-12-27T02:56:13.8674880Z       _build_ext.build_ext.build_extensions(self)
2022-12-27T02:56:13.8676750Z     File "/private/var/folders/51/hd414ycd67n82196sw51xqtc0000gn/T/cibw-run-uc9em3hx/cp39-macosx_arm64/build/venv/lib/python3.9/site-packages/setuptools/_distutils/command/build_ext.py", line 468, in build_extensions
2022-12-27T02:56:13.8677650Z       self._build_extensions_serial()
2022-12-27T02:56:13.8679550Z     File "/private/var/folders/51/hd414ycd67n82196sw51xqtc0000gn/T/cibw-run-uc9em3hx/cp39-macosx_arm64/build/venv/lib/python3.9/site-packages/setuptools/_distutils/command/build_ext.py", line 494, in _build_extensions_serial
2022-12-27T02:56:13.8680540Z       self.build_extension(ext)
2022-12-27T02:56:13.8682400Z     File "/private/var/folders/51/hd414ycd67n82196sw51xqtc0000gn/T/cibw-run-uc9em3hx/cp39-macosx_arm64/build/venv/lib/python3.9/site-packages/setuptools/command/build_ext.py", line 246, in build_extension
2022-12-27T02:56:13.8683350Z       _build_ext.build_extension(self, ext)
2022-12-27T02:56:13.8685210Z     File "/private/var/folders/51/hd414ycd67n82196sw51xqtc0000gn/T/cibw-run-uc9em3hx/cp39-macosx_arm64/build/venv/lib/python3.9/site-packages/setuptools/_distutils/command/build_ext.py", line 549, in build_extension
2022-12-27T02:56:13.8686220Z       objects = self.compiler.compile(
2022-12-27T02:56:13.8688060Z     File "/private/var/folders/51/hd414ycd67n82196sw51xqtc0000gn/T/cibw-run-uc9em3hx/cp39-macosx_arm64/build/venv/lib/python3.9/site-packages/setuptools/_distutils/ccompiler.py", line 599, in compile
2022-12-27T02:56:13.8689260Z       self._compile(obj, src, ext, cc_args, extra_postargs, pp_opts)
2022-12-27T02:56:13.8691050Z     File "/private/var/folders/51/hd414ycd67n82196sw51xqtc0000gn/T/cibw-run-uc9em3hx/cp39-macosx_arm64/build/venv/lib/python3.9/site-packages/setuptools/_distutils/unixccompiler.py", line 188, in _compile
2022-12-27T02:56:13.8692000Z       raise CompileError(msg)
2022-12-27T02:56:13.8693560Z   distutils.errors.CompileError: command '/usr/bin/gcc' failed with exit code 1
2022-12-27T02:56:13.8694660Z 
2022-12-27T02:56:13.8696120Z   During handling of the above exception, another exception occurred:
2022-12-27T02:56:13.8697390Z 
2022-12-27T02:56:13.8698810Z   Traceback (most recent call last):
2022-12-27T02:56:13.8700210Z     File "<string>", line 2, in <module>
2022-12-27T02:56:13.8701680Z     File "<pip-setuptools-caller>", line 34, in <module>
2022-12-27T02:56:13.8703330Z     File "/Users/runner/actions-runner/_work/python.build/python.build/build_grpcio13039/grpcio-1.3.0/setup.py", line 278, in <module>
2022-12-27T02:56:13.8704440Z       setuptools.setup(
2022-12-27T02:56:13.8706230Z     File "/private/var/folders/51/hd414ycd67n82196sw51xqtc0000gn/T/cibw-run-uc9em3hx/cp39-macosx_arm64/build/venv/lib/python3.9/site-packages/setuptools/__init__.py", line 87, in setup
2022-12-27T02:56:13.8707190Z       return distutils.core.setup(**attrs)
2022-12-27T02:56:13.8709120Z     File "/private/var/folders/51/hd414ycd67n82196sw51xqtc0000gn/T/cibw-run-uc9em3hx/cp39-macosx_arm64/build/venv/lib/python3.9/site-packages/setuptools/_distutils/core.py", line 185, in setup
2022-12-27T02:56:13.8710180Z       return run_commands(dist)
2022-12-27T02:56:13.8712000Z     File "/private/var/folders/51/hd414ycd67n82196sw51xqtc0000gn/T/cibw-run-uc9em3hx/cp39-macosx_arm64/build/venv/lib/python3.9/site-packages/setuptools/_distutils/core.py", line 201, in run_commands
2022-12-27T02:56:13.8712960Z       dist.run_commands()
2022-12-27T02:56:13.8714750Z     File "/private/var/folders/51/hd414ycd67n82196sw51xqtc0000gn/T/cibw-run-uc9em3hx/cp39-macosx_arm64/build/venv/lib/python3.9/site-packages/setuptools/_distutils/dist.py", line 969, in run_commands
2022-12-27T02:56:13.8715770Z       self.run_command(cmd)
2022-12-27T02:56:13.8717720Z     File "/private/var/folders/51/hd414ycd67n82196sw51xqtc0000gn/T/cibw-run-uc9em3hx/cp39-macosx_arm64/build/venv/lib/python3.9/site-packages/setuptools/dist.py", line 1208, in run_command
2022-12-27T02:56:13.8718570Z       super().run_command(command)
2022-12-27T02:56:13.8720330Z     File "/private/var/folders/51/hd414ycd67n82196sw51xqtc0000gn/T/cibw-run-uc9em3hx/cp39-macosx_arm64/build/venv/lib/python3.9/site-packages/setuptools/_distutils/dist.py", line 988, in run_command
2022-12-27T02:56:13.8721380Z       cmd_obj.run()
2022-12-27T02:56:13.8723090Z     File "/private/var/folders/51/hd414ycd67n82196sw51xqtc0000gn/T/cibw-run-uc9em3hx/cp39-macosx_arm64/build/venv/lib/python3.9/site-packages/wheel/bdist_wheel.py", line 325, in run
2022-12-27T02:56:13.8724220Z       self.run_command("build")
2022-12-27T02:56:13.8725910Z     File "/private/var/folders/51/hd414ycd67n82196sw51xqtc0000gn/T/cibw-run-uc9em3hx/cp39-macosx_arm64/build/venv/lib/python3.9/site-packages/setuptools/_distutils/cmd.py", line 318, in run_command
2022-12-27T02:56:13.8727070Z       self.distribution.run_command(command)
2022-12-27T02:56:13.8728850Z     File "/private/var/folders/51/hd414ycd67n82196sw51xqtc0000gn/T/cibw-run-uc9em3hx/cp39-macosx_arm64/build/venv/lib/python3.9/site-packages/setuptools/dist.py", line 1208, in run_command
2022-12-27T02:56:13.8729850Z       super().run_command(command)
2022-12-27T02:56:13.8731630Z     File "/private/var/folders/51/hd414ycd67n82196sw51xqtc0000gn/T/cibw-run-uc9em3hx/cp39-macosx_arm64/build/venv/lib/python3.9/site-packages/setuptools/_distutils/dist.py", line 988, in run_command
2022-12-27T02:56:13.8732760Z       cmd_obj.run()
2022-12-27T02:56:13.8734540Z     File "/private/var/folders/51/hd414ycd67n82196sw51xqtc0000gn/T/cibw-run-uc9em3hx/cp39-macosx_arm64/build/venv/lib/python3.9/site-packages/setuptools/_distutils/command/build.py", line 132, in run
2022-12-27T02:56:13.8735640Z       self.run_command(cmd_name)
2022-12-27T02:56:13.8737410Z     File "/private/var/folders/51/hd414ycd67n82196sw51xqtc0000gn/T/cibw-run-uc9em3hx/cp39-macosx_arm64/build/venv/lib/python3.9/site-packages/setuptools/_distutils/cmd.py", line 318, in run_command
2022-12-27T02:56:13.8738350Z       self.distribution.run_command(command)
2022-12-27T02:56:13.8740130Z     File "/private/var/folders/51/hd414ycd67n82196sw51xqtc0000gn/T/cibw-run-uc9em3hx/cp39-macosx_arm64/build/venv/lib/python3.9/site-packages/setuptools/dist.py", line 1208, in run_command
2022-12-27T02:56:13.8741220Z       super().run_command(command)
2022-12-27T02:56:13.8742910Z     File "/private/var/folders/51/hd414ycd67n82196sw51xqtc0000gn/T/cibw-run-uc9em3hx/cp39-macosx_arm64/build/venv/lib/python3.9/site-packages/setuptools/_distutils/dist.py", line 988, in run_command
2022-12-27T02:56:13.8743970Z       cmd_obj.run()
2022-12-27T02:56:13.8745840Z     File "/private/var/folders/51/hd414ycd67n82196sw51xqtc0000gn/T/cibw-run-uc9em3hx/cp39-macosx_arm64/build/venv/lib/python3.9/site-packages/setuptools/command/build_ext.py", line 84, in run
2022-12-27T02:56:13.8746720Z       _build_ext.run(self)
2022-12-27T02:56:13.8748960Z     File "/private/var/folders/51/hd414ycd67n82196sw51xqtc0000gn/T/cibw-run-uc9em3hx/cp39-macosx_arm64/build/venv/lib/python3.9/site-packages/Cython/Distutils/old_build_ext.py", line 186, in run
2022-12-27T02:56:13.8749890Z       _build_ext.build_ext.run(self)
2022-12-27T02:56:13.8751760Z     File "/private/var/folders/51/hd414ycd67n82196sw51xqtc0000gn/T/cibw-run-uc9em3hx/cp39-macosx_arm64/build/venv/lib/python3.9/site-packages/setuptools/_distutils/command/build_ext.py", line 346, in run
2022-12-27T02:56:13.8752830Z       self.build_extensions()
2022-12-27T02:56:13.8754490Z     File "/Users/runner/actions-runner/_work/python.build/python.build/build_grpcio13039/grpcio-1.3.0/src/python/grpcio/commands.py", line 285, in build_extensions
2022-12-27T02:56:13.8755600Z       raise CommandError(
2022-12-27T02:56:13.8756990Z   commands.CommandError: Failed `build_ext` step:
2022-12-27T02:56:13.8758310Z   Traceback (most recent call last):
2022-12-27T02:56:13.8760190Z     File "/private/var/folders/51/hd414ycd67n82196sw51xqtc0000gn/T/cibw-run-uc9em3hx/cp39-macosx_arm64/build/venv/lib/python3.9/site-packages/setuptools/_distutils/unixccompiler.py", line 186, in _compile
2022-12-27T02:56:13.8761170Z       self.spawn(compiler_so + cc_args + [src, '-o', obj] + extra_postargs)
2022-12-27T02:56:13.8762860Z     File "/Users/runner/actions-runner/_work/python.build/python.build/build_grpcio13039/grpcio-1.3.0/src/python/grpcio/_spawn_patch.py", line 69, in _commandfile_spawn
2022-12-27T02:56:13.8763950Z       _classic_spawn(self, command)
2022-12-27T02:56:13.8765700Z     File "/private/var/folders/51/hd414ycd67n82196sw51xqtc0000gn/T/cibw-run-uc9em3hx/cp39-macosx_arm64/build/venv/lib/python3.9/site-packages/setuptools/_distutils/ccompiler.py", line 1007, in spawn
2022-12-27T02:56:13.8766810Z       spawn(cmd, dry_run=self.dry_run, **kwargs)
2022-12-27T02:56:13.8768580Z     File "/private/var/folders/51/hd414ycd67n82196sw51xqtc0000gn/T/cibw-run-uc9em3hx/cp39-macosx_arm64/build/venv/lib/python3.9/site-packages/setuptools/_distutils/spawn.py", line 70, in spawn
2022-12-27T02:56:13.8769660Z       raise DistutilsExecError(
2022-12-27T02:56:13.8771200Z   distutils.errors.DistutilsExecError: command '/usr/bin/gcc' failed with exit code 1
2022-12-27T02:56:13.8772290Z 
2022-12-27T02:56:13.8773780Z   During handling of the above exception, another exception occurred:
2022-12-27T02:56:13.8774990Z 
2022-12-27T02:56:13.8776440Z   Traceback (most recent call last):
2022-12-27T02:56:13.8778160Z     File "/Users/runner/actions-runner/_work/python.build/python.build/build_grpcio13039/grpcio-1.3.0/src/python/grpcio/commands.py", line 281, in build_extensions
2022-12-27T02:56:13.8779180Z       build_ext.build_ext.build_extensions(self)
2022-12-27T02:56:13.8780990Z     File "/private/var/folders/51/hd414ycd67n82196sw51xqtc0000gn/T/cibw-run-uc9em3hx/cp39-macosx_arm64/build/venv/lib/python3.9/site-packages/Cython/Distutils/old_build_ext.py", line 195, in build_extensions
2022-12-27T02:56:13.8781930Z       _build_ext.build_ext.build_extensions(self)
2022-12-27T02:56:13.8783780Z     File "/private/var/folders/51/hd414ycd67n82196sw51xqtc0000gn/T/cibw-run-uc9em3hx/cp39-macosx_arm64/build/venv/lib/python3.9/site-packages/setuptools/_distutils/command/build_ext.py", line 468, in build_extensions
2022-12-27T02:56:13.8784680Z       self._build_extensions_serial()
2022-12-27T02:56:13.8786540Z     File "/private/var/folders/51/hd414ycd67n82196sw51xqtc0000gn/T/cibw-run-uc9em3hx/cp39-macosx_arm64/build/venv/lib/python3.9/site-packages/setuptools/_distutils/command/build_ext.py", line 494, in _build_extensions_serial
2022-12-27T02:56:13.8787450Z       self.build_extension(ext)
2022-12-27T02:56:13.8789430Z     File "/private/var/folders/51/hd414ycd67n82196sw51xqtc0000gn/T/cibw-run-uc9em3hx/cp39-macosx_arm64/build/venv/lib/python3.9/site-packages/setuptools/command/build_ext.py", line 246, in build_extension
2022-12-27T02:56:13.8790560Z       _build_ext.build_extension(self, ext)
2022-12-27T02:56:13.8792360Z     File "/private/var/folders/51/hd414ycd67n82196sw51xqtc0000gn/T/cibw-run-uc9em3hx/cp39-macosx_arm64/build/venv/lib/python3.9/site-packages/setuptools/_distutils/command/build_ext.py", line 549, in build_extension
2022-12-27T02:56:13.8793250Z       objects = self.compiler.compile(
2022-12-27T02:56:13.8795090Z     File "/private/var/folders/51/hd414ycd67n82196sw51xqtc0000gn/T/cibw-run-uc9em3hx/cp39-macosx_arm64/build/venv/lib/python3.9/site-packages/setuptools/_distutils/ccompiler.py", line 599, in compile
2022-12-27T02:56:13.8796100Z       self._compile(obj, src, ext, cc_args, extra_postargs, pp_opts)
2022-12-27T02:56:13.8797950Z     File "/private/var/folders/51/hd414ycd67n82196sw51xqtc0000gn/T/cibw-run-uc9em3hx/cp39-macosx_arm64/build/venv/lib/python3.9/site-packages/setuptools/_distutils/unixccompiler.py", line 188, in _compile
2022-12-27T02:56:13.8798870Z       raise CompileError(msg)
2022-12-27T02:56:13.8800450Z   distutils.errors.CompileError: command '/usr/bin/gcc' failed with exit code 1
2022-12-27T02:56:13.8801660Z 
2022-12-27T02:56:13.9180780Z   error: subprocess-exited-with-error
2022-12-27T02:56:13.9181580Z   
2022-12-27T02:56:13.9182050Z   Ã— python setup.py bdist_wheel did not run successfully.
2022-12-27T02:56:13.9182320Z   â”‚ exit code: 1
2022-12-27T02:56:13.9182530Z   â•°â”€> See above for output.
2022-12-27T02:56:13.9182680Z   
2022-12-27T02:56:13.9182880Z   note: This error originates from a subprocess, and is likely not a problem with pip.
2022-12-27T02:56:13.9189210Z   full command: /private/var/folders/51/hd414ycd67n82196sw51xqtc0000gn/T/cibw-run-uc9em3hx/cp39-macosx_arm64/build/venv/bin/python -u -c '
2022-12-27T02:56:13.9189650Z   exec(compile('"'"''"'"''"'"'
2022-12-27T02:56:13.9190010Z   # This is <pip-setuptools-caller> -- a caller that pip uses to run setup.py
2022-12-27T02:56:13.9190250Z   #
2022-12-27T02:56:13.9190610Z   # - It imports setuptools before invoking setup.py, to enable projects that directly
2022-12-27T02:56:13.9190960Z   #   import from `distutils.core` to work with newer packaging standards.
2022-12-27T02:56:13.9191370Z   # - It provides a clear error message when setuptools is not installed.
2022-12-27T02:56:13.9191780Z   # - It sets `sys.argv[0]` to the underlying `setup.py`, when invoking `setup.py` so
2022-12-27T02:56:13.9192210Z   #   setuptools doesn'"'"'t think the script is `-c`. This avoids the following warning:
2022-12-27T02:56:13.9192590Z   #     manifest_maker: standard file '"'"'-c'"'"' not found".
2022-12-27T02:56:13.9192970Z   # - It generates a shim setup.py, for handling setup.cfg-only projects.
2022-12-27T02:56:13.9193220Z   import os, sys, tokenize
2022-12-27T02:56:13.9193400Z   
2022-12-27T02:56:13.9193550Z   try:
2022-12-27T02:56:13.9193720Z       import setuptools
2022-12-27T02:56:13.9193920Z   except ImportError as error:
2022-12-27T02:56:13.9194110Z       print(
2022-12-27T02:56:13.9194370Z           "ERROR: Can not execute `setup.py` since setuptools is not available in "
2022-12-27T02:56:13.9194830Z           "the build environment.",
2022-12-27T02:56:13.9194990Z           file=sys.stderr,
2022-12-27T02:56:13.9195130Z       )
2022-12-27T02:56:13.9195260Z       sys.exit(1)
2022-12-27T02:56:13.9195390Z   
2022-12-27T02:56:13.9195510Z   __file__ = %r
2022-12-27T02:56:13.9195650Z   sys.argv[0] = __file__
2022-12-27T02:56:13.9195790Z   
2022-12-27T02:56:13.9195930Z   if os.path.exists(__file__):
2022-12-27T02:56:13.9196090Z       filename = __file__
2022-12-27T02:56:13.9196250Z       with tokenize.open(__file__) as f:
2022-12-27T02:56:13.9196430Z           setup_py_code = f.read()
2022-12-27T02:56:13.9196570Z   else:
2022-12-27T02:56:13.9196810Z       filename = "<auto-generated setuptools caller>"
2022-12-27T02:56:13.9197030Z       setup_py_code = "from setuptools import setup; setup()"
2022-12-27T02:56:13.9197200Z   
2022-12-27T02:56:13.9197360Z   exec(compile(setup_py_code, filename, "exec"))
2022-12-27T02:56:13.9197940Z   '"'"''"'"''"'"' % ('"'"'/Users/runner/actions-runner/_work/python.build/python.build/build_grpcio13039/grpcio-1.3.0/setup.py'"'"',), "<pip-setuptools-caller>", "exec"))' bdist_wheel -d /private/var/folders/51/hd414ycd67n82196sw51xqtc0000gn/T/pip-wheel-qri53w9s
2022-12-27T02:56:13.9198480Z   cwd: /Users/runner/actions-runner/_work/python.build/python.build/build_grpcio13039/grpcio-1.3.0/
2022-12-27T02:56:13.9198720Z   ERROR: Failed building wheel for grpcio
2022-12-27T02:56:13.9199010Z   Building wheel for grpcio (setup.py): finished with status 'error'
2022-12-27T02:56:13.9199220Z   Running setup.py clean for grpcio
2022-12-27T02:56:13.9199880Z   Running command python setup.py clean
2022-12-27T02:56:14.3386310Z   running clean
2022-12-27T02:56:14.3401120Z   removing 'python_build/temp.macosx-11.0-arm64-cpython-39' (and everything under it)
2022-12-27T02:56:14.3492010Z   removing 'python_build/lib.macosx-11.0-arm64-cpython-39' (and everything under it)
2022-12-27T02:56:14.3531250Z   'python_build/bdist.macosx-11.0-arm64' does not exist -- can't clean it
2022-12-27T02:56:14.3533370Z   'python_build/scripts-3.9' does not exist -- can't clean it
2022-12-27T02:56:14.3535200Z   removing 'python_build'
2022-12-27T02:56:14.3820130Z Failed to build grpcio
2022-12-27T02:56:14.3824340Z ERROR: Failed to build one or more wheels
2022-12-27T02:56:14.3834830Z Exception information:
2022-12-27T02:56:14.3835120Z Traceback (most recent call last):
2022-12-27T02:56:14.3836170Z   File "/private/var/folders/51/hd414ycd67n82196sw51xqtc0000gn/T/cibw-run-uc9em3hx/cp39-macosx_arm64/build/venv/lib/python3.9/site-packages/pip/_internal/cli/base_command.py", line 160, in exc_logging_wrapper
2022-12-27T02:56:14.3836660Z     status = run_func(*args)
2022-12-27T02:56:14.3837500Z   File "/private/var/folders/51/hd414ycd67n82196sw51xqtc0000gn/T/cibw-run-uc9em3hx/cp39-macosx_arm64/build/venv/lib/python3.9/site-packages/pip/_internal/cli/req_command.py", line 247, in wrapper
2022-12-27T02:56:14.3837860Z     return func(self, options, args)
2022-12-27T02:56:14.3838410Z   File "/private/var/folders/51/hd414ycd67n82196sw51xqtc0000gn/T/cibw-run-uc9em3hx/cp39-macosx_arm64/build/venv/lib/python3.9/site-packages/pip/_internal/commands/wheel.py", line 201, in run
2022-12-27T02:56:14.3838820Z     raise CommandError("Failed to build one or more wheels")
2022-12-27T02:56:14.3839090Z pip._internal.exceptions.CommandError: Failed to build one or more wheels
2022-12-27T02:56:14.3839540Z Removed build tracker: '/private/var/folders/51/hd414ycd67n82196sw51xqtc0000gn/T/pip-build-tracker-c8dvgbfa'
2022-12-27T02:56:14.4250120Z ##[endgroup]
2022-12-27T02:56:14.4272810Z ##[error]Command ['python', '-m', 'pip', 'wheel', '/Users/runner/actions-runner/_work/python.build/python.build/build_grpcio13039/grpcio-1.3.0', '--wheel-dir=/private/var/folders/51/hd414ycd67n82196sw51xqtc0000gn/T/cibw-run-uc9em3hx/cp39-macosx_arm64/built_wheel', '--no-deps', '-vvv'] failed with code 1. None
2022-12-27T02:56:14.4278690Z 
2022-12-27T02:56:14.4278940Z                                                               [31mâœ• [0m3.20s
2022-12-27T02:56:14.4856180Z ##[error]Process completed with exit code 1.
2022-12-27T02:56:14.4886880Z ##[group]Run rm -rf build_grpcio13039 wheelsout
2022-12-27T02:56:14.4887060Z [36;1mrm -rf build_grpcio13039 wheelsout[0m
2022-12-27T02:56:14.4901540Z shell: /bin/bash -e {0}
2022-12-27T02:56:14.4901660Z env:
2022-12-27T02:56:14.4901810Z   pythonLocation: /Users/runner/hostedtoolcache/Python/3.9.16/x64
2022-12-27T02:56:14.4901990Z   PKG_CONFIG_PATH: /Users/runner/hostedtoolcache/Python/3.9.16/x64/lib/pkgconfig
2022-12-27T02:56:14.4902180Z   Python_ROOT_DIR: /Users/runner/hostedtoolcache/Python/3.9.16/x64
2022-12-27T02:56:14.4902340Z   Python2_ROOT_DIR: /Users/runner/hostedtoolcache/Python/3.9.16/x64
2022-12-27T02:56:14.4902500Z   Python3_ROOT_DIR: /Users/runner/hostedtoolcache/Python/3.9.16/x64
2022-12-27T02:56:14.4902640Z ##[endgroup]
2022-12-27T02:56:14.7109990Z Cleaning up orphan processes
