2022-12-27T08:52:24.4166890Z Requested labels: self-hosted, macOS, X64
2022-12-27T08:52:24.4166975Z Job defined at: kilnbuild/python.build/.github/workflows/mac_arm_build.yml@refs/heads/main
2022-12-27T08:52:24.4167000Z Waiting for a runner to pick up this job...
2022-12-27T11:24:50.6790329Z Job is about to start running on the runner: k1 (organization)
2022-12-27T11:24:55.2296270Z Current runner version: '2.300.2'
2022-12-27T11:24:55.2301100Z Runner name: 'k1'
2022-12-27T11:24:55.2301340Z Runner group name: 'Default'
2022-12-27T11:24:55.2301780Z Machine name: 'k1'
2022-12-27T11:24:55.2303260Z ##[group]GITHUB_TOKEN Permissions
2022-12-27T11:24:55.2303680Z Actions: write
2022-12-27T11:24:55.2303810Z Checks: write
2022-12-27T11:24:55.2303950Z Contents: write
2022-12-27T11:24:55.2304090Z Deployments: write
2022-12-27T11:24:55.2304220Z Discussions: write
2022-12-27T11:24:55.2304350Z Issues: write
2022-12-27T11:24:55.2304480Z Metadata: read
2022-12-27T11:24:55.2304600Z Packages: write
2022-12-27T11:24:55.2304740Z Pages: write
2022-12-27T11:24:55.2304870Z PullRequests: write
2022-12-27T11:24:55.2305030Z RepositoryProjects: write
2022-12-27T11:24:55.2305190Z SecurityEvents: write
2022-12-27T11:24:55.2305320Z Statuses: write
2022-12-27T11:24:55.2305450Z ##[endgroup]
2022-12-27T11:24:55.2307940Z Secret source: Actions
2022-12-27T11:24:55.2308250Z Prepare workflow directory
2022-12-27T11:24:55.2951550Z Prepare all required actions
2022-12-27T11:24:55.3067770Z Getting action download info
2022-12-27T11:24:55.7630360Z Download action repository 'actions/setup-python@v4' (SHA:5ccb29d8773c3f3f653e1705f474dfaa8a06a912)
2022-12-27T11:24:57.5175130Z Download action repository 'actions/upload-artifact@v3' (SHA:83fd05a356d7e2593de66fc9913b3002723633cb)
2022-12-27T11:24:59.8213130Z ##[group]Run echo '{
2022-12-27T11:24:59.8213410Z [36;1mecho '{[0m
2022-12-27T11:24:59.8213530Z [36;1m  "package_name": "lxml",[0m
2022-12-27T11:24:59.8213780Z [36;1m  "package_url": "https://files.pythonhosted.org/packages/9a/9e/dc13c232c12d76fd2505268406d05819e9bcd5000f6f1c1279125f277f57/lxml-2.0.tar.gz",[0m
2022-12-27T11:24:59.8214020Z [36;1m  "package_version": "2.0",[0m
2022-12-27T11:24:59.8214130Z [36;1m  "python_version": "3.10",[0m
2022-12-27T11:24:59.8214250Z [36;1m  "use_ccache": "true"[0m
2022-12-27T11:24:59.8214360Z [36;1m}'[0m
2022-12-27T11:24:59.8230210Z shell: /bin/bash -e {0}
2022-12-27T11:24:59.8230360Z ##[endgroup]
2022-12-27T11:24:59.8447440Z {
2022-12-27T11:24:59.8448870Z   "package_name": "lxml",
2022-12-27T11:24:59.8449530Z   "package_url": "https://files.pythonhosted.org/packages/9a/9e/dc13c232c12d76fd2505268406d05819e9bcd5000f6f1c1279125f277f57/lxml-2.0.tar.gz",
2022-12-27T11:24:59.8449820Z   "package_version": "2.0",
2022-12-27T11:24:59.8450020Z   "python_version": "3.10",
2022-12-27T11:24:59.8450230Z   "use_ccache": "true"
2022-12-27T11:24:59.8450400Z }
2022-12-27T11:24:59.8658390Z ##[group]Run actions/setup-python@v4
2022-12-27T11:24:59.8658640Z with:
2022-12-27T11:24:59.8658830Z   python-version: 3.10
2022-12-27T11:24:59.8659050Z   check-latest: false
2022-12-27T11:24:59.8659330Z   token: ***
2022-12-27T11:24:59.8659510Z   update-environment: true
2022-12-27T11:24:59.8659690Z ##[endgroup]
2022-12-27T11:24:59.9873110Z ##[group]Installed versions
2022-12-27T11:24:59.9976940Z Successfully set up CPython (3.10.9)
2022-12-27T11:24:59.9977840Z ##[endgroup]
2022-12-27T11:25:00.0126480Z ##[group]Run if [ "true" == "true" ]
2022-12-27T11:25:00.0126810Z [36;1mif [ "true" == "true" ][0m
2022-12-27T11:25:00.0126970Z [36;1mthen[0m
2022-12-27T11:25:00.0127200Z [36;1m  echo "CCACHE_PATH_PREPEND=/usr/local/opt/ccache/libexec" >> $GITHUB_OUTPUT[0m
2022-12-27T11:25:00.0127490Z [36;1melse[0m
2022-12-27T11:25:00.0127660Z [36;1m  echo "CCACHE_PATH_PREPEND=" >> $GITHUB_OUTPUT[0m
2022-12-27T11:25:00.0127850Z [36;1mfi[0m
2022-12-27T11:25:00.0144700Z shell: /bin/bash -e {0}
2022-12-27T11:25:00.0144940Z env:
2022-12-27T11:25:00.0145150Z   pythonLocation: /Users/runner/hostedtoolcache/Python/3.10.9/x64
2022-12-27T11:25:00.0145450Z   PKG_CONFIG_PATH: /Users/runner/hostedtoolcache/Python/3.10.9/x64/lib/pkgconfig
2022-12-27T11:25:00.0145740Z   Python_ROOT_DIR: /Users/runner/hostedtoolcache/Python/3.10.9/x64
2022-12-27T11:25:00.0146080Z   Python2_ROOT_DIR: /Users/runner/hostedtoolcache/Python/3.10.9/x64
2022-12-27T11:25:00.0146380Z   Python3_ROOT_DIR: /Users/runner/hostedtoolcache/Python/3.10.9/x64
2022-12-27T11:25:00.0146920Z ##[endgroup]
2022-12-27T11:25:00.0256930Z ##[group]Run echo "BUILD_NAME=$(echo lxml_2.0_3.10 | tr -dc '[:alnum:]\n\r' | tr '[:upper:]' '[:lower:]')" >> $GITHUB_OUTPUT
2022-12-27T11:25:00.0257330Z [36;1mecho "BUILD_NAME=$(echo lxml_2.0_3.10 | tr -dc '[:alnum:]\n\r' | tr '[:upper:]' '[:lower:]')" >> $GITHUB_OUTPUT[0m
2022-12-27T11:25:00.0271540Z shell: /bin/bash -e {0}
2022-12-27T11:25:00.0271760Z env:
2022-12-27T11:25:00.0271960Z   pythonLocation: /Users/runner/hostedtoolcache/Python/3.10.9/x64
2022-12-27T11:25:00.0272270Z   PKG_CONFIG_PATH: /Users/runner/hostedtoolcache/Python/3.10.9/x64/lib/pkgconfig
2022-12-27T11:25:00.0272620Z   Python_ROOT_DIR: /Users/runner/hostedtoolcache/Python/3.10.9/x64
2022-12-27T11:25:00.0272890Z   Python2_ROOT_DIR: /Users/runner/hostedtoolcache/Python/3.10.9/x64
2022-12-27T11:25:00.0273120Z   Python3_ROOT_DIR: /Users/runner/hostedtoolcache/Python/3.10.9/x64
2022-12-27T11:25:00.0273350Z ##[endgroup]
2022-12-27T11:25:00.0424570Z ##[group]Run echo "PYTHON_NO_DOTS=$(echo 3.10 | tr -dc '[:alnum:]\n\r' | tr '[:upper:]' '[:lower:]')" >> $GITHUB_OUTPUT
2022-12-27T11:25:00.0424960Z [36;1mecho "PYTHON_NO_DOTS=$(echo 3.10 | tr -dc '[:alnum:]\n\r' | tr '[:upper:]' '[:lower:]')" >> $GITHUB_OUTPUT[0m
2022-12-27T11:25:00.0438820Z shell: /bin/bash -e {0}
2022-12-27T11:25:00.0439060Z env:
2022-12-27T11:25:00.0439280Z   pythonLocation: /Users/runner/hostedtoolcache/Python/3.10.9/x64
2022-12-27T11:25:00.0439980Z   PKG_CONFIG_PATH: /Users/runner/hostedtoolcache/Python/3.10.9/x64/lib/pkgconfig
2022-12-27T11:25:00.0440240Z   Python_ROOT_DIR: /Users/runner/hostedtoolcache/Python/3.10.9/x64
2022-12-27T11:25:00.0440490Z   Python2_ROOT_DIR: /Users/runner/hostedtoolcache/Python/3.10.9/x64
2022-12-27T11:25:00.0440770Z   Python3_ROOT_DIR: /Users/runner/hostedtoolcache/Python/3.10.9/x64
2022-12-27T11:25:00.0440950Z ##[endgroup]
2022-12-27T11:25:00.0553910Z ##[group]Run rm -rf build_lxml20310
2022-12-27T11:25:00.0554310Z [36;1mrm -rf build_lxml20310[0m
2022-12-27T11:25:00.0554460Z [36;1mmkdir build_lxml20310[0m
2022-12-27T11:25:00.0554670Z [36;1mcd build_lxml20310[0m
2022-12-27T11:25:00.0554960Z [36;1m/usr/local/bin/wget --quiet https://files.pythonhosted.org/packages/9a/9e/dc13c232c12d76fd2505268406d05819e9bcd5000f6f1c1279125f277f57/lxml-2.0.tar.gz[0m
2022-12-27T11:25:00.0555200Z [36;1mtar xf *.tar.gz[0m
2022-12-27T11:25:00.0555410Z [36;1mcd *[0m
2022-12-27T11:25:00.0555600Z [36;1mpython -m pip install cibuildwheel==2.11.3[0m
2022-12-27T11:25:00.0555820Z [36;1mpython -m cibuildwheel --output-dir ../wheelsout[0m
2022-12-27T11:25:00.0569640Z shell: /bin/bash -e {0}
2022-12-27T11:25:00.0569870Z env:
2022-12-27T11:25:00.0570080Z   pythonLocation: /Users/runner/hostedtoolcache/Python/3.10.9/x64
2022-12-27T11:25:00.0570310Z   PKG_CONFIG_PATH: /Users/runner/hostedtoolcache/Python/3.10.9/x64/lib/pkgconfig
2022-12-27T11:25:00.0570660Z   Python_ROOT_DIR: /Users/runner/hostedtoolcache/Python/3.10.9/x64
2022-12-27T11:25:00.0570870Z   Python2_ROOT_DIR: /Users/runner/hostedtoolcache/Python/3.10.9/x64
2022-12-27T11:25:00.0571100Z   Python3_ROOT_DIR: /Users/runner/hostedtoolcache/Python/3.10.9/x64
2022-12-27T11:25:00.0571300Z   CIBW_ARCHS_MACOS: arm64
2022-12-27T11:25:00.0571450Z   CIBW_TEST_SKIP: *_arm64
2022-12-27T11:25:00.0571660Z   CIBW_BUILD: cp310-macosx_arm64
2022-12-27T11:25:00.0571840Z   CIBW_BUILD_FRONTEND: pip
2022-12-27T11:25:00.0571980Z   CIBW_BUILD_VERBOSITY: 3
2022-12-27T11:25:00.0572290Z   CIBW_ENVIRONMENT_MACOS:  CFLAGS="-I/usr/local/opt/openssl@3/include" LDFLAGS="-L/usr/local/opt/openssl@3/lib" CPPFLAGS="-I/usr/local/opt/openssl@3/include" MAKEFLAGS="-j$(sysctl -n hw.logicalcpu)" PATH=/usr/local/opt/ccache/libexec:$PATH
2022-12-27T11:25:00.0572650Z   CIBW_BEFORE_BUILD: pip install Cython; if [[ -f requirements.txt ]]; then pip install -r requirements.txt; fi
2022-12-27T11:25:00.0572920Z   MAKEFLAGS: -j$(sysctl -n hw.logicalcpu)
2022-12-27T11:25:00.0573080Z ##[endgroup]
2022-12-27T11:25:00.5127030Z Requirement already satisfied: cibuildwheel==2.11.3 in /Users/runner/hostedtoolcache/Python/3.10.9/x64/lib/python3.10/site-packages (2.11.3)
2022-12-27T11:25:00.5374630Z Requirement already satisfied: typing-extensions>=4.1.0 in /Users/runner/hostedtoolcache/Python/3.10.9/x64/lib/python3.10/site-packages (from cibuildwheel==2.11.3) (4.4.0)
2022-12-27T11:25:00.5380430Z Requirement already satisfied: packaging>=20.9 in /Users/runner/hostedtoolcache/Python/3.10.9/x64/lib/python3.10/site-packages (from cibuildwheel==2.11.3) (22.0)
2022-12-27T11:25:00.5383740Z Requirement already satisfied: platformdirs in /Users/runner/hostedtoolcache/Python/3.10.9/x64/lib/python3.10/site-packages (from cibuildwheel==2.11.3) (2.6.0)
2022-12-27T11:25:00.5386860Z Requirement already satisfied: filelock in /Users/runner/hostedtoolcache/Python/3.10.9/x64/lib/python3.10/site-packages (from cibuildwheel==2.11.3) (3.8.2)
2022-12-27T11:25:00.5391710Z Requirement already satisfied: bashlex!=0.13 in /Users/runner/hostedtoolcache/Python/3.10.9/x64/lib/python3.10/site-packages (from cibuildwheel==2.11.3) (0.16)
2022-12-27T11:25:00.5397180Z Requirement already satisfied: tomli in /Users/runner/hostedtoolcache/Python/3.10.9/x64/lib/python3.10/site-packages (from cibuildwheel==2.11.3) (2.0.1)
2022-12-27T11:25:00.5400390Z Requirement already satisfied: certifi in /Users/runner/hostedtoolcache/Python/3.10.9/x64/lib/python3.10/site-packages (from cibuildwheel==2.11.3) (2022.12.7)
2022-12-27T11:25:00.5403660Z Requirement already satisfied: bracex in /Users/runner/hostedtoolcache/Python/3.10.9/x64/lib/python3.10/site-packages (from cibuildwheel==2.11.3) (2.3.post1)
2022-12-27T11:25:00.7325750Z 
2022-12-27T11:25:00.7326300Z      _ _       _ _   _       _           _
2022-12-27T11:25:00.7326880Z  ___|_| |_ _ _|_| |_| |_ _ _| |_ ___ ___| |
2022-12-27T11:25:00.7327550Z |  _| | . | | | | | . | | | |   | -_| -_| |
2022-12-27T11:25:00.7328620Z |___|_|___|___|_|_|___|_____|_|_|___|___|_|
2022-12-27T11:25:00.7328980Z 
2022-12-27T11:25:00.7329110Z cibuildwheel version 2.11.3
2022-12-27T11:25:00.7329260Z 
2022-12-27T11:25:00.7329380Z Build options:
2022-12-27T11:25:00.7329590Z   platform: macos
2022-12-27T11:25:00.7390520Z   architectures: arm64[0m
2022-12-27T11:25:00.7391130Z   build_selector: 
2022-12-27T11:25:00.7392060Z     build_config: cp310-macosx_arm64
2022-12-27T11:25:00.7392350Z     skip_config: 
2022-12-27T11:25:00.7392650Z     requires_python: None
2022-12-27T11:25:00.7392960Z     prerelease_pythons: False[0m
2022-12-27T11:25:00.7393550Z   [38;5;244mcontainer_engine: docker[0m
2022-12-27T11:25:00.7394080Z   output_dir: /Users/runner/actions-runner/_work/python.build/python.build/build_lxml20310/wheelsout[0m
2022-12-27T11:25:00.7394670Z   package_dir: /Users/runner/actions-runner/_work/python.build/python.build/build_lxml20310/lxml-2.0[0m
2022-12-27T11:25:00.7395100Z   test_selector: 
2022-12-27T11:25:00.7395540Z     skip_config: *_arm64[0m
2022-12-27T11:25:00.7395880Z   [38;5;244mbefore_all: [0m
2022-12-27T11:25:00.7396370Z   before_build: pip install Cython; if [[ -f requirements.txt ]]; then pip install -r requirements.txt; fi[0m
2022-12-27T11:25:00.7396840Z   [38;5;244mbefore_test: [0m
2022-12-27T11:25:00.7397260Z   [38;5;244mbuild_frontend: pip[0m
2022-12-27T11:25:00.7397570Z   build_verbosity: 3[0m
2022-12-27T11:25:00.7397910Z   [38;5;244mconfig_settings: [0m
2022-12-27T11:25:00.7398310Z   [38;5;244mdependency_constraints: pinned[0m
2022-12-27T11:25:00.7398570Z   environment: 
2022-12-27T11:25:00.7399010Z     CFLAGS="-I/usr/local/opt/openssl@3/include"
2022-12-27T11:25:00.7399420Z     LDFLAGS="-L/usr/local/opt/openssl@3/lib"
2022-12-27T11:25:00.7399830Z     CPPFLAGS="-I/usr/local/opt/openssl@3/include"
2022-12-27T11:25:00.7400210Z     MAKEFLAGS="-j$(sysctl -n hw.logicalcpu)"
2022-12-27T11:25:00.7400610Z     PATH=/usr/local/opt/ccache/libexec:$PATH[0m
2022-12-27T11:25:00.7401080Z   [38;5;244mmanylinux_images: None[0m
2022-12-27T11:25:00.7401420Z   [38;5;244mmusllinux_images: None[0m
2022-12-27T11:25:00.7401940Z   [38;5;244mrepair_command: delocate-wheel --require-archs {delocate_archs} -w {dest_dir} -v {wheel}[0m
2022-12-27T11:25:00.7402740Z   [38;5;244mtest_command: [0m
2022-12-27T11:25:00.7403120Z   [38;5;244mtest_extras: [0m
2022-12-27T11:25:00.7403540Z   [38;5;244mtest_requires: [0m
2022-12-27T11:25:00.7403720Z 
2022-12-27T11:25:00.7403890Z Cache folder: /Users/runner/Library/Caches/cibuildwheel
2022-12-27T11:25:00.7409930Z 
2022-12-27T11:25:00.7410170Z Here we go!
2022-12-27T11:25:00.7410300Z 
2022-12-27T11:25:00.7465390Z 
2022-12-27T11:25:00.7465840Z [1m[34mBuilding cp310-macosx_arm64 wheel[0m
2022-12-27T11:25:00.7466420Z CPython 3.10 macOS arm64 - Apple Silicon
2022-12-27T11:25:00.7466590Z 
2022-12-27T11:25:00.7469210Z ##[group]Installing Python cp310...
2022-12-27T11:25:00.7469500Z 
2022-12-27T11:25:00.7469800Z + pkgutil --pkgs
2022-12-27T11:25:00.7570040Z ##[endgroup]
2022-12-27T11:25:00.7571310Z                                                               [32mâœ“ [0m0.01s
2022-12-27T11:25:00.7571810Z ##[group]Setting up build environment...
2022-12-27T11:25:00.7571980Z 
2022-12-27T11:25:00.7590720Z + /Users/runner/hostedtoolcache/Python/3.10.9/x64/bin/python -sS /Users/runner/Library/Caches/cibuildwheel/virtualenv-20.17.0.pyz --activators= --no-periodic-update --pip=22.3.1 --setuptools=65.6.3 --wheel=0.38.4 --symlink-app-data --python /Library/Frameworks/Python.framework/Versions/3.10/bin/python3 /private/var/folders/51/hd414ycd67n82196sw51xqtc0000gn/T/cibw-run-7ktg4_xa/cp310-macosx_arm64/build/venv
2022-12-27T11:25:00.9440200Z created virtual environment CPython3.10.8.final.0-64 in 47ms
2022-12-27T11:25:00.9440660Z   creator CPython3Posix(dest=/private/var/folders/51/hd414ycd67n82196sw51xqtc0000gn/T/cibw-run-7ktg4_xa/cp310-macosx_arm64/build/venv, clear=False, no_vcs_ignore=False, global=False)
2022-12-27T11:25:00.9441270Z   seeder FromAppData(download=False, pip=22.3.1, setuptools=65.6.3, wheel=0.38.4, via=symlink, app_data_dir=/Users/runner/Library/Application Support/virtualenv)
2022-12-27T11:25:00.9441670Z     added seed packages: pip==22.3.1, setuptools==65.6.3, wheel==0.38.4
2022-12-27T11:25:00.9563100Z + python -m pip install --upgrade pip -c /Users/runner/hostedtoolcache/Python/3.10.9/x64/lib/python3.10/site-packages/cibuildwheel/resources/constraints-python310.txt
2022-12-27T11:25:01.2355550Z Requirement already satisfied: pip in ./lib/python3.10/site-packages (22.3.1)
2022-12-27T11:25:01.3645410Z + which pip
2022-12-27T11:25:01.3664420Z /private/var/folders/51/hd414ycd67n82196sw51xqtc0000gn/T/cibw-run-7ktg4_xa/cp310-macosx_arm64/build/venv/bin/pip
2022-12-27T11:25:01.3666810Z + pip --version
2022-12-27T11:25:01.5700080Z pip 22.3.1 from /private/var/folders/51/hd414ycd67n82196sw51xqtc0000gn/T/cibw-run-7ktg4_xa/cp310-macosx_arm64/build/venv/lib/python3.10/site-packages/pip (python 3.10)
2022-12-27T11:25:01.5940930Z + which pip
2022-12-27T11:25:01.5967680Z + which python
2022-12-27T11:25:01.5986700Z /private/var/folders/51/hd414ycd67n82196sw51xqtc0000gn/T/cibw-run-7ktg4_xa/cp310-macosx_arm64/build/venv/bin/python
2022-12-27T11:25:01.5989080Z + python --version
2022-12-27T11:25:01.6037440Z Python 3.10.8
2022-12-27T11:25:01.6040590Z + which python
2022-12-27T11:25:01.6096650Z ##[endgroup]
2022-12-27T11:25:01.6097260Z                                                               [32mâœ“ [0m0.85s
2022-12-27T11:25:01.6097980Z ##[group]Installing build tools...
2022-12-27T11:25:01.6098220Z 
2022-12-27T11:25:01.6098770Z + pip install --upgrade setuptools wheel delocate -c /Users/runner/hostedtoolcache/Python/3.10.9/x64/lib/python3.10/site-packages/cibuildwheel/resources/constraints-python310.txt
2022-12-27T11:25:01.8992510Z Requirement already satisfied: setuptools in /private/var/folders/51/hd414ycd67n82196sw51xqtc0000gn/T/cibw-run-7ktg4_xa/cp310-macosx_arm64/build/venv/lib/python3.10/site-packages (65.6.3)
2022-12-27T11:25:02.0914820Z Requirement already satisfied: wheel in /private/var/folders/51/hd414ycd67n82196sw51xqtc0000gn/T/cibw-run-7ktg4_xa/cp310-macosx_arm64/build/venv/lib/python3.10/site-packages (0.38.4)
2022-12-27T11:25:02.1329860Z Collecting delocate
2022-12-27T11:25:02.1352730Z   Using cached delocate-0.10.3-py3-none-any.whl (142 kB)
2022-12-27T11:25:02.1561650Z Collecting typing-extensions
2022-12-27T11:25:02.1579670Z   Using cached typing_extensions-4.4.0-py3-none-any.whl (26 kB)
2022-12-27T11:25:02.1803960Z Collecting packaging>=20.9
2022-12-27T11:25:02.1822780Z   Using cached packaging-21.3-py3-none-any.whl (40 kB)
2022-12-27T11:25:02.2156730Z Collecting pyparsing!=3.0.5,>=2.0.2
2022-12-27T11:25:02.2173640Z   Using cached pyparsing-3.0.9-py3-none-any.whl (98 kB)
2022-12-27T11:25:02.2499410Z Installing collected packages: typing-extensions, pyparsing, packaging, delocate
2022-12-27T11:25:02.3749110Z Successfully installed delocate-0.10.3 packaging-21.3 pyparsing-3.0.9 typing-extensions-4.4.0
2022-12-27T11:25:02.4230170Z ##[endgroup]
2022-12-27T11:25:02.4231010Z                                                               [32mâœ“ [0m0.81s
2022-12-27T11:25:02.4231600Z ##[group]Running before_build...
2022-12-27T11:25:02.4231770Z 
2022-12-27T11:25:02.4236950Z + pip install Cython; if [[ -f requirements.txt ]]; then pip install -r requirements.txt; fi
2022-12-27T11:25:03.0128050Z Collecting Cython
2022-12-27T11:25:03.0169870Z   Using cached Cython-0.29.32-py2.py3-none-any.whl (986 kB)
2022-12-27T11:25:03.0604810Z Installing collected packages: Cython
2022-12-27T11:25:03.4289220Z Successfully installed Cython-0.29.32
2022-12-27T11:25:03.4716740Z ##[endgroup]
2022-12-27T11:25:03.4717560Z                                                               [32mâœ“ [0m1.05s
2022-12-27T11:25:03.4717980Z ##[group]Building wheel...
2022-12-27T11:25:03.4718260Z 
2022-12-27T11:25:03.4722110Z + python -m pip wheel /Users/runner/actions-runner/_work/python.build/python.build/build_lxml20310/lxml-2.0 --wheel-dir=/private/var/folders/51/hd414ycd67n82196sw51xqtc0000gn/T/cibw-run-7ktg4_xa/cp310-macosx_arm64/built_wheel --no-deps -vvv
2022-12-27T11:25:03.7192620Z Created temporary directory: /private/var/folders/51/hd414ycd67n82196sw51xqtc0000gn/T/pip-ephem-wheel-cache-yoph11v_
2022-12-27T11:25:03.7197000Z Created temporary directory: /private/var/folders/51/hd414ycd67n82196sw51xqtc0000gn/T/pip-build-tracker-srd1g9ao
2022-12-27T11:25:03.7198750Z Initialized build tracking at /private/var/folders/51/hd414ycd67n82196sw51xqtc0000gn/T/pip-build-tracker-srd1g9ao
2022-12-27T11:25:03.7200040Z Created build tracker: /private/var/folders/51/hd414ycd67n82196sw51xqtc0000gn/T/pip-build-tracker-srd1g9ao
2022-12-27T11:25:03.7201330Z Entered build tracker: /private/var/folders/51/hd414ycd67n82196sw51xqtc0000gn/T/pip-build-tracker-srd1g9ao
2022-12-27T11:25:03.7204570Z Created temporary directory: /private/var/folders/51/hd414ycd67n82196sw51xqtc0000gn/T/pip-wheel-xl1aeo8j
2022-12-27T11:25:03.7210130Z Created temporary directory: /private/var/folders/51/hd414ycd67n82196sw51xqtc0000gn/T/pip-ephem-wheel-cache-8zlnuzrr
2022-12-27T11:25:03.7356730Z Processing /Users/runner/actions-runner/_work/python.build/python.build/build_lxml20310/lxml-2.0
2022-12-27T11:25:03.7361530Z   Added file:///Users/runner/actions-runner/_work/python.build/python.build/build_lxml20310/lxml-2.0 to build tracker '/private/var/folders/51/hd414ycd67n82196sw51xqtc0000gn/T/pip-build-tracker-srd1g9ao'
2022-12-27T11:25:03.7365030Z   Running setup.py (path:/Users/runner/actions-runner/_work/python.build/python.build/build_lxml20310/lxml-2.0/setup.py) egg_info for package from file:///Users/runner/actions-runner/_work/python.build/python.build/build_lxml20310/lxml-2.0
2022-12-27T11:25:03.7367910Z   Created temporary directory: /private/var/folders/51/hd414ycd67n82196sw51xqtc0000gn/T/pip-pip-egg-info-yq5p_6nc
2022-12-27T11:25:03.7369360Z   Preparing metadata (setup.py): started
2022-12-27T11:25:03.7370930Z   Running command python setup.py egg_info
2022-12-27T11:25:04.0712040Z   Building with Cython 0.29.32.
2022-12-27T11:25:04.0712920Z   Building lxml version 2.0.
2022-12-27T11:25:04.0714270Z   running egg_info
2022-12-27T11:25:04.0716680Z   creating /private/var/folders/51/hd414ycd67n82196sw51xqtc0000gn/T/pip-pip-egg-info-yq5p_6nc/lxml.egg-info
2022-12-27T11:25:04.0719730Z   writing /private/var/folders/51/hd414ycd67n82196sw51xqtc0000gn/T/pip-pip-egg-info-yq5p_6nc/lxml.egg-info/PKG-INFO
2022-12-27T11:25:04.0723130Z   writing dependency_links to /private/var/folders/51/hd414ycd67n82196sw51xqtc0000gn/T/pip-pip-egg-info-yq5p_6nc/lxml.egg-info/dependency_links.txt
2022-12-27T11:25:04.0726610Z   writing top-level names to /private/var/folders/51/hd414ycd67n82196sw51xqtc0000gn/T/pip-pip-egg-info-yq5p_6nc/lxml.egg-info/top_level.txt
2022-12-27T11:25:04.0727970Z   writing manifest file '/private/var/folders/51/hd414ycd67n82196sw51xqtc0000gn/T/pip-pip-egg-info-yq5p_6nc/lxml.egg-info/SOURCES.txt'
2022-12-27T11:25:04.0776780Z   reading manifest file '/private/var/folders/51/hd414ycd67n82196sw51xqtc0000gn/T/pip-pip-egg-info-yq5p_6nc/lxml.egg-info/SOURCES.txt'
2022-12-27T11:25:04.0778340Z   reading manifest template 'MANIFEST.in'
2022-12-27T11:25:04.1509910Z   warning: no previously-included files found matching 'doc/pyrex.txt'
2022-12-27T11:25:04.1512560Z   adding license file 'LICENSES.txt'
2022-12-27T11:25:04.1562850Z   writing manifest file '/private/var/folders/51/hd414ycd67n82196sw51xqtc0000gn/T/pip-pip-egg-info-yq5p_6nc/lxml.egg-info/SOURCES.txt'
2022-12-27T11:25:04.1816480Z   Preparing metadata (setup.py): finished with status 'done'
2022-12-27T11:25:04.1837590Z   Source in /Users/runner/actions-runner/_work/python.build/python.build/build_lxml20310/lxml-2.0 has version 2.0, which satisfies requirement lxml==2.0 from file:///Users/runner/actions-runner/_work/python.build/python.build/build_lxml20310/lxml-2.0
2022-12-27T11:25:04.1840660Z   Removed lxml==2.0 from file:///Users/runner/actions-runner/_work/python.build/python.build/build_lxml20310/lxml-2.0 from build tracker '/private/var/folders/51/hd414ycd67n82196sw51xqtc0000gn/T/pip-build-tracker-srd1g9ao'
2022-12-27T11:25:04.1855940Z Created temporary directory: /private/var/folders/51/hd414ycd67n82196sw51xqtc0000gn/T/pip-unpack-ud9b5ay_
2022-12-27T11:25:04.1857660Z Building wheels for collected packages: lxml
2022-12-27T11:25:04.1864670Z   Created temporary directory: /private/var/folders/51/hd414ycd67n82196sw51xqtc0000gn/T/pip-wheel-jacyasxo
2022-12-27T11:25:04.1865820Z   Building wheel for lxml (setup.py): started
2022-12-27T11:25:04.1867760Z   Destination directory: /private/var/folders/51/hd414ycd67n82196sw51xqtc0000gn/T/pip-wheel-jacyasxo
2022-12-27T11:25:04.1868670Z   Running command python setup.py bdist_wheel
2022-12-27T11:25:04.4113290Z   Building with Cython 0.29.32.
2022-12-27T11:25:04.4113900Z   Building lxml version 2.0.
2022-12-27T11:25:04.5322410Z   running bdist_wheel
2022-12-27T11:25:04.5357000Z   running build
2022-12-27T11:25:04.5358890Z   running build_py
2022-12-27T11:25:04.5380330Z   creating build
2022-12-27T11:25:04.5382580Z   creating build/lib.macosx-11.0-arm64-cpython-310
2022-12-27T11:25:04.5384050Z   creating build/lib.macosx-11.0-arm64-cpython-310/lxml
2022-12-27T11:25:04.5385930Z   copying src/lxml/_elementpath.py -> build/lib.macosx-11.0-arm64-cpython-310/lxml
2022-12-27T11:25:04.5387390Z   copying src/lxml/sax.py -> build/lib.macosx-11.0-arm64-cpython-310/lxml
2022-12-27T11:25:04.5388590Z   copying src/lxml/__init__.py -> build/lib.macosx-11.0-arm64-cpython-310/lxml
2022-12-27T11:25:04.5394030Z   copying src/lxml/builder.py -> build/lib.macosx-11.0-arm64-cpython-310/lxml
2022-12-27T11:25:04.5395940Z   copying src/lxml/doctestcompare.py -> build/lib.macosx-11.0-arm64-cpython-310/lxml
2022-12-27T11:25:04.5397350Z   copying src/lxml/usedoctest.py -> build/lib.macosx-11.0-arm64-cpython-310/lxml
2022-12-27T11:25:04.5398810Z   copying src/lxml/cssselect.py -> build/lib.macosx-11.0-arm64-cpython-310/lxml
2022-12-27T11:25:04.5402240Z   copying src/lxml/htmlbuilder.py -> build/lib.macosx-11.0-arm64-cpython-310/lxml
2022-12-27T11:25:04.5404410Z   copying src/lxml/ElementInclude.py -> build/lib.macosx-11.0-arm64-cpython-310/lxml
2022-12-27T11:25:04.5410800Z   creating build/lib.macosx-11.0-arm64-cpython-310/lxml/html
2022-12-27T11:25:04.5412180Z   copying src/lxml/html/defs.py -> build/lib.macosx-11.0-arm64-cpython-310/lxml/html
2022-12-27T11:25:04.5415050Z   copying src/lxml/html/setmixin.py -> build/lib.macosx-11.0-arm64-cpython-310/lxml/html
2022-12-27T11:25:04.5416970Z   copying src/lxml/html/clean.py -> build/lib.macosx-11.0-arm64-cpython-310/lxml/html
2022-12-27T11:25:04.5420860Z   copying src/lxml/html/_diffcommand.py -> build/lib.macosx-11.0-arm64-cpython-310/lxml/html
2022-12-27T11:25:04.5423420Z   copying src/lxml/html/__init__.py -> build/lib.macosx-11.0-arm64-cpython-310/lxml/html
2022-12-27T11:25:04.5425810Z   copying src/lxml/html/formfill.py -> build/lib.macosx-11.0-arm64-cpython-310/lxml/html
2022-12-27T11:25:04.5427880Z   copying src/lxml/html/builder.py -> build/lib.macosx-11.0-arm64-cpython-310/lxml/html
2022-12-27T11:25:04.5430710Z   copying src/lxml/html/ElementSoup.py -> build/lib.macosx-11.0-arm64-cpython-310/lxml/html
2022-12-27T11:25:04.5432560Z   copying src/lxml/html/usedoctest.py -> build/lib.macosx-11.0-arm64-cpython-310/lxml/html
2022-12-27T11:25:04.5435420Z   copying src/lxml/html/diff.py -> build/lib.macosx-11.0-arm64-cpython-310/lxml/html
2022-12-27T11:25:04.5437950Z   copying src/lxml/html/_dictmixin.py -> build/lib.macosx-11.0-arm64-cpython-310/lxml/html
2022-12-27T11:25:04.5447210Z   running build_ext
2022-12-27T11:25:04.5560410Z   skipping 'src/lxml/lxml.etree.c' Cython extension (up-to-date)
2022-12-27T11:25:04.5562610Z   skipping 'src/lxml/lxml.objectify.c' Cython extension (up-to-date)
2022-12-27T11:25:04.5564270Z   skipping 'src/lxml/lxml.pyclasslookup.c' Cython extension (up-to-date)
2022-12-27T11:25:04.5565860Z   building 'lxml.etree' extension
2022-12-27T11:25:04.5567450Z   creating build/temp.macosx-11.0-arm64-cpython-310
2022-12-27T11:25:04.5568790Z   creating build/temp.macosx-11.0-arm64-cpython-310/src
2022-12-27T11:25:04.5570270Z   creating build/temp.macosx-11.0-arm64-cpython-310/src/lxml
2022-12-27T11:25:04.5573410Z   clang -Wno-unused-result -Wsign-compare -Wunreachable-code -fno-common -dynamic -DNDEBUG -g -fwrapv -O3 -Wall -g -I/usr/local/opt/openssl@3/include -I/usr/local/opt/openssl@3/include -arch arm64 -I/private/var/folders/51/hd414ycd67n82196sw51xqtc0000gn/T/cibw-run-7ktg4_xa/cp310-macosx_arm64/build/venv/include -I/Library/Frameworks/Python.framework/Versions/3.10/include/python3.10 -c src/lxml/lxml.etree.c -o build/temp.macosx-11.0-arm64-cpython-310/src/lxml/lxml.etree.o -w b'-I/Library/Developer/CommandLineTools/SDKs/MacOSX12.1.sdk/usr/include\n'
2022-12-27T11:25:04.5775160Z   clang: error: no such file or directory: 'b'-I/Library/Developer/CommandLineTools/SDKs/MacOSX12.1.sdk/usr/include\n''
2022-12-27T11:25:04.5789740Z   error: command '/usr/bin/clang' failed with exit code 1
2022-12-27T11:25:04.6142560Z   error: subprocess-exited-with-error
2022-12-27T11:25:04.6143050Z   
2022-12-27T11:25:04.6143420Z   Ã— python setup.py bdist_wheel did not run successfully.
2022-12-27T11:25:04.6143740Z   â”‚ exit code: 1
2022-12-27T11:25:04.6144210Z   â•°â”€> See above for output.
2022-12-27T11:25:04.6144450Z   
2022-12-27T11:25:04.6144760Z   note: This error originates from a subprocess, and is likely not a problem with pip.
2022-12-27T11:25:04.6151280Z   full command: /private/var/folders/51/hd414ycd67n82196sw51xqtc0000gn/T/cibw-run-7ktg4_xa/cp310-macosx_arm64/build/venv/bin/python -u -c '
2022-12-27T11:25:04.6151710Z   exec(compile('"'"''"'"''"'"'
2022-12-27T11:25:04.6152960Z   # This is <pip-setuptools-caller> -- a caller that pip uses to run setup.py
2022-12-27T11:25:04.6153430Z   #
2022-12-27T11:25:04.6154030Z   # - It imports setuptools before invoking setup.py, to enable projects that directly
2022-12-27T11:25:04.6154800Z   #   import from `distutils.core` to work with newer packaging standards.
2022-12-27T11:25:04.6155870Z   # - It provides a clear error message when setuptools is not installed.
2022-12-27T11:25:04.6156810Z   # - It sets `sys.argv[0]` to the underlying `setup.py`, when invoking `setup.py` so
2022-12-27T11:25:04.6157530Z   #   setuptools doesn'"'"'t think the script is `-c`. This avoids the following warning:
2022-12-27T11:25:04.6158190Z   #     manifest_maker: standard file '"'"'-c'"'"' not found".
2022-12-27T11:25:04.6159190Z   # - It generates a shim setup.py, for handling setup.cfg-only projects.
2022-12-27T11:25:04.6159700Z   import os, sys, tokenize
2022-12-27T11:25:04.6159970Z   
2022-12-27T11:25:04.6160260Z   try:
2022-12-27T11:25:04.6160550Z       import setuptools
2022-12-27T11:25:04.6160930Z   except ImportError as error:
2022-12-27T11:25:04.6161290Z       print(
2022-12-27T11:25:04.6161580Z           "ERROR: Can not execute `setup.py` since setuptools is not available in "
2022-12-27T11:25:04.6161840Z           "the build environment.",
2022-12-27T11:25:04.6162080Z           file=sys.stderr,
2022-12-27T11:25:04.6162360Z       )
2022-12-27T11:25:04.6162530Z       sys.exit(1)
2022-12-27T11:25:04.6162730Z   
2022-12-27T11:25:04.6162940Z   __file__ = %r
2022-12-27T11:25:04.6163130Z   sys.argv[0] = __file__
2022-12-27T11:25:04.6163390Z   
2022-12-27T11:25:04.6163610Z   if os.path.exists(__file__):
2022-12-27T11:25:04.6163810Z       filename = __file__
2022-12-27T11:25:04.6164060Z       with tokenize.open(__file__) as f:
2022-12-27T11:25:04.6164360Z           setup_py_code = f.read()
2022-12-27T11:25:04.6164550Z   else:
2022-12-27T11:25:04.6164890Z       filename = "<auto-generated setuptools caller>"
2022-12-27T11:25:04.6165190Z       setup_py_code = "from setuptools import setup; setup()"
2022-12-27T11:25:04.6165410Z   
2022-12-27T11:25:04.6165700Z   exec(compile(setup_py_code, filename, "exec"))
2022-12-27T11:25:04.6230150Z   '"'"''"'"''"'"' % ('"'"'/Users/runner/actions-runner/_work/python.build/python.build/build_lxml20310/lxml-2.0/setup.py'"'"',), "<pip-setuptools-caller>", "exec"))' bdist_wheel -d /private/var/folders/51/hd414ycd67n82196sw51xqtc0000gn/T/pip-wheel-jacyasxo
2022-12-27T11:25:04.6230610Z   cwd: /Users/runner/actions-runner/_work/python.build/python.build/build_lxml20310/lxml-2.0/
2022-12-27T11:25:04.6231210Z   ERROR: Failed building wheel for lxml
2022-12-27T11:25:04.6231500Z   Building wheel for lxml (setup.py): finished with status 'error'
2022-12-27T11:25:04.6231720Z   Running command python setup.py clean
2022-12-27T11:25:04.6231890Z   Running setup.py clean for lxml
2022-12-27T11:25:04.8366200Z   Building with Cython 0.29.32.
2022-12-27T11:25:04.8367430Z   Building lxml version 2.0.
2022-12-27T11:25:04.9458680Z   running clean
2022-12-27T11:25:04.9481070Z   removing 'build/temp.macosx-11.0-arm64-cpython-310' (and everything under it)
2022-12-27T11:25:04.9484350Z   removing 'build/lib.macosx-11.0-arm64-cpython-310' (and everything under it)
2022-12-27T11:25:04.9501430Z   'build/bdist.macosx-11.0-arm64' does not exist -- can't clean it
2022-12-27T11:25:04.9503000Z   'build/scripts-3.10' does not exist -- can't clean it
2022-12-27T11:25:04.9505150Z   removing 'build'
2022-12-27T11:25:04.9766390Z Failed to build lxml
2022-12-27T11:25:04.9770370Z ERROR: Failed to build one or more wheels
2022-12-27T11:25:04.9778870Z Exception information:
2022-12-27T11:25:04.9779070Z Traceback (most recent call last):
2022-12-27T11:25:04.9784740Z   File "/private/var/folders/51/hd414ycd67n82196sw51xqtc0000gn/T/cibw-run-7ktg4_xa/cp310-macosx_arm64/build/venv/lib/python3.10/site-packages/pip/_internal/cli/base_command.py", line 160, in exc_logging_wrapper
2022-12-27T11:25:04.9785170Z     status = run_func(*args)
2022-12-27T11:25:04.9785780Z   File "/private/var/folders/51/hd414ycd67n82196sw51xqtc0000gn/T/cibw-run-7ktg4_xa/cp310-macosx_arm64/build/venv/lib/python3.10/site-packages/pip/_internal/cli/req_command.py", line 247, in wrapper
2022-12-27T11:25:04.9786130Z     return func(self, options, args)
2022-12-27T11:25:04.9786650Z   File "/private/var/folders/51/hd414ycd67n82196sw51xqtc0000gn/T/cibw-run-7ktg4_xa/cp310-macosx_arm64/build/venv/lib/python3.10/site-packages/pip/_internal/commands/wheel.py", line 201, in run
2022-12-27T11:25:04.9787020Z     raise CommandError("Failed to build one or more wheels")
2022-12-27T11:25:04.9787340Z pip._internal.exceptions.CommandError: Failed to build one or more wheels
2022-12-27T11:25:04.9787780Z Removed build tracker: '/private/var/folders/51/hd414ycd67n82196sw51xqtc0000gn/T/pip-build-tracker-srd1g9ao'
2022-12-27T11:25:05.0157670Z ##[endgroup]
2022-12-27T11:25:05.0179950Z ##[error]Command ['python', '-m', 'pip', 'wheel', '/Users/runner/actions-runner/_work/python.build/python.build/build_lxml20310/lxml-2.0', '--wheel-dir=/private/var/folders/51/hd414ycd67n82196sw51xqtc0000gn/T/cibw-run-7ktg4_xa/cp310-macosx_arm64/built_wheel', '--no-deps', '-vvv'] failed with code 1. None
2022-12-27T11:25:05.0185430Z 
2022-12-27T11:25:05.0185680Z                                                               [31mâœ• [0m1.54s
2022-12-27T11:25:05.0593650Z ##[error]Process completed with exit code 1.
2022-12-27T11:25:05.0624300Z ##[group]Run rm -rf build_lxml20310 wheelsout
2022-12-27T11:25:05.0624490Z [36;1mrm -rf build_lxml20310 wheelsout[0m
2022-12-27T11:25:05.0639030Z shell: /bin/bash -e {0}
2022-12-27T11:25:05.0639200Z env:
2022-12-27T11:25:05.0639390Z   pythonLocation: /Users/runner/hostedtoolcache/Python/3.10.9/x64
2022-12-27T11:25:05.0639610Z   PKG_CONFIG_PATH: /Users/runner/hostedtoolcache/Python/3.10.9/x64/lib/pkgconfig
2022-12-27T11:25:05.0639930Z   Python_ROOT_DIR: /Users/runner/hostedtoolcache/Python/3.10.9/x64
2022-12-27T11:25:05.0640160Z   Python2_ROOT_DIR: /Users/runner/hostedtoolcache/Python/3.10.9/x64
2022-12-27T11:25:05.0640390Z   Python3_ROOT_DIR: /Users/runner/hostedtoolcache/Python/3.10.9/x64
2022-12-27T11:25:05.0640560Z ##[endgroup]
2022-12-27T11:25:05.1151390Z Cleaning up orphan processes
