2022-12-27T01:58:04.5492806Z Requested labels: self-hosted, macOS, X64
2022-12-27T01:58:04.5492891Z Job defined at: kilnbuild/python.build/.github/workflows/mac_arm_build.yml@refs/heads/main
2022-12-27T01:58:04.5492926Z Waiting for a runner to pick up this job...
2022-12-27T02:55:27.6203464Z Job is about to start running on the runner: k2 (organization)
2022-12-27T02:55:31.4369970Z Current runner version: '2.300.2'
2022-12-27T02:55:31.4374810Z Runner name: 'k2'
2022-12-27T02:55:31.4375060Z Runner group name: 'Default'
2022-12-27T02:55:31.4375470Z Machine name: 'k2'
2022-12-27T02:55:31.4376980Z ##[group]GITHUB_TOKEN Permissions
2022-12-27T02:55:31.4377400Z Actions: write
2022-12-27T02:55:31.4377540Z Checks: write
2022-12-27T02:55:31.4377670Z Contents: write
2022-12-27T02:55:31.4377810Z Deployments: write
2022-12-27T02:55:31.4377950Z Discussions: write
2022-12-27T02:55:31.4378080Z Issues: write
2022-12-27T02:55:31.4378200Z Metadata: read
2022-12-27T02:55:31.4378330Z Packages: write
2022-12-27T02:55:31.4378470Z Pages: write
2022-12-27T02:55:31.4378600Z PullRequests: write
2022-12-27T02:55:31.4378760Z RepositoryProjects: write
2022-12-27T02:55:31.4378920Z SecurityEvents: write
2022-12-27T02:55:31.4379060Z Statuses: write
2022-12-27T02:55:31.4379190Z ##[endgroup]
2022-12-27T02:55:31.4381780Z Secret source: Actions
2022-12-27T02:55:31.4382090Z Prepare workflow directory
2022-12-27T02:55:31.5030660Z Prepare all required actions
2022-12-27T02:55:31.5147230Z Getting action download info
2022-12-27T02:55:32.6048850Z Download action repository 'actions/setup-python@v4' (SHA:5ccb29d8773c3f3f653e1705f474dfaa8a06a912)
2022-12-27T02:55:34.2812320Z Download action repository 'actions/upload-artifact@v3' (SHA:83fd05a356d7e2593de66fc9913b3002723633cb)
2022-12-27T02:55:35.5883580Z ##[group]Run echo '{
2022-12-27T02:55:35.5883820Z [36;1mecho '{[0m
2022-12-27T02:55:35.5884090Z [36;1m  "environment_variables": "GRPC_PYTHON_BUILD_WITH_CYTHON=1 GRPC_BUILD_WITH_BORING_SSL_ASM='' GRPC_PYTHON_BUILD_SYSTEM_OPENSSL=TRUE",[0m
2022-12-27T02:55:35.5884340Z [36;1m  "package_name": "grpcio",[0m
2022-12-27T02:55:35.5884570Z [36;1m  "package_url": "https://files.pythonhosted.org/packages/f5/d6/926ca14ef469c744119ee5dd10784cb9bfc88f165de46616e6c82386c304/grpcio-1.1.0.tar.gz",[0m
2022-12-27T02:55:35.5884770Z [36;1m  "package_version": "1.1.0",[0m
2022-12-27T02:55:35.5884910Z [36;1m  "python_version": "3.9",[0m
2022-12-27T02:55:35.5885030Z [36;1m  "use_ccache": "true"[0m
2022-12-27T02:55:35.5885130Z [36;1m}'[0m
2022-12-27T02:55:35.5900510Z shell: /bin/bash -e {0}
2022-12-27T02:55:35.5900650Z ##[endgroup]
2022-12-27T02:55:35.6113920Z {
2022-12-27T02:55:35.6115330Z   "environment_variables": "GRPC_PYTHON_BUILD_WITH_CYTHON=1 GRPC_BUILD_WITH_BORING_SSL_ASM= GRPC_PYTHON_BUILD_SYSTEM_OPENSSL=TRUE",
2022-12-27T02:55:35.6115610Z   "package_name": "grpcio",
2022-12-27T02:55:35.6116260Z   "package_url": "https://files.pythonhosted.org/packages/f5/d6/926ca14ef469c744119ee5dd10784cb9bfc88f165de46616e6c82386c304/grpcio-1.1.0.tar.gz",
2022-12-27T02:55:35.6116540Z   "package_version": "1.1.0",
2022-12-27T02:55:35.6116690Z   "python_version": "3.9",
2022-12-27T02:55:35.6116860Z   "use_ccache": "true"
2022-12-27T02:55:35.6117030Z }
2022-12-27T02:55:35.6324570Z ##[group]Run actions/setup-python@v4
2022-12-27T02:55:35.6324870Z with:
2022-12-27T02:55:35.6325070Z   python-version: 3.9
2022-12-27T02:55:35.6325220Z   check-latest: false
2022-12-27T02:55:35.6325530Z   token: ***
2022-12-27T02:55:35.6325770Z   update-environment: true
2022-12-27T02:55:35.6325950Z ##[endgroup]
2022-12-27T02:55:35.7522570Z ##[group]Installed versions
2022-12-27T02:55:35.7626230Z Successfully set up CPython (3.9.16)
2022-12-27T02:55:35.7627530Z ##[endgroup]
2022-12-27T02:55:35.7845590Z ##[group]Run if [ "true" == "true" ]
2022-12-27T02:55:35.7845950Z [36;1mif [ "true" == "true" ][0m
2022-12-27T02:55:35.7846300Z [36;1mthen[0m
2022-12-27T02:55:35.7847210Z [36;1m  echo "CCACHE_PATH_PREPEND=/usr/local/opt/ccache/libexec" >> $GITHUB_OUTPUT[0m
2022-12-27T02:55:35.7847570Z [36;1melse[0m
2022-12-27T02:55:35.7847900Z [36;1m  echo "CCACHE_PATH_PREPEND=" >> $GITHUB_OUTPUT[0m
2022-12-27T02:55:35.7848170Z [36;1mfi[0m
2022-12-27T02:55:35.7876490Z shell: /bin/bash -e {0}
2022-12-27T02:55:35.7876830Z env:
2022-12-27T02:55:35.7877200Z   pythonLocation: /Users/runner/hostedtoolcache/Python/3.9.16/x64
2022-12-27T02:55:35.7877610Z   PKG_CONFIG_PATH: /Users/runner/hostedtoolcache/Python/3.9.16/x64/lib/pkgconfig
2022-12-27T02:55:35.7878790Z   Python_ROOT_DIR: /Users/runner/hostedtoolcache/Python/3.9.16/x64
2022-12-27T02:55:35.7879220Z   Python2_ROOT_DIR: /Users/runner/hostedtoolcache/Python/3.9.16/x64
2022-12-27T02:55:35.7879670Z   Python3_ROOT_DIR: /Users/runner/hostedtoolcache/Python/3.9.16/x64
2022-12-27T02:55:35.7880020Z ##[endgroup]
2022-12-27T02:55:35.8018180Z ##[group]Run echo "BUILD_NAME=$(echo grpcio_1.1.0_3.9 | tr -dc '[:alnum:]\n\r' | tr '[:upper:]' '[:lower:]')" >> $GITHUB_OUTPUT
2022-12-27T02:55:35.8018550Z [36;1mecho "BUILD_NAME=$(echo grpcio_1.1.0_3.9 | tr -dc '[:alnum:]\n\r' | tr '[:upper:]' '[:lower:]')" >> $GITHUB_OUTPUT[0m
2022-12-27T02:55:35.8033050Z shell: /bin/bash -e {0}
2022-12-27T02:55:35.8033200Z env:
2022-12-27T02:55:35.8033420Z   pythonLocation: /Users/runner/hostedtoolcache/Python/3.9.16/x64
2022-12-27T02:55:35.8033780Z   PKG_CONFIG_PATH: /Users/runner/hostedtoolcache/Python/3.9.16/x64/lib/pkgconfig
2022-12-27T02:55:35.8034040Z   Python_ROOT_DIR: /Users/runner/hostedtoolcache/Python/3.9.16/x64
2022-12-27T02:55:35.8034280Z   Python2_ROOT_DIR: /Users/runner/hostedtoolcache/Python/3.9.16/x64
2022-12-27T02:55:35.8034510Z   Python3_ROOT_DIR: /Users/runner/hostedtoolcache/Python/3.9.16/x64
2022-12-27T02:55:35.8034720Z ##[endgroup]
2022-12-27T02:55:35.8181050Z ##[group]Run echo "PYTHON_NO_DOTS=$(echo 3.9 | tr -dc '[:alnum:]\n\r' | tr '[:upper:]' '[:lower:]')" >> $GITHUB_OUTPUT
2022-12-27T02:55:35.8181390Z [36;1mecho "PYTHON_NO_DOTS=$(echo 3.9 | tr -dc '[:alnum:]\n\r' | tr '[:upper:]' '[:lower:]')" >> $GITHUB_OUTPUT[0m
2022-12-27T02:55:35.8194900Z shell: /bin/bash -e {0}
2022-12-27T02:55:35.8195050Z env:
2022-12-27T02:55:35.8195220Z   pythonLocation: /Users/runner/hostedtoolcache/Python/3.9.16/x64
2022-12-27T02:55:35.8195480Z   PKG_CONFIG_PATH: /Users/runner/hostedtoolcache/Python/3.9.16/x64/lib/pkgconfig
2022-12-27T02:55:35.8195690Z   Python_ROOT_DIR: /Users/runner/hostedtoolcache/Python/3.9.16/x64
2022-12-27T02:55:35.8195910Z   Python2_ROOT_DIR: /Users/runner/hostedtoolcache/Python/3.9.16/x64
2022-12-27T02:55:35.8196580Z   Python3_ROOT_DIR: /Users/runner/hostedtoolcache/Python/3.9.16/x64
2022-12-27T02:55:35.8196780Z ##[endgroup]
2022-12-27T02:55:35.8324640Z ##[group]Run rm -rf build_grpcio11039
2022-12-27T02:55:35.8325010Z [36;1mrm -rf build_grpcio11039[0m
2022-12-27T02:55:35.8325200Z [36;1mmkdir build_grpcio11039[0m
2022-12-27T02:55:35.8325400Z [36;1mcd build_grpcio11039[0m
2022-12-27T02:55:35.8325660Z [36;1m/usr/local/bin/wget --quiet https://files.pythonhosted.org/packages/f5/d6/926ca14ef469c744119ee5dd10784cb9bfc88f165de46616e6c82386c304/grpcio-1.1.0.tar.gz[0m
2022-12-27T02:55:35.8325930Z [36;1mtar xf *.tar.gz[0m
2022-12-27T02:55:35.8326140Z [36;1mcd grpcio-*/[0m
2022-12-27T02:55:35.8326310Z [36;1mpython -m pip install cibuildwheel==2.11.3[0m
2022-12-27T02:55:35.8326520Z [36;1mpython -m cibuildwheel --output-dir ../wheelsout[0m
2022-12-27T02:55:35.8340980Z shell: /bin/bash -e {0}
2022-12-27T02:55:35.8341150Z env:
2022-12-27T02:55:35.8341350Z   pythonLocation: /Users/runner/hostedtoolcache/Python/3.9.16/x64
2022-12-27T02:55:35.8341650Z   PKG_CONFIG_PATH: /Users/runner/hostedtoolcache/Python/3.9.16/x64/lib/pkgconfig
2022-12-27T02:55:35.8341940Z   Python_ROOT_DIR: /Users/runner/hostedtoolcache/Python/3.9.16/x64
2022-12-27T02:55:35.8342180Z   Python2_ROOT_DIR: /Users/runner/hostedtoolcache/Python/3.9.16/x64
2022-12-27T02:55:35.8342410Z   Python3_ROOT_DIR: /Users/runner/hostedtoolcache/Python/3.9.16/x64
2022-12-27T02:55:35.8342580Z   CIBW_ARCHS_MACOS: arm64
2022-12-27T02:55:35.8342760Z   CIBW_TEST_SKIP: *_arm64
2022-12-27T02:55:35.8342980Z   CIBW_BUILD: cp39-macosx_arm64
2022-12-27T02:55:35.8343130Z   CIBW_BUILD_FRONTEND: pip
2022-12-27T02:55:35.8343320Z   CIBW_BUILD_VERBOSITY: 3
2022-12-27T02:55:35.8343680Z   CIBW_ENVIRONMENT_MACOS: GRPC_PYTHON_BUILD_WITH_CYTHON=1 GRPC_BUILD_WITH_BORING_SSL_ASM='' GRPC_PYTHON_BUILD_SYSTEM_OPENSSL=TRUE CFLAGS="-I/usr/local/opt/openssl@3/include" LDFLAGS="-L/usr/local/opt/openssl@3/lib" CPPFLAGS="-I/usr/local/opt/openssl@3/include" MAKEFLAGS="-j$(sysctl -n hw.logicalcpu)" PATH=/usr/local/opt/ccache/libexec:$PATH
2022-12-27T02:55:35.8344350Z   CIBW_BEFORE_BUILD: pip install Cython; if [[ -f requirements.txt ]]; then pip install -r requirements.txt; fi
2022-12-27T02:55:35.8344550Z   MAKEFLAGS: -j$(sysctl -n hw.logicalcpu)
2022-12-27T02:55:35.8344740Z ##[endgroup]
2022-12-27T02:55:36.8179890Z Requirement already satisfied: cibuildwheel==2.11.3 in /Users/runner/hostedtoolcache/Python/3.9.16/x64/lib/python3.9/site-packages (2.11.3)
2022-12-27T02:55:36.8424820Z Requirement already satisfied: platformdirs in /Users/runner/hostedtoolcache/Python/3.9.16/x64/lib/python3.9/site-packages (from cibuildwheel==2.11.3) (2.6.0)
2022-12-27T02:55:36.8433200Z Requirement already satisfied: typing-extensions>=4.1.0 in /Users/runner/hostedtoolcache/Python/3.9.16/x64/lib/python3.9/site-packages (from cibuildwheel==2.11.3) (4.4.0)
2022-12-27T02:55:36.8436330Z Requirement already satisfied: bracex in /Users/runner/hostedtoolcache/Python/3.9.16/x64/lib/python3.9/site-packages (from cibuildwheel==2.11.3) (2.3.post1)
2022-12-27T02:55:36.8443670Z Requirement already satisfied: tomli in /Users/runner/hostedtoolcache/Python/3.9.16/x64/lib/python3.9/site-packages (from cibuildwheel==2.11.3) (2.0.1)
2022-12-27T02:55:36.8448000Z Requirement already satisfied: packaging>=20.9 in /Users/runner/hostedtoolcache/Python/3.9.16/x64/lib/python3.9/site-packages (from cibuildwheel==2.11.3) (22.0)
2022-12-27T02:55:36.8452810Z Requirement already satisfied: bashlex!=0.13 in /Users/runner/hostedtoolcache/Python/3.9.16/x64/lib/python3.9/site-packages (from cibuildwheel==2.11.3) (0.16)
2022-12-27T02:55:36.8456050Z Requirement already satisfied: filelock in /Users/runner/hostedtoolcache/Python/3.9.16/x64/lib/python3.9/site-packages (from cibuildwheel==2.11.3) (3.8.2)
2022-12-27T02:55:36.8459390Z Requirement already satisfied: certifi in /Users/runner/hostedtoolcache/Python/3.9.16/x64/lib/python3.9/site-packages (from cibuildwheel==2.11.3) (2022.12.7)
2022-12-27T02:55:37.0261740Z 
2022-12-27T02:55:37.0261910Z      _ _       _ _   _       _           _
2022-12-27T02:55:37.0262640Z  ___|_| |_ _ _|_| |_| |_ _ _| |_ ___ ___| |
2022-12-27T02:55:37.0264330Z |  _| | . | | | | | . | | | |   | -_| -_| |
2022-12-27T02:55:37.0264780Z |___|_|___|___|_|_|___|_____|_|_|___|___|_|
2022-12-27T02:55:37.0264930Z 
2022-12-27T02:55:37.0265090Z cibuildwheel version 2.11.3
2022-12-27T02:55:37.0265310Z 
2022-12-27T02:55:37.0265490Z Build options:
2022-12-27T02:55:37.0265840Z   platform: macos
2022-12-27T02:55:37.0389430Z   architectures: arm64[0m
2022-12-27T02:55:37.0389930Z   build_selector: 
2022-12-27T02:55:37.0390460Z     build_config: cp39-macosx_arm64
2022-12-27T02:55:37.0391180Z     skip_config: 
2022-12-27T02:55:37.0391690Z     requires_python: None
2022-12-27T02:55:37.0392160Z     prerelease_pythons: False[0m
2022-12-27T02:55:37.0392670Z   [38;5;244mcontainer_engine: docker[0m
2022-12-27T02:55:37.0393260Z   output_dir: /Users/runner/actions-runner/_work/python.build/python.build/build_grpcio11039/wheelsout[0m
2022-12-27T02:55:37.0393890Z   package_dir: /Users/runner/actions-runner/_work/python.build/python.build/build_grpcio11039/grpcio-1.1.0[0m
2022-12-27T02:55:37.0394230Z   test_selector: 
2022-12-27T02:55:37.0394500Z     skip_config: *_arm64[0m
2022-12-27T02:55:37.0394800Z   [38;5;244mbefore_all: [0m
2022-12-27T02:55:37.0395300Z   before_build: pip install Cython; if [[ -f requirements.txt ]]; then pip install -r requirements.txt; fi[0m
2022-12-27T02:55:37.0395680Z   [38;5;244mbefore_test: [0m
2022-12-27T02:55:37.0396020Z   [38;5;244mbuild_frontend: pip[0m
2022-12-27T02:55:37.0396350Z   build_verbosity: 3[0m
2022-12-27T02:55:37.0396650Z   [38;5;244mconfig_settings: [0m
2022-12-27T02:55:37.0396980Z   [38;5;244mdependency_constraints: pinned[0m
2022-12-27T02:55:37.0397230Z   environment: 
2022-12-27T02:55:37.0397460Z     GRPC_PYTHON_BUILD_WITH_CYTHON=1
2022-12-27T02:55:37.0397710Z     GRPC_BUILD_WITH_BORING_SSL_ASM=''
2022-12-27T02:55:37.0397970Z     GRPC_PYTHON_BUILD_SYSTEM_OPENSSL=TRUE
2022-12-27T02:55:37.0398600Z     CFLAGS="-I/usr/local/opt/openssl@3/include"
2022-12-27T02:55:37.0398900Z     LDFLAGS="-L/usr/local/opt/openssl@3/lib"
2022-12-27T02:55:37.0399230Z     CPPFLAGS="-I/usr/local/opt/openssl@3/include"
2022-12-27T02:55:37.0399560Z     MAKEFLAGS="-j$(sysctl -n hw.logicalcpu)"
2022-12-27T02:55:37.0399870Z     PATH=/usr/local/opt/ccache/libexec:$PATH[0m
2022-12-27T02:55:37.0400220Z   [38;5;244mmanylinux_images: None[0m
2022-12-27T02:55:37.0400510Z   [38;5;244mmusllinux_images: None[0m
2022-12-27T02:55:37.0400930Z   [38;5;244mrepair_command: delocate-wheel --require-archs {delocate_archs} -w {dest_dir} -v {wheel}[0m
2022-12-27T02:55:37.0401250Z   [38;5;244mtest_command: [0m
2022-12-27T02:55:37.0401590Z   [38;5;244mtest_extras: [0m
2022-12-27T02:55:37.0401860Z   [38;5;244mtest_requires: [0m
2022-12-27T02:55:37.0402000Z 
2022-12-27T02:55:37.0402110Z Cache folder: /Users/runner/Library/Caches/cibuildwheel
2022-12-27T02:55:37.0411460Z 
2022-12-27T02:55:37.0411750Z Here we go!
2022-12-27T02:55:37.0411890Z 
2022-12-27T02:55:37.0541570Z 
2022-12-27T02:55:37.0542450Z [1m[34mBuilding cp39-macosx_arm64 wheel[0m
2022-12-27T02:55:37.0543240Z CPython 3.9 macOS arm64 - Apple Silicon
2022-12-27T02:55:37.0543440Z 
2022-12-27T02:55:37.0545890Z ##[group]Installing Python cp39...
2022-12-27T02:55:37.0546110Z 
2022-12-27T02:55:37.0546490Z + pkgutil --pkgs
2022-12-27T02:55:37.0650750Z ##[endgroup]
2022-12-27T02:55:37.0651770Z                                                               [32mâœ“ [0m0.01s
2022-12-27T02:55:37.0652350Z ##[group]Setting up build environment...
2022-12-27T02:55:37.0652550Z 
2022-12-27T02:55:37.0672690Z + /Users/runner/hostedtoolcache/Python/3.9.16/x64/bin/python -sS /Users/runner/Library/Caches/cibuildwheel/virtualenv-20.17.0.pyz --activators= --no-periodic-update --pip=22.3.1 --setuptools=65.6.3 --wheel=0.38.4 --symlink-app-data --python /Library/Frameworks/Python.framework/Versions/3.9/bin/python3 /private/var/folders/51/hd414ycd67n82196sw51xqtc0000gn/T/cibw-run-tpqkig0g/cp39-macosx_arm64/build/venv
2022-12-27T02:55:37.2508160Z created virtual environment CPython3.9.13.final.0-64 in 47ms
2022-12-27T02:55:37.2509320Z   creator CPython3Posix(dest=/private/var/folders/51/hd414ycd67n82196sw51xqtc0000gn/T/cibw-run-tpqkig0g/cp39-macosx_arm64/build/venv, clear=False, no_vcs_ignore=False, global=False)
2022-12-27T02:55:37.2510120Z   seeder FromAppData(download=False, pip=22.3.1, setuptools=65.6.3, wheel=0.38.4, via=symlink, app_data_dir=/Users/runner/Library/Application Support/virtualenv)
2022-12-27T02:55:37.2510630Z     added seed packages: pip==22.3.1, setuptools==65.6.3, wheel==0.38.4
2022-12-27T02:55:37.2630870Z + python -m pip install --upgrade pip -c /Users/runner/hostedtoolcache/Python/3.9.16/x64/lib/python3.9/site-packages/cibuildwheel/resources/constraints-python39.txt
2022-12-27T02:55:37.5652590Z Requirement already satisfied: pip in ./lib/python3.9/site-packages (22.3.1)
2022-12-27T02:55:37.7078490Z + which pip
2022-12-27T02:55:37.7100820Z /private/var/folders/51/hd414ycd67n82196sw51xqtc0000gn/T/cibw-run-tpqkig0g/cp39-macosx_arm64/build/venv/bin/pip
2022-12-27T02:55:37.7102960Z + pip --version
2022-12-27T02:55:37.9318660Z pip 22.3.1 from /private/var/folders/51/hd414ycd67n82196sw51xqtc0000gn/T/cibw-run-tpqkig0g/cp39-macosx_arm64/build/venv/lib/python3.9/site-packages/pip (python 3.9)
2022-12-27T02:55:37.9575530Z + which pip
2022-12-27T02:55:37.9604100Z + which python
2022-12-27T02:55:37.9623210Z /private/var/folders/51/hd414ycd67n82196sw51xqtc0000gn/T/cibw-run-tpqkig0g/cp39-macosx_arm64/build/venv/bin/python
2022-12-27T02:55:37.9627010Z + python --version
2022-12-27T02:55:37.9680310Z Python 3.9.13
2022-12-27T02:55:37.9684380Z + which python
2022-12-27T02:55:37.9737670Z ##[endgroup]
2022-12-27T02:55:37.9738350Z                                                               [32mâœ“ [0m0.91s
2022-12-27T02:55:37.9739110Z ##[group]Installing build tools...
2022-12-27T02:55:37.9739330Z 
2022-12-27T02:55:37.9739800Z + pip install --upgrade setuptools wheel delocate -c /Users/runner/hostedtoolcache/Python/3.9.16/x64/lib/python3.9/site-packages/cibuildwheel/resources/constraints-python39.txt
2022-12-27T02:55:38.2708920Z Requirement already satisfied: setuptools in /private/var/folders/51/hd414ycd67n82196sw51xqtc0000gn/T/cibw-run-tpqkig0g/cp39-macosx_arm64/build/venv/lib/python3.9/site-packages (65.6.3)
2022-12-27T02:55:39.0079140Z Requirement already satisfied: wheel in /private/var/folders/51/hd414ycd67n82196sw51xqtc0000gn/T/cibw-run-tpqkig0g/cp39-macosx_arm64/build/venv/lib/python3.9/site-packages (0.38.4)
2022-12-27T02:55:39.9548770Z Collecting delocate
2022-12-27T02:55:39.9576490Z   Using cached delocate-0.10.3-py3-none-any.whl (142 kB)
2022-12-27T02:55:39.9813610Z Collecting typing-extensions
2022-12-27T02:55:39.9835280Z   Using cached typing_extensions-4.4.0-py3-none-any.whl (26 kB)
2022-12-27T02:55:40.0102500Z Collecting packaging>=20.9
2022-12-27T02:55:40.0128580Z   Using cached packaging-21.3-py3-none-any.whl (40 kB)
2022-12-27T02:55:40.0534200Z Collecting pyparsing!=3.0.5,>=2.0.2
2022-12-27T02:55:40.0556840Z   Using cached pyparsing-3.0.9-py3-none-any.whl (98 kB)
2022-12-27T02:55:40.0923130Z Installing collected packages: typing-extensions, pyparsing, packaging, delocate
2022-12-27T02:55:40.2362160Z Successfully installed delocate-0.10.3 packaging-21.3 pyparsing-3.0.9 typing-extensions-4.4.0
2022-12-27T02:55:40.2793420Z ##[endgroup]
2022-12-27T02:55:40.2794170Z                                                               [32mâœ“ [0m2.31s
2022-12-27T02:55:40.2794660Z ##[group]Running before_build...
2022-12-27T02:55:40.2794790Z 
2022-12-27T02:55:40.2800190Z + pip install Cython; if [[ -f requirements.txt ]]; then pip install -r requirements.txt; fi
2022-12-27T02:55:42.0597030Z Collecting Cython
2022-12-27T02:55:42.0648310Z   Using cached Cython-0.29.32-py2.py3-none-any.whl (986 kB)
2022-12-27T02:55:42.1135790Z Installing collected packages: Cython
2022-12-27T02:55:42.5781800Z Successfully installed Cython-0.29.32
2022-12-27T02:55:43.3683050Z Collecting coverage>=4.0
2022-12-27T02:55:43.3712450Z   Using cached coverage-7.0.1-cp39-cp39-macosx_10_9_x86_64.whl (188 kB)
2022-12-27T02:55:43.3815850Z Requirement already satisfied: cython>=0.23 in /private/var/folders/51/hd414ycd67n82196sw51xqtc0000gn/T/cibw-run-tpqkig0g/cp39-macosx_arm64/build/venv/lib/python3.9/site-packages (from -r requirements.txt (line 3)) (0.29.32)
2022-12-27T02:55:43.3955340Z Collecting enum34>=1.0.4
2022-12-27T02:55:43.3975110Z   Using cached enum34-1.1.10-py3-none-any.whl (11 kB)
2022-12-27T02:55:43.4120900Z Collecting futures>=2.2.0
2022-12-27T02:55:43.4121940Z   Using cached futures-3.0.5-py3-none-any.whl
2022-12-27T02:55:43.7221090Z Collecting protobuf>=3.0.0
2022-12-27T02:55:43.7254030Z   Using cached protobuf-4.21.12-cp37-abi3-macosx_10_9_universal2.whl (486 kB)
2022-12-27T02:55:43.7527480Z Collecting six>=1.10
2022-12-27T02:55:43.7553350Z   Using cached six-1.16.0-py2.py3-none-any.whl (11 kB)
2022-12-27T02:55:43.7571390Z Requirement already satisfied: wheel>=0.29 in /private/var/folders/51/hd414ycd67n82196sw51xqtc0000gn/T/cibw-run-tpqkig0g/cp39-macosx_arm64/build/venv/lib/python3.9/site-packages (from -r requirements.txt (line 8)) (0.38.4)
2022-12-27T02:55:43.8125840Z Installing collected packages: futures, enum34, six, protobuf, coverage
2022-12-27T02:55:44.0900600Z Successfully installed coverage-7.0.1 enum34-1.1.10 futures-3.0.5 protobuf-4.21.12 six-1.16.0
2022-12-27T02:55:44.1463180Z ##[endgroup]
2022-12-27T02:55:44.1464000Z                                                               [32mâœ“ [0m3.87s
2022-12-27T02:55:44.1464430Z ##[group]Building wheel...
2022-12-27T02:55:44.1464580Z 
2022-12-27T02:55:44.1470340Z + python -m pip wheel /Users/runner/actions-runner/_work/python.build/python.build/build_grpcio11039/grpcio-1.1.0 --wheel-dir=/private/var/folders/51/hd414ycd67n82196sw51xqtc0000gn/T/cibw-run-tpqkig0g/cp39-macosx_arm64/built_wheel --no-deps -vvv
2022-12-27T02:55:44.4204780Z Created temporary directory: /private/var/folders/51/hd414ycd67n82196sw51xqtc0000gn/T/pip-ephem-wheel-cache-vxqvgo2i
2022-12-27T02:55:44.4210210Z Created temporary directory: /private/var/folders/51/hd414ycd67n82196sw51xqtc0000gn/T/pip-build-tracker-gezv4b5a
2022-12-27T02:55:44.4211490Z Initialized build tracking at /private/var/folders/51/hd414ycd67n82196sw51xqtc0000gn/T/pip-build-tracker-gezv4b5a
2022-12-27T02:55:44.4212990Z Created build tracker: /private/var/folders/51/hd414ycd67n82196sw51xqtc0000gn/T/pip-build-tracker-gezv4b5a
2022-12-27T02:55:44.4214570Z Entered build tracker: /private/var/folders/51/hd414ycd67n82196sw51xqtc0000gn/T/pip-build-tracker-gezv4b5a
2022-12-27T02:55:44.4217870Z Created temporary directory: /private/var/folders/51/hd414ycd67n82196sw51xqtc0000gn/T/pip-wheel-bqitumfb
2022-12-27T02:55:44.4223770Z Created temporary directory: /private/var/folders/51/hd414ycd67n82196sw51xqtc0000gn/T/pip-ephem-wheel-cache-_o4n8q77
2022-12-27T02:55:44.4379070Z Processing /Users/runner/actions-runner/_work/python.build/python.build/build_grpcio11039/grpcio-1.1.0
2022-12-27T02:55:44.4383980Z   Added file:///Users/runner/actions-runner/_work/python.build/python.build/build_grpcio11039/grpcio-1.1.0 to build tracker '/private/var/folders/51/hd414ycd67n82196sw51xqtc0000gn/T/pip-build-tracker-gezv4b5a'
2022-12-27T02:55:44.4387950Z   Running setup.py (path:/Users/runner/actions-runner/_work/python.build/python.build/build_grpcio11039/grpcio-1.1.0/setup.py) egg_info for package from file:///Users/runner/actions-runner/_work/python.build/python.build/build_grpcio11039/grpcio-1.1.0
2022-12-27T02:55:44.4391160Z   Created temporary directory: /private/var/folders/51/hd414ycd67n82196sw51xqtc0000gn/T/pip-pip-egg-info-_b4p8i6w
2022-12-27T02:55:44.4392600Z   Preparing metadata (setup.py): started
2022-12-27T02:55:44.4394320Z   Running command python setup.py egg_info
2022-12-27T02:55:44.8665320Z   /private/var/folders/51/hd414ycd67n82196sw51xqtc0000gn/T/cibw-run-tpqkig0g/cp39-macosx_arm64/build/venv/lib/python3.9/site-packages/Cython/Compiler/Main.py:369: FutureWarning: Cython directive 'language_level' not set, using 2 for now (Py2). This will change in a later release! File: /Users/runner/actions-runner/_work/python.build/python.build/build_grpcio11039/grpcio-1.1.0/src/python/grpcio/grpc/_cython/cygrpc.pxd
2022-12-27T02:55:44.8666330Z     tree = Parsing.p_module(s, pxd, full_module_name)
2022-12-27T02:55:44.9247740Z   warning: src/python/grpcio/grpc/_cython/_cygrpc/grpc.pxi:142:13: 'GRPC_ARG_PRIMARY_USER_AGENT_STRING' redeclared
2022-12-27T02:55:45.8782110Z   Compiling src/python/grpcio/grpc/_cython/cygrpc.pyx because it depends on /private/var/folders/51/hd414ycd67n82196sw51xqtc0000gn/T/cibw-run-tpqkig0g/cp39-macosx_arm64/build/venv/lib/python3.9/site-packages/Cython/Includes/libc/time.pxd.
2022-12-27T02:55:45.8783050Z   [1/1] Cythonizing src/python/grpcio/grpc/_cython/cygrpc.pyx
2022-12-27T02:55:45.8999580Z   running egg_info
2022-12-27T02:55:45.9006680Z   creating /private/var/folders/51/hd414ycd67n82196sw51xqtc0000gn/T/pip-pip-egg-info-_b4p8i6w/grpcio.egg-info
2022-12-27T02:55:45.9017480Z   writing /private/var/folders/51/hd414ycd67n82196sw51xqtc0000gn/T/pip-pip-egg-info-_b4p8i6w/grpcio.egg-info/PKG-INFO
2022-12-27T02:55:45.9020800Z   writing dependency_links to /private/var/folders/51/hd414ycd67n82196sw51xqtc0000gn/T/pip-pip-egg-info-_b4p8i6w/grpcio.egg-info/dependency_links.txt
2022-12-27T02:55:45.9024940Z   writing requirements to /private/var/folders/51/hd414ycd67n82196sw51xqtc0000gn/T/pip-pip-egg-info-_b4p8i6w/grpcio.egg-info/requires.txt
2022-12-27T02:55:45.9026470Z   writing top-level names to /private/var/folders/51/hd414ycd67n82196sw51xqtc0000gn/T/pip-pip-egg-info-_b4p8i6w/grpcio.egg-info/top_level.txt
2022-12-27T02:55:45.9027940Z   writing manifest file '/private/var/folders/51/hd414ycd67n82196sw51xqtc0000gn/T/pip-pip-egg-info-_b4p8i6w/grpcio.egg-info/SOURCES.txt'
2022-12-27T02:55:45.9119600Z   reading manifest file '/private/var/folders/51/hd414ycd67n82196sw51xqtc0000gn/T/pip-pip-egg-info-_b4p8i6w/grpcio.egg-info/SOURCES.txt'
2022-12-27T02:55:45.9123180Z   reading manifest template 'PYTHON-MANIFEST.in'
2022-12-27T02:55:45.9149760Z   warning: no files found matching '*.h' under directory 'src/python/grpcio/grpc'
2022-12-27T02:55:45.9215430Z   warning: no files found matching '*.python' under directory 'src/python/grpcio/grpc'
2022-12-27T02:55:45.9230440Z   warning: no previously-included files matching '*.so' found under directory 'src/python/grpcio/grpc/_cython'
2022-12-27T02:55:45.9233920Z   warning: no previously-included files matching '*.pyd' found under directory 'src/python/grpcio/grpc/_cython'
2022-12-27T02:55:45.9762970Z   warning: no files found matching 'src/python/grpcio/precompiled.py'
2022-12-27T02:55:46.0128030Z   writing manifest file '/private/var/folders/51/hd414ycd67n82196sw51xqtc0000gn/T/pip-pip-egg-info-_b4p8i6w/grpcio.egg-info/SOURCES.txt'
2022-12-27T02:55:46.0822820Z   Preparing metadata (setup.py): finished with status 'done'
2022-12-27T02:55:46.0847710Z   Source in /Users/runner/actions-runner/_work/python.build/python.build/build_grpcio11039/grpcio-1.1.0 has version 1.1.0, which satisfies requirement grpcio==1.1.0 from file:///Users/runner/actions-runner/_work/python.build/python.build/build_grpcio11039/grpcio-1.1.0
2022-12-27T02:55:46.0850850Z   Removed grpcio==1.1.0 from file:///Users/runner/actions-runner/_work/python.build/python.build/build_grpcio11039/grpcio-1.1.0 from build tracker '/private/var/folders/51/hd414ycd67n82196sw51xqtc0000gn/T/pip-build-tracker-gezv4b5a'
2022-12-27T02:55:46.0868360Z Created temporary directory: /private/var/folders/51/hd414ycd67n82196sw51xqtc0000gn/T/pip-unpack-k9o6p0xb
2022-12-27T02:55:46.0871030Z Building wheels for collected packages: grpcio
2022-12-27T02:55:46.0878080Z   Created temporary directory: /private/var/folders/51/hd414ycd67n82196sw51xqtc0000gn/T/pip-wheel-kkub_mqs
2022-12-27T02:55:46.0879920Z   Building wheel for grpcio (setup.py): started
2022-12-27T02:55:46.0881810Z   Destination directory: /private/var/folders/51/hd414ycd67n82196sw51xqtc0000gn/T/pip-wheel-kkub_mqs
2022-12-27T02:55:46.0882920Z   Running command python setup.py bdist_wheel
2022-12-27T02:55:46.4908460Z   running bdist_wheel
2022-12-27T02:55:46.4938350Z   running build
2022-12-27T02:55:46.4940230Z   running build_py
2022-12-27T02:55:46.4942520Z   running build_project_metadata
2022-12-27T02:55:46.4946380Z   creating python_build
2022-12-27T02:55:46.4948050Z   creating python_build/lib.macosx-11.0-arm64-cpython-39
2022-12-27T02:55:46.4949380Z   creating python_build/lib.macosx-11.0-arm64-cpython-39/grpc
2022-12-27T02:55:46.4951400Z   copying src/python/grpcio/grpc/_channel.py -> python_build/lib.macosx-11.0-arm64-cpython-39/grpc
2022-12-27T02:55:46.4953720Z   copying src/python/grpcio/grpc/_common.py -> python_build/lib.macosx-11.0-arm64-cpython-39/grpc
2022-12-27T02:55:46.4958220Z   copying src/python/grpcio/grpc/__init__.py -> python_build/lib.macosx-11.0-arm64-cpython-39/grpc
2022-12-27T02:55:46.4960690Z   copying src/python/grpcio/grpc/_utilities.py -> python_build/lib.macosx-11.0-arm64-cpython-39/grpc
2022-12-27T02:55:46.4961930Z   copying src/python/grpcio/grpc/_plugin_wrapping.py -> python_build/lib.macosx-11.0-arm64-cpython-39/grpc
2022-12-27T02:55:46.4964590Z   copying src/python/grpcio/grpc/_grpcio_metadata.py -> python_build/lib.macosx-11.0-arm64-cpython-39/grpc
2022-12-27T02:55:46.4966640Z   copying src/python/grpcio/grpc/_server.py -> python_build/lib.macosx-11.0-arm64-cpython-39/grpc
2022-12-27T02:55:46.4970680Z   copying src/python/grpcio/grpc/_auth.py -> python_build/lib.macosx-11.0-arm64-cpython-39/grpc
2022-12-27T02:55:46.4972460Z   copying src/python/grpcio/grpc/_credential_composition.py -> python_build/lib.macosx-11.0-arm64-cpython-39/grpc
2022-12-27T02:55:46.4978060Z   creating python_build/lib.macosx-11.0-arm64-cpython-39/grpc/beta
2022-12-27T02:55:46.4979580Z   copying src/python/grpcio/grpc/beta/_server_adaptations.py -> python_build/lib.macosx-11.0-arm64-cpython-39/grpc/beta
2022-12-27T02:55:46.4982550Z   copying src/python/grpcio/grpc/beta/interfaces.py -> python_build/lib.macosx-11.0-arm64-cpython-39/grpc/beta
2022-12-27T02:55:46.4984840Z   copying src/python/grpcio/grpc/beta/_connectivity_channel.py -> python_build/lib.macosx-11.0-arm64-cpython-39/grpc/beta
2022-12-27T02:55:46.4987230Z   copying src/python/grpcio/grpc/beta/__init__.py -> python_build/lib.macosx-11.0-arm64-cpython-39/grpc/beta
2022-12-27T02:55:46.4989650Z   copying src/python/grpcio/grpc/beta/utilities.py -> python_build/lib.macosx-11.0-arm64-cpython-39/grpc/beta
2022-12-27T02:55:46.4992550Z   copying src/python/grpcio/grpc/beta/implementations.py -> python_build/lib.macosx-11.0-arm64-cpython-39/grpc/beta
2022-12-27T02:55:46.4995210Z   copying src/python/grpcio/grpc/beta/_client_adaptations.py -> python_build/lib.macosx-11.0-arm64-cpython-39/grpc/beta
2022-12-27T02:55:46.4999760Z   creating python_build/lib.macosx-11.0-arm64-cpython-39/grpc/framework
2022-12-27T02:55:46.5001740Z   copying src/python/grpcio/grpc/framework/__init__.py -> python_build/lib.macosx-11.0-arm64-cpython-39/grpc/framework
2022-12-27T02:55:46.5005430Z   creating python_build/lib.macosx-11.0-arm64-cpython-39/grpc/_cython
2022-12-27T02:55:46.5007070Z   copying src/python/grpcio/grpc/_cython/__init__.py -> python_build/lib.macosx-11.0-arm64-cpython-39/grpc/_cython
2022-12-27T02:55:46.5012310Z   creating python_build/lib.macosx-11.0-arm64-cpython-39/grpc/framework/foundation
2022-12-27T02:55:46.5013840Z   copying src/python/grpcio/grpc/framework/foundation/callable_util.py -> python_build/lib.macosx-11.0-arm64-cpython-39/grpc/framework/foundation
2022-12-27T02:55:46.5016380Z   copying src/python/grpcio/grpc/framework/foundation/abandonment.py -> python_build/lib.macosx-11.0-arm64-cpython-39/grpc/framework/foundation
2022-12-27T02:55:46.5018840Z   copying src/python/grpcio/grpc/framework/foundation/__init__.py -> python_build/lib.macosx-11.0-arm64-cpython-39/grpc/framework/foundation
2022-12-27T02:55:46.5022170Z   copying src/python/grpcio/grpc/framework/foundation/stream.py -> python_build/lib.macosx-11.0-arm64-cpython-39/grpc/framework/foundation
2022-12-27T02:55:46.5024100Z   copying src/python/grpcio/grpc/framework/foundation/stream_util.py -> python_build/lib.macosx-11.0-arm64-cpython-39/grpc/framework/foundation
2022-12-27T02:55:46.5027130Z   copying src/python/grpcio/grpc/framework/foundation/future.py -> python_build/lib.macosx-11.0-arm64-cpython-39/grpc/framework/foundation
2022-12-27T02:55:46.5029620Z   copying src/python/grpcio/grpc/framework/foundation/logging_pool.py -> python_build/lib.macosx-11.0-arm64-cpython-39/grpc/framework/foundation
2022-12-27T02:55:46.5034080Z   creating python_build/lib.macosx-11.0-arm64-cpython-39/grpc/framework/common
2022-12-27T02:55:46.5035820Z   copying src/python/grpcio/grpc/framework/common/style.py -> python_build/lib.macosx-11.0-arm64-cpython-39/grpc/framework/common
2022-12-27T02:55:46.5039380Z   copying src/python/grpcio/grpc/framework/common/cardinality.py -> python_build/lib.macosx-11.0-arm64-cpython-39/grpc/framework/common
2022-12-27T02:55:46.5042140Z   copying src/python/grpcio/grpc/framework/common/__init__.py -> python_build/lib.macosx-11.0-arm64-cpython-39/grpc/framework/common
2022-12-27T02:55:46.5045370Z   creating python_build/lib.macosx-11.0-arm64-cpython-39/grpc/framework/interfaces
2022-12-27T02:55:46.5046880Z   copying src/python/grpcio/grpc/framework/interfaces/__init__.py -> python_build/lib.macosx-11.0-arm64-cpython-39/grpc/framework/interfaces
2022-12-27T02:55:46.5050950Z   creating python_build/lib.macosx-11.0-arm64-cpython-39/grpc/framework/interfaces/face
2022-12-27T02:55:46.5052680Z   copying src/python/grpcio/grpc/framework/interfaces/face/__init__.py -> python_build/lib.macosx-11.0-arm64-cpython-39/grpc/framework/interfaces/face
2022-12-27T02:55:46.5055550Z   copying src/python/grpcio/grpc/framework/interfaces/face/utilities.py -> python_build/lib.macosx-11.0-arm64-cpython-39/grpc/framework/interfaces/face
2022-12-27T02:55:46.5058110Z   copying src/python/grpcio/grpc/framework/interfaces/face/face.py -> python_build/lib.macosx-11.0-arm64-cpython-39/grpc/framework/interfaces/face
2022-12-27T02:55:46.5062920Z   creating python_build/lib.macosx-11.0-arm64-cpython-39/grpc/framework/interfaces/base
2022-12-27T02:55:46.5064760Z   copying src/python/grpcio/grpc/framework/interfaces/base/__init__.py -> python_build/lib.macosx-11.0-arm64-cpython-39/grpc/framework/interfaces/base
2022-12-27T02:55:46.5067870Z   copying src/python/grpcio/grpc/framework/interfaces/base/utilities.py -> python_build/lib.macosx-11.0-arm64-cpython-39/grpc/framework/interfaces/base
2022-12-27T02:55:46.5070050Z   copying src/python/grpcio/grpc/framework/interfaces/base/base.py -> python_build/lib.macosx-11.0-arm64-cpython-39/grpc/framework/interfaces/base
2022-12-27T02:55:46.5073950Z   creating python_build/lib.macosx-11.0-arm64-cpython-39/grpc/_cython/_cygrpc
2022-12-27T02:55:46.5075660Z   copying src/python/grpcio/grpc/_cython/_cygrpc/__init__.py -> python_build/lib.macosx-11.0-arm64-cpython-39/grpc/_cython/_cygrpc
2022-12-27T02:55:46.5080620Z   creating python_build/lib.macosx-11.0-arm64-cpython-39/grpc/_cython/_credentials
2022-12-27T02:55:46.5082190Z   copying src/python/grpcio/grpc/_cython/_credentials/roots.pem -> python_build/lib.macosx-11.0-arm64-cpython-39/grpc/_cython/_credentials
2022-12-27T02:55:46.5106130Z   running build_ext
2022-12-27T02:55:46.5373900Z   Found cython-generated files...
2022-12-27T02:55:46.5381110Z   building 'grpc._cython.cygrpc' extension
2022-12-27T02:55:46.5405980Z   creating python_build/temp.macosx-11.0-arm64-cpython-39
2022-12-27T02:55:46.5407900Z   creating python_build/temp.macosx-11.0-arm64-cpython-39/src
2022-12-27T02:55:46.5409500Z   creating python_build/temp.macosx-11.0-arm64-cpython-39/src/boringssl
2022-12-27T02:55:46.5411270Z   creating python_build/temp.macosx-11.0-arm64-cpython-39/src/core
2022-12-27T02:55:46.5412760Z   creating python_build/temp.macosx-11.0-arm64-cpython-39/src/core/ext
2022-12-27T02:55:46.5414660Z   creating python_build/temp.macosx-11.0-arm64-cpython-39/src/core/ext/census
2022-12-27T02:55:46.5416190Z   creating python_build/temp.macosx-11.0-arm64-cpython-39/src/core/ext/census/gen
2022-12-27T02:55:46.5417740Z   creating python_build/temp.macosx-11.0-arm64-cpython-39/src/core/ext/client_channel
2022-12-27T02:55:46.5419100Z   creating python_build/temp.macosx-11.0-arm64-cpython-39/src/core/ext/lb_policy
2022-12-27T02:55:46.5420850Z   creating python_build/temp.macosx-11.0-arm64-cpython-39/src/core/ext/lb_policy/grpclb
2022-12-27T02:55:46.5482300Z   creating python_build/temp.macosx-11.0-arm64-cpython-39/src/core/ext/lb_policy/grpclb/proto
2022-12-27T02:55:46.5482920Z   creating python_build/temp.macosx-11.0-arm64-cpython-39/src/core/ext/lb_policy/grpclb/proto/grpc
2022-12-27T02:55:46.5483410Z   creating python_build/temp.macosx-11.0-arm64-cpython-39/src/core/ext/lb_policy/grpclb/proto/grpc/lb
2022-12-27T02:55:46.5483810Z   creating python_build/temp.macosx-11.0-arm64-cpython-39/src/core/ext/lb_policy/grpclb/proto/grpc/lb/v1
2022-12-27T02:55:46.5484630Z   creating python_build/temp.macosx-11.0-arm64-cpython-39/src/core/ext/lb_policy/pick_first
2022-12-27T02:55:46.5486380Z   creating python_build/temp.macosx-11.0-arm64-cpython-39/src/core/ext/lb_policy/round_robin
2022-12-27T02:55:46.5487450Z   creating python_build/temp.macosx-11.0-arm64-cpython-39/src/core/ext/load_reporting
2022-12-27T02:55:46.5488690Z   creating python_build/temp.macosx-11.0-arm64-cpython-39/src/core/ext/resolver
2022-12-27T02:55:46.5489310Z   creating python_build/temp.macosx-11.0-arm64-cpython-39/src/core/ext/resolver/dns
2022-12-27T02:55:46.5490770Z   creating python_build/temp.macosx-11.0-arm64-cpython-39/src/core/ext/resolver/dns/native
2022-12-27T02:55:46.5491870Z   creating python_build/temp.macosx-11.0-arm64-cpython-39/src/core/ext/resolver/sockaddr
2022-12-27T02:55:46.5492870Z   creating python_build/temp.macosx-11.0-arm64-cpython-39/src/core/ext/transport
2022-12-27T02:55:46.5493790Z   creating python_build/temp.macosx-11.0-arm64-cpython-39/src/core/ext/transport/chttp2
2022-12-27T02:55:46.5494690Z   creating python_build/temp.macosx-11.0-arm64-cpython-39/src/core/ext/transport/chttp2/alpn
2022-12-27T02:55:46.5496130Z   creating python_build/temp.macosx-11.0-arm64-cpython-39/src/core/ext/transport/chttp2/client
2022-12-27T02:55:46.5497660Z   creating python_build/temp.macosx-11.0-arm64-cpython-39/src/core/ext/transport/chttp2/client/insecure
2022-12-27T02:55:46.5498600Z   creating python_build/temp.macosx-11.0-arm64-cpython-39/src/core/ext/transport/chttp2/client/secure
2022-12-27T02:55:46.5499410Z   creating python_build/temp.macosx-11.0-arm64-cpython-39/src/core/ext/transport/chttp2/server
2022-12-27T02:55:46.5500250Z   creating python_build/temp.macosx-11.0-arm64-cpython-39/src/core/ext/transport/chttp2/server/insecure
2022-12-27T02:55:46.5501130Z   creating python_build/temp.macosx-11.0-arm64-cpython-39/src/core/ext/transport/chttp2/server/secure
2022-12-27T02:55:46.5502010Z   creating python_build/temp.macosx-11.0-arm64-cpython-39/src/core/ext/transport/chttp2/transport
2022-12-27T02:55:46.5502680Z   creating python_build/temp.macosx-11.0-arm64-cpython-39/src/core/lib
2022-12-27T02:55:46.5503440Z   creating python_build/temp.macosx-11.0-arm64-cpython-39/src/core/lib/channel
2022-12-27T02:55:46.5504210Z   creating python_build/temp.macosx-11.0-arm64-cpython-39/src/core/lib/compression
2022-12-27T02:55:46.5504930Z   creating python_build/temp.macosx-11.0-arm64-cpython-39/src/core/lib/debug
2022-12-27T02:55:46.5505680Z   creating python_build/temp.macosx-11.0-arm64-cpython-39/src/core/lib/http
2022-12-27T02:55:46.5506380Z   creating python_build/temp.macosx-11.0-arm64-cpython-39/src/core/lib/iomgr
2022-12-27T02:55:46.5506960Z   creating python_build/temp.macosx-11.0-arm64-cpython-39/src/core/lib/json
2022-12-27T02:55:46.5507480Z   creating python_build/temp.macosx-11.0-arm64-cpython-39/src/core/lib/profiling
2022-12-27T02:55:46.5508080Z   creating python_build/temp.macosx-11.0-arm64-cpython-39/src/core/lib/security
2022-12-27T02:55:46.5508660Z   creating python_build/temp.macosx-11.0-arm64-cpython-39/src/core/lib/security/context
2022-12-27T02:55:46.5509360Z   creating python_build/temp.macosx-11.0-arm64-cpython-39/src/core/lib/security/credentials
2022-12-27T02:55:46.5509960Z   creating python_build/temp.macosx-11.0-arm64-cpython-39/src/core/lib/security/credentials/composite
2022-12-27T02:55:46.5510640Z   creating python_build/temp.macosx-11.0-arm64-cpython-39/src/core/lib/security/credentials/fake
2022-12-27T02:55:46.5511040Z   creating python_build/temp.macosx-11.0-arm64-cpython-39/src/core/lib/security/credentials/google_default
2022-12-27T02:55:46.5511360Z   creating python_build/temp.macosx-11.0-arm64-cpython-39/src/core/lib/security/credentials/iam
2022-12-27T02:55:46.5511700Z   creating python_build/temp.macosx-11.0-arm64-cpython-39/src/core/lib/security/credentials/jwt
2022-12-27T02:55:46.5512050Z   creating python_build/temp.macosx-11.0-arm64-cpython-39/src/core/lib/security/credentials/oauth2
2022-12-27T02:55:46.5512400Z   creating python_build/temp.macosx-11.0-arm64-cpython-39/src/core/lib/security/credentials/plugin
2022-12-27T02:55:46.5512670Z   creating python_build/temp.macosx-11.0-arm64-cpython-39/src/core/lib/security/credentials/ssl
2022-12-27T02:55:46.5513020Z   creating python_build/temp.macosx-11.0-arm64-cpython-39/src/core/lib/security/transport
2022-12-27T02:55:46.5513350Z   creating python_build/temp.macosx-11.0-arm64-cpython-39/src/core/lib/security/util
2022-12-27T02:55:46.5513650Z   creating python_build/temp.macosx-11.0-arm64-cpython-39/src/core/lib/slice
2022-12-27T02:55:46.5513940Z   creating python_build/temp.macosx-11.0-arm64-cpython-39/src/core/lib/support
2022-12-27T02:55:46.5514210Z   creating python_build/temp.macosx-11.0-arm64-cpython-39/src/core/lib/surface
2022-12-27T02:55:46.5514530Z   creating python_build/temp.macosx-11.0-arm64-cpython-39/src/core/lib/transport
2022-12-27T02:55:46.5514810Z   creating python_build/temp.macosx-11.0-arm64-cpython-39/src/core/lib/tsi
2022-12-27T02:55:46.5515130Z   creating python_build/temp.macosx-11.0-arm64-cpython-39/src/core/plugin_registry
2022-12-27T02:55:46.5515450Z   creating python_build/temp.macosx-11.0-arm64-cpython-39/src/python
2022-12-27T02:55:46.5515760Z   creating python_build/temp.macosx-11.0-arm64-cpython-39/src/python/grpcio
2022-12-27T02:55:46.5516360Z   creating python_build/temp.macosx-11.0-arm64-cpython-39/src/python/grpcio/grpc
2022-12-27T02:55:46.5518340Z   creating python_build/temp.macosx-11.0-arm64-cpython-39/src/python/grpcio/grpc/_cython
2022-12-27T02:55:46.5520040Z   creating python_build/temp.macosx-11.0-arm64-cpython-39/third_party
2022-12-27T02:55:46.5521470Z   creating python_build/temp.macosx-11.0-arm64-cpython-39/third_party/boringssl
2022-12-27T02:55:46.5522980Z   creating python_build/temp.macosx-11.0-arm64-cpython-39/third_party/boringssl/crypto
2022-12-27T02:55:46.5524430Z   creating python_build/temp.macosx-11.0-arm64-cpython-39/third_party/boringssl/crypto/aes
2022-12-27T02:55:46.5525730Z   creating python_build/temp.macosx-11.0-arm64-cpython-39/third_party/boringssl/crypto/asn1
2022-12-27T02:55:46.5527300Z   creating python_build/temp.macosx-11.0-arm64-cpython-39/third_party/boringssl/crypto/base64
2022-12-27T02:55:46.5528610Z   creating python_build/temp.macosx-11.0-arm64-cpython-39/third_party/boringssl/crypto/bio
2022-12-27T02:55:46.5530450Z   creating python_build/temp.macosx-11.0-arm64-cpython-39/third_party/boringssl/crypto/bn
2022-12-27T02:55:46.5531780Z   creating python_build/temp.macosx-11.0-arm64-cpython-39/third_party/boringssl/crypto/bn/asm
2022-12-27T02:55:46.5533420Z   creating python_build/temp.macosx-11.0-arm64-cpython-39/third_party/boringssl/crypto/buf
2022-12-27T02:55:46.5534780Z   creating python_build/temp.macosx-11.0-arm64-cpython-39/third_party/boringssl/crypto/bytestring
2022-12-27T02:55:46.5536190Z   creating python_build/temp.macosx-11.0-arm64-cpython-39/third_party/boringssl/crypto/chacha
2022-12-27T02:55:46.5537620Z   creating python_build/temp.macosx-11.0-arm64-cpython-39/third_party/boringssl/crypto/cipher
2022-12-27T02:55:46.5539090Z   creating python_build/temp.macosx-11.0-arm64-cpython-39/third_party/boringssl/crypto/cmac
2022-12-27T02:55:46.5540740Z   creating python_build/temp.macosx-11.0-arm64-cpython-39/third_party/boringssl/crypto/conf
2022-12-27T02:55:46.5542180Z   creating python_build/temp.macosx-11.0-arm64-cpython-39/third_party/boringssl/crypto/curve25519
2022-12-27T02:55:46.5543900Z   creating python_build/temp.macosx-11.0-arm64-cpython-39/third_party/boringssl/crypto/des
2022-12-27T02:55:46.5545100Z   creating python_build/temp.macosx-11.0-arm64-cpython-39/third_party/boringssl/crypto/dh
2022-12-27T02:55:46.5546670Z   creating python_build/temp.macosx-11.0-arm64-cpython-39/third_party/boringssl/crypto/digest
2022-12-27T02:55:46.5548060Z   creating python_build/temp.macosx-11.0-arm64-cpython-39/third_party/boringssl/crypto/dsa
2022-12-27T02:55:46.5549900Z   creating python_build/temp.macosx-11.0-arm64-cpython-39/third_party/boringssl/crypto/ec
2022-12-27T02:55:46.5551380Z   creating python_build/temp.macosx-11.0-arm64-cpython-39/third_party/boringssl/crypto/ecdh
2022-12-27T02:55:46.5553000Z   creating python_build/temp.macosx-11.0-arm64-cpython-39/third_party/boringssl/crypto/ecdsa
2022-12-27T02:55:46.5554340Z   creating python_build/temp.macosx-11.0-arm64-cpython-39/third_party/boringssl/crypto/engine
2022-12-27T02:55:46.5555850Z   creating python_build/temp.macosx-11.0-arm64-cpython-39/third_party/boringssl/crypto/err
2022-12-27T02:55:46.5557400Z   creating python_build/temp.macosx-11.0-arm64-cpython-39/third_party/boringssl/crypto/evp
2022-12-27T02:55:46.5562130Z   creating python_build/temp.macosx-11.0-arm64-cpython-39/third_party/boringssl/crypto/hkdf
2022-12-27T02:55:46.5563970Z   creating python_build/temp.macosx-11.0-arm64-cpython-39/third_party/boringssl/crypto/hmac
2022-12-27T02:55:46.5565610Z   creating python_build/temp.macosx-11.0-arm64-cpython-39/third_party/boringssl/crypto/lhash
2022-12-27T02:55:46.5567010Z   creating python_build/temp.macosx-11.0-arm64-cpython-39/third_party/boringssl/crypto/md4
2022-12-27T02:55:46.5568470Z   creating python_build/temp.macosx-11.0-arm64-cpython-39/third_party/boringssl/crypto/md5
2022-12-27T02:55:46.5570080Z   creating python_build/temp.macosx-11.0-arm64-cpython-39/third_party/boringssl/crypto/modes
2022-12-27T02:55:46.5571560Z   creating python_build/temp.macosx-11.0-arm64-cpython-39/third_party/boringssl/crypto/newhope
2022-12-27T02:55:46.5573270Z   creating python_build/temp.macosx-11.0-arm64-cpython-39/third_party/boringssl/crypto/obj
2022-12-27T02:55:46.5574760Z   creating python_build/temp.macosx-11.0-arm64-cpython-39/third_party/boringssl/crypto/pem
2022-12-27T02:55:46.5576290Z   creating python_build/temp.macosx-11.0-arm64-cpython-39/third_party/boringssl/crypto/pkcs8
2022-12-27T02:55:46.5577830Z   creating python_build/temp.macosx-11.0-arm64-cpython-39/third_party/boringssl/crypto/poly1305
2022-12-27T02:55:46.5579410Z   creating python_build/temp.macosx-11.0-arm64-cpython-39/third_party/boringssl/crypto/rand
2022-12-27T02:55:46.5581930Z   creating python_build/temp.macosx-11.0-arm64-cpython-39/third_party/boringssl/crypto/rc4
2022-12-27T02:55:46.5583700Z   creating python_build/temp.macosx-11.0-arm64-cpython-39/third_party/boringssl/crypto/rsa
2022-12-27T02:55:46.5585410Z   creating python_build/temp.macosx-11.0-arm64-cpython-39/third_party/boringssl/crypto/sha
2022-12-27T02:55:46.5587290Z   creating python_build/temp.macosx-11.0-arm64-cpython-39/third_party/boringssl/crypto/stack
2022-12-27T02:55:46.5589350Z   creating python_build/temp.macosx-11.0-arm64-cpython-39/third_party/boringssl/crypto/x509
2022-12-27T02:55:46.5595300Z   creating python_build/temp.macosx-11.0-arm64-cpython-39/third_party/boringssl/crypto/x509v3
2022-12-27T02:55:46.5599430Z   creating python_build/temp.macosx-11.0-arm64-cpython-39/third_party/boringssl/ssl
2022-12-27T02:55:46.5603440Z   creating python_build/temp.macosx-11.0-arm64-cpython-39/third_party/nanopb
2022-12-27T02:55:46.5605710Z   creating python_build/temp.macosx-11.0-arm64-cpython-39/third_party/zlib
2022-12-27T02:55:46.5610700Z   gcc -Wno-unused-result -Wsign-compare -Wunreachable-code -fno-common -dynamic -DNDEBUG -g -fwrapv -O3 -Wall -g -I/usr/local/opt/openssl@3/include -I/usr/local/opt/openssl@3/include -arch arm64 -DOPENSSL_NO_ASM=1 -D_WIN32_WINNT=1536 -DGPR_BACKWARDS_COMPATIBILITY_MODE=1 "-DPyMODINIT_FUNC=__attribute__((visibility (\"default\"))) PyObject*" -Isrc/python/grpcio -Iinclude -I. -Ithird_party/boringssl/include -Ithird_party/zlib -I/private/var/folders/51/hd414ycd67n82196sw51xqtc0000gn/T/cibw-run-tpqkig0g/cp39-macosx_arm64/build/venv/include -I/Library/Frameworks/Python.framework/Versions/3.9/include/python3.9 -c src/boringssl/err_data.c -o python_build/temp.macosx-11.0-arm64-cpython-39/src/boringssl/err_data.o -fvisibility=hidden -fno-wrapv -pthread -std=gnu99
2022-12-27T02:55:46.5954200Z   In file included from src/boringssl/err_data.c:17:
2022-12-27T02:55:46.5956280Z   third_party/boringssl/include/openssl/base.h:120:9: warning: 'OPENSSL_VERSION_NUMBER' macro redefined [-Wmacro-redefined]
2022-12-27T02:55:46.5957550Z   #define OPENSSL_VERSION_NUMBER 0x10002000
2022-12-27T02:55:46.5958800Z           ^
2022-12-27T02:55:46.5960450Z   /usr/local/opt/openssl@3/include/openssl/opensslv.h:99:10: note: previous definition is here
2022-12-27T02:55:46.5961800Z   # define OPENSSL_VERSION_NUMBER          \
2022-12-27T02:55:46.5963070Z            ^
2022-12-27T02:55:46.5964670Z   In file included from src/boringssl/err_data.c:18:
2022-12-27T02:55:46.5966210Z   In file included from /usr/local/opt/openssl@3/include/openssl/err.h:21:
2022-12-27T02:55:46.5967830Z   /usr/local/opt/openssl@3/include/openssl/e_os2.h:183:11: warning: 'OPENSSL_EXPORT' macro redefined [-Wmacro-redefined]
2022-12-27T02:55:46.5968870Z   #  define OPENSSL_EXPORT extern
2022-12-27T02:55:46.5970360Z             ^
2022-12-27T02:55:46.5971880Z   third_party/boringssl/include/openssl/base.h:155:9: note: previous definition is here
2022-12-27T02:55:46.5973160Z   #define OPENSSL_EXPORT
2022-12-27T02:55:46.5974680Z           ^
2022-12-27T02:55:46.6017660Z   In file included from src/boringssl/err_data.c:18:
2022-12-27T02:55:46.6019570Z   In file included from /usr/local/opt/openssl@3/include/openssl/err.h:28:
2022-12-27T02:55:46.6021240Z   In file included from /usr/local/opt/openssl@3/include/openssl/types.h:21:
2022-12-27T02:55:46.6023910Z   /usr/local/opt/openssl@3/include/openssl/safestack.h:264:15: warning: redefinition of typedef 'OPENSSL_BLOCK' is a C11 feature [-Wtypedef-redefinition]
2022-12-27T02:55:46.6025190Z   typedef void *OPENSSL_BLOCK;
2022-12-27T02:55:46.6026880Z                 ^
2022-12-27T02:55:46.6028360Z   third_party/boringssl/include/openssl/base.h:298:15: note: previous definition is here
2022-12-27T02:55:46.6029740Z   typedef void *OPENSSL_BLOCK;
2022-12-27T02:55:46.6031090Z                 ^
2022-12-27T02:55:46.6032460Z   In file included from src/boringssl/err_data.c:18:
2022-12-27T02:55:46.6033820Z   In file included from /usr/local/opt/openssl@3/include/openssl/err.h:28:
2022-12-27T02:55:46.6035480Z   /usr/local/opt/openssl@3/include/openssl/types.h:45:31: warning: redefinition of typedef 'ASN1_INTEGER' is a C11 feature [-Wtypedef-redefinition]
2022-12-27T02:55:46.6036590Z   typedef struct asn1_string_st ASN1_INTEGER;
2022-12-27T02:55:46.6037840Z                                 ^
2022-12-27T02:55:46.6039350Z   third_party/boringssl/include/openssl/base.h:189:31: note: previous definition is here
2022-12-27T02:55:46.6040570Z   typedef struct asn1_string_st ASN1_INTEGER;
2022-12-27T02:55:46.6041840Z                                 ^
2022-12-27T02:55:46.6043230Z   In file included from src/boringssl/err_data.c:18:
2022-12-27T02:55:46.6044590Z   In file included from /usr/local/opt/openssl@3/include/openssl/err.h:28:
2022-12-27T02:55:46.6046250Z   /usr/local/opt/openssl@3/include/openssl/types.h:46:31: warning: redefinition of typedef 'ASN1_ENUMERATED' is a C11 feature [-Wtypedef-redefinition]
2022-12-27T02:55:46.6047380Z   typedef struct asn1_string_st ASN1_ENUMERATED;
2022-12-27T02:55:46.6048700Z                                 ^
2022-12-27T02:55:46.6050180Z   third_party/boringssl/include/openssl/base.h:185:31: note: previous definition is here
2022-12-27T02:55:46.6051490Z   typedef struct asn1_string_st ASN1_ENUMERATED;
2022-12-27T02:55:46.6052780Z                                 ^
2022-12-27T02:55:46.6054120Z   In file included from src/boringssl/err_data.c:18:
2022-12-27T02:55:46.6055700Z   In file included from /usr/local/opt/openssl@3/include/openssl/err.h:28:
2022-12-27T02:55:46.6057120Z   /usr/local/opt/openssl@3/include/openssl/types.h:47:31: warning: redefinition of typedef 'ASN1_BIT_STRING' is a C11 feature [-Wtypedef-redefinition]
2022-12-27T02:55:46.6058190Z   typedef struct asn1_string_st ASN1_BIT_STRING;
2022-12-27T02:55:46.6059490Z                                 ^
2022-12-27T02:55:46.6060920Z   third_party/boringssl/include/openssl/base.h:183:31: note: previous definition is here
2022-12-27T02:55:46.6062250Z   typedef struct asn1_string_st ASN1_BIT_STRING;
2022-12-27T02:55:46.6063510Z                                 ^
2022-12-27T02:55:46.6064910Z   In file included from src/boringssl/err_data.c:18:
2022-12-27T02:55:46.6066260Z   In file included from /usr/local/opt/openssl@3/include/openssl/err.h:28:
2022-12-27T02:55:46.6067930Z   /usr/local/opt/openssl@3/include/openssl/types.h:48:31: warning: redefinition of typedef 'ASN1_OCTET_STRING' is a C11 feature [-Wtypedef-redefinition]
2022-12-27T02:55:46.6069520Z   typedef struct asn1_string_st ASN1_OCTET_STRING;
2022-12-27T02:55:46.6070360Z                                 ^
2022-12-27T02:55:46.6071900Z   third_party/boringssl/include/openssl/base.h:190:31: note: previous definition is here
2022-12-27T02:55:46.6073200Z   typedef struct asn1_string_st ASN1_OCTET_STRING;
2022-12-27T02:55:46.6074470Z                                 ^
2022-12-27T02:55:46.6075810Z   In file included from src/boringssl/err_data.c:18:
2022-12-27T02:55:46.6077160Z   In file included from /usr/local/opt/openssl@3/include/openssl/err.h:28:
2022-12-27T02:55:46.6078770Z   /usr/local/opt/openssl@3/include/openssl/types.h:49:31: warning: redefinition of typedef 'ASN1_PRINTABLESTRING' is a C11 feature [-Wtypedef-redefinition]
2022-12-27T02:55:46.6079970Z   typedef struct asn1_string_st ASN1_PRINTABLESTRING;
2022-12-27T02:55:46.6081270Z                                 ^
2022-12-27T02:55:46.6082680Z   third_party/boringssl/include/openssl/base.h:191:31: note: previous definition is here
2022-12-27T02:55:46.6084050Z   typedef struct asn1_string_st ASN1_PRINTABLESTRING;
2022-12-27T02:55:46.6085290Z                                 ^
2022-12-27T02:55:46.6086740Z   In file included from src/boringssl/err_data.c:18:
2022-12-27T02:55:46.6088090Z   In file included from /usr/local/opt/openssl@3/include/openssl/err.h:28:
2022-12-27T02:55:46.6089850Z   /usr/local/opt/openssl@3/include/openssl/types.h:50:31: warning: redefinition of typedef 'ASN1_T61STRING' is a C11 feature [-Wtypedef-redefinition]
2022-12-27T02:55:46.6090900Z   typedef struct asn1_string_st ASN1_T61STRING;
2022-12-27T02:55:46.6092260Z                                 ^
2022-12-27T02:55:46.6093700Z   third_party/boringssl/include/openssl/base.h:193:31: note: previous definition is here
2022-12-27T02:55:46.6095020Z   typedef struct asn1_string_st ASN1_T61STRING;
2022-12-27T02:55:46.6096320Z                                 ^
2022-12-27T02:55:46.6097770Z   In file included from src/boringssl/err_data.c:18:
2022-12-27T02:55:46.6099150Z   In file included from /usr/local/opt/openssl@3/include/openssl/err.h:28:
2022-12-27T02:55:46.6100800Z   /usr/local/opt/openssl@3/include/openssl/types.h:51:31: warning: redefinition of typedef 'ASN1_IA5STRING' is a C11 feature [-Wtypedef-redefinition]
2022-12-27T02:55:46.6101960Z   typedef struct asn1_string_st ASN1_IA5STRING;
2022-12-27T02:55:46.6103270Z                                 ^
2022-12-27T02:55:46.6104720Z   third_party/boringssl/include/openssl/base.h:188:31: note: previous definition is here
2022-12-27T02:55:46.6106080Z   typedef struct asn1_string_st ASN1_IA5STRING;
2022-12-27T02:55:46.6107380Z                                 ^
2022-12-27T02:55:46.6108810Z   In file included from src/boringssl/err_data.c:18:
2022-12-27T02:55:46.6110280Z   In file included from /usr/local/opt/openssl@3/include/openssl/err.h:28:
2022-12-27T02:55:46.6111950Z   /usr/local/opt/openssl@3/include/openssl/types.h:52:31: warning: redefinition of typedef 'ASN1_GENERALSTRING' is a C11 feature [-Wtypedef-redefinition]
2022-12-27T02:55:46.6113310Z   typedef struct asn1_string_st ASN1_GENERALSTRING;
2022-12-27T02:55:46.6114420Z                                 ^
2022-12-27T02:55:46.6116070Z   third_party/boringssl/include/openssl/base.h:187:31: note: previous definition is here
2022-12-27T02:55:46.6117460Z   typedef struct asn1_string_st ASN1_GENERALSTRING;
2022-12-27T02:55:46.6118760Z                                 ^
2022-12-27T02:55:46.6120230Z   In file included from src/boringssl/err_data.c:18:
2022-12-27T02:55:46.6121680Z   In file included from /usr/local/opt/openssl@3/include/openssl/err.h:28:
2022-12-27T02:55:46.6123340Z   /usr/local/opt/openssl@3/include/openssl/types.h:53:31: warning: redefinition of typedef 'ASN1_UNIVERSALSTRING' is a C11 feature [-Wtypedef-redefinition]
2022-12-27T02:55:46.6124640Z   typedef struct asn1_string_st ASN1_UNIVERSALSTRING;
2022-12-27T02:55:46.6125980Z                                 ^
2022-12-27T02:55:46.6127430Z   third_party/boringssl/include/openssl/base.h:195:31: note: previous definition is here
2022-12-27T02:55:46.6128780Z   typedef struct asn1_string_st ASN1_UNIVERSALSTRING;
2022-12-27T02:55:46.6130160Z                                 ^
2022-12-27T02:55:46.6131600Z   In file included from src/boringssl/err_data.c:18:
2022-12-27T02:55:46.6132970Z   In file included from /usr/local/opt/openssl@3/include/openssl/err.h:28:
2022-12-27T02:55:46.6134590Z   /usr/local/opt/openssl@3/include/openssl/types.h:54:31: warning: redefinition of typedef 'ASN1_BMPSTRING' is a C11 feature [-Wtypedef-redefinition]
2022-12-27T02:55:46.6135760Z   typedef struct asn1_string_st ASN1_BMPSTRING;
2022-12-27T02:55:46.6137080Z                                 ^
2022-12-27T02:55:46.6138550Z   third_party/boringssl/include/openssl/base.h:184:31: note: previous definition is here
2022-12-27T02:55:46.6139880Z   typedef struct asn1_string_st ASN1_BMPSTRING;
2022-12-27T02:55:46.6141190Z                                 ^
2022-12-27T02:55:46.6142630Z   In file included from src/boringssl/err_data.c:18:
2022-12-27T02:55:46.6144000Z   In file included from /usr/local/opt/openssl@3/include/openssl/err.h:28:
2022-12-27T02:55:46.6145650Z   /usr/local/opt/openssl@3/include/openssl/types.h:55:31: warning: redefinition of typedef 'ASN1_UTCTIME' is a C11 feature [-Wtypedef-redefinition]
2022-12-27T02:55:46.6146790Z   typedef struct asn1_string_st ASN1_UTCTIME;
2022-12-27T02:55:46.6148090Z                                 ^
2022-12-27T02:55:46.6149650Z   third_party/boringssl/include/openssl/base.h:196:31: note: previous definition is here
2022-12-27T02:55:46.6151040Z   typedef struct asn1_string_st ASN1_UTCTIME;
2022-12-27T02:55:46.6152370Z                                 ^
2022-12-27T02:55:46.6153770Z   In file included from src/boringssl/err_data.c:18:
2022-12-27T02:55:46.6155160Z   In file included from /usr/local/opt/openssl@3/include/openssl/err.h:28:
2022-12-27T02:55:46.6156780Z   /usr/local/opt/openssl@3/include/openssl/types.h:56:31: warning: redefinition of typedef 'ASN1_TIME' is a C11 feature [-Wtypedef-redefinition]
2022-12-27T02:55:46.6157970Z   typedef struct asn1_string_st ASN1_TIME;
2022-12-27T02:55:46.6159290Z                                 ^
2022-12-27T02:55:46.6160800Z   third_party/boringssl/include/openssl/base.h:194:31: note: previous definition is here
2022-12-27T02:55:46.6162140Z   typedef struct asn1_string_st ASN1_TIME;
2022-12-27T02:55:46.6163430Z                                 ^
2022-12-27T02:55:46.6164920Z   In file included from src/boringssl/err_data.c:18:
2022-12-27T02:55:46.6166280Z   In file included from /usr/local/opt/openssl@3/include/openssl/err.h:28:
2022-12-27T02:55:46.6168020Z   /usr/local/opt/openssl@3/include/openssl/types.h:57:31: warning: redefinition of typedef 'ASN1_GENERALIZEDTIME' is a C11 feature [-Wtypedef-redefinition]
2022-12-27T02:55:46.6169250Z   typedef struct asn1_string_st ASN1_GENERALIZEDTIME;
2022-12-27T02:55:46.6170680Z                                 ^
2022-12-27T02:55:46.6172110Z   third_party/boringssl/include/openssl/base.h:186:31: note: previous definition is here
2022-12-27T02:55:46.6173650Z   typedef struct asn1_string_st ASN1_GENERALIZEDTIME;
2022-12-27T02:55:46.6174800Z                                 ^
2022-12-27T02:55:46.6176180Z   In file included from src/boringssl/err_data.c:18:
2022-12-27T02:55:46.6177530Z   In file included from /usr/local/opt/openssl@3/include/openssl/err.h:28:
2022-12-27T02:55:46.6179180Z   /usr/local/opt/openssl@3/include/openssl/types.h:58:31: warning: redefinition of typedef 'ASN1_VISIBLESTRING' is a C11 feature [-Wtypedef-redefinition]
2022-12-27T02:55:46.6180400Z   typedef struct asn1_string_st ASN1_VISIBLESTRING;
2022-12-27T02:55:46.6181740Z                                 ^
2022-12-27T02:55:46.6183200Z   third_party/boringssl/include/openssl/base.h:198:31: note: previous definition is here
2022-12-27T02:55:46.6184550Z   typedef struct asn1_string_st ASN1_VISIBLESTRING;
2022-12-27T02:55:46.6185860Z                                 ^
2022-12-27T02:55:46.6187240Z   In file included from src/boringssl/err_data.c:18:
2022-12-27T02:55:46.6188620Z   In file included from /usr/local/opt/openssl@3/include/openssl/err.h:28:
2022-12-27T02:55:46.6190380Z   /usr/local/opt/openssl@3/include/openssl/types.h:59:31: warning: redefinition of typedef 'ASN1_UTF8STRING' is a C11 feature [-Wtypedef-redefinition]
2022-12-27T02:55:46.6191550Z   typedef struct asn1_string_st ASN1_UTF8STRING;
2022-12-27T02:55:46.6192810Z                                 ^
2022-12-27T02:55:46.6194270Z   third_party/boringssl/include/openssl/base.h:197:31: note: previous definition is here
2022-12-27T02:55:46.6195610Z   typedef struct asn1_string_st ASN1_UTF8STRING;
2022-12-27T02:55:46.6197080Z                                 ^
2022-12-27T02:55:46.6198430Z   In file included from src/boringssl/err_data.c:18:
2022-12-27T02:55:46.6199740Z   In file included from /usr/local/opt/openssl@3/include/openssl/err.h:28:
2022-12-27T02:55:46.6201400Z   /usr/local/opt/openssl@3/include/openssl/types.h:60:31: warning: redefinition of typedef 'ASN1_STRING' is a C11 feature [-Wtypedef-redefinition]
2022-12-27T02:55:46.6202540Z   typedef struct asn1_string_st ASN1_STRING;
2022-12-27T02:55:46.6203850Z                                 ^
2022-12-27T02:55:46.6205360Z   third_party/boringssl/include/openssl/base.h:192:31: note: previous definition is here
2022-12-27T02:55:46.6206610Z   typedef struct asn1_string_st ASN1_STRING;
2022-12-27T02:55:46.6207910Z                                 ^
2022-12-27T02:55:46.6209360Z   In file included from src/boringssl/err_data.c:18:
2022-12-27T02:55:46.6210760Z   In file included from /usr/local/opt/openssl@3/include/openssl/err.h:28:
2022-12-27T02:55:46.6212480Z   /usr/local/opt/openssl@3/include/openssl/types.h:61:13: warning: redefinition of typedef 'ASN1_BOOLEAN' is a C11 feature [-Wtypedef-redefinition]
2022-12-27T02:55:46.6213500Z   typedef int ASN1_BOOLEAN;
2022-12-27T02:55:46.6214880Z               ^
2022-12-27T02:55:46.6216620Z   third_party/boringssl/include/openssl/base.h:178:13: note: previous definition is here
2022-12-27T02:55:46.6217890Z   typedef int ASN1_BOOLEAN;
2022-12-27T02:55:46.6219220Z               ^
2022-12-27T02:55:46.6220630Z   In file included from src/boringssl/err_data.c:18:
2022-12-27T02:55:46.6222090Z   In file included from /usr/local/opt/openssl@3/include/openssl/err.h:28:
2022-12-27T02:55:46.6223870Z   /usr/local/opt/openssl@3/include/openssl/types.h:62:13: warning: redefinition of typedef 'ASN1_NULL' is a C11 feature [-Wtypedef-redefinition]
2022-12-27T02:55:46.6224910Z   typedef int ASN1_NULL;
2022-12-27T02:55:46.6226170Z               ^
2022-12-27T02:55:46.6227710Z   third_party/boringssl/include/openssl/base.h:179:13: note: previous definition is here
2022-12-27T02:55:46.6229000Z   typedef int ASN1_NULL;
2022-12-27T02:55:46.6230330Z               ^
2022-12-27T02:55:46.6231710Z   In file included from src/boringssl/err_data.c:18:
2022-12-27T02:55:46.6233120Z   In file included from /usr/local/opt/openssl@3/include/openssl/err.h:28:
2022-12-27T02:55:46.6234940Z   /usr/local/opt/openssl@3/include/openssl/types.h:65:29: warning: redefinition of typedef 'ASN1_TYPE' is a C11 feature [-Wtypedef-redefinition]
2022-12-27T02:55:46.6235880Z   typedef struct asn1_type_st ASN1_TYPE;
2022-12-27T02:55:46.6237190Z                               ^
2022-12-27T02:55:46.6238640Z   third_party/boringssl/include/openssl/base.h:199:29: note: previous definition is here
2022-12-27T02:55:46.6239970Z   typedef struct asn1_type_st ASN1_TYPE;
2022-12-27T02:55:46.6241310Z                               ^
2022-12-27T02:55:46.6242890Z   In file included from src/boringssl/err_data.c:18:
2022-12-27T02:55:46.6244160Z   In file included from /usr/local/opt/openssl@3/include/openssl/err.h:28:
2022-12-27T02:55:46.6245720Z   /usr/local/opt/openssl@3/include/openssl/types.h:66:31: warning: redefinition of typedef 'ASN1_OBJECT' is a C11 feature [-Wtypedef-redefinition]
2022-12-27T02:55:46.6246870Z   typedef struct asn1_object_st ASN1_OBJECT;
2022-12-27T02:55:46.6248320Z                                 ^
2022-12-27T02:55:46.6249790Z   third_party/boringssl/include/openssl/base.h:181:31: note: previous definition is here
2022-12-27T02:55:46.6251130Z   typedef struct asn1_object_st ASN1_OBJECT;
2022-12-27T02:55:46.6252360Z                                 ^
2022-12-27T02:55:46.6253790Z   In file included from src/boringssl/err_data.c:18:
2022-12-27T02:55:46.6255130Z   In file included from /usr/local/opt/openssl@3/include/openssl/err.h:28:
2022-12-27T02:55:46.6256770Z   /usr/local/opt/openssl@3/include/openssl/types.h:69:29: warning: redefinition of typedef 'ASN1_ITEM' is a C11 feature [-Wtypedef-redefinition]
2022-12-27T02:55:46.6257970Z   typedef struct ASN1_ITEM_st ASN1_ITEM;
2022-12-27T02:55:46.6259240Z                               ^
2022-12-27T02:55:46.6260680Z   third_party/boringssl/include/openssl/base.h:180:29: note: previous definition is here
2022-12-27T02:55:46.6262020Z   typedef struct ASN1_ITEM_st ASN1_ITEM;
2022-12-27T02:55:46.6263300Z                               ^
2022-12-27T02:55:46.6264740Z   In file included from src/boringssl/err_data.c:18:
2022-12-27T02:55:46.6266090Z   In file included from /usr/local/opt/openssl@3/include/openssl/err.h:28:
2022-12-27T02:55:46.6267750Z   /usr/local/opt/openssl@3/include/openssl/types.h:70:29: warning: redefinition of typedef 'ASN1_PCTX' is a C11 feature [-Wtypedef-redefinition]
2022-12-27T02:55:46.6268890Z   typedef struct asn1_pctx_st ASN1_PCTX;
2022-12-27T02:55:46.6270330Z                               ^
2022-12-27T02:55:46.6271740Z   third_party/boringssl/include/openssl/base.h:182:29: note: previous definition is here
2022-12-27T02:55:46.6273110Z   typedef struct asn1_pctx_st ASN1_PCTX;
2022-12-27T02:55:46.6274360Z                               ^
2022-12-27T02:55:46.6275780Z   In file included from src/boringssl/err_data.c:18:
2022-12-27T02:55:46.6277160Z   In file included from /usr/local/opt/openssl@3/include/openssl/err.h:28:
2022-12-27T02:55:46.6278800Z   /usr/local/opt/openssl@3/include/openssl/types.h:86:23: warning: redefinition of typedef 'BIO' is a C11 feature [-Wtypedef-redefinition]
2022-12-27T02:55:46.6279890Z   typedef struct bio_st BIO;
2022-12-27T02:55:46.6281220Z                         ^
2022-12-27T02:55:46.6282670Z   third_party/boringssl/include/openssl/base.h:235:23: note: previous definition is here
2022-12-27T02:55:46.6284000Z   typedef struct bio_st BIO;
2022-12-27T02:55:46.6285300Z                         ^
2022-12-27T02:55:46.6286730Z   In file included from src/boringssl/err_data.c:18:
2022-12-27T02:55:46.6288100Z   In file included from /usr/local/opt/openssl@3/include/openssl/err.h:28:
2022-12-27T02:55:46.6289800Z   /usr/local/opt/openssl@3/include/openssl/types.h:87:26: warning: redefinition of typedef 'BIGNUM' is a C11 feature [-Wtypedef-redefinition]
2022-12-27T02:55:46.6290930Z   typedef struct bignum_st BIGNUM;
2022-12-27T02:55:46.6292270Z                            ^
2022-12-27T02:55:46.6293720Z   third_party/boringssl/include/openssl/base.h:233:26: note: previous definition is here
2022-12-27T02:55:46.6295200Z   typedef struct bignum_st BIGNUM;
2022-12-27T02:55:46.6296410Z                            ^
2022-12-27T02:55:46.6298130Z   In file included from src/boringssl/err_data.c:18:
2022-12-27T02:55:46.6299220Z   In file included from /usr/local/opt/openssl@3/include/openssl/err.h:28:
2022-12-27T02:55:46.6301020Z   /usr/local/opt/openssl@3/include/openssl/types.h:88:27: warning: redefinition of typedef 'BN_CTX' is a C11 feature [-Wtypedef-redefinition]
2022-12-27T02:55:46.6301940Z   typedef struct bignum_ctx BN_CTX;
2022-12-27T02:55:46.6303300Z                             ^
2022-12-27T02:55:46.6304710Z   third_party/boringssl/include/openssl/base.h:232:27: note: previous definition is here
2022-12-27T02:55:46.6306040Z   typedef struct bignum_ctx BN_CTX;
2022-12-27T02:55:46.6307350Z                             ^
2022-12-27T02:55:46.6308930Z   In file included from src/boringssl/err_data.c:18:
2022-12-27T02:55:46.6310480Z   In file included from /usr/local/opt/openssl@3/include/openssl/err.h:28:
2022-12-27T02:55:46.6312200Z   /usr/local/opt/openssl@3/include/openssl/types.h:90:31: warning: redefinition of typedef 'BN_MONT_CTX' is a C11 feature [-Wtypedef-redefinition]
2022-12-27T02:55:46.6313360Z   typedef struct bn_mont_ctx_st BN_MONT_CTX;
2022-12-27T02:55:46.6314650Z                                 ^
2022-12-27T02:55:46.6316240Z   third_party/boringssl/include/openssl/base.h:237:31: note: previous definition is here
2022-12-27T02:55:46.6317590Z   typedef struct bn_mont_ctx_st BN_MONT_CTX;
2022-12-27T02:55:46.6318930Z                                 ^
2022-12-27T02:55:46.6320280Z   In file included from src/boringssl/err_data.c:18:
2022-12-27T02:55:46.6321810Z   In file included from /usr/local/opt/openssl@3/include/openssl/err.h:28:
2022-12-27T02:55:46.6323330Z   /usr/local/opt/openssl@3/include/openssl/types.h:92:28: warning: redefinition of typedef 'BN_GENCB' is a C11 feature [-Wtypedef-redefinition]
2022-12-27T02:55:46.6324500Z   typedef struct bn_gencb_st BN_GENCB;
2022-12-27T02:55:46.6325800Z                              ^
2022-12-27T02:55:46.6327430Z   third_party/boringssl/include/openssl/base.h:236:28: note: previous definition is here
2022-12-27T02:55:46.6328620Z   typedef struct bn_gencb_st BN_GENCB;
2022-12-27T02:55:46.6329990Z                              ^
2022-12-27T02:55:46.6331410Z   In file included from src/boringssl/err_data.c:18:
2022-12-27T02:55:46.6332890Z   In file included from /usr/local/opt/openssl@3/include/openssl/err.h:28:
2022-12-27T02:55:46.6334440Z   /usr/local/opt/openssl@3/include/openssl/types.h:94:27: warning: redefinition of typedef 'BUF_MEM' is a C11 feature [-Wtypedef-redefinition]
2022-12-27T02:55:46.6335670Z   typedef struct buf_mem_st BUF_MEM;
2022-12-27T02:55:46.6336980Z                             ^
2022-12-27T02:55:46.6338430Z   third_party/boringssl/include/openssl/base.h:238:27: note: previous definition is here
2022-12-27T02:55:46.6339700Z   typedef struct buf_mem_st BUF_MEM;
2022-12-27T02:55:46.6341110Z                             ^
2022-12-27T02:55:46.6342610Z   In file included from src/boringssl/err_data.c:18:
2022-12-27T02:55:46.6343850Z   In file included from /usr/local/opt/openssl@3/include/openssl/err.h:28:
2022-12-27T02:55:46.6345590Z   /usr/local/opt/openssl@3/include/openssl/types.h:101:30: warning: redefinition of typedef 'EVP_CIPHER' is a C11 feature [-Wtypedef-redefinition]
2022-12-27T02:55:46.6346680Z   typedef struct evp_cipher_st EVP_CIPHER;
2022-12-27T02:55:46.6347970Z                                ^
2022-12-27T02:55:46.6349540Z   third_party/boringssl/include/openssl/base.h:256:30: note: previous definition is here
2022-12-27T02:55:46.6350840Z   typedef struct evp_cipher_st EVP_CIPHER;
2022-12-27T02:55:46.6352300Z                                ^
2022-12-27T02:55:46.6353870Z   In file included from src/boringssl/err_data.c:18:
2022-12-27T02:55:46.6355040Z   In file included from /usr/local/opt/openssl@3/include/openssl/err.h:28:
2022-12-27T02:55:46.6356990Z   /usr/local/opt/openssl@3/include/openssl/types.h:102:34: warning: redefinition of typedef 'EVP_CIPHER_CTX' is a C11 feature [-Wtypedef-redefinition]
2022-12-27T02:55:46.6357860Z   typedef struct evp_cipher_ctx_st EVP_CIPHER_CTX;
2022-12-27T02:55:46.6359470Z                                    ^
2022-12-27T02:55:46.6360780Z   third_party/boringssl/include/openssl/base.h:255:34: note: previous definition is here
2022-12-27T02:55:46.6362090Z   typedef struct evp_cipher_ctx_st EVP_CIPHER_CTX;
2022-12-27T02:55:46.6363390Z                                    ^
2022-12-27T02:55:46.6364880Z   In file included from src/boringssl/err_data.c:18:
2022-12-27T02:55:46.6366280Z   In file included from /usr/local/opt/openssl@3/include/openssl/err.h:28:
2022-12-27T02:55:46.6367900Z   /usr/local/opt/openssl@3/include/openssl/types.h:103:26: error: typedef redefinition with different types ('struct evp_md_st' vs 'struct env_md_st')
2022-12-27T02:55:46.6369070Z   typedef struct evp_md_st EVP_MD;
2022-12-27T02:55:46.6370430Z                            ^
2022-12-27T02:55:46.6371890Z   third_party/boringssl/include/openssl/base.h:253:26: note: previous definition is here
2022-12-27T02:55:46.6373210Z   typedef struct env_md_st EVP_MD;
2022-12-27T02:55:46.6374540Z                            ^
2022-12-27T02:55:46.6376010Z   In file included from src/boringssl/err_data.c:18:
2022-12-27T02:55:46.6377400Z   In file included from /usr/local/opt/openssl@3/include/openssl/err.h:28:
2022-12-27T02:55:46.6379020Z   /usr/local/opt/openssl@3/include/openssl/types.h:104:30: error: typedef redefinition with different types ('struct evp_md_ctx_st' vs 'struct env_md_ctx_st')
2022-12-27T02:55:46.6380180Z   typedef struct evp_md_ctx_st EVP_MD_CTX;
2022-12-27T02:55:46.6381490Z                                ^
2022-12-27T02:55:46.6382950Z   third_party/boringssl/include/openssl/base.h:252:30: note: previous definition is here
2022-12-27T02:55:46.6384280Z   typedef struct env_md_ctx_st EVP_MD_CTX;
2022-12-27T02:55:46.6385600Z                                ^
2022-12-27T02:55:46.6387020Z   In file included from src/boringssl/err_data.c:18:
2022-12-27T02:55:46.6388460Z   In file included from /usr/local/opt/openssl@3/include/openssl/err.h:28:
2022-12-27T02:55:46.6390160Z   /usr/local/opt/openssl@3/include/openssl/types.h:107:28: warning: redefinition of typedef 'EVP_PKEY' is a C11 feature [-Wtypedef-redefinition]
2022-12-27T02:55:46.6391280Z   typedef struct evp_pkey_st EVP_PKEY;
2022-12-27T02:55:46.6392590Z                              ^
2022-12-27T02:55:46.6394070Z   third_party/boringssl/include/openssl/base.h:261:28: note: previous definition is here
2022-12-27T02:55:46.6395400Z   typedef struct evp_pkey_st EVP_PKEY;
2022-12-27T02:55:46.6396700Z                              ^
2022-12-27T02:55:46.6398120Z   In file included from src/boringssl/err_data.c:18:
2022-12-27T02:55:46.6399520Z   In file included from /usr/local/opt/openssl@3/include/openssl/err.h:28:
2022-12-27T02:55:46.6401170Z   /usr/local/opt/openssl@3/include/openssl/types.h:109:40: warning: redefinition of typedef 'EVP_PKEY_ASN1_METHOD' is a C11 feature [-Wtypedef-redefinition]
2022-12-27T02:55:46.6402350Z   typedef struct evp_pkey_asn1_method_st EVP_PKEY_ASN1_METHOD;
2022-12-27T02:55:46.6403650Z                                          ^
2022-12-27T02:55:46.6405130Z   third_party/boringssl/include/openssl/base.h:258:40: note: previous definition is here
2022-12-27T02:55:46.6406490Z   typedef struct evp_pkey_asn1_method_st EVP_PKEY_ASN1_METHOD;
2022-12-27T02:55:46.6407790Z                                          ^
2022-12-27T02:55:46.6409220Z   In file included from src/boringssl/err_data.c:18:
2022-12-27T02:55:46.6410660Z   In file included from /usr/local/opt/openssl@3/include/openssl/err.h:28:
2022-12-27T02:55:46.6412300Z   /usr/local/opt/openssl@3/include/openssl/types.h:111:35: warning: redefinition of typedef 'EVP_PKEY_METHOD' is a C11 feature [-Wtypedef-redefinition]
2022-12-27T02:55:46.6413460Z   typedef struct evp_pkey_method_st EVP_PKEY_METHOD;
2022-12-27T02:55:46.6414760Z                                     ^
2022-12-27T02:55:46.6416420Z   third_party/boringssl/include/openssl/base.h:260:35: note: previous definition is here
2022-12-27T02:55:46.6417840Z   typedef struct evp_pkey_method_st EVP_PKEY_METHOD;
2022-12-27T02:55:46.6419400Z                                     ^
2022-12-27T02:55:46.6420570Z   In file included from src/boringssl/err_data.c:18:
2022-12-27T02:55:46.6421960Z   In file included from /usr/local/opt/openssl@3/include/openssl/err.h:28:
2022-12-27T02:55:46.6423570Z   /usr/local/opt/openssl@3/include/openssl/types.h:112:32: warning: redefinition of typedef 'EVP_PKEY_CTX' is a C11 feature [-Wtypedef-redefinition]
2022-12-27T02:55:46.6424750Z   typedef struct evp_pkey_ctx_st EVP_PKEY_CTX;
2022-12-27T02:55:46.6426080Z                                  ^
2022-12-27T02:55:46.6427510Z   third_party/boringssl/include/openssl/base.h:259:32: note: previous definition is here
2022-12-27T02:55:46.6428840Z   typedef struct evp_pkey_ctx_st EVP_PKEY_CTX;
2022-12-27T02:55:46.6430240Z                                  ^
2022-12-27T02:55:46.6431610Z   In file included from src/boringssl/err_data.c:18:
2022-12-27T02:55:46.6433020Z   In file included from /usr/local/opt/openssl@3/include/openssl/err.h:28:
2022-12-27T02:55:46.6434720Z   /usr/local/opt/openssl@3/include/openssl/types.h:130:34: error: typedef redefinition with different types ('struct evp_Encode_Ctx_st' vs 'struct evp_encode_ctx_st')
2022-12-27T02:55:46.6435920Z   typedef struct evp_Encode_Ctx_st EVP_ENCODE_CTX;
2022-12-27T02:55:46.6437170Z                                    ^
2022-12-27T02:55:46.6438620Z   third_party/boringssl/include/openssl/base.h:257:34: note: previous definition is here
2022-12-27T02:55:46.6439990Z   typedef struct evp_encode_ctx_st EVP_ENCODE_CTX;
2022-12-27T02:55:46.6441280Z                                    ^
2022-12-27T02:55:46.6442690Z   In file included from src/boringssl/err_data.c:18:
2022-12-27T02:55:46.6444060Z   In file included from /usr/local/opt/openssl@3/include/openssl/err.h:28:
2022-12-27T02:55:46.6445700Z   /usr/local/opt/openssl@3/include/openssl/types.h:132:28: warning: redefinition of typedef 'HMAC_CTX' is a C11 feature [-Wtypedef-redefinition]
2022-12-27T02:55:46.6446800Z   typedef struct hmac_ctx_st HMAC_CTX;
2022-12-27T02:55:46.6448220Z                              ^
2022-12-27T02:55:46.6449730Z   third_party/boringssl/include/openssl/base.h:262:28: note: previous definition is here
2022-12-27T02:55:46.6451080Z   typedef struct hmac_ctx_st HMAC_CTX;
2022-12-27T02:55:46.6452370Z                              ^
2022-12-27T02:55:46.6453790Z   In file included from src/boringssl/err_data.c:18:
2022-12-27T02:55:46.6455160Z   In file included from /usr/local/opt/openssl@3/include/openssl/err.h:28:
2022-12-27T02:55:46.6456790Z   /usr/local/opt/openssl@3/include/openssl/types.h:134:22: warning: redefinition of typedef 'DH' is a C11 feature [-Wtypedef-redefinition]
2022-12-27T02:55:46.6457920Z   typedef struct dh_st DH;
2022-12-27T02:55:46.6459240Z                        ^
2022-12-27T02:55:46.6460730Z   third_party/boringssl/include/openssl/base.h:244:22: note: previous definition is here
2022-12-27T02:55:46.6462080Z   typedef struct dh_st DH;
2022-12-27T02:55:46.6463410Z                        ^
2022-12-27T02:55:46.6464810Z   In file included from src/boringssl/err_data.c:18:
2022-12-27T02:55:46.6466220Z   In file included from /usr/local/opt/openssl@3/include/openssl/err.h:28:
2022-12-27T02:55:46.6467920Z   /usr/local/opt/openssl@3/include/openssl/types.h:138:23: warning: redefinition of typedef 'DSA' is a C11 feature [-Wtypedef-redefinition]
2022-12-27T02:55:46.6469070Z   typedef struct dsa_st DSA;
2022-12-27T02:55:46.6470450Z                         ^
2022-12-27T02:55:46.6471930Z   third_party/boringssl/include/openssl/base.h:245:23: note: previous definition is here
2022-12-27T02:55:46.6473260Z   typedef struct dsa_st DSA;
2022-12-27T02:55:46.6474580Z                         ^
2022-12-27T02:55:46.6475990Z   In file included from src/boringssl/err_data.c:18:
2022-12-27T02:55:46.6477390Z   In file included from /usr/local/opt/openssl@3/include/openssl/err.h:28:
2022-12-27T02:55:46.6479000Z   /usr/local/opt/openssl@3/include/openssl/types.h:143:23: warning: redefinition of typedef 'RSA' is a C11 feature [-Wtypedef-redefinition]
2022-12-27T02:55:46.6480260Z   typedef struct rsa_st RSA;
2022-12-27T02:55:46.6481550Z                         ^
2022-12-27T02:55:46.6483000Z   third_party/boringssl/include/openssl/base.h:272:23: note: previous definition is here
2022-12-27T02:55:46.6484290Z   typedef struct rsa_st RSA;
2022-12-27T02:55:46.6485610Z                         ^
2022-12-27T02:55:46.6487000Z   In file included from src/boringssl/err_data.c:18:
2022-12-27T02:55:46.6488390Z   In file included from /usr/local/opt/openssl@3/include/openssl/err.h:28:
2022-12-27T02:55:46.6490110Z   /usr/local/opt/openssl@3/include/openssl/types.h:144:28: warning: redefinition of typedef 'RSA_METHOD' is a C11 feature [-Wtypedef-redefinition]
2022-12-27T02:55:46.6491260Z   typedef struct rsa_meth_st RSA_METHOD;
2022-12-27T02:55:46.6492660Z                              ^
2022-12-27T02:55:46.6494130Z   third_party/boringssl/include/openssl/base.h:271:28: note: previous definition is here
2022-12-27T02:55:46.6495430Z   typedef struct rsa_meth_st RSA_METHOD;
2022-12-27T02:55:46.6496750Z                              ^
2022-12-27T02:55:46.6498150Z   In file included from src/boringssl/err_data.c:18:
2022-12-27T02:55:46.6499570Z   In file included from /usr/local/opt/openssl@3/include/openssl/err.h:28:
2022-12-27T02:55:46.6501190Z   /usr/local/opt/openssl@3/include/openssl/types.h:149:26: warning: redefinition of typedef 'EC_KEY' is a C11 feature [-Wtypedef-redefinition]
2022-12-27T02:55:46.6502330Z   typedef struct ec_key_st EC_KEY;
2022-12-27T02:55:46.6503620Z                            ^
2022-12-27T02:55:46.6505090Z   third_party/boringssl/include/openssl/base.h:247:26: note: previous definition is here
2022-12-27T02:55:46.6506390Z   typedef struct ec_key_st EC_KEY;
2022-12-27T02:55:46.6507690Z                            ^
2022-12-27T02:55:46.6509140Z   In file included from src/boringssl/err_data.c:18:
2022-12-27T02:55:46.6510610Z   In file included from /usr/local/opt/openssl@3/include/openssl/err.h:28:
2022-12-27T02:55:46.6512230Z   /usr/local/opt/openssl@3/include/openssl/types.h:153:29: warning: redefinition of typedef 'RAND_METHOD' is a C11 feature [-Wtypedef-redefinition]
2022-12-27T02:55:46.6513400Z   typedef struct rand_meth_st RAND_METHOD;
2022-12-27T02:55:46.6514680Z                               ^
2022-12-27T02:55:46.6516290Z   third_party/boringssl/include/openssl/base.h:269:29: note: previous definition is here
2022-12-27T02:55:46.6517630Z   typedef struct rand_meth_st RAND_METHOD;
2022-12-27T02:55:46.6518970Z                               ^
2022-12-27T02:55:46.6520340Z   In file included from src/boringssl/err_data.c:18:
2022-12-27T02:55:46.6521720Z   In file included from /usr/local/opt/openssl@3/include/openssl/err.h:28:
2022-12-27T02:55:46.6523330Z   /usr/local/opt/openssl@3/include/openssl/types.h:157:24: warning: redefinition of typedef 'X509' is a C11 feature [-Wtypedef-redefinition]
2022-12-27T02:55:46.6524490Z   typedef struct x509_st X509;
2022-12-27T02:55:46.6525800Z                          ^
2022-12-27T02:55:46.6527270Z   third_party/boringssl/include/openssl/base.h:293:24: note: previous definition is here
2022-12-27T02:55:46.6528590Z   typedef struct x509_st X509;
2022-12-27T02:55:46.6529980Z                          ^
2022-12-27T02:55:46.6531390Z   In file included from src/boringssl/err_data.c:18:
2022-12-27T02:55:46.6532760Z   In file included from /usr/local/opt/openssl@3/include/openssl/err.h:28:
2022-12-27T02:55:46.6534370Z   /usr/local/opt/openssl@3/include/openssl/types.h:158:30: warning: redefinition of typedef 'X509_ALGOR' is a C11 feature [-Wtypedef-redefinition]
2022-12-27T02:55:46.6535560Z   typedef struct X509_algor_st X509_ALGOR;
2022-12-27T02:55:46.6536870Z                                ^
2022-12-27T02:55:46.6538330Z   third_party/boringssl/include/openssl/base.h:219:30: note: previous definition is here
2022-12-27T02:55:46.6539650Z   typedef struct X509_algor_st X509_ALGOR;
2022-12-27T02:55:46.6540960Z                                ^
2022-12-27T02:55:46.6542370Z   In file included from src/boringssl/err_data.c:18:
2022-12-27T02:55:46.6543840Z   In file included from /usr/local/opt/openssl@3/include/openssl/err.h:28:
2022-12-27T02:55:46.6545370Z   /usr/local/opt/openssl@3/include/openssl/types.h:159:28: warning: redefinition of typedef 'X509_CRL' is a C11 feature [-Wtypedef-redefinition]
2022-12-27T02:55:46.6546550Z   typedef struct X509_crl_st X509_CRL;
2022-12-27T02:55:46.6547890Z                              ^
2022-12-27T02:55:46.6549600Z   third_party/boringssl/include/openssl/base.h:221:28: note: previous definition is here
2022-12-27T02:55:46.6550690Z   typedef struct X509_crl_st X509_CRL;
2022-12-27T02:55:46.6552120Z                              ^
2022-12-27T02:55:46.6553500Z   In file included from src/boringssl/err_data.c:18:
2022-12-27T02:55:46.6554870Z   In file included from /usr/local/opt/openssl@3/include/openssl/err.h:28:
2022-12-27T02:55:46.6556550Z   /usr/local/opt/openssl@3/include/openssl/types.h:160:35: warning: redefinition of typedef 'X509_CRL_METHOD' is a C11 feature [-Wtypedef-redefinition]
2022-12-27T02:55:46.6557540Z   typedef struct x509_crl_method_st X509_CRL_METHOD;
2022-12-27T02:55:46.6558970Z                                     ^
2022-12-27T02:55:46.6560380Z   third_party/boringssl/include/openssl/base.h:290:35: note: previous definition is here
2022-12-27T02:55:46.6561770Z   typedef struct x509_crl_method_st X509_CRL_METHOD;
2022-12-27T02:55:46.6563000Z                                     ^
2022-12-27T02:55:46.6564470Z   In file included from src/boringssl/err_data.c:18:
2022-12-27T02:55:46.6565800Z   In file included from /usr/local/opt/openssl@3/include/openssl/err.h:28:
2022-12-27T02:55:46.6567510Z   /usr/local/opt/openssl@3/include/openssl/types.h:161:32: warning: redefinition of typedef 'X509_REVOKED' is a C11 feature [-Wtypedef-redefinition]
2022-12-27T02:55:46.6568660Z   typedef struct x509_revoked_st X509_REVOKED;
2022-12-27T02:55:46.6570070Z                                  ^
2022-12-27T02:55:46.6571520Z   third_party/boringssl/include/openssl/base.h:292:32: note: previous definition is here
2022-12-27T02:55:46.6572840Z   typedef struct x509_revoked_st X509_REVOKED;
2022-12-27T02:55:46.6574130Z                                  ^
2022-12-27T02:55:46.6575520Z   In file included from src/boringssl/err_data.c:18:
2022-12-27T02:55:46.6576900Z   In file included from /usr/local/opt/openssl@3/include/openssl/err.h:28:
2022-12-27T02:55:46.6578540Z   /usr/local/opt/openssl@3/include/openssl/types.h:162:29: warning: redefinition of typedef 'X509_NAME' is a C11 feature [-Wtypedef-redefinition]
2022-12-27T02:55:46.6579710Z   typedef struct X509_name_st X509_NAME;
2022-12-27T02:55:46.6581030Z                               ^
2022-12-27T02:55:46.6582480Z   third_party/boringssl/include/openssl/base.h:225:29: note: previous definition is here
2022-12-27T02:55:46.6583840Z   typedef struct X509_name_st X509_NAME;
2022-12-27T02:55:46.6585180Z                               ^
2022-12-27T02:55:46.6586590Z   In file included from src/boringssl/err_data.c:18:
2022-12-27T02:55:46.6587990Z   In file included from /usr/local/opt/openssl@3/include/openssl/err.h:28:
2022-12-27T02:55:46.6589740Z   /usr/local/opt/openssl@3/include/openssl/types.h:163:31: warning: redefinition of typedef 'X509_PUBKEY' is a C11 feature [-Wtypedef-redefinition]
2022-12-27T02:55:46.6590910Z   typedef struct X509_pubkey_st X509_PUBKEY;
2022-12-27T02:55:46.6592190Z                                 ^
2022-12-27T02:55:46.6593640Z   third_party/boringssl/include/openssl/base.h:227:31: note: previous definition is here
2022-12-27T02:55:46.6595040Z   typedef struct X509_pubkey_st X509_PUBKEY;
2022-12-27T02:55:46.6596340Z                                 ^
2022-12-27T02:55:46.6597700Z   In file included from src/boringssl/err_data.c:18:
2022-12-27T02:55:46.6599110Z   In file included from /usr/local/opt/openssl@3/include/openssl/err.h:28:
2022-12-27T02:55:46.6600730Z   /usr/local/opt/openssl@3/include/openssl/types.h:164:30: warning: redefinition of typedef 'X509_STORE' is a C11 feature [-Wtypedef-redefinition]
2022-12-27T02:55:46.6601910Z   typedef struct x509_store_st X509_STORE;
2022-12-27T02:55:46.6603310Z                                ^
2022-12-27T02:55:46.6604720Z   third_party/boringssl/include/openssl/base.h:295:30: note: previous definition is here
2022-12-27T02:55:46.6606030Z   typedef struct x509_store_st X509_STORE;
2022-12-27T02:55:46.6607360Z                                ^
2022-12-27T02:55:46.6608730Z   In file included from src/boringssl/err_data.c:18:
2022-12-27T02:55:46.6610230Z   In file included from /usr/local/opt/openssl@3/include/openssl/err.h:28:
2022-12-27T02:55:46.6611860Z   /usr/local/opt/openssl@3/include/openssl/types.h:165:34: warning: redefinition of typedef 'X509_STORE_CTX' is a C11 feature [-Wtypedef-redefinition]
2022-12-27T02:55:46.6613040Z   typedef struct x509_store_ctx_st X509_STORE_CTX;
2022-12-27T02:55:46.6614340Z                                    ^
2022-12-27T02:55:46.6615960Z   third_party/boringssl/include/openssl/base.h:294:34: note: previous definition is here
2022-12-27T02:55:46.6617290Z   typedef struct x509_store_ctx_st X509_STORE_CTX;
2022-12-27T02:55:46.6618650Z                                    ^
2022-12-27T02:55:46.6620010Z   In file included from src/boringssl/err_data.c:18:
2022-12-27T02:55:46.6621430Z   In file included from /usr/local/opt/openssl@3/include/openssl/err.h:28:
2022-12-27T02:55:46.6623080Z   /usr/local/opt/openssl@3/include/openssl/types.h:168:31: warning: redefinition of typedef 'X509_LOOKUP' is a C11 feature [-Wtypedef-redefinition]
2022-12-27T02:55:46.6624290Z   typedef struct x509_lookup_st X509_LOOKUP;
2022-12-27T02:55:46.6625600Z                                 ^
2022-12-27T02:55:46.6627070Z   third_party/boringssl/include/openssl/base.h:291:31: note: previous definition is here
2022-12-27T02:55:46.6628390Z   typedef struct x509_lookup_st X509_LOOKUP;
2022-12-27T02:55:46.6629810Z                                 ^
2022-12-27T02:55:46.6631180Z   In file included from src/boringssl/err_data.c:18:
2022-12-27T02:55:46.6632620Z   In file included from /usr/local/opt/openssl@3/include/openssl/err.h:28:
2022-12-27T02:55:46.6634220Z   /usr/local/opt/openssl@3/include/openssl/types.h:170:37: warning: redefinition of typedef 'X509_VERIFY_PARAM' is a C11 feature [-Wtypedef-redefinition]
2022-12-27T02:55:46.6635460Z   typedef struct X509_VERIFY_PARAM_st X509_VERIFY_PARAM;
2022-12-27T02:55:46.6636750Z                                       ^
2022-12-27T02:55:46.6638230Z   third_party/boringssl/include/openssl/base.h:218:37: note: previous definition is here
2022-12-27T02:55:46.6639620Z   typedef struct X509_VERIFY_PARAM_st X509_VERIFY_PARAM;
2022-12-27T02:55:46.6640890Z                                       ^
2022-12-27T02:55:46.6642300Z   In file included from src/boringssl/err_data.c:18:
2022-12-27T02:55:46.6643700Z   In file included from /usr/local/opt/openssl@3/include/openssl/err.h:28:
2022-12-27T02:55:46.6645330Z   /usr/local/opt/openssl@3/include/openssl/types.h:174:39: warning: redefinition of typedef 'PKCS8_PRIV_KEY_INFO' is a C11 feature [-Wtypedef-redefinition]
2022-12-27T02:55:46.6646530Z   typedef struct pkcs8_priv_key_info_st PKCS8_PRIV_KEY_INFO;
2022-12-27T02:55:46.6647820Z                                         ^
2022-12-27T02:55:46.6662490Z   third_party/boringssl/include/openssl/base.h:267:39: note: previous definition is here
2022-12-27T02:55:46.6662780Z   typedef struct pkcs8_priv_key_info_st PKCS8_PRIV_KEY_INFO;
2022-12-27T02:55:46.6662960Z                                         ^
2022-12-27T02:55:46.6663130Z   In file included from src/boringssl/err_data.c:18:
2022-12-27T02:55:46.6663340Z   In file included from /usr/local/opt/openssl@3/include/openssl/err.h:28:
2022-12-27T02:55:46.6663760Z   /usr/local/opt/openssl@3/include/openssl/types.h:176:27: warning: redefinition of typedef 'X509V3_CTX' is a C11 feature [-Wtypedef-redefinition]
2022-12-27T02:55:46.6664010Z   typedef struct v3_ext_ctx X509V3_CTX;
2022-12-27T02:55:46.6664150Z                             ^
2022-12-27T02:55:46.6664350Z   third_party/boringssl/include/openssl/base.h:285:27: note: previous definition is here
2022-12-27T02:55:46.6664690Z   typedef struct v3_ext_ctx X509V3_CTX;
2022-12-27T02:55:46.6664840Z                             ^
2022-12-27T02:55:46.6665000Z   In file included from src/boringssl/err_data.c:18:
2022-12-27T02:55:46.6666340Z   In file included from /usr/local/opt/openssl@3/include/openssl/err.h:28:
2022-12-27T02:55:46.6667880Z   /usr/local/opt/openssl@3/include/openssl/types.h:177:24: warning: redefinition of typedef 'CONF' is a C11 feature [-Wtypedef-redefinition]
2022-12-27T02:55:46.6669120Z   typedef struct conf_st CONF;
2022-12-27T02:55:46.6670600Z                          ^
2022-12-27T02:55:46.6671960Z   third_party/boringssl/include/openssl/base.h:242:24: note: previous definition is here
2022-12-27T02:55:46.6673350Z   typedef struct conf_st CONF;
2022-12-27T02:55:46.6674790Z                          ^
2022-12-27T02:55:46.6676100Z   In file included from src/boringssl/err_data.c:18:
2022-12-27T02:55:46.6677480Z   In file included from /usr/local/opt/openssl@3/include/openssl/err.h:28:
2022-12-27T02:55:46.6679140Z   /usr/local/opt/openssl@3/include/openssl/types.h:183:26: warning: redefinition of typedef 'ENGINE' is a C11 feature [-Wtypedef-redefinition]
2022-12-27T02:55:46.6680260Z   typedef struct engine_st ENGINE;
2022-12-27T02:55:46.6681600Z                            ^
2022-12-27T02:55:46.6683030Z   third_party/boringssl/include/openssl/base.h:251:26: note: previous definition is here
2022-12-27T02:55:46.6684380Z   typedef struct engine_st ENGINE;
2022-12-27T02:55:46.6685670Z                            ^
2022-12-27T02:55:46.6687100Z   In file included from src/boringssl/err_data.c:18:
2022-12-27T02:55:46.6688470Z   In file included from /usr/local/opt/openssl@3/include/openssl/err.h:28:
2022-12-27T02:55:46.6690220Z   /usr/local/opt/openssl@3/include/openssl/types.h:184:23: warning: redefinition of typedef 'SSL' is a C11 feature [-Wtypedef-redefinition]
2022-12-27T02:55:46.6691310Z   typedef struct ssl_st SSL;
2022-12-27T02:55:46.6692680Z                         ^
2022-12-27T02:55:46.6694150Z   third_party/boringssl/include/openssl/base.h:283:23: note: previous definition is here
2022-12-27T02:55:46.6695470Z   typedef struct ssl_st SSL;
2022-12-27T02:55:46.6696780Z                         ^
2022-12-27T02:55:46.6698220Z   In file included from src/boringssl/err_data.c:18:
2022-12-27T02:55:46.6699600Z   In file included from /usr/local/opt/openssl@3/include/openssl/err.h:28:
2022-12-27T02:55:46.6701250Z   /usr/local/opt/openssl@3/include/openssl/types.h:185:27: warning: redefinition of typedef 'SSL_CTX' is a C11 feature [-Wtypedef-redefinition]
2022-12-27T02:55:46.6702380Z   typedef struct ssl_ctx_st SSL_CTX;
2022-12-27T02:55:46.6703690Z                             ^
2022-12-27T02:55:46.6705150Z   third_party/boringssl/include/openssl/base.h:279:27: note: previous definition is here
2022-12-27T02:55:46.6706500Z   typedef struct ssl_ctx_st SSL_CTX;
2022-12-27T02:55:46.6707800Z                             ^
2022-12-27T02:55:46.6709250Z   In file included from src/boringssl/err_data.c:18:
2022-12-27T02:55:46.6710650Z   In file included from /usr/local/opt/openssl@3/include/openssl/err.h:28:
2022-12-27T02:55:46.6712340Z   /usr/local/opt/openssl@3/include/openssl/types.h:190:36: warning: redefinition of typedef 'X509_POLICY_NODE' is a C11 feature [-Wtypedef-redefinition]
2022-12-27T02:55:46.6713490Z   typedef struct X509_POLICY_NODE_st X509_POLICY_NODE;
2022-12-27T02:55:46.6714800Z                                      ^
2022-12-27T02:55:46.6716410Z   third_party/boringssl/include/openssl/base.h:216:36: note: previous definition is here
2022-12-27T02:55:46.6717790Z   typedef struct X509_POLICY_NODE_st X509_POLICY_NODE;
2022-12-27T02:55:46.6719080Z                                      ^
2022-12-27T02:55:46.6720500Z   In file included from src/boringssl/err_data.c:18:
2022-12-27T02:55:46.6721980Z   In file included from /usr/local/opt/openssl@3/include/openssl/err.h:28:
2022-12-27T02:55:46.6723650Z   /usr/local/opt/openssl@3/include/openssl/types.h:191:37: warning: redefinition of typedef 'X509_POLICY_LEVEL' is a C11 feature [-Wtypedef-redefinition]
2022-12-27T02:55:46.6724920Z   typedef struct X509_POLICY_LEVEL_st X509_POLICY_LEVEL;
2022-12-27T02:55:46.6726110Z                                       ^
2022-12-27T02:55:46.6727620Z   third_party/boringssl/include/openssl/base.h:215:37: note: previous definition is here
2022-12-27T02:55:46.6728990Z   typedef struct X509_POLICY_LEVEL_st X509_POLICY_LEVEL;
2022-12-27T02:55:46.6730340Z                                       ^
2022-12-27T02:55:46.6731770Z   In file included from src/boringssl/err_data.c:18:
2022-12-27T02:55:46.6733120Z   In file included from /usr/local/opt/openssl@3/include/openssl/err.h:28:
2022-12-27T02:55:46.6734810Z   /usr/local/opt/openssl@3/include/openssl/types.h:192:36: warning: redefinition of typedef 'X509_POLICY_TREE' is a C11 feature [-Wtypedef-redefinition]
2022-12-27T02:55:46.6735950Z   typedef struct X509_POLICY_TREE_st X509_POLICY_TREE;
2022-12-27T02:55:46.6737230Z                                      ^
2022-12-27T02:55:46.6738670Z   third_party/boringssl/include/openssl/base.h:217:36: note: previous definition is here
2022-12-27T02:55:46.6740020Z   typedef struct X509_POLICY_TREE_st X509_POLICY_TREE;
2022-12-27T02:55:46.6741310Z                                      ^
2022-12-27T02:55:46.6742720Z   In file included from src/boringssl/err_data.c:18:
2022-12-27T02:55:46.6744100Z   In file included from /usr/local/opt/openssl@3/include/openssl/err.h:28:
2022-12-27T02:55:46.6745950Z   /usr/local/opt/openssl@3/include/openssl/types.h:193:37: warning: redefinition of typedef 'X509_POLICY_CACHE' is a C11 feature [-Wtypedef-redefinition]
2022-12-27T02:55:46.6746850Z   typedef struct X509_POLICY_CACHE_st X509_POLICY_CACHE;
2022-12-27T02:55:46.6748210Z                                       ^
2022-12-27T02:55:46.6749750Z   third_party/boringssl/include/openssl/base.h:214:37: note: previous definition is here
2022-12-27T02:55:46.6751150Z   typedef struct X509_POLICY_CACHE_st X509_POLICY_CACHE;
2022-12-27T02:55:46.6752370Z                                       ^
2022-12-27T02:55:46.6753790Z   In file included from src/boringssl/err_data.c:18:
2022-12-27T02:55:46.6755160Z   In file included from /usr/local/opt/openssl@3/include/openssl/err.h:28:
2022-12-27T02:55:46.6756850Z   /usr/local/opt/openssl@3/include/openssl/types.h:195:35: warning: redefinition of typedef 'AUTHORITY_KEYID' is a C11 feature [-Wtypedef-redefinition]
2022-12-27T02:55:46.6758000Z   typedef struct AUTHORITY_KEYID_st AUTHORITY_KEYID;
2022-12-27T02:55:46.6759270Z                                     ^
2022-12-27T02:55:46.6760720Z   third_party/boringssl/include/openssl/base.h:201:35: note: previous definition is here
2022-12-27T02:55:46.6762140Z   typedef struct AUTHORITY_KEYID_st AUTHORITY_KEYID;
2022-12-27T02:55:46.6763430Z                                     ^
2022-12-27T02:55:46.6764920Z   In file included from src/boringssl/err_data.c:18:
2022-12-27T02:55:46.6766350Z   In file included from /usr/local/opt/openssl@3/include/openssl/err.h:28:
2022-12-27T02:55:46.6767980Z   /usr/local/opt/openssl@3/include/openssl/types.h:196:30: warning: redefinition of typedef 'DIST_POINT' is a C11 feature [-Wtypedef-redefinition]
2022-12-27T02:55:46.6769160Z   typedef struct DIST_POINT_st DIST_POINT;
2022-12-27T02:55:46.6770490Z                                ^
2022-12-27T02:55:46.6771950Z   third_party/boringssl/include/openssl/base.h:203:30: note: previous definition is here
2022-12-27T02:55:46.6773300Z   typedef struct DIST_POINT_st DIST_POINT;
2022-12-27T02:55:46.6774610Z                                ^
2022-12-27T02:55:46.6776040Z   In file included from src/boringssl/err_data.c:18:
2022-12-27T02:55:46.6777420Z   In file included from /usr/local/opt/openssl@3/include/openssl/err.h:28:
2022-12-27T02:55:46.6779090Z   /usr/local/opt/openssl@3/include/openssl/types.h:197:38: warning: redefinition of typedef 'ISSUING_DIST_POINT' is a C11 feature [-Wtypedef-redefinition]
2022-12-27T02:55:46.6780240Z   typedef struct ISSUING_DIST_POINT_st ISSUING_DIST_POINT;
2022-12-27T02:55:46.6781530Z                                        ^
2022-12-27T02:55:46.6783110Z   third_party/boringssl/include/openssl/base.h:205:38: note: previous definition is here
2022-12-27T02:55:46.6784390Z   typedef struct ISSUING_DIST_POINT_st ISSUING_DIST_POINT;
2022-12-27T02:55:46.6785670Z                                        ^
2022-12-27T02:55:46.6787070Z   In file included from src/boringssl/err_data.c:18:
2022-12-27T02:55:46.6788560Z   In file included from /usr/local/opt/openssl@3/include/openssl/err.h:28:
2022-12-27T02:55:46.6790310Z   /usr/local/opt/openssl@3/include/openssl/types.h:198:36: warning: redefinition of typedef 'NAME_CONSTRAINTS' is a C11 feature [-Wtypedef-redefinition]
2022-12-27T02:55:46.6791480Z   typedef struct NAME_CONSTRAINTS_st NAME_CONSTRAINTS;
2022-12-27T02:55:46.6792630Z                                      ^
2022-12-27T02:55:46.6794230Z   third_party/boringssl/include/openssl/base.h:206:36: note: previous definition is here
2022-12-27T02:55:46.6795590Z   typedef struct NAME_CONSTRAINTS_st NAME_CONSTRAINTS;
2022-12-27T02:55:46.6796820Z                                      ^
2022-12-27T02:55:46.6798240Z   In file included from src/boringssl/err_data.c:18:
2022-12-27T02:55:46.6799620Z   In file included from /usr/local/opt/openssl@3/include/openssl/err.h:29:
2022-12-27T02:55:46.6801020Z   In file included from /usr/local/opt/openssl@3/include/openssl/bio.h:30:
2022-12-27T02:55:46.6802600Z   /usr/local/opt/openssl@3/include/openssl/crypto.h:308:3: error: typedef redefinition with different types ('struct crypto_threadid_st' vs 'int')
2022-12-27T02:55:46.6803810Z   } CRYPTO_THREADID;
2022-12-27T02:55:46.6805070Z     ^
2022-12-27T02:55:46.6806580Z   third_party/boringssl/include/openssl/base.h:176:13: note: previous definition is here
2022-12-27T02:55:46.6807920Z   typedef int CRYPTO_THREADID;
2022-12-27T02:55:46.6809310Z               ^
2022-12-27T02:55:46.6810730Z   In file included from src/boringssl/err_data.c:18:
2022-12-27T02:55:46.6812190Z   In file included from /usr/local/opt/openssl@3/include/openssl/err.h:29:
2022-12-27T02:55:46.6813800Z   /usr/local/opt/openssl@3/include/openssl/bio.h:296:30: warning: redefinition of typedef 'BIO_METHOD' is a C11 feature [-Wtypedef-redefinition]
2022-12-27T02:55:46.6814980Z   typedef struct bio_method_st BIO_METHOD;
2022-12-27T02:55:46.6816430Z                                ^
2022-12-27T02:55:46.6817930Z   third_party/boringssl/include/openssl/base.h:234:30: note: previous definition is here
2022-12-27T02:55:46.6819260Z   typedef struct bio_method_st BIO_METHOD;
2022-12-27T02:55:46.6820600Z                                ^
2022-12-27T02:55:46.6822240Z   src/boringssl/err_data.c:33:1: error: 'OPENSSL_COMPILE_ASSERT_library_values_changed_12' declared as an array with a negative size
2022-12-27T02:55:46.6823500Z   OPENSSL_COMPILE_ASSERT(ERR_LIB_ASN1 == 12, library_values_changed_12);
2022-12-27T02:55:46.6824780Z   ^~~~~~~~~~~~~~~~~~~~~~~~~~~~~~~~~~~~~~~~~~~~~~~~~~~~~~~~~~~~~~~~~~~~~
2022-12-27T02:55:46.6826400Z   third_party/boringssl/include/openssl/type_check.h:83:45: note: expanded from macro 'OPENSSL_COMPILE_ASSERT'
2022-12-27T02:55:46.6827710Z     typedef char OPENSSL_COMPILE_ASSERT_##msg[((cond) ? 1 : -1)]
2022-12-27T02:55:46.6828980Z                                               ^~~~~~~~~~~~~~~~~
2022-12-27T02:55:46.6830630Z   src/boringssl/err_data.c:34:1: error: 'OPENSSL_COMPILE_ASSERT_library_values_changed_13' declared as an array with a negative size
2022-12-27T02:55:46.6831890Z   OPENSSL_COMPILE_ASSERT(ERR_LIB_CONF == 13, library_values_changed_13);
2022-12-27T02:55:46.6833180Z   ^~~~~~~~~~~~~~~~~~~~~~~~~~~~~~~~~~~~~~~~~~~~~~~~~~~~~~~~~~~~~~~~~~~~~
2022-12-27T02:55:46.6834800Z   third_party/boringssl/include/openssl/type_check.h:83:45: note: expanded from macro 'OPENSSL_COMPILE_ASSERT'
2022-12-27T02:55:46.6836130Z     typedef char OPENSSL_COMPILE_ASSERT_##msg[((cond) ? 1 : -1)]
2022-12-27T02:55:46.6837400Z                                               ^~~~~~~~~~~~~~~~~
2022-12-27T02:55:46.6839110Z   src/boringssl/err_data.c:35:1: error: 'OPENSSL_COMPILE_ASSERT_library_values_changed_14' declared as an array with a negative size
2022-12-27T02:55:46.6840290Z   OPENSSL_COMPILE_ASSERT(ERR_LIB_CRYPTO == 14, library_values_changed_14);
2022-12-27T02:55:46.6841570Z   ^~~~~~~~~~~~~~~~~~~~~~~~~~~~~~~~~~~~~~~~~~~~~~~~~~~~~~~~~~~~~~~~~~~~~~~
2022-12-27T02:55:46.6843210Z   third_party/boringssl/include/openssl/type_check.h:83:45: note: expanded from macro 'OPENSSL_COMPILE_ASSERT'
2022-12-27T02:55:46.6844710Z     typedef char OPENSSL_COMPILE_ASSERT_##msg[((cond) ? 1 : -1)]
2022-12-27T02:55:46.6846020Z                                               ^~~~~~~~~~~~~~~~~
2022-12-27T02:55:46.6847610Z   src/boringssl/err_data.c:36:1: error: 'OPENSSL_COMPILE_ASSERT_library_values_changed_15' declared as an array with a negative size
2022-12-27T02:55:46.6848910Z   OPENSSL_COMPILE_ASSERT(ERR_LIB_EC == 15, library_values_changed_15);
2022-12-27T02:55:46.6850280Z   ^~~~~~~~~~~~~~~~~~~~~~~~~~~~~~~~~~~~~~~~~~~~~~~~~~~~~~~~~~~~~~~~~~~
2022-12-27T02:55:46.6851900Z   third_party/boringssl/include/openssl/type_check.h:83:45: note: expanded from macro 'OPENSSL_COMPILE_ASSERT'
2022-12-27T02:55:46.6853260Z     typedef char OPENSSL_COMPILE_ASSERT_##msg[((cond) ? 1 : -1)]
2022-12-27T02:55:46.6854520Z                                               ^~~~~~~~~~~~~~~~~
2022-12-27T02:55:46.6856190Z   src/boringssl/err_data.c:37:1: error: 'OPENSSL_COMPILE_ASSERT_library_values_changed_16' declared as an array with a negative size
2022-12-27T02:55:46.6857420Z   OPENSSL_COMPILE_ASSERT(ERR_LIB_SSL == 16, library_values_changed_16);
2022-12-27T02:55:46.6858700Z   ^~~~~~~~~~~~~~~~~~~~~~~~~~~~~~~~~~~~~~~~~~~~~~~~~~~~~~~~~~~~~~~~~~~~
2022-12-27T02:55:46.6860310Z   third_party/boringssl/include/openssl/type_check.h:83:45: note: expanded from macro 'OPENSSL_COMPILE_ASSERT'
2022-12-27T02:55:46.6861630Z     typedef char OPENSSL_COMPILE_ASSERT_##msg[((cond) ? 1 : -1)]
2022-12-27T02:55:46.6862890Z                                               ^~~~~~~~~~~~~~~~~
2022-12-27T02:55:46.6864530Z   src/boringssl/err_data.c:38:1: error: 'OPENSSL_COMPILE_ASSERT_library_values_changed_17' declared as an array with a negative size
2022-12-27T02:55:46.6865770Z   OPENSSL_COMPILE_ASSERT(ERR_LIB_BIO == 17, library_values_changed_17);
2022-12-27T02:55:46.6867060Z   ^~~~~~~~~~~~~~~~~~~~~~~~~~~~~~~~~~~~~~~~~~~~~~~~~~~~~~~~~~~~~~~~~~~~
2022-12-27T02:55:46.6868740Z   third_party/boringssl/include/openssl/type_check.h:83:45: note: expanded from macro 'OPENSSL_COMPILE_ASSERT'
2022-12-27T02:55:46.6870140Z     typedef char OPENSSL_COMPILE_ASSERT_##msg[((cond) ? 1 : -1)]
2022-12-27T02:55:46.6871410Z                                               ^~~~~~~~~~~~~~~~~
2022-12-27T02:55:46.6873020Z   src/boringssl/err_data.c:39:1: error: 'OPENSSL_COMPILE_ASSERT_library_values_changed_18' declared as an array with a negative size
2022-12-27T02:55:46.6874260Z   OPENSSL_COMPILE_ASSERT(ERR_LIB_PKCS7 == 18, library_values_changed_18);
2022-12-27T02:55:46.6875560Z   ^~~~~~~~~~~~~~~~~~~~~~~~~~~~~~~~~~~~~~~~~~~~~~~~~~~~~~~~~~~~~~~~~~~~~~
2022-12-27T02:55:46.6877160Z   third_party/boringssl/include/openssl/type_check.h:83:45: note: expanded from macro 'OPENSSL_COMPILE_ASSERT'
2022-12-27T02:55:46.6878490Z     typedef char OPENSSL_COMPILE_ASSERT_##msg[((cond) ? 1 : -1)]
2022-12-27T02:55:46.6879750Z                                               ^~~~~~~~~~~~~~~~~
2022-12-27T02:55:46.6881310Z   src/boringssl/err_data.c:40:24: error: use of undeclared identifier 'ERR_LIB_PKCS8'
2022-12-27T02:55:46.6882610Z   OPENSSL_COMPILE_ASSERT(ERR_LIB_PKCS8 == 19, library_values_changed_19);
2022-12-27T02:55:46.6883890Z                          ^
2022-12-27T02:55:46.6885540Z   src/boringssl/err_data.c:41:1: error: 'OPENSSL_COMPILE_ASSERT_library_values_changed_20' declared as an array with a negative size
2022-12-27T02:55:46.6886810Z   OPENSSL_COMPILE_ASSERT(ERR_LIB_X509V3 == 20, library_values_changed_20);
2022-12-27T02:55:46.6888130Z   ^~~~~~~~~~~~~~~~~~~~~~~~~~~~~~~~~~~~~~~~~~~~~~~~~~~~~~~~~~~~~~~~~~~~~~~
2022-12-27T02:55:46.6889820Z   third_party/boringssl/include/openssl/type_check.h:83:45: note: expanded from macro 'OPENSSL_COMPILE_ASSERT'
2022-12-27T02:55:46.6891240Z     typedef char OPENSSL_COMPILE_ASSERT_##msg[((cond) ? 1 : -1)]
2022-12-27T02:55:46.6892390Z                                               ^~~~~~~~~~~~~~~~~
2022-12-27T02:55:46.6893990Z   src/boringssl/err_data.c:42:1: error: 'OPENSSL_COMPILE_ASSERT_library_values_changed_21' declared as an array with a negative size
2022-12-27T02:55:46.6895250Z   OPENSSL_COMPILE_ASSERT(ERR_LIB_RAND == 21, library_values_changed_21);
2022-12-27T02:55:46.6896540Z   ^~~~~~~~~~~~~~~~~~~~~~~~~~~~~~~~~~~~~~~~~~~~~~~~~~~~~~~~~~~~~~~~~~~~~
2022-12-27T02:55:46.6898120Z   third_party/boringssl/include/openssl/type_check.h:83:45: note: expanded from macro 'OPENSSL_COMPILE_ASSERT'
2022-12-27T02:55:46.6899480Z     typedef char OPENSSL_COMPILE_ASSERT_##msg[((cond) ? 1 : -1)]
2022-12-27T02:55:46.6900690Z                                               ^~~~~~~~~~~~~~~~~
2022-12-27T02:55:46.6902330Z   src/boringssl/err_data.c:43:1: error: 'OPENSSL_COMPILE_ASSERT_library_values_changed_22' declared as an array with a negative size
2022-12-27T02:55:46.6903560Z   OPENSSL_COMPILE_ASSERT(ERR_LIB_ENGINE == 22, library_values_changed_22);
2022-12-27T02:55:46.6904940Z   ^~~~~~~~~~~~~~~~~~~~~~~~~~~~~~~~~~~~~~~~~~~~~~~~~~~~~~~~~~~~~~~~~~~~~~~
2022-12-27T02:55:46.6906530Z   third_party/boringssl/include/openssl/type_check.h:83:45: note: expanded from macro 'OPENSSL_COMPILE_ASSERT'
2022-12-27T02:55:46.6907870Z     typedef char OPENSSL_COMPILE_ASSERT_##msg[((cond) ? 1 : -1)]
2022-12-27T02:55:46.6909160Z                                               ^~~~~~~~~~~~~~~~~
2022-12-27T02:55:46.6910820Z   src/boringssl/err_data.c:44:1: error: 'OPENSSL_COMPILE_ASSERT_library_values_changed_23' declared as an array with a negative size
2022-12-27T02:55:46.6912060Z   OPENSSL_COMPILE_ASSERT(ERR_LIB_OCSP == 23, library_values_changed_23);
2022-12-27T02:55:46.6913340Z   ^~~~~~~~~~~~~~~~~~~~~~~~~~~~~~~~~~~~~~~~~~~~~~~~~~~~~~~~~~~~~~~~~~~~~
2022-12-27T02:55:46.6914960Z   third_party/boringssl/include/openssl/type_check.h:83:45: note: expanded from macro 'OPENSSL_COMPILE_ASSERT'
2022-12-27T02:55:46.6916410Z     typedef char OPENSSL_COMPILE_ASSERT_##msg[((cond) ? 1 : -1)]
2022-12-27T02:55:46.6917700Z                                               ^~~~~~~~~~~~~~~~~
2022-12-27T02:55:46.6919300Z   src/boringssl/err_data.c:45:1: error: 'OPENSSL_COMPILE_ASSERT_library_values_changed_24' declared as an array with a negative size
2022-12-27T02:55:46.6920590Z   OPENSSL_COMPILE_ASSERT(ERR_LIB_UI == 24, library_values_changed_24);
2022-12-27T02:55:46.6921890Z   ^~~~~~~~~~~~~~~~~~~~~~~~~~~~~~~~~~~~~~~~~~~~~~~~~~~~~~~~~~~~~~~~~~~
2022-12-27T02:55:46.6923510Z   third_party/boringssl/include/openssl/type_check.h:83:45: note: expanded from macro 'OPENSSL_COMPILE_ASSERT'
2022-12-27T02:55:46.6924800Z     typedef char OPENSSL_COMPILE_ASSERT_##msg[((cond) ? 1 : -1)]
2022-12-27T02:55:46.6926080Z                                               ^~~~~~~~~~~~~~~~~
2022-12-27T02:55:46.6927690Z   src/boringssl/err_data.c:46:1: error: 'OPENSSL_COMPILE_ASSERT_library_values_changed_25' declared as an array with a negative size
2022-12-27T02:55:46.6928950Z   OPENSSL_COMPILE_ASSERT(ERR_LIB_COMP == 25, library_values_changed_25);
2022-12-27T02:55:46.6930290Z   ^~~~~~~~~~~~~~~~~~~~~~~~~~~~~~~~~~~~~~~~~~~~~~~~~~~~~~~~~~~~~~~~~~~~~
2022-12-27T02:55:46.6931950Z   third_party/boringssl/include/openssl/type_check.h:83:45: note: expanded from macro 'OPENSSL_COMPILE_ASSERT'
2022-12-27T02:55:46.6933220Z     typedef char OPENSSL_COMPILE_ASSERT_##msg[((cond) ? 1 : -1)]
2022-12-27T02:55:46.6934480Z                                               ^~~~~~~~~~~~~~~~~
2022-12-27T02:55:46.6936070Z   src/boringssl/err_data.c:47:1: error: 'OPENSSL_COMPILE_ASSERT_library_values_changed_26' declared as an array with a negative size
2022-12-27T02:55:46.6937320Z   OPENSSL_COMPILE_ASSERT(ERR_LIB_ECDSA == 26, library_values_changed_26);
2022-12-27T02:55:46.6938610Z   ^~~~~~~~~~~~~~~~~~~~~~~~~~~~~~~~~~~~~~~~~~~~~~~~~~~~~~~~~~~~~~~~~~~~~~
2022-12-27T02:55:46.6940320Z   third_party/boringssl/include/openssl/type_check.h:83:45: note: expanded from macro 'OPENSSL_COMPILE_ASSERT'
2022-12-27T02:55:46.6941560Z     typedef char OPENSSL_COMPILE_ASSERT_##msg[((cond) ? 1 : -1)]
2022-12-27T02:55:46.6942800Z                                               ^~~~~~~~~~~~~~~~~
2022-12-27T02:55:46.6944250Z   fatal error: too many errors emitted, stopping now [-ferror-limit=]
2022-12-27T02:55:46.6945520Z   70 warnings and 20 errors generated.
2022-12-27T02:55:46.6946830Z   creating var
2022-12-27T02:55:46.6948220Z   creating var/folders
2022-12-27T02:55:46.6949640Z   creating var/folders/51
2022-12-27T02:55:46.6951080Z   creating var/folders/51/hd414ycd67n82196sw51xqtc0000gn
2022-12-27T02:55:46.6952450Z   creating var/folders/51/hd414ycd67n82196sw51xqtc0000gn/T
2022-12-27T02:55:46.6953870Z   creating var/folders/51/hd414ycd67n82196sw51xqtc0000gn/T/tmpdngt83fd
2022-12-27T02:55:46.6956510Z   gcc -Wno-unused-result -Wsign-compare -Wunreachable-code -fno-common -dynamic -DNDEBUG -g -fwrapv -O3 -Wall -g -I/usr/local/opt/openssl@3/include -I/usr/local/opt/openssl@3/include -arch arm64 -I/private/var/folders/51/hd414ycd67n82196sw51xqtc0000gn/T/cibw-run-tpqkig0g/cp39-macosx_arm64/build/venv/include -I/Library/Frameworks/Python.framework/Versions/3.9/include/python3.9 -c /var/folders/51/hd414ycd67n82196sw51xqtc0000gn/T/tmpdngt83fd/a.c -o var/folders/51/hd414ycd67n82196sw51xqtc0000gn/T/tmpdngt83fd/a.o
2022-12-27T02:55:46.6977810Z   Traceback (most recent call last):
2022-12-27T02:55:46.6986760Z     File "/private/var/folders/51/hd414ycd67n82196sw51xqtc0000gn/T/cibw-run-tpqkig0g/cp39-macosx_arm64/build/venv/lib/python3.9/site-packages/setuptools/_distutils/unixccompiler.py", line 186, in _compile
2022-12-27T02:55:46.6987290Z       self.spawn(compiler_so + cc_args + [src, '-o', obj] + extra_postargs)
2022-12-27T02:55:46.6987770Z     File "/Users/runner/actions-runner/_work/python.build/python.build/build_grpcio11039/grpcio-1.1.0/src/python/grpcio/_spawn_patch.py", line 69, in _commandfile_spawn
2022-12-27T02:55:46.6988220Z       _classic_spawn(self, command)
2022-12-27T02:55:46.6988730Z     File "/private/var/folders/51/hd414ycd67n82196sw51xqtc0000gn/T/cibw-run-tpqkig0g/cp39-macosx_arm64/build/venv/lib/python3.9/site-packages/setuptools/_distutils/ccompiler.py", line 1007, in spawn
2022-12-27T02:55:46.6989090Z       spawn(cmd, dry_run=self.dry_run, **kwargs)
2022-12-27T02:55:46.6991060Z     File "/private/var/folders/51/hd414ycd67n82196sw51xqtc0000gn/T/cibw-run-tpqkig0g/cp39-macosx_arm64/build/venv/lib/python3.9/site-packages/setuptools/_distutils/spawn.py", line 70, in spawn
2022-12-27T02:55:46.6991960Z       raise DistutilsExecError(
2022-12-27T02:55:46.6993640Z   distutils.errors.DistutilsExecError: command '/usr/bin/gcc' failed with exit code 1
2022-12-27T02:55:46.6994710Z 
2022-12-27T02:55:46.6996350Z   During handling of the above exception, another exception occurred:
2022-12-27T02:55:46.6997490Z 
2022-12-27T02:55:46.6998930Z   Traceback (most recent call last):
2022-12-27T02:55:46.7000730Z     File "/Users/runner/actions-runner/_work/python.build/python.build/build_grpcio11039/grpcio-1.1.0/src/python/grpcio/commands.py", line 283, in build_extensions
2022-12-27T02:55:46.7001710Z       build_ext.build_ext.build_extensions(self)
2022-12-27T02:55:46.7003690Z     File "/private/var/folders/51/hd414ycd67n82196sw51xqtc0000gn/T/cibw-run-tpqkig0g/cp39-macosx_arm64/build/venv/lib/python3.9/site-packages/Cython/Distutils/old_build_ext.py", line 195, in build_extensions
2022-12-27T02:55:46.7004740Z       _build_ext.build_ext.build_extensions(self)
2022-12-27T02:55:46.7006650Z     File "/private/var/folders/51/hd414ycd67n82196sw51xqtc0000gn/T/cibw-run-tpqkig0g/cp39-macosx_arm64/build/venv/lib/python3.9/site-packages/setuptools/_distutils/command/build_ext.py", line 468, in build_extensions
2022-12-27T02:55:46.7007580Z       self._build_extensions_serial()
2022-12-27T02:55:46.7009670Z     File "/private/var/folders/51/hd414ycd67n82196sw51xqtc0000gn/T/cibw-run-tpqkig0g/cp39-macosx_arm64/build/venv/lib/python3.9/site-packages/setuptools/_distutils/command/build_ext.py", line 494, in _build_extensions_serial
2022-12-27T02:55:46.7010460Z       self.build_extension(ext)
2022-12-27T02:55:46.7012330Z     File "/private/var/folders/51/hd414ycd67n82196sw51xqtc0000gn/T/cibw-run-tpqkig0g/cp39-macosx_arm64/build/venv/lib/python3.9/site-packages/setuptools/command/build_ext.py", line 246, in build_extension
2022-12-27T02:55:46.7013310Z       _build_ext.build_extension(self, ext)
2022-12-27T02:55:46.7015240Z     File "/private/var/folders/51/hd414ycd67n82196sw51xqtc0000gn/T/cibw-run-tpqkig0g/cp39-macosx_arm64/build/venv/lib/python3.9/site-packages/setuptools/_distutils/command/build_ext.py", line 549, in build_extension
2022-12-27T02:55:46.7016370Z       objects = self.compiler.compile(
2022-12-27T02:55:46.7018040Z     File "/private/var/folders/51/hd414ycd67n82196sw51xqtc0000gn/T/cibw-run-tpqkig0g/cp39-macosx_arm64/build/venv/lib/python3.9/site-packages/setuptools/_distutils/ccompiler.py", line 599, in compile
2022-12-27T02:55:46.7019180Z       self._compile(obj, src, ext, cc_args, extra_postargs, pp_opts)
2022-12-27T02:55:46.7020960Z     File "/private/var/folders/51/hd414ycd67n82196sw51xqtc0000gn/T/cibw-run-tpqkig0g/cp39-macosx_arm64/build/venv/lib/python3.9/site-packages/setuptools/_distutils/unixccompiler.py", line 188, in _compile
2022-12-27T02:55:46.7021910Z       raise CompileError(msg)
2022-12-27T02:55:46.7023500Z   distutils.errors.CompileError: command '/usr/bin/gcc' failed with exit code 1
2022-12-27T02:55:46.7024610Z 
2022-12-27T02:55:46.7026120Z   During handling of the above exception, another exception occurred:
2022-12-27T02:55:46.7027320Z 
2022-12-27T02:55:46.7028870Z   Traceback (most recent call last):
2022-12-27T02:55:46.7030380Z     File "<string>", line 2, in <module>
2022-12-27T02:55:46.7031830Z     File "<pip-setuptools-caller>", line 34, in <module>
2022-12-27T02:55:46.7033420Z     File "/Users/runner/actions-runner/_work/python.build/python.build/build_grpcio11039/grpcio-1.1.0/setup.py", line 265, in <module>
2022-12-27T02:55:46.7034450Z       setuptools.setup(
2022-12-27T02:55:46.7036320Z     File "/private/var/folders/51/hd414ycd67n82196sw51xqtc0000gn/T/cibw-run-tpqkig0g/cp39-macosx_arm64/build/venv/lib/python3.9/site-packages/setuptools/__init__.py", line 87, in setup
2022-12-27T02:55:46.7037270Z       return distutils.core.setup(**attrs)
2022-12-27T02:55:46.7039090Z     File "/private/var/folders/51/hd414ycd67n82196sw51xqtc0000gn/T/cibw-run-tpqkig0g/cp39-macosx_arm64/build/venv/lib/python3.9/site-packages/setuptools/_distutils/core.py", line 185, in setup
2022-12-27T02:55:46.7040050Z       return run_commands(dist)
2022-12-27T02:55:46.7041930Z     File "/private/var/folders/51/hd414ycd67n82196sw51xqtc0000gn/T/cibw-run-tpqkig0g/cp39-macosx_arm64/build/venv/lib/python3.9/site-packages/setuptools/_distutils/core.py", line 201, in run_commands
2022-12-27T02:55:46.7042890Z       dist.run_commands()
2022-12-27T02:55:46.7044710Z     File "/private/var/folders/51/hd414ycd67n82196sw51xqtc0000gn/T/cibw-run-tpqkig0g/cp39-macosx_arm64/build/venv/lib/python3.9/site-packages/setuptools/_distutils/dist.py", line 969, in run_commands
2022-12-27T02:55:46.7045690Z       self.run_command(cmd)
2022-12-27T02:55:46.7047460Z     File "/private/var/folders/51/hd414ycd67n82196sw51xqtc0000gn/T/cibw-run-tpqkig0g/cp39-macosx_arm64/build/venv/lib/python3.9/site-packages/setuptools/dist.py", line 1208, in run_command
2022-12-27T02:55:46.7048680Z       super().run_command(command)
2022-12-27T02:55:46.7050610Z     File "/private/var/folders/51/hd414ycd67n82196sw51xqtc0000gn/T/cibw-run-tpqkig0g/cp39-macosx_arm64/build/venv/lib/python3.9/site-packages/setuptools/_distutils/dist.py", line 988, in run_command
2022-12-27T02:55:46.7051410Z       cmd_obj.run()
2022-12-27T02:55:46.7053170Z     File "/private/var/folders/51/hd414ycd67n82196sw51xqtc0000gn/T/cibw-run-tpqkig0g/cp39-macosx_arm64/build/venv/lib/python3.9/site-packages/wheel/bdist_wheel.py", line 325, in run
2022-12-27T02:55:46.7054180Z       self.run_command("build")
2022-12-27T02:55:46.7056170Z     File "/private/var/folders/51/hd414ycd67n82196sw51xqtc0000gn/T/cibw-run-tpqkig0g/cp39-macosx_arm64/build/venv/lib/python3.9/site-packages/setuptools/_distutils/cmd.py", line 318, in run_command
2022-12-27T02:55:46.7057010Z       self.distribution.run_command(command)
2022-12-27T02:55:46.7058800Z     File "/private/var/folders/51/hd414ycd67n82196sw51xqtc0000gn/T/cibw-run-tpqkig0g/cp39-macosx_arm64/build/venv/lib/python3.9/site-packages/setuptools/dist.py", line 1208, in run_command
2022-12-27T02:55:46.7059810Z       super().run_command(command)
2022-12-27T02:55:46.7061650Z     File "/private/var/folders/51/hd414ycd67n82196sw51xqtc0000gn/T/cibw-run-tpqkig0g/cp39-macosx_arm64/build/venv/lib/python3.9/site-packages/setuptools/_distutils/dist.py", line 988, in run_command
2022-12-27T02:55:46.7062600Z       cmd_obj.run()
2022-12-27T02:55:46.7064620Z     File "/private/var/folders/51/hd414ycd67n82196sw51xqtc0000gn/T/cibw-run-tpqkig0g/cp39-macosx_arm64/build/venv/lib/python3.9/site-packages/setuptools/_distutils/command/build.py", line 132, in run
2022-12-27T02:55:46.7065470Z       self.run_command(cmd_name)
2022-12-27T02:55:46.7067280Z     File "/private/var/folders/51/hd414ycd67n82196sw51xqtc0000gn/T/cibw-run-tpqkig0g/cp39-macosx_arm64/build/venv/lib/python3.9/site-packages/setuptools/_distutils/cmd.py", line 318, in run_command
2022-12-27T02:55:46.7068330Z       self.distribution.run_command(command)
2022-12-27T02:55:46.7070500Z     File "/private/var/folders/51/hd414ycd67n82196sw51xqtc0000gn/T/cibw-run-tpqkig0g/cp39-macosx_arm64/build/venv/lib/python3.9/site-packages/setuptools/dist.py", line 1208, in run_command
2022-12-27T02:55:46.7071160Z       super().run_command(command)
2022-12-27T02:55:46.7072950Z     File "/private/var/folders/51/hd414ycd67n82196sw51xqtc0000gn/T/cibw-run-tpqkig0g/cp39-macosx_arm64/build/venv/lib/python3.9/site-packages/setuptools/_distutils/dist.py", line 988, in run_command
2022-12-27T02:55:46.7073930Z       cmd_obj.run()
2022-12-27T02:55:46.7075940Z     File "/private/var/folders/51/hd414ycd67n82196sw51xqtc0000gn/T/cibw-run-tpqkig0g/cp39-macosx_arm64/build/venv/lib/python3.9/site-packages/setuptools/command/build_ext.py", line 84, in run
2022-12-27T02:55:46.7076870Z       _build_ext.run(self)
2022-12-27T02:55:46.7078700Z     File "/private/var/folders/51/hd414ycd67n82196sw51xqtc0000gn/T/cibw-run-tpqkig0g/cp39-macosx_arm64/build/venv/lib/python3.9/site-packages/Cython/Distutils/old_build_ext.py", line 186, in run
2022-12-27T02:55:46.7079680Z       _build_ext.build_ext.run(self)
2022-12-27T02:55:46.7081550Z     File "/private/var/folders/51/hd414ycd67n82196sw51xqtc0000gn/T/cibw-run-tpqkig0g/cp39-macosx_arm64/build/venv/lib/python3.9/site-packages/setuptools/_distutils/command/build_ext.py", line 346, in run
2022-12-27T02:55:46.7082510Z       self.build_extensions()
2022-12-27T02:55:46.7084280Z     File "/Users/runner/actions-runner/_work/python.build/python.build/build_grpcio11039/grpcio-1.1.0/src/python/grpcio/commands.py", line 287, in build_extensions
2022-12-27T02:55:46.7085580Z       raise CommandError(
2022-12-27T02:55:46.7086990Z   commands.CommandError: Failed `build_ext` step:
2022-12-27T02:55:46.7088310Z   Traceback (most recent call last):
2022-12-27T02:55:46.7090240Z     File "/private/var/folders/51/hd414ycd67n82196sw51xqtc0000gn/T/cibw-run-tpqkig0g/cp39-macosx_arm64/build/venv/lib/python3.9/site-packages/setuptools/_distutils/unixccompiler.py", line 186, in _compile
2022-12-27T02:55:46.7091370Z       self.spawn(compiler_so + cc_args + [src, '-o', obj] + extra_postargs)
2022-12-27T02:55:46.7093020Z     File "/Users/runner/actions-runner/_work/python.build/python.build/build_grpcio11039/grpcio-1.1.0/src/python/grpcio/_spawn_patch.py", line 69, in _commandfile_spawn
2022-12-27T02:55:46.7094140Z       _classic_spawn(self, command)
2022-12-27T02:55:46.7095860Z     File "/private/var/folders/51/hd414ycd67n82196sw51xqtc0000gn/T/cibw-run-tpqkig0g/cp39-macosx_arm64/build/venv/lib/python3.9/site-packages/setuptools/_distutils/ccompiler.py", line 1007, in spawn
2022-12-27T02:55:46.7097000Z       spawn(cmd, dry_run=self.dry_run, **kwargs)
2022-12-27T02:55:46.7098860Z     File "/private/var/folders/51/hd414ycd67n82196sw51xqtc0000gn/T/cibw-run-tpqkig0g/cp39-macosx_arm64/build/venv/lib/python3.9/site-packages/setuptools/_distutils/spawn.py", line 70, in spawn
2022-12-27T02:55:46.7099740Z       raise DistutilsExecError(
2022-12-27T02:55:46.7101320Z   distutils.errors.DistutilsExecError: command '/usr/bin/gcc' failed with exit code 1
2022-12-27T02:55:46.7102450Z 
2022-12-27T02:55:46.7103960Z   During handling of the above exception, another exception occurred:
2022-12-27T02:55:46.7105150Z 
2022-12-27T02:55:46.7106620Z   Traceback (most recent call last):
2022-12-27T02:55:46.7108290Z     File "/Users/runner/actions-runner/_work/python.build/python.build/build_grpcio11039/grpcio-1.1.0/src/python/grpcio/commands.py", line 283, in build_extensions
2022-12-27T02:55:46.7109500Z       build_ext.build_ext.build_extensions(self)
2022-12-27T02:55:46.7111300Z     File "/private/var/folders/51/hd414ycd67n82196sw51xqtc0000gn/T/cibw-run-tpqkig0g/cp39-macosx_arm64/build/venv/lib/python3.9/site-packages/Cython/Distutils/old_build_ext.py", line 195, in build_extensions
2022-12-27T02:55:46.7112340Z       _build_ext.build_ext.build_extensions(self)
2022-12-27T02:55:46.7114190Z     File "/private/var/folders/51/hd414ycd67n82196sw51xqtc0000gn/T/cibw-run-tpqkig0g/cp39-macosx_arm64/build/venv/lib/python3.9/site-packages/setuptools/_distutils/command/build_ext.py", line 468, in build_extensions
2022-12-27T02:55:46.7115160Z       self._build_extensions_serial()
2022-12-27T02:55:46.7117010Z     File "/private/var/folders/51/hd414ycd67n82196sw51xqtc0000gn/T/cibw-run-tpqkig0g/cp39-macosx_arm64/build/venv/lib/python3.9/site-packages/setuptools/_distutils/command/build_ext.py", line 494, in _build_extensions_serial
2022-12-27T02:55:46.7117970Z       self.build_extension(ext)
2022-12-27T02:55:46.7119810Z     File "/private/var/folders/51/hd414ycd67n82196sw51xqtc0000gn/T/cibw-run-tpqkig0g/cp39-macosx_arm64/build/venv/lib/python3.9/site-packages/setuptools/command/build_ext.py", line 246, in build_extension
2022-12-27T02:55:46.7120820Z       _build_ext.build_extension(self, ext)
2022-12-27T02:55:46.7122720Z     File "/private/var/folders/51/hd414ycd67n82196sw51xqtc0000gn/T/cibw-run-tpqkig0g/cp39-macosx_arm64/build/venv/lib/python3.9/site-packages/setuptools/_distutils/command/build_ext.py", line 549, in build_extension
2022-12-27T02:55:46.7123680Z       objects = self.compiler.compile(
2022-12-27T02:55:46.7125490Z     File "/private/var/folders/51/hd414ycd67n82196sw51xqtc0000gn/T/cibw-run-tpqkig0g/cp39-macosx_arm64/build/venv/lib/python3.9/site-packages/setuptools/_distutils/ccompiler.py", line 599, in compile
2022-12-27T02:55:46.7126520Z       self._compile(obj, src, ext, cc_args, extra_postargs, pp_opts)
2022-12-27T02:55:46.7128320Z     File "/private/var/folders/51/hd414ycd67n82196sw51xqtc0000gn/T/cibw-run-tpqkig0g/cp39-macosx_arm64/build/venv/lib/python3.9/site-packages/setuptools/_distutils/unixccompiler.py", line 188, in _compile
2022-12-27T02:55:46.7129330Z       raise CompileError(msg)
2022-12-27T02:55:46.7130950Z   distutils.errors.CompileError: command '/usr/bin/gcc' failed with exit code 1
2022-12-27T02:55:46.7132180Z 
2022-12-27T02:55:46.7476420Z   error: subprocess-exited-with-error
2022-12-27T02:55:46.7476690Z   
2022-12-27T02:55:46.7477130Z   Ã— python setup.py bdist_wheel did not run successfully.
2022-12-27T02:55:46.7477500Z   â”‚ exit code: 1
2022-12-27T02:55:46.7477830Z   â•°â”€> See above for output.
2022-12-27T02:55:46.7478060Z   
2022-12-27T02:55:46.7478340Z   note: This error originates from a subprocess, and is likely not a problem with pip.
2022-12-27T02:55:46.7486200Z   full command: /private/var/folders/51/hd414ycd67n82196sw51xqtc0000gn/T/cibw-run-tpqkig0g/cp39-macosx_arm64/build/venv/bin/python -u -c '
2022-12-27T02:55:46.7486800Z   exec(compile('"'"''"'"''"'"'
2022-12-27T02:55:46.7487270Z   # This is <pip-setuptools-caller> -- a caller that pip uses to run setup.py
2022-12-27T02:55:46.7487560Z   #
2022-12-27T02:55:46.7488230Z   # - It imports setuptools before invoking setup.py, to enable projects that directly
2022-12-27T02:55:46.7488580Z   #   import from `distutils.core` to work with newer packaging standards.
2022-12-27T02:55:46.7488960Z   # - It provides a clear error message when setuptools is not installed.
2022-12-27T02:55:46.7489350Z   # - It sets `sys.argv[0]` to the underlying `setup.py`, when invoking `setup.py` so
2022-12-27T02:55:46.7489700Z   #   setuptools doesn'"'"'t think the script is `-c`. This avoids the following warning:
2022-12-27T02:55:46.7490010Z   #     manifest_maker: standard file '"'"'-c'"'"' not found".
2022-12-27T02:55:46.7490360Z   # - It generates a shim setup.py, for handling setup.cfg-only projects.
2022-12-27T02:55:46.7490580Z   import os, sys, tokenize
2022-12-27T02:55:46.7490720Z   
2022-12-27T02:55:46.7490850Z   try:
2022-12-27T02:55:46.7491000Z       import setuptools
2022-12-27T02:55:46.7491180Z   except ImportError as error:
2022-12-27T02:55:46.7491340Z       print(
2022-12-27T02:55:46.7491600Z           "ERROR: Can not execute `setup.py` since setuptools is not available in "
2022-12-27T02:55:46.7491820Z           "the build environment.",
2022-12-27T02:55:46.7491980Z           file=sys.stderr,
2022-12-27T02:55:46.7492130Z       )
2022-12-27T02:55:46.7492260Z       sys.exit(1)
2022-12-27T02:55:46.7492390Z   
2022-12-27T02:55:46.7492510Z   __file__ = %r
2022-12-27T02:55:46.7492660Z   sys.argv[0] = __file__
2022-12-27T02:55:46.7492800Z   
2022-12-27T02:55:46.7492950Z   if os.path.exists(__file__):
2022-12-27T02:55:46.7493130Z       filename = __file__
2022-12-27T02:55:46.7493370Z       with tokenize.open(__file__) as f:
2022-12-27T02:55:46.7493610Z           setup_py_code = f.read()
2022-12-27T02:55:46.7493800Z   else:
2022-12-27T02:55:46.7494090Z       filename = "<auto-generated setuptools caller>"
2022-12-27T02:55:46.7494340Z       setup_py_code = "from setuptools import setup; setup()"
2022-12-27T02:55:46.7494700Z   
2022-12-27T02:55:46.7494940Z   exec(compile(setup_py_code, filename, "exec"))
2022-12-27T02:55:46.7495590Z   '"'"''"'"''"'"' % ('"'"'/Users/runner/actions-runner/_work/python.build/python.build/build_grpcio11039/grpcio-1.1.0/setup.py'"'"',), "<pip-setuptools-caller>", "exec"))' bdist_wheel -d /private/var/folders/51/hd414ycd67n82196sw51xqtc0000gn/T/pip-wheel-kkub_mqs
2022-12-27T02:55:46.7496320Z   cwd: /Users/runner/actions-runner/_work/python.build/python.build/build_grpcio11039/grpcio-1.1.0/
2022-12-27T02:55:46.7496720Z   Building wheel for grpcio (setup.py): finished with status 'error'
2022-12-27T02:55:46.7496980Z   ERROR: Failed building wheel for grpcio
2022-12-27T02:55:46.7497190Z   Running setup.py clean for grpcio
2022-12-27T02:55:46.7498170Z   Running command python setup.py clean
2022-12-27T02:55:47.1573030Z   running clean
2022-12-27T02:55:47.1591010Z   removing 'python_build/temp.macosx-11.0-arm64-cpython-39' (and everything under it)
2022-12-27T02:55:47.1681030Z   removing 'python_build/lib.macosx-11.0-arm64-cpython-39' (and everything under it)
2022-12-27T02:55:47.1721670Z   'python_build/bdist.macosx-11.0-arm64' does not exist -- can't clean it
2022-12-27T02:55:47.1722620Z   'python_build/scripts-3.9' does not exist -- can't clean it
2022-12-27T02:55:47.1724050Z   removing 'python_build'
2022-12-27T02:55:47.2006280Z Failed to build grpcio
2022-12-27T02:55:47.2010710Z ERROR: Failed to build one or more wheels
2022-12-27T02:55:47.2019780Z Exception information:
2022-12-27T02:55:47.2020110Z Traceback (most recent call last):
2022-12-27T02:55:47.2021100Z   File "/private/var/folders/51/hd414ycd67n82196sw51xqtc0000gn/T/cibw-run-tpqkig0g/cp39-macosx_arm64/build/venv/lib/python3.9/site-packages/pip/_internal/cli/base_command.py", line 160, in exc_logging_wrapper
2022-12-27T02:55:47.2021620Z     status = run_func(*args)
2022-12-27T02:55:47.2022290Z   File "/private/var/folders/51/hd414ycd67n82196sw51xqtc0000gn/T/cibw-run-tpqkig0g/cp39-macosx_arm64/build/venv/lib/python3.9/site-packages/pip/_internal/cli/req_command.py", line 247, in wrapper
2022-12-27T02:55:47.2022680Z     return func(self, options, args)
2022-12-27T02:55:47.2023470Z   File "/private/var/folders/51/hd414ycd67n82196sw51xqtc0000gn/T/cibw-run-tpqkig0g/cp39-macosx_arm64/build/venv/lib/python3.9/site-packages/pip/_internal/commands/wheel.py", line 201, in run
2022-12-27T02:55:47.2023980Z     raise CommandError("Failed to build one or more wheels")
2022-12-27T02:55:47.2024270Z pip._internal.exceptions.CommandError: Failed to build one or more wheels
2022-12-27T02:55:47.2024800Z Removed build tracker: '/private/var/folders/51/hd414ycd67n82196sw51xqtc0000gn/T/pip-build-tracker-gezv4b5a'
2022-12-27T02:55:47.2445700Z ##[endgroup]
2022-12-27T02:55:47.2470510Z ##[error]Command ['python', '-m', 'pip', 'wheel', '/Users/runner/actions-runner/_work/python.build/python.build/build_grpcio11039/grpcio-1.1.0', '--wheel-dir=/private/var/folders/51/hd414ycd67n82196sw51xqtc0000gn/T/cibw-run-tpqkig0g/cp39-macosx_arm64/built_wheel', '--no-deps', '-vvv'] failed with code 1. None
2022-12-27T02:55:47.2476760Z 
2022-12-27T02:55:47.2477090Z                                                               [31mâœ• [0m3.10s
2022-12-27T02:55:47.3053170Z ##[error]Process completed with exit code 1.
2022-12-27T02:55:47.3084120Z ##[group]Run rm -rf build_grpcio11039 wheelsout
2022-12-27T02:55:47.3084300Z [36;1mrm -rf build_grpcio11039 wheelsout[0m
2022-12-27T02:55:47.3099240Z shell: /bin/bash -e {0}
2022-12-27T02:55:47.3099350Z env:
2022-12-27T02:55:47.3099490Z   pythonLocation: /Users/runner/hostedtoolcache/Python/3.9.16/x64
2022-12-27T02:55:47.3099700Z   PKG_CONFIG_PATH: /Users/runner/hostedtoolcache/Python/3.9.16/x64/lib/pkgconfig
2022-12-27T02:55:47.3099880Z   Python_ROOT_DIR: /Users/runner/hostedtoolcache/Python/3.9.16/x64
2022-12-27T02:55:47.3100050Z   Python2_ROOT_DIR: /Users/runner/hostedtoolcache/Python/3.9.16/x64
2022-12-27T02:55:47.3100210Z   Python3_ROOT_DIR: /Users/runner/hostedtoolcache/Python/3.9.16/x64
2022-12-27T02:55:47.3100510Z ##[endgroup]
2022-12-27T02:55:47.5101310Z Cleaning up orphan processes
