2022-12-27T01:55:06.4199677Z Requested labels: self-hosted, macOS, X64
2022-12-27T01:55:06.4199737Z Job defined at: kilnbuild/python.build/.github/workflows/mac_arm_build.yml@refs/heads/main
2022-12-27T01:55:06.4199779Z Waiting for a runner to pick up this job...
2022-12-27T02:25:56.6211300Z Job is about to start running on the runner: s1 (organization)
2022-12-27T02:26:01.5421670Z Current runner version: '2.300.2'
2022-12-27T02:26:01.5426610Z Runner name: 's1'
2022-12-27T02:26:01.5426890Z Runner group name: 'Default'
2022-12-27T02:26:01.5427310Z Machine name: 's1'
2022-12-27T02:26:01.5428800Z ##[group]GITHUB_TOKEN Permissions
2022-12-27T02:26:01.5429220Z Actions: write
2022-12-27T02:26:01.5429350Z Checks: write
2022-12-27T02:26:01.5429480Z Contents: write
2022-12-27T02:26:01.5429620Z Deployments: write
2022-12-27T02:26:01.5429750Z Discussions: write
2022-12-27T02:26:01.5429870Z Issues: write
2022-12-27T02:26:01.5430000Z Metadata: read
2022-12-27T02:26:01.5430120Z Packages: write
2022-12-27T02:26:01.5430270Z Pages: write
2022-12-27T02:26:01.5430400Z PullRequests: write
2022-12-27T02:26:01.5430560Z RepositoryProjects: write
2022-12-27T02:26:01.5430720Z SecurityEvents: write
2022-12-27T02:26:01.5430860Z Statuses: write
2022-12-27T02:26:01.5430980Z ##[endgroup]
2022-12-27T02:26:01.5433660Z Secret source: Actions
2022-12-27T02:26:01.5433980Z Prepare workflow directory
2022-12-27T02:26:01.6093140Z Prepare all required actions
2022-12-27T02:26:01.6212860Z Getting action download info
2022-12-27T02:26:02.0929710Z Download action repository 'actions/setup-python@v4' (SHA:5ccb29d8773c3f3f653e1705f474dfaa8a06a912)
2022-12-27T02:26:03.8832910Z Download action repository 'actions/upload-artifact@v3' (SHA:83fd05a356d7e2593de66fc9913b3002723633cb)
2022-12-27T02:26:05.1875280Z ##[group]Run echo '{
2022-12-27T02:26:05.1875610Z [36;1mecho '{[0m
2022-12-27T02:26:05.1875890Z [36;1m  "environment_variables": "GRPC_PYTHON_BUILD_WITH_CYTHON=1 GRPC_BUILD_WITH_BORING_SSL_ASM='' GRPC_PYTHON_BUILD_SYSTEM_OPENSSL=TRUE",[0m
2022-12-27T02:26:05.1876120Z [36;1m  "package_name": "grpcio",[0m
2022-12-27T02:26:05.1876390Z [36;1m  "package_url": "https://files.pythonhosted.org/packages/2f/3d/b3b7d31f5539d7bbf82310e666d3a1db4d2048f7e586e231faa58290e13e/grpcio-1.3.0.tar.gz",[0m
2022-12-27T02:26:05.1876650Z [36;1m  "package_version": "1.3.0",[0m
2022-12-27T02:26:05.1876770Z [36;1m  "python_version": "3.8",[0m
2022-12-27T02:26:05.1876900Z [36;1m  "use_ccache": "true"[0m
2022-12-27T02:26:05.1877000Z [36;1m}'[0m
2022-12-27T02:26:05.1892870Z shell: /bin/bash -e {0}
2022-12-27T02:26:05.1893010Z ##[endgroup]
2022-12-27T02:26:05.2105390Z {
2022-12-27T02:26:05.2107020Z   "environment_variables": "GRPC_PYTHON_BUILD_WITH_CYTHON=1 GRPC_BUILD_WITH_BORING_SSL_ASM= GRPC_PYTHON_BUILD_SYSTEM_OPENSSL=TRUE",
2022-12-27T02:26:05.2107320Z   "package_name": "grpcio",
2022-12-27T02:26:05.2107910Z   "package_url": "https://files.pythonhosted.org/packages/2f/3d/b3b7d31f5539d7bbf82310e666d3a1db4d2048f7e586e231faa58290e13e/grpcio-1.3.0.tar.gz",
2022-12-27T02:26:05.2108250Z   "package_version": "1.3.0",
2022-12-27T02:26:05.2108430Z   "python_version": "3.8",
2022-12-27T02:26:05.2108580Z   "use_ccache": "true"
2022-12-27T02:26:05.2108740Z }
2022-12-27T02:26:05.2328480Z ##[group]Run actions/setup-python@v4
2022-12-27T02:26:05.2328760Z with:
2022-12-27T02:26:05.2328910Z   python-version: 3.8
2022-12-27T02:26:05.2329100Z   check-latest: false
2022-12-27T02:26:05.2329490Z   token: ***
2022-12-27T02:26:05.2329640Z   update-environment: true
2022-12-27T02:26:05.2329830Z ##[endgroup]
2022-12-27T02:26:05.3583620Z ##[group]Installed versions
2022-12-27T02:26:05.3623830Z Successfully set up CPython (3.8.15)
2022-12-27T02:26:05.3624600Z ##[endgroup]
2022-12-27T02:26:05.3775030Z ##[group]Run if [ "true" == "true" ]
2022-12-27T02:26:05.3775270Z [36;1mif [ "true" == "true" ][0m
2022-12-27T02:26:05.3775460Z [36;1mthen[0m
2022-12-27T02:26:05.3775680Z [36;1m  echo "CCACHE_PATH_PREPEND=/usr/local/opt/ccache/libexec" >> $GITHUB_OUTPUT[0m
2022-12-27T02:26:05.3775940Z [36;1melse[0m
2022-12-27T02:26:05.3776110Z [36;1m  echo "CCACHE_PATH_PREPEND=" >> $GITHUB_OUTPUT[0m
2022-12-27T02:26:05.3776300Z [36;1mfi[0m
2022-12-27T02:26:05.3795510Z shell: /bin/bash -e {0}
2022-12-27T02:26:05.3795700Z env:
2022-12-27T02:26:05.3795920Z   pythonLocation: /Users/runner/hostedtoolcache/Python/3.8.15/x64
2022-12-27T02:26:05.3796190Z   PKG_CONFIG_PATH: /Users/runner/hostedtoolcache/Python/3.8.15/x64/lib/pkgconfig
2022-12-27T02:26:05.3796750Z   Python_ROOT_DIR: /Users/runner/hostedtoolcache/Python/3.8.15/x64
2022-12-27T02:26:05.3797030Z   Python2_ROOT_DIR: /Users/runner/hostedtoolcache/Python/3.8.15/x64
2022-12-27T02:26:05.3797330Z   Python3_ROOT_DIR: /Users/runner/hostedtoolcache/Python/3.8.15/x64
2022-12-27T02:26:05.3797500Z ##[endgroup]
2022-12-27T02:26:05.3903570Z ##[group]Run echo "BUILD_NAME=$(echo grpcio_1.3.0_3.8 | tr -dc '[:alnum:]\n\r' | tr '[:upper:]' '[:lower:]')" >> $GITHUB_OUTPUT
2022-12-27T02:26:05.3904040Z [36;1mecho "BUILD_NAME=$(echo grpcio_1.3.0_3.8 | tr -dc '[:alnum:]\n\r' | tr '[:upper:]' '[:lower:]')" >> $GITHUB_OUTPUT[0m
2022-12-27T02:26:05.3918130Z shell: /bin/bash -e {0}
2022-12-27T02:26:05.3918290Z env:
2022-12-27T02:26:05.3918510Z   pythonLocation: /Users/runner/hostedtoolcache/Python/3.8.15/x64
2022-12-27T02:26:05.3918780Z   PKG_CONFIG_PATH: /Users/runner/hostedtoolcache/Python/3.8.15/x64/lib/pkgconfig
2022-12-27T02:26:05.3919120Z   Python_ROOT_DIR: /Users/runner/hostedtoolcache/Python/3.8.15/x64
2022-12-27T02:26:05.3919370Z   Python2_ROOT_DIR: /Users/runner/hostedtoolcache/Python/3.8.15/x64
2022-12-27T02:26:05.3920020Z   Python3_ROOT_DIR: /Users/runner/hostedtoolcache/Python/3.8.15/x64
2022-12-27T02:26:05.3920240Z ##[endgroup]
2022-12-27T02:26:05.4058230Z ##[group]Run echo "PYTHON_NO_DOTS=$(echo 3.8 | tr -dc '[:alnum:]\n\r' | tr '[:upper:]' '[:lower:]')" >> $GITHUB_OUTPUT
2022-12-27T02:26:05.4058570Z [36;1mecho "PYTHON_NO_DOTS=$(echo 3.8 | tr -dc '[:alnum:]\n\r' | tr '[:upper:]' '[:lower:]')" >> $GITHUB_OUTPUT[0m
2022-12-27T02:26:05.4072410Z shell: /bin/bash -e {0}
2022-12-27T02:26:05.4072570Z env:
2022-12-27T02:26:05.4072790Z   pythonLocation: /Users/runner/hostedtoolcache/Python/3.8.15/x64
2022-12-27T02:26:05.4073030Z   PKG_CONFIG_PATH: /Users/runner/hostedtoolcache/Python/3.8.15/x64/lib/pkgconfig
2022-12-27T02:26:05.4073260Z   Python_ROOT_DIR: /Users/runner/hostedtoolcache/Python/3.8.15/x64
2022-12-27T02:26:05.4073490Z   Python2_ROOT_DIR: /Users/runner/hostedtoolcache/Python/3.8.15/x64
2022-12-27T02:26:05.4073740Z   Python3_ROOT_DIR: /Users/runner/hostedtoolcache/Python/3.8.15/x64
2022-12-27T02:26:05.4073930Z ##[endgroup]
2022-12-27T02:26:05.4185240Z ##[group]Run rm -rf build_grpcio13038
2022-12-27T02:26:05.4185610Z [36;1mrm -rf build_grpcio13038[0m
2022-12-27T02:26:05.4185810Z [36;1mmkdir build_grpcio13038[0m
2022-12-27T02:26:05.4186030Z [36;1mcd build_grpcio13038[0m
2022-12-27T02:26:05.4186300Z [36;1m/usr/local/bin/wget --quiet https://files.pythonhosted.org/packages/2f/3d/b3b7d31f5539d7bbf82310e666d3a1db4d2048f7e586e231faa58290e13e/grpcio-1.3.0.tar.gz[0m
2022-12-27T02:26:05.4186570Z [36;1mtar xf *.tar.gz[0m
2022-12-27T02:26:05.4186750Z [36;1mcd grpcio-*/[0m
2022-12-27T02:26:05.4186950Z [36;1mpython -m pip install cibuildwheel==2.11.3[0m
2022-12-27T02:26:05.4187190Z [36;1mpython -m cibuildwheel --output-dir ../wheelsout[0m
2022-12-27T02:26:05.4200910Z shell: /bin/bash -e {0}
2022-12-27T02:26:05.4201170Z env:
2022-12-27T02:26:05.4201380Z   pythonLocation: /Users/runner/hostedtoolcache/Python/3.8.15/x64
2022-12-27T02:26:05.4201760Z   PKG_CONFIG_PATH: /Users/runner/hostedtoolcache/Python/3.8.15/x64/lib/pkgconfig
2022-12-27T02:26:05.4201980Z   Python_ROOT_DIR: /Users/runner/hostedtoolcache/Python/3.8.15/x64
2022-12-27T02:26:05.4202210Z   Python2_ROOT_DIR: /Users/runner/hostedtoolcache/Python/3.8.15/x64
2022-12-27T02:26:05.4202470Z   Python3_ROOT_DIR: /Users/runner/hostedtoolcache/Python/3.8.15/x64
2022-12-27T02:26:05.4202650Z   CIBW_ARCHS_MACOS: arm64
2022-12-27T02:26:05.4202820Z   CIBW_TEST_SKIP: *_arm64
2022-12-27T02:26:05.4203000Z   CIBW_BUILD: cp38-macosx_arm64
2022-12-27T02:26:05.4203150Z   CIBW_BUILD_FRONTEND: pip
2022-12-27T02:26:05.4203360Z   CIBW_BUILD_VERBOSITY: 3
2022-12-27T02:26:05.4203740Z   CIBW_ENVIRONMENT_MACOS: GRPC_PYTHON_BUILD_WITH_CYTHON=1 GRPC_BUILD_WITH_BORING_SSL_ASM='' GRPC_PYTHON_BUILD_SYSTEM_OPENSSL=TRUE CFLAGS="-I/usr/local/opt/openssl@3/include" LDFLAGS="-L/usr/local/opt/openssl@3/lib" CPPFLAGS="-I/usr/local/opt/openssl@3/include" MAKEFLAGS="-j$(sysctl -n hw.logicalcpu)" PATH=/usr/local/opt/ccache/libexec:$PATH
2022-12-27T02:26:05.4204370Z   CIBW_BEFORE_BUILD: pip install Cython; if [[ -f requirements.txt ]]; then pip install -r requirements.txt; fi
2022-12-27T02:26:05.4204610Z   MAKEFLAGS: -j$(sysctl -n hw.logicalcpu)
2022-12-27T02:26:05.4204760Z ##[endgroup]
2022-12-27T02:26:06.5733080Z Requirement already satisfied: cibuildwheel==2.11.3 in /Users/runner/hostedtoolcache/Python/3.8.15/x64/lib/python3.8/site-packages (2.11.3)
2022-12-27T02:26:06.6073490Z Requirement already satisfied: filelock in /Users/runner/hostedtoolcache/Python/3.8.15/x64/lib/python3.8/site-packages (from cibuildwheel==2.11.3) (3.8.2)
2022-12-27T02:26:06.6076580Z Requirement already satisfied: certifi in /Users/runner/hostedtoolcache/Python/3.8.15/x64/lib/python3.8/site-packages (from cibuildwheel==2.11.3) (2022.12.7)
2022-12-27T02:26:06.6081650Z Requirement already satisfied: packaging>=20.9 in /Users/runner/hostedtoolcache/Python/3.8.15/x64/lib/python3.8/site-packages (from cibuildwheel==2.11.3) (22.0)
2022-12-27T02:26:06.6086470Z Requirement already satisfied: bashlex!=0.13 in /Users/runner/hostedtoolcache/Python/3.8.15/x64/lib/python3.8/site-packages (from cibuildwheel==2.11.3) (0.16)
2022-12-27T02:26:06.6089960Z Requirement already satisfied: bracex in /Users/runner/hostedtoolcache/Python/3.8.15/x64/lib/python3.8/site-packages (from cibuildwheel==2.11.3) (2.3.post1)
2022-12-27T02:26:06.6095730Z Requirement already satisfied: tomli in /Users/runner/hostedtoolcache/Python/3.8.15/x64/lib/python3.8/site-packages (from cibuildwheel==2.11.3) (2.0.1)
2022-12-27T02:26:06.6105350Z Requirement already satisfied: typing-extensions>=4.1.0 in /Users/runner/hostedtoolcache/Python/3.8.15/x64/lib/python3.8/site-packages (from cibuildwheel==2.11.3) (4.4.0)
2022-12-27T02:26:06.6108640Z Requirement already satisfied: platformdirs in /Users/runner/hostedtoolcache/Python/3.8.15/x64/lib/python3.8/site-packages (from cibuildwheel==2.11.3) (2.6.0)
2022-12-27T02:26:06.7834890Z 
2022-12-27T02:26:06.7835220Z      _ _       _ _   _       _           _
2022-12-27T02:26:06.7835560Z  ___|_| |_ _ _|_| |_| |_ _ _| |_ ___ ___| |
2022-12-27T02:26:06.7836670Z |  _| | . | | | | | . | | | |   | -_| -_| |
2022-12-27T02:26:06.7836990Z |___|_|___|___|_|_|___|_____|_|_|___|___|_|
2022-12-27T02:26:06.7837080Z 
2022-12-27T02:26:06.7837350Z cibuildwheel version 2.11.3
2022-12-27T02:26:06.7837610Z 
2022-12-27T02:26:06.7837980Z Build options:
2022-12-27T02:26:06.7838340Z   platform: macos
2022-12-27T02:26:06.8005520Z   architectures: arm64[0m
2022-12-27T02:26:06.8005860Z   build_selector: 
2022-12-27T02:26:06.8006570Z     build_config: cp38-macosx_arm64
2022-12-27T02:26:06.8006930Z     skip_config: 
2022-12-27T02:26:06.8007230Z     requires_python: None
2022-12-27T02:26:06.8007880Z     prerelease_pythons: False[0m
2022-12-27T02:26:06.8008420Z   [38;5;244mcontainer_engine: docker[0m
2022-12-27T02:26:06.8009060Z   output_dir: /Users/runner/actions-runner/_work/python.build/python.build/build_grpcio13038/wheelsout[0m
2022-12-27T02:26:06.8010030Z   package_dir: /Users/runner/actions-runner/_work/python.build/python.build/build_grpcio13038/grpcio-1.3.0[0m
2022-12-27T02:26:06.8010520Z   test_selector: 
2022-12-27T02:26:06.8010980Z     skip_config: *_arm64[0m
2022-12-27T02:26:06.8011380Z   [38;5;244mbefore_all: [0m
2022-12-27T02:26:06.8012190Z   before_build: pip install Cython; if [[ -f requirements.txt ]]; then pip install -r requirements.txt; fi[0m
2022-12-27T02:26:06.8012760Z   [38;5;244mbefore_test: [0m
2022-12-27T02:26:06.8013160Z   [38;5;244mbuild_frontend: pip[0m
2022-12-27T02:26:06.8013620Z   build_verbosity: 3[0m
2022-12-27T02:26:06.8014050Z   [38;5;244mconfig_settings: [0m
2022-12-27T02:26:06.8014670Z   [38;5;244mdependency_constraints: pinned[0m
2022-12-27T02:26:06.8015040Z   environment: 
2022-12-27T02:26:06.8015410Z     GRPC_PYTHON_BUILD_WITH_CYTHON=1
2022-12-27T02:26:06.8015840Z     GRPC_BUILD_WITH_BORING_SSL_ASM=''
2022-12-27T02:26:06.8016210Z     GRPC_PYTHON_BUILD_SYSTEM_OPENSSL=TRUE
2022-12-27T02:26:06.8017340Z     CFLAGS="-I/usr/local/opt/openssl@3/include"
2022-12-27T02:26:06.8017860Z     LDFLAGS="-L/usr/local/opt/openssl@3/lib"
2022-12-27T02:26:06.8018290Z     CPPFLAGS="-I/usr/local/opt/openssl@3/include"
2022-12-27T02:26:06.8018710Z     MAKEFLAGS="-j$(sysctl -n hw.logicalcpu)"
2022-12-27T02:26:06.8019250Z     PATH=/usr/local/opt/ccache/libexec:$PATH[0m
2022-12-27T02:26:06.8019610Z   [38;5;244mmanylinux_images: None[0m
2022-12-27T02:26:06.8019980Z   [38;5;244mmusllinux_images: None[0m
2022-12-27T02:26:06.8020480Z   [38;5;244mrepair_command: delocate-wheel --require-archs {delocate_archs} -w {dest_dir} -v {wheel}[0m
2022-12-27T02:26:06.8020890Z   [38;5;244mtest_command: [0m
2022-12-27T02:26:06.8021260Z   [38;5;244mtest_extras: [0m
2022-12-27T02:26:06.8021500Z   [38;5;244mtest_requires: [0m
2022-12-27T02:26:06.8021600Z 
2022-12-27T02:26:06.8021740Z Cache folder: /Users/runner/Library/Caches/cibuildwheel
2022-12-27T02:26:06.8028310Z 
2022-12-27T02:26:06.8028540Z Here we go!
2022-12-27T02:26:06.8028770Z 
2022-12-27T02:26:06.8096430Z 
2022-12-27T02:26:06.8096920Z [1m[34mBuilding cp38-macosx_arm64 wheel[0m
2022-12-27T02:26:06.8097450Z CPython 3.8 macOS arm64 - Apple Silicon
2022-12-27T02:26:06.8097610Z 
2022-12-27T02:26:06.8100520Z ##[group]Installing Python cp38...
2022-12-27T02:26:06.8100710Z 
2022-12-27T02:26:06.8101550Z + pkgutil --pkgs
2022-12-27T02:26:06.8197600Z ##[endgroup]
2022-12-27T02:26:06.8198520Z                                                               [32m✓ [0m0.01s
2022-12-27T02:26:06.8198940Z ##[group]Setting up build environment...
2022-12-27T02:26:06.8199030Z 
2022-12-27T02:26:06.8217820Z + /Users/runner/hostedtoolcache/Python/3.8.15/x64/bin/python -sS /Users/runner/Library/Caches/cibuildwheel/virtualenv-20.17.0.pyz --activators= --no-periodic-update --pip=22.3.1 --setuptools=65.6.3 --wheel=0.38.4 --symlink-app-data --python /Library/Frameworks/Python.framework/Versions/3.8/bin/python3 /private/var/folders/51/hd414ycd67n82196sw51xqtc0000gn/T/cibw-run-zo3aao41/cp38-macosx_arm64/build/venv
2022-12-27T02:26:07.0088800Z created virtual environment CPython3.8.10.final.0-64 in 48ms
2022-12-27T02:26:07.0089580Z   creator CPython3Posix(dest=/private/var/folders/51/hd414ycd67n82196sw51xqtc0000gn/T/cibw-run-zo3aao41/cp38-macosx_arm64/build/venv, clear=False, no_vcs_ignore=False, global=False)
2022-12-27T02:26:07.0090200Z   seeder FromAppData(download=False, pip=22.3.1, setuptools=65.6.3, wheel=0.38.4, via=symlink, app_data_dir=/Users/runner/Library/Application Support/virtualenv)
2022-12-27T02:26:07.0090550Z     added seed packages: pip==22.3.1, setuptools==65.6.3, wheel==0.38.4
2022-12-27T02:26:07.0203750Z + python -m pip install --upgrade pip -c /Users/runner/hostedtoolcache/Python/3.8.15/x64/lib/python3.8/site-packages/cibuildwheel/resources/constraints-python38.txt
2022-12-27T02:26:07.3228180Z Requirement already satisfied: pip in ./lib/python3.8/site-packages (22.3.1)
2022-12-27T02:26:07.4643520Z + which pip
2022-12-27T02:26:07.4659570Z /private/var/folders/51/hd414ycd67n82196sw51xqtc0000gn/T/cibw-run-zo3aao41/cp38-macosx_arm64/build/venv/bin/pip
2022-12-27T02:26:07.4661490Z + pip --version
2022-12-27T02:26:07.6888310Z pip 22.3.1 from /private/var/folders/51/hd414ycd67n82196sw51xqtc0000gn/T/cibw-run-zo3aao41/cp38-macosx_arm64/build/venv/lib/python3.8/site-packages/pip (python 3.8)
2022-12-27T02:26:07.7125420Z + which pip
2022-12-27T02:26:07.7150010Z + which python
2022-12-27T02:26:07.7168090Z /private/var/folders/51/hd414ycd67n82196sw51xqtc0000gn/T/cibw-run-zo3aao41/cp38-macosx_arm64/build/venv/bin/python
2022-12-27T02:26:07.7170390Z + python --version
2022-12-27T02:26:07.7213580Z Python 3.8.10
2022-12-27T02:26:07.7216600Z + which python
2022-12-27T02:26:07.7271170Z ##[endgroup]
2022-12-27T02:26:07.7271630Z                                                               [32m✓ [0m0.91s
2022-12-27T02:26:07.7272200Z ##[group]Installing build tools...
2022-12-27T02:26:07.7272330Z 
2022-12-27T02:26:07.7272680Z + pip install --upgrade setuptools wheel delocate -c /Users/runner/hostedtoolcache/Python/3.8.15/x64/lib/python3.8/site-packages/cibuildwheel/resources/constraints-python38.txt
2022-12-27T02:26:08.0339210Z Requirement already satisfied: setuptools in /private/var/folders/51/hd414ycd67n82196sw51xqtc0000gn/T/cibw-run-zo3aao41/cp38-macosx_arm64/build/venv/lib/python3.8/site-packages (65.6.3)
2022-12-27T02:26:08.2571780Z Requirement already satisfied: wheel in /private/var/folders/51/hd414ycd67n82196sw51xqtc0000gn/T/cibw-run-zo3aao41/cp38-macosx_arm64/build/venv/lib/python3.8/site-packages (0.38.4)
2022-12-27T02:26:08.3044120Z Collecting delocate
2022-12-27T02:26:08.3069150Z   Using cached delocate-0.10.3-py3-none-any.whl (142 kB)
2022-12-27T02:26:08.3297620Z Collecting typing-extensions
2022-12-27T02:26:08.3319730Z   Using cached typing_extensions-4.4.0-py3-none-any.whl (26 kB)
2022-12-27T02:26:08.3568760Z Collecting packaging>=20.9
2022-12-27T02:26:08.3589600Z   Using cached packaging-21.3-py3-none-any.whl (40 kB)
2022-12-27T02:26:08.3971150Z Collecting pyparsing!=3.0.5,>=2.0.2
2022-12-27T02:26:08.3992530Z   Using cached pyparsing-3.0.9-py3-none-any.whl (98 kB)
2022-12-27T02:26:08.4370540Z Installing collected packages: typing-extensions, pyparsing, packaging, delocate
2022-12-27T02:26:08.5716380Z Successfully installed delocate-0.10.3 packaging-21.3 pyparsing-3.0.9 typing-extensions-4.4.0
2022-12-27T02:26:08.6132400Z ##[endgroup]
2022-12-27T02:26:08.6132990Z                                                               [32m✓ [0m0.89s
2022-12-27T02:26:08.6133430Z ##[group]Running before_build...
2022-12-27T02:26:08.6133560Z 
2022-12-27T02:26:08.6140140Z + pip install Cython; if [[ -f requirements.txt ]]; then pip install -r requirements.txt; fi
2022-12-27T02:26:09.2980270Z Collecting Cython
2022-12-27T02:26:09.3026060Z   Using cached Cython-0.29.32-py2.py3-none-any.whl (986 kB)
2022-12-27T02:26:09.3458500Z Installing collected packages: Cython
2022-12-27T02:26:09.7749740Z Successfully installed Cython-0.29.32
2022-12-27T02:26:10.5470260Z Collecting coverage>=4.0
2022-12-27T02:26:10.5499010Z   Using cached coverage-7.0.1-cp38-cp38-macosx_10_9_x86_64.whl (187 kB)
2022-12-27T02:26:10.5537210Z Requirement already satisfied: cython>=0.23 in /private/var/folders/51/hd414ycd67n82196sw51xqtc0000gn/T/cibw-run-zo3aao41/cp38-macosx_arm64/build/venv/lib/python3.8/site-packages (from -r requirements.txt (line 3)) (0.29.32)
2022-12-27T02:26:10.5681180Z Collecting enum34>=1.0.4
2022-12-27T02:26:10.5703290Z   Using cached enum34-1.1.10-py3-none-any.whl (11 kB)
2022-12-27T02:26:10.5847880Z Collecting futures>=2.2.0
2022-12-27T02:26:10.5849580Z   Using cached futures-3.0.5-py3-none-any.whl
2022-12-27T02:26:10.8765230Z Collecting protobuf>=3.2.0
2022-12-27T02:26:10.8796810Z   Using cached protobuf-4.21.12-cp37-abi3-macosx_10_9_universal2.whl (486 kB)
2022-12-27T02:26:10.9001850Z Collecting six>=1.10
2022-12-27T02:26:10.9023250Z   Using cached six-1.16.0-py2.py3-none-any.whl (11 kB)
2022-12-27T02:26:10.9040500Z Requirement already satisfied: wheel>=0.29 in /private/var/folders/51/hd414ycd67n82196sw51xqtc0000gn/T/cibw-run-zo3aao41/cp38-macosx_arm64/build/venv/lib/python3.8/site-packages (from -r requirements.txt (line 8)) (0.38.4)
2022-12-27T02:26:10.9463150Z Installing collected packages: futures, enum34, six, protobuf, coverage
2022-12-27T02:26:11.2000230Z Successfully installed coverage-7.0.1 enum34-1.1.10 futures-3.0.5 protobuf-4.21.12 six-1.16.0
2022-12-27T02:26:11.2493150Z ##[endgroup]
2022-12-27T02:26:11.2493930Z                                                               [32m✓ [0m2.64s
2022-12-27T02:26:11.2494500Z ##[group]Building wheel...
2022-12-27T02:26:11.2494660Z 
2022-12-27T02:26:11.2499170Z + python -m pip wheel /Users/runner/actions-runner/_work/python.build/python.build/build_grpcio13038/grpcio-1.3.0 --wheel-dir=/private/var/folders/51/hd414ycd67n82196sw51xqtc0000gn/T/cibw-run-zo3aao41/cp38-macosx_arm64/built_wheel --no-deps -vvv
2022-12-27T02:26:11.5317570Z Created temporary directory: /private/var/folders/51/hd414ycd67n82196sw51xqtc0000gn/T/pip-ephem-wheel-cache-nzg7dlzq
2022-12-27T02:26:11.5321730Z Created temporary directory: /private/var/folders/51/hd414ycd67n82196sw51xqtc0000gn/T/pip-build-tracker-goh85ec3
2022-12-27T02:26:11.5323630Z Initialized build tracking at /private/var/folders/51/hd414ycd67n82196sw51xqtc0000gn/T/pip-build-tracker-goh85ec3
2022-12-27T02:26:11.5325390Z Created build tracker: /private/var/folders/51/hd414ycd67n82196sw51xqtc0000gn/T/pip-build-tracker-goh85ec3
2022-12-27T02:26:11.5326900Z Entered build tracker: /private/var/folders/51/hd414ycd67n82196sw51xqtc0000gn/T/pip-build-tracker-goh85ec3
2022-12-27T02:26:11.5330140Z Created temporary directory: /private/var/folders/51/hd414ycd67n82196sw51xqtc0000gn/T/pip-wheel-exfksuul
2022-12-27T02:26:11.5336670Z Created temporary directory: /private/var/folders/51/hd414ycd67n82196sw51xqtc0000gn/T/pip-ephem-wheel-cache-gr6irzf6
2022-12-27T02:26:11.5422550Z Processing /Users/runner/actions-runner/_work/python.build/python.build/build_grpcio13038/grpcio-1.3.0
2022-12-27T02:26:11.5430220Z   Added file:///Users/runner/actions-runner/_work/python.build/python.build/build_grpcio13038/grpcio-1.3.0 to build tracker '/private/var/folders/51/hd414ycd67n82196sw51xqtc0000gn/T/pip-build-tracker-goh85ec3'
2022-12-27T02:26:11.5434010Z   Running setup.py (path:/Users/runner/actions-runner/_work/python.build/python.build/build_grpcio13038/grpcio-1.3.0/setup.py) egg_info for package from file:///Users/runner/actions-runner/_work/python.build/python.build/build_grpcio13038/grpcio-1.3.0
2022-12-27T02:26:11.5437160Z   Created temporary directory: /private/var/folders/51/hd414ycd67n82196sw51xqtc0000gn/T/pip-pip-egg-info-gn8yw0dz
2022-12-27T02:26:11.5438790Z   Preparing metadata (setup.py): started
2022-12-27T02:26:11.5440740Z   Running command python setup.py egg_info
2022-12-27T02:26:13.0258740Z   Compiling src/python/grpcio/grpc/_cython/cygrpc.pyx because it depends on /private/var/folders/51/hd414ycd67n82196sw51xqtc0000gn/T/cibw-run-zo3aao41/cp38-macosx_arm64/build/venv/lib/python3.8/site-packages/Cython/Includes/libc/time.pxd.
2022-12-27T02:26:13.0259280Z   [1/1] Cythonizing src/python/grpcio/grpc/_cython/cygrpc.pyx
2022-12-27T02:26:13.0469730Z   running egg_info
2022-12-27T02:26:13.0474840Z   creating /private/var/folders/51/hd414ycd67n82196sw51xqtc0000gn/T/pip-pip-egg-info-gn8yw0dz/grpcio.egg-info
2022-12-27T02:26:13.0489870Z   writing /private/var/folders/51/hd414ycd67n82196sw51xqtc0000gn/T/pip-pip-egg-info-gn8yw0dz/grpcio.egg-info/PKG-INFO
2022-12-27T02:26:13.0492680Z   writing dependency_links to /private/var/folders/51/hd414ycd67n82196sw51xqtc0000gn/T/pip-pip-egg-info-gn8yw0dz/grpcio.egg-info/dependency_links.txt
2022-12-27T02:26:13.0496250Z   writing requirements to /private/var/folders/51/hd414ycd67n82196sw51xqtc0000gn/T/pip-pip-egg-info-gn8yw0dz/grpcio.egg-info/requires.txt
2022-12-27T02:26:13.0498270Z   writing top-level names to /private/var/folders/51/hd414ycd67n82196sw51xqtc0000gn/T/pip-pip-egg-info-gn8yw0dz/grpcio.egg-info/top_level.txt
2022-12-27T02:26:13.0501300Z   writing manifest file '/private/var/folders/51/hd414ycd67n82196sw51xqtc0000gn/T/pip-pip-egg-info-gn8yw0dz/grpcio.egg-info/SOURCES.txt'
2022-12-27T02:26:13.0602380Z   reading manifest file '/private/var/folders/51/hd414ycd67n82196sw51xqtc0000gn/T/pip-pip-egg-info-gn8yw0dz/grpcio.egg-info/SOURCES.txt'
2022-12-27T02:26:13.0604250Z   reading manifest template 'PYTHON-MANIFEST.in'
2022-12-27T02:26:13.0635090Z   /private/var/folders/51/hd414ycd67n82196sw51xqtc0000gn/T/cibw-run-zo3aao41/cp38-macosx_arm64/build/venv/lib/python3.8/site-packages/Cython/Compiler/Main.py:369: FutureWarning: Cython directive 'language_level' not set, using 2 for now (Py2). This will change in a later release! File: /Users/runner/actions-runner/_work/python.build/python.build/build_grpcio13038/grpcio-1.3.0/src/python/grpcio/grpc/_cython/cygrpc.pxd
2022-12-27T02:26:13.0636380Z     tree = Parsing.p_module(s, pxd, full_module_name)
2022-12-27T02:26:13.0638350Z   warning: src/python/grpcio/grpc/_cython/_cygrpc/grpc.pxi:150:13: 'GRPC_ARG_PRIMARY_USER_AGENT_STRING' redeclared
2022-12-27T02:26:13.0639810Z   warning: no files found matching '*.h' under directory 'src/python/grpcio/grpc'
2022-12-27T02:26:13.0709120Z   warning: no files found matching '*.python' under directory 'src/python/grpcio/grpc'
2022-12-27T02:26:13.0726220Z   warning: no previously-included files matching '*.so' found under directory 'src/python/grpcio/grpc/_cython'
2022-12-27T02:26:13.0729500Z   warning: no previously-included files matching '*.pyd' found under directory 'src/python/grpcio/grpc/_cython'
2022-12-27T02:26:13.1356170Z   warning: no files found matching 'src/python/grpcio/precompiled.py'
2022-12-27T02:26:13.1780150Z   writing manifest file '/private/var/folders/51/hd414ycd67n82196sw51xqtc0000gn/T/pip-pip-egg-info-gn8yw0dz/grpcio.egg-info/SOURCES.txt'
2022-12-27T02:26:13.2436320Z   Preparing metadata (setup.py): finished with status 'done'
2022-12-27T02:26:13.2462480Z   Source in /Users/runner/actions-runner/_work/python.build/python.build/build_grpcio13038/grpcio-1.3.0 has version 1.3.0, which satisfies requirement grpcio==1.3.0 from file:///Users/runner/actions-runner/_work/python.build/python.build/build_grpcio13038/grpcio-1.3.0
2022-12-27T02:26:13.2465900Z   Removed grpcio==1.3.0 from file:///Users/runner/actions-runner/_work/python.build/python.build/build_grpcio13038/grpcio-1.3.0 from build tracker '/private/var/folders/51/hd414ycd67n82196sw51xqtc0000gn/T/pip-build-tracker-goh85ec3'
2022-12-27T02:26:13.2576140Z Created temporary directory: /private/var/folders/51/hd414ycd67n82196sw51xqtc0000gn/T/pip-unpack-h9vrwzp1
2022-12-27T02:26:13.2577970Z Building wheels for collected packages: grpcio
2022-12-27T02:26:13.2582940Z   Created temporary directory: /private/var/folders/51/hd414ycd67n82196sw51xqtc0000gn/T/pip-wheel-rh4n4x9r
2022-12-27T02:26:13.2585330Z   Building wheel for grpcio (setup.py): started
2022-12-27T02:26:13.2587090Z   Destination directory: /private/var/folders/51/hd414ycd67n82196sw51xqtc0000gn/T/pip-wheel-rh4n4x9r
2022-12-27T02:26:13.2588620Z   Running command python setup.py bdist_wheel
2022-12-27T02:26:13.7074390Z   running bdist_wheel
2022-12-27T02:26:13.7107260Z   running build
2022-12-27T02:26:13.7109380Z   running build_py
2022-12-27T02:26:13.7111470Z   running build_project_metadata
2022-12-27T02:26:13.7115950Z   creating python_build
2022-12-27T02:26:13.7118090Z   creating python_build/lib.macosx-11.0-arm64-cpython-38
2022-12-27T02:26:13.7119760Z   creating python_build/lib.macosx-11.0-arm64-cpython-38/grpc
2022-12-27T02:26:13.7121600Z   copying src/python/grpcio/grpc/_channel.py -> python_build/lib.macosx-11.0-arm64-cpython-38/grpc
2022-12-27T02:26:13.7124070Z   copying src/python/grpcio/grpc/_common.py -> python_build/lib.macosx-11.0-arm64-cpython-38/grpc
2022-12-27T02:26:13.7126580Z   copying src/python/grpcio/grpc/__init__.py -> python_build/lib.macosx-11.0-arm64-cpython-38/grpc
2022-12-27T02:26:13.7130580Z   copying src/python/grpcio/grpc/_utilities.py -> python_build/lib.macosx-11.0-arm64-cpython-38/grpc
2022-12-27T02:26:13.7133590Z   copying src/python/grpcio/grpc/_plugin_wrapping.py -> python_build/lib.macosx-11.0-arm64-cpython-38/grpc
2022-12-27T02:26:13.7136650Z   copying src/python/grpcio/grpc/_grpcio_metadata.py -> python_build/lib.macosx-11.0-arm64-cpython-38/grpc
2022-12-27T02:26:13.7139480Z   copying src/python/grpcio/grpc/_server.py -> python_build/lib.macosx-11.0-arm64-cpython-38/grpc
2022-12-27T02:26:13.7142700Z   copying src/python/grpcio/grpc/_auth.py -> python_build/lib.macosx-11.0-arm64-cpython-38/grpc
2022-12-27T02:26:13.7145780Z   copying src/python/grpcio/grpc/_credential_composition.py -> python_build/lib.macosx-11.0-arm64-cpython-38/grpc
2022-12-27T02:26:13.7151830Z   creating python_build/lib.macosx-11.0-arm64-cpython-38/grpc/beta
2022-12-27T02:26:13.7153740Z   copying src/python/grpcio/grpc/beta/_server_adaptations.py -> python_build/lib.macosx-11.0-arm64-cpython-38/grpc/beta
2022-12-27T02:26:13.7155590Z   copying src/python/grpcio/grpc/beta/interfaces.py -> python_build/lib.macosx-11.0-arm64-cpython-38/grpc/beta
2022-12-27T02:26:13.7158530Z   copying src/python/grpcio/grpc/beta/__init__.py -> python_build/lib.macosx-11.0-arm64-cpython-38/grpc/beta
2022-12-27T02:26:13.7161050Z   copying src/python/grpcio/grpc/beta/utilities.py -> python_build/lib.macosx-11.0-arm64-cpython-38/grpc/beta
2022-12-27T02:26:13.7163860Z   copying src/python/grpcio/grpc/beta/implementations.py -> python_build/lib.macosx-11.0-arm64-cpython-38/grpc/beta
2022-12-27T02:26:13.7166560Z   copying src/python/grpcio/grpc/beta/_client_adaptations.py -> python_build/lib.macosx-11.0-arm64-cpython-38/grpc/beta
2022-12-27T02:26:13.7172330Z   creating python_build/lib.macosx-11.0-arm64-cpython-38/grpc/framework
2022-12-27T02:26:13.7174070Z   copying src/python/grpcio/grpc/framework/__init__.py -> python_build/lib.macosx-11.0-arm64-cpython-38/grpc/framework
2022-12-27T02:26:13.7178400Z   creating python_build/lib.macosx-11.0-arm64-cpython-38/grpc/_cython
2022-12-27T02:26:13.7180100Z   copying src/python/grpcio/grpc/_cython/__init__.py -> python_build/lib.macosx-11.0-arm64-cpython-38/grpc/_cython
2022-12-27T02:26:13.7186420Z   creating python_build/lib.macosx-11.0-arm64-cpython-38/grpc/framework/foundation
2022-12-27T02:26:13.7188240Z   copying src/python/grpcio/grpc/framework/foundation/callable_util.py -> python_build/lib.macosx-11.0-arm64-cpython-38/grpc/framework/foundation
2022-12-27T02:26:13.7191240Z   copying src/python/grpcio/grpc/framework/foundation/abandonment.py -> python_build/lib.macosx-11.0-arm64-cpython-38/grpc/framework/foundation
2022-12-27T02:26:13.7194460Z   copying src/python/grpcio/grpc/framework/foundation/__init__.py -> python_build/lib.macosx-11.0-arm64-cpython-38/grpc/framework/foundation
2022-12-27T02:26:13.7197740Z   copying src/python/grpcio/grpc/framework/foundation/stream.py -> python_build/lib.macosx-11.0-arm64-cpython-38/grpc/framework/foundation
2022-12-27T02:26:13.7201120Z   copying src/python/grpcio/grpc/framework/foundation/stream_util.py -> python_build/lib.macosx-11.0-arm64-cpython-38/grpc/framework/foundation
2022-12-27T02:26:13.7204130Z   copying src/python/grpcio/grpc/framework/foundation/future.py -> python_build/lib.macosx-11.0-arm64-cpython-38/grpc/framework/foundation
2022-12-27T02:26:13.7207550Z   copying src/python/grpcio/grpc/framework/foundation/logging_pool.py -> python_build/lib.macosx-11.0-arm64-cpython-38/grpc/framework/foundation
2022-12-27T02:26:13.7212570Z   creating python_build/lib.macosx-11.0-arm64-cpython-38/grpc/framework/common
2022-12-27T02:26:13.7214360Z   copying src/python/grpcio/grpc/framework/common/style.py -> python_build/lib.macosx-11.0-arm64-cpython-38/grpc/framework/common
2022-12-27T02:26:13.7216910Z   copying src/python/grpcio/grpc/framework/common/cardinality.py -> python_build/lib.macosx-11.0-arm64-cpython-38/grpc/framework/common
2022-12-27T02:26:13.7219280Z   copying src/python/grpcio/grpc/framework/common/__init__.py -> python_build/lib.macosx-11.0-arm64-cpython-38/grpc/framework/common
2022-12-27T02:26:13.7224140Z   creating python_build/lib.macosx-11.0-arm64-cpython-38/grpc/framework/interfaces
2022-12-27T02:26:13.7225780Z   copying src/python/grpcio/grpc/framework/interfaces/__init__.py -> python_build/lib.macosx-11.0-arm64-cpython-38/grpc/framework/interfaces
2022-12-27T02:26:13.7230410Z   creating python_build/lib.macosx-11.0-arm64-cpython-38/grpc/framework/interfaces/face
2022-12-27T02:26:13.7232400Z   copying src/python/grpcio/grpc/framework/interfaces/face/__init__.py -> python_build/lib.macosx-11.0-arm64-cpython-38/grpc/framework/interfaces/face
2022-12-27T02:26:13.7235200Z   copying src/python/grpcio/grpc/framework/interfaces/face/utilities.py -> python_build/lib.macosx-11.0-arm64-cpython-38/grpc/framework/interfaces/face
2022-12-27T02:26:13.7238570Z   copying src/python/grpcio/grpc/framework/interfaces/face/face.py -> python_build/lib.macosx-11.0-arm64-cpython-38/grpc/framework/interfaces/face
2022-12-27T02:26:13.7244380Z   creating python_build/lib.macosx-11.0-arm64-cpython-38/grpc/framework/interfaces/base
2022-12-27T02:26:13.7246080Z   copying src/python/grpcio/grpc/framework/interfaces/base/__init__.py -> python_build/lib.macosx-11.0-arm64-cpython-38/grpc/framework/interfaces/base
2022-12-27T02:26:13.7248930Z   copying src/python/grpcio/grpc/framework/interfaces/base/utilities.py -> python_build/lib.macosx-11.0-arm64-cpython-38/grpc/framework/interfaces/base
2022-12-27T02:26:13.7251560Z   copying src/python/grpcio/grpc/framework/interfaces/base/base.py -> python_build/lib.macosx-11.0-arm64-cpython-38/grpc/framework/interfaces/base
2022-12-27T02:26:13.7256120Z   creating python_build/lib.macosx-11.0-arm64-cpython-38/grpc/_cython/_cygrpc
2022-12-27T02:26:13.7257830Z   copying src/python/grpcio/grpc/_cython/_cygrpc/__init__.py -> python_build/lib.macosx-11.0-arm64-cpython-38/grpc/_cython/_cygrpc
2022-12-27T02:26:13.7263290Z   creating python_build/lib.macosx-11.0-arm64-cpython-38/grpc/_cython/_credentials
2022-12-27T02:26:13.7264890Z   copying src/python/grpcio/grpc/_cython/_credentials/roots.pem -> python_build/lib.macosx-11.0-arm64-cpython-38/grpc/_cython/_credentials
2022-12-27T02:26:13.7289730Z   running build_ext
2022-12-27T02:26:13.7562530Z   Found cython-generated files...
2022-12-27T02:26:13.7570910Z   building 'grpc._cython.cygrpc' extension
2022-12-27T02:26:13.7599150Z   creating python_build/temp.macosx-11.0-arm64-cpython-38
2022-12-27T02:26:13.7601520Z   creating python_build/temp.macosx-11.0-arm64-cpython-38/src
2022-12-27T02:26:13.7603380Z   creating python_build/temp.macosx-11.0-arm64-cpython-38/src/boringssl
2022-12-27T02:26:13.7605630Z   creating python_build/temp.macosx-11.0-arm64-cpython-38/src/core
2022-12-27T02:26:13.7607570Z   creating python_build/temp.macosx-11.0-arm64-cpython-38/src/core/ext
2022-12-27T02:26:13.7609540Z   creating python_build/temp.macosx-11.0-arm64-cpython-38/src/core/ext/census
2022-12-27T02:26:13.7611240Z   creating python_build/temp.macosx-11.0-arm64-cpython-38/src/core/ext/census/gen
2022-12-27T02:26:13.7613050Z   creating python_build/temp.macosx-11.0-arm64-cpython-38/src/core/ext/filters
2022-12-27T02:26:13.7614770Z   creating python_build/temp.macosx-11.0-arm64-cpython-38/src/core/ext/filters/client_channel
2022-12-27T02:26:13.7616910Z   creating python_build/temp.macosx-11.0-arm64-cpython-38/src/core/ext/filters/client_channel/lb_policy
2022-12-27T02:26:13.7619780Z   creating python_build/temp.macosx-11.0-arm64-cpython-38/src/core/ext/filters/client_channel/lb_policy/grpclb
2022-12-27T02:26:13.7621790Z   creating python_build/temp.macosx-11.0-arm64-cpython-38/src/core/ext/filters/client_channel/lb_policy/grpclb/proto
2022-12-27T02:26:13.7623560Z   creating python_build/temp.macosx-11.0-arm64-cpython-38/src/core/ext/filters/client_channel/lb_policy/grpclb/proto/grpc
2022-12-27T02:26:13.7625190Z   creating python_build/temp.macosx-11.0-arm64-cpython-38/src/core/ext/filters/client_channel/lb_policy/grpclb/proto/grpc/lb
2022-12-27T02:26:13.7626830Z   creating python_build/temp.macosx-11.0-arm64-cpython-38/src/core/ext/filters/client_channel/lb_policy/grpclb/proto/grpc/lb/v1
2022-12-27T02:26:13.7628500Z   creating python_build/temp.macosx-11.0-arm64-cpython-38/src/core/ext/filters/client_channel/lb_policy/pick_first
2022-12-27T02:26:13.7630230Z   creating python_build/temp.macosx-11.0-arm64-cpython-38/src/core/ext/filters/client_channel/lb_policy/round_robin
2022-12-27T02:26:13.7632670Z   creating python_build/temp.macosx-11.0-arm64-cpython-38/src/core/ext/filters/client_channel/resolver
2022-12-27T02:26:13.7633930Z   creating python_build/temp.macosx-11.0-arm64-cpython-38/src/core/ext/filters/client_channel/resolver/dns
2022-12-27T02:26:13.7635550Z   creating python_build/temp.macosx-11.0-arm64-cpython-38/src/core/ext/filters/client_channel/resolver/dns/c_ares
2022-12-27T02:26:13.7637220Z   creating python_build/temp.macosx-11.0-arm64-cpython-38/src/core/ext/filters/client_channel/resolver/dns/native
2022-12-27T02:26:13.7638760Z   creating python_build/temp.macosx-11.0-arm64-cpython-38/src/core/ext/filters/client_channel/resolver/sockaddr
2022-12-27T02:26:13.7640670Z   creating python_build/temp.macosx-11.0-arm64-cpython-38/src/core/ext/filters/load_reporting
2022-12-27T02:26:13.7642650Z   creating python_build/temp.macosx-11.0-arm64-cpython-38/src/core/ext/filters/max_age
2022-12-27T02:26:13.7644540Z   creating python_build/temp.macosx-11.0-arm64-cpython-38/src/core/ext/transport
2022-12-27T02:26:13.7646870Z   creating python_build/temp.macosx-11.0-arm64-cpython-38/src/core/ext/transport/chttp2
2022-12-27T02:26:13.7648690Z   creating python_build/temp.macosx-11.0-arm64-cpython-38/src/core/ext/transport/chttp2/alpn
2022-12-27T02:26:13.7650480Z   creating python_build/temp.macosx-11.0-arm64-cpython-38/src/core/ext/transport/chttp2/client
2022-12-27T02:26:13.7652470Z   creating python_build/temp.macosx-11.0-arm64-cpython-38/src/core/ext/transport/chttp2/client/insecure
2022-12-27T02:26:13.7654450Z   creating python_build/temp.macosx-11.0-arm64-cpython-38/src/core/ext/transport/chttp2/client/secure
2022-12-27T02:26:13.7656230Z   creating python_build/temp.macosx-11.0-arm64-cpython-38/src/core/ext/transport/chttp2/server
2022-12-27T02:26:13.7658120Z   creating python_build/temp.macosx-11.0-arm64-cpython-38/src/core/ext/transport/chttp2/server/insecure
2022-12-27T02:26:13.7660080Z   creating python_build/temp.macosx-11.0-arm64-cpython-38/src/core/ext/transport/chttp2/server/secure
2022-12-27T02:26:13.7662140Z   creating python_build/temp.macosx-11.0-arm64-cpython-38/src/core/ext/transport/chttp2/transport
2022-12-27T02:26:13.7664040Z   creating python_build/temp.macosx-11.0-arm64-cpython-38/src/core/lib
2022-12-27T02:26:13.7665900Z   creating python_build/temp.macosx-11.0-arm64-cpython-38/src/core/lib/channel
2022-12-27T02:26:13.7667780Z   creating python_build/temp.macosx-11.0-arm64-cpython-38/src/core/lib/compression
2022-12-27T02:26:13.7734090Z   creating python_build/temp.macosx-11.0-arm64-cpython-38/src/core/lib/debug
2022-12-27T02:26:13.7734770Z   creating python_build/temp.macosx-11.0-arm64-cpython-38/src/core/lib/http
2022-12-27T02:26:13.7735320Z   creating python_build/temp.macosx-11.0-arm64-cpython-38/src/core/lib/iomgr
2022-12-27T02:26:13.7735800Z   creating python_build/temp.macosx-11.0-arm64-cpython-38/src/core/lib/json
2022-12-27T02:26:13.7736350Z   creating python_build/temp.macosx-11.0-arm64-cpython-38/src/core/lib/profiling
2022-12-27T02:26:13.7737150Z   creating python_build/temp.macosx-11.0-arm64-cpython-38/src/core/lib/security
2022-12-27T02:26:13.7737780Z   creating python_build/temp.macosx-11.0-arm64-cpython-38/src/core/lib/security/context
2022-12-27T02:26:13.7738330Z   creating python_build/temp.macosx-11.0-arm64-cpython-38/src/core/lib/security/credentials
2022-12-27T02:26:13.7738910Z   creating python_build/temp.macosx-11.0-arm64-cpython-38/src/core/lib/security/credentials/composite
2022-12-27T02:26:13.7739360Z   creating python_build/temp.macosx-11.0-arm64-cpython-38/src/core/lib/security/credentials/fake
2022-12-27T02:26:13.7739700Z   creating python_build/temp.macosx-11.0-arm64-cpython-38/src/core/lib/security/credentials/google_default
2022-12-27T02:26:13.7740060Z   creating python_build/temp.macosx-11.0-arm64-cpython-38/src/core/lib/security/credentials/iam
2022-12-27T02:26:13.7740470Z   creating python_build/temp.macosx-11.0-arm64-cpython-38/src/core/lib/security/credentials/jwt
2022-12-27T02:26:13.7740880Z   creating python_build/temp.macosx-11.0-arm64-cpython-38/src/core/lib/security/credentials/oauth2
2022-12-27T02:26:13.7741220Z   creating python_build/temp.macosx-11.0-arm64-cpython-38/src/core/lib/security/credentials/plugin
2022-12-27T02:26:13.7741570Z   creating python_build/temp.macosx-11.0-arm64-cpython-38/src/core/lib/security/credentials/ssl
2022-12-27T02:26:13.7741920Z   creating python_build/temp.macosx-11.0-arm64-cpython-38/src/core/lib/security/transport
2022-12-27T02:26:13.7742250Z   creating python_build/temp.macosx-11.0-arm64-cpython-38/src/core/lib/security/util
2022-12-27T02:26:13.7742550Z   creating python_build/temp.macosx-11.0-arm64-cpython-38/src/core/lib/slice
2022-12-27T02:26:13.7742860Z   creating python_build/temp.macosx-11.0-arm64-cpython-38/src/core/lib/support
2022-12-27T02:26:13.7743130Z   creating python_build/temp.macosx-11.0-arm64-cpython-38/src/core/lib/surface
2022-12-27T02:26:13.7743670Z   creating python_build/temp.macosx-11.0-arm64-cpython-38/src/core/lib/transport
2022-12-27T02:26:13.7744010Z   creating python_build/temp.macosx-11.0-arm64-cpython-38/src/core/plugin_registry
2022-12-27T02:26:13.7744320Z   creating python_build/temp.macosx-11.0-arm64-cpython-38/src/core/tsi
2022-12-27T02:26:13.7744620Z   creating python_build/temp.macosx-11.0-arm64-cpython-38/src/python
2022-12-27T02:26:13.7744870Z   creating python_build/temp.macosx-11.0-arm64-cpython-38/src/python/grpcio
2022-12-27T02:26:13.7745260Z   creating python_build/temp.macosx-11.0-arm64-cpython-38/src/python/grpcio/grpc
2022-12-27T02:26:13.7745600Z   creating python_build/temp.macosx-11.0-arm64-cpython-38/src/python/grpcio/grpc/_cython
2022-12-27T02:26:13.7745890Z   creating python_build/temp.macosx-11.0-arm64-cpython-38/third_party
2022-12-27T02:26:13.7746210Z   creating python_build/temp.macosx-11.0-arm64-cpython-38/third_party/boringssl
2022-12-27T02:26:13.7746530Z   creating python_build/temp.macosx-11.0-arm64-cpython-38/third_party/boringssl/crypto
2022-12-27T02:26:13.7746870Z   creating python_build/temp.macosx-11.0-arm64-cpython-38/third_party/boringssl/crypto/aes
2022-12-27T02:26:13.7747180Z   creating python_build/temp.macosx-11.0-arm64-cpython-38/third_party/boringssl/crypto/asn1
2022-12-27T02:26:13.7747480Z   creating python_build/temp.macosx-11.0-arm64-cpython-38/third_party/boringssl/crypto/base64
2022-12-27T02:26:13.7747860Z   creating python_build/temp.macosx-11.0-arm64-cpython-38/third_party/boringssl/crypto/bio
2022-12-27T02:26:13.7748430Z   creating python_build/temp.macosx-11.0-arm64-cpython-38/third_party/boringssl/crypto/bn
2022-12-27T02:26:13.7748880Z   creating python_build/temp.macosx-11.0-arm64-cpython-38/third_party/boringssl/crypto/bn/asm
2022-12-27T02:26:13.7749300Z   creating python_build/temp.macosx-11.0-arm64-cpython-38/third_party/boringssl/crypto/buf
2022-12-27T02:26:13.7749680Z   creating python_build/temp.macosx-11.0-arm64-cpython-38/third_party/boringssl/crypto/bytestring
2022-12-27T02:26:13.7750000Z   creating python_build/temp.macosx-11.0-arm64-cpython-38/third_party/boringssl/crypto/chacha
2022-12-27T02:26:13.7750520Z   creating python_build/temp.macosx-11.0-arm64-cpython-38/third_party/boringssl/crypto/cipher
2022-12-27T02:26:13.7750920Z   creating python_build/temp.macosx-11.0-arm64-cpython-38/third_party/boringssl/crypto/cmac
2022-12-27T02:26:13.7751270Z   creating python_build/temp.macosx-11.0-arm64-cpython-38/third_party/boringssl/crypto/conf
2022-12-27T02:26:13.7751570Z   creating python_build/temp.macosx-11.0-arm64-cpython-38/third_party/boringssl/crypto/curve25519
2022-12-27T02:26:13.7751880Z   creating python_build/temp.macosx-11.0-arm64-cpython-38/third_party/boringssl/crypto/des
2022-12-27T02:26:13.7752210Z   creating python_build/temp.macosx-11.0-arm64-cpython-38/third_party/boringssl/crypto/dh
2022-12-27T02:26:13.7753040Z   creating python_build/temp.macosx-11.0-arm64-cpython-38/third_party/boringssl/crypto/digest
2022-12-27T02:26:13.7755320Z   creating python_build/temp.macosx-11.0-arm64-cpython-38/third_party/boringssl/crypto/dsa
2022-12-27T02:26:13.7757270Z   creating python_build/temp.macosx-11.0-arm64-cpython-38/third_party/boringssl/crypto/ec
2022-12-27T02:26:13.7759600Z   creating python_build/temp.macosx-11.0-arm64-cpython-38/third_party/boringssl/crypto/ecdh
2022-12-27T02:26:13.7761670Z   creating python_build/temp.macosx-11.0-arm64-cpython-38/third_party/boringssl/crypto/ecdsa
2022-12-27T02:26:13.7763780Z   creating python_build/temp.macosx-11.0-arm64-cpython-38/third_party/boringssl/crypto/engine
2022-12-27T02:26:13.7765930Z   creating python_build/temp.macosx-11.0-arm64-cpython-38/third_party/boringssl/crypto/err
2022-12-27T02:26:13.7768060Z   creating python_build/temp.macosx-11.0-arm64-cpython-38/third_party/boringssl/crypto/evp
2022-12-27T02:26:13.7769730Z   creating python_build/temp.macosx-11.0-arm64-cpython-38/third_party/boringssl/crypto/hkdf
2022-12-27T02:26:13.7771400Z   creating python_build/temp.macosx-11.0-arm64-cpython-38/third_party/boringssl/crypto/hmac
2022-12-27T02:26:13.7773010Z   creating python_build/temp.macosx-11.0-arm64-cpython-38/third_party/boringssl/crypto/lhash
2022-12-27T02:26:13.7774530Z   creating python_build/temp.macosx-11.0-arm64-cpython-38/third_party/boringssl/crypto/md4
2022-12-27T02:26:13.7776130Z   creating python_build/temp.macosx-11.0-arm64-cpython-38/third_party/boringssl/crypto/md5
2022-12-27T02:26:13.7777740Z   creating python_build/temp.macosx-11.0-arm64-cpython-38/third_party/boringssl/crypto/modes
2022-12-27T02:26:13.7779320Z   creating python_build/temp.macosx-11.0-arm64-cpython-38/third_party/boringssl/crypto/newhope
2022-12-27T02:26:13.7780940Z   creating python_build/temp.macosx-11.0-arm64-cpython-38/third_party/boringssl/crypto/obj
2022-12-27T02:26:13.7782890Z   creating python_build/temp.macosx-11.0-arm64-cpython-38/third_party/boringssl/crypto/pem
2022-12-27T02:26:13.7786200Z   creating python_build/temp.macosx-11.0-arm64-cpython-38/third_party/boringssl/crypto/pkcs8
2022-12-27T02:26:13.7788350Z   creating python_build/temp.macosx-11.0-arm64-cpython-38/third_party/boringssl/crypto/poly1305
2022-12-27T02:26:13.7790290Z   creating python_build/temp.macosx-11.0-arm64-cpython-38/third_party/boringssl/crypto/rand
2022-12-27T02:26:13.7792710Z   creating python_build/temp.macosx-11.0-arm64-cpython-38/third_party/boringssl/crypto/rc4
2022-12-27T02:26:13.7794420Z   creating python_build/temp.macosx-11.0-arm64-cpython-38/third_party/boringssl/crypto/rsa
2022-12-27T02:26:13.7796440Z   creating python_build/temp.macosx-11.0-arm64-cpython-38/third_party/boringssl/crypto/sha
2022-12-27T02:26:13.7798030Z   creating python_build/temp.macosx-11.0-arm64-cpython-38/third_party/boringssl/crypto/stack
2022-12-27T02:26:13.7800390Z   creating python_build/temp.macosx-11.0-arm64-cpython-38/third_party/boringssl/crypto/x509
2022-12-27T02:26:13.7806980Z   creating python_build/temp.macosx-11.0-arm64-cpython-38/third_party/boringssl/crypto/x509v3
2022-12-27T02:26:13.7811250Z   creating python_build/temp.macosx-11.0-arm64-cpython-38/third_party/boringssl/ssl
2022-12-27T02:26:13.7815900Z   creating python_build/temp.macosx-11.0-arm64-cpython-38/third_party/cares
2022-12-27T02:26:13.7817640Z   creating python_build/temp.macosx-11.0-arm64-cpython-38/third_party/cares/cares
2022-12-27T02:26:13.7823230Z   creating python_build/temp.macosx-11.0-arm64-cpython-38/third_party/nanopb
2022-12-27T02:26:13.7825240Z   creating python_build/temp.macosx-11.0-arm64-cpython-38/third_party/zlib
2022-12-27T02:26:13.7830040Z   gcc -Wno-unused-result -Wsign-compare -Wunreachable-code -fno-common -dynamic -DNDEBUG -g -fwrapv -O3 -Wall -g -I/usr/local/opt/openssl@3/include -I/usr/local/opt/openssl@3/include -arch arm64 -DOPENSSL_NO_ASM=1 -D_WIN32_WINNT=1536 -DGPR_BACKWARDS_COMPATIBILITY_MODE=1 -DHAVE_CONFIG_H=1 "-DPyMODINIT_FUNC=__attribute__((visibility (\"default\"))) PyObject*" -Isrc/python/grpcio -Iinclude -I. -Ithird_party/boringssl/include -Ithird_party/zlib -Ithird_party/cares -Ithird_party/cares/cares -Ithird_party/cares/config_darwin -I/private/var/folders/51/hd414ycd67n82196sw51xqtc0000gn/T/cibw-run-zo3aao41/cp38-macosx_arm64/build/venv/include -I/Library/Frameworks/Python.framework/Versions/3.8/include/python3.8 -c src/boringssl/err_data.c -o python_build/temp.macosx-11.0-arm64-cpython-38/src/boringssl/err_data.o -fvisibility=hidden -fno-wrapv -pthread -std=gnu99
2022-12-27T02:26:13.8187510Z   In file included from src/boringssl/err_data.c:17:
2022-12-27T02:26:13.8189370Z   third_party/boringssl/include/openssl/base.h:120:9: warning: 'OPENSSL_VERSION_NUMBER' macro redefined [-Wmacro-redefined]
2022-12-27T02:26:13.8191070Z   #define OPENSSL_VERSION_NUMBER 0x10002000
2022-12-27T02:26:13.8192480Z           ^
2022-12-27T02:26:13.8194140Z   /usr/local/opt/openssl@3/include/openssl/opensslv.h:99:10: note: previous definition is here
2022-12-27T02:26:13.8195630Z   # define OPENSSL_VERSION_NUMBER          \
2022-12-27T02:26:13.8197140Z            ^
2022-12-27T02:26:13.8198840Z   In file included from src/boringssl/err_data.c:18:
2022-12-27T02:26:13.8200720Z   In file included from /usr/local/opt/openssl@3/include/openssl/err.h:21:
2022-12-27T02:26:13.8203930Z   /usr/local/opt/openssl@3/include/openssl/e_os2.h:183:11: warning: 'OPENSSL_EXPORT' macro redefined [-Wmacro-redefined]
2022-12-27T02:26:13.8205800Z   #  define OPENSSL_EXPORT extern
2022-12-27T02:26:13.8207660Z             ^
2022-12-27T02:26:13.8209220Z   third_party/boringssl/include/openssl/base.h:155:9: note: previous definition is here
2022-12-27T02:26:13.8210610Z   #define OPENSSL_EXPORT
2022-12-27T02:26:13.8212290Z           ^
2022-12-27T02:26:13.8256960Z   In file included from src/boringssl/err_data.c:18:
2022-12-27T02:26:13.8258810Z   In file included from /usr/local/opt/openssl@3/include/openssl/err.h:28:
2022-12-27T02:26:13.8260690Z   In file included from /usr/local/opt/openssl@3/include/openssl/types.h:21:
2022-12-27T02:26:13.8262730Z   /usr/local/opt/openssl@3/include/openssl/safestack.h:264:15: warning: redefinition of typedef 'OPENSSL_BLOCK' is a C11 feature [-Wtypedef-redefinition]
2022-12-27T02:26:13.8263660Z   typedef void *OPENSSL_BLOCK;
2022-12-27T02:26:13.8265100Z                 ^
2022-12-27T02:26:13.8266690Z   third_party/boringssl/include/openssl/base.h:298:15: note: previous definition is here
2022-12-27T02:26:13.8268020Z   typedef void *OPENSSL_BLOCK;
2022-12-27T02:26:13.8269350Z                 ^
2022-12-27T02:26:13.8270760Z   In file included from src/boringssl/err_data.c:18:
2022-12-27T02:26:13.8272220Z   In file included from /usr/local/opt/openssl@3/include/openssl/err.h:28:
2022-12-27T02:26:13.8273940Z   /usr/local/opt/openssl@3/include/openssl/types.h:45:31: warning: redefinition of typedef 'ASN1_INTEGER' is a C11 feature [-Wtypedef-redefinition]
2022-12-27T02:26:13.8275140Z   typedef struct asn1_string_st ASN1_INTEGER;
2022-12-27T02:26:13.8276450Z                                 ^
2022-12-27T02:26:13.8277990Z   third_party/boringssl/include/openssl/base.h:189:31: note: previous definition is here
2022-12-27T02:26:13.8279420Z   typedef struct asn1_string_st ASN1_INTEGER;
2022-12-27T02:26:13.8280850Z                                 ^
2022-12-27T02:26:13.8282370Z   In file included from src/boringssl/err_data.c:18:
2022-12-27T02:26:13.8284120Z   In file included from /usr/local/opt/openssl@3/include/openssl/err.h:28:
2022-12-27T02:26:13.8285570Z   /usr/local/opt/openssl@3/include/openssl/types.h:46:31: warning: redefinition of typedef 'ASN1_ENUMERATED' is a C11 feature [-Wtypedef-redefinition]
2022-12-27T02:26:13.8286770Z   typedef struct asn1_string_st ASN1_ENUMERATED;
2022-12-27T02:26:13.8288140Z                                 ^
2022-12-27T02:26:13.8289880Z   third_party/boringssl/include/openssl/base.h:185:31: note: previous definition is here
2022-12-27T02:26:13.8291170Z   typedef struct asn1_string_st ASN1_ENUMERATED;
2022-12-27T02:26:13.8292580Z                                 ^
2022-12-27T02:26:13.8294050Z   In file included from src/boringssl/err_data.c:18:
2022-12-27T02:26:13.8295500Z   In file included from /usr/local/opt/openssl@3/include/openssl/err.h:28:
2022-12-27T02:26:13.8297180Z   /usr/local/opt/openssl@3/include/openssl/types.h:47:31: warning: redefinition of typedef 'ASN1_BIT_STRING' is a C11 feature [-Wtypedef-redefinition]
2022-12-27T02:26:13.8298450Z   typedef struct asn1_string_st ASN1_BIT_STRING;
2022-12-27T02:26:13.8299810Z                                 ^
2022-12-27T02:26:13.8301460Z   third_party/boringssl/include/openssl/base.h:183:31: note: previous definition is here
2022-12-27T02:26:13.8302840Z   typedef struct asn1_string_st ASN1_BIT_STRING;
2022-12-27T02:26:13.8304190Z                                 ^
2022-12-27T02:26:13.8305610Z   In file included from src/boringssl/err_data.c:18:
2022-12-27T02:26:13.8307070Z   In file included from /usr/local/opt/openssl@3/include/openssl/err.h:28:
2022-12-27T02:26:13.8308740Z   /usr/local/opt/openssl@3/include/openssl/types.h:48:31: warning: redefinition of typedef 'ASN1_OCTET_STRING' is a C11 feature [-Wtypedef-redefinition]
2022-12-27T02:26:13.8310250Z   typedef struct asn1_string_st ASN1_OCTET_STRING;
2022-12-27T02:26:13.8311720Z                                 ^
2022-12-27T02:26:13.8313270Z   third_party/boringssl/include/openssl/base.h:190:31: note: previous definition is here
2022-12-27T02:26:13.8314700Z   typedef struct asn1_string_st ASN1_OCTET_STRING;
2022-12-27T02:26:13.8316020Z                                 ^
2022-12-27T02:26:13.8317520Z   In file included from src/boringssl/err_data.c:18:
2022-12-27T02:26:13.8318960Z   In file included from /usr/local/opt/openssl@3/include/openssl/err.h:28:
2022-12-27T02:26:13.8320630Z   /usr/local/opt/openssl@3/include/openssl/types.h:49:31: warning: redefinition of typedef 'ASN1_PRINTABLESTRING' is a C11 feature [-Wtypedef-redefinition]
2022-12-27T02:26:13.8321990Z   typedef struct asn1_string_st ASN1_PRINTABLESTRING;
2022-12-27T02:26:13.8323370Z                                 ^
2022-12-27T02:26:13.8324890Z   third_party/boringssl/include/openssl/base.h:191:31: note: previous definition is here
2022-12-27T02:26:13.8326310Z   typedef struct asn1_string_st ASN1_PRINTABLESTRING;
2022-12-27T02:26:13.8327670Z                                 ^
2022-12-27T02:26:13.8329120Z   In file included from src/boringssl/err_data.c:18:
2022-12-27T02:26:13.8330570Z   In file included from /usr/local/opt/openssl@3/include/openssl/err.h:28:
2022-12-27T02:26:13.8332220Z   /usr/local/opt/openssl@3/include/openssl/types.h:50:31: warning: redefinition of typedef 'ASN1_T61STRING' is a C11 feature [-Wtypedef-redefinition]
2022-12-27T02:26:13.8333460Z   typedef struct asn1_string_st ASN1_T61STRING;
2022-12-27T02:26:13.8334790Z                                 ^
2022-12-27T02:26:13.8336260Z   third_party/boringssl/include/openssl/base.h:193:31: note: previous definition is here
2022-12-27T02:26:13.8337630Z   typedef struct asn1_string_st ASN1_T61STRING;
2022-12-27T02:26:13.8338990Z                                 ^
2022-12-27T02:26:13.8340400Z   In file included from src/boringssl/err_data.c:18:
2022-12-27T02:26:13.8341930Z   In file included from /usr/local/opt/openssl@3/include/openssl/err.h:28:
2022-12-27T02:26:13.8343550Z   /usr/local/opt/openssl@3/include/openssl/types.h:51:31: warning: redefinition of typedef 'ASN1_IA5STRING' is a C11 feature [-Wtypedef-redefinition]
2022-12-27T02:26:13.8344960Z   typedef struct asn1_string_st ASN1_IA5STRING;
2022-12-27T02:26:13.8346150Z                                 ^
2022-12-27T02:26:13.8347610Z   third_party/boringssl/include/openssl/base.h:188:31: note: previous definition is here
2022-12-27T02:26:13.8348960Z   typedef struct asn1_string_st ASN1_IA5STRING;
2022-12-27T02:26:13.8350280Z                                 ^
2022-12-27T02:26:13.8351700Z   In file included from src/boringssl/err_data.c:18:
2022-12-27T02:26:13.8353100Z   In file included from /usr/local/opt/openssl@3/include/openssl/err.h:28:
2022-12-27T02:26:13.8354860Z   /usr/local/opt/openssl@3/include/openssl/types.h:52:31: warning: redefinition of typedef 'ASN1_GENERALSTRING' is a C11 feature [-Wtypedef-redefinition]
2022-12-27T02:26:13.8356130Z   typedef struct asn1_string_st ASN1_GENERALSTRING;
2022-12-27T02:26:13.8357460Z                                 ^
2022-12-27T02:26:13.8358940Z   third_party/boringssl/include/openssl/base.h:187:31: note: previous definition is here
2022-12-27T02:26:13.8360320Z   typedef struct asn1_string_st ASN1_GENERALSTRING;
2022-12-27T02:26:13.8361730Z                                 ^
2022-12-27T02:26:13.8363160Z   In file included from src/boringssl/err_data.c:18:
2022-12-27T02:26:13.8364570Z   In file included from /usr/local/opt/openssl@3/include/openssl/err.h:28:
2022-12-27T02:26:13.8366200Z   /usr/local/opt/openssl@3/include/openssl/types.h:53:31: warning: redefinition of typedef 'ASN1_UNIVERSALSTRING' is a C11 feature [-Wtypedef-redefinition]
2022-12-27T02:26:13.8367450Z   typedef struct asn1_string_st ASN1_UNIVERSALSTRING;
2022-12-27T02:26:13.8368780Z                                 ^
2022-12-27T02:26:13.8370250Z   third_party/boringssl/include/openssl/base.h:195:31: note: previous definition is here
2022-12-27T02:26:13.8371630Z   typedef struct asn1_string_st ASN1_UNIVERSALSTRING;
2022-12-27T02:26:13.8372990Z                                 ^
2022-12-27T02:26:13.8374380Z   In file included from src/boringssl/err_data.c:18:
2022-12-27T02:26:13.8375770Z   In file included from /usr/local/opt/openssl@3/include/openssl/err.h:28:
2022-12-27T02:26:13.8377450Z   /usr/local/opt/openssl@3/include/openssl/types.h:54:31: warning: redefinition of typedef 'ASN1_BMPSTRING' is a C11 feature [-Wtypedef-redefinition]
2022-12-27T02:26:13.8378680Z   typedef struct asn1_string_st ASN1_BMPSTRING;
2022-12-27T02:26:13.8380000Z                                 ^
2022-12-27T02:26:13.8381550Z   third_party/boringssl/include/openssl/base.h:184:31: note: previous definition is here
2022-12-27T02:26:13.8382930Z   typedef struct asn1_string_st ASN1_BMPSTRING;
2022-12-27T02:26:13.8384260Z                                 ^
2022-12-27T02:26:13.8385660Z   In file included from src/boringssl/err_data.c:18:
2022-12-27T02:26:13.8387060Z   In file included from /usr/local/opt/openssl@3/include/openssl/err.h:28:
2022-12-27T02:26:13.8388700Z   /usr/local/opt/openssl@3/include/openssl/types.h:55:31: warning: redefinition of typedef 'ASN1_UTCTIME' is a C11 feature [-Wtypedef-redefinition]
2022-12-27T02:26:13.8389930Z   typedef struct asn1_string_st ASN1_UTCTIME;
2022-12-27T02:26:13.8391280Z                                 ^
2022-12-27T02:26:13.8392770Z   third_party/boringssl/include/openssl/base.h:196:31: note: previous definition is here
2022-12-27T02:26:13.8394130Z   typedef struct asn1_string_st ASN1_UTCTIME;
2022-12-27T02:26:13.8395450Z                                 ^
2022-12-27T02:26:13.8396870Z   In file included from src/boringssl/err_data.c:18:
2022-12-27T02:26:13.8398270Z   In file included from /usr/local/opt/openssl@3/include/openssl/err.h:28:
2022-12-27T02:26:13.8399880Z   /usr/local/opt/openssl@3/include/openssl/types.h:56:31: warning: redefinition of typedef 'ASN1_TIME' is a C11 feature [-Wtypedef-redefinition]
2022-12-27T02:26:13.8401180Z   typedef struct asn1_string_st ASN1_TIME;
2022-12-27T02:26:13.8402530Z                                 ^
2022-12-27T02:26:13.8404000Z   third_party/boringssl/include/openssl/base.h:194:31: note: previous definition is here
2022-12-27T02:26:13.8405570Z   typedef struct asn1_string_st ASN1_TIME;
2022-12-27T02:26:13.8406760Z                                 ^
2022-12-27T02:26:13.8408160Z   In file included from src/boringssl/err_data.c:18:
2022-12-27T02:26:13.8409650Z   In file included from /usr/local/opt/openssl@3/include/openssl/err.h:28:
2022-12-27T02:26:13.8411300Z   /usr/local/opt/openssl@3/include/openssl/types.h:57:31: warning: redefinition of typedef 'ASN1_GENERALIZEDTIME' is a C11 feature [-Wtypedef-redefinition]
2022-12-27T02:26:13.8412530Z   typedef struct asn1_string_st ASN1_GENERALIZEDTIME;
2022-12-27T02:26:13.8413930Z                                 ^
2022-12-27T02:26:13.8415360Z   third_party/boringssl/include/openssl/base.h:186:31: note: previous definition is here
2022-12-27T02:26:13.8416740Z   typedef struct asn1_string_st ASN1_GENERALIZEDTIME;
2022-12-27T02:26:13.8418080Z                                 ^
2022-12-27T02:26:13.8419580Z   In file included from src/boringssl/err_data.c:18:
2022-12-27T02:26:13.8421040Z   In file included from /usr/local/opt/openssl@3/include/openssl/err.h:28:
2022-12-27T02:26:13.8423410Z   /usr/local/opt/openssl@3/include/openssl/types.h:58:31: warning: redefinition of typedef 'ASN1_VISIBLESTRING' is a C11 feature [-Wtypedef-redefinition]
2022-12-27T02:26:13.8425070Z   typedef struct asn1_string_st ASN1_VISIBLESTRING;
2022-12-27T02:26:13.8426850Z                                 ^
2022-12-27T02:26:13.8428450Z   third_party/boringssl/include/openssl/base.h:198:31: note: previous definition is here
2022-12-27T02:26:13.8429820Z   typedef struct asn1_string_st ASN1_VISIBLESTRING;
2022-12-27T02:26:13.8431140Z                                 ^
2022-12-27T02:26:13.8432550Z   In file included from src/boringssl/err_data.c:18:
2022-12-27T02:26:13.8433940Z   In file included from /usr/local/opt/openssl@3/include/openssl/err.h:28:
2022-12-27T02:26:13.8435630Z   /usr/local/opt/openssl@3/include/openssl/types.h:59:31: warning: redefinition of typedef 'ASN1_UTF8STRING' is a C11 feature [-Wtypedef-redefinition]
2022-12-27T02:26:13.8436790Z   typedef struct asn1_string_st ASN1_UTF8STRING;
2022-12-27T02:26:13.8438100Z                                 ^
2022-12-27T02:26:13.8439560Z   third_party/boringssl/include/openssl/base.h:197:31: note: previous definition is here
2022-12-27T02:26:13.8442250Z   typedef struct asn1_string_st ASN1_UTF8STRING;
2022-12-27T02:26:13.8443740Z                                 ^
2022-12-27T02:26:13.8445340Z   In file included from src/boringssl/err_data.c:18:
2022-12-27T02:26:13.8446970Z   In file included from /usr/local/opt/openssl@3/include/openssl/err.h:28:
2022-12-27T02:26:13.8448740Z   /usr/local/opt/openssl@3/include/openssl/types.h:60:31: warning: redefinition of typedef 'ASN1_STRING' is a C11 feature [-Wtypedef-redefinition]
2022-12-27T02:26:13.8450010Z   typedef struct asn1_string_st ASN1_STRING;
2022-12-27T02:26:13.8451610Z                                 ^
2022-12-27T02:26:13.8453230Z   third_party/boringssl/include/openssl/base.h:192:31: note: previous definition is here
2022-12-27T02:26:13.8454670Z   typedef struct asn1_string_st ASN1_STRING;
2022-12-27T02:26:13.8456070Z                                 ^
2022-12-27T02:26:13.8457570Z   In file included from src/boringssl/err_data.c:18:
2022-12-27T02:26:13.8459200Z   In file included from /usr/local/opt/openssl@3/include/openssl/err.h:28:
2022-12-27T02:26:13.8461050Z   /usr/local/opt/openssl@3/include/openssl/types.h:61:13: warning: redefinition of typedef 'ASN1_BOOLEAN' is a C11 feature [-Wtypedef-redefinition]
2022-12-27T02:26:13.8462500Z   typedef int ASN1_BOOLEAN;
2022-12-27T02:26:13.8463890Z               ^
2022-12-27T02:26:13.8465420Z   third_party/boringssl/include/openssl/base.h:178:13: note: previous definition is here
2022-12-27T02:26:13.8467130Z   typedef int ASN1_BOOLEAN;
2022-12-27T02:26:13.8468690Z               ^
2022-12-27T02:26:13.8470090Z   In file included from src/boringssl/err_data.c:18:
2022-12-27T02:26:13.8471760Z   In file included from /usr/local/opt/openssl@3/include/openssl/err.h:28:
2022-12-27T02:26:13.8473750Z   /usr/local/opt/openssl@3/include/openssl/types.h:62:13: warning: redefinition of typedef 'ASN1_NULL' is a C11 feature [-Wtypedef-redefinition]
2022-12-27T02:26:13.8474840Z   typedef int ASN1_NULL;
2022-12-27T02:26:13.8476130Z               ^
2022-12-27T02:26:13.8477800Z   third_party/boringssl/include/openssl/base.h:179:13: note: previous definition is here
2022-12-27T02:26:13.8479160Z   typedef int ASN1_NULL;
2022-12-27T02:26:13.8480510Z               ^
2022-12-27T02:26:13.8482220Z   In file included from src/boringssl/err_data.c:18:
2022-12-27T02:26:13.8483670Z   In file included from /usr/local/opt/openssl@3/include/openssl/err.h:28:
2022-12-27T02:26:13.8485330Z   /usr/local/opt/openssl@3/include/openssl/types.h:65:29: warning: redefinition of typedef 'ASN1_TYPE' is a C11 feature [-Wtypedef-redefinition]
2022-12-27T02:26:13.8486570Z   typedef struct asn1_type_st ASN1_TYPE;
2022-12-27T02:26:13.8487930Z                               ^
2022-12-27T02:26:13.8489500Z   third_party/boringssl/include/openssl/base.h:199:29: note: previous definition is here
2022-12-27T02:26:13.8491000Z   typedef struct asn1_type_st ASN1_TYPE;
2022-12-27T02:26:13.8492730Z                               ^
2022-12-27T02:26:13.8494580Z   In file included from src/boringssl/err_data.c:18:
2022-12-27T02:26:13.8495700Z   In file included from /usr/local/opt/openssl@3/include/openssl/err.h:28:
2022-12-27T02:26:13.8497870Z   /usr/local/opt/openssl@3/include/openssl/types.h:66:31: warning: redefinition of typedef 'ASN1_OBJECT' is a C11 feature [-Wtypedef-redefinition]
2022-12-27T02:26:13.8498910Z   typedef struct asn1_object_st ASN1_OBJECT;
2022-12-27T02:26:13.8500300Z                                 ^
2022-12-27T02:26:13.8502410Z   third_party/boringssl/include/openssl/base.h:181:31: note: previous definition is here
2022-12-27T02:26:13.8504180Z   typedef struct asn1_object_st ASN1_OBJECT;
2022-12-27T02:26:13.8505490Z                                 ^
2022-12-27T02:26:13.8506910Z   In file included from src/boringssl/err_data.c:18:
2022-12-27T02:26:13.8508330Z   In file included from /usr/local/opt/openssl@3/include/openssl/err.h:28:
2022-12-27T02:26:13.8510020Z   /usr/local/opt/openssl@3/include/openssl/types.h:69:29: warning: redefinition of typedef 'ASN1_ITEM' is a C11 feature [-Wtypedef-redefinition]
2022-12-27T02:26:13.8511210Z   typedef struct ASN1_ITEM_st ASN1_ITEM;
2022-12-27T02:26:13.8512760Z                               ^
2022-12-27T02:26:13.8514270Z   third_party/boringssl/include/openssl/base.h:180:29: note: previous definition is here
2022-12-27T02:26:13.8515600Z   typedef struct ASN1_ITEM_st ASN1_ITEM;
2022-12-27T02:26:13.8516920Z                               ^
2022-12-27T02:26:13.8518340Z   In file included from src/boringssl/err_data.c:18:
2022-12-27T02:26:13.8519750Z   In file included from /usr/local/opt/openssl@3/include/openssl/err.h:28:
2022-12-27T02:26:13.8521480Z   /usr/local/opt/openssl@3/include/openssl/types.h:70:29: warning: redefinition of typedef 'ASN1_PCTX' is a C11 feature [-Wtypedef-redefinition]
2022-12-27T02:26:13.8522890Z   typedef struct asn1_pctx_st ASN1_PCTX;
2022-12-27T02:26:13.8524230Z                               ^
2022-12-27T02:26:13.8525710Z   third_party/boringssl/include/openssl/base.h:182:29: note: previous definition is here
2022-12-27T02:26:13.8527080Z   typedef struct asn1_pctx_st ASN1_PCTX;
2022-12-27T02:26:13.8528410Z                               ^
2022-12-27T02:26:13.8529820Z   In file included from src/boringssl/err_data.c:18:
2022-12-27T02:26:13.8531210Z   In file included from /usr/local/opt/openssl@3/include/openssl/err.h:28:
2022-12-27T02:26:13.8532990Z   /usr/local/opt/openssl@3/include/openssl/types.h:86:23: warning: redefinition of typedef 'BIO' is a C11 feature [-Wtypedef-redefinition]
2022-12-27T02:26:13.8534230Z   typedef struct bio_st BIO;
2022-12-27T02:26:13.8535610Z                         ^
2022-12-27T02:26:13.8537090Z   third_party/boringssl/include/openssl/base.h:235:23: note: previous definition is here
2022-12-27T02:26:13.8538440Z   typedef struct bio_st BIO;
2022-12-27T02:26:13.8539970Z                         ^
2022-12-27T02:26:13.8541520Z   In file included from src/boringssl/err_data.c:18:
2022-12-27T02:26:13.8543250Z   In file included from /usr/local/opt/openssl@3/include/openssl/err.h:28:
2022-12-27T02:26:13.8544820Z   /usr/local/opt/openssl@3/include/openssl/types.h:87:26: warning: redefinition of typedef 'BIGNUM' is a C11 feature [-Wtypedef-redefinition]
2022-12-27T02:26:13.8546170Z   typedef struct bignum_st BIGNUM;
2022-12-27T02:26:13.8547450Z                            ^
2022-12-27T02:26:13.8548920Z   third_party/boringssl/include/openssl/base.h:233:26: note: previous definition is here
2022-12-27T02:26:13.8550310Z   typedef struct bignum_st BIGNUM;
2022-12-27T02:26:13.8551570Z                            ^
2022-12-27T02:26:13.8553150Z   In file included from src/boringssl/err_data.c:18:
2022-12-27T02:26:13.8554590Z   In file included from /usr/local/opt/openssl@3/include/openssl/err.h:28:
2022-12-27T02:26:13.8556260Z   /usr/local/opt/openssl@3/include/openssl/types.h:88:27: warning: redefinition of typedef 'BN_CTX' is a C11 feature [-Wtypedef-redefinition]
2022-12-27T02:26:13.8557530Z   typedef struct bignum_ctx BN_CTX;
2022-12-27T02:26:13.8558840Z                             ^
2022-12-27T02:26:13.8560370Z   third_party/boringssl/include/openssl/base.h:232:27: note: previous definition is here
2022-12-27T02:26:13.8561740Z   typedef struct bignum_ctx BN_CTX;
2022-12-27T02:26:13.8563200Z                             ^
2022-12-27T02:26:13.8564680Z   In file included from src/boringssl/err_data.c:18:
2022-12-27T02:26:13.8566090Z   In file included from /usr/local/opt/openssl@3/include/openssl/err.h:28:
2022-12-27T02:26:13.8567740Z   /usr/local/opt/openssl@3/include/openssl/types.h:90:31: warning: redefinition of typedef 'BN_MONT_CTX' is a C11 feature [-Wtypedef-redefinition]
2022-12-27T02:26:13.8568910Z   typedef struct bn_mont_ctx_st BN_MONT_CTX;
2022-12-27T02:26:13.8570260Z                                 ^
2022-12-27T02:26:13.8571740Z   third_party/boringssl/include/openssl/base.h:237:31: note: previous definition is here
2022-12-27T02:26:13.8573090Z   typedef struct bn_mont_ctx_st BN_MONT_CTX;
2022-12-27T02:26:13.8574610Z                                 ^
2022-12-27T02:26:13.8576020Z   In file included from src/boringssl/err_data.c:18:
2022-12-27T02:26:13.8577430Z   In file included from /usr/local/opt/openssl@3/include/openssl/err.h:28:
2022-12-27T02:26:13.8579070Z   /usr/local/opt/openssl@3/include/openssl/types.h:92:28: warning: redefinition of typedef 'BN_GENCB' is a C11 feature [-Wtypedef-redefinition]
2022-12-27T02:26:13.8580470Z   typedef struct bn_gencb_st BN_GENCB;
2022-12-27T02:26:13.8581780Z                              ^
2022-12-27T02:26:13.8583550Z   third_party/boringssl/include/openssl/base.h:236:28: note: previous definition is here
2022-12-27T02:26:13.8584800Z   typedef struct bn_gencb_st BN_GENCB;
2022-12-27T02:26:13.8586180Z                              ^
2022-12-27T02:26:13.8587670Z   In file included from src/boringssl/err_data.c:18:
2022-12-27T02:26:13.8588960Z   In file included from /usr/local/opt/openssl@3/include/openssl/err.h:28:
2022-12-27T02:26:13.8590550Z   /usr/local/opt/openssl@3/include/openssl/types.h:94:27: warning: redefinition of typedef 'BUF_MEM' is a C11 feature [-Wtypedef-redefinition]
2022-12-27T02:26:13.8591750Z   typedef struct buf_mem_st BUF_MEM;
2022-12-27T02:26:13.8593040Z                             ^
2022-12-27T02:26:13.8594690Z   third_party/boringssl/include/openssl/base.h:238:27: note: previous definition is here
2022-12-27T02:26:13.8596050Z   typedef struct buf_mem_st BUF_MEM;
2022-12-27T02:26:13.8597380Z                             ^
2022-12-27T02:26:13.8598780Z   In file included from src/boringssl/err_data.c:18:
2022-12-27T02:26:13.8600170Z   In file included from /usr/local/opt/openssl@3/include/openssl/err.h:28:
2022-12-27T02:26:13.8601920Z   /usr/local/opt/openssl@3/include/openssl/types.h:101:30: warning: redefinition of typedef 'EVP_CIPHER' is a C11 feature [-Wtypedef-redefinition]
2022-12-27T02:26:13.8603650Z   typedef struct evp_cipher_st EVP_CIPHER;
2022-12-27T02:26:13.8604630Z                                ^
2022-12-27T02:26:13.8606120Z   third_party/boringssl/include/openssl/base.h:256:30: note: previous definition is here
2022-12-27T02:26:13.8607460Z   typedef struct evp_cipher_st EVP_CIPHER;
2022-12-27T02:26:13.8608770Z                                ^
2022-12-27T02:26:13.8610170Z   In file included from src/boringssl/err_data.c:18:
2022-12-27T02:26:13.8611570Z   In file included from /usr/local/opt/openssl@3/include/openssl/err.h:28:
2022-12-27T02:26:13.8613190Z   /usr/local/opt/openssl@3/include/openssl/types.h:102:34: warning: redefinition of typedef 'EVP_CIPHER_CTX' is a C11 feature [-Wtypedef-redefinition]
2022-12-27T02:26:13.8614540Z   typedef struct evp_cipher_ctx_st EVP_CIPHER_CTX;
2022-12-27T02:26:13.8615900Z                                    ^
2022-12-27T02:26:13.8617370Z   third_party/boringssl/include/openssl/base.h:255:34: note: previous definition is here
2022-12-27T02:26:13.8618730Z   typedef struct evp_cipher_ctx_st EVP_CIPHER_CTX;
2022-12-27T02:26:13.8620010Z                                    ^
2022-12-27T02:26:13.8621520Z   In file included from src/boringssl/err_data.c:18:
2022-12-27T02:26:13.8622900Z   In file included from /usr/local/opt/openssl@3/include/openssl/err.h:28:
2022-12-27T02:26:13.8624530Z   /usr/local/opt/openssl@3/include/openssl/types.h:103:26: error: typedef redefinition with different types ('struct evp_md_st' vs 'struct env_md_st')
2022-12-27T02:26:13.8625880Z   typedef struct evp_md_st EVP_MD;
2022-12-27T02:26:13.8627220Z                            ^
2022-12-27T02:26:13.8628710Z   third_party/boringssl/include/openssl/base.h:253:26: note: previous definition is here
2022-12-27T02:26:13.8630050Z   typedef struct env_md_st EVP_MD;
2022-12-27T02:26:13.8631370Z                            ^
2022-12-27T02:26:13.8632810Z   In file included from src/boringssl/err_data.c:18:
2022-12-27T02:26:13.8634180Z   In file included from /usr/local/opt/openssl@3/include/openssl/err.h:28:
2022-12-27T02:26:13.8635980Z   /usr/local/opt/openssl@3/include/openssl/types.h:104:30: error: typedef redefinition with different types ('struct evp_md_ctx_st' vs 'struct env_md_ctx_st')
2022-12-27T02:26:13.8637190Z   typedef struct evp_md_ctx_st EVP_MD_CTX;
2022-12-27T02:26:13.8638520Z                                ^
2022-12-27T02:26:13.8639970Z   third_party/boringssl/include/openssl/base.h:252:30: note: previous definition is here
2022-12-27T02:26:13.8641530Z   typedef struct env_md_ctx_st EVP_MD_CTX;
2022-12-27T02:26:13.8642850Z                                ^
2022-12-27T02:26:13.8644240Z   In file included from src/boringssl/err_data.c:18:
2022-12-27T02:26:13.8645840Z   In file included from /usr/local/opt/openssl@3/include/openssl/err.h:28:
2022-12-27T02:26:13.8647460Z   /usr/local/opt/openssl@3/include/openssl/types.h:107:28: warning: redefinition of typedef 'EVP_PKEY' is a C11 feature [-Wtypedef-redefinition]
2022-12-27T02:26:13.8648660Z   typedef struct evp_pkey_st EVP_PKEY;
2022-12-27T02:26:13.8649990Z                              ^
2022-12-27T02:26:13.8651440Z   third_party/boringssl/include/openssl/base.h:261:28: note: previous definition is here
2022-12-27T02:26:13.8652760Z   typedef struct evp_pkey_st EVP_PKEY;
2022-12-27T02:26:13.8654090Z                              ^
2022-12-27T02:26:13.8655690Z   In file included from src/boringssl/err_data.c:18:
2022-12-27T02:26:13.8657110Z   In file included from /usr/local/opt/openssl@3/include/openssl/err.h:28:
2022-12-27T02:26:13.8658760Z   /usr/local/opt/openssl@3/include/openssl/types.h:109:40: warning: redefinition of typedef 'EVP_PKEY_ASN1_METHOD' is a C11 feature [-Wtypedef-redefinition]
2022-12-27T02:26:13.8660220Z   typedef struct evp_pkey_asn1_method_st EVP_PKEY_ASN1_METHOD;
2022-12-27T02:26:13.8661490Z                                          ^
2022-12-27T02:26:13.8662950Z   third_party/boringssl/include/openssl/base.h:258:40: note: previous definition is here
2022-12-27T02:26:13.8664310Z   typedef struct evp_pkey_asn1_method_st EVP_PKEY_ASN1_METHOD;
2022-12-27T02:26:13.8665990Z                                          ^
2022-12-27T02:26:13.8667260Z   In file included from src/boringssl/err_data.c:18:
2022-12-27T02:26:13.8668640Z   In file included from /usr/local/opt/openssl@3/include/openssl/err.h:28:
2022-12-27T02:26:13.8670400Z   /usr/local/opt/openssl@3/include/openssl/types.h:111:35: warning: redefinition of typedef 'EVP_PKEY_METHOD' is a C11 feature [-Wtypedef-redefinition]
2022-12-27T02:26:13.8671480Z   typedef struct evp_pkey_method_st EVP_PKEY_METHOD;
2022-12-27T02:26:13.8672830Z                                     ^
2022-12-27T02:26:13.8674300Z   third_party/boringssl/include/openssl/base.h:260:35: note: previous definition is here
2022-12-27T02:26:13.8675780Z   typedef struct evp_pkey_method_st EVP_PKEY_METHOD;
2022-12-27T02:26:13.8677140Z                                     ^
2022-12-27T02:26:13.8678560Z   In file included from src/boringssl/err_data.c:18:
2022-12-27T02:26:13.8679980Z   In file included from /usr/local/opt/openssl@3/include/openssl/err.h:28:
2022-12-27T02:26:13.8681950Z   /usr/local/opt/openssl@3/include/openssl/types.h:112:32: warning: redefinition of typedef 'EVP_PKEY_CTX' is a C11 feature [-Wtypedef-redefinition]
2022-12-27T02:26:13.8682970Z   typedef struct evp_pkey_ctx_st EVP_PKEY_CTX;
2022-12-27T02:26:13.8684350Z                                  ^
2022-12-27T02:26:13.8685830Z   third_party/boringssl/include/openssl/base.h:259:32: note: previous definition is here
2022-12-27T02:26:13.8687150Z   typedef struct evp_pkey_ctx_st EVP_PKEY_CTX;
2022-12-27T02:26:13.8688460Z                                  ^
2022-12-27T02:26:13.8689870Z   In file included from src/boringssl/err_data.c:18:
2022-12-27T02:26:13.8691600Z   In file included from /usr/local/opt/openssl@3/include/openssl/err.h:28:
2022-12-27T02:26:13.8693270Z   /usr/local/opt/openssl@3/include/openssl/types.h:130:34: error: typedef redefinition with different types ('struct evp_Encode_Ctx_st' vs 'struct evp_encode_ctx_st')
2022-12-27T02:26:13.8694680Z   typedef struct evp_Encode_Ctx_st EVP_ENCODE_CTX;
2022-12-27T02:26:13.8695770Z                                    ^
2022-12-27T02:26:13.8697260Z   third_party/boringssl/include/openssl/base.h:257:34: note: previous definition is here
2022-12-27T02:26:13.8698600Z   typedef struct evp_encode_ctx_st EVP_ENCODE_CTX;
2022-12-27T02:26:13.8699910Z                                    ^
2022-12-27T02:26:13.8701600Z   In file included from src/boringssl/err_data.c:18:
2022-12-27T02:26:13.8703020Z   In file included from /usr/local/opt/openssl@3/include/openssl/err.h:28:
2022-12-27T02:26:13.8704720Z   /usr/local/opt/openssl@3/include/openssl/types.h:132:28: warning: redefinition of typedef 'HMAC_CTX' is a C11 feature [-Wtypedef-redefinition]
2022-12-27T02:26:13.8705930Z   typedef struct hmac_ctx_st HMAC_CTX;
2022-12-27T02:26:13.8707170Z                              ^
2022-12-27T02:26:13.8708660Z   third_party/boringssl/include/openssl/base.h:262:28: note: previous definition is here
2022-12-27T02:26:13.8709960Z   typedef struct hmac_ctx_st HMAC_CTX;
2022-12-27T02:26:13.8711450Z                              ^
2022-12-27T02:26:13.8712920Z   In file included from src/boringssl/err_data.c:18:
2022-12-27T02:26:13.8714330Z   In file included from /usr/local/opt/openssl@3/include/openssl/err.h:28:
2022-12-27T02:26:13.8715980Z   /usr/local/opt/openssl@3/include/openssl/types.h:134:22: warning: redefinition of typedef 'DH' is a C11 feature [-Wtypedef-redefinition]
2022-12-27T02:26:13.8717150Z   typedef struct dh_st DH;
2022-12-27T02:26:13.8718380Z                        ^
2022-12-27T02:26:13.8719860Z   third_party/boringssl/include/openssl/base.h:244:22: note: previous definition is here
2022-12-27T02:26:13.8721230Z   typedef struct dh_st DH;
2022-12-27T02:26:13.8722710Z                        ^
2022-12-27T02:26:13.8724130Z   In file included from src/boringssl/err_data.c:18:
2022-12-27T02:26:13.8725530Z   In file included from /usr/local/opt/openssl@3/include/openssl/err.h:28:
2022-12-27T02:26:13.8727320Z   /usr/local/opt/openssl@3/include/openssl/types.h:138:23: warning: redefinition of typedef 'DSA' is a C11 feature [-Wtypedef-redefinition]
2022-12-27T02:26:13.8728220Z   typedef struct dsa_st DSA;
2022-12-27T02:26:13.8729610Z                         ^
2022-12-27T02:26:13.8731110Z   third_party/boringssl/include/openssl/base.h:245:23: note: previous definition is here
2022-12-27T02:26:13.8732590Z   typedef struct dsa_st DSA;
2022-12-27T02:26:13.8733930Z                         ^
2022-12-27T02:26:13.8735350Z   In file included from src/boringssl/err_data.c:18:
2022-12-27T02:26:13.8736750Z   In file included from /usr/local/opt/openssl@3/include/openssl/err.h:28:
2022-12-27T02:26:13.8738420Z   /usr/local/opt/openssl@3/include/openssl/types.h:143:23: warning: redefinition of typedef 'RSA' is a C11 feature [-Wtypedef-redefinition]
2022-12-27T02:26:13.8739430Z   typedef struct rsa_st RSA;
2022-12-27T02:26:13.8740920Z                         ^
2022-12-27T02:26:13.8742850Z   third_party/boringssl/include/openssl/base.h:272:23: note: previous definition is here
2022-12-27T02:26:13.8744330Z   typedef struct rsa_st RSA;
2022-12-27T02:26:13.8746860Z                         ^
2022-12-27T02:26:13.8749800Z   In file included from src/boringssl/err_data.c:18:
2022-12-27T02:26:13.8752710Z   In file included from /usr/local/opt/openssl@3/include/openssl/err.h:28:
2022-12-27T02:26:13.8755720Z   /usr/local/opt/openssl@3/include/openssl/types.h:144:28: warning: redefinition of typedef 'RSA_METHOD' is a C11 feature [-Wtypedef-redefinition]
2022-12-27T02:26:13.8758420Z   typedef struct rsa_meth_st RSA_METHOD;
2022-12-27T02:26:13.8760570Z                              ^
2022-12-27T02:26:13.8763080Z   third_party/boringssl/include/openssl/base.h:271:28: note: previous definition is here
2022-12-27T02:26:13.8765530Z   typedef struct rsa_meth_st RSA_METHOD;
2022-12-27T02:26:13.8767090Z                              ^
2022-12-27T02:26:13.8768690Z   In file included from src/boringssl/err_data.c:18:
2022-12-27T02:26:13.8770250Z   In file included from /usr/local/opt/openssl@3/include/openssl/err.h:28:
2022-12-27T02:26:13.8772060Z   /usr/local/opt/openssl@3/include/openssl/types.h:149:26: warning: redefinition of typedef 'EC_KEY' is a C11 feature [-Wtypedef-redefinition]
2022-12-27T02:26:13.8773230Z   typedef struct ec_key_st EC_KEY;
2022-12-27T02:26:13.8774590Z                            ^
2022-12-27T02:26:13.8776150Z   third_party/boringssl/include/openssl/base.h:247:26: note: previous definition is here
2022-12-27T02:26:13.8777600Z   typedef struct ec_key_st EC_KEY;
2022-12-27T02:26:13.8778990Z                            ^
2022-12-27T02:26:13.8780460Z   In file included from src/boringssl/err_data.c:18:
2022-12-27T02:26:13.8782040Z   In file included from /usr/local/opt/openssl@3/include/openssl/err.h:28:
2022-12-27T02:26:13.8783750Z   /usr/local/opt/openssl@3/include/openssl/types.h:153:29: warning: redefinition of typedef 'RAND_METHOD' is a C11 feature [-Wtypedef-redefinition]
2022-12-27T02:26:13.8784970Z   typedef struct rand_meth_st RAND_METHOD;
2022-12-27T02:26:13.8786340Z                               ^
2022-12-27T02:26:13.8787860Z   third_party/boringssl/include/openssl/base.h:269:29: note: previous definition is here
2022-12-27T02:26:13.8789270Z   typedef struct rand_meth_st RAND_METHOD;
2022-12-27T02:26:13.8790650Z                               ^
2022-12-27T02:26:13.8792100Z   In file included from src/boringssl/err_data.c:18:
2022-12-27T02:26:13.8793660Z   In file included from /usr/local/opt/openssl@3/include/openssl/err.h:28:
2022-12-27T02:26:13.8795370Z   /usr/local/opt/openssl@3/include/openssl/types.h:157:24: warning: redefinition of typedef 'X509' is a C11 feature [-Wtypedef-redefinition]
2022-12-27T02:26:13.8796620Z   typedef struct x509_st X509;
2022-12-27T02:26:13.8797980Z                          ^
2022-12-27T02:26:13.8799510Z   third_party/boringssl/include/openssl/base.h:293:24: note: previous definition is here
2022-12-27T02:26:13.8800900Z   typedef struct x509_st X509;
2022-12-27T02:26:13.8802310Z                          ^
2022-12-27T02:26:13.8803980Z   In file included from src/boringssl/err_data.c:18:
2022-12-27T02:26:13.8805260Z   In file included from /usr/local/opt/openssl@3/include/openssl/err.h:28:
2022-12-27T02:26:13.8806900Z   /usr/local/opt/openssl@3/include/openssl/types.h:158:30: warning: redefinition of typedef 'X509_ALGOR' is a C11 feature [-Wtypedef-redefinition]
2022-12-27T02:26:13.8808140Z   typedef struct X509_algor_st X509_ALGOR;
2022-12-27T02:26:13.8809500Z                                ^
2022-12-27T02:26:13.8811010Z   third_party/boringssl/include/openssl/base.h:219:30: note: previous definition is here
2022-12-27T02:26:13.8812390Z   typedef struct X509_algor_st X509_ALGOR;
2022-12-27T02:26:13.8814000Z                                ^
2022-12-27T02:26:13.8816020Z   In file included from src/boringssl/err_data.c:18:
2022-12-27T02:26:13.8817590Z   In file included from /usr/local/opt/openssl@3/include/openssl/err.h:28:
2022-12-27T02:26:13.8819360Z   /usr/local/opt/openssl@3/include/openssl/types.h:159:28: warning: redefinition of typedef 'X509_CRL' is a C11 feature [-Wtypedef-redefinition]
2022-12-27T02:26:13.8820680Z   typedef struct X509_crl_st X509_CRL;
2022-12-27T02:26:13.8822200Z                              ^
2022-12-27T02:26:13.8823810Z   third_party/boringssl/include/openssl/base.h:221:28: note: previous definition is here
2022-12-27T02:26:13.8825140Z   typedef struct X509_crl_st X509_CRL;
2022-12-27T02:26:13.8826520Z                              ^
2022-12-27T02:26:13.8827990Z   In file included from src/boringssl/err_data.c:18:
2022-12-27T02:26:13.8829430Z   In file included from /usr/local/opt/openssl@3/include/openssl/err.h:28:
2022-12-27T02:26:13.8831190Z   /usr/local/opt/openssl@3/include/openssl/types.h:160:35: warning: redefinition of typedef 'X509_CRL_METHOD' is a C11 feature [-Wtypedef-redefinition]
2022-12-27T02:26:13.8832460Z   typedef struct x509_crl_method_st X509_CRL_METHOD;
2022-12-27T02:26:13.8833910Z                                     ^
2022-12-27T02:26:13.8835360Z   third_party/boringssl/include/openssl/base.h:290:35: note: previous definition is here
2022-12-27T02:26:13.8836770Z   typedef struct x509_crl_method_st X509_CRL_METHOD;
2022-12-27T02:26:13.8838130Z                                     ^
2022-12-27T02:26:13.8839570Z   In file included from src/boringssl/err_data.c:18:
2022-12-27T02:26:13.8841050Z   In file included from /usr/local/opt/openssl@3/include/openssl/err.h:28:
2022-12-27T02:26:13.8842740Z   /usr/local/opt/openssl@3/include/openssl/types.h:161:32: warning: redefinition of typedef 'X509_REVOKED' is a C11 feature [-Wtypedef-redefinition]
2022-12-27T02:26:13.8844050Z   typedef struct x509_revoked_st X509_REVOKED;
2022-12-27T02:26:13.8845360Z                                  ^
2022-12-27T02:26:13.8846990Z   third_party/boringssl/include/openssl/base.h:292:32: note: previous definition is here
2022-12-27T02:26:13.8848400Z   typedef struct x509_revoked_st X509_REVOKED;
2022-12-27T02:26:13.8849760Z                                  ^
2022-12-27T02:26:13.8851210Z   In file included from src/boringssl/err_data.c:18:
2022-12-27T02:26:13.8852640Z   In file included from /usr/local/opt/openssl@3/include/openssl/err.h:28:
2022-12-27T02:26:13.8854350Z   /usr/local/opt/openssl@3/include/openssl/types.h:162:29: warning: redefinition of typedef 'X509_NAME' is a C11 feature [-Wtypedef-redefinition]
2022-12-27T02:26:13.8855540Z   typedef struct X509_name_st X509_NAME;
2022-12-27T02:26:13.8856900Z                               ^
2022-12-27T02:26:13.8858400Z   third_party/boringssl/include/openssl/base.h:225:29: note: previous definition is here
2022-12-27T02:26:13.8859770Z   typedef struct X509_name_st X509_NAME;
2022-12-27T02:26:13.8861260Z                               ^
2022-12-27T02:26:13.8862700Z   In file included from src/boringssl/err_data.c:18:
2022-12-27T02:26:13.8864230Z   In file included from /usr/local/opt/openssl@3/include/openssl/err.h:28:
2022-12-27T02:26:13.8865810Z   /usr/local/opt/openssl@3/include/openssl/types.h:163:31: warning: redefinition of typedef 'X509_PUBKEY' is a C11 feature [-Wtypedef-redefinition]
2022-12-27T02:26:13.8867220Z   typedef struct X509_pubkey_st X509_PUBKEY;
2022-12-27T02:26:13.8868380Z                                 ^
2022-12-27T02:26:13.8869850Z   third_party/boringssl/include/openssl/base.h:227:31: note: previous definition is here
2022-12-27T02:26:13.8871210Z   typedef struct X509_pubkey_st X509_PUBKEY;
2022-12-27T02:26:13.8872570Z                                 ^
2022-12-27T02:26:13.8874100Z   In file included from src/boringssl/err_data.c:18:
2022-12-27T02:26:13.8875540Z   In file included from /usr/local/opt/openssl@3/include/openssl/err.h:28:
2022-12-27T02:26:13.8877180Z   /usr/local/opt/openssl@3/include/openssl/types.h:164:30: warning: redefinition of typedef 'X509_STORE' is a C11 feature [-Wtypedef-redefinition]
2022-12-27T02:26:13.8878440Z   typedef struct x509_store_st X509_STORE;
2022-12-27T02:26:13.8879830Z                                ^
2022-12-27T02:26:13.8881410Z   third_party/boringssl/include/openssl/base.h:295:30: note: previous definition is here
2022-12-27T02:26:13.8882800Z   typedef struct x509_store_st X509_STORE;
2022-12-27T02:26:13.8884150Z                                ^
2022-12-27T02:26:13.8885640Z   In file included from src/boringssl/err_data.c:18:
2022-12-27T02:26:13.8887040Z   In file included from /usr/local/opt/openssl@3/include/openssl/err.h:28:
2022-12-27T02:26:13.8888690Z   /usr/local/opt/openssl@3/include/openssl/types.h:165:34: warning: redefinition of typedef 'X509_STORE_CTX' is a C11 feature [-Wtypedef-redefinition]
2022-12-27T02:26:13.8889910Z   typedef struct x509_store_ctx_st X509_STORE_CTX;
2022-12-27T02:26:13.8891250Z                                    ^
2022-12-27T02:26:13.8892750Z   third_party/boringssl/include/openssl/base.h:294:34: note: previous definition is here
2022-12-27T02:26:13.8894360Z   typedef struct x509_store_ctx_st X509_STORE_CTX;
2022-12-27T02:26:13.8895760Z                                    ^
2022-12-27T02:26:13.8897180Z   In file included from src/boringssl/err_data.c:18:
2022-12-27T02:26:13.8898590Z   In file included from /usr/local/opt/openssl@3/include/openssl/err.h:28:
2022-12-27T02:26:13.8900250Z   /usr/local/opt/openssl@3/include/openssl/types.h:168:31: warning: redefinition of typedef 'X509_LOOKUP' is a C11 feature [-Wtypedef-redefinition]
2022-12-27T02:26:13.8901570Z   typedef struct x509_lookup_st X509_LOOKUP;
2022-12-27T02:26:13.8902890Z                                 ^
2022-12-27T02:26:13.8904400Z   third_party/boringssl/include/openssl/base.h:291:31: note: previous definition is here
2022-12-27T02:26:13.8905850Z   typedef struct x509_lookup_st X509_LOOKUP;
2022-12-27T02:26:13.8907170Z                                 ^
2022-12-27T02:26:13.8908610Z   In file included from src/boringssl/err_data.c:18:
2022-12-27T02:26:13.8910030Z   In file included from /usr/local/opt/openssl@3/include/openssl/err.h:28:
2022-12-27T02:26:13.8911690Z   /usr/local/opt/openssl@3/include/openssl/types.h:170:37: warning: redefinition of typedef 'X509_VERIFY_PARAM' is a C11 feature [-Wtypedef-redefinition]
2022-12-27T02:26:13.8912930Z   typedef struct X509_VERIFY_PARAM_st X509_VERIFY_PARAM;
2022-12-27T02:26:13.8914390Z                                       ^
2022-12-27T02:26:13.8915960Z   third_party/boringssl/include/openssl/base.h:218:37: note: previous definition is here
2022-12-27T02:26:13.8917280Z   typedef struct X509_VERIFY_PARAM_st X509_VERIFY_PARAM;
2022-12-27T02:26:13.8918580Z                                       ^
2022-12-27T02:26:13.8919990Z   In file included from src/boringssl/err_data.c:18:
2022-12-27T02:26:13.8921470Z   In file included from /usr/local/opt/openssl@3/include/openssl/err.h:28:
2022-12-27T02:26:13.8923100Z   /usr/local/opt/openssl@3/include/openssl/types.h:174:39: warning: redefinition of typedef 'PKCS8_PRIV_KEY_INFO' is a C11 feature [-Wtypedef-redefinition]
2022-12-27T02:26:13.8924300Z   typedef struct pkcs8_priv_key_info_st PKCS8_PRIV_KEY_INFO;
2022-12-27T02:26:13.8925660Z                                         ^
2022-12-27T02:26:13.8927200Z   third_party/boringssl/include/openssl/base.h:267:39: note: previous definition is here
2022-12-27T02:26:13.8928460Z   typedef struct pkcs8_priv_key_info_st PKCS8_PRIV_KEY_INFO;
2022-12-27T02:26:13.8929770Z                                         ^
2022-12-27T02:26:13.8931300Z   In file included from src/boringssl/err_data.c:18:
2022-12-27T02:26:13.8942340Z   In file included from /usr/local/opt/openssl@3/include/openssl/err.h:28:
2022-12-27T02:26:13.8942770Z   /usr/local/opt/openssl@3/include/openssl/types.h:176:27: warning: redefinition of typedef 'X509V3_CTX' is a C11 feature [-Wtypedef-redefinition]
2022-12-27T02:26:13.8942990Z   typedef struct v3_ext_ctx X509V3_CTX;
2022-12-27T02:26:13.8943120Z                             ^
2022-12-27T02:26:13.8943280Z   third_party/boringssl/include/openssl/base.h:285:27: note: previous definition is here
2022-12-27T02:26:13.8943450Z   typedef struct v3_ext_ctx X509V3_CTX;
2022-12-27T02:26:13.8943590Z                             ^
2022-12-27T02:26:13.8943720Z   In file included from src/boringssl/err_data.c:18:
2022-12-27T02:26:13.8943910Z   In file included from /usr/local/opt/openssl@3/include/openssl/err.h:28:
2022-12-27T02:26:13.8945260Z   /usr/local/opt/openssl@3/include/openssl/types.h:177:24: warning: redefinition of typedef 'CONF' is a C11 feature [-Wtypedef-redefinition]
2022-12-27T02:26:13.8946430Z   typedef struct conf_st CONF;
2022-12-27T02:26:13.8947850Z                          ^
2022-12-27T02:26:13.8949310Z   third_party/boringssl/include/openssl/base.h:242:24: note: previous definition is here
2022-12-27T02:26:13.8950630Z   typedef struct conf_st CONF;
2022-12-27T02:26:13.8951940Z                          ^
2022-12-27T02:26:13.8953390Z   In file included from src/boringssl/err_data.c:18:
2022-12-27T02:26:13.8954820Z   In file included from /usr/local/opt/openssl@3/include/openssl/err.h:28:
2022-12-27T02:26:13.8956540Z   /usr/local/opt/openssl@3/include/openssl/types.h:183:26: warning: redefinition of typedef 'ENGINE' is a C11 feature [-Wtypedef-redefinition]
2022-12-27T02:26:13.8957690Z   typedef struct engine_st ENGINE;
2022-12-27T02:26:13.8959020Z                            ^
2022-12-27T02:26:13.8960510Z   third_party/boringssl/include/openssl/base.h:251:26: note: previous definition is here
2022-12-27T02:26:13.8961940Z   typedef struct engine_st ENGINE;
2022-12-27T02:26:13.8963250Z                            ^
2022-12-27T02:26:13.8964650Z   In file included from src/boringssl/err_data.c:18:
2022-12-27T02:26:13.8966140Z   In file included from /usr/local/opt/openssl@3/include/openssl/err.h:28:
2022-12-27T02:26:13.8967660Z   /usr/local/opt/openssl@3/include/openssl/types.h:184:23: warning: redefinition of typedef 'SSL' is a C11 feature [-Wtypedef-redefinition]
2022-12-27T02:26:13.8968810Z   typedef struct ssl_st SSL;
2022-12-27T02:26:13.8970150Z                         ^
2022-12-27T02:26:13.8971610Z   third_party/boringssl/include/openssl/base.h:283:23: note: previous definition is here
2022-12-27T02:26:13.8972940Z   typedef struct ssl_st SSL;
2022-12-27T02:26:13.8974260Z                         ^
2022-12-27T02:26:13.8975670Z   In file included from src/boringssl/err_data.c:18:
2022-12-27T02:26:13.8977130Z   In file included from /usr/local/opt/openssl@3/include/openssl/err.h:28:
2022-12-27T02:26:13.8978700Z   /usr/local/opt/openssl@3/include/openssl/types.h:185:27: warning: redefinition of typedef 'SSL_CTX' is a C11 feature [-Wtypedef-redefinition]
2022-12-27T02:26:13.8979860Z   typedef struct ssl_ctx_st SSL_CTX;
2022-12-27T02:26:13.8981270Z                             ^
2022-12-27T02:26:13.8982730Z   third_party/boringssl/include/openssl/base.h:279:27: note: previous definition is here
2022-12-27T02:26:13.8984070Z   typedef struct ssl_ctx_st SSL_CTX;
2022-12-27T02:26:13.8985380Z                             ^
2022-12-27T02:26:13.8986860Z   In file included from src/boringssl/err_data.c:18:
2022-12-27T02:26:13.8988230Z   In file included from /usr/local/opt/openssl@3/include/openssl/err.h:28:
2022-12-27T02:26:13.8989980Z   /usr/local/opt/openssl@3/include/openssl/types.h:190:36: warning: redefinition of typedef 'X509_POLICY_NODE' is a C11 feature [-Wtypedef-redefinition]
2022-12-27T02:26:13.8991080Z   typedef struct X509_POLICY_NODE_st X509_POLICY_NODE;
2022-12-27T02:26:13.8992440Z                                      ^
2022-12-27T02:26:13.8993900Z   third_party/boringssl/include/openssl/base.h:216:36: note: previous definition is here
2022-12-27T02:26:13.8995260Z   typedef struct X509_POLICY_NODE_st X509_POLICY_NODE;
2022-12-27T02:26:13.8996640Z                                      ^
2022-12-27T02:26:13.8998040Z   In file included from src/boringssl/err_data.c:18:
2022-12-27T02:26:13.8999390Z   In file included from /usr/local/opt/openssl@3/include/openssl/err.h:28:
2022-12-27T02:26:13.9001070Z   /usr/local/opt/openssl@3/include/openssl/types.h:191:37: warning: redefinition of typedef 'X509_POLICY_LEVEL' is a C11 feature [-Wtypedef-redefinition]
2022-12-27T02:26:13.9002380Z   typedef struct X509_POLICY_LEVEL_st X509_POLICY_LEVEL;
2022-12-27T02:26:13.9003630Z                                       ^
2022-12-27T02:26:13.9005090Z   third_party/boringssl/include/openssl/base.h:215:37: note: previous definition is here
2022-12-27T02:26:13.9006450Z   typedef struct X509_POLICY_LEVEL_st X509_POLICY_LEVEL;
2022-12-27T02:26:13.9007760Z                                       ^
2022-12-27T02:26:13.9009170Z   In file included from src/boringssl/err_data.c:18:
2022-12-27T02:26:13.9010570Z   In file included from /usr/local/opt/openssl@3/include/openssl/err.h:28:
2022-12-27T02:26:13.9012250Z   /usr/local/opt/openssl@3/include/openssl/types.h:192:36: warning: redefinition of typedef 'X509_POLICY_TREE' is a C11 feature [-Wtypedef-redefinition]
2022-12-27T02:26:13.9013460Z   typedef struct X509_POLICY_TREE_st X509_POLICY_TREE;
2022-12-27T02:26:13.9014730Z                                      ^
2022-12-27T02:26:13.9016190Z   third_party/boringssl/include/openssl/base.h:217:36: note: previous definition is here
2022-12-27T02:26:13.9017550Z   typedef struct X509_POLICY_TREE_st X509_POLICY_TREE;
2022-12-27T02:26:13.9018860Z                                      ^
2022-12-27T02:26:13.9020270Z   In file included from src/boringssl/err_data.c:18:
2022-12-27T02:26:13.9021760Z   In file included from /usr/local/opt/openssl@3/include/openssl/err.h:28:
2022-12-27T02:26:13.9023460Z   /usr/local/opt/openssl@3/include/openssl/types.h:193:37: warning: redefinition of typedef 'X509_POLICY_CACHE' is a C11 feature [-Wtypedef-redefinition]
2022-12-27T02:26:13.9024610Z   typedef struct X509_POLICY_CACHE_st X509_POLICY_CACHE;
2022-12-27T02:26:13.9025930Z                                       ^
2022-12-27T02:26:13.9027400Z   third_party/boringssl/include/openssl/base.h:214:37: note: previous definition is here
2022-12-27T02:26:13.9028740Z   typedef struct X509_POLICY_CACHE_st X509_POLICY_CACHE;
2022-12-27T02:26:13.9030060Z                                       ^
2022-12-27T02:26:13.9031470Z   In file included from src/boringssl/err_data.c:18:
2022-12-27T02:26:13.9032980Z   In file included from /usr/local/opt/openssl@3/include/openssl/err.h:28:
2022-12-27T02:26:13.9034510Z   /usr/local/opt/openssl@3/include/openssl/types.h:195:35: warning: redefinition of typedef 'AUTHORITY_KEYID' is a C11 feature [-Wtypedef-redefinition]
2022-12-27T02:26:13.9035700Z   typedef struct AUTHORITY_KEYID_st AUTHORITY_KEYID;
2022-12-27T02:26:13.9037000Z                                     ^
2022-12-27T02:26:13.9038460Z   third_party/boringssl/include/openssl/base.h:201:35: note: previous definition is here
2022-12-27T02:26:13.9039800Z   typedef struct AUTHORITY_KEYID_st AUTHORITY_KEYID;
2022-12-27T02:26:13.9041210Z                                     ^
2022-12-27T02:26:13.9043550Z   In file included from src/boringssl/err_data.c:18:
2022-12-27T02:26:13.9045200Z   In file included from /usr/local/opt/openssl@3/include/openssl/err.h:28:
2022-12-27T02:26:13.9047040Z   /usr/local/opt/openssl@3/include/openssl/types.h:196:30: warning: redefinition of typedef 'DIST_POINT' is a C11 feature [-Wtypedef-redefinition]
2022-12-27T02:26:13.9048380Z   typedef struct DIST_POINT_st DIST_POINT;
2022-12-27T02:26:13.9049920Z                                ^
2022-12-27T02:26:13.9051450Z   third_party/boringssl/include/openssl/base.h:203:30: note: previous definition is here
2022-12-27T02:26:13.9052870Z   typedef struct DIST_POINT_st DIST_POINT;
2022-12-27T02:26:13.9054310Z                                ^
2022-12-27T02:26:13.9055740Z   In file included from src/boringssl/err_data.c:18:
2022-12-27T02:26:13.9057230Z   In file included from /usr/local/opt/openssl@3/include/openssl/err.h:28:
2022-12-27T02:26:13.9058940Z   /usr/local/opt/openssl@3/include/openssl/types.h:197:38: warning: redefinition of typedef 'ISSUING_DIST_POINT' is a C11 feature [-Wtypedef-redefinition]
2022-12-27T02:26:13.9060210Z   typedef struct ISSUING_DIST_POINT_st ISSUING_DIST_POINT;
2022-12-27T02:26:13.9061680Z                                        ^
2022-12-27T02:26:13.9063210Z   third_party/boringssl/include/openssl/base.h:205:38: note: previous definition is here
2022-12-27T02:26:13.9064680Z   typedef struct ISSUING_DIST_POINT_st ISSUING_DIST_POINT;
2022-12-27T02:26:13.9066020Z                                        ^
2022-12-27T02:26:13.9067480Z   In file included from src/boringssl/err_data.c:18:
2022-12-27T02:26:13.9068950Z   In file included from /usr/local/opt/openssl@3/include/openssl/err.h:28:
2022-12-27T02:26:13.9070640Z   /usr/local/opt/openssl@3/include/openssl/types.h:198:36: warning: redefinition of typedef 'NAME_CONSTRAINTS' is a C11 feature [-Wtypedef-redefinition]
2022-12-27T02:26:13.9071910Z   typedef struct NAME_CONSTRAINTS_st NAME_CONSTRAINTS;
2022-12-27T02:26:13.9073250Z                                      ^
2022-12-27T02:26:13.9075980Z   third_party/boringssl/include/openssl/base.h:206:36: note: previous definition is here
2022-12-27T02:26:13.9077650Z   typedef struct NAME_CONSTRAINTS_st NAME_CONSTRAINTS;
2022-12-27T02:26:13.9079260Z                                      ^
2022-12-27T02:26:13.9081020Z   In file included from src/boringssl/err_data.c:18:
2022-12-27T02:26:13.9082700Z   In file included from /usr/local/opt/openssl@3/include/openssl/err.h:29:
2022-12-27T02:26:13.9084560Z   In file included from /usr/local/opt/openssl@3/include/openssl/bio.h:30:
2022-12-27T02:26:13.9086590Z   /usr/local/opt/openssl@3/include/openssl/crypto.h:308:3: error: typedef redefinition with different types ('struct crypto_threadid_st' vs 'int')
2022-12-27T02:26:13.9088180Z   } CRYPTO_THREADID;
2022-12-27T02:26:13.9089950Z     ^
2022-12-27T02:26:13.9091900Z   third_party/boringssl/include/openssl/base.h:176:13: note: previous definition is here
2022-12-27T02:26:13.9093700Z   typedef int CRYPTO_THREADID;
2022-12-27T02:26:13.9095520Z               ^
2022-12-27T02:26:13.9097330Z   In file included from src/boringssl/err_data.c:18:
2022-12-27T02:26:13.9099190Z   In file included from /usr/local/opt/openssl@3/include/openssl/err.h:29:
2022-12-27T02:26:13.9101380Z   /usr/local/opt/openssl@3/include/openssl/bio.h:296:30: warning: redefinition of typedef 'BIO_METHOD' is a C11 feature [-Wtypedef-redefinition]
2022-12-27T02:26:13.9103040Z   typedef struct bio_method_st BIO_METHOD;
2022-12-27T02:26:13.9104820Z                                ^
2022-12-27T02:26:13.9106700Z   third_party/boringssl/include/openssl/base.h:234:30: note: previous definition is here
2022-12-27T02:26:13.9108470Z   typedef struct bio_method_st BIO_METHOD;
2022-12-27T02:26:13.9110190Z                                ^
2022-12-27T02:26:13.9112330Z   src/boringssl/err_data.c:33:1: error: 'OPENSSL_COMPILE_ASSERT_library_values_changed_12' declared as an array with a negative size
2022-12-27T02:26:13.9114050Z   OPENSSL_COMPILE_ASSERT(ERR_LIB_ASN1 == 12, library_values_changed_12);
2022-12-27T02:26:13.9115850Z   ^~~~~~~~~~~~~~~~~~~~~~~~~~~~~~~~~~~~~~~~~~~~~~~~~~~~~~~~~~~~~~~~~~~~~
2022-12-27T02:26:13.9117880Z   third_party/boringssl/include/openssl/type_check.h:83:45: note: expanded from macro 'OPENSSL_COMPILE_ASSERT'
2022-12-27T02:26:13.9119640Z     typedef char OPENSSL_COMPILE_ASSERT_##msg[((cond) ? 1 : -1)]
2022-12-27T02:26:13.9121380Z                                               ^~~~~~~~~~~~~~~~~
2022-12-27T02:26:13.9123560Z   src/boringssl/err_data.c:34:1: error: 'OPENSSL_COMPILE_ASSERT_library_values_changed_13' declared as an array with a negative size
2022-12-27T02:26:13.9125290Z   OPENSSL_COMPILE_ASSERT(ERR_LIB_CONF == 13, library_values_changed_13);
2022-12-27T02:26:13.9126960Z   ^~~~~~~~~~~~~~~~~~~~~~~~~~~~~~~~~~~~~~~~~~~~~~~~~~~~~~~~~~~~~~~~~~~~~
2022-12-27T02:26:13.9129030Z   third_party/boringssl/include/openssl/type_check.h:83:45: note: expanded from macro 'OPENSSL_COMPILE_ASSERT'
2022-12-27T02:26:13.9130800Z     typedef char OPENSSL_COMPILE_ASSERT_##msg[((cond) ? 1 : -1)]
2022-12-27T02:26:13.9132480Z                                               ^~~~~~~~~~~~~~~~~
2022-12-27T02:26:13.9134530Z   src/boringssl/err_data.c:35:1: error: 'OPENSSL_COMPILE_ASSERT_library_values_changed_14' declared as an array with a negative size
2022-12-27T02:26:13.9136320Z   OPENSSL_COMPILE_ASSERT(ERR_LIB_CRYPTO == 14, library_values_changed_14);
2022-12-27T02:26:13.9138000Z   ^~~~~~~~~~~~~~~~~~~~~~~~~~~~~~~~~~~~~~~~~~~~~~~~~~~~~~~~~~~~~~~~~~~~~~~
2022-12-27T02:26:13.9140100Z   third_party/boringssl/include/openssl/type_check.h:83:45: note: expanded from macro 'OPENSSL_COMPILE_ASSERT'
2022-12-27T02:26:13.9141970Z     typedef char OPENSSL_COMPILE_ASSERT_##msg[((cond) ? 1 : -1)]
2022-12-27T02:26:13.9143730Z                                               ^~~~~~~~~~~~~~~~~
2022-12-27T02:26:13.9145850Z   src/boringssl/err_data.c:36:1: error: 'OPENSSL_COMPILE_ASSERT_library_values_changed_15' declared as an array with a negative size
2022-12-27T02:26:13.9147460Z   OPENSSL_COMPILE_ASSERT(ERR_LIB_EC == 15, library_values_changed_15);
2022-12-27T02:26:13.9149150Z   ^~~~~~~~~~~~~~~~~~~~~~~~~~~~~~~~~~~~~~~~~~~~~~~~~~~~~~~~~~~~~~~~~~~
2022-12-27T02:26:13.9151160Z   third_party/boringssl/include/openssl/type_check.h:83:45: note: expanded from macro 'OPENSSL_COMPILE_ASSERT'
2022-12-27T02:26:13.9152950Z     typedef char OPENSSL_COMPILE_ASSERT_##msg[((cond) ? 1 : -1)]
2022-12-27T02:26:13.9154570Z                                               ^~~~~~~~~~~~~~~~~
2022-12-27T02:26:13.9156650Z   src/boringssl/err_data.c:37:1: error: 'OPENSSL_COMPILE_ASSERT_library_values_changed_16' declared as an array with a negative size
2022-12-27T02:26:13.9158280Z   OPENSSL_COMPILE_ASSERT(ERR_LIB_SSL == 16, library_values_changed_16);
2022-12-27T02:26:13.9159950Z   ^~~~~~~~~~~~~~~~~~~~~~~~~~~~~~~~~~~~~~~~~~~~~~~~~~~~~~~~~~~~~~~~~~~~
2022-12-27T02:26:13.9162130Z   third_party/boringssl/include/openssl/type_check.h:83:45: note: expanded from macro 'OPENSSL_COMPILE_ASSERT'
2022-12-27T02:26:13.9163910Z     typedef char OPENSSL_COMPILE_ASSERT_##msg[((cond) ? 1 : -1)]
2022-12-27T02:26:13.9165650Z                                               ^~~~~~~~~~~~~~~~~
2022-12-27T02:26:13.9167620Z   src/boringssl/err_data.c:38:1: error: 'OPENSSL_COMPILE_ASSERT_library_values_changed_17' declared as an array with a negative size
2022-12-27T02:26:13.9169290Z   OPENSSL_COMPILE_ASSERT(ERR_LIB_BIO == 17, library_values_changed_17);
2022-12-27T02:26:13.9171020Z   ^~~~~~~~~~~~~~~~~~~~~~~~~~~~~~~~~~~~~~~~~~~~~~~~~~~~~~~~~~~~~~~~~~~~
2022-12-27T02:26:13.9173040Z   third_party/boringssl/include/openssl/type_check.h:83:45: note: expanded from macro 'OPENSSL_COMPILE_ASSERT'
2022-12-27T02:26:13.9174820Z     typedef char OPENSSL_COMPILE_ASSERT_##msg[((cond) ? 1 : -1)]
2022-12-27T02:26:13.9176540Z                                               ^~~~~~~~~~~~~~~~~
2022-12-27T02:26:13.9178210Z   src/boringssl/err_data.c:39:1: error: 'OPENSSL_COMPILE_ASSERT_library_values_changed_18' declared as an array with a negative size
2022-12-27T02:26:13.9179480Z   OPENSSL_COMPILE_ASSERT(ERR_LIB_PKCS7 == 18, library_values_changed_18);
2022-12-27T02:26:13.9180880Z   ^~~~~~~~~~~~~~~~~~~~~~~~~~~~~~~~~~~~~~~~~~~~~~~~~~~~~~~~~~~~~~~~~~~~~~
2022-12-27T02:26:13.9182560Z   third_party/boringssl/include/openssl/type_check.h:83:45: note: expanded from macro 'OPENSSL_COMPILE_ASSERT'
2022-12-27T02:26:13.9183940Z     typedef char OPENSSL_COMPILE_ASSERT_##msg[((cond) ? 1 : -1)]
2022-12-27T02:26:13.9185380Z                                               ^~~~~~~~~~~~~~~~~
2022-12-27T02:26:13.9186910Z   src/boringssl/err_data.c:40:24: error: use of undeclared identifier 'ERR_LIB_PKCS8'
2022-12-27T02:26:13.9188170Z   OPENSSL_COMPILE_ASSERT(ERR_LIB_PKCS8 == 19, library_values_changed_19);
2022-12-27T02:26:13.9189450Z                          ^
2022-12-27T02:26:13.9191110Z   src/boringssl/err_data.c:41:1: error: 'OPENSSL_COMPILE_ASSERT_library_values_changed_20' declared as an array with a negative size
2022-12-27T02:26:13.9192460Z   OPENSSL_COMPILE_ASSERT(ERR_LIB_X509V3 == 20, library_values_changed_20);
2022-12-27T02:26:13.9193700Z   ^~~~~~~~~~~~~~~~~~~~~~~~~~~~~~~~~~~~~~~~~~~~~~~~~~~~~~~~~~~~~~~~~~~~~~~
2022-12-27T02:26:13.9195290Z   third_party/boringssl/include/openssl/type_check.h:83:45: note: expanded from macro 'OPENSSL_COMPILE_ASSERT'
2022-12-27T02:26:13.9196690Z     typedef char OPENSSL_COMPILE_ASSERT_##msg[((cond) ? 1 : -1)]
2022-12-27T02:26:13.9197910Z                                               ^~~~~~~~~~~~~~~~~
2022-12-27T02:26:13.9199510Z   src/boringssl/err_data.c:42:1: error: 'OPENSSL_COMPILE_ASSERT_library_values_changed_21' declared as an array with a negative size
2022-12-27T02:26:13.9200830Z   OPENSSL_COMPILE_ASSERT(ERR_LIB_RAND == 21, library_values_changed_21);
2022-12-27T02:26:13.9202250Z   ^~~~~~~~~~~~~~~~~~~~~~~~~~~~~~~~~~~~~~~~~~~~~~~~~~~~~~~~~~~~~~~~~~~~~
2022-12-27T02:26:13.9203980Z   third_party/boringssl/include/openssl/type_check.h:83:45: note: expanded from macro 'OPENSSL_COMPILE_ASSERT'
2022-12-27T02:26:13.9205480Z     typedef char OPENSSL_COMPILE_ASSERT_##msg[((cond) ? 1 : -1)]
2022-12-27T02:26:13.9206980Z                                               ^~~~~~~~~~~~~~~~~
2022-12-27T02:26:13.9209060Z   src/boringssl/err_data.c:43:1: error: 'OPENSSL_COMPILE_ASSERT_library_values_changed_22' declared as an array with a negative size
2022-12-27T02:26:13.9210630Z   OPENSSL_COMPILE_ASSERT(ERR_LIB_ENGINE == 22, library_values_changed_22);
2022-12-27T02:26:13.9212340Z   ^~~~~~~~~~~~~~~~~~~~~~~~~~~~~~~~~~~~~~~~~~~~~~~~~~~~~~~~~~~~~~~~~~~~~~~
2022-12-27T02:26:13.9214400Z   third_party/boringssl/include/openssl/type_check.h:83:45: note: expanded from macro 'OPENSSL_COMPILE_ASSERT'
2022-12-27T02:26:13.9216190Z     typedef char OPENSSL_COMPILE_ASSERT_##msg[((cond) ? 1 : -1)]
2022-12-27T02:26:13.9217890Z                                               ^~~~~~~~~~~~~~~~~
2022-12-27T02:26:13.9219890Z   src/boringssl/err_data.c:44:1: error: 'OPENSSL_COMPILE_ASSERT_library_values_changed_23' declared as an array with a negative size
2022-12-27T02:26:13.9221650Z   OPENSSL_COMPILE_ASSERT(ERR_LIB_OCSP == 23, library_values_changed_23);
2022-12-27T02:26:13.9223350Z   ^~~~~~~~~~~~~~~~~~~~~~~~~~~~~~~~~~~~~~~~~~~~~~~~~~~~~~~~~~~~~~~~~~~~~
2022-12-27T02:26:13.9225360Z   third_party/boringssl/include/openssl/type_check.h:83:45: note: expanded from macro 'OPENSSL_COMPILE_ASSERT'
2022-12-27T02:26:13.9227200Z     typedef char OPENSSL_COMPILE_ASSERT_##msg[((cond) ? 1 : -1)]
2022-12-27T02:26:13.9228780Z                                               ^~~~~~~~~~~~~~~~~
2022-12-27T02:26:13.9230790Z   src/boringssl/err_data.c:45:1: error: 'OPENSSL_COMPILE_ASSERT_library_values_changed_24' declared as an array with a negative size
2022-12-27T02:26:13.9232470Z   OPENSSL_COMPILE_ASSERT(ERR_LIB_UI == 24, library_values_changed_24);
2022-12-27T02:26:13.9234190Z   ^~~~~~~~~~~~~~~~~~~~~~~~~~~~~~~~~~~~~~~~~~~~~~~~~~~~~~~~~~~~~~~~~~~
2022-12-27T02:26:13.9236210Z   third_party/boringssl/include/openssl/type_check.h:83:45: note: expanded from macro 'OPENSSL_COMPILE_ASSERT'
2022-12-27T02:26:13.9238050Z     typedef char OPENSSL_COMPILE_ASSERT_##msg[((cond) ? 1 : -1)]
2022-12-27T02:26:13.9239630Z                                               ^~~~~~~~~~~~~~~~~
2022-12-27T02:26:13.9241750Z   src/boringssl/err_data.c:46:1: error: 'OPENSSL_COMPILE_ASSERT_library_values_changed_25' declared as an array with a negative size
2022-12-27T02:26:13.9243550Z   OPENSSL_COMPILE_ASSERT(ERR_LIB_COMP == 25, library_values_changed_25);
2022-12-27T02:26:13.9245360Z   ^~~~~~~~~~~~~~~~~~~~~~~~~~~~~~~~~~~~~~~~~~~~~~~~~~~~~~~~~~~~~~~~~~~~~
2022-12-27T02:26:13.9247380Z   third_party/boringssl/include/openssl/type_check.h:83:45: note: expanded from macro 'OPENSSL_COMPILE_ASSERT'
2022-12-27T02:26:13.9249040Z     typedef char OPENSSL_COMPILE_ASSERT_##msg[((cond) ? 1 : -1)]
2022-12-27T02:26:13.9250680Z                                               ^~~~~~~~~~~~~~~~~
2022-12-27T02:26:13.9252680Z   src/boringssl/err_data.c:47:1: error: 'OPENSSL_COMPILE_ASSERT_library_values_changed_26' declared as an array with a negative size
2022-12-27T02:26:13.9254370Z   OPENSSL_COMPILE_ASSERT(ERR_LIB_ECDSA == 26, library_values_changed_26);
2022-12-27T02:26:13.9256060Z   ^~~~~~~~~~~~~~~~~~~~~~~~~~~~~~~~~~~~~~~~~~~~~~~~~~~~~~~~~~~~~~~~~~~~~~
2022-12-27T02:26:13.9258410Z   third_party/boringssl/include/openssl/type_check.h:83:45: note: expanded from macro 'OPENSSL_COMPILE_ASSERT'
2022-12-27T02:26:13.9259800Z     typedef char OPENSSL_COMPILE_ASSERT_##msg[((cond) ? 1 : -1)]
2022-12-27T02:26:13.9261240Z                                               ^~~~~~~~~~~~~~~~~
2022-12-27T02:26:13.9262820Z   fatal error: too many errors emitted, stopping now [-ferror-limit=]
2022-12-27T02:26:13.9264280Z   70 warnings and 20 errors generated.
2022-12-27T02:26:13.9265890Z   creating var
2022-12-27T02:26:13.9267720Z   creating var/folders
2022-12-27T02:26:13.9269480Z   creating var/folders/51
2022-12-27T02:26:13.9271320Z   creating var/folders/51/hd414ycd67n82196sw51xqtc0000gn
2022-12-27T02:26:13.9273120Z   creating var/folders/51/hd414ycd67n82196sw51xqtc0000gn/T
2022-12-27T02:26:13.9274930Z   creating var/folders/51/hd414ycd67n82196sw51xqtc0000gn/T/tmpxzcvg348
2022-12-27T02:26:13.9277830Z   gcc -Wno-unused-result -Wsign-compare -Wunreachable-code -fno-common -dynamic -DNDEBUG -g -fwrapv -O3 -Wall -g -I/usr/local/opt/openssl@3/include -I/usr/local/opt/openssl@3/include -arch arm64 -I/private/var/folders/51/hd414ycd67n82196sw51xqtc0000gn/T/cibw-run-zo3aao41/cp38-macosx_arm64/build/venv/include -I/Library/Frameworks/Python.framework/Versions/3.8/include/python3.8 -c /var/folders/51/hd414ycd67n82196sw51xqtc0000gn/T/tmpxzcvg348/a.c -o var/folders/51/hd414ycd67n82196sw51xqtc0000gn/T/tmpxzcvg348/a.o
2022-12-27T02:26:13.9278550Z   Traceback (most recent call last):
2022-12-27T02:26:13.9286310Z     File "/private/var/folders/51/hd414ycd67n82196sw51xqtc0000gn/T/cibw-run-zo3aao41/cp38-macosx_arm64/build/venv/lib/python3.8/site-packages/setuptools/_distutils/unixccompiler.py", line 186, in _compile
2022-12-27T02:26:13.9286750Z       self.spawn(compiler_so + cc_args + [src, '-o', obj] + extra_postargs)
2022-12-27T02:26:13.9287150Z     File "/Users/runner/actions-runner/_work/python.build/python.build/build_grpcio13038/grpcio-1.3.0/src/python/grpcio/_spawn_patch.py", line 69, in _commandfile_spawn
2022-12-27T02:26:13.9287380Z       _classic_spawn(self, command)
2022-12-27T02:26:13.9287870Z     File "/private/var/folders/51/hd414ycd67n82196sw51xqtc0000gn/T/cibw-run-zo3aao41/cp38-macosx_arm64/build/venv/lib/python3.8/site-packages/setuptools/_distutils/ccompiler.py", line 1007, in spawn
2022-12-27T02:26:13.9288190Z       spawn(cmd, dry_run=self.dry_run, **kwargs)
2022-12-27T02:26:13.9289900Z     File "/private/var/folders/51/hd414ycd67n82196sw51xqtc0000gn/T/cibw-run-zo3aao41/cp38-macosx_arm64/build/venv/lib/python3.8/site-packages/setuptools/_distutils/spawn.py", line 70, in spawn
2022-12-27T02:26:13.9291060Z       raise DistutilsExecError(
2022-12-27T02:26:13.9293270Z   distutils.errors.DistutilsExecError: command '/usr/bin/gcc' failed with exit code 1
2022-12-27T02:26:13.9294310Z 
2022-12-27T02:26:13.9295770Z   During handling of the above exception, another exception occurred:
2022-12-27T02:26:13.9296980Z 
2022-12-27T02:26:13.9298400Z   Traceback (most recent call last):
2022-12-27T02:26:13.9300140Z     File "/Users/runner/actions-runner/_work/python.build/python.build/build_grpcio13038/grpcio-1.3.0/src/python/grpcio/commands.py", line 281, in build_extensions
2022-12-27T02:26:13.9301330Z       build_ext.build_ext.build_extensions(self)
2022-12-27T02:26:13.9303170Z     File "/private/var/folders/51/hd414ycd67n82196sw51xqtc0000gn/T/cibw-run-zo3aao41/cp38-macosx_arm64/build/venv/lib/python3.8/site-packages/Cython/Distutils/old_build_ext.py", line 195, in build_extensions
2022-12-27T02:26:13.9304180Z       _build_ext.build_ext.build_extensions(self)
2022-12-27T02:26:13.9306000Z     File "/private/var/folders/51/hd414ycd67n82196sw51xqtc0000gn/T/cibw-run-zo3aao41/cp38-macosx_arm64/build/venv/lib/python3.8/site-packages/setuptools/_distutils/command/build_ext.py", line 468, in build_extensions
2022-12-27T02:26:13.9307080Z       self._build_extensions_serial()
2022-12-27T02:26:13.9308880Z     File "/private/var/folders/51/hd414ycd67n82196sw51xqtc0000gn/T/cibw-run-zo3aao41/cp38-macosx_arm64/build/venv/lib/python3.8/site-packages/setuptools/_distutils/command/build_ext.py", line 494, in _build_extensions_serial
2022-12-27T02:26:13.9309930Z       self.build_extension(ext)
2022-12-27T02:26:13.9311630Z     File "/private/var/folders/51/hd414ycd67n82196sw51xqtc0000gn/T/cibw-run-zo3aao41/cp38-macosx_arm64/build/venv/lib/python3.8/site-packages/setuptools/command/build_ext.py", line 246, in build_extension
2022-12-27T02:26:13.9312730Z       _build_ext.build_extension(self, ext)
2022-12-27T02:26:13.9314810Z     File "/private/var/folders/51/hd414ycd67n82196sw51xqtc0000gn/T/cibw-run-zo3aao41/cp38-macosx_arm64/build/venv/lib/python3.8/site-packages/setuptools/_distutils/command/build_ext.py", line 549, in build_extension
2022-12-27T02:26:13.9316810Z       objects = self.compiler.compile(
2022-12-27T02:26:13.9318720Z     File "/private/var/folders/51/hd414ycd67n82196sw51xqtc0000gn/T/cibw-run-zo3aao41/cp38-macosx_arm64/build/venv/lib/python3.8/site-packages/setuptools/_distutils/ccompiler.py", line 599, in compile
2022-12-27T02:26:13.9319930Z       self._compile(obj, src, ext, cc_args, extra_postargs, pp_opts)
2022-12-27T02:26:13.9321880Z     File "/private/var/folders/51/hd414ycd67n82196sw51xqtc0000gn/T/cibw-run-zo3aao41/cp38-macosx_arm64/build/venv/lib/python3.8/site-packages/setuptools/_distutils/unixccompiler.py", line 188, in _compile
2022-12-27T02:26:13.9323080Z       raise CompileError(msg)
2022-12-27T02:26:13.9324590Z   distutils.errors.CompileError: command '/usr/bin/gcc' failed with exit code 1
2022-12-27T02:26:13.9325820Z 
2022-12-27T02:26:13.9327390Z   During handling of the above exception, another exception occurred:
2022-12-27T02:26:13.9328760Z 
2022-12-27T02:26:13.9330360Z   Traceback (most recent call last):
2022-12-27T02:26:13.9332040Z     File "<string>", line 2, in <module>
2022-12-27T02:26:13.9333930Z     File "<pip-setuptools-caller>", line 34, in <module>
2022-12-27T02:26:13.9335950Z     File "/Users/runner/actions-runner/_work/python.build/python.build/build_grpcio13038/grpcio-1.3.0/setup.py", line 278, in <module>
2022-12-27T02:26:13.9337490Z       setuptools.setup(
2022-12-27T02:26:13.9339630Z     File "/private/var/folders/51/hd414ycd67n82196sw51xqtc0000gn/T/cibw-run-zo3aao41/cp38-macosx_arm64/build/venv/lib/python3.8/site-packages/setuptools/__init__.py", line 87, in setup
2022-12-27T02:26:13.9341270Z       return distutils.core.setup(**attrs)
2022-12-27T02:26:13.9343440Z     File "/private/var/folders/51/hd414ycd67n82196sw51xqtc0000gn/T/cibw-run-zo3aao41/cp38-macosx_arm64/build/venv/lib/python3.8/site-packages/setuptools/_distutils/core.py", line 185, in setup
2022-12-27T02:26:13.9344930Z       return run_commands(dist)
2022-12-27T02:26:13.9347080Z     File "/private/var/folders/51/hd414ycd67n82196sw51xqtc0000gn/T/cibw-run-zo3aao41/cp38-macosx_arm64/build/venv/lib/python3.8/site-packages/setuptools/_distutils/core.py", line 201, in run_commands
2022-12-27T02:26:13.9348590Z       dist.run_commands()
2022-12-27T02:26:13.9350720Z     File "/private/var/folders/51/hd414ycd67n82196sw51xqtc0000gn/T/cibw-run-zo3aao41/cp38-macosx_arm64/build/venv/lib/python3.8/site-packages/setuptools/_distutils/dist.py", line 969, in run_commands
2022-12-27T02:26:13.9352220Z       self.run_command(cmd)
2022-12-27T02:26:13.9354460Z     File "/private/var/folders/51/hd414ycd67n82196sw51xqtc0000gn/T/cibw-run-zo3aao41/cp38-macosx_arm64/build/venv/lib/python3.8/site-packages/setuptools/dist.py", line 1208, in run_command
2022-12-27T02:26:13.9355900Z       super().run_command(command)
2022-12-27T02:26:13.9358020Z     File "/private/var/folders/51/hd414ycd67n82196sw51xqtc0000gn/T/cibw-run-zo3aao41/cp38-macosx_arm64/build/venv/lib/python3.8/site-packages/setuptools/_distutils/dist.py", line 988, in run_command
2022-12-27T02:26:13.9359510Z       cmd_obj.run()
2022-12-27T02:26:13.9361740Z     File "/private/var/folders/51/hd414ycd67n82196sw51xqtc0000gn/T/cibw-run-zo3aao41/cp38-macosx_arm64/build/venv/lib/python3.8/site-packages/wheel/bdist_wheel.py", line 325, in run
2022-12-27T02:26:13.9363240Z       self.run_command("build")
2022-12-27T02:26:13.9365390Z     File "/private/var/folders/51/hd414ycd67n82196sw51xqtc0000gn/T/cibw-run-zo3aao41/cp38-macosx_arm64/build/venv/lib/python3.8/site-packages/setuptools/_distutils/cmd.py", line 318, in run_command
2022-12-27T02:26:13.9366920Z       self.distribution.run_command(command)
2022-12-27T02:26:13.9369030Z     File "/private/var/folders/51/hd414ycd67n82196sw51xqtc0000gn/T/cibw-run-zo3aao41/cp38-macosx_arm64/build/venv/lib/python3.8/site-packages/setuptools/dist.py", line 1208, in run_command
2022-12-27T02:26:13.9370540Z       super().run_command(command)
2022-12-27T02:26:13.9372750Z     File "/private/var/folders/51/hd414ycd67n82196sw51xqtc0000gn/T/cibw-run-zo3aao41/cp38-macosx_arm64/build/venv/lib/python3.8/site-packages/setuptools/_distutils/dist.py", line 988, in run_command
2022-12-27T02:26:13.9374260Z       cmd_obj.run()
2022-12-27T02:26:13.9376400Z     File "/private/var/folders/51/hd414ycd67n82196sw51xqtc0000gn/T/cibw-run-zo3aao41/cp38-macosx_arm64/build/venv/lib/python3.8/site-packages/setuptools/_distutils/command/build.py", line 132, in run
2022-12-27T02:26:13.9377920Z       self.run_command(cmd_name)
2022-12-27T02:26:13.9380080Z     File "/private/var/folders/51/hd414ycd67n82196sw51xqtc0000gn/T/cibw-run-zo3aao41/cp38-macosx_arm64/build/venv/lib/python3.8/site-packages/setuptools/_distutils/cmd.py", line 318, in run_command
2022-12-27T02:26:13.9381660Z       self.distribution.run_command(command)
2022-12-27T02:26:13.9383760Z     File "/private/var/folders/51/hd414ycd67n82196sw51xqtc0000gn/T/cibw-run-zo3aao41/cp38-macosx_arm64/build/venv/lib/python3.8/site-packages/setuptools/dist.py", line 1208, in run_command
2022-12-27T02:26:13.9385490Z       super().run_command(command)
2022-12-27T02:26:13.9387640Z     File "/private/var/folders/51/hd414ycd67n82196sw51xqtc0000gn/T/cibw-run-zo3aao41/cp38-macosx_arm64/build/venv/lib/python3.8/site-packages/setuptools/_distutils/dist.py", line 988, in run_command
2022-12-27T02:26:13.9389110Z       cmd_obj.run()
2022-12-27T02:26:13.9391260Z     File "/private/var/folders/51/hd414ycd67n82196sw51xqtc0000gn/T/cibw-run-zo3aao41/cp38-macosx_arm64/build/venv/lib/python3.8/site-packages/setuptools/command/build_ext.py", line 84, in run
2022-12-27T02:26:13.9392780Z       _build_ext.run(self)
2022-12-27T02:26:13.9394920Z     File "/private/var/folders/51/hd414ycd67n82196sw51xqtc0000gn/T/cibw-run-zo3aao41/cp38-macosx_arm64/build/venv/lib/python3.8/site-packages/Cython/Distutils/old_build_ext.py", line 186, in run
2022-12-27T02:26:13.9396430Z       _build_ext.build_ext.run(self)
2022-12-27T02:26:13.9398570Z     File "/private/var/folders/51/hd414ycd67n82196sw51xqtc0000gn/T/cibw-run-zo3aao41/cp38-macosx_arm64/build/venv/lib/python3.8/site-packages/setuptools/_distutils/command/build_ext.py", line 346, in run
2022-12-27T02:26:13.9400090Z       self.build_extensions()
2022-12-27T02:26:13.9402270Z     File "/Users/runner/actions-runner/_work/python.build/python.build/build_grpcio13038/grpcio-1.3.0/src/python/grpcio/commands.py", line 285, in build_extensions
2022-12-27T02:26:13.9403780Z       raise CommandError(
2022-12-27T02:26:13.9405580Z   commands.CommandError: Failed `build_ext` step:
2022-12-27T02:26:13.9407310Z   Traceback (most recent call last):
2022-12-27T02:26:13.9409610Z     File "/private/var/folders/51/hd414ycd67n82196sw51xqtc0000gn/T/cibw-run-zo3aao41/cp38-macosx_arm64/build/venv/lib/python3.8/site-packages/setuptools/_distutils/unixccompiler.py", line 186, in _compile
2022-12-27T02:26:13.9411160Z       self.spawn(compiler_so + cc_args + [src, '-o', obj] + extra_postargs)
2022-12-27T02:26:13.9413190Z     File "/Users/runner/actions-runner/_work/python.build/python.build/build_grpcio13038/grpcio-1.3.0/src/python/grpcio/_spawn_patch.py", line 69, in _commandfile_spawn
2022-12-27T02:26:13.9414840Z       _classic_spawn(self, command)
2022-12-27T02:26:13.9416710Z     File "/private/var/folders/51/hd414ycd67n82196sw51xqtc0000gn/T/cibw-run-zo3aao41/cp38-macosx_arm64/build/venv/lib/python3.8/site-packages/setuptools/_distutils/ccompiler.py", line 1007, in spawn
2022-12-27T02:26:13.9417890Z       spawn(cmd, dry_run=self.dry_run, **kwargs)
2022-12-27T02:26:13.9419650Z     File "/private/var/folders/51/hd414ycd67n82196sw51xqtc0000gn/T/cibw-run-zo3aao41/cp38-macosx_arm64/build/venv/lib/python3.8/site-packages/setuptools/_distutils/spawn.py", line 70, in spawn
2022-12-27T02:26:13.9420830Z       raise DistutilsExecError(
2022-12-27T02:26:13.9422410Z   distutils.errors.DistutilsExecError: command '/usr/bin/gcc' failed with exit code 1
2022-12-27T02:26:13.9423550Z 
2022-12-27T02:26:13.9425030Z   During handling of the above exception, another exception occurred:
2022-12-27T02:26:13.9426250Z 
2022-12-27T02:26:13.9427700Z   Traceback (most recent call last):
2022-12-27T02:26:13.9429370Z     File "/Users/runner/actions-runner/_work/python.build/python.build/build_grpcio13038/grpcio-1.3.0/src/python/grpcio/commands.py", line 281, in build_extensions
2022-12-27T02:26:13.9430540Z       build_ext.build_ext.build_extensions(self)
2022-12-27T02:26:13.9432230Z     File "/private/var/folders/51/hd414ycd67n82196sw51xqtc0000gn/T/cibw-run-zo3aao41/cp38-macosx_arm64/build/venv/lib/python3.8/site-packages/Cython/Distutils/old_build_ext.py", line 195, in build_extensions
2022-12-27T02:26:13.9433370Z       _build_ext.build_ext.build_extensions(self)
2022-12-27T02:26:13.9435110Z     File "/private/var/folders/51/hd414ycd67n82196sw51xqtc0000gn/T/cibw-run-zo3aao41/cp38-macosx_arm64/build/venv/lib/python3.8/site-packages/setuptools/_distutils/command/build_ext.py", line 468, in build_extensions
2022-12-27T02:26:13.9436190Z       self._build_extensions_serial()
2022-12-27T02:26:13.9437920Z     File "/private/var/folders/51/hd414ycd67n82196sw51xqtc0000gn/T/cibw-run-zo3aao41/cp38-macosx_arm64/build/venv/lib/python3.8/site-packages/setuptools/_distutils/command/build_ext.py", line 494, in _build_extensions_serial
2022-12-27T02:26:13.9439010Z       self.build_extension(ext)
2022-12-27T02:26:13.9440710Z     File "/private/var/folders/51/hd414ycd67n82196sw51xqtc0000gn/T/cibw-run-zo3aao41/cp38-macosx_arm64/build/venv/lib/python3.8/site-packages/setuptools/command/build_ext.py", line 246, in build_extension
2022-12-27T02:26:13.9441950Z       _build_ext.build_extension(self, ext)
2022-12-27T02:26:13.9443730Z     File "/private/var/folders/51/hd414ycd67n82196sw51xqtc0000gn/T/cibw-run-zo3aao41/cp38-macosx_arm64/build/venv/lib/python3.8/site-packages/setuptools/_distutils/command/build_ext.py", line 549, in build_extension
2022-12-27T02:26:13.9444850Z       objects = self.compiler.compile(
2022-12-27T02:26:13.9446560Z     File "/private/var/folders/51/hd414ycd67n82196sw51xqtc0000gn/T/cibw-run-zo3aao41/cp38-macosx_arm64/build/venv/lib/python3.8/site-packages/setuptools/_distutils/ccompiler.py", line 599, in compile
2022-12-27T02:26:13.9447730Z       self._compile(obj, src, ext, cc_args, extra_postargs, pp_opts)
2022-12-27T02:26:13.9449420Z     File "/private/var/folders/51/hd414ycd67n82196sw51xqtc0000gn/T/cibw-run-zo3aao41/cp38-macosx_arm64/build/venv/lib/python3.8/site-packages/setuptools/_distutils/unixccompiler.py", line 188, in _compile
2022-12-27T02:26:13.9450540Z       raise CompileError(msg)
2022-12-27T02:26:13.9452060Z   distutils.errors.CompileError: command '/usr/bin/gcc' failed with exit code 1
2022-12-27T02:26:13.9453210Z 
2022-12-27T02:26:13.9728060Z   error: subprocess-exited-with-error
2022-12-27T02:26:13.9728540Z   
2022-12-27T02:26:13.9728850Z   × python setup.py bdist_wheel did not run successfully.
2022-12-27T02:26:13.9729070Z   │ exit code: 1
2022-12-27T02:26:13.9729260Z   ╰─> See above for output.
2022-12-27T02:26:13.9729390Z   
2022-12-27T02:26:13.9729570Z   note: This error originates from a subprocess, and is likely not a problem with pip.
2022-12-27T02:26:13.9737690Z   full command: /private/var/folders/51/hd414ycd67n82196sw51xqtc0000gn/T/cibw-run-zo3aao41/cp38-macosx_arm64/build/venv/bin/python -u -c '
2022-12-27T02:26:13.9737960Z   exec(compile('"'"''"'"''"'"'
2022-12-27T02:26:13.9738190Z   # This is <pip-setuptools-caller> -- a caller that pip uses to run setup.py
2022-12-27T02:26:13.9738340Z   #
2022-12-27T02:26:13.9738550Z   # - It imports setuptools before invoking setup.py, to enable projects that directly
2022-12-27T02:26:13.9738760Z   #   import from `distutils.core` to work with newer packaging standards.
2022-12-27T02:26:13.9739010Z   # - It provides a clear error message when setuptools is not installed.
2022-12-27T02:26:13.9739250Z   # - It sets `sys.argv[0]` to the underlying `setup.py`, when invoking `setup.py` so
2022-12-27T02:26:13.9739500Z   #   setuptools doesn'"'"'t think the script is `-c`. This avoids the following warning:
2022-12-27T02:26:13.9739720Z   #     manifest_maker: standard file '"'"'-c'"'"' not found".
2022-12-27T02:26:13.9739950Z   # - It generates a shim setup.py, for handling setup.cfg-only projects.
2022-12-27T02:26:13.9740100Z   import os, sys, tokenize
2022-12-27T02:26:13.9740210Z   
2022-12-27T02:26:13.9740300Z   try:
2022-12-27T02:26:13.9740410Z       import setuptools
2022-12-27T02:26:13.9740530Z   except ImportError as error:
2022-12-27T02:26:13.9740640Z       print(
2022-12-27T02:26:13.9740860Z           "ERROR: Can not execute `setup.py` since setuptools is not available in "
2022-12-27T02:26:13.9741230Z           "the build environment.",
2022-12-27T02:26:13.9741360Z           file=sys.stderr,
2022-12-27T02:26:13.9741460Z       )
2022-12-27T02:26:13.9741560Z       sys.exit(1)
2022-12-27T02:26:13.9741650Z   
2022-12-27T02:26:13.9741740Z   __file__ = %r
2022-12-27T02:26:13.9741850Z   sys.argv[0] = __file__
2022-12-27T02:26:13.9741940Z   
2022-12-27T02:26:13.9742050Z   if os.path.exists(__file__):
2022-12-27T02:26:13.9742180Z       filename = __file__
2022-12-27T02:26:13.9742300Z       with tokenize.open(__file__) as f:
2022-12-27T02:26:13.9742420Z           setup_py_code = f.read()
2022-12-27T02:26:13.9742540Z   else:
2022-12-27T02:26:13.9742720Z       filename = "<auto-generated setuptools caller>"
2022-12-27T02:26:13.9742890Z       setup_py_code = "from setuptools import setup; setup()"
2022-12-27T02:26:13.9743020Z   
2022-12-27T02:26:13.9743130Z   exec(compile(setup_py_code, filename, "exec"))
2022-12-27T02:26:13.9743550Z   '"'"''"'"''"'"' % ('"'"'/Users/runner/actions-runner/_work/python.build/python.build/build_grpcio13038/grpcio-1.3.0/setup.py'"'"',), "<pip-setuptools-caller>", "exec"))' bdist_wheel -d /private/var/folders/51/hd414ycd67n82196sw51xqtc0000gn/T/pip-wheel-rh4n4x9r
2022-12-27T02:26:13.9743960Z   cwd: /Users/runner/actions-runner/_work/python.build/python.build/build_grpcio13038/grpcio-1.3.0/
2022-12-27T02:26:13.9744230Z   Building wheel for grpcio (setup.py): finished with status 'error'
2022-12-27T02:26:13.9744390Z   ERROR: Failed building wheel for grpcio
2022-12-27T02:26:13.9746570Z   Running setup.py clean for grpcio
2022-12-27T02:26:13.9748050Z   Running command python setup.py clean
2022-12-27T02:26:14.4250570Z   running clean
2022-12-27T02:26:14.4268240Z   removing 'python_build/temp.macosx-11.0-arm64-cpython-38' (and everything under it)
2022-12-27T02:26:14.4364320Z   removing 'python_build/lib.macosx-11.0-arm64-cpython-38' (and everything under it)
2022-12-27T02:26:14.4405950Z   'python_build/bdist.macosx-11.0-arm64' does not exist -- can't clean it
2022-12-27T02:26:14.4407900Z   'python_build/scripts-3.8' does not exist -- can't clean it
2022-12-27T02:26:14.4409640Z   removing 'python_build'
2022-12-27T02:26:14.4719370Z Failed to build grpcio
2022-12-27T02:26:14.4723570Z ERROR: Failed to build one or more wheels
2022-12-27T02:26:14.4733430Z Exception information:
2022-12-27T02:26:14.4733620Z Traceback (most recent call last):
2022-12-27T02:26:14.4734330Z   File "/private/var/folders/51/hd414ycd67n82196sw51xqtc0000gn/T/cibw-run-zo3aao41/cp38-macosx_arm64/build/venv/lib/python3.8/site-packages/pip/_internal/cli/base_command.py", line 160, in exc_logging_wrapper
2022-12-27T02:26:14.4734680Z     status = run_func(*args)
2022-12-27T02:26:14.4735140Z   File "/private/var/folders/51/hd414ycd67n82196sw51xqtc0000gn/T/cibw-run-zo3aao41/cp38-macosx_arm64/build/venv/lib/python3.8/site-packages/pip/_internal/cli/req_command.py", line 247, in wrapper
2022-12-27T02:26:14.4735420Z     return func(self, options, args)
2022-12-27T02:26:14.4735840Z   File "/private/var/folders/51/hd414ycd67n82196sw51xqtc0000gn/T/cibw-run-zo3aao41/cp38-macosx_arm64/build/venv/lib/python3.8/site-packages/pip/_internal/commands/wheel.py", line 201, in run
2022-12-27T02:26:14.4736160Z     raise CommandError("Failed to build one or more wheels")
2022-12-27T02:26:14.4736390Z pip._internal.exceptions.CommandError: Failed to build one or more wheels
2022-12-27T02:26:14.4736770Z Removed build tracker: '/private/var/folders/51/hd414ycd67n82196sw51xqtc0000gn/T/pip-build-tracker-goh85ec3'
2022-12-27T02:26:14.5097010Z ##[endgroup]
2022-12-27T02:26:14.5097500Z                                                               [31m✕ [0m3.26s
2022-12-27T02:26:14.5603040Z ##[error]Command ['python', '-m', 'pip', 'wheel', '/Users/runner/actions-runner/_work/python.build/python.build/build_grpcio13038/grpcio-1.3.0', '--wheel-dir=/private/var/folders/51/hd414ycd67n82196sw51xqtc0000gn/T/cibw-run-zo3aao41/cp38-macosx_arm64/built_wheel', '--no-deps', '-vvv'] failed with code 1. None
2022-12-27T02:26:14.5609180Z 
2022-12-27T02:26:14.5713140Z ##[error]Process completed with exit code 1.
2022-12-27T02:26:14.5742680Z ##[group]Run rm -rf build_grpcio13038 wheelsout
2022-12-27T02:26:14.5742890Z [36;1mrm -rf build_grpcio13038 wheelsout[0m
2022-12-27T02:26:14.5757890Z shell: /bin/bash -e {0}
2022-12-27T02:26:14.5758010Z env:
2022-12-27T02:26:14.5758160Z   pythonLocation: /Users/runner/hostedtoolcache/Python/3.8.15/x64
2022-12-27T02:26:14.5758360Z   PKG_CONFIG_PATH: /Users/runner/hostedtoolcache/Python/3.8.15/x64/lib/pkgconfig
2022-12-27T02:26:14.5758550Z   Python_ROOT_DIR: /Users/runner/hostedtoolcache/Python/3.8.15/x64
2022-12-27T02:26:14.5758730Z   Python2_ROOT_DIR: /Users/runner/hostedtoolcache/Python/3.8.15/x64
2022-12-27T02:26:14.5758910Z   Python3_ROOT_DIR: /Users/runner/hostedtoolcache/Python/3.8.15/x64
2022-12-27T02:26:14.5759040Z ##[endgroup]
2022-12-27T02:26:14.7992560Z Cleaning up orphan processes
