2022-12-27T01:59:11.4130920Z Requested labels: self-hosted, macOS, X64
2022-12-27T01:59:11.4130984Z Job defined at: kilnbuild/python.build/.github/workflows/mac_arm_build.yml@refs/heads/main
2022-12-27T01:59:11.4131028Z Waiting for a runner to pick up this job...
2022-12-27T03:18:05.2566563Z Job is about to start running on the runner: k2 (organization)
2022-12-27T03:18:09.9528770Z Current runner version: '2.300.2'
2022-12-27T03:18:09.9533640Z Runner name: 'k2'
2022-12-27T03:18:09.9533910Z Runner group name: 'Default'
2022-12-27T03:18:09.9534320Z Machine name: 'k2'
2022-12-27T03:18:09.9535830Z ##[group]GITHUB_TOKEN Permissions
2022-12-27T03:18:09.9536250Z Actions: write
2022-12-27T03:18:09.9536390Z Checks: write
2022-12-27T03:18:09.9536520Z Contents: write
2022-12-27T03:18:09.9536660Z Deployments: write
2022-12-27T03:18:09.9536800Z Discussions: write
2022-12-27T03:18:09.9536930Z Issues: write
2022-12-27T03:18:09.9537060Z Metadata: read
2022-12-27T03:18:09.9537190Z Packages: write
2022-12-27T03:18:09.9537330Z Pages: write
2022-12-27T03:18:09.9537470Z PullRequests: write
2022-12-27T03:18:09.9537630Z RepositoryProjects: write
2022-12-27T03:18:09.9537790Z SecurityEvents: write
2022-12-27T03:18:09.9537940Z Statuses: write
2022-12-27T03:18:09.9538070Z ##[endgroup]
2022-12-27T03:18:09.9540500Z Secret source: Actions
2022-12-27T03:18:09.9540820Z Prepare workflow directory
2022-12-27T03:18:10.0213660Z Prepare all required actions
2022-12-27T03:18:10.0335580Z Getting action download info
2022-12-27T03:18:10.4568990Z Download action repository 'actions/setup-python@v4' (SHA:5ccb29d8773c3f3f653e1705f474dfaa8a06a912)
2022-12-27T03:18:13.3320360Z Download action repository 'actions/upload-artifact@v3' (SHA:83fd05a356d7e2593de66fc9913b3002723633cb)
2022-12-27T03:18:14.7277510Z ##[group]Run echo '{
2022-12-27T03:18:14.7277830Z [36;1mecho '{[0m
2022-12-27T03:18:14.7278050Z [36;1m  "environment_variables": "GRPC_PYTHON_BUILD_WITH_CYTHON=1 GRPC_BUILD_WITH_BORING_SSL_ASM='' GRPC_PYTHON_BUILD_SYSTEM_OPENSSL=TRUE",[0m
2022-12-27T03:18:14.7278250Z [36;1m  "package_name": "grpcio",[0m
2022-12-27T03:18:14.7278550Z [36;1m  "package_url": "https://files.pythonhosted.org/packages/b5/2a/8f636fdac99314f784152ad93d7fb5dc35a78f0815bc4f9a6ca702b881e8/grpcio-0.4.0a4.tar.gz",[0m
2022-12-27T03:18:14.7278780Z [36;1m  "package_version": "0.4.0a4",[0m
2022-12-27T03:18:14.7278940Z [36;1m  "python_version": "3.10",[0m
2022-12-27T03:18:14.7279100Z [36;1m  "use_ccache": "true"[0m
2022-12-27T03:18:14.7279210Z [36;1m}'[0m
2022-12-27T03:18:14.7294770Z shell: /bin/bash -e {0}
2022-12-27T03:18:14.7294910Z ##[endgroup]
2022-12-27T03:18:14.7528550Z {
2022-12-27T03:18:14.7530320Z   "environment_variables": "GRPC_PYTHON_BUILD_WITH_CYTHON=1 GRPC_BUILD_WITH_BORING_SSL_ASM= GRPC_PYTHON_BUILD_SYSTEM_OPENSSL=TRUE",
2022-12-27T03:18:14.7530620Z   "package_name": "grpcio",
2022-12-27T03:18:14.7531320Z   "package_url": "https://files.pythonhosted.org/packages/b5/2a/8f636fdac99314f784152ad93d7fb5dc35a78f0815bc4f9a6ca702b881e8/grpcio-0.4.0a4.tar.gz",
2022-12-27T03:18:14.7531630Z   "package_version": "0.4.0a4",
2022-12-27T03:18:14.7531790Z   "python_version": "3.10",
2022-12-27T03:18:14.7531970Z   "use_ccache": "true"
2022-12-27T03:18:14.7532150Z }
2022-12-27T03:18:14.7750380Z ##[group]Run actions/setup-python@v4
2022-12-27T03:18:14.7750640Z with:
2022-12-27T03:18:14.7750790Z   python-version: 3.10
2022-12-27T03:18:14.7750970Z   check-latest: false
2022-12-27T03:18:14.7751310Z   token: ***
2022-12-27T03:18:14.7751570Z   update-environment: true
2022-12-27T03:18:14.7751730Z ##[endgroup]
2022-12-27T03:18:14.9011730Z ##[group]Installed versions
2022-12-27T03:18:14.9114960Z Successfully set up CPython (3.10.9)
2022-12-27T03:18:14.9115970Z ##[endgroup]
2022-12-27T03:18:14.9262290Z ##[group]Run if [ "true" == "true" ]
2022-12-27T03:18:14.9262650Z [36;1mif [ "true" == "true" ][0m
2022-12-27T03:18:14.9262810Z [36;1mthen[0m
2022-12-27T03:18:14.9263070Z [36;1m  echo "CCACHE_PATH_PREPEND=/usr/local/opt/ccache/libexec" >> $GITHUB_OUTPUT[0m
2022-12-27T03:18:14.9263290Z [36;1melse[0m
2022-12-27T03:18:14.9263540Z [36;1m  echo "CCACHE_PATH_PREPEND=" >> $GITHUB_OUTPUT[0m
2022-12-27T03:18:14.9263700Z [36;1mfi[0m
2022-12-27T03:18:14.9280440Z shell: /bin/bash -e {0}
2022-12-27T03:18:14.9280660Z env:
2022-12-27T03:18:14.9280930Z   pythonLocation: /Users/runner/hostedtoolcache/Python/3.10.9/x64
2022-12-27T03:18:14.9281210Z   PKG_CONFIG_PATH: /Users/runner/hostedtoolcache/Python/3.10.9/x64/lib/pkgconfig
2022-12-27T03:18:14.9281880Z   Python_ROOT_DIR: /Users/runner/hostedtoolcache/Python/3.10.9/x64
2022-12-27T03:18:14.9282090Z   Python2_ROOT_DIR: /Users/runner/hostedtoolcache/Python/3.10.9/x64
2022-12-27T03:18:14.9282500Z   Python3_ROOT_DIR: /Users/runner/hostedtoolcache/Python/3.10.9/x64
2022-12-27T03:18:14.9282710Z ##[endgroup]
2022-12-27T03:18:14.9397680Z ##[group]Run echo "BUILD_NAME=$(echo grpcio_0.4.0a4_3.10 | tr -dc '[:alnum:]\n\r' | tr '[:upper:]' '[:lower:]')" >> $GITHUB_OUTPUT
2022-12-27T03:18:14.9398130Z [36;1mecho "BUILD_NAME=$(echo grpcio_0.4.0a4_3.10 | tr -dc '[:alnum:]\n\r' | tr '[:upper:]' '[:lower:]')" >> $GITHUB_OUTPUT[0m
2022-12-27T03:18:14.9414540Z shell: /bin/bash -e {0}
2022-12-27T03:18:14.9414780Z env:
2022-12-27T03:18:14.9415010Z   pythonLocation: /Users/runner/hostedtoolcache/Python/3.10.9/x64
2022-12-27T03:18:14.9415290Z   PKG_CONFIG_PATH: /Users/runner/hostedtoolcache/Python/3.10.9/x64/lib/pkgconfig
2022-12-27T03:18:14.9415630Z   Python_ROOT_DIR: /Users/runner/hostedtoolcache/Python/3.10.9/x64
2022-12-27T03:18:14.9415890Z   Python2_ROOT_DIR: /Users/runner/hostedtoolcache/Python/3.10.9/x64
2022-12-27T03:18:14.9416210Z   Python3_ROOT_DIR: /Users/runner/hostedtoolcache/Python/3.10.9/x64
2022-12-27T03:18:14.9416430Z ##[endgroup]
2022-12-27T03:18:14.9576910Z ##[group]Run echo "PYTHON_NO_DOTS=$(echo 3.10 | tr -dc '[:alnum:]\n\r' | tr '[:upper:]' '[:lower:]')" >> $GITHUB_OUTPUT
2022-12-27T03:18:14.9577360Z [36;1mecho "PYTHON_NO_DOTS=$(echo 3.10 | tr -dc '[:alnum:]\n\r' | tr '[:upper:]' '[:lower:]')" >> $GITHUB_OUTPUT[0m
2022-12-27T03:18:14.9591270Z shell: /bin/bash -e {0}
2022-12-27T03:18:14.9591430Z env:
2022-12-27T03:18:14.9591640Z   pythonLocation: /Users/runner/hostedtoolcache/Python/3.10.9/x64
2022-12-27T03:18:14.9592260Z   PKG_CONFIG_PATH: /Users/runner/hostedtoolcache/Python/3.10.9/x64/lib/pkgconfig
2022-12-27T03:18:14.9592480Z   Python_ROOT_DIR: /Users/runner/hostedtoolcache/Python/3.10.9/x64
2022-12-27T03:18:14.9592720Z   Python2_ROOT_DIR: /Users/runner/hostedtoolcache/Python/3.10.9/x64
2022-12-27T03:18:14.9592990Z   Python3_ROOT_DIR: /Users/runner/hostedtoolcache/Python/3.10.9/x64
2022-12-27T03:18:14.9593220Z ##[endgroup]
2022-12-27T03:18:14.9706180Z ##[group]Run rm -rf build_grpcio040a4310
2022-12-27T03:18:14.9706570Z [36;1mrm -rf build_grpcio040a4310[0m
2022-12-27T03:18:14.9706790Z [36;1mmkdir build_grpcio040a4310[0m
2022-12-27T03:18:14.9707010Z [36;1mcd build_grpcio040a4310[0m
2022-12-27T03:18:14.9707320Z [36;1m/usr/local/bin/wget --quiet https://files.pythonhosted.org/packages/b5/2a/8f636fdac99314f784152ad93d7fb5dc35a78f0815bc4f9a6ca702b881e8/grpcio-0.4.0a4.tar.gz[0m
2022-12-27T03:18:14.9707620Z [36;1mtar xf *.tar.gz[0m
2022-12-27T03:18:14.9707760Z [36;1mcd grpcio-*/[0m
2022-12-27T03:18:14.9707960Z [36;1mpython -m pip install cibuildwheel==2.11.3[0m
2022-12-27T03:18:14.9708220Z [36;1mpython -m cibuildwheel --output-dir ../wheelsout[0m
2022-12-27T03:18:14.9721880Z shell: /bin/bash -e {0}
2022-12-27T03:18:14.9722100Z env:
2022-12-27T03:18:14.9722350Z   pythonLocation: /Users/runner/hostedtoolcache/Python/3.10.9/x64
2022-12-27T03:18:14.9722630Z   PKG_CONFIG_PATH: /Users/runner/hostedtoolcache/Python/3.10.9/x64/lib/pkgconfig
2022-12-27T03:18:14.9722880Z   Python_ROOT_DIR: /Users/runner/hostedtoolcache/Python/3.10.9/x64
2022-12-27T03:18:14.9723110Z   Python2_ROOT_DIR: /Users/runner/hostedtoolcache/Python/3.10.9/x64
2022-12-27T03:18:14.9723380Z   Python3_ROOT_DIR: /Users/runner/hostedtoolcache/Python/3.10.9/x64
2022-12-27T03:18:14.9723550Z   CIBW_ARCHS_MACOS: arm64
2022-12-27T03:18:14.9723720Z   CIBW_TEST_SKIP: *_arm64
2022-12-27T03:18:14.9723900Z   CIBW_BUILD: cp310-macosx_arm64
2022-12-27T03:18:14.9724050Z   CIBW_BUILD_FRONTEND: pip
2022-12-27T03:18:14.9724270Z   CIBW_BUILD_VERBOSITY: 3
2022-12-27T03:18:14.9724640Z   CIBW_ENVIRONMENT_MACOS: GRPC_PYTHON_BUILD_WITH_CYTHON=1 GRPC_BUILD_WITH_BORING_SSL_ASM='' GRPC_PYTHON_BUILD_SYSTEM_OPENSSL=TRUE CFLAGS="-I/usr/local/opt/openssl@3/include" LDFLAGS="-L/usr/local/opt/openssl@3/lib" CPPFLAGS="-I/usr/local/opt/openssl@3/include" MAKEFLAGS="-j$(sysctl -n hw.logicalcpu)" PATH=/usr/local/opt/ccache/libexec:$PATH
2022-12-27T03:18:14.9725240Z   CIBW_BEFORE_BUILD: pip install Cython; if [[ -f requirements.txt ]]; then pip install -r requirements.txt; fi
2022-12-27T03:18:14.9725450Z   MAKEFLAGS: -j$(sysctl -n hw.logicalcpu)
2022-12-27T03:18:14.9725630Z ##[endgroup]
2022-12-27T03:18:15.3208340Z Requirement already satisfied: cibuildwheel==2.11.3 in /Users/runner/hostedtoolcache/Python/3.10.9/x64/lib/python3.10/site-packages (2.11.3)
2022-12-27T03:18:15.3466010Z Requirement already satisfied: platformdirs in /Users/runner/hostedtoolcache/Python/3.10.9/x64/lib/python3.10/site-packages (from cibuildwheel==2.11.3) (2.6.0)
2022-12-27T03:18:15.3469710Z Requirement already satisfied: certifi in /Users/runner/hostedtoolcache/Python/3.10.9/x64/lib/python3.10/site-packages (from cibuildwheel==2.11.3) (2022.12.7)
2022-12-27T03:18:15.3479440Z Requirement already satisfied: typing-extensions>=4.1.0 in /Users/runner/hostedtoolcache/Python/3.10.9/x64/lib/python3.10/site-packages (from cibuildwheel==2.11.3) (4.4.0)
2022-12-27T03:18:15.3482910Z Requirement already satisfied: filelock in /Users/runner/hostedtoolcache/Python/3.10.9/x64/lib/python3.10/site-packages (from cibuildwheel==2.11.3) (3.8.2)
2022-12-27T03:18:15.3488950Z Requirement already satisfied: tomli in /Users/runner/hostedtoolcache/Python/3.10.9/x64/lib/python3.10/site-packages (from cibuildwheel==2.11.3) (2.0.1)
2022-12-27T03:18:15.3492610Z Requirement already satisfied: bracex in /Users/runner/hostedtoolcache/Python/3.10.9/x64/lib/python3.10/site-packages (from cibuildwheel==2.11.3) (2.3.post1)
2022-12-27T03:18:15.3498010Z Requirement already satisfied: bashlex!=0.13 in /Users/runner/hostedtoolcache/Python/3.10.9/x64/lib/python3.10/site-packages (from cibuildwheel==2.11.3) (0.16)
2022-12-27T03:18:15.3503060Z Requirement already satisfied: packaging>=20.9 in /Users/runner/hostedtoolcache/Python/3.10.9/x64/lib/python3.10/site-packages (from cibuildwheel==2.11.3) (22.0)
2022-12-27T03:18:15.5306670Z 
2022-12-27T03:18:15.5307010Z      _ _       _ _   _       _           _
2022-12-27T03:18:15.5307650Z  ___|_| |_ _ _|_| |_| |_ _ _| |_ ___ ___| |
2022-12-27T03:18:15.5309250Z |  _| | . | | | | | . | | | |   | -_| -_| |
2022-12-27T03:18:15.5309580Z |___|_|___|___|_|_|___|_____|_|_|___|___|_|
2022-12-27T03:18:15.5309690Z 
2022-12-27T03:18:15.5309820Z cibuildwheel version 2.11.3
2022-12-27T03:18:15.5310050Z 
2022-12-27T03:18:15.5310200Z Build options:
2022-12-27T03:18:15.5310450Z   platform: macos
2022-12-27T03:18:15.5364200Z   architectures: arm64[0m
2022-12-27T03:18:15.5364560Z   build_selector: 
2022-12-27T03:18:15.5365470Z     build_config: cp310-macosx_arm64
2022-12-27T03:18:15.5367290Z     skip_config: 
2022-12-27T03:18:15.5368950Z     requires_python: None
2022-12-27T03:18:15.5369630Z     prerelease_pythons: False[0m
2022-12-27T03:18:15.5370060Z   [38;5;244mcontainer_engine: docker[0m
2022-12-27T03:18:15.5370570Z   output_dir: /Users/runner/actions-runner/_work/python.build/python.build/build_grpcio040a4310/wheelsout[0m
2022-12-27T03:18:15.5371510Z   package_dir: /Users/runner/actions-runner/_work/python.build/python.build/build_grpcio040a4310/grpcio-0.4.0a4[0m
2022-12-27T03:18:15.5371960Z   test_selector: 
2022-12-27T03:18:15.5372450Z     skip_config: *_arm64[0m
2022-12-27T03:18:15.5373130Z   [38;5;244mbefore_all: [0m
2022-12-27T03:18:15.5373830Z   before_build: pip install Cython; if [[ -f requirements.txt ]]; then pip install -r requirements.txt; fi[0m
2022-12-27T03:18:15.5374520Z   [38;5;244mbefore_test: [0m
2022-12-27T03:18:15.5375320Z   [38;5;244mbuild_frontend: pip[0m
2022-12-27T03:18:15.5375770Z   build_verbosity: 3[0m
2022-12-27T03:18:15.5376200Z   [38;5;244mconfig_settings: [0m
2022-12-27T03:18:15.5376850Z   [38;5;244mdependency_constraints: pinned[0m
2022-12-27T03:18:15.5377200Z   environment: 
2022-12-27T03:18:15.5377570Z     GRPC_PYTHON_BUILD_WITH_CYTHON=1
2022-12-27T03:18:15.5377970Z     GRPC_BUILD_WITH_BORING_SSL_ASM=''
2022-12-27T03:18:15.5378630Z     GRPC_PYTHON_BUILD_SYSTEM_OPENSSL=TRUE
2022-12-27T03:18:15.5378990Z     CFLAGS="-I/usr/local/opt/openssl@3/include"
2022-12-27T03:18:15.5379290Z     LDFLAGS="-L/usr/local/opt/openssl@3/lib"
2022-12-27T03:18:15.5379630Z     CPPFLAGS="-I/usr/local/opt/openssl@3/include"
2022-12-27T03:18:15.5380050Z     MAKEFLAGS="-j$(sysctl -n hw.logicalcpu)"
2022-12-27T03:18:15.5380390Z     PATH=/usr/local/opt/ccache/libexec:$PATH[0m
2022-12-27T03:18:15.5380660Z   [38;5;244mmanylinux_images: None[0m
2022-12-27T03:18:15.5380950Z   [38;5;244mmusllinux_images: None[0m
2022-12-27T03:18:15.5381360Z   [38;5;244mrepair_command: delocate-wheel --require-archs {delocate_archs} -w {dest_dir} -v {wheel}[0m
2022-12-27T03:18:15.5381720Z   [38;5;244mtest_command: [0m
2022-12-27T03:18:15.5381990Z   [38;5;244mtest_extras: [0m
2022-12-27T03:18:15.5382260Z   [38;5;244mtest_requires: [0m
2022-12-27T03:18:15.5382390Z 
2022-12-27T03:18:15.5382490Z Cache folder: /Users/runner/Library/Caches/cibuildwheel
2022-12-27T03:18:15.5388540Z 
2022-12-27T03:18:15.5388770Z Here we go!
2022-12-27T03:18:15.5389030Z 
2022-12-27T03:18:15.5545420Z 
2022-12-27T03:18:15.5545990Z [1m[34mBuilding cp310-macosx_arm64 wheel[0m
2022-12-27T03:18:15.5546430Z CPython 3.10 macOS arm64 - Apple Silicon
2022-12-27T03:18:15.5546580Z 
2022-12-27T03:18:15.5550420Z ##[group]Installing Python cp310...
2022-12-27T03:18:15.5550580Z 
2022-12-27T03:18:15.5551720Z + pkgutil --pkgs
2022-12-27T03:18:15.5669410Z ##[endgroup]
2022-12-27T03:18:15.5670460Z                                                               [32m✓ [0m0.01s
2022-12-27T03:18:15.5671020Z ##[group]Setting up build environment...
2022-12-27T03:18:15.5671300Z 
2022-12-27T03:18:15.5691230Z + /Users/runner/hostedtoolcache/Python/3.10.9/x64/bin/python -sS /Users/runner/Library/Caches/cibuildwheel/virtualenv-20.17.0.pyz --activators= --no-periodic-update --pip=22.3.1 --setuptools=65.6.3 --wheel=0.38.4 --symlink-app-data --python /Library/Frameworks/Python.framework/Versions/3.10/bin/python3 /private/var/folders/51/hd414ycd67n82196sw51xqtc0000gn/T/cibw-run-6ldkaand/cp310-macosx_arm64/build/venv
2022-12-27T03:18:15.7687460Z created virtual environment CPython3.10.8.final.0-64 in 55ms
2022-12-27T03:18:15.7689000Z   creator CPython3Posix(dest=/private/var/folders/51/hd414ycd67n82196sw51xqtc0000gn/T/cibw-run-6ldkaand/cp310-macosx_arm64/build/venv, clear=False, no_vcs_ignore=False, global=False)
2022-12-27T03:18:15.7689810Z   seeder FromAppData(download=False, pip=22.3.1, setuptools=65.6.3, wheel=0.38.4, via=symlink, app_data_dir=/Users/runner/Library/Application Support/virtualenv)
2022-12-27T03:18:15.7690360Z     added seed packages: pip==22.3.1, setuptools==65.6.3, wheel==0.38.4
2022-12-27T03:18:15.7828400Z + python -m pip install --upgrade pip -c /Users/runner/hostedtoolcache/Python/3.10.9/x64/lib/python3.10/site-packages/cibuildwheel/resources/constraints-python310.txt
2022-12-27T03:18:16.0617320Z Requirement already satisfied: pip in ./lib/python3.10/site-packages (22.3.1)
2022-12-27T03:18:16.1900490Z + which pip
2022-12-27T03:18:16.1919130Z /private/var/folders/51/hd414ycd67n82196sw51xqtc0000gn/T/cibw-run-6ldkaand/cp310-macosx_arm64/build/venv/bin/pip
2022-12-27T03:18:16.1921760Z + pip --version
2022-12-27T03:18:16.3887790Z pip 22.3.1 from /private/var/folders/51/hd414ycd67n82196sw51xqtc0000gn/T/cibw-run-6ldkaand/cp310-macosx_arm64/build/venv/lib/python3.10/site-packages/pip (python 3.10)
2022-12-27T03:18:16.4130900Z + which pip
2022-12-27T03:18:16.4159930Z + which python
2022-12-27T03:18:16.4179340Z /private/var/folders/51/hd414ycd67n82196sw51xqtc0000gn/T/cibw-run-6ldkaand/cp310-macosx_arm64/build/venv/bin/python
2022-12-27T03:18:16.4181770Z + python --version
2022-12-27T03:18:16.4229140Z Python 3.10.8
2022-12-27T03:18:16.4233590Z + which python
2022-12-27T03:18:16.4292100Z ##[endgroup]
2022-12-27T03:18:16.4292810Z                                                               [32m✓ [0m0.86s
2022-12-27T03:18:16.4293390Z ##[group]Installing build tools...
2022-12-27T03:18:16.4293560Z 
2022-12-27T03:18:16.4294470Z + pip install --upgrade setuptools wheel delocate -c /Users/runner/hostedtoolcache/Python/3.10.9/x64/lib/python3.10/site-packages/cibuildwheel/resources/constraints-python310.txt
2022-12-27T03:18:16.7075420Z Requirement already satisfied: setuptools in /private/var/folders/51/hd414ycd67n82196sw51xqtc0000gn/T/cibw-run-6ldkaand/cp310-macosx_arm64/build/venv/lib/python3.10/site-packages (65.6.3)
2022-12-27T03:18:16.9005630Z Requirement already satisfied: wheel in /private/var/folders/51/hd414ycd67n82196sw51xqtc0000gn/T/cibw-run-6ldkaand/cp310-macosx_arm64/build/venv/lib/python3.10/site-packages (0.38.4)
2022-12-27T03:18:16.9475250Z Collecting delocate
2022-12-27T03:18:16.9496510Z   Using cached delocate-0.10.3-py3-none-any.whl (142 kB)
2022-12-27T03:18:16.9698170Z Collecting typing-extensions
2022-12-27T03:18:16.9714290Z   Using cached typing_extensions-4.4.0-py3-none-any.whl (26 kB)
2022-12-27T03:18:16.9931300Z Collecting packaging>=20.9
2022-12-27T03:18:16.9949340Z   Using cached packaging-21.3-py3-none-any.whl (40 kB)
2022-12-27T03:18:17.0268710Z Collecting pyparsing!=3.0.5,>=2.0.2
2022-12-27T03:18:17.0285560Z   Using cached pyparsing-3.0.9-py3-none-any.whl (98 kB)
2022-12-27T03:18:17.0599720Z Installing collected packages: typing-extensions, pyparsing, packaging, delocate
2022-12-27T03:18:17.1821000Z Successfully installed delocate-0.10.3 packaging-21.3 pyparsing-3.0.9 typing-extensions-4.4.0
2022-12-27T03:18:17.2280320Z ##[endgroup]
2022-12-27T03:18:17.2280950Z                                                               [32m✓ [0m0.80s
2022-12-27T03:18:17.2281390Z ##[group]Running before_build...
2022-12-27T03:18:17.2281680Z 
2022-12-27T03:18:17.2288740Z + pip install Cython; if [[ -f requirements.txt ]]; then pip install -r requirements.txt; fi
2022-12-27T03:18:17.8061150Z Collecting Cython
2022-12-27T03:18:17.8103980Z   Using cached Cython-0.29.32-py2.py3-none-any.whl (986 kB)
2022-12-27T03:18:17.8533560Z Installing collected packages: Cython
2022-12-27T03:18:18.2527780Z Successfully installed Cython-0.29.32
2022-12-27T03:18:18.3042240Z ##[endgroup]
2022-12-27T03:18:18.3043180Z                                                               [32m✓ [0m1.08s
2022-12-27T03:18:18.3044320Z ##[group]Building wheel...
2022-12-27T03:18:18.3044530Z 
2022-12-27T03:18:18.3049300Z + python -m pip wheel /Users/runner/actions-runner/_work/python.build/python.build/build_grpcio040a4310/grpcio-0.4.0a4 --wheel-dir=/private/var/folders/51/hd414ycd67n82196sw51xqtc0000gn/T/cibw-run-6ldkaand/cp310-macosx_arm64/built_wheel --no-deps -vvv
2022-12-27T03:18:18.5643500Z Created temporary directory: /private/var/folders/51/hd414ycd67n82196sw51xqtc0000gn/T/pip-ephem-wheel-cache-0ux5r4ti
2022-12-27T03:18:18.5648560Z Created temporary directory: /private/var/folders/51/hd414ycd67n82196sw51xqtc0000gn/T/pip-build-tracker-7uieqcs4
2022-12-27T03:18:18.5649870Z Initialized build tracking at /private/var/folders/51/hd414ycd67n82196sw51xqtc0000gn/T/pip-build-tracker-7uieqcs4
2022-12-27T03:18:18.5650960Z Created build tracker: /private/var/folders/51/hd414ycd67n82196sw51xqtc0000gn/T/pip-build-tracker-7uieqcs4
2022-12-27T03:18:18.5652180Z Entered build tracker: /private/var/folders/51/hd414ycd67n82196sw51xqtc0000gn/T/pip-build-tracker-7uieqcs4
2022-12-27T03:18:18.5654930Z Created temporary directory: /private/var/folders/51/hd414ycd67n82196sw51xqtc0000gn/T/pip-wheel-td4vj8t5
2022-12-27T03:18:18.5660790Z Created temporary directory: /private/var/folders/51/hd414ycd67n82196sw51xqtc0000gn/T/pip-ephem-wheel-cache-pp3hd0e3
2022-12-27T03:18:18.5811650Z Processing /Users/runner/actions-runner/_work/python.build/python.build/build_grpcio040a4310/grpcio-0.4.0a4
2022-12-27T03:18:18.5816350Z   Added file:///Users/runner/actions-runner/_work/python.build/python.build/build_grpcio040a4310/grpcio-0.4.0a4 to build tracker '/private/var/folders/51/hd414ycd67n82196sw51xqtc0000gn/T/pip-build-tracker-7uieqcs4'
2022-12-27T03:18:18.5819780Z   Running setup.py (path:/Users/runner/actions-runner/_work/python.build/python.build/build_grpcio040a4310/grpcio-0.4.0a4/setup.py) egg_info for package from file:///Users/runner/actions-runner/_work/python.build/python.build/build_grpcio040a4310/grpcio-0.4.0a4
2022-12-27T03:18:18.5822780Z   Created temporary directory: /private/var/folders/51/hd414ycd67n82196sw51xqtc0000gn/T/pip-pip-egg-info-ke_x5ce7
2022-12-27T03:18:18.5823780Z   Preparing metadata (setup.py): started
2022-12-27T03:18:18.5825570Z   Running command python setup.py egg_info
2022-12-27T03:18:18.7342690Z   running egg_info
2022-12-27T03:18:18.7346210Z   creating /private/var/folders/51/hd414ycd67n82196sw51xqtc0000gn/T/pip-pip-egg-info-ke_x5ce7/grpcio.egg-info
2022-12-27T03:18:18.7348100Z   writing /private/var/folders/51/hd414ycd67n82196sw51xqtc0000gn/T/pip-pip-egg-info-ke_x5ce7/grpcio.egg-info/PKG-INFO
2022-12-27T03:18:18.7349700Z   writing dependency_links to /private/var/folders/51/hd414ycd67n82196sw51xqtc0000gn/T/pip-pip-egg-info-ke_x5ce7/grpcio.egg-info/dependency_links.txt
2022-12-27T03:18:18.7351490Z   writing requirements to /private/var/folders/51/hd414ycd67n82196sw51xqtc0000gn/T/pip-pip-egg-info-ke_x5ce7/grpcio.egg-info/requires.txt
2022-12-27T03:18:18.7354600Z   writing top-level names to /private/var/folders/51/hd414ycd67n82196sw51xqtc0000gn/T/pip-pip-egg-info-ke_x5ce7/grpcio.egg-info/top_level.txt
2022-12-27T03:18:18.7356420Z   writing manifest file '/private/var/folders/51/hd414ycd67n82196sw51xqtc0000gn/T/pip-pip-egg-info-ke_x5ce7/grpcio.egg-info/SOURCES.txt'
2022-12-27T03:18:18.8164030Z   reading manifest file '/private/var/folders/51/hd414ycd67n82196sw51xqtc0000gn/T/pip-pip-egg-info-ke_x5ce7/grpcio.egg-info/SOURCES.txt'
2022-12-27T03:18:18.8165680Z   reading manifest template 'MANIFEST.in'
2022-12-27T03:18:18.8195540Z   writing manifest file '/private/var/folders/51/hd414ycd67n82196sw51xqtc0000gn/T/pip-pip-egg-info-ke_x5ce7/grpcio.egg-info/SOURCES.txt'
2022-12-27T03:18:18.8414600Z   Preparing metadata (setup.py): finished with status 'done'
2022-12-27T03:18:18.8435810Z   Source in /Users/runner/actions-runner/_work/python.build/python.build/build_grpcio040a4310/grpcio-0.4.0a4 has version 0.4.0a4, which satisfies requirement grpcio==0.4.0a4 from file:///Users/runner/actions-runner/_work/python.build/python.build/build_grpcio040a4310/grpcio-0.4.0a4
2022-12-27T03:18:18.8438780Z   Removed grpcio==0.4.0a4 from file:///Users/runner/actions-runner/_work/python.build/python.build/build_grpcio040a4310/grpcio-0.4.0a4 from build tracker '/private/var/folders/51/hd414ycd67n82196sw51xqtc0000gn/T/pip-build-tracker-7uieqcs4'
2022-12-27T03:18:18.8454110Z Created temporary directory: /private/var/folders/51/hd414ycd67n82196sw51xqtc0000gn/T/pip-unpack-nfbzxw7h
2022-12-27T03:18:18.8456220Z Building wheels for collected packages: grpcio
2022-12-27T03:18:18.8462900Z   Created temporary directory: /private/var/folders/51/hd414ycd67n82196sw51xqtc0000gn/T/pip-wheel-5n7hhji_
2022-12-27T03:18:18.8464570Z   Building wheel for grpcio (setup.py): started
2022-12-27T03:18:18.8466190Z   Destination directory: /private/var/folders/51/hd414ycd67n82196sw51xqtc0000gn/T/pip-wheel-5n7hhji_
2022-12-27T03:18:18.8467320Z   Running command python setup.py bdist_wheel
2022-12-27T03:18:19.0020970Z   running bdist_wheel
2022-12-27T03:18:19.0754840Z   running build
2022-12-27T03:18:19.0756420Z   running build_py
2022-12-27T03:18:19.0771950Z   creating build
2022-12-27T03:18:19.0773620Z   creating build/lib.macosx-11.0-arm64-cpython-310
2022-12-27T03:18:19.0774950Z   creating build/lib.macosx-11.0-arm64-cpython-310/grpc
2022-12-27T03:18:19.0776200Z   copying grpc/__init__.py -> build/lib.macosx-11.0-arm64-cpython-310/grpc
2022-12-27T03:18:19.0784820Z   creating build/lib.macosx-11.0-arm64-cpython-310/grpc/_adapter
2022-12-27T03:18:19.0787750Z   copying grpc/_adapter/fore.py -> build/lib.macosx-11.0-arm64-cpython-310/grpc/_adapter
2022-12-27T03:18:19.0789220Z   copying grpc/_adapter/_event_invocation_synchronous_event_service_test.py -> build/lib.macosx-11.0-arm64-cpython-310/grpc/_adapter
2022-12-27T03:18:19.0791030Z   copying grpc/_adapter/_lonely_rear_link_test.py -> build/lib.macosx-11.0-arm64-cpython-310/grpc/_adapter
2022-12-27T03:18:19.0793680Z   copying grpc/_adapter/_face_test_case.py -> build/lib.macosx-11.0-arm64-cpython-310/grpc/_adapter
2022-12-27T03:18:19.0798000Z   copying grpc/_adapter/_future_invocation_asynchronous_event_service_test.py -> build/lib.macosx-11.0-arm64-cpython-310/grpc/_adapter
2022-12-27T03:18:19.0799690Z   copying grpc/_adapter/_common.py -> build/lib.macosx-11.0-arm64-cpython-310/grpc/_adapter
2022-12-27T03:18:19.0801310Z   copying grpc/_adapter/__init__.py -> build/lib.macosx-11.0-arm64-cpython-310/grpc/_adapter
2022-12-27T03:18:19.0802800Z   copying grpc/_adapter/_low.py -> build/lib.macosx-11.0-arm64-cpython-310/grpc/_adapter
2022-12-27T03:18:19.0806120Z   copying grpc/_adapter/_blocking_invocation_inline_service_test.py -> build/lib.macosx-11.0-arm64-cpython-310/grpc/_adapter
2022-12-27T03:18:19.0808620Z   copying grpc/_adapter/_test_links.py -> build/lib.macosx-11.0-arm64-cpython-310/grpc/_adapter
2022-12-27T03:18:19.0810560Z   copying grpc/_adapter/rear.py -> build/lib.macosx-11.0-arm64-cpython-310/grpc/_adapter
2022-12-27T03:18:19.0812780Z   copying grpc/_adapter/_proto_scenarios.py -> build/lib.macosx-11.0-arm64-cpython-310/grpc/_adapter
2022-12-27T03:18:19.0815250Z   copying grpc/_adapter/_low_test.py -> build/lib.macosx-11.0-arm64-cpython-310/grpc/_adapter
2022-12-27T03:18:19.0817580Z   copying grpc/_adapter/_datatypes.py -> build/lib.macosx-11.0-arm64-cpython-310/grpc/_adapter
2022-12-27T03:18:19.0819690Z   copying grpc/_adapter/_links_test.py -> build/lib.macosx-11.0-arm64-cpython-310/grpc/_adapter
2022-12-27T03:18:19.0822490Z   copying grpc/_adapter/_c_test.py -> build/lib.macosx-11.0-arm64-cpython-310/grpc/_adapter
2022-12-27T03:18:19.0826770Z   creating build/lib.macosx-11.0-arm64-cpython-310/grpc/_junkdrawer
2022-12-27T03:18:19.0828510Z   copying grpc/_junkdrawer/stock_pb2.py -> build/lib.macosx-11.0-arm64-cpython-310/grpc/_junkdrawer
2022-12-27T03:18:19.0830610Z   copying grpc/_junkdrawer/__init__.py -> build/lib.macosx-11.0-arm64-cpython-310/grpc/_junkdrawer
2022-12-27T03:18:19.0833240Z   copying grpc/_junkdrawer/math_pb2.py -> build/lib.macosx-11.0-arm64-cpython-310/grpc/_junkdrawer
2022-12-27T03:18:19.0837360Z   creating build/lib.macosx-11.0-arm64-cpython-310/grpc/early_adopter
2022-12-27T03:18:19.0838550Z   copying grpc/early_adopter/__init__.py -> build/lib.macosx-11.0-arm64-cpython-310/grpc/early_adopter
2022-12-27T03:18:19.0842060Z   copying grpc/early_adopter/implementations_test.py -> build/lib.macosx-11.0-arm64-cpython-310/grpc/early_adopter
2022-12-27T03:18:19.0844200Z   copying grpc/early_adopter/implementations.py -> build/lib.macosx-11.0-arm64-cpython-310/grpc/early_adopter
2022-12-27T03:18:19.0847160Z   creating build/lib.macosx-11.0-arm64-cpython-310/grpc/framework
2022-12-27T03:18:19.0848660Z   copying grpc/framework/__init__.py -> build/lib.macosx-11.0-arm64-cpython-310/grpc/framework
2022-12-27T03:18:19.0853240Z   creating build/lib.macosx-11.0-arm64-cpython-310/grpc/framework/alpha
2022-12-27T03:18:19.0854800Z   copying grpc/framework/alpha/interfaces.py -> build/lib.macosx-11.0-arm64-cpython-310/grpc/framework/alpha
2022-12-27T03:18:19.0857240Z   copying grpc/framework/alpha/_face_utilities.py -> build/lib.macosx-11.0-arm64-cpython-310/grpc/framework/alpha
2022-12-27T03:18:19.0859800Z   copying grpc/framework/alpha/__init__.py -> build/lib.macosx-11.0-arm64-cpython-310/grpc/framework/alpha
2022-12-27T03:18:19.0862320Z   copying grpc/framework/alpha/exceptions.py -> build/lib.macosx-11.0-arm64-cpython-310/grpc/framework/alpha
2022-12-27T03:18:19.0864420Z   copying grpc/framework/alpha/_reexport.py -> build/lib.macosx-11.0-arm64-cpython-310/grpc/framework/alpha
2022-12-27T03:18:19.0866850Z   copying grpc/framework/alpha/utilities.py -> build/lib.macosx-11.0-arm64-cpython-310/grpc/framework/alpha
2022-12-27T03:18:19.0875270Z   creating build/lib.macosx-11.0-arm64-cpython-310/grpc/framework/base
2022-12-27T03:18:19.0876890Z   copying grpc/framework/base/interfaces.py -> build/lib.macosx-11.0-arm64-cpython-310/grpc/framework/base
2022-12-27T03:18:19.0878920Z   copying grpc/framework/base/_constants.py -> build/lib.macosx-11.0-arm64-cpython-310/grpc/framework/base
2022-12-27T03:18:19.0881330Z   copying grpc/framework/base/_expiration.py -> build/lib.macosx-11.0-arm64-cpython-310/grpc/framework/base
2022-12-27T03:18:19.0884080Z   copying grpc/framework/base/_transmission.py -> build/lib.macosx-11.0-arm64-cpython-310/grpc/framework/base
2022-12-27T03:18:19.0886810Z   copying grpc/framework/base/_reception.py -> build/lib.macosx-11.0-arm64-cpython-310/grpc/framework/base
2022-12-27T03:18:19.0889190Z   copying grpc/framework/base/_ingestion.py -> build/lib.macosx-11.0-arm64-cpython-310/grpc/framework/base
2022-12-27T03:18:19.0891960Z   copying grpc/framework/base/util.py -> build/lib.macosx-11.0-arm64-cpython-310/grpc/framework/base
2022-12-27T03:18:19.0895470Z   copying grpc/framework/base/_termination.py -> build/lib.macosx-11.0-arm64-cpython-310/grpc/framework/base
2022-12-27T03:18:19.0897310Z   copying grpc/framework/base/null.py -> build/lib.macosx-11.0-arm64-cpython-310/grpc/framework/base
2022-12-27T03:18:19.0899590Z   copying grpc/framework/base/__init__.py -> build/lib.macosx-11.0-arm64-cpython-310/grpc/framework/base
2022-12-27T03:18:19.0901360Z   copying grpc/framework/base/_interfaces.py -> build/lib.macosx-11.0-arm64-cpython-310/grpc/framework/base
2022-12-27T03:18:19.0904100Z   copying grpc/framework/base/_context.py -> build/lib.macosx-11.0-arm64-cpython-310/grpc/framework/base
2022-12-27T03:18:19.0906300Z   copying grpc/framework/base/implementations_test.py -> build/lib.macosx-11.0-arm64-cpython-310/grpc/framework/base
2022-12-27T03:18:19.0909200Z   copying grpc/framework/base/interfaces_test_case.py -> build/lib.macosx-11.0-arm64-cpython-310/grpc/framework/base
2022-12-27T03:18:19.0912140Z   copying grpc/framework/base/exceptions.py -> build/lib.macosx-11.0-arm64-cpython-310/grpc/framework/base
2022-12-27T03:18:19.0914030Z   copying grpc/framework/base/_ends.py -> build/lib.macosx-11.0-arm64-cpython-310/grpc/framework/base
2022-12-27T03:18:19.0916580Z   copying grpc/framework/base/_emission.py -> build/lib.macosx-11.0-arm64-cpython-310/grpc/framework/base
2022-12-27T03:18:19.0919630Z   copying grpc/framework/base/implementations.py -> build/lib.macosx-11.0-arm64-cpython-310/grpc/framework/base
2022-12-27T03:18:19.0921670Z   copying grpc/framework/base/in_memory.py -> build/lib.macosx-11.0-arm64-cpython-310/grpc/framework/base
2022-12-27T03:18:19.0923990Z   copying grpc/framework/base/_cancellation.py -> build/lib.macosx-11.0-arm64-cpython-310/grpc/framework/base
2022-12-27T03:18:19.0928520Z   creating build/lib.macosx-11.0-arm64-cpython-310/grpc/framework/common
2022-12-27T03:18:19.0929970Z   copying grpc/framework/common/style.py -> build/lib.macosx-11.0-arm64-cpython-310/grpc/framework/common
2022-12-27T03:18:19.0932460Z   copying grpc/framework/common/cardinality.py -> build/lib.macosx-11.0-arm64-cpython-310/grpc/framework/common
2022-12-27T03:18:19.0934680Z   copying grpc/framework/common/__init__.py -> build/lib.macosx-11.0-arm64-cpython-310/grpc/framework/common
2022-12-27T03:18:19.0941570Z   creating build/lib.macosx-11.0-arm64-cpython-310/grpc/framework/face
2022-12-27T03:18:19.0943000Z   copying grpc/framework/face/_service.py -> build/lib.macosx-11.0-arm64-cpython-310/grpc/framework/face
2022-12-27T03:18:19.0946190Z   copying grpc/framework/face/interfaces.py -> build/lib.macosx-11.0-arm64-cpython-310/grpc/framework/face
2022-12-27T03:18:19.0948730Z   copying grpc/framework/face/_control.py -> build/lib.macosx-11.0-arm64-cpython-310/grpc/framework/face
2022-12-27T03:18:19.0951330Z   copying grpc/framework/face/blocking_invocation_inline_service_test.py -> build/lib.macosx-11.0-arm64-cpython-310/grpc/framework/face
2022-12-27T03:18:19.0954170Z   copying grpc/framework/face/__init__.py -> build/lib.macosx-11.0-arm64-cpython-310/grpc/framework/face
2022-12-27T03:18:19.0956540Z   copying grpc/framework/face/demonstration.py -> build/lib.macosx-11.0-arm64-cpython-310/grpc/framework/face
2022-12-27T03:18:19.0959280Z   copying grpc/framework/face/_calls.py -> build/lib.macosx-11.0-arm64-cpython-310/grpc/framework/face
2022-12-27T03:18:19.0962120Z   copying grpc/framework/face/exceptions.py -> build/lib.macosx-11.0-arm64-cpython-310/grpc/framework/face
2022-12-27T03:18:19.0964720Z   copying grpc/framework/face/utilities.py -> build/lib.macosx-11.0-arm64-cpython-310/grpc/framework/face
2022-12-27T03:18:19.0967510Z   copying grpc/framework/face/event_invocation_synchronous_event_service_test.py -> build/lib.macosx-11.0-arm64-cpython-310/grpc/framework/face
2022-12-27T03:18:19.0970040Z   copying grpc/framework/face/_test_case.py -> build/lib.macosx-11.0-arm64-cpython-310/grpc/framework/face
2022-12-27T03:18:19.0973340Z   copying grpc/framework/face/implementations.py -> build/lib.macosx-11.0-arm64-cpython-310/grpc/framework/face
2022-12-27T03:18:19.0975410Z   copying grpc/framework/face/future_invocation_asynchronous_event_service_test.py -> build/lib.macosx-11.0-arm64-cpython-310/grpc/framework/face
2022-12-27T03:18:19.0983420Z   creating build/lib.macosx-11.0-arm64-cpython-310/grpc/framework/face/testing
2022-12-27T03:18:19.0984450Z   copying grpc/framework/face/testing/callback.py -> build/lib.macosx-11.0-arm64-cpython-310/grpc/framework/face/testing
2022-12-27T03:18:19.0987430Z   copying grpc/framework/face/testing/digest.py -> build/lib.macosx-11.0-arm64-cpython-310/grpc/framework/face/testing
2022-12-27T03:18:19.0989140Z   copying grpc/framework/face/testing/interfaces.py -> build/lib.macosx-11.0-arm64-cpython-310/grpc/framework/face/testing
2022-12-27T03:18:19.0991980Z   copying grpc/framework/face/testing/stock_service.py -> build/lib.macosx-11.0-arm64-cpython-310/grpc/framework/face/testing
2022-12-27T03:18:19.0994190Z   copying grpc/framework/face/testing/service.py -> build/lib.macosx-11.0-arm64-cpython-310/grpc/framework/face/testing
2022-12-27T03:18:19.0996680Z   copying grpc/framework/face/testing/blocking_invocation_inline_service_test_case.py -> build/lib.macosx-11.0-arm64-cpython-310/grpc/framework/face/testing
2022-12-27T03:18:19.0999040Z   copying grpc/framework/face/testing/base_util.py -> build/lib.macosx-11.0-arm64-cpython-310/grpc/framework/face/testing
2022-12-27T03:18:19.1001970Z   copying grpc/framework/face/testing/control.py -> build/lib.macosx-11.0-arm64-cpython-310/grpc/framework/face/testing
2022-12-27T03:18:19.1003950Z   copying grpc/framework/face/testing/__init__.py -> build/lib.macosx-11.0-arm64-cpython-310/grpc/framework/face/testing
2022-12-27T03:18:19.1006210Z   copying grpc/framework/face/testing/coverage.py -> build/lib.macosx-11.0-arm64-cpython-310/grpc/framework/face/testing
2022-12-27T03:18:19.1009110Z   copying grpc/framework/face/testing/event_invocation_synchronous_event_service_test_case.py -> build/lib.macosx-11.0-arm64-cpython-310/grpc/framework/face/testing
2022-12-27T03:18:19.1011540Z   copying grpc/framework/face/testing/test_case.py -> build/lib.macosx-11.0-arm64-cpython-310/grpc/framework/face/testing
2022-12-27T03:18:19.1014080Z   copying grpc/framework/face/testing/serial.py -> build/lib.macosx-11.0-arm64-cpython-310/grpc/framework/face/testing
2022-12-27T03:18:19.1016560Z   copying grpc/framework/face/testing/future_invocation_asynchronous_event_service_test_case.py -> build/lib.macosx-11.0-arm64-cpython-310/grpc/framework/face/testing
2022-12-27T03:18:19.1023680Z   creating build/lib.macosx-11.0-arm64-cpython-310/grpc/framework/foundation
2022-12-27T03:18:19.1025060Z   copying grpc/framework/foundation/callable_util.py -> build/lib.macosx-11.0-arm64-cpython-310/grpc/framework/foundation
2022-12-27T03:18:19.1028010Z   copying grpc/framework/foundation/abandonment.py -> build/lib.macosx-11.0-arm64-cpython-310/grpc/framework/foundation
2022-12-27T03:18:19.1029970Z   copying grpc/framework/foundation/stream_testing.py -> build/lib.macosx-11.0-arm64-cpython-310/grpc/framework/foundation
2022-12-27T03:18:19.1032570Z   copying grpc/framework/foundation/__init__.py -> build/lib.macosx-11.0-arm64-cpython-310/grpc/framework/foundation
2022-12-27T03:18:19.1035370Z   copying grpc/framework/foundation/stream.py -> build/lib.macosx-11.0-arm64-cpython-310/grpc/framework/foundation
2022-12-27T03:18:19.1037360Z   copying grpc/framework/foundation/activated.py -> build/lib.macosx-11.0-arm64-cpython-310/grpc/framework/foundation
2022-12-27T03:18:19.1040350Z   copying grpc/framework/foundation/later.py -> build/lib.macosx-11.0-arm64-cpython-310/grpc/framework/foundation
2022-12-27T03:18:19.1042840Z   copying grpc/framework/foundation/_later_test.py -> build/lib.macosx-11.0-arm64-cpython-310/grpc/framework/foundation
2022-12-27T03:18:19.1112890Z   copying grpc/framework/foundation/_logging_pool_test.py -> build/lib.macosx-11.0-arm64-cpython-310/grpc/framework/foundation
2022-12-27T03:18:19.1113350Z   copying grpc/framework/foundation/stream_util.py -> build/lib.macosx-11.0-arm64-cpython-310/grpc/framework/foundation
2022-12-27T03:18:19.1113690Z   copying grpc/framework/foundation/future.py -> build/lib.macosx-11.0-arm64-cpython-310/grpc/framework/foundation
2022-12-27T03:18:19.1114210Z   copying grpc/framework/foundation/_timer_future.py -> build/lib.macosx-11.0-arm64-cpython-310/grpc/framework/foundation
2022-12-27T03:18:19.1114600Z   copying grpc/framework/foundation/logging_pool.py -> build/lib.macosx-11.0-arm64-cpython-310/grpc/framework/foundation
2022-12-27T03:18:19.1114820Z   running build_ext
2022-12-27T03:18:19.1115060Z   building 'grpc._adapter._c' extension
2022-12-27T03:18:19.1115310Z   creating build/temp.macosx-11.0-arm64-cpython-310
2022-12-27T03:18:19.1115560Z   creating build/temp.macosx-11.0-arm64-cpython-310/grpc
2022-12-27T03:18:19.1115820Z   creating build/temp.macosx-11.0-arm64-cpython-310/grpc/_adapter
2022-12-27T03:18:19.1116540Z   clang -Wno-unused-result -Wsign-compare -Wunreachable-code -fno-common -dynamic -DNDEBUG -g -fwrapv -O3 -Wall -g -I/usr/local/opt/openssl@3/include -I/usr/local/opt/openssl@3/include -arch arm64 -I. -I/private/var/folders/51/hd414ycd67n82196sw51xqtc0000gn/T/cibw-run-6ldkaand/cp310-macosx_arm64/build/venv/include -I/Library/Frameworks/Python.framework/Versions/3.10/include/python3.10 -c grpc/_adapter/_c.c -o build/temp.macosx-11.0-arm64-cpython-310/grpc/_adapter/_c.o
2022-12-27T03:18:19.1749530Z   grpc/_adapter/_c.c:35:10: fatal error: 'grpc/grpc.h' file not found
2022-12-27T03:18:19.1750690Z   #include <grpc/grpc.h>
2022-12-27T03:18:19.1752330Z            ^~~~~~~~~~~~~
2022-12-27T03:18:19.1756170Z   1 error generated.
2022-12-27T03:18:19.1772510Z   error: command '/usr/bin/clang' failed with exit code 1
2022-12-27T03:18:19.2118720Z   error: subprocess-exited-with-error
2022-12-27T03:18:19.2119000Z   
2022-12-27T03:18:19.2119430Z   × python setup.py bdist_wheel did not run successfully.
2022-12-27T03:18:19.2119750Z   │ exit code: 1
2022-12-27T03:18:19.2120040Z   ╰─> See above for output.
2022-12-27T03:18:19.2120290Z   
2022-12-27T03:18:19.2120620Z   note: This error originates from a subprocess, and is likely not a problem with pip.
2022-12-27T03:18:19.2126600Z   full command: /private/var/folders/51/hd414ycd67n82196sw51xqtc0000gn/T/cibw-run-6ldkaand/cp310-macosx_arm64/build/venv/bin/python -u -c '
2022-12-27T03:18:19.2127320Z   exec(compile('"'"''"'"''"'"'
2022-12-27T03:18:19.2127880Z   # This is <pip-setuptools-caller> -- a caller that pip uses to run setup.py
2022-12-27T03:18:19.2128760Z   #
2022-12-27T03:18:19.2129150Z   # - It imports setuptools before invoking setup.py, to enable projects that directly
2022-12-27T03:18:19.2129560Z   #   import from `distutils.core` to work with newer packaging standards.
2022-12-27T03:18:19.2129960Z   # - It provides a clear error message when setuptools is not installed.
2022-12-27T03:18:19.2130350Z   # - It sets `sys.argv[0]` to the underlying `setup.py`, when invoking `setup.py` so
2022-12-27T03:18:19.2130730Z   #   setuptools doesn'"'"'t think the script is `-c`. This avoids the following warning:
2022-12-27T03:18:19.2131170Z   #     manifest_maker: standard file '"'"'-c'"'"' not found".
2022-12-27T03:18:19.2131540Z   # - It generates a shim setup.py, for handling setup.cfg-only projects.
2022-12-27T03:18:19.2131820Z   import os, sys, tokenize
2022-12-27T03:18:19.2132360Z   
2022-12-27T03:18:19.2132570Z   try:
2022-12-27T03:18:19.2132740Z       import setuptools
2022-12-27T03:18:19.2133230Z   except ImportError as error:
2022-12-27T03:18:19.2133450Z       print(
2022-12-27T03:18:19.2133680Z           "ERROR: Can not execute `setup.py` since setuptools is not available in "
2022-12-27T03:18:19.2133960Z           "the build environment.",
2022-12-27T03:18:19.2134190Z           file=sys.stderr,
2022-12-27T03:18:19.2134370Z       )
2022-12-27T03:18:19.2134570Z       sys.exit(1)
2022-12-27T03:18:19.2134760Z   
2022-12-27T03:18:19.2134900Z   __file__ = %r
2022-12-27T03:18:19.2135110Z   sys.argv[0] = __file__
2022-12-27T03:18:19.2135310Z   
2022-12-27T03:18:19.2135500Z   if os.path.exists(__file__):
2022-12-27T03:18:19.2135680Z       filename = __file__
2022-12-27T03:18:19.2135910Z       with tokenize.open(__file__) as f:
2022-12-27T03:18:19.2136180Z           setup_py_code = f.read()
2022-12-27T03:18:19.2136350Z   else:
2022-12-27T03:18:19.2136660Z       filename = "<auto-generated setuptools caller>"
2022-12-27T03:18:19.2136940Z       setup_py_code = "from setuptools import setup; setup()"
2022-12-27T03:18:19.2137130Z   
2022-12-27T03:18:19.2137360Z   exec(compile(setup_py_code, filename, "exec"))
2022-12-27T03:18:19.2138250Z   '"'"''"'"''"'"' % ('"'"'/Users/runner/actions-runner/_work/python.build/python.build/build_grpcio040a4310/grpcio-0.4.0a4/setup.py'"'"',), "<pip-setuptools-caller>", "exec"))' bdist_wheel -d /private/var/folders/51/hd414ycd67n82196sw51xqtc0000gn/T/pip-wheel-5n7hhji_
2022-12-27T03:18:19.2138890Z   cwd: /Users/runner/actions-runner/_work/python.build/python.build/build_grpcio040a4310/grpcio-0.4.0a4/
2022-12-27T03:18:19.2139190Z   ERROR: Failed building wheel for grpcio
2022-12-27T03:18:19.2139410Z   Running command python setup.py clean
2022-12-27T03:18:19.2139790Z   Building wheel for grpcio (setup.py): finished with status 'error'
2022-12-27T03:18:19.2140080Z   Running setup.py clean for grpcio
2022-12-27T03:18:19.3609000Z   running clean
2022-12-27T03:18:19.3622390Z   removing 'build/temp.macosx-11.0-arm64-cpython-310' (and everything under it)
2022-12-27T03:18:19.3626200Z   removing 'build/lib.macosx-11.0-arm64-cpython-310' (and everything under it)
2022-12-27T03:18:19.3707810Z   'build/bdist.macosx-11.0-arm64' does not exist -- can't clean it
2022-12-27T03:18:19.3709690Z   'build/scripts-3.10' does not exist -- can't clean it
2022-12-27T03:18:19.3711300Z   removing 'build'
2022-12-27T03:18:19.3890360Z Failed to build grpcio
2022-12-27T03:18:19.3895230Z ERROR: Failed to build one or more wheels
2022-12-27T03:18:19.3904900Z Exception information:
2022-12-27T03:18:19.3905160Z Traceback (most recent call last):
2022-12-27T03:18:19.3913250Z   File "/private/var/folders/51/hd414ycd67n82196sw51xqtc0000gn/T/cibw-run-6ldkaand/cp310-macosx_arm64/build/venv/lib/python3.10/site-packages/pip/_internal/cli/base_command.py", line 160, in exc_logging_wrapper
2022-12-27T03:18:19.3913770Z     status = run_func(*args)
2022-12-27T03:18:19.3914400Z   File "/private/var/folders/51/hd414ycd67n82196sw51xqtc0000gn/T/cibw-run-6ldkaand/cp310-macosx_arm64/build/venv/lib/python3.10/site-packages/pip/_internal/cli/req_command.py", line 247, in wrapper
2022-12-27T03:18:19.3914780Z     return func(self, options, args)
2022-12-27T03:18:19.3915270Z   File "/private/var/folders/51/hd414ycd67n82196sw51xqtc0000gn/T/cibw-run-6ldkaand/cp310-macosx_arm64/build/venv/lib/python3.10/site-packages/pip/_internal/commands/wheel.py", line 201, in run
2022-12-27T03:18:19.3915690Z     raise CommandError("Failed to build one or more wheels")
2022-12-27T03:18:19.3915950Z pip._internal.exceptions.CommandError: Failed to build one or more wheels
2022-12-27T03:18:19.3916380Z Removed build tracker: '/private/var/folders/51/hd414ycd67n82196sw51xqtc0000gn/T/pip-build-tracker-7uieqcs4'
2022-12-27T03:18:19.4315680Z ##[endgroup]
2022-12-27T03:18:19.4340920Z ##[error]Command ['python', '-m', 'pip', 'wheel', '/Users/runner/actions-runner/_work/python.build/python.build/build_grpcio040a4310/grpcio-0.4.0a4', '--wheel-dir=/private/var/folders/51/hd414ycd67n82196sw51xqtc0000gn/T/cibw-run-6ldkaand/cp310-macosx_arm64/built_wheel', '--no-deps', '-vvv'] failed with code 1. None
2022-12-27T03:18:19.4347870Z 
2022-12-27T03:18:19.4348200Z                                                               [31m✕ [0m1.13s
2022-12-27T03:18:19.4768100Z ##[error]Process completed with exit code 1.
2022-12-27T03:18:19.4800380Z ##[group]Run rm -rf build_grpcio040a4310 wheelsout
2022-12-27T03:18:19.4800610Z [36;1mrm -rf build_grpcio040a4310 wheelsout[0m
2022-12-27T03:18:19.4815250Z shell: /bin/bash -e {0}
2022-12-27T03:18:19.4815420Z env:
2022-12-27T03:18:19.4815620Z   pythonLocation: /Users/runner/hostedtoolcache/Python/3.10.9/x64
2022-12-27T03:18:19.4815890Z   PKG_CONFIG_PATH: /Users/runner/hostedtoolcache/Python/3.10.9/x64/lib/pkgconfig
2022-12-27T03:18:19.4816130Z   Python_ROOT_DIR: /Users/runner/hostedtoolcache/Python/3.10.9/x64
2022-12-27T03:18:19.4816350Z   Python2_ROOT_DIR: /Users/runner/hostedtoolcache/Python/3.10.9/x64
2022-12-27T03:18:19.4816560Z   Python3_ROOT_DIR: /Users/runner/hostedtoolcache/Python/3.10.9/x64
2022-12-27T03:18:19.4816760Z ##[endgroup]
2022-12-27T03:18:19.5073740Z Cleaning up orphan processes
