2022-12-27T01:50:52.4670555Z Requested labels: self-hosted, macOS, X64
2022-12-27T01:50:52.4670641Z Job defined at: kilnbuild/python.build/.github/workflows/mac_arm_build.yml@refs/heads/main
2022-12-27T01:50:52.4670675Z Waiting for a runner to pick up this job...
2022-12-27T01:51:51.9745607Z Job is about to start running on the runner: kr2 (organization)
2022-12-27T01:51:57.5658270Z Current runner version: '2.300.2'
2022-12-27T01:51:57.5665390Z Runner name: 'kr2'
2022-12-27T01:51:57.5665770Z Runner group name: 'Default'
2022-12-27T01:51:57.5666650Z Machine name: 'kr2'
2022-12-27T01:51:57.5669150Z ##[group]GITHUB_TOKEN Permissions
2022-12-27T01:51:57.5669770Z Actions: write
2022-12-27T01:51:57.5670020Z Checks: write
2022-12-27T01:51:57.5670260Z Contents: write
2022-12-27T01:51:57.5670500Z Deployments: write
2022-12-27T01:51:57.5670770Z Discussions: write
2022-12-27T01:51:57.5671010Z Issues: write
2022-12-27T01:51:57.5671240Z Metadata: read
2022-12-27T01:51:57.5671470Z Packages: write
2022-12-27T01:51:57.5671720Z Pages: write
2022-12-27T01:51:57.5671970Z PullRequests: write
2022-12-27T01:51:57.5672250Z RepositoryProjects: write
2022-12-27T01:51:57.5672550Z SecurityEvents: write
2022-12-27T01:51:57.5672800Z Statuses: write
2022-12-27T01:51:57.5673030Z ##[endgroup]
2022-12-27T01:51:57.5676470Z Secret source: Actions
2022-12-27T01:51:57.5676940Z Prepare workflow directory
2022-12-27T01:51:57.6769270Z Prepare all required actions
2022-12-27T01:51:57.6974980Z Getting action download info
2022-12-27T01:51:58.1563300Z Download action repository 'actions/setup-python@v4' (SHA:5ccb29d8773c3f3f653e1705f474dfaa8a06a912)
2022-12-27T01:51:59.5384040Z Download action repository 'actions/upload-artifact@v3' (SHA:83fd05a356d7e2593de66fc9913b3002723633cb)
2022-12-27T01:52:00.9760490Z ##[group]Run echo '{
2022-12-27T01:52:00.9761020Z [36;1mecho '{[0m
2022-12-27T01:52:00.9761410Z [36;1m  "environment_variables": "GRPC_PYTHON_BUILD_WITH_CYTHON=1 GRPC_BUILD_WITH_BORING_SSL_ASM='' GRPC_PYTHON_BUILD_SYSTEM_OPENSSL=TRUE",[0m
2022-12-27T01:52:00.9761760Z [36;1m  "package_name": "grpcio",[0m
2022-12-27T01:52:00.9762200Z [36;1m  "package_url": "https://files.pythonhosted.org/packages/2e/d5/99d57e830347122d402a084b7ec18f9d1e2ef2b9a9254980b79a9a155631/grpcio-0.11.0b1.tar.gz",[0m
2022-12-27T01:52:00.9762630Z [36;1m  "package_version": "0.11.0b1",[0m
2022-12-27T01:52:00.9762960Z [36;1m  "python_version": "3.11",[0m
2022-12-27T01:52:00.9763220Z [36;1m  "use_ccache": "true"[0m
2022-12-27T01:52:00.9763510Z [36;1m}'[0m
2022-12-27T01:52:00.9789560Z shell: /bin/bash -e {0}
2022-12-27T01:52:00.9789780Z ##[endgroup]
2022-12-27T01:52:01.0221920Z {
2022-12-27T01:52:01.0224730Z   "environment_variables": "GRPC_PYTHON_BUILD_WITH_CYTHON=1 GRPC_BUILD_WITH_BORING_SSL_ASM= GRPC_PYTHON_BUILD_SYSTEM_OPENSSL=TRUE",
2022-12-27T01:52:01.0225230Z   "package_name": "grpcio",
2022-12-27T01:52:01.0226410Z   "package_url": "https://files.pythonhosted.org/packages/2e/d5/99d57e830347122d402a084b7ec18f9d1e2ef2b9a9254980b79a9a155631/grpcio-0.11.0b1.tar.gz",
2022-12-27T01:52:01.0227040Z   "package_version": "0.11.0b1",
2022-12-27T01:52:01.0227310Z   "python_version": "3.11",
2022-12-27T01:52:01.0227740Z   "use_ccache": "true"
2022-12-27T01:52:01.0228050Z }
2022-12-27T01:52:01.0601600Z ##[group]Run actions/setup-python@v4
2022-12-27T01:52:01.0601970Z with:
2022-12-27T01:52:01.0602420Z   python-version: 3.11
2022-12-27T01:52:01.0602780Z   check-latest: false
2022-12-27T01:52:01.0603380Z   token: ***
2022-12-27T01:52:01.0603710Z   update-environment: true
2022-12-27T01:52:01.0604120Z ##[endgroup]
2022-12-27T01:52:01.2737550Z ##[group]Installed versions
2022-12-27T01:52:01.2773510Z Successfully set up CPython (3.11.1)
2022-12-27T01:52:01.2775270Z ##[endgroup]
2022-12-27T01:52:01.3025640Z ##[group]Run if [ "true" == "true" ]
2022-12-27T01:52:01.3026020Z [36;1mif [ "true" == "true" ][0m
2022-12-27T01:52:01.3026470Z [36;1mthen[0m
2022-12-27T01:52:01.3026890Z [36;1m  echo "CCACHE_PATH_PREPEND=/usr/local/opt/ccache/libexec" >> $GITHUB_OUTPUT[0m
2022-12-27T01:52:01.3027240Z [36;1melse[0m
2022-12-27T01:52:01.3028240Z [36;1m  echo "CCACHE_PATH_PREPEND=" >> $GITHUB_OUTPUT[0m
2022-12-27T01:52:01.3028650Z [36;1mfi[0m
2022-12-27T01:52:01.3061380Z shell: /bin/bash -e {0}
2022-12-27T01:52:01.3061680Z env:
2022-12-27T01:52:01.3062110Z   pythonLocation: /Users/runner/hostedtoolcache/Python/3.11.1/x64
2022-12-27T01:52:01.3062690Z   PKG_CONFIG_PATH: /Users/runner/hostedtoolcache/Python/3.11.1/x64/lib/pkgconfig
2022-12-27T01:52:01.3063730Z   Python_ROOT_DIR: /Users/runner/hostedtoolcache/Python/3.11.1/x64
2022-12-27T01:52:01.3064190Z   Python2_ROOT_DIR: /Users/runner/hostedtoolcache/Python/3.11.1/x64
2022-12-27T01:52:01.3064760Z   Python3_ROOT_DIR: /Users/runner/hostedtoolcache/Python/3.11.1/x64
2022-12-27T01:52:01.3065090Z ##[endgroup]
2022-12-27T01:52:01.3365770Z ##[group]Run echo "BUILD_NAME=$(echo grpcio_0.11.0b1_3.11 | tr -dc '[:alnum:]\n\r' | tr '[:upper:]' '[:lower:]')" >> $GITHUB_OUTPUT
2022-12-27T01:52:01.3366300Z [36;1mecho "BUILD_NAME=$(echo grpcio_0.11.0b1_3.11 | tr -dc '[:alnum:]\n\r' | tr '[:upper:]' '[:lower:]')" >> $GITHUB_OUTPUT[0m
2022-12-27T01:52:01.3394180Z shell: /bin/bash -e {0}
2022-12-27T01:52:01.3394370Z env:
2022-12-27T01:52:01.3394600Z   pythonLocation: /Users/runner/hostedtoolcache/Python/3.11.1/x64
2022-12-27T01:52:01.3394930Z   PKG_CONFIG_PATH: /Users/runner/hostedtoolcache/Python/3.11.1/x64/lib/pkgconfig
2022-12-27T01:52:01.3395330Z   Python_ROOT_DIR: /Users/runner/hostedtoolcache/Python/3.11.1/x64
2022-12-27T01:52:01.3395620Z   Python2_ROOT_DIR: /Users/runner/hostedtoolcache/Python/3.11.1/x64
2022-12-27T01:52:01.3396040Z   Python3_ROOT_DIR: /Users/runner/hostedtoolcache/Python/3.11.1/x64
2022-12-27T01:52:01.3396390Z ##[endgroup]
2022-12-27T01:52:01.3627340Z ##[group]Run echo "PYTHON_NO_DOTS=$(echo 3.11 | tr -dc '[:alnum:]\n\r' | tr '[:upper:]' '[:lower:]')" >> $GITHUB_OUTPUT
2022-12-27T01:52:01.3628030Z [36;1mecho "PYTHON_NO_DOTS=$(echo 3.11 | tr -dc '[:alnum:]\n\r' | tr '[:upper:]' '[:lower:]')" >> $GITHUB_OUTPUT[0m
2022-12-27T01:52:01.3656280Z shell: /bin/bash -e {0}
2022-12-27T01:52:01.3656580Z env:
2022-12-27T01:52:01.3656880Z   pythonLocation: /Users/runner/hostedtoolcache/Python/3.11.1/x64
2022-12-27T01:52:01.3658430Z   PKG_CONFIG_PATH: /Users/runner/hostedtoolcache/Python/3.11.1/x64/lib/pkgconfig
2022-12-27T01:52:01.3658870Z   Python_ROOT_DIR: /Users/runner/hostedtoolcache/Python/3.11.1/x64
2022-12-27T01:52:01.3659280Z   Python2_ROOT_DIR: /Users/runner/hostedtoolcache/Python/3.11.1/x64
2022-12-27T01:52:01.3659770Z   Python3_ROOT_DIR: /Users/runner/hostedtoolcache/Python/3.11.1/x64
2022-12-27T01:52:01.3660150Z ##[endgroup]
2022-12-27T01:52:01.3910210Z ##[group]Run rm -rf build_grpcio0110b1311
2022-12-27T01:52:01.3910800Z [36;1mrm -rf build_grpcio0110b1311[0m
2022-12-27T01:52:01.3911070Z [36;1mmkdir build_grpcio0110b1311[0m
2022-12-27T01:52:01.3911470Z [36;1mcd build_grpcio0110b1311[0m
2022-12-27T01:52:01.3911970Z [36;1m/usr/local/bin/wget --quiet https://files.pythonhosted.org/packages/2e/d5/99d57e830347122d402a084b7ec18f9d1e2ef2b9a9254980b79a9a155631/grpcio-0.11.0b1.tar.gz[0m
2022-12-27T01:52:01.3912370Z [36;1mtar xf *.tar.gz[0m
2022-12-27T01:52:01.3912700Z [36;1mcd grpcio-*/[0m
2022-12-27T01:52:01.3913110Z [36;1mpython -m pip install cibuildwheel==2.11.3[0m
2022-12-27T01:52:01.3913500Z [36;1mpython -m cibuildwheel --output-dir ../wheelsout[0m
2022-12-27T01:52:01.3941530Z shell: /bin/bash -e {0}
2022-12-27T01:52:01.3941880Z env:
2022-12-27T01:52:01.3942330Z   pythonLocation: /Users/runner/hostedtoolcache/Python/3.11.1/x64
2022-12-27T01:52:01.3942800Z   PKG_CONFIG_PATH: /Users/runner/hostedtoolcache/Python/3.11.1/x64/lib/pkgconfig
2022-12-27T01:52:01.3943240Z   Python_ROOT_DIR: /Users/runner/hostedtoolcache/Python/3.11.1/x64
2022-12-27T01:52:01.3943600Z   Python2_ROOT_DIR: /Users/runner/hostedtoolcache/Python/3.11.1/x64
2022-12-27T01:52:01.3944080Z   Python3_ROOT_DIR: /Users/runner/hostedtoolcache/Python/3.11.1/x64
2022-12-27T01:52:01.3944440Z   CIBW_ARCHS_MACOS: arm64
2022-12-27T01:52:01.3944690Z   CIBW_TEST_SKIP: *_arm64
2022-12-27T01:52:01.3945000Z   CIBW_BUILD: cp311-macosx_arm64
2022-12-27T01:52:01.3945390Z   CIBW_BUILD_FRONTEND: pip
2022-12-27T01:52:01.3945640Z   CIBW_BUILD_VERBOSITY: 3
2022-12-27T01:52:01.3946270Z   CIBW_ENVIRONMENT_MACOS: GRPC_PYTHON_BUILD_WITH_CYTHON=1 GRPC_BUILD_WITH_BORING_SSL_ASM='' GRPC_PYTHON_BUILD_SYSTEM_OPENSSL=TRUE CFLAGS="-I/usr/local/opt/openssl@3/include" LDFLAGS="-L/usr/local/opt/openssl@3/lib" CPPFLAGS="-I/usr/local/opt/openssl@3/include" MAKEFLAGS="-j$(sysctl -n hw.logicalcpu)" PATH=/usr/local/opt/ccache/libexec:$PATH
2022-12-27T01:52:01.3947320Z   CIBW_BEFORE_BUILD: pip install Cython; if [[ -f requirements.txt ]]; then pip install -r requirements.txt; fi
2022-12-27T01:52:01.3947800Z   MAKEFLAGS: -j$(sysctl -n hw.logicalcpu)
2022-12-27T01:52:01.3948430Z ##[endgroup]
2022-12-27T01:52:01.9091500Z Requirement already satisfied: cibuildwheel==2.11.3 in /Library/Frameworks/Python.framework/Versions/3.11/lib/python3.11/site-packages (2.11.3)
2022-12-27T01:52:01.9660340Z Requirement already satisfied: bashlex!=0.13 in /Library/Frameworks/Python.framework/Versions/3.11/lib/python3.11/site-packages (from cibuildwheel==2.11.3) (0.16)
2022-12-27T01:52:01.9667340Z Requirement already satisfied: bracex in /Library/Frameworks/Python.framework/Versions/3.11/lib/python3.11/site-packages (from cibuildwheel==2.11.3) (2.3.post1)
2022-12-27T01:52:01.9676150Z Requirement already satisfied: certifi in /Library/Frameworks/Python.framework/Versions/3.11/lib/python3.11/site-packages (from cibuildwheel==2.11.3) (2022.12.7)
2022-12-27T01:52:01.9685060Z Requirement already satisfied: filelock in /Library/Frameworks/Python.framework/Versions/3.11/lib/python3.11/site-packages (from cibuildwheel==2.11.3) (3.8.2)
2022-12-27T01:52:01.9699740Z Requirement already satisfied: packaging>=20.9 in /Library/Frameworks/Python.framework/Versions/3.11/lib/python3.11/site-packages (from cibuildwheel==2.11.3) (22.0)
2022-12-27T01:52:01.9711210Z Requirement already satisfied: platformdirs in /Library/Frameworks/Python.framework/Versions/3.11/lib/python3.11/site-packages (from cibuildwheel==2.11.3) (2.6.0)
2022-12-27T01:52:02.3491310Z 
2022-12-27T01:52:02.3492950Z      _ _       _ _   _       _           _
2022-12-27T01:52:02.3493900Z  ___|_| |_ _ _|_| |_| |_ _ _| |_ ___ ___| |
2022-12-27T01:52:02.3496030Z |  _| | . | | | | | . | | | |   | -_| -_| |
2022-12-27T01:52:02.3496750Z |___|_|___|___|_|_|___|_____|_|_|___|___|_|
2022-12-27T01:52:02.3497140Z 
2022-12-27T01:52:02.3497440Z cibuildwheel version 2.11.3
2022-12-27T01:52:02.3497700Z 
2022-12-27T01:52:02.3497990Z Build options:
2022-12-27T01:52:02.3498990Z   platform: macos
2022-12-27T01:52:02.3573570Z   architectures: arm64[0m
2022-12-27T01:52:02.3575670Z   build_selector: 
2022-12-27T01:52:02.3576310Z     build_config: cp311-macosx_arm64
2022-12-27T01:52:02.3576860Z     skip_config: 
2022-12-27T01:52:02.3577850Z     requires_python: None
2022-12-27T01:52:02.3578720Z     prerelease_pythons: False[0m
2022-12-27T01:52:02.3579300Z   [38;5;244mcontainer_engine: docker[0m
2022-12-27T01:52:02.3580010Z   output_dir: /Users/runner/actions-runner/_work/python.build/python.build/build_grpcio0110b1311/wheelsout[0m
2022-12-27T01:52:02.3581290Z   package_dir: /Users/runner/actions-runner/_work/python.build/python.build/build_grpcio0110b1311/grpcio-0.11.0b1[0m
2022-12-27T01:52:02.3581730Z   test_selector: 
2022-12-27T01:52:02.3582150Z     skip_config: *_arm64[0m
2022-12-27T01:52:02.3582520Z   [38;5;244mbefore_all: [0m
2022-12-27T01:52:02.3583120Z   before_build: pip install Cython; if [[ -f requirements.txt ]]; then pip install -r requirements.txt; fi[0m
2022-12-27T01:52:02.3584060Z   [38;5;244mbefore_test: [0m
2022-12-27T01:52:02.3584420Z   [38;5;244mbuild_frontend: pip[0m
2022-12-27T01:52:02.3584840Z   build_verbosity: 3[0m
2022-12-27T01:52:02.3585270Z   [38;5;244mconfig_settings: [0m
2022-12-27T01:52:02.3586170Z   [38;5;244mdependency_constraints: pinned[0m
2022-12-27T01:52:02.3586480Z   environment: 
2022-12-27T01:52:02.3586830Z     GRPC_PYTHON_BUILD_WITH_CYTHON=1
2022-12-27T01:52:02.3587280Z     GRPC_BUILD_WITH_BORING_SSL_ASM=''
2022-12-27T01:52:02.3587600Z     GRPC_PYTHON_BUILD_SYSTEM_OPENSSL=TRUE
2022-12-27T01:52:02.3588260Z     CFLAGS="-I/usr/local/opt/openssl@3/include"
2022-12-27T01:52:02.3588750Z     LDFLAGS="-L/usr/local/opt/openssl@3/lib"
2022-12-27T01:52:02.3589160Z     CPPFLAGS="-I/usr/local/opt/openssl@3/include"
2022-12-27T01:52:02.3589630Z     MAKEFLAGS="-j$(sysctl -n hw.logicalcpu)"
2022-12-27T01:52:02.3590520Z     PATH=/usr/local/opt/ccache/libexec:$PATH[0m
2022-12-27T01:52:02.3591070Z   [38;5;244mmanylinux_images: None[0m
2022-12-27T01:52:02.3591450Z   [38;5;244mmusllinux_images: None[0m
2022-12-27T01:52:02.3592020Z   [38;5;244mrepair_command: delocate-wheel --require-archs {delocate_archs} -w {dest_dir} -v {wheel}[0m
2022-12-27T01:52:02.3592530Z   [38;5;244mtest_command: [0m
2022-12-27T01:52:02.3592880Z   [38;5;244mtest_extras: [0m
2022-12-27T01:52:02.3593500Z   [38;5;244mtest_requires: [0m
2022-12-27T01:52:02.3593700Z 
2022-12-27T01:52:02.3593910Z Cache folder: /Users/runner/Library/Caches/cibuildwheel
2022-12-27T01:52:02.3599360Z 
2022-12-27T01:52:02.3600350Z Here we go!
2022-12-27T01:52:02.3600790Z 
2022-12-27T01:52:02.3684790Z 
2022-12-27T01:52:02.3685890Z [1m[34mBuilding cp311-macosx_arm64 wheel[0m
2022-12-27T01:52:02.3687140Z CPython 3.11 macOS arm64 - Apple Silicon
2022-12-27T01:52:02.3687550Z 
2022-12-27T01:52:02.3692710Z ##[group]Installing Python cp311...
2022-12-27T01:52:02.3692970Z 
2022-12-27T01:52:02.3695430Z + pkgutil --pkgs
2022-12-27T01:52:02.3901470Z ##[endgroup]
2022-12-27T01:52:02.3903570Z                                                               [32mâœ“ [0m0.02s
2022-12-27T01:52:02.3904920Z ##[group]Setting up build environment...
2022-12-27T01:52:02.3905320Z 
2022-12-27T01:52:02.3931930Z + /Library/Frameworks/Python.framework/Versions/3.11/bin/python -sS /Users/runner/Library/Caches/cibuildwheel/virtualenv-20.17.0.pyz --activators= --no-periodic-update --pip=22.3.1 --setuptools=65.6.3 --wheel=0.38.4 --symlink-app-data --python /Library/Frameworks/Python.framework/Versions/3.11/bin/python3 /private/var/folders/51/hd414ycd67n82196sw51xqtc0000gn/T/cibw-run-7uvjadjr/cp311-macosx_arm64/build/venv
2022-12-27T01:52:02.6994140Z created virtual environment CPython3.11.1.final.0-64 in 83ms
2022-12-27T01:52:02.6994930Z   creator CPython3Posix(dest=/private/var/folders/51/hd414ycd67n82196sw51xqtc0000gn/T/cibw-run-7uvjadjr/cp311-macosx_arm64/build/venv, clear=False, no_vcs_ignore=False, global=False)
2022-12-27T01:52:02.6996440Z   seeder FromAppData(download=False, pip=22.3.1, setuptools=65.6.3, wheel=0.38.4, via=symlink, app_data_dir=/Users/runner/Library/Application Support/virtualenv)
2022-12-27T01:52:02.6997060Z     added seed packages: pip==22.3.1, setuptools==65.6.3, wheel==0.38.4
2022-12-27T01:52:02.7317800Z + python -m pip install --upgrade pip -c /Library/Frameworks/Python.framework/Versions/3.11/lib/python3.11/site-packages/cibuildwheel/resources/constraints-python311.txt
2022-12-27T01:52:03.1795760Z Requirement already satisfied: pip in ./lib/python3.11/site-packages (22.3.1)
2022-12-27T01:52:03.4277290Z + which pip
2022-12-27T01:52:03.4310620Z /private/var/folders/51/hd414ycd67n82196sw51xqtc0000gn/T/cibw-run-7uvjadjr/cp311-macosx_arm64/build/venv/bin/pip
2022-12-27T01:52:03.4318530Z + pip --version
2022-12-27T01:52:03.7433000Z pip 22.3.1 from /private/var/folders/51/hd414ycd67n82196sw51xqtc0000gn/T/cibw-run-7uvjadjr/cp311-macosx_arm64/build/venv/lib/python3.11/site-packages/pip (python 3.11)
2022-12-27T01:52:03.8059110Z + which pip
2022-12-27T01:52:03.8132000Z + which python
2022-12-27T01:52:03.8180100Z /private/var/folders/51/hd414ycd67n82196sw51xqtc0000gn/T/cibw-run-7uvjadjr/cp311-macosx_arm64/build/venv/bin/python
2022-12-27T01:52:03.8184480Z + python --version
2022-12-27T01:52:03.8299420Z Python 3.11.1
2022-12-27T01:52:03.8304240Z + which python
2022-12-27T01:52:03.8405700Z ##[endgroup]
2022-12-27T01:52:03.8406480Z                                                               [32mâœ“ [0m1.45s
2022-12-27T01:52:03.8407120Z ##[group]Installing build tools...
2022-12-27T01:52:03.8407330Z 
2022-12-27T01:52:03.8407890Z + pip install --upgrade setuptools wheel delocate -c /Library/Frameworks/Python.framework/Versions/3.11/lib/python3.11/site-packages/cibuildwheel/resources/constraints-python311.txt
2022-12-27T01:52:04.2888850Z Requirement already satisfied: setuptools in /private/var/folders/51/hd414ycd67n82196sw51xqtc0000gn/T/cibw-run-7uvjadjr/cp311-macosx_arm64/build/venv/lib/python3.11/site-packages (65.6.3)
2022-12-27T01:52:04.5618060Z Requirement already satisfied: wheel in /private/var/folders/51/hd414ycd67n82196sw51xqtc0000gn/T/cibw-run-7uvjadjr/cp311-macosx_arm64/build/venv/lib/python3.11/site-packages (0.38.4)
2022-12-27T01:52:04.6277830Z Collecting delocate
2022-12-27T01:52:04.6326160Z   Using cached delocate-0.10.3-py3-none-any.whl (142 kB)
2022-12-27T01:52:04.6746630Z Collecting packaging>=20.9
2022-12-27T01:52:04.6783400Z   Using cached packaging-21.3-py3-none-any.whl (40 kB)
2022-12-27T01:52:04.7023220Z Collecting typing-extensions
2022-12-27T01:52:04.7060480Z   Using cached typing_extensions-4.4.0-py3-none-any.whl (26 kB)
2022-12-27T01:52:04.7565680Z Collecting pyparsing!=3.0.5,>=2.0.2
2022-12-27T01:52:04.7602680Z   Using cached pyparsing-3.0.9-py3-none-any.whl (98 kB)
2022-12-27T01:52:04.8488350Z Installing collected packages: typing-extensions, pyparsing, packaging, delocate
2022-12-27T01:52:05.0596850Z Successfully installed delocate-0.10.3 packaging-21.3 pyparsing-3.0.9 typing-extensions-4.4.0
2022-12-27T01:52:05.2002620Z ##[endgroup]
2022-12-27T01:52:05.2004650Z                                                               [32mâœ“ [0m1.36s
2022-12-27T01:52:05.2005590Z ##[group]Running before_build...
2022-12-27T01:52:05.2005810Z 
2022-12-27T01:52:05.2013350Z + pip install Cython; if [[ -f requirements.txt ]]; then pip install -r requirements.txt; fi
2022-12-27T01:52:06.0882280Z Collecting Cython
2022-12-27T01:52:06.0994730Z   Using cached Cython-0.29.32-py2.py3-none-any.whl (986 kB)
2022-12-27T01:52:06.1745080Z Installing collected packages: Cython
2022-12-27T01:52:06.8869500Z Successfully installed Cython-0.29.32
2022-12-27T01:52:07.5234550Z Collecting enum34>=1.0.4
2022-12-27T01:52:07.5285180Z   Using cached enum34-1.1.10-py3-none-any.whl (11 kB)
2022-12-27T01:52:07.5517980Z Collecting futures>=2.2.0
2022-12-27T01:52:07.5520860Z   Using cached futures-3.0.5-py3-none-any.whl
2022-12-27T01:52:07.6073670Z Installing collected packages: futures, enum34
2022-12-27T01:52:07.6474960Z Successfully installed enum34-1.1.10 futures-3.0.5
2022-12-27T01:52:07.7554830Z ##[endgroup]
2022-12-27T01:52:07.7556830Z                                                               [32mâœ“ [0m2.55s
2022-12-27T01:52:07.7557460Z ##[group]Building wheel...
2022-12-27T01:52:07.7557680Z 
2022-12-27T01:52:07.7563380Z + python -m pip wheel /Users/runner/actions-runner/_work/python.build/python.build/build_grpcio0110b1311/grpcio-0.11.0b1 --wheel-dir=/private/var/folders/51/hd414ycd67n82196sw51xqtc0000gn/T/cibw-run-7uvjadjr/cp311-macosx_arm64/built_wheel --no-deps -vvv
2022-12-27T01:52:08.1667930Z Created temporary directory: /private/var/folders/51/hd414ycd67n82196sw51xqtc0000gn/T/pip-ephem-wheel-cache-b8sof08n
2022-12-27T01:52:08.1674840Z Created temporary directory: /private/var/folders/51/hd414ycd67n82196sw51xqtc0000gn/T/pip-build-tracker-3eqstcaa
2022-12-27T01:52:08.1676150Z Initialized build tracking at /private/var/folders/51/hd414ycd67n82196sw51xqtc0000gn/T/pip-build-tracker-3eqstcaa
2022-12-27T01:52:08.1678160Z Created build tracker: /private/var/folders/51/hd414ycd67n82196sw51xqtc0000gn/T/pip-build-tracker-3eqstcaa
2022-12-27T01:52:08.1680690Z Entered build tracker: /private/var/folders/51/hd414ycd67n82196sw51xqtc0000gn/T/pip-build-tracker-3eqstcaa
2022-12-27T01:52:08.1685080Z Created temporary directory: /private/var/folders/51/hd414ycd67n82196sw51xqtc0000gn/T/pip-wheel-f2r76udv
2022-12-27T01:52:08.1693730Z Created temporary directory: /private/var/folders/51/hd414ycd67n82196sw51xqtc0000gn/T/pip-ephem-wheel-cache-s5y1kfq0
2022-12-27T01:52:08.1815200Z Processing /Users/runner/actions-runner/_work/python.build/python.build/build_grpcio0110b1311/grpcio-0.11.0b1
2022-12-27T01:52:08.1822700Z   Added file:///Users/runner/actions-runner/_work/python.build/python.build/build_grpcio0110b1311/grpcio-0.11.0b1 to build tracker '/private/var/folders/51/hd414ycd67n82196sw51xqtc0000gn/T/pip-build-tracker-3eqstcaa'
2022-12-27T01:52:08.1827220Z   Running setup.py (path:/Users/runner/actions-runner/_work/python.build/python.build/build_grpcio0110b1311/grpcio-0.11.0b1/setup.py) egg_info for package from file:///Users/runner/actions-runner/_work/python.build/python.build/build_grpcio0110b1311/grpcio-0.11.0b1
2022-12-27T01:52:08.1831220Z   Created temporary directory: /private/var/folders/51/hd414ycd67n82196sw51xqtc0000gn/T/pip-pip-egg-info-ehzopi47
2022-12-27T01:52:08.1832860Z   Preparing metadata (setup.py): started
2022-12-27T01:52:08.1835800Z   Running command python setup.py egg_info
2022-12-27T01:52:08.4505600Z   /private/var/folders/51/hd414ycd67n82196sw51xqtc0000gn/T/cibw-run-7uvjadjr/cp311-macosx_arm64/build/venv/lib/python3.11/site-packages/setuptools/installer.py:27: SetuptoolsDeprecationWarning: setuptools.installer is deprecated. Requirements should be satisfied by a PEP 517 installer.
2022-12-27T01:52:08.4507110Z     warnings.warn(
2022-12-27T01:52:25.0791550Z   running egg_info
2022-12-27T01:52:25.0793110Z   creating /private/var/folders/51/hd414ycd67n82196sw51xqtc0000gn/T/pip-pip-egg-info-ehzopi47/grpcio.egg-info
2022-12-27T01:52:25.0892880Z   writing /private/var/folders/51/hd414ycd67n82196sw51xqtc0000gn/T/pip-pip-egg-info-ehzopi47/grpcio.egg-info/PKG-INFO
2022-12-27T01:52:25.0895370Z   writing dependency_links to /private/var/folders/51/hd414ycd67n82196sw51xqtc0000gn/T/pip-pip-egg-info-ehzopi47/grpcio.egg-info/dependency_links.txt
2022-12-27T01:52:25.0900230Z   writing requirements to /private/var/folders/51/hd414ycd67n82196sw51xqtc0000gn/T/pip-pip-egg-info-ehzopi47/grpcio.egg-info/requires.txt
2022-12-27T01:52:25.0904660Z   writing top-level names to /private/var/folders/51/hd414ycd67n82196sw51xqtc0000gn/T/pip-pip-egg-info-ehzopi47/grpcio.egg-info/top_level.txt
2022-12-27T01:52:25.0907060Z   writing manifest file '/private/var/folders/51/hd414ycd67n82196sw51xqtc0000gn/T/pip-pip-egg-info-ehzopi47/grpcio.egg-info/SOURCES.txt'
2022-12-27T01:52:25.2577960Z   reading manifest file '/private/var/folders/51/hd414ycd67n82196sw51xqtc0000gn/T/pip-pip-egg-info-ehzopi47/grpcio.egg-info/SOURCES.txt'
2022-12-27T01:52:25.2579830Z   reading manifest template 'MANIFEST.in'
2022-12-27T01:52:25.2645260Z   writing manifest file '/private/var/folders/51/hd414ycd67n82196sw51xqtc0000gn/T/pip-pip-egg-info-ehzopi47/grpcio.egg-info/SOURCES.txt'
2022-12-27T01:52:25.3328770Z   Preparing metadata (setup.py): finished with status 'done'
2022-12-27T01:52:25.3392310Z   Source in /Users/runner/actions-runner/_work/python.build/python.build/build_grpcio0110b1311/grpcio-0.11.0b1 has version 0.11.0b1, which satisfies requirement grpcio==0.11.0b1 from file:///Users/runner/actions-runner/_work/python.build/python.build/build_grpcio0110b1311/grpcio-0.11.0b1
2022-12-27T01:52:25.3401000Z   Removed grpcio==0.11.0b1 from file:///Users/runner/actions-runner/_work/python.build/python.build/build_grpcio0110b1311/grpcio-0.11.0b1 from build tracker '/private/var/folders/51/hd414ycd67n82196sw51xqtc0000gn/T/pip-build-tracker-3eqstcaa'
2022-12-27T01:52:25.3427090Z Created temporary directory: /private/var/folders/51/hd414ycd67n82196sw51xqtc0000gn/T/pip-unpack-ylw7907t
2022-12-27T01:52:25.3429060Z Building wheels for collected packages: grpcio
2022-12-27T01:52:25.3437760Z   Created temporary directory: /private/var/folders/51/hd414ycd67n82196sw51xqtc0000gn/T/pip-wheel-ak50xc89
2022-12-27T01:52:25.3439280Z   Building wheel for grpcio (setup.py): started
2022-12-27T01:52:25.3441530Z   Destination directory: /private/var/folders/51/hd414ycd67n82196sw51xqtc0000gn/T/pip-wheel-ak50xc89
2022-12-27T01:52:25.3443290Z   Running command python setup.py bdist_wheel
2022-12-27T01:52:25.5900580Z   /private/var/folders/51/hd414ycd67n82196sw51xqtc0000gn/T/cibw-run-7uvjadjr/cp311-macosx_arm64/build/venv/lib/python3.11/site-packages/setuptools/installer.py:27: SetuptoolsDeprecationWarning: setuptools.installer is deprecated. Requirements should be satisfied by a PEP 517 installer.
2022-12-27T01:52:25.5902020Z     warnings.warn(
2022-12-27T01:52:25.8464150Z   running bdist_wheel
2022-12-27T01:52:26.0099980Z   running build
2022-12-27T01:52:26.0101690Z   running build_py
2022-12-27T01:52:26.0105670Z   running build_project_metadata
2022-12-27T01:52:26.0109220Z   creating build
2022-12-27T01:52:26.0113690Z   creating build/lib.macosx-11.0-arm64-cpython-311
2022-12-27T01:52:26.0116960Z   creating build/lib.macosx-11.0-arm64-cpython-311/grpc
2022-12-27T01:52:26.0119990Z   copying ./grpc/__init__.py -> build/lib.macosx-11.0-arm64-cpython-311/grpc
2022-12-27T01:52:26.0125580Z   copying ./grpc/_grpcio_metadata.py -> build/lib.macosx-11.0-arm64-cpython-311/grpc
2022-12-27T01:52:26.0128070Z   creating build/lib.macosx-11.0-arm64-cpython-311/grpc/beta
2022-12-27T01:52:26.0132280Z   copying ./grpc/beta/interfaces.py -> build/lib.macosx-11.0-arm64-cpython-311/grpc/beta
2022-12-27T01:52:26.0136910Z   copying ./grpc/beta/_stub.py -> build/lib.macosx-11.0-arm64-cpython-311/grpc/beta
2022-12-27T01:52:26.0140940Z   copying ./grpc/beta/_connectivity_channel.py -> build/lib.macosx-11.0-arm64-cpython-311/grpc/beta
2022-12-27T01:52:26.0144350Z   copying ./grpc/beta/__init__.py -> build/lib.macosx-11.0-arm64-cpython-311/grpc/beta
2022-12-27T01:52:26.0148760Z   copying ./grpc/beta/utilities.py -> build/lib.macosx-11.0-arm64-cpython-311/grpc/beta
2022-12-27T01:52:26.0151770Z   copying ./grpc/beta/implementations.py -> build/lib.macosx-11.0-arm64-cpython-311/grpc/beta
2022-12-27T01:52:26.0156430Z   copying ./grpc/beta/_server.py -> build/lib.macosx-11.0-arm64-cpython-311/grpc/beta
2022-12-27T01:52:26.0159110Z   creating build/lib.macosx-11.0-arm64-cpython-311/grpc/framework
2022-12-27T01:52:26.0163390Z   copying ./grpc/framework/__init__.py -> build/lib.macosx-11.0-arm64-cpython-311/grpc/framework
2022-12-27T01:52:26.0166950Z   creating build/lib.macosx-11.0-arm64-cpython-311/grpc/_adapter
2022-12-27T01:52:26.0171310Z   copying ./grpc/_adapter/fore.py -> build/lib.macosx-11.0-arm64-cpython-311/grpc/_adapter
2022-12-27T01:52:26.0174620Z   copying ./grpc/_adapter/_types.py -> build/lib.macosx-11.0-arm64-cpython-311/grpc/_adapter
2022-12-27T01:52:26.0178390Z   copying ./grpc/_adapter/_intermediary_low.py -> build/lib.macosx-11.0-arm64-cpython-311/grpc/_adapter
2022-12-27T01:52:26.0183920Z   copying ./grpc/_adapter/_common.py -> build/lib.macosx-11.0-arm64-cpython-311/grpc/_adapter
2022-12-27T01:52:26.0185550Z   copying ./grpc/_adapter/__init__.py -> build/lib.macosx-11.0-arm64-cpython-311/grpc/_adapter
2022-12-27T01:52:26.0187420Z   copying ./grpc/_adapter/_low.py -> build/lib.macosx-11.0-arm64-cpython-311/grpc/_adapter
2022-12-27T01:52:26.0189110Z   copying ./grpc/_adapter/rear.py -> build/lib.macosx-11.0-arm64-cpython-311/grpc/_adapter
2022-12-27T01:52:26.0196160Z   creating build/lib.macosx-11.0-arm64-cpython-311/grpc/early_adopter
2022-12-27T01:52:26.0199640Z   copying ./grpc/early_adopter/__init__.py -> build/lib.macosx-11.0-arm64-cpython-311/grpc/early_adopter
2022-12-27T01:52:26.0320840Z   copying ./grpc/early_adopter/implementations.py -> build/lib.macosx-11.0-arm64-cpython-311/grpc/early_adopter
2022-12-27T01:52:26.0322480Z   creating build/lib.macosx-11.0-arm64-cpython-311/grpc/_links
2022-12-27T01:52:26.0323070Z   copying ./grpc/_links/_constants.py -> build/lib.macosx-11.0-arm64-cpython-311/grpc/_links
2022-12-27T01:52:26.0323860Z   copying ./grpc/_links/service.py -> build/lib.macosx-11.0-arm64-cpython-311/grpc/_links
2022-12-27T01:52:26.0326670Z   copying ./grpc/_links/__init__.py -> build/lib.macosx-11.0-arm64-cpython-311/grpc/_links
2022-12-27T01:52:26.0327320Z   copying ./grpc/_links/invocation.py -> build/lib.macosx-11.0-arm64-cpython-311/grpc/_links
2022-12-27T01:52:26.0328010Z   creating build/lib.macosx-11.0-arm64-cpython-311/grpc/framework/core
2022-12-27T01:52:26.0328610Z   copying ./grpc/framework/core/_constants.py -> build/lib.macosx-11.0-arm64-cpython-311/grpc/framework/core
2022-12-27T01:52:26.0334610Z   copying ./grpc/framework/core/_expiration.py -> build/lib.macosx-11.0-arm64-cpython-311/grpc/framework/core
2022-12-27T01:52:26.0335390Z   copying ./grpc/framework/core/_operation.py -> build/lib.macosx-11.0-arm64-cpython-311/grpc/framework/core
2022-12-27T01:52:26.0336720Z   copying ./grpc/framework/core/_transmission.py -> build/lib.macosx-11.0-arm64-cpython-311/grpc/framework/core
2022-12-27T01:52:26.0337410Z   copying ./grpc/framework/core/_reception.py -> build/lib.macosx-11.0-arm64-cpython-311/grpc/framework/core
2022-12-27T01:52:26.0338020Z   copying ./grpc/framework/core/_ingestion.py -> build/lib.macosx-11.0-arm64-cpython-311/grpc/framework/core
2022-12-27T01:52:26.0338730Z   copying ./grpc/framework/core/_termination.py -> build/lib.macosx-11.0-arm64-cpython-311/grpc/framework/core
2022-12-27T01:52:26.0339400Z   copying ./grpc/framework/core/__init__.py -> build/lib.macosx-11.0-arm64-cpython-311/grpc/framework/core
2022-12-27T01:52:26.0340120Z   copying ./grpc/framework/core/_interfaces.py -> build/lib.macosx-11.0-arm64-cpython-311/grpc/framework/core
2022-12-27T01:52:26.0340740Z   copying ./grpc/framework/core/_protocol.py -> build/lib.macosx-11.0-arm64-cpython-311/grpc/framework/core
2022-12-27T01:52:26.0341760Z   copying ./grpc/framework/core/_utilities.py -> build/lib.macosx-11.0-arm64-cpython-311/grpc/framework/core
2022-12-27T01:52:26.0342490Z   copying ./grpc/framework/core/_context.py -> build/lib.macosx-11.0-arm64-cpython-311/grpc/framework/core
2022-12-27T01:52:26.0343210Z   copying ./grpc/framework/core/_end.py -> build/lib.macosx-11.0-arm64-cpython-311/grpc/framework/core
2022-12-27T01:52:26.0343830Z   copying ./grpc/framework/core/_emission.py -> build/lib.macosx-11.0-arm64-cpython-311/grpc/framework/core
2022-12-27T01:52:26.0344520Z   copying ./grpc/framework/core/implementations.py -> build/lib.macosx-11.0-arm64-cpython-311/grpc/framework/core
2022-12-27T01:52:26.0345250Z   creating build/lib.macosx-11.0-arm64-cpython-311/grpc/framework/face
2022-12-27T01:52:26.0345920Z   copying ./grpc/framework/face/_service.py -> build/lib.macosx-11.0-arm64-cpython-311/grpc/framework/face
2022-12-27T01:52:26.0346550Z   copying ./grpc/framework/face/interfaces.py -> build/lib.macosx-11.0-arm64-cpython-311/grpc/framework/face
2022-12-27T01:52:26.0347290Z   copying ./grpc/framework/face/_control.py -> build/lib.macosx-11.0-arm64-cpython-311/grpc/framework/face
2022-12-27T01:52:26.0348460Z   copying ./grpc/framework/face/__init__.py -> build/lib.macosx-11.0-arm64-cpython-311/grpc/framework/face
2022-12-27T01:52:26.0349210Z   copying ./grpc/framework/face/demonstration.py -> build/lib.macosx-11.0-arm64-cpython-311/grpc/framework/face
2022-12-27T01:52:26.0349840Z   copying ./grpc/framework/face/_calls.py -> build/lib.macosx-11.0-arm64-cpython-311/grpc/framework/face
2022-12-27T01:52:26.0350500Z   copying ./grpc/framework/face/exceptions.py -> build/lib.macosx-11.0-arm64-cpython-311/grpc/framework/face
2022-12-27T01:52:26.0351190Z   copying ./grpc/framework/face/utilities.py -> build/lib.macosx-11.0-arm64-cpython-311/grpc/framework/face
2022-12-27T01:52:26.0351890Z   copying ./grpc/framework/face/implementations.py -> build/lib.macosx-11.0-arm64-cpython-311/grpc/framework/face
2022-12-27T01:52:26.0352480Z   creating build/lib.macosx-11.0-arm64-cpython-311/grpc/framework/foundation
2022-12-27T01:52:26.0353270Z   copying ./grpc/framework/foundation/callable_util.py -> build/lib.macosx-11.0-arm64-cpython-311/grpc/framework/foundation
2022-12-27T01:52:26.0354010Z   copying ./grpc/framework/foundation/abandonment.py -> build/lib.macosx-11.0-arm64-cpython-311/grpc/framework/foundation
2022-12-27T01:52:26.0354750Z   copying ./grpc/framework/foundation/__init__.py -> build/lib.macosx-11.0-arm64-cpython-311/grpc/framework/foundation
2022-12-27T01:52:26.0355500Z   copying ./grpc/framework/foundation/stream.py -> build/lib.macosx-11.0-arm64-cpython-311/grpc/framework/foundation
2022-12-27T01:52:26.0359870Z   copying ./grpc/framework/foundation/activated.py -> build/lib.macosx-11.0-arm64-cpython-311/grpc/framework/foundation
2022-12-27T01:52:26.0363980Z   copying ./grpc/framework/foundation/later.py -> build/lib.macosx-11.0-arm64-cpython-311/grpc/framework/foundation
2022-12-27T01:52:26.0365840Z   copying ./grpc/framework/foundation/relay.py -> build/lib.macosx-11.0-arm64-cpython-311/grpc/framework/foundation
2022-12-27T01:52:26.0368430Z   copying ./grpc/framework/foundation/stream_util.py -> build/lib.macosx-11.0-arm64-cpython-311/grpc/framework/foundation
2022-12-27T01:52:26.0370340Z   copying ./grpc/framework/foundation/future.py -> build/lib.macosx-11.0-arm64-cpython-311/grpc/framework/foundation
2022-12-27T01:52:26.0376960Z   copying ./grpc/framework/foundation/_timer_future.py -> build/lib.macosx-11.0-arm64-cpython-311/grpc/framework/foundation
2022-12-27T01:52:26.0381670Z   copying ./grpc/framework/foundation/logging_pool.py -> build/lib.macosx-11.0-arm64-cpython-311/grpc/framework/foundation
2022-12-27T01:52:26.0384840Z   creating build/lib.macosx-11.0-arm64-cpython-311/grpc/framework/common
2022-12-27T01:52:26.0386700Z   copying ./grpc/framework/common/style.py -> build/lib.macosx-11.0-arm64-cpython-311/grpc/framework/common
2022-12-27T01:52:26.0388550Z   copying ./grpc/framework/common/cardinality.py -> build/lib.macosx-11.0-arm64-cpython-311/grpc/framework/common
2022-12-27T01:52:26.0393230Z   copying ./grpc/framework/common/__init__.py -> build/lib.macosx-11.0-arm64-cpython-311/grpc/framework/common
2022-12-27T01:52:26.0399580Z   creating build/lib.macosx-11.0-arm64-cpython-311/grpc/framework/crust
2022-12-27T01:52:26.0401570Z   copying ./grpc/framework/crust/_service.py -> build/lib.macosx-11.0-arm64-cpython-311/grpc/framework/crust
2022-12-27T01:52:26.0406590Z   copying ./grpc/framework/crust/_control.py -> build/lib.macosx-11.0-arm64-cpython-311/grpc/framework/crust
2022-12-27T01:52:26.0410860Z   copying ./grpc/framework/crust/__init__.py -> build/lib.macosx-11.0-arm64-cpython-311/grpc/framework/crust
2022-12-27T01:52:26.0412440Z   copying ./grpc/framework/crust/_calls.py -> build/lib.macosx-11.0-arm64-cpython-311/grpc/framework/crust
2022-12-27T01:52:26.0417240Z   copying ./grpc/framework/crust/implementations.py -> build/lib.macosx-11.0-arm64-cpython-311/grpc/framework/crust
2022-12-27T01:52:26.0424290Z   creating build/lib.macosx-11.0-arm64-cpython-311/grpc/framework/alpha
2022-12-27T01:52:26.0426220Z   copying ./grpc/framework/alpha/interfaces.py -> build/lib.macosx-11.0-arm64-cpython-311/grpc/framework/alpha
2022-12-27T01:52:26.0431090Z   copying ./grpc/framework/alpha/_face_utilities.py -> build/lib.macosx-11.0-arm64-cpython-311/grpc/framework/alpha
2022-12-27T01:52:26.0436900Z   copying ./grpc/framework/alpha/__init__.py -> build/lib.macosx-11.0-arm64-cpython-311/grpc/framework/alpha
2022-12-27T01:52:26.0438800Z   copying ./grpc/framework/alpha/exceptions.py -> build/lib.macosx-11.0-arm64-cpython-311/grpc/framework/alpha
2022-12-27T01:52:26.0441170Z   copying ./grpc/framework/alpha/_reexport.py -> build/lib.macosx-11.0-arm64-cpython-311/grpc/framework/alpha
2022-12-27T01:52:26.0445360Z   copying ./grpc/framework/alpha/utilities.py -> build/lib.macosx-11.0-arm64-cpython-311/grpc/framework/alpha
2022-12-27T01:52:26.0457520Z   creating build/lib.macosx-11.0-arm64-cpython-311/grpc/framework/base
2022-12-27T01:52:26.0459220Z   copying ./grpc/framework/base/interfaces.py -> build/lib.macosx-11.0-arm64-cpython-311/grpc/framework/base
2022-12-27T01:52:26.0463280Z   copying ./grpc/framework/base/_constants.py -> build/lib.macosx-11.0-arm64-cpython-311/grpc/framework/base
2022-12-27T01:52:26.0466800Z   copying ./grpc/framework/base/_expiration.py -> build/lib.macosx-11.0-arm64-cpython-311/grpc/framework/base
2022-12-27T01:52:26.0470250Z   copying ./grpc/framework/base/_transmission.py -> build/lib.macosx-11.0-arm64-cpython-311/grpc/framework/base
2022-12-27T01:52:26.0475210Z   copying ./grpc/framework/base/_reception.py -> build/lib.macosx-11.0-arm64-cpython-311/grpc/framework/base
2022-12-27T01:52:26.0477320Z   copying ./grpc/framework/base/_ingestion.py -> build/lib.macosx-11.0-arm64-cpython-311/grpc/framework/base
2022-12-27T01:52:26.0482340Z   copying ./grpc/framework/base/util.py -> build/lib.macosx-11.0-arm64-cpython-311/grpc/framework/base
2022-12-27T01:52:26.0486180Z   copying ./grpc/framework/base/_termination.py -> build/lib.macosx-11.0-arm64-cpython-311/grpc/framework/base
2022-12-27T01:52:26.0488420Z   copying ./grpc/framework/base/null.py -> build/lib.macosx-11.0-arm64-cpython-311/grpc/framework/base
2022-12-27T01:52:26.0493080Z   copying ./grpc/framework/base/__init__.py -> build/lib.macosx-11.0-arm64-cpython-311/grpc/framework/base
2022-12-27T01:52:26.0495960Z   copying ./grpc/framework/base/_interfaces.py -> build/lib.macosx-11.0-arm64-cpython-311/grpc/framework/base
2022-12-27T01:52:26.0499840Z   copying ./grpc/framework/base/_context.py -> build/lib.macosx-11.0-arm64-cpython-311/grpc/framework/base
2022-12-27T01:52:26.0503420Z   copying ./grpc/framework/base/exceptions.py -> build/lib.macosx-11.0-arm64-cpython-311/grpc/framework/base
2022-12-27T01:52:26.0507240Z   copying ./grpc/framework/base/_ends.py -> build/lib.macosx-11.0-arm64-cpython-311/grpc/framework/base
2022-12-27T01:52:26.0512310Z   copying ./grpc/framework/base/_emission.py -> build/lib.macosx-11.0-arm64-cpython-311/grpc/framework/base
2022-12-27T01:52:26.0515890Z   copying ./grpc/framework/base/implementations.py -> build/lib.macosx-11.0-arm64-cpython-311/grpc/framework/base
2022-12-27T01:52:26.0519490Z   copying ./grpc/framework/base/in_memory.py -> build/lib.macosx-11.0-arm64-cpython-311/grpc/framework/base
2022-12-27T01:52:26.0522130Z   copying ./grpc/framework/base/_cancellation.py -> build/lib.macosx-11.0-arm64-cpython-311/grpc/framework/base
2022-12-27T01:52:26.0528610Z   creating build/lib.macosx-11.0-arm64-cpython-311/grpc/framework/interfaces
2022-12-27T01:52:26.0530630Z   copying ./grpc/framework/interfaces/__init__.py -> build/lib.macosx-11.0-arm64-cpython-311/grpc/framework/interfaces
2022-12-27T01:52:26.0537070Z   creating build/lib.macosx-11.0-arm64-cpython-311/grpc/framework/interfaces/face
2022-12-27T01:52:26.0539050Z   copying ./grpc/framework/interfaces/face/__init__.py -> build/lib.macosx-11.0-arm64-cpython-311/grpc/framework/interfaces/face
2022-12-27T01:52:26.0543790Z   copying ./grpc/framework/interfaces/face/utilities.py -> build/lib.macosx-11.0-arm64-cpython-311/grpc/framework/interfaces/face
2022-12-27T01:52:26.0545560Z   copying ./grpc/framework/interfaces/face/face.py -> build/lib.macosx-11.0-arm64-cpython-311/grpc/framework/interfaces/face
2022-12-27T01:52:26.0554150Z   creating build/lib.macosx-11.0-arm64-cpython-311/grpc/framework/interfaces/links
2022-12-27T01:52:26.0555090Z   copying ./grpc/framework/interfaces/links/__init__.py -> build/lib.macosx-11.0-arm64-cpython-311/grpc/framework/interfaces/links
2022-12-27T01:52:26.0559040Z   copying ./grpc/framework/interfaces/links/links.py -> build/lib.macosx-11.0-arm64-cpython-311/grpc/framework/interfaces/links
2022-12-27T01:52:26.0563140Z   copying ./grpc/framework/interfaces/links/utilities.py -> build/lib.macosx-11.0-arm64-cpython-311/grpc/framework/interfaces/links
2022-12-27T01:52:26.0569540Z   creating build/lib.macosx-11.0-arm64-cpython-311/grpc/framework/interfaces/base
2022-12-27T01:52:26.0571280Z   copying ./grpc/framework/interfaces/base/__init__.py -> build/lib.macosx-11.0-arm64-cpython-311/grpc/framework/interfaces/base
2022-12-27T01:52:26.0575970Z   copying ./grpc/framework/interfaces/base/utilities.py -> build/lib.macosx-11.0-arm64-cpython-311/grpc/framework/interfaces/base
2022-12-27T01:52:26.0579630Z   copying ./grpc/framework/interfaces/base/base.py -> build/lib.macosx-11.0-arm64-cpython-311/grpc/framework/interfaces/base
2022-12-27T01:52:26.0646090Z   running build_ext
2022-12-27T01:52:26.0670320Z   building 'grpc._adapter._c' extension
2022-12-27T01:52:26.0674140Z   creating build/temp.macosx-11.0-arm64-cpython-311
2022-12-27T01:52:26.0675860Z   creating build/temp.macosx-11.0-arm64-cpython-311/grpc
2022-12-27T01:52:26.0678190Z   creating build/temp.macosx-11.0-arm64-cpython-311/grpc/_adapter
2022-12-27T01:52:26.0679910Z   creating build/temp.macosx-11.0-arm64-cpython-311/grpc/_adapter/_c
2022-12-27T01:52:26.0681830Z   creating build/temp.macosx-11.0-arm64-cpython-311/grpc/_adapter/_c/types
2022-12-27T01:52:26.0684240Z   clang -Wsign-compare -Wunreachable-code -fno-common -dynamic -DNDEBUG -g -fwrapv -O3 -Wall -g -I/usr/local/opt/openssl@3/include -I/usr/local/opt/openssl@3/include -arch arm64 -I. -I/private/var/folders/51/hd414ycd67n82196sw51xqtc0000gn/T/cibw-run-7uvjadjr/cp311-macosx_arm64/build/venv/include -I/Library/Frameworks/Python.framework/Versions/3.11/include/python3.11 -c grpc/_adapter/_c/module.c -o build/temp.macosx-11.0-arm64-cpython-311/grpc/_adapter/_c/module.o
2022-12-27T01:52:26.1861250Z   grpc/_adapter/_c/module.c:38:10: fatal error: 'grpc/grpc.h' file not found
2022-12-27T01:52:26.1861970Z   #include <grpc/grpc.h>
2022-12-27T01:52:26.1862750Z            ^~~~~~~~~~~~~
2022-12-27T01:52:26.1898210Z   1 error generated.
2022-12-27T01:52:26.1931830Z   error: command '/usr/bin/clang' failed with exit code 1
2022-12-27T01:52:26.2923960Z   error: subprocess-exited-with-error
2022-12-27T01:52:26.2925990Z   
2022-12-27T01:52:26.2927280Z   Ã— python setup.py bdist_wheel did not run successfully.
2022-12-27T01:52:26.2928130Z   â”‚ exit code: 1
2022-12-27T01:52:26.2928930Z   â•°â”€> See above for output.
2022-12-27T01:52:26.2929420Z   
2022-12-27T01:52:26.2930180Z   note: This error originates from a subprocess, and is likely not a problem with pip.
2022-12-27T01:52:26.2934590Z   full command: /private/var/folders/51/hd414ycd67n82196sw51xqtc0000gn/T/cibw-run-7uvjadjr/cp311-macosx_arm64/build/venv/bin/python -u -c '
2022-12-27T01:52:26.2938880Z   exec(compile('"'"''"'"''"'"'
2022-12-27T01:52:26.2940010Z   # This is <pip-setuptools-caller> -- a caller that pip uses to run setup.py
2022-12-27T01:52:26.2940680Z   #
2022-12-27T01:52:26.2941420Z   # - It imports setuptools before invoking setup.py, to enable projects that directly
2022-12-27T01:52:26.2942270Z   #   import from `distutils.core` to work with newer packaging standards.
2022-12-27T01:52:26.2943170Z   # - It provides a clear error message when setuptools is not installed.
2022-12-27T01:52:26.2944140Z   # - It sets `sys.argv[0]` to the underlying `setup.py`, when invoking `setup.py` so
2022-12-27T01:52:26.2945220Z   #   setuptools doesn'"'"'t think the script is `-c`. This avoids the following warning:
2022-12-27T01:52:26.2946090Z   #     manifest_maker: standard file '"'"'-c'"'"' not found".
2022-12-27T01:52:26.2947800Z   # - It generates a shim setup.py, for handling setup.cfg-only projects.
2022-12-27T01:52:26.2948680Z   import os, sys, tokenize
2022-12-27T01:52:26.2949320Z   
2022-12-27T01:52:26.2950030Z   try:
2022-12-27T01:52:26.2950830Z       import setuptools
2022-12-27T01:52:26.2951760Z   except ImportError as error:
2022-12-27T01:52:26.2952410Z       print(
2022-12-27T01:52:26.2953190Z           "ERROR: Can not execute `setup.py` since setuptools is not available in "
2022-12-27T01:52:26.2953810Z           "the build environment.",
2022-12-27T01:52:26.2954860Z           file=sys.stderr,
2022-12-27T01:52:26.2955460Z       )
2022-12-27T01:52:26.2955780Z       sys.exit(1)
2022-12-27T01:52:26.2956050Z   
2022-12-27T01:52:26.2956570Z   __file__ = %r
2022-12-27T01:52:26.2956900Z   sys.argv[0] = __file__
2022-12-27T01:52:26.2957180Z   
2022-12-27T01:52:26.2957690Z   if os.path.exists(__file__):
2022-12-27T01:52:26.2958120Z       filename = __file__
2022-12-27T01:52:26.2958560Z       with tokenize.open(__file__) as f:
2022-12-27T01:52:26.2959140Z           setup_py_code = f.read()
2022-12-27T01:52:26.2959630Z   else:
2022-12-27T01:52:26.2960180Z       filename = "<auto-generated setuptools caller>"
2022-12-27T01:52:26.2960670Z       setup_py_code = "from setuptools import setup; setup()"
2022-12-27T01:52:26.2960950Z   
2022-12-27T01:52:26.2961270Z   exec(compile(setup_py_code, filename, "exec"))
2022-12-27T01:52:26.2962090Z   '"'"''"'"''"'"' % ('"'"'/Users/runner/actions-runner/_work/python.build/python.build/build_grpcio0110b1311/grpcio-0.11.0b1/setup.py'"'"',), "<pip-setuptools-caller>", "exec"))' bdist_wheel -d /private/var/folders/51/hd414ycd67n82196sw51xqtc0000gn/T/pip-wheel-ak50xc89
2022-12-27T01:52:26.2962940Z   cwd: /Users/runner/actions-runner/_work/python.build/python.build/build_grpcio0110b1311/grpcio-0.11.0b1/
2022-12-27T01:52:26.2963400Z   ERROR: Failed building wheel for grpcio
2022-12-27T01:52:26.2964070Z   Running command python setup.py clean
2022-12-27T01:52:26.2964620Z   Building wheel for grpcio (setup.py): finished with status 'error'
2022-12-27T01:52:26.2965040Z   Running setup.py clean for grpcio
2022-12-27T01:52:26.5413720Z   /private/var/folders/51/hd414ycd67n82196sw51xqtc0000gn/T/cibw-run-7uvjadjr/cp311-macosx_arm64/build/venv/lib/python3.11/site-packages/setuptools/installer.py:27: SetuptoolsDeprecationWarning: setuptools.installer is deprecated. Requirements should be satisfied by a PEP 517 installer.
2022-12-27T01:52:26.5414890Z     warnings.warn(
2022-12-27T01:52:26.7868520Z   running clean
2022-12-27T01:52:26.8075720Z   removing 'build/temp.macosx-11.0-arm64-cpython-311' (and everything under it)
2022-12-27T01:52:26.8082770Z   removing 'build/lib.macosx-11.0-arm64-cpython-311' (and everything under it)
2022-12-27T01:52:26.8232510Z   'build/bdist.macosx-11.0-arm64' does not exist -- can't clean it
2022-12-27T01:52:26.8233110Z   'build/scripts-3.11' does not exist -- can't clean it
2022-12-27T01:52:26.8235480Z   removing 'build'
2022-12-27T01:52:26.8816980Z Failed to build grpcio
2022-12-27T01:52:26.8826360Z ERROR: Failed to build one or more wheels
2022-12-27T01:52:26.8862090Z Exception information:
2022-12-27T01:52:26.8863610Z Traceback (most recent call last):
2022-12-27T01:52:26.8882310Z   File "/private/var/folders/51/hd414ycd67n82196sw51xqtc0000gn/T/cibw-run-7uvjadjr/cp311-macosx_arm64/build/venv/lib/python3.11/site-packages/pip/_internal/cli/base_command.py", line 160, in exc_logging_wrapper
2022-12-27T01:52:26.8883500Z     status = run_func(*args)
2022-12-27T01:52:26.8884020Z              ^^^^^^^^^^^^^^^
2022-12-27T01:52:26.8885820Z   File "/private/var/folders/51/hd414ycd67n82196sw51xqtc0000gn/T/cibw-run-7uvjadjr/cp311-macosx_arm64/build/venv/lib/python3.11/site-packages/pip/_internal/cli/req_command.py", line 247, in wrapper
2022-12-27T01:52:26.8886910Z     return func(self, options, args)
2022-12-27T01:52:26.8887590Z            ^^^^^^^^^^^^^^^^^^^^^^^^^
2022-12-27T01:52:26.8889840Z   File "/private/var/folders/51/hd414ycd67n82196sw51xqtc0000gn/T/cibw-run-7uvjadjr/cp311-macosx_arm64/build/venv/lib/python3.11/site-packages/pip/_internal/commands/wheel.py", line 201, in run
2022-12-27T01:52:26.8891150Z     raise CommandError("Failed to build one or more wheels")
2022-12-27T01:52:26.8892060Z pip._internal.exceptions.CommandError: Failed to build one or more wheels
2022-12-27T01:52:26.8893420Z Removed build tracker: '/private/var/folders/51/hd414ycd67n82196sw51xqtc0000gn/T/pip-build-tracker-3eqstcaa'
2022-12-27T01:52:26.9962400Z ##[error]Command ['python', '-m', 'pip', 'wheel', '/Users/runner/actions-runner/_work/python.build/python.build/build_grpcio0110b1311/grpcio-0.11.0b1', '--wheel-dir=/private/var/folders/51/hd414ycd67n82196sw51xqtc0000gn/T/cibw-run-7uvjadjr/cp311-macosx_arm64/built_wheel', '--no-deps', '-vvv'] failed with code 1. None
2022-12-27T01:52:26.9972850Z ##[endgroup]
2022-12-27T01:52:26.9973100Z 
2022-12-27T01:52:26.9973580Z                                                              [31mâœ• [0m19.24s
2022-12-27T01:52:27.0874040Z ##[error]Process completed with exit code 1.
2022-12-27T01:52:27.0925030Z ##[group]Run rm -rf build_grpcio0110b1311 wheelsout
2022-12-27T01:52:27.0925360Z [36;1mrm -rf build_grpcio0110b1311 wheelsout[0m
2022-12-27T01:52:27.0955290Z shell: /bin/bash -e {0}
2022-12-27T01:52:27.0955500Z env:
2022-12-27T01:52:27.0955750Z   pythonLocation: /Users/runner/hostedtoolcache/Python/3.11.1/x64
2022-12-27T01:52:27.0956090Z   PKG_CONFIG_PATH: /Users/runner/hostedtoolcache/Python/3.11.1/x64/lib/pkgconfig
2022-12-27T01:52:27.0956410Z   Python_ROOT_DIR: /Users/runner/hostedtoolcache/Python/3.11.1/x64
2022-12-27T01:52:27.0956730Z   Python2_ROOT_DIR: /Users/runner/hostedtoolcache/Python/3.11.1/x64
2022-12-27T01:52:27.0957040Z   Python3_ROOT_DIR: /Users/runner/hostedtoolcache/Python/3.11.1/x64
2022-12-27T01:52:27.0957280Z ##[endgroup]
2022-12-27T01:52:27.5160470Z Cleaning up orphan processes
