2022-12-27T08:52:22.0781095Z Requested labels: self-hosted, macOS, X64
2022-12-27T08:52:22.0781163Z Job defined at: kilnbuild/python.build/.github/workflows/mac_arm_build.yml@refs/heads/main
2022-12-27T08:52:22.0781191Z Waiting for a runner to pick up this job...
2022-12-27T11:24:06.6156614Z Job is about to start running on the runner: s1 (organization)
2022-12-27T11:24:10.4339800Z Current runner version: '2.300.2'
2022-12-27T11:24:10.4344850Z Runner name: 's1'
2022-12-27T11:24:10.4345120Z Runner group name: 'Default'
2022-12-27T11:24:10.4345560Z Machine name: 's1'
2022-12-27T11:24:10.4347130Z ##[group]GITHUB_TOKEN Permissions
2022-12-27T11:24:10.4347570Z Actions: write
2022-12-27T11:24:10.4347710Z Checks: write
2022-12-27T11:24:10.4347850Z Contents: write
2022-12-27T11:24:10.4348000Z Deployments: write
2022-12-27T11:24:10.4348140Z Discussions: write
2022-12-27T11:24:10.4348280Z Issues: write
2022-12-27T11:24:10.4348420Z Metadata: read
2022-12-27T11:24:10.4348550Z Packages: write
2022-12-27T11:24:10.4348690Z Pages: write
2022-12-27T11:24:10.4348830Z PullRequests: write
2022-12-27T11:24:10.4349000Z RepositoryProjects: write
2022-12-27T11:24:10.4349170Z SecurityEvents: write
2022-12-27T11:24:10.4349320Z Statuses: write
2022-12-27T11:24:10.4349450Z ##[endgroup]
2022-12-27T11:24:10.4352140Z Secret source: Actions
2022-12-27T11:24:10.4352480Z Prepare workflow directory
2022-12-27T11:24:10.5023330Z Prepare all required actions
2022-12-27T11:24:10.5145630Z Getting action download info
2022-12-27T11:24:10.9874310Z Download action repository 'actions/setup-python@v4' (SHA:5ccb29d8773c3f3f653e1705f474dfaa8a06a912)
2022-12-27T11:24:12.7356650Z Download action repository 'actions/upload-artifact@v3' (SHA:83fd05a356d7e2593de66fc9913b3002723633cb)
2022-12-27T11:24:15.0720970Z ##[group]Run echo '{
2022-12-27T11:24:15.0721270Z [36;1mecho '{[0m
2022-12-27T11:24:15.0721390Z [36;1m  "package_name": "lxml",[0m
2022-12-27T11:24:15.0721660Z [36;1m  "package_url": "https://files.pythonhosted.org/packages/87/db/bfda1646acc9d293c13d063e630e4535c485b6e1a72d3cc6b3a55ee37884/lxml-2.0alpha6.tar.gz",[0m
2022-12-27T11:24:15.0721890Z [36;1m  "package_version": "2.0alpha6",[0m
2022-12-27T11:24:15.0722020Z [36;1m  "python_version": "3.8",[0m
2022-12-27T11:24:15.0722130Z [36;1m  "use_ccache": "true"[0m
2022-12-27T11:24:15.0722240Z [36;1m}'[0m
2022-12-27T11:24:15.0738060Z shell: /bin/bash -e {0}
2022-12-27T11:24:15.0738260Z ##[endgroup]
2022-12-27T11:24:15.0958960Z {
2022-12-27T11:24:15.0960430Z   "package_name": "lxml",
2022-12-27T11:24:15.0961160Z   "package_url": "https://files.pythonhosted.org/packages/87/db/bfda1646acc9d293c13d063e630e4535c485b6e1a72d3cc6b3a55ee37884/lxml-2.0alpha6.tar.gz",
2022-12-27T11:24:15.0961440Z   "package_version": "2.0alpha6",
2022-12-27T11:24:15.0961690Z   "python_version": "3.8",
2022-12-27T11:24:15.0961910Z   "use_ccache": "true"
2022-12-27T11:24:15.0962080Z }
2022-12-27T11:24:15.1183490Z ##[group]Run actions/setup-python@v4
2022-12-27T11:24:15.1183760Z with:
2022-12-27T11:24:15.1183950Z   python-version: 3.8
2022-12-27T11:24:15.1184160Z   check-latest: false
2022-12-27T11:24:15.1184470Z   token: ***
2022-12-27T11:24:15.1184660Z   update-environment: true
2022-12-27T11:24:15.1184860Z ##[endgroup]
2022-12-27T11:24:15.2418080Z ##[group]Installed versions
2022-12-27T11:24:15.2459270Z Successfully set up CPython (3.8.15)
2022-12-27T11:24:15.2460870Z ##[endgroup]
2022-12-27T11:24:15.2611850Z ##[group]Run if [ "true" == "true" ]
2022-12-27T11:24:15.2612160Z [36;1mif [ "true" == "true" ][0m
2022-12-27T11:24:15.2612310Z [36;1mthen[0m
2022-12-27T11:24:15.2612560Z [36;1m  echo "CCACHE_PATH_PREPEND=/usr/local/opt/ccache/libexec" >> $GITHUB_OUTPUT[0m
2022-12-27T11:24:15.2612790Z [36;1melse[0m
2022-12-27T11:24:15.2612960Z [36;1m  echo "CCACHE_PATH_PREPEND=" >> $GITHUB_OUTPUT[0m
2022-12-27T11:24:15.2613400Z [36;1mfi[0m
2022-12-27T11:24:15.2630510Z shell: /bin/bash -e {0}
2022-12-27T11:24:15.2630740Z env:
2022-12-27T11:24:15.2630940Z   pythonLocation: /Users/runner/hostedtoolcache/Python/3.8.15/x64
2022-12-27T11:24:15.2631210Z   PKG_CONFIG_PATH: /Users/runner/hostedtoolcache/Python/3.8.15/x64/lib/pkgconfig
2022-12-27T11:24:15.2631480Z   Python_ROOT_DIR: /Users/runner/hostedtoolcache/Python/3.8.15/x64
2022-12-27T11:24:15.2631790Z   Python2_ROOT_DIR: /Users/runner/hostedtoolcache/Python/3.8.15/x64
2022-12-27T11:24:15.2632070Z   Python3_ROOT_DIR: /Users/runner/hostedtoolcache/Python/3.8.15/x64
2022-12-27T11:24:15.2632590Z ##[endgroup]
2022-12-27T11:24:15.2741930Z ##[group]Run echo "BUILD_NAME=$(echo lxml_2.0alpha6_3.8 | tr -dc '[:alnum:]\n\r' | tr '[:upper:]' '[:lower:]')" >> $GITHUB_OUTPUT
2022-12-27T11:24:15.2742420Z [36;1mecho "BUILD_NAME=$(echo lxml_2.0alpha6_3.8 | tr -dc '[:alnum:]\n\r' | tr '[:upper:]' '[:lower:]')" >> $GITHUB_OUTPUT[0m
2022-12-27T11:24:15.2756700Z shell: /bin/bash -e {0}
2022-12-27T11:24:15.2756910Z env:
2022-12-27T11:24:15.2757150Z   pythonLocation: /Users/runner/hostedtoolcache/Python/3.8.15/x64
2022-12-27T11:24:15.2757400Z   PKG_CONFIG_PATH: /Users/runner/hostedtoolcache/Python/3.8.15/x64/lib/pkgconfig
2022-12-27T11:24:15.2757750Z   Python_ROOT_DIR: /Users/runner/hostedtoolcache/Python/3.8.15/x64
2022-12-27T11:24:15.2758010Z   Python2_ROOT_DIR: /Users/runner/hostedtoolcache/Python/3.8.15/x64
2022-12-27T11:24:15.2758250Z   Python3_ROOT_DIR: /Users/runner/hostedtoolcache/Python/3.8.15/x64
2022-12-27T11:24:15.2758430Z ##[endgroup]
2022-12-27T11:24:15.2907550Z ##[group]Run echo "PYTHON_NO_DOTS=$(echo 3.8 | tr -dc '[:alnum:]\n\r' | tr '[:upper:]' '[:lower:]')" >> $GITHUB_OUTPUT
2022-12-27T11:24:15.2907940Z [36;1mecho "PYTHON_NO_DOTS=$(echo 3.8 | tr -dc '[:alnum:]\n\r' | tr '[:upper:]' '[:lower:]')" >> $GITHUB_OUTPUT[0m
2022-12-27T11:24:15.2922130Z shell: /bin/bash -e {0}
2022-12-27T11:24:15.2922290Z env:
2022-12-27T11:24:15.2922500Z   pythonLocation: /Users/runner/hostedtoolcache/Python/3.8.15/x64
2022-12-27T11:24:15.2922830Z   PKG_CONFIG_PATH: /Users/runner/hostedtoolcache/Python/3.8.15/x64/lib/pkgconfig
2022-12-27T11:24:15.2923050Z   Python_ROOT_DIR: /Users/runner/hostedtoolcache/Python/3.8.15/x64
2022-12-27T11:24:15.2923290Z   Python2_ROOT_DIR: /Users/runner/hostedtoolcache/Python/3.8.15/x64
2022-12-27T11:24:15.2923520Z   Python3_ROOT_DIR: /Users/runner/hostedtoolcache/Python/3.8.15/x64
2022-12-27T11:24:15.2923720Z ##[endgroup]
2022-12-27T11:24:15.3033700Z ##[group]Run rm -rf build_lxml20alpha638
2022-12-27T11:24:15.3034020Z [36;1mrm -rf build_lxml20alpha638[0m
2022-12-27T11:24:15.3034220Z [36;1mmkdir build_lxml20alpha638[0m
2022-12-27T11:24:15.3034460Z [36;1mcd build_lxml20alpha638[0m
2022-12-27T11:24:15.3034770Z [36;1m/usr/local/bin/wget --quiet https://files.pythonhosted.org/packages/87/db/bfda1646acc9d293c13d063e630e4535c485b6e1a72d3cc6b3a55ee37884/lxml-2.0alpha6.tar.gz[0m
2022-12-27T11:24:15.3035060Z [36;1mtar xf *.tar.gz[0m
2022-12-27T11:24:15.3035190Z [36;1mcd *[0m
2022-12-27T11:24:15.3035380Z [36;1mpython -m pip install cibuildwheel==2.11.3[0m
2022-12-27T11:24:15.3035650Z [36;1mpython -m cibuildwheel --output-dir ../wheelsout[0m
2022-12-27T11:24:15.3049670Z shell: /bin/bash -e {0}
2022-12-27T11:24:15.3049870Z env:
2022-12-27T11:24:15.3050140Z   pythonLocation: /Users/runner/hostedtoolcache/Python/3.8.15/x64
2022-12-27T11:24:15.3050420Z   PKG_CONFIG_PATH: /Users/runner/hostedtoolcache/Python/3.8.15/x64/lib/pkgconfig
2022-12-27T11:24:15.3050670Z   Python_ROOT_DIR: /Users/runner/hostedtoolcache/Python/3.8.15/x64
2022-12-27T11:24:15.3050920Z   Python2_ROOT_DIR: /Users/runner/hostedtoolcache/Python/3.8.15/x64
2022-12-27T11:24:15.3051200Z   Python3_ROOT_DIR: /Users/runner/hostedtoolcache/Python/3.8.15/x64
2022-12-27T11:24:15.3051380Z   CIBW_ARCHS_MACOS: arm64
2022-12-27T11:24:15.3051560Z   CIBW_TEST_SKIP: *_arm64
2022-12-27T11:24:15.3051740Z   CIBW_BUILD: cp38-macosx_arm64
2022-12-27T11:24:15.3051890Z   CIBW_BUILD_FRONTEND: pip
2022-12-27T11:24:15.3052100Z   CIBW_BUILD_VERBOSITY: 3
2022-12-27T11:24:15.3052410Z   CIBW_ENVIRONMENT_MACOS:  CFLAGS="-I/usr/local/opt/openssl@3/include" LDFLAGS="-L/usr/local/opt/openssl@3/lib" CPPFLAGS="-I/usr/local/opt/openssl@3/include" MAKEFLAGS="-j$(sysctl -n hw.logicalcpu)" PATH=/usr/local/opt/ccache/libexec:$PATH
2022-12-27T11:24:15.3052780Z   CIBW_BEFORE_BUILD: pip install Cython; if [[ -f requirements.txt ]]; then pip install -r requirements.txt; fi
2022-12-27T11:24:15.3053010Z   MAKEFLAGS: -j$(sysctl -n hw.logicalcpu)
2022-12-27T11:24:15.3053190Z ##[endgroup]
2022-12-27T11:24:15.7865120Z Requirement already satisfied: cibuildwheel==2.11.3 in /Users/runner/hostedtoolcache/Python/3.8.15/x64/lib/python3.8/site-packages (2.11.3)
2022-12-27T11:24:15.8192700Z Requirement already satisfied: bracex in /Users/runner/hostedtoolcache/Python/3.8.15/x64/lib/python3.8/site-packages (from cibuildwheel==2.11.3) (2.3.post1)
2022-12-27T11:24:15.8196770Z Requirement already satisfied: certifi in /Users/runner/hostedtoolcache/Python/3.8.15/x64/lib/python3.8/site-packages (from cibuildwheel==2.11.3) (2022.12.7)
2022-12-27T11:24:15.8202170Z Requirement already satisfied: bashlex!=0.13 in /Users/runner/hostedtoolcache/Python/3.8.15/x64/lib/python3.8/site-packages (from cibuildwheel==2.11.3) (0.16)
2022-12-27T11:24:15.8208300Z Requirement already satisfied: tomli in /Users/runner/hostedtoolcache/Python/3.8.15/x64/lib/python3.8/site-packages (from cibuildwheel==2.11.3) (2.0.1)
2022-12-27T11:24:15.8213650Z Requirement already satisfied: packaging>=20.9 in /Users/runner/hostedtoolcache/Python/3.8.15/x64/lib/python3.8/site-packages (from cibuildwheel==2.11.3) (22.0)
2022-12-27T11:24:15.8223540Z Requirement already satisfied: typing-extensions>=4.1.0 in /Users/runner/hostedtoolcache/Python/3.8.15/x64/lib/python3.8/site-packages (from cibuildwheel==2.11.3) (4.4.0)
2022-12-27T11:24:15.8227400Z Requirement already satisfied: filelock in /Users/runner/hostedtoolcache/Python/3.8.15/x64/lib/python3.8/site-packages (from cibuildwheel==2.11.3) (3.8.2)
2022-12-27T11:24:15.8231170Z Requirement already satisfied: platformdirs in /Users/runner/hostedtoolcache/Python/3.8.15/x64/lib/python3.8/site-packages (from cibuildwheel==2.11.3) (2.6.0)
2022-12-27T11:24:15.9902350Z 
2022-12-27T11:24:15.9902510Z      _ _       _ _   _       _           _
2022-12-27T11:24:15.9903130Z  ___|_| |_ _ _|_| |_| |_ _ _| |_ ___ ___| |
2022-12-27T11:24:15.9904180Z |  _| | . | | | | | . | | | |   | -_| -_| |
2022-12-27T11:24:15.9905240Z |___|_|___|___|_|_|___|_____|_|_|___|___|_|
2022-12-27T11:24:15.9905410Z 
2022-12-27T11:24:15.9905580Z cibuildwheel version 2.11.3
2022-12-27T11:24:15.9905770Z 
2022-12-27T11:24:15.9905920Z Build options:
2022-12-27T11:24:15.9906280Z   platform: macos
2022-12-27T11:24:15.9993320Z   architectures: arm64[0m
2022-12-27T11:24:15.9993760Z   build_selector: 
2022-12-27T11:24:15.9994400Z     build_config: cp38-macosx_arm64
2022-12-27T11:24:15.9994890Z     skip_config: 
2022-12-27T11:24:15.9995290Z     requires_python: None
2022-12-27T11:24:15.9995960Z     prerelease_pythons: False[0m
2022-12-27T11:24:15.9996620Z   [38;5;244mcontainer_engine: docker[0m
2022-12-27T11:24:15.9997300Z   output_dir: /Users/runner/actions-runner/_work/python.build/python.build/build_lxml20alpha638/wheelsout[0m
2022-12-27T11:24:15.9998160Z   package_dir: /Users/runner/actions-runner/_work/python.build/python.build/build_lxml20alpha638/lxml-2.0alpha6[0m
2022-12-27T11:24:15.9998840Z   test_selector: 
2022-12-27T11:24:15.9999260Z     skip_config: *_arm64[0m
2022-12-27T11:24:15.9999780Z   [38;5;244mbefore_all: [0m
2022-12-27T11:24:16.0000420Z   before_build: pip install Cython; if [[ -f requirements.txt ]]; then pip install -r requirements.txt; fi[0m
2022-12-27T11:24:16.0000960Z   [38;5;244mbefore_test: [0m
2022-12-27T11:24:16.0001520Z   [38;5;244mbuild_frontend: pip[0m
2022-12-27T11:24:16.0001890Z   build_verbosity: 3[0m
2022-12-27T11:24:16.0002330Z   [38;5;244mconfig_settings: [0m
2022-12-27T11:24:16.0002690Z   [38;5;244mdependency_constraints: pinned[0m
2022-12-27T11:24:16.0003020Z   environment: 
2022-12-27T11:24:16.0003550Z     CFLAGS="-I/usr/local/opt/openssl@3/include"
2022-12-27T11:24:16.0003910Z     LDFLAGS="-L/usr/local/opt/openssl@3/lib"
2022-12-27T11:24:16.0004320Z     CPPFLAGS="-I/usr/local/opt/openssl@3/include"
2022-12-27T11:24:16.0004730Z     MAKEFLAGS="-j$(sysctl -n hw.logicalcpu)"
2022-12-27T11:24:16.0005100Z     PATH=/usr/local/opt/ccache/libexec:$PATH[0m
2022-12-27T11:24:16.0005660Z   [38;5;244mmanylinux_images: None[0m
2022-12-27T11:24:16.0006040Z   [38;5;244mmusllinux_images: None[0m
2022-12-27T11:24:16.0006550Z   [38;5;244mrepair_command: delocate-wheel --require-archs {delocate_archs} -w {dest_dir} -v {wheel}[0m
2022-12-27T11:24:16.0007290Z   [38;5;244mtest_command: [0m
2022-12-27T11:24:16.0007580Z   [38;5;244mtest_extras: [0m
2022-12-27T11:24:16.0007810Z   [38;5;244mtest_requires: [0m
2022-12-27T11:24:16.0007890Z 
2022-12-27T11:24:16.0008010Z Cache folder: /Users/runner/Library/Caches/cibuildwheel
2022-12-27T11:24:16.0018350Z 
2022-12-27T11:24:16.0018640Z Here we go!
2022-12-27T11:24:16.0018760Z 
2022-12-27T11:24:16.0078020Z 
2022-12-27T11:24:16.0078680Z [1m[34mBuilding cp38-macosx_arm64 wheel[0m
2022-12-27T11:24:16.0079070Z CPython 3.8 macOS arm64 - Apple Silicon
2022-12-27T11:24:16.0079210Z 
2022-12-27T11:24:16.0082210Z ##[group]Installing Python cp38...
2022-12-27T11:24:16.0082350Z 
2022-12-27T11:24:16.0083390Z + pkgutil --pkgs
2022-12-27T11:24:16.0180120Z ##[endgroup]
2022-12-27T11:24:16.0181270Z                                                               [32mâœ“ [0m0.01s
2022-12-27T11:24:16.0181690Z ##[group]Setting up build environment...
2022-12-27T11:24:16.0181910Z 
2022-12-27T11:24:16.0201060Z + /Users/runner/hostedtoolcache/Python/3.8.15/x64/bin/python -sS /Users/runner/Library/Caches/cibuildwheel/virtualenv-20.17.0.pyz --activators= --no-periodic-update --pip=22.3.1 --setuptools=65.6.3 --wheel=0.38.4 --symlink-app-data --python /Library/Frameworks/Python.framework/Versions/3.8/bin/python3 /private/var/folders/51/hd414ycd67n82196sw51xqtc0000gn/T/cibw-run-xjggvvwa/cp38-macosx_arm64/build/venv
2022-12-27T11:24:16.2121490Z created virtual environment CPython3.8.10.final.0-64 in 49ms
2022-12-27T11:24:16.2122400Z   creator CPython3Posix(dest=/private/var/folders/51/hd414ycd67n82196sw51xqtc0000gn/T/cibw-run-xjggvvwa/cp38-macosx_arm64/build/venv, clear=False, no_vcs_ignore=False, global=False)
2022-12-27T11:24:16.2123280Z   seeder FromAppData(download=False, pip=22.3.1, setuptools=65.6.3, wheel=0.38.4, via=symlink, app_data_dir=/Users/runner/Library/Application Support/virtualenv)
2022-12-27T11:24:16.2123790Z     added seed packages: pip==22.3.1, setuptools==65.6.3, wheel==0.38.4
2022-12-27T11:24:16.2241000Z + python -m pip install --upgrade pip -c /Users/runner/hostedtoolcache/Python/3.8.15/x64/lib/python3.8/site-packages/cibuildwheel/resources/constraints-python38.txt
2022-12-27T11:24:16.5421190Z Requirement already satisfied: pip in ./lib/python3.8/site-packages (22.3.1)
2022-12-27T11:24:16.6835920Z + which pip
2022-12-27T11:24:16.6853410Z /private/var/folders/51/hd414ycd67n82196sw51xqtc0000gn/T/cibw-run-xjggvvwa/cp38-macosx_arm64/build/venv/bin/pip
2022-12-27T11:24:16.6855670Z + pip --version
2022-12-27T11:24:16.9142810Z pip 22.3.1 from /private/var/folders/51/hd414ycd67n82196sw51xqtc0000gn/T/cibw-run-xjggvvwa/cp38-macosx_arm64/build/venv/lib/python3.8/site-packages/pip (python 3.8)
2022-12-27T11:24:16.9355680Z + which pip
2022-12-27T11:24:16.9386530Z + which python
2022-12-27T11:24:16.9407660Z /private/var/folders/51/hd414ycd67n82196sw51xqtc0000gn/T/cibw-run-xjggvvwa/cp38-macosx_arm64/build/venv/bin/python
2022-12-27T11:24:16.9410620Z + python --version
2022-12-27T11:24:16.9464860Z Python 3.8.10
2022-12-27T11:24:16.9468890Z + which python
2022-12-27T11:24:16.9534800Z ##[endgroup]
2022-12-27T11:24:16.9535460Z                                                               [32mâœ“ [0m0.94s
2022-12-27T11:24:16.9536270Z ##[group]Installing build tools...
2022-12-27T11:24:16.9536690Z 
2022-12-27T11:24:16.9537340Z + pip install --upgrade setuptools wheel delocate -c /Users/runner/hostedtoolcache/Python/3.8.15/x64/lib/python3.8/site-packages/cibuildwheel/resources/constraints-python38.txt
2022-12-27T11:24:17.2583390Z Requirement already satisfied: setuptools in /private/var/folders/51/hd414ycd67n82196sw51xqtc0000gn/T/cibw-run-xjggvvwa/cp38-macosx_arm64/build/venv/lib/python3.8/site-packages (65.6.3)
2022-12-27T11:24:17.4933800Z Requirement already satisfied: wheel in /private/var/folders/51/hd414ycd67n82196sw51xqtc0000gn/T/cibw-run-xjggvvwa/cp38-macosx_arm64/build/venv/lib/python3.8/site-packages (0.38.4)
2022-12-27T11:24:17.5418560Z Collecting delocate
2022-12-27T11:24:17.5443900Z   Using cached delocate-0.10.3-py3-none-any.whl (142 kB)
2022-12-27T11:24:17.5750640Z Collecting packaging>=20.9
2022-12-27T11:24:17.5771410Z   Using cached packaging-21.3-py3-none-any.whl (40 kB)
2022-12-27T11:24:17.5949270Z Collecting typing-extensions
2022-12-27T11:24:17.5969990Z   Using cached typing_extensions-4.4.0-py3-none-any.whl (26 kB)
2022-12-27T11:24:17.6375580Z Collecting pyparsing!=3.0.5,>=2.0.2
2022-12-27T11:24:17.6398590Z   Using cached pyparsing-3.0.9-py3-none-any.whl (98 kB)
2022-12-27T11:24:17.6777290Z Installing collected packages: typing-extensions, pyparsing, packaging, delocate
2022-12-27T11:24:17.8126100Z Successfully installed delocate-0.10.3 packaging-21.3 pyparsing-3.0.9 typing-extensions-4.4.0
2022-12-27T11:24:17.8557160Z ##[endgroup]
2022-12-27T11:24:17.8557910Z                                                               [32mâœ“ [0m0.90s
2022-12-27T11:24:17.8558370Z ##[group]Running before_build...
2022-12-27T11:24:17.8558490Z 
2022-12-27T11:24:17.8564600Z + pip install Cython; if [[ -f requirements.txt ]]; then pip install -r requirements.txt; fi
2022-12-27T11:24:18.5393060Z Collecting Cython
2022-12-27T11:24:18.5439650Z   Using cached Cython-0.29.32-py2.py3-none-any.whl (986 kB)
2022-12-27T11:24:18.5866390Z Installing collected packages: Cython
2022-12-27T11:24:19.0196560Z Successfully installed Cython-0.29.32
2022-12-27T11:24:19.0594070Z ##[endgroup]
2022-12-27T11:24:19.0594760Z                                                               [32mâœ“ [0m1.20s
2022-12-27T11:24:19.0595440Z ##[group]Building wheel...
2022-12-27T11:24:19.0595580Z 
2022-12-27T11:24:19.0601120Z + python -m pip wheel /Users/runner/actions-runner/_work/python.build/python.build/build_lxml20alpha638/lxml-2.0alpha6 --wheel-dir=/private/var/folders/51/hd414ycd67n82196sw51xqtc0000gn/T/cibw-run-xjggvvwa/cp38-macosx_arm64/built_wheel --no-deps -vvv
2022-12-27T11:24:19.3665030Z Created temporary directory: /private/var/folders/51/hd414ycd67n82196sw51xqtc0000gn/T/pip-ephem-wheel-cache-g891jkd9
2022-12-27T11:24:19.3669650Z Created temporary directory: /private/var/folders/51/hd414ycd67n82196sw51xqtc0000gn/T/pip-build-tracker-bwtflvha
2022-12-27T11:24:19.3671770Z Initialized build tracking at /private/var/folders/51/hd414ycd67n82196sw51xqtc0000gn/T/pip-build-tracker-bwtflvha
2022-12-27T11:24:19.3673130Z Created build tracker: /private/var/folders/51/hd414ycd67n82196sw51xqtc0000gn/T/pip-build-tracker-bwtflvha
2022-12-27T11:24:19.3674750Z Entered build tracker: /private/var/folders/51/hd414ycd67n82196sw51xqtc0000gn/T/pip-build-tracker-bwtflvha
2022-12-27T11:24:19.3678190Z Created temporary directory: /private/var/folders/51/hd414ycd67n82196sw51xqtc0000gn/T/pip-wheel-5yvevlq5
2022-12-27T11:24:19.3684310Z Created temporary directory: /private/var/folders/51/hd414ycd67n82196sw51xqtc0000gn/T/pip-ephem-wheel-cache-j67r00n3
2022-12-27T11:24:19.3768870Z Processing /Users/runner/actions-runner/_work/python.build/python.build/build_lxml20alpha638/lxml-2.0alpha6
2022-12-27T11:24:19.3774620Z   Added file:///Users/runner/actions-runner/_work/python.build/python.build/build_lxml20alpha638/lxml-2.0alpha6 to build tracker '/private/var/folders/51/hd414ycd67n82196sw51xqtc0000gn/T/pip-build-tracker-bwtflvha'
2022-12-27T11:24:19.3778290Z   Running setup.py (path:/Users/runner/actions-runner/_work/python.build/python.build/build_lxml20alpha638/lxml-2.0alpha6/setup.py) egg_info for package from file:///Users/runner/actions-runner/_work/python.build/python.build/build_lxml20alpha638/lxml-2.0alpha6
2022-12-27T11:24:19.3781900Z   Created temporary directory: /private/var/folders/51/hd414ycd67n82196sw51xqtc0000gn/T/pip-pip-egg-info-57o9e_40
2022-12-27T11:24:19.3783510Z   Preparing metadata (setup.py): started
2022-12-27T11:24:19.3785290Z   Running command python setup.py egg_info
2022-12-27T11:24:19.7656320Z   Building with Cython 0.29.32.
2022-12-27T11:24:19.7657490Z   Building lxml version 2.0.alpha6.
2022-12-27T11:24:19.7659040Z   running egg_info
2022-12-27T11:24:19.7661270Z   creating /private/var/folders/51/hd414ycd67n82196sw51xqtc0000gn/T/pip-pip-egg-info-57o9e_40/lxml.egg-info
2022-12-27T11:24:19.7668680Z   writing /private/var/folders/51/hd414ycd67n82196sw51xqtc0000gn/T/pip-pip-egg-info-57o9e_40/lxml.egg-info/PKG-INFO
2022-12-27T11:24:19.7674250Z   writing dependency_links to /private/var/folders/51/hd414ycd67n82196sw51xqtc0000gn/T/pip-pip-egg-info-57o9e_40/lxml.egg-info/dependency_links.txt
2022-12-27T11:24:19.7678340Z   writing top-level names to /private/var/folders/51/hd414ycd67n82196sw51xqtc0000gn/T/pip-pip-egg-info-57o9e_40/lxml.egg-info/top_level.txt
2022-12-27T11:24:19.7680280Z   writing manifest file '/private/var/folders/51/hd414ycd67n82196sw51xqtc0000gn/T/pip-pip-egg-info-57o9e_40/lxml.egg-info/SOURCES.txt'
2022-12-27T11:24:19.7737850Z   reading manifest file '/private/var/folders/51/hd414ycd67n82196sw51xqtc0000gn/T/pip-pip-egg-info-57o9e_40/lxml.egg-info/SOURCES.txt'
2022-12-27T11:24:19.7741860Z   reading manifest template 'MANIFEST.in'
2022-12-27T11:24:19.8552840Z   /private/var/folders/51/hd414ycd67n82196sw51xqtc0000gn/T/cibw-run-xjggvvwa/cp38-macosx_arm64/build/venv/lib/python3.8/site-packages/setuptools/dist.py:529: UserWarning: Normalizing '2.0alpha6' to '2.0a6'
2022-12-27T11:24:19.8554900Z     warnings.warn(tmpl.format(**locals()))
2022-12-27T11:24:19.8557120Z   warning: no previously-included files found matching 'doc/pyrex.txt'
2022-12-27T11:24:19.8559310Z   warning: no previously-included files found matching 'src/lxml/etree.pxi'
2022-12-27T11:24:19.8561380Z   adding license file 'LICENSES.txt'
2022-12-27T11:24:19.8612400Z   writing manifest file '/private/var/folders/51/hd414ycd67n82196sw51xqtc0000gn/T/pip-pip-egg-info-57o9e_40/lxml.egg-info/SOURCES.txt'
2022-12-27T11:24:19.8853200Z   Preparing metadata (setup.py): finished with status 'done'
2022-12-27T11:24:19.8878540Z   Source in /Users/runner/actions-runner/_work/python.build/python.build/build_lxml20alpha638/lxml-2.0alpha6 has version 2.0a6, which satisfies requirement lxml==2.0a6 from file:///Users/runner/actions-runner/_work/python.build/python.build/build_lxml20alpha638/lxml-2.0alpha6
2022-12-27T11:24:19.8882070Z   Removed lxml==2.0a6 from file:///Users/runner/actions-runner/_work/python.build/python.build/build_lxml20alpha638/lxml-2.0alpha6 from build tracker '/private/var/folders/51/hd414ycd67n82196sw51xqtc0000gn/T/pip-build-tracker-bwtflvha'
2022-12-27T11:24:19.8996480Z Created temporary directory: /private/var/folders/51/hd414ycd67n82196sw51xqtc0000gn/T/pip-unpack-jm4u_ycr
2022-12-27T11:24:19.8998240Z Building wheels for collected packages: lxml
2022-12-27T11:24:19.9007260Z   Created temporary directory: /private/var/folders/51/hd414ycd67n82196sw51xqtc0000gn/T/pip-wheel-394hh010
2022-12-27T11:24:19.9008940Z   Building wheel for lxml (setup.py): started
2022-12-27T11:24:19.9011060Z   Destination directory: /private/var/folders/51/hd414ycd67n82196sw51xqtc0000gn/T/pip-wheel-394hh010
2022-12-27T11:24:19.9012420Z   Running command python setup.py bdist_wheel
2022-12-27T11:24:20.1662430Z   Building with Cython 0.29.32.
2022-12-27T11:24:20.1663630Z   Building lxml version 2.0.alpha6.
2022-12-27T11:24:20.2712350Z   /private/var/folders/51/hd414ycd67n82196sw51xqtc0000gn/T/cibw-run-xjggvvwa/cp38-macosx_arm64/build/venv/lib/python3.8/site-packages/setuptools/dist.py:529: UserWarning: Normalizing '2.0alpha6' to '2.0a6'
2022-12-27T11:24:20.2713070Z     warnings.warn(tmpl.format(**locals()))
2022-12-27T11:24:20.2853510Z   running bdist_wheel
2022-12-27T11:24:20.2897470Z   running build
2022-12-27T11:24:20.2899400Z   running build_py
2022-12-27T11:24:20.2922810Z   creating build
2022-12-27T11:24:20.2924860Z   creating build/lib.macosx-11.0-arm64-cpython-38
2022-12-27T11:24:20.2926940Z   creating build/lib.macosx-11.0-arm64-cpython-38/lxml
2022-12-27T11:24:20.2928690Z   copying src/lxml/_elementpath.py -> build/lib.macosx-11.0-arm64-cpython-38/lxml
2022-12-27T11:24:20.2931080Z   copying src/lxml/sax.py -> build/lib.macosx-11.0-arm64-cpython-38/lxml
2022-12-27T11:24:20.2935160Z   copying src/lxml/__init__.py -> build/lib.macosx-11.0-arm64-cpython-38/lxml
2022-12-27T11:24:20.2937220Z   copying src/lxml/builder.py -> build/lib.macosx-11.0-arm64-cpython-38/lxml
2022-12-27T11:24:20.2941410Z   copying src/lxml/doctestcompare.py -> build/lib.macosx-11.0-arm64-cpython-38/lxml
2022-12-27T11:24:20.2945730Z   copying src/lxml/usedoctest.py -> build/lib.macosx-11.0-arm64-cpython-38/lxml
2022-12-27T11:24:20.2948410Z   copying src/lxml/cssselect.py -> build/lib.macosx-11.0-arm64-cpython-38/lxml
2022-12-27T11:24:20.2952390Z   copying src/lxml/htmlbuilder.py -> build/lib.macosx-11.0-arm64-cpython-38/lxml
2022-12-27T11:24:20.2956260Z   copying src/lxml/ElementInclude.py -> build/lib.macosx-11.0-arm64-cpython-38/lxml
2022-12-27T11:24:20.2964300Z   creating build/lib.macosx-11.0-arm64-cpython-38/lxml/html
2022-12-27T11:24:20.2966040Z   copying src/lxml/html/defs.py -> build/lib.macosx-11.0-arm64-cpython-38/lxml/html
2022-12-27T11:24:20.2970000Z   copying src/lxml/html/setmixin.py -> build/lib.macosx-11.0-arm64-cpython-38/lxml/html
2022-12-27T11:24:20.2973940Z   copying src/lxml/html/clean.py -> build/lib.macosx-11.0-arm64-cpython-38/lxml/html
2022-12-27T11:24:20.2977210Z   copying src/lxml/html/_diffcommand.py -> build/lib.macosx-11.0-arm64-cpython-38/lxml/html
2022-12-27T11:24:20.2980730Z   copying src/lxml/html/__init__.py -> build/lib.macosx-11.0-arm64-cpython-38/lxml/html
2022-12-27T11:24:20.2984640Z   copying src/lxml/html/formfill.py -> build/lib.macosx-11.0-arm64-cpython-38/lxml/html
2022-12-27T11:24:20.2988200Z   copying src/lxml/html/builder.py -> build/lib.macosx-11.0-arm64-cpython-38/lxml/html
2022-12-27T11:24:20.2992720Z   copying src/lxml/html/ElementSoup.py -> build/lib.macosx-11.0-arm64-cpython-38/lxml/html
2022-12-27T11:24:20.2995800Z   copying src/lxml/html/usedoctest.py -> build/lib.macosx-11.0-arm64-cpython-38/lxml/html
2022-12-27T11:24:20.2999530Z   copying src/lxml/html/diff.py -> build/lib.macosx-11.0-arm64-cpython-38/lxml/html
2022-12-27T11:24:20.3011150Z   running build_ext
2022-12-27T11:24:20.3410500Z   skipping 'src/lxml/lxml.etree.c' Cython extension (up-to-date)
2022-12-27T11:24:20.3412410Z   skipping 'src/lxml/lxml.objectify.c' Cython extension (up-to-date)
2022-12-27T11:24:20.3414510Z   skipping 'src/lxml/lxml.pyclasslookup.c' Cython extension (up-to-date)
2022-12-27T11:24:20.3416530Z   building 'lxml.etree' extension
2022-12-27T11:24:20.3418820Z   creating build/temp.macosx-11.0-arm64-cpython-38
2022-12-27T11:24:20.3421250Z   creating build/temp.macosx-11.0-arm64-cpython-38/src
2022-12-27T11:24:20.3423640Z   creating build/temp.macosx-11.0-arm64-cpython-38/src/lxml
2022-12-27T11:24:20.3427930Z   gcc -Wno-unused-result -Wsign-compare -Wunreachable-code -fno-common -dynamic -DNDEBUG -g -fwrapv -O3 -Wall -g -I/usr/local/opt/openssl@3/include -I/usr/local/opt/openssl@3/include -arch arm64 -I/private/var/folders/51/hd414ycd67n82196sw51xqtc0000gn/T/cibw-run-xjggvvwa/cp38-macosx_arm64/build/venv/include -I/Library/Frameworks/Python.framework/Versions/3.8/include/python3.8 -c src/lxml/lxml.etree.c -o build/temp.macosx-11.0-arm64-cpython-38/src/lxml/lxml.etree.o -w b'-I/Library/Developer/CommandLineTools/SDKs/MacOSX12.1.sdk/usr/include\n'
2022-12-27T11:24:20.3663800Z   clang: error: no such file or directory: 'b'-I/Library/Developer/CommandLineTools/SDKs/MacOSX12.1.sdk/usr/include\n''
2022-12-27T11:24:20.3675430Z   error: command '/usr/bin/gcc' failed with exit code 1
2022-12-27T11:24:20.3988780Z   error: subprocess-exited-with-error
2022-12-27T11:24:20.3989050Z   
2022-12-27T11:24:20.3989490Z   Ã— python setup.py bdist_wheel did not run successfully.
2022-12-27T11:24:20.3990160Z   â”‚ exit code: 1
2022-12-27T11:24:20.3990420Z   â•°â”€> See above for output.
2022-12-27T11:24:20.3990640Z   
2022-12-27T11:24:20.3990930Z   note: This error originates from a subprocess, and is likely not a problem with pip.
2022-12-27T11:24:20.3999040Z   full command: /private/var/folders/51/hd414ycd67n82196sw51xqtc0000gn/T/cibw-run-xjggvvwa/cp38-macosx_arm64/build/venv/bin/python -u -c '
2022-12-27T11:24:20.3999540Z   exec(compile('"'"''"'"''"'"'
2022-12-27T11:24:20.3999880Z   # This is <pip-setuptools-caller> -- a caller that pip uses to run setup.py
2022-12-27T11:24:20.4000680Z   #
2022-12-27T11:24:20.4000960Z   # - It imports setuptools before invoking setup.py, to enable projects that directly
2022-12-27T11:24:20.4001260Z   #   import from `distutils.core` to work with newer packaging standards.
2022-12-27T11:24:20.4001680Z   # - It provides a clear error message when setuptools is not installed.
2022-12-27T11:24:20.4001970Z   # - It sets `sys.argv[0]` to the underlying `setup.py`, when invoking `setup.py` so
2022-12-27T11:24:20.4002310Z   #   setuptools doesn'"'"'t think the script is `-c`. This avoids the following warning:
2022-12-27T11:24:20.4002680Z   #     manifest_maker: standard file '"'"'-c'"'"' not found".
2022-12-27T11:24:20.4002980Z   # - It generates a shim setup.py, for handling setup.cfg-only projects.
2022-12-27T11:24:20.4003180Z   import os, sys, tokenize
2022-12-27T11:24:20.4003350Z   
2022-12-27T11:24:20.4003540Z   try:
2022-12-27T11:24:20.4003740Z       import setuptools
2022-12-27T11:24:20.4003940Z   except ImportError as error:
2022-12-27T11:24:20.4004130Z       print(
2022-12-27T11:24:20.4004320Z           "ERROR: Can not execute `setup.py` since setuptools is not available in "
2022-12-27T11:24:20.4004560Z           "the build environment.",
2022-12-27T11:24:20.4005030Z           file=sys.stderr,
2022-12-27T11:24:20.4005210Z       )
2022-12-27T11:24:20.4005350Z       sys.exit(1)
2022-12-27T11:24:20.4005520Z   
2022-12-27T11:24:20.4005750Z   __file__ = %r
2022-12-27T11:24:20.4005900Z   sys.argv[0] = __file__
2022-12-27T11:24:20.4006080Z   
2022-12-27T11:24:20.4006260Z   if os.path.exists(__file__):
2022-12-27T11:24:20.4006420Z       filename = __file__
2022-12-27T11:24:20.4006670Z       with tokenize.open(__file__) as f:
2022-12-27T11:24:20.4006870Z           setup_py_code = f.read()
2022-12-27T11:24:20.4007020Z   else:
2022-12-27T11:24:20.4007480Z       filename = "<auto-generated setuptools caller>"
2022-12-27T11:24:20.4007760Z       setup_py_code = "from setuptools import setup; setup()"
2022-12-27T11:24:20.4008030Z   
2022-12-27T11:24:20.4008190Z   exec(compile(setup_py_code, filename, "exec"))
2022-12-27T11:24:20.4008710Z   '"'"''"'"''"'"' % ('"'"'/Users/runner/actions-runner/_work/python.build/python.build/build_lxml20alpha638/lxml-2.0alpha6/setup.py'"'"',), "<pip-setuptools-caller>", "exec"))' bdist_wheel -d /private/var/folders/51/hd414ycd67n82196sw51xqtc0000gn/T/pip-wheel-394hh010
2022-12-27T11:24:20.4009260Z   cwd: /Users/runner/actions-runner/_work/python.build/python.build/build_lxml20alpha638/lxml-2.0alpha6/
2022-12-27T11:24:20.4009690Z   ERROR: Failed building wheel for lxml
2022-12-27T11:24:20.4009960Z   Building wheel for lxml (setup.py): finished with status 'error'
2022-12-27T11:24:20.4012140Z   Running setup.py clean for lxml
2022-12-27T11:24:20.4014460Z   Running command python setup.py clean
2022-12-27T11:24:20.6623900Z   Building with Cython 0.29.32.
2022-12-27T11:24:20.6626570Z   Building lxml version 2.0.alpha6.
2022-12-27T11:24:20.7672900Z   /private/var/folders/51/hd414ycd67n82196sw51xqtc0000gn/T/cibw-run-xjggvvwa/cp38-macosx_arm64/build/venv/lib/python3.8/site-packages/setuptools/dist.py:529: UserWarning: Normalizing '2.0alpha6' to '2.0a6'
2022-12-27T11:24:20.7673990Z     warnings.warn(tmpl.format(**locals()))
2022-12-27T11:24:20.7710380Z   running clean
2022-12-27T11:24:20.7741040Z   removing 'build/temp.macosx-11.0-arm64-cpython-38' (and everything under it)
2022-12-27T11:24:20.7744580Z   removing 'build/lib.macosx-11.0-arm64-cpython-38' (and everything under it)
2022-12-27T11:24:20.7765530Z   'build/bdist.macosx-11.0-arm64' does not exist -- can't clean it
2022-12-27T11:24:20.7766900Z   'build/scripts-3.8' does not exist -- can't clean it
2022-12-27T11:24:20.7768670Z   removing 'build'
2022-12-27T11:24:20.7991350Z Failed to build lxml
2022-12-27T11:24:20.7996340Z ERROR: Failed to build one or more wheels
2022-12-27T11:24:20.8006810Z Exception information:
2022-12-27T11:24:20.8007100Z Traceback (most recent call last):
2022-12-27T11:24:20.8016200Z   File "/private/var/folders/51/hd414ycd67n82196sw51xqtc0000gn/T/cibw-run-xjggvvwa/cp38-macosx_arm64/build/venv/lib/python3.8/site-packages/pip/_internal/cli/base_command.py", line 160, in exc_logging_wrapper
2022-12-27T11:24:20.8017170Z     status = run_func(*args)
2022-12-27T11:24:20.8017830Z   File "/private/var/folders/51/hd414ycd67n82196sw51xqtc0000gn/T/cibw-run-xjggvvwa/cp38-macosx_arm64/build/venv/lib/python3.8/site-packages/pip/_internal/cli/req_command.py", line 247, in wrapper
2022-12-27T11:24:20.8018160Z     return func(self, options, args)
2022-12-27T11:24:20.8018620Z   File "/private/var/folders/51/hd414ycd67n82196sw51xqtc0000gn/T/cibw-run-xjggvvwa/cp38-macosx_arm64/build/venv/lib/python3.8/site-packages/pip/_internal/commands/wheel.py", line 201, in run
2022-12-27T11:24:20.8018990Z     raise CommandError("Failed to build one or more wheels")
2022-12-27T11:24:20.8019230Z pip._internal.exceptions.CommandError: Failed to build one or more wheels
2022-12-27T11:24:20.8019670Z Removed build tracker: '/private/var/folders/51/hd414ycd67n82196sw51xqtc0000gn/T/pip-build-tracker-bwtflvha'
2022-12-27T11:24:20.8383230Z ##[endgroup]
2022-12-27T11:24:20.8383910Z                                                               [31mâœ• [0m1.78s
2022-12-27T11:24:20.8777590Z ##[error]Command ['python', '-m', 'pip', 'wheel', '/Users/runner/actions-runner/_work/python.build/python.build/build_lxml20alpha638/lxml-2.0alpha6', '--wheel-dir=/private/var/folders/51/hd414ycd67n82196sw51xqtc0000gn/T/cibw-run-xjggvvwa/cp38-macosx_arm64/built_wheel', '--no-deps', '-vvv'] failed with code 1. None
2022-12-27T11:24:20.8785170Z 
2022-12-27T11:24:20.8884690Z ##[error]Process completed with exit code 1.
2022-12-27T11:24:20.8918690Z ##[group]Run rm -rf build_lxml20alpha638 wheelsout
2022-12-27T11:24:20.8918940Z [36;1mrm -rf build_lxml20alpha638 wheelsout[0m
2022-12-27T11:24:20.8933990Z shell: /bin/bash -e {0}
2022-12-27T11:24:20.8934190Z env:
2022-12-27T11:24:20.8934380Z   pythonLocation: /Users/runner/hostedtoolcache/Python/3.8.15/x64
2022-12-27T11:24:20.8934630Z   PKG_CONFIG_PATH: /Users/runner/hostedtoolcache/Python/3.8.15/x64/lib/pkgconfig
2022-12-27T11:24:20.8934870Z   Python_ROOT_DIR: /Users/runner/hostedtoolcache/Python/3.8.15/x64
2022-12-27T11:24:20.8935100Z   Python2_ROOT_DIR: /Users/runner/hostedtoolcache/Python/3.8.15/x64
2022-12-27T11:24:20.8935400Z   Python3_ROOT_DIR: /Users/runner/hostedtoolcache/Python/3.8.15/x64
2022-12-27T11:24:20.8935580Z ##[endgroup]
2022-12-27T11:24:20.9496330Z Cleaning up orphan processes
