2022-12-27T08:57:33.7585329Z Requested labels: self-hosted, macOS, X64
2022-12-27T08:57:33.7585431Z Job defined at: kilnbuild/python.build/.github/workflows/mac_arm_build.yml@refs/heads/main
2022-12-27T08:57:33.7585460Z Waiting for a runner to pick up this job...
2022-12-27T11:41:02.1919166Z Job is about to start running on the runner: k2 (organization)
2022-12-27T11:41:04.6559880Z Current runner version: '2.300.2'
2022-12-27T11:41:04.6564670Z Runner name: 'k2'
2022-12-27T11:41:04.6564920Z Runner group name: 'Default'
2022-12-27T11:41:04.6565350Z Machine name: 'k2'
2022-12-27T11:41:04.6566800Z ##[group]GITHUB_TOKEN Permissions
2022-12-27T11:41:04.6567210Z Actions: write
2022-12-27T11:41:04.6567350Z Checks: write
2022-12-27T11:41:04.6567480Z Contents: write
2022-12-27T11:41:04.6567620Z Deployments: write
2022-12-27T11:41:04.6567760Z Discussions: write
2022-12-27T11:41:04.6567900Z Issues: write
2022-12-27T11:41:04.6568020Z Metadata: read
2022-12-27T11:41:04.6568160Z Packages: write
2022-12-27T11:41:04.6568290Z Pages: write
2022-12-27T11:41:04.6568430Z PullRequests: write
2022-12-27T11:41:04.6568590Z RepositoryProjects: write
2022-12-27T11:41:04.6568750Z SecurityEvents: write
2022-12-27T11:41:04.6568890Z Statuses: write
2022-12-27T11:41:04.6569030Z ##[endgroup]
2022-12-27T11:41:04.6571450Z Secret source: Actions
2022-12-27T11:41:04.6571760Z Prepare workflow directory
2022-12-27T11:41:04.7221650Z Prepare all required actions
2022-12-27T11:41:04.7339580Z Getting action download info
2022-12-27T11:41:05.1863770Z Download action repository 'actions/setup-python@v4' (SHA:5ccb29d8773c3f3f653e1705f474dfaa8a06a912)
2022-12-27T11:41:06.9321270Z Download action repository 'actions/upload-artifact@v3' (SHA:83fd05a356d7e2593de66fc9913b3002723633cb)
2022-12-27T11:41:08.2496230Z ##[group]Run echo '{
2022-12-27T11:41:08.2496520Z [36;1mecho '{[0m
2022-12-27T11:41:08.2496640Z [36;1m  "package_name": "lxml",[0m
2022-12-27T11:41:08.2496900Z [36;1m  "package_url": "https://files.pythonhosted.org/packages/41/a7/26f3f89efcd33b2f033ff58fe3f0e535e2035d0fae481025eef51bc8ae43/lxml-4.2.2.tar.gz",[0m
2022-12-27T11:41:08.2497210Z [36;1m  "package_version": "4.2.2",[0m
2022-12-27T11:41:08.2497360Z [36;1m  "python_version": "3.10",[0m
2022-12-27T11:41:08.2497530Z [36;1m  "use_ccache": "true"[0m
2022-12-27T11:41:08.2497690Z [36;1m}'[0m
2022-12-27T11:41:08.2512880Z shell: /bin/bash -e {0}
2022-12-27T11:41:08.2513080Z ##[endgroup]
2022-12-27T11:41:08.2740660Z {
2022-12-27T11:41:08.2741930Z   "package_name": "lxml",
2022-12-27T11:41:08.2742610Z   "package_url": "https://files.pythonhosted.org/packages/41/a7/26f3f89efcd33b2f033ff58fe3f0e535e2035d0fae481025eef51bc8ae43/lxml-4.2.2.tar.gz",
2022-12-27T11:41:08.2742950Z   "package_version": "4.2.2",
2022-12-27T11:41:08.2743170Z   "python_version": "3.10",
2022-12-27T11:41:08.2743330Z   "use_ccache": "true"
2022-12-27T11:41:08.2743490Z }
2022-12-27T11:41:08.2959980Z ##[group]Run actions/setup-python@v4
2022-12-27T11:41:08.2960290Z with:
2022-12-27T11:41:08.2960440Z   python-version: 3.10
2022-12-27T11:41:08.2960640Z   check-latest: false
2022-12-27T11:41:08.2960950Z   token: ***
2022-12-27T11:41:08.2961180Z   update-environment: true
2022-12-27T11:41:08.2961330Z ##[endgroup]
2022-12-27T11:41:08.4205960Z ##[group]Installed versions
2022-12-27T11:41:08.4314000Z Successfully set up CPython (3.10.9)
2022-12-27T11:41:08.4314850Z ##[endgroup]
2022-12-27T11:41:08.4458970Z ##[group]Run if [ "true" == "true" ]
2022-12-27T11:41:08.4459260Z [36;1mif [ "true" == "true" ][0m
2022-12-27T11:41:08.4459450Z [36;1mthen[0m
2022-12-27T11:41:08.4459770Z [36;1m  echo "CCACHE_PATH_PREPEND=/usr/local/opt/ccache/libexec" >> $GITHUB_OUTPUT[0m
2022-12-27T11:41:08.4459950Z [36;1melse[0m
2022-12-27T11:41:08.4460140Z [36;1m  echo "CCACHE_PATH_PREPEND=" >> $GITHUB_OUTPUT[0m
2022-12-27T11:41:08.4460330Z [36;1mfi[0m
2022-12-27T11:41:08.4476980Z shell: /bin/bash -e {0}
2022-12-27T11:41:08.4477160Z env:
2022-12-27T11:41:08.4477380Z   pythonLocation: /Users/runner/hostedtoolcache/Python/3.10.9/x64
2022-12-27T11:41:08.4477650Z   PKG_CONFIG_PATH: /Users/runner/hostedtoolcache/Python/3.10.9/x64/lib/pkgconfig
2022-12-27T11:41:08.4477980Z   Python_ROOT_DIR: /Users/runner/hostedtoolcache/Python/3.10.9/x64
2022-12-27T11:41:08.4478240Z   Python2_ROOT_DIR: /Users/runner/hostedtoolcache/Python/3.10.9/x64
2022-12-27T11:41:08.4478530Z   Python3_ROOT_DIR: /Users/runner/hostedtoolcache/Python/3.10.9/x64
2022-12-27T11:41:08.4478990Z ##[endgroup]
2022-12-27T11:41:08.4604640Z ##[group]Run echo "BUILD_NAME=$(echo lxml_4.2.2_3.10 | tr -dc '[:alnum:]\n\r' | tr '[:upper:]' '[:lower:]')" >> $GITHUB_OUTPUT
2022-12-27T11:41:08.4605460Z [36;1mecho "BUILD_NAME=$(echo lxml_4.2.2_3.10 | tr -dc '[:alnum:]\n\r' | tr '[:upper:]' '[:lower:]')" >> $GITHUB_OUTPUT[0m
2022-12-27T11:41:08.4619250Z shell: /bin/bash -e {0}
2022-12-27T11:41:08.4619430Z env:
2022-12-27T11:41:08.4619680Z   pythonLocation: /Users/runner/hostedtoolcache/Python/3.10.9/x64
2022-12-27T11:41:08.4620060Z   PKG_CONFIG_PATH: /Users/runner/hostedtoolcache/Python/3.10.9/x64/lib/pkgconfig
2022-12-27T11:41:08.4620350Z   Python_ROOT_DIR: /Users/runner/hostedtoolcache/Python/3.10.9/x64
2022-12-27T11:41:08.4620600Z   Python2_ROOT_DIR: /Users/runner/hostedtoolcache/Python/3.10.9/x64
2022-12-27T11:41:08.4620870Z   Python3_ROOT_DIR: /Users/runner/hostedtoolcache/Python/3.10.9/x64
2022-12-27T11:41:08.4621160Z ##[endgroup]
2022-12-27T11:41:08.4788550Z ##[group]Run echo "PYTHON_NO_DOTS=$(echo 3.10 | tr -dc '[:alnum:]\n\r' | tr '[:upper:]' '[:lower:]')" >> $GITHUB_OUTPUT
2022-12-27T11:41:08.4788940Z [36;1mecho "PYTHON_NO_DOTS=$(echo 3.10 | tr -dc '[:alnum:]\n\r' | tr '[:upper:]' '[:lower:]')" >> $GITHUB_OUTPUT[0m
2022-12-27T11:41:08.4802500Z shell: /bin/bash -e {0}
2022-12-27T11:41:08.4802660Z env:
2022-12-27T11:41:08.4802860Z   pythonLocation: /Users/runner/hostedtoolcache/Python/3.10.9/x64
2022-12-27T11:41:08.4803110Z   PKG_CONFIG_PATH: /Users/runner/hostedtoolcache/Python/3.10.9/x64/lib/pkgconfig
2022-12-27T11:41:08.4803320Z   Python_ROOT_DIR: /Users/runner/hostedtoolcache/Python/3.10.9/x64
2022-12-27T11:41:08.4803600Z   Python2_ROOT_DIR: /Users/runner/hostedtoolcache/Python/3.10.9/x64
2022-12-27T11:41:08.4803830Z   Python3_ROOT_DIR: /Users/runner/hostedtoolcache/Python/3.10.9/x64
2022-12-27T11:41:08.4803990Z ##[endgroup]
2022-12-27T11:41:08.4942990Z ##[group]Run rm -rf build_lxml422310
2022-12-27T11:41:08.4943530Z [36;1mrm -rf build_lxml422310[0m
2022-12-27T11:41:08.4943790Z [36;1mmkdir build_lxml422310[0m
2022-12-27T11:41:08.4944130Z [36;1mcd build_lxml422310[0m
2022-12-27T11:41:08.4944590Z [36;1m/usr/local/bin/wget --quiet https://files.pythonhosted.org/packages/41/a7/26f3f89efcd33b2f033ff58fe3f0e535e2035d0fae481025eef51bc8ae43/lxml-4.2.2.tar.gz[0m
2022-12-27T11:41:08.4945150Z [36;1mtar xf *.tar.gz[0m
2022-12-27T11:41:08.4945380Z [36;1mcd *[0m
2022-12-27T11:41:08.4945680Z [36;1mpython -m pip install cibuildwheel==2.11.3[0m
2022-12-27T11:41:08.4946050Z [36;1mpython -m cibuildwheel --output-dir ../wheelsout[0m
2022-12-27T11:41:08.4970060Z shell: /bin/bash -e {0}
2022-12-27T11:41:08.4970290Z env:
2022-12-27T11:41:08.4970600Z   pythonLocation: /Users/runner/hostedtoolcache/Python/3.10.9/x64
2022-12-27T11:41:08.4971020Z   PKG_CONFIG_PATH: /Users/runner/hostedtoolcache/Python/3.10.9/x64/lib/pkgconfig
2022-12-27T11:41:08.4971530Z   Python_ROOT_DIR: /Users/runner/hostedtoolcache/Python/3.10.9/x64
2022-12-27T11:41:08.4971890Z   Python2_ROOT_DIR: /Users/runner/hostedtoolcache/Python/3.10.9/x64
2022-12-27T11:41:08.4972270Z   Python3_ROOT_DIR: /Users/runner/hostedtoolcache/Python/3.10.9/x64
2022-12-27T11:41:08.4972610Z   CIBW_ARCHS_MACOS: arm64
2022-12-27T11:41:08.4972890Z   CIBW_TEST_SKIP: *_arm64
2022-12-27T11:41:08.4973200Z   CIBW_BUILD: cp310-macosx_arm64
2022-12-27T11:41:08.4973500Z   CIBW_BUILD_FRONTEND: pip
2022-12-27T11:41:08.4973770Z   CIBW_BUILD_VERBOSITY: 3
2022-12-27T11:41:08.4974230Z   CIBW_ENVIRONMENT_MACOS:  CFLAGS="-I/usr/local/opt/openssl@3/include" LDFLAGS="-L/usr/local/opt/openssl@3/lib" CPPFLAGS="-I/usr/local/opt/openssl@3/include" MAKEFLAGS="-j$(sysctl -n hw.logicalcpu)" PATH=/usr/local/opt/ccache/libexec:$PATH
2022-12-27T11:41:08.4974840Z   CIBW_BEFORE_BUILD: pip install Cython; if [[ -f requirements.txt ]]; then pip install -r requirements.txt; fi
2022-12-27T11:41:08.4975320Z   MAKEFLAGS: -j$(sysctl -n hw.logicalcpu)
2022-12-27T11:41:08.4975610Z ##[endgroup]
2022-12-27T11:41:09.0395440Z Requirement already satisfied: cibuildwheel==2.11.3 in /Users/runner/hostedtoolcache/Python/3.10.9/x64/lib/python3.10/site-packages (2.11.3)
2022-12-27T11:41:09.0649180Z Requirement already satisfied: typing-extensions>=4.1.0 in /Users/runner/hostedtoolcache/Python/3.10.9/x64/lib/python3.10/site-packages (from cibuildwheel==2.11.3) (4.4.0)
2022-12-27T11:41:09.0653640Z Requirement already satisfied: bracex in /Users/runner/hostedtoolcache/Python/3.10.9/x64/lib/python3.10/site-packages (from cibuildwheel==2.11.3) (2.3.post1)
2022-12-27T11:41:09.0658180Z Requirement already satisfied: bashlex!=0.13 in /Users/runner/hostedtoolcache/Python/3.10.9/x64/lib/python3.10/site-packages (from cibuildwheel==2.11.3) (0.16)
2022-12-27T11:41:09.0662670Z Requirement already satisfied: packaging>=20.9 in /Users/runner/hostedtoolcache/Python/3.10.9/x64/lib/python3.10/site-packages (from cibuildwheel==2.11.3) (22.0)
2022-12-27T11:41:09.0666190Z Requirement already satisfied: platformdirs in /Users/runner/hostedtoolcache/Python/3.10.9/x64/lib/python3.10/site-packages (from cibuildwheel==2.11.3) (2.6.0)
2022-12-27T11:41:09.0669250Z Requirement already satisfied: certifi in /Users/runner/hostedtoolcache/Python/3.10.9/x64/lib/python3.10/site-packages (from cibuildwheel==2.11.3) (2022.12.7)
2022-12-27T11:41:09.0675000Z Requirement already satisfied: tomli in /Users/runner/hostedtoolcache/Python/3.10.9/x64/lib/python3.10/site-packages (from cibuildwheel==2.11.3) (2.0.1)
2022-12-27T11:41:09.0680400Z Requirement already satisfied: filelock in /Users/runner/hostedtoolcache/Python/3.10.9/x64/lib/python3.10/site-packages (from cibuildwheel==2.11.3) (3.8.2)
2022-12-27T11:41:09.2551180Z 
2022-12-27T11:41:09.2551520Z      _ _       _ _   _       _           _
2022-12-27T11:41:09.2552100Z  ___|_| |_ _ _|_| |_| |_ _ _| |_ ___ ___| |
2022-12-27T11:41:09.2553120Z |  _| | . | | | | | . | | | |   | -_| -_| |
2022-12-27T11:41:09.2554080Z |___|_|___|___|_|_|___|_____|_|_|___|___|_|
2022-12-27T11:41:09.2554260Z 
2022-12-27T11:41:09.2554380Z cibuildwheel version 2.11.3
2022-12-27T11:41:09.2554580Z 
2022-12-27T11:41:09.2554680Z Build options:
2022-12-27T11:41:09.2554940Z   platform: macos
2022-12-27T11:41:09.2664250Z   architectures: arm64[0m
2022-12-27T11:41:09.2664650Z   build_selector: 
2022-12-27T11:41:09.2666030Z     build_config: cp310-macosx_arm64
2022-12-27T11:41:09.2666370Z     skip_config: 
2022-12-27T11:41:09.2666740Z     requires_python: None
2022-12-27T11:41:09.2667200Z     prerelease_pythons: False[0m
2022-12-27T11:41:09.2667600Z   [38;5;244mcontainer_engine: docker[0m
2022-12-27T11:41:09.2668260Z   output_dir: /Users/runner/actions-runner/_work/python.build/python.build/build_lxml422310/wheelsout[0m
2022-12-27T11:41:09.2668820Z   package_dir: /Users/runner/actions-runner/_work/python.build/python.build/build_lxml422310/lxml-4.2.2[0m
2022-12-27T11:41:09.2669160Z   test_selector: 
2022-12-27T11:41:09.2669440Z     skip_config: *_arm64[0m
2022-12-27T11:41:09.2669800Z   [38;5;244mbefore_all: [0m
2022-12-27T11:41:09.2670280Z   before_build: pip install Cython; if [[ -f requirements.txt ]]; then pip install -r requirements.txt; fi[0m
2022-12-27T11:41:09.2670630Z   [38;5;244mbefore_test: [0m
2022-12-27T11:41:09.2670940Z   [38;5;244mbuild_frontend: pip[0m
2022-12-27T11:41:09.2671240Z   build_verbosity: 3[0m
2022-12-27T11:41:09.2671620Z   [38;5;244mconfig_settings: [0m
2022-12-27T11:41:09.2671940Z   [38;5;244mdependency_constraints: pinned[0m
2022-12-27T11:41:09.2672200Z   environment: 
2022-12-27T11:41:09.2672530Z     CFLAGS="-I/usr/local/opt/openssl@3/include"
2022-12-27T11:41:09.2672840Z     LDFLAGS="-L/usr/local/opt/openssl@3/lib"
2022-12-27T11:41:09.2673260Z     CPPFLAGS="-I/usr/local/opt/openssl@3/include"
2022-12-27T11:41:09.2673610Z     MAKEFLAGS="-j$(sysctl -n hw.logicalcpu)"
2022-12-27T11:41:09.2673930Z     PATH=/usr/local/opt/ccache/libexec:$PATH[0m
2022-12-27T11:41:09.2674300Z   [38;5;244mmanylinux_images: None[0m
2022-12-27T11:41:09.2674680Z   [38;5;244mmusllinux_images: None[0m
2022-12-27T11:41:09.2675080Z   [38;5;244mrepair_command: delocate-wheel --require-archs {delocate_archs} -w {dest_dir} -v {wheel}[0m
2022-12-27T11:41:09.2675650Z   [38;5;244mtest_command: [0m
2022-12-27T11:41:09.2675900Z   [38;5;244mtest_extras: [0m
2022-12-27T11:41:09.2676130Z   [38;5;244mtest_requires: [0m
2022-12-27T11:41:09.2676220Z 
2022-12-27T11:41:09.2676430Z Cache folder: /Users/runner/Library/Caches/cibuildwheel
2022-12-27T11:41:09.2682790Z 
2022-12-27T11:41:09.2683010Z Here we go!
2022-12-27T11:41:09.2683160Z 
2022-12-27T11:41:09.2806120Z 
2022-12-27T11:41:09.2806460Z [1m[34mBuilding cp310-macosx_arm64 wheel[0m
2022-12-27T11:41:09.2806930Z CPython 3.10 macOS arm64 - Apple Silicon
2022-12-27T11:41:09.2807090Z 
2022-12-27T11:41:09.2809520Z ##[group]Installing Python cp310...
2022-12-27T11:41:09.2809720Z 
2022-12-27T11:41:09.2809950Z + pkgutil --pkgs
2022-12-27T11:41:09.2917150Z ##[endgroup]
2022-12-27T11:41:09.2917940Z                                                               [32mâœ“ [0m0.01s
2022-12-27T11:41:09.2918360Z ##[group]Setting up build environment...
2022-12-27T11:41:09.2918500Z 
2022-12-27T11:41:09.2936870Z + /Users/runner/hostedtoolcache/Python/3.10.9/x64/bin/python -sS /Users/runner/Library/Caches/cibuildwheel/virtualenv-20.17.0.pyz --activators= --no-periodic-update --pip=22.3.1 --setuptools=65.6.3 --wheel=0.38.4 --symlink-app-data --python /Library/Frameworks/Python.framework/Versions/3.10/bin/python3 /private/var/folders/51/hd414ycd67n82196sw51xqtc0000gn/T/cibw-run-f3uecac9/cp310-macosx_arm64/build/venv
2022-12-27T11:41:09.4911500Z created virtual environment CPython3.10.8.final.0-64 in 57ms
2022-12-27T11:41:09.4912020Z   creator CPython3Posix(dest=/private/var/folders/51/hd414ycd67n82196sw51xqtc0000gn/T/cibw-run-f3uecac9/cp310-macosx_arm64/build/venv, clear=False, no_vcs_ignore=False, global=False)
2022-12-27T11:41:09.4912710Z   seeder FromAppData(download=False, pip=22.3.1, setuptools=65.6.3, wheel=0.38.4, via=symlink, app_data_dir=/Users/runner/Library/Application Support/virtualenv)
2022-12-27T11:41:09.4913080Z     added seed packages: pip==22.3.1, setuptools==65.6.3, wheel==0.38.4
2022-12-27T11:41:09.5058620Z + python -m pip install --upgrade pip -c /Users/runner/hostedtoolcache/Python/3.10.9/x64/lib/python3.10/site-packages/cibuildwheel/resources/constraints-python310.txt
2022-12-27T11:41:09.7789740Z Requirement already satisfied: pip in ./lib/python3.10/site-packages (22.3.1)
2022-12-27T11:41:09.9148190Z + which pip
2022-12-27T11:41:09.9168170Z /private/var/folders/51/hd414ycd67n82196sw51xqtc0000gn/T/cibw-run-f3uecac9/cp310-macosx_arm64/build/venv/bin/pip
2022-12-27T11:41:09.9170220Z + pip --version
2022-12-27T11:41:10.1145770Z pip 22.3.1 from /private/var/folders/51/hd414ycd67n82196sw51xqtc0000gn/T/cibw-run-f3uecac9/cp310-macosx_arm64/build/venv/lib/python3.10/site-packages/pip (python 3.10)
2022-12-27T11:41:10.1385160Z + which pip
2022-12-27T11:41:10.1412930Z + which python
2022-12-27T11:41:10.1432950Z /private/var/folders/51/hd414ycd67n82196sw51xqtc0000gn/T/cibw-run-f3uecac9/cp310-macosx_arm64/build/venv/bin/python
2022-12-27T11:41:10.1436390Z + python --version
2022-12-27T11:41:10.1491830Z Python 3.10.8
2022-12-27T11:41:10.1495270Z + which python
2022-12-27T11:41:10.1553310Z ##[endgroup]
2022-12-27T11:41:10.1553800Z                                                               [32mâœ“ [0m0.86s
2022-12-27T11:41:10.1554230Z ##[group]Installing build tools...
2022-12-27T11:41:10.1554390Z 
2022-12-27T11:41:10.1554860Z + pip install --upgrade setuptools wheel delocate -c /Users/runner/hostedtoolcache/Python/3.10.9/x64/lib/python3.10/site-packages/cibuildwheel/resources/constraints-python310.txt
2022-12-27T11:41:10.4297700Z Requirement already satisfied: setuptools in /private/var/folders/51/hd414ycd67n82196sw51xqtc0000gn/T/cibw-run-f3uecac9/cp310-macosx_arm64/build/venv/lib/python3.10/site-packages (65.6.3)
2022-12-27T11:41:10.6177530Z Requirement already satisfied: wheel in /private/var/folders/51/hd414ycd67n82196sw51xqtc0000gn/T/cibw-run-f3uecac9/cp310-macosx_arm64/build/venv/lib/python3.10/site-packages (0.38.4)
2022-12-27T11:41:10.6657590Z Collecting delocate
2022-12-27T11:41:10.6679990Z   Using cached delocate-0.10.3-py3-none-any.whl (142 kB)
2022-12-27T11:41:10.6886700Z Collecting typing-extensions
2022-12-27T11:41:10.6904040Z   Using cached typing_extensions-4.4.0-py3-none-any.whl (26 kB)
2022-12-27T11:41:10.7131820Z Collecting packaging>=20.9
2022-12-27T11:41:10.7149820Z   Using cached packaging-21.3-py3-none-any.whl (40 kB)
2022-12-27T11:41:10.7480200Z Collecting pyparsing!=3.0.5,>=2.0.2
2022-12-27T11:41:10.7499330Z   Using cached pyparsing-3.0.9-py3-none-any.whl (98 kB)
2022-12-27T11:41:10.7825730Z Installing collected packages: typing-extensions, pyparsing, packaging, delocate
2022-12-27T11:41:10.9043970Z Successfully installed delocate-0.10.3 packaging-21.3 pyparsing-3.0.9 typing-extensions-4.4.0
2022-12-27T11:41:10.9485500Z ##[endgroup]
2022-12-27T11:41:10.9486020Z                                                               [32mâœ“ [0m0.79s
2022-12-27T11:41:10.9486460Z ##[group]Running before_build...
2022-12-27T11:41:10.9486630Z 
2022-12-27T11:41:10.9492860Z + pip install Cython; if [[ -f requirements.txt ]]; then pip install -r requirements.txt; fi
2022-12-27T11:41:11.5350220Z Collecting Cython
2022-12-27T11:41:11.5393850Z   Using cached Cython-0.29.32-py2.py3-none-any.whl (986 kB)
2022-12-27T11:41:11.5820050Z Installing collected packages: Cython
2022-12-27T11:41:11.9826990Z Successfully installed Cython-0.29.32
2022-12-27T11:41:12.3067140Z Requirement already satisfied: Cython>=0.26.1 in /private/var/folders/51/hd414ycd67n82196sw51xqtc0000gn/T/cibw-run-f3uecac9/cp310-macosx_arm64/build/venv/lib/python3.10/site-packages (from -r requirements.txt (line 1)) (0.29.32)
2022-12-27T11:41:12.3665400Z ##[endgroup]
2022-12-27T11:41:12.3666230Z                                                               [32mâœ“ [0m1.42s
2022-12-27T11:41:12.3666710Z ##[group]Building wheel...
2022-12-27T11:41:12.3666860Z 
2022-12-27T11:41:12.3672280Z + python -m pip wheel /Users/runner/actions-runner/_work/python.build/python.build/build_lxml422310/lxml-4.2.2 --wheel-dir=/private/var/folders/51/hd414ycd67n82196sw51xqtc0000gn/T/cibw-run-f3uecac9/cp310-macosx_arm64/built_wheel --no-deps -vvv
2022-12-27T11:41:12.6202730Z Created temporary directory: /private/var/folders/51/hd414ycd67n82196sw51xqtc0000gn/T/pip-ephem-wheel-cache-uf8f0kal
2022-12-27T11:41:12.6207070Z Created temporary directory: /private/var/folders/51/hd414ycd67n82196sw51xqtc0000gn/T/pip-build-tracker-typ_ey6s
2022-12-27T11:41:12.6208610Z Initialized build tracking at /private/var/folders/51/hd414ycd67n82196sw51xqtc0000gn/T/pip-build-tracker-typ_ey6s
2022-12-27T11:41:12.6210000Z Created build tracker: /private/var/folders/51/hd414ycd67n82196sw51xqtc0000gn/T/pip-build-tracker-typ_ey6s
2022-12-27T11:41:12.6211470Z Entered build tracker: /private/var/folders/51/hd414ycd67n82196sw51xqtc0000gn/T/pip-build-tracker-typ_ey6s
2022-12-27T11:41:12.6214760Z Created temporary directory: /private/var/folders/51/hd414ycd67n82196sw51xqtc0000gn/T/pip-wheel-xd_9jaev
2022-12-27T11:41:12.6220630Z Created temporary directory: /private/var/folders/51/hd414ycd67n82196sw51xqtc0000gn/T/pip-ephem-wheel-cache-fr2hzkxq
2022-12-27T11:41:12.6392910Z Processing /Users/runner/actions-runner/_work/python.build/python.build/build_lxml422310/lxml-4.2.2
2022-12-27T11:41:12.6397980Z   Added file:///Users/runner/actions-runner/_work/python.build/python.build/build_lxml422310/lxml-4.2.2 to build tracker '/private/var/folders/51/hd414ycd67n82196sw51xqtc0000gn/T/pip-build-tracker-typ_ey6s'
2022-12-27T11:41:12.6402050Z   Running setup.py (path:/Users/runner/actions-runner/_work/python.build/python.build/build_lxml422310/lxml-4.2.2/setup.py) egg_info for package from file:///Users/runner/actions-runner/_work/python.build/python.build/build_lxml422310/lxml-4.2.2
2022-12-27T11:41:12.6404790Z   Created temporary directory: /private/var/folders/51/hd414ycd67n82196sw51xqtc0000gn/T/pip-pip-egg-info-ibn74j1h
2022-12-27T11:41:12.6406170Z   Preparing metadata (setup.py): started
2022-12-27T11:41:12.6407960Z   Running command python setup.py egg_info
2022-12-27T11:41:12.9341580Z   Building lxml version 4.2.2.
2022-12-27T11:41:12.9342580Z   Building without Cython.
2022-12-27T11:41:12.9344350Z   Using build configuration of libxslt 1.1.29
2022-12-27T11:41:12.9346320Z   Building against libxml2/libxslt in the following directory: /Library/Developer/CommandLineTools/SDKs/MacOSX12.1.sdk/usr/lib
2022-12-27T11:41:12.9347160Z   running egg_info
2022-12-27T11:41:12.9349700Z   creating /private/var/folders/51/hd414ycd67n82196sw51xqtc0000gn/T/pip-pip-egg-info-ibn74j1h/lxml.egg-info
2022-12-27T11:41:12.9350520Z   writing /private/var/folders/51/hd414ycd67n82196sw51xqtc0000gn/T/pip-pip-egg-info-ibn74j1h/lxml.egg-info/PKG-INFO
2022-12-27T11:41:12.9352000Z   writing dependency_links to /private/var/folders/51/hd414ycd67n82196sw51xqtc0000gn/T/pip-pip-egg-info-ibn74j1h/lxml.egg-info/dependency_links.txt
2022-12-27T11:41:12.9353660Z   writing requirements to /private/var/folders/51/hd414ycd67n82196sw51xqtc0000gn/T/pip-pip-egg-info-ibn74j1h/lxml.egg-info/requires.txt
2022-12-27T11:41:12.9354780Z   writing top-level names to /private/var/folders/51/hd414ycd67n82196sw51xqtc0000gn/T/pip-pip-egg-info-ibn74j1h/lxml.egg-info/top_level.txt
2022-12-27T11:41:12.9356160Z   writing manifest file '/private/var/folders/51/hd414ycd67n82196sw51xqtc0000gn/T/pip-pip-egg-info-ibn74j1h/lxml.egg-info/SOURCES.txt'
2022-12-27T11:41:12.9442720Z   reading manifest file '/private/var/folders/51/hd414ycd67n82196sw51xqtc0000gn/T/pip-pip-egg-info-ibn74j1h/lxml.egg-info/SOURCES.txt'
2022-12-27T11:41:12.9445750Z   reading manifest template 'MANIFEST.in'
2022-12-27T11:41:13.0413220Z   adding license file 'LICENSES.txt'
2022-12-27T11:41:13.0476990Z   writing manifest file '/private/var/folders/51/hd414ycd67n82196sw51xqtc0000gn/T/pip-pip-egg-info-ibn74j1h/lxml.egg-info/SOURCES.txt'
2022-12-27T11:41:13.0723830Z   Preparing metadata (setup.py): finished with status 'done'
2022-12-27T11:41:13.0747010Z   Source in /Users/runner/actions-runner/_work/python.build/python.build/build_lxml422310/lxml-4.2.2 has version 4.2.2, which satisfies requirement lxml==4.2.2 from file:///Users/runner/actions-runner/_work/python.build/python.build/build_lxml422310/lxml-4.2.2
2022-12-27T11:41:13.0750090Z   Removed lxml==4.2.2 from file:///Users/runner/actions-runner/_work/python.build/python.build/build_lxml422310/lxml-4.2.2 from build tracker '/private/var/folders/51/hd414ycd67n82196sw51xqtc0000gn/T/pip-build-tracker-typ_ey6s'
2022-12-27T11:41:13.0766500Z Created temporary directory: /private/var/folders/51/hd414ycd67n82196sw51xqtc0000gn/T/pip-unpack-q167t4pk
2022-12-27T11:41:13.0768910Z Building wheels for collected packages: lxml
2022-12-27T11:41:13.0775670Z   Created temporary directory: /private/var/folders/51/hd414ycd67n82196sw51xqtc0000gn/T/pip-wheel-9ktcgntp
2022-12-27T11:41:13.0777480Z   Building wheel for lxml (setup.py): started
2022-12-27T11:41:13.0779180Z   Destination directory: /private/var/folders/51/hd414ycd67n82196sw51xqtc0000gn/T/pip-wheel-9ktcgntp
2022-12-27T11:41:13.0780380Z   Running command python setup.py bdist_wheel
2022-12-27T11:41:13.2250320Z   Building lxml version 4.2.2.
2022-12-27T11:41:13.2251820Z   Building without Cython.
2022-12-27T11:41:13.2388060Z   Using build configuration of libxslt 1.1.29
2022-12-27T11:41:13.3465890Z   Building against libxml2/libxslt in the following directory: /Library/Developer/CommandLineTools/SDKs/MacOSX12.1.sdk/usr/lib
2022-12-27T11:41:13.3713560Z   running bdist_wheel
2022-12-27T11:41:13.3753450Z   running build
2022-12-27T11:41:13.3755390Z   running build_py
2022-12-27T11:41:13.3774100Z   creating build
2022-12-27T11:41:13.3776550Z   creating build/lib.macosx-11.0-arm64-cpython-310
2022-12-27T11:41:13.3777850Z   creating build/lib.macosx-11.0-arm64-cpython-310/lxml
2022-12-27T11:41:13.3780010Z   copying src/lxml/_elementpath.py -> build/lib.macosx-11.0-arm64-cpython-310/lxml
2022-12-27T11:41:13.3781540Z   copying src/lxml/sax.py -> build/lib.macosx-11.0-arm64-cpython-310/lxml
2022-12-27T11:41:13.3785330Z   copying src/lxml/pyclasslookup.py -> build/lib.macosx-11.0-arm64-cpython-310/lxml
2022-12-27T11:41:13.3787000Z   copying src/lxml/__init__.py -> build/lib.macosx-11.0-arm64-cpython-310/lxml
2022-12-27T11:41:13.3788630Z   copying src/lxml/builder.py -> build/lib.macosx-11.0-arm64-cpython-310/lxml
2022-12-27T11:41:13.3791780Z   copying src/lxml/doctestcompare.py -> build/lib.macosx-11.0-arm64-cpython-310/lxml
2022-12-27T11:41:13.3794590Z   copying src/lxml/usedoctest.py -> build/lib.macosx-11.0-arm64-cpython-310/lxml
2022-12-27T11:41:13.3796700Z   copying src/lxml/cssselect.py -> build/lib.macosx-11.0-arm64-cpython-310/lxml
2022-12-27T11:41:13.3799500Z   copying src/lxml/ElementInclude.py -> build/lib.macosx-11.0-arm64-cpython-310/lxml
2022-12-27T11:41:13.3803440Z   creating build/lib.macosx-11.0-arm64-cpython-310/lxml/includes
2022-12-27T11:41:13.3804960Z   copying src/lxml/includes/__init__.py -> build/lib.macosx-11.0-arm64-cpython-310/lxml/includes
2022-12-27T11:41:13.3811120Z   creating build/lib.macosx-11.0-arm64-cpython-310/lxml/html
2022-12-27T11:41:13.3812750Z   copying src/lxml/html/soupparser.py -> build/lib.macosx-11.0-arm64-cpython-310/lxml/html
2022-12-27T11:41:13.3815860Z   copying src/lxml/html/defs.py -> build/lib.macosx-11.0-arm64-cpython-310/lxml/html
2022-12-27T11:41:13.3817840Z   copying src/lxml/html/_setmixin.py -> build/lib.macosx-11.0-arm64-cpython-310/lxml/html
2022-12-27T11:41:13.3820100Z   copying src/lxml/html/clean.py -> build/lib.macosx-11.0-arm64-cpython-310/lxml/html
2022-12-27T11:41:13.3822890Z   copying src/lxml/html/_diffcommand.py -> build/lib.macosx-11.0-arm64-cpython-310/lxml/html
2022-12-27T11:41:13.3825110Z   copying src/lxml/html/html5parser.py -> build/lib.macosx-11.0-arm64-cpython-310/lxml/html
2022-12-27T11:41:13.3828110Z   copying src/lxml/html/__init__.py -> build/lib.macosx-11.0-arm64-cpython-310/lxml/html
2022-12-27T11:41:13.3830500Z   copying src/lxml/html/formfill.py -> build/lib.macosx-11.0-arm64-cpython-310/lxml/html
2022-12-27T11:41:13.3833170Z   copying src/lxml/html/builder.py -> build/lib.macosx-11.0-arm64-cpython-310/lxml/html
2022-12-27T11:41:13.3835670Z   copying src/lxml/html/ElementSoup.py -> build/lib.macosx-11.0-arm64-cpython-310/lxml/html
2022-12-27T11:41:13.3838060Z   copying src/lxml/html/_html5builder.py -> build/lib.macosx-11.0-arm64-cpython-310/lxml/html
2022-12-27T11:41:13.3840030Z   copying src/lxml/html/usedoctest.py -> build/lib.macosx-11.0-arm64-cpython-310/lxml/html
2022-12-27T11:41:13.3843020Z   copying src/lxml/html/diff.py -> build/lib.macosx-11.0-arm64-cpython-310/lxml/html
2022-12-27T11:41:13.3846980Z   creating build/lib.macosx-11.0-arm64-cpython-310/lxml/isoschematron
2022-12-27T11:41:13.3848490Z   copying src/lxml/isoschematron/__init__.py -> build/lib.macosx-11.0-arm64-cpython-310/lxml/isoschematron
2022-12-27T11:41:13.3873580Z   copying src/lxml/etree.h -> build/lib.macosx-11.0-arm64-cpython-310/lxml
2022-12-27T11:41:13.3877080Z   copying src/lxml/etree_api.h -> build/lib.macosx-11.0-arm64-cpython-310/lxml
2022-12-27T11:41:13.3880820Z   copying src/lxml/lxml.etree.h -> build/lib.macosx-11.0-arm64-cpython-310/lxml
2022-12-27T11:41:13.3882950Z   copying src/lxml/lxml.etree_api.h -> build/lib.macosx-11.0-arm64-cpython-310/lxml
2022-12-27T11:41:13.3886380Z   copying src/lxml/includes/xmlerror.pxd -> build/lib.macosx-11.0-arm64-cpython-310/lxml/includes
2022-12-27T11:41:13.3888750Z   copying src/lxml/includes/c14n.pxd -> build/lib.macosx-11.0-arm64-cpython-310/lxml/includes
2022-12-27T11:41:13.3892040Z   copying src/lxml/includes/xmlschema.pxd -> build/lib.macosx-11.0-arm64-cpython-310/lxml/includes
2022-12-27T11:41:13.3894770Z   copying src/lxml/includes/__init__.pxd -> build/lib.macosx-11.0-arm64-cpython-310/lxml/includes
2022-12-27T11:41:13.3896200Z   copying src/lxml/includes/schematron.pxd -> build/lib.macosx-11.0-arm64-cpython-310/lxml/includes
2022-12-27T11:41:13.3899260Z   copying src/lxml/includes/tree.pxd -> build/lib.macosx-11.0-arm64-cpython-310/lxml/includes
2022-12-27T11:41:13.3902000Z   copying src/lxml/includes/uri.pxd -> build/lib.macosx-11.0-arm64-cpython-310/lxml/includes
2022-12-27T11:41:13.3904710Z   copying src/lxml/includes/etreepublic.pxd -> build/lib.macosx-11.0-arm64-cpython-310/lxml/includes
2022-12-27T11:41:13.3907870Z   copying src/lxml/includes/xpath.pxd -> build/lib.macosx-11.0-arm64-cpython-310/lxml/includes
2022-12-27T11:41:13.3910430Z   copying src/lxml/includes/htmlparser.pxd -> build/lib.macosx-11.0-arm64-cpython-310/lxml/includes
2022-12-27T11:41:13.3913310Z   copying src/lxml/includes/xslt.pxd -> build/lib.macosx-11.0-arm64-cpython-310/lxml/includes
2022-12-27T11:41:13.3916070Z   copying src/lxml/includes/config.pxd -> build/lib.macosx-11.0-arm64-cpython-310/lxml/includes
2022-12-27T11:41:13.3918560Z   copying src/lxml/includes/xmlparser.pxd -> build/lib.macosx-11.0-arm64-cpython-310/lxml/includes
2022-12-27T11:41:13.3920870Z   copying src/lxml/includes/xinclude.pxd -> build/lib.macosx-11.0-arm64-cpython-310/lxml/includes
2022-12-27T11:41:13.3923850Z   copying src/lxml/includes/dtdvalid.pxd -> build/lib.macosx-11.0-arm64-cpython-310/lxml/includes
2022-12-27T11:41:13.3926370Z   copying src/lxml/includes/relaxng.pxd -> build/lib.macosx-11.0-arm64-cpython-310/lxml/includes
2022-12-27T11:41:13.3929730Z   copying src/lxml/includes/lxml-version.h -> build/lib.macosx-11.0-arm64-cpython-310/lxml/includes
2022-12-27T11:41:13.3932010Z   copying src/lxml/includes/etree_defs.h -> build/lib.macosx-11.0-arm64-cpython-310/lxml/includes
2022-12-27T11:41:13.3935230Z   creating build/lib.macosx-11.0-arm64-cpython-310/lxml/isoschematron/resources
2022-12-27T11:41:13.3937140Z   creating build/lib.macosx-11.0-arm64-cpython-310/lxml/isoschematron/resources/rng
2022-12-27T11:41:13.3939070Z   copying src/lxml/isoschematron/resources/rng/iso-schematron.rng -> build/lib.macosx-11.0-arm64-cpython-310/lxml/isoschematron/resources/rng
2022-12-27T11:41:13.3940850Z   creating build/lib.macosx-11.0-arm64-cpython-310/lxml/isoschematron/resources/xsl
2022-12-27T11:41:13.3942960Z   copying src/lxml/isoschematron/resources/xsl/XSD2Schtrn.xsl -> build/lib.macosx-11.0-arm64-cpython-310/lxml/isoschematron/resources/xsl
2022-12-27T11:41:13.3944680Z   copying src/lxml/isoschematron/resources/xsl/RNG2Schtrn.xsl -> build/lib.macosx-11.0-arm64-cpython-310/lxml/isoschematron/resources/xsl
2022-12-27T11:41:13.3947390Z   creating build/lib.macosx-11.0-arm64-cpython-310/lxml/isoschematron/resources/xsl/iso-schematron-xslt1
2022-12-27T11:41:13.3949700Z   copying src/lxml/isoschematron/resources/xsl/iso-schematron-xslt1/iso_abstract_expand.xsl -> build/lib.macosx-11.0-arm64-cpython-310/lxml/isoschematron/resources/xsl/iso-schematron-xslt1
2022-12-27T11:41:13.3951600Z   copying src/lxml/isoschematron/resources/xsl/iso-schematron-xslt1/iso_dsdl_include.xsl -> build/lib.macosx-11.0-arm64-cpython-310/lxml/isoschematron/resources/xsl/iso-schematron-xslt1
2022-12-27T11:41:13.3954810Z   copying src/lxml/isoschematron/resources/xsl/iso-schematron-xslt1/iso_schematron_skeleton_for_xslt1.xsl -> build/lib.macosx-11.0-arm64-cpython-310/lxml/isoschematron/resources/xsl/iso-schematron-xslt1
2022-12-27T11:41:13.3959120Z   copying src/lxml/isoschematron/resources/xsl/iso-schematron-xslt1/iso_svrl_for_xslt1.xsl -> build/lib.macosx-11.0-arm64-cpython-310/lxml/isoschematron/resources/xsl/iso-schematron-xslt1
2022-12-27T11:41:13.3961930Z   copying src/lxml/isoschematron/resources/xsl/iso-schematron-xslt1/iso_schematron_message.xsl -> build/lib.macosx-11.0-arm64-cpython-310/lxml/isoschematron/resources/xsl/iso-schematron-xslt1
2022-12-27T11:41:13.3964360Z   copying src/lxml/isoschematron/resources/xsl/iso-schematron-xslt1/readme.txt -> build/lib.macosx-11.0-arm64-cpython-310/lxml/isoschematron/resources/xsl/iso-schematron-xslt1
2022-12-27T11:41:13.3976470Z   running build_ext
2022-12-27T11:41:13.4042650Z   building 'lxml.etree' extension
2022-12-27T11:41:13.4043020Z   creating build/temp.macosx-11.0-arm64-cpython-310
2022-12-27T11:41:13.4043490Z   creating build/temp.macosx-11.0-arm64-cpython-310/src
2022-12-27T11:41:13.4043860Z   creating build/temp.macosx-11.0-arm64-cpython-310/src/lxml
2022-12-27T11:41:13.4044980Z   clang -Wno-unused-result -Wsign-compare -Wunreachable-code -fno-common -dynamic -DNDEBUG -g -fwrapv -O3 -Wall -g -I/usr/local/opt/openssl@3/include -I/usr/local/opt/openssl@3/include -arch arm64 -DCYTHON_CLINE_IN_TRACEBACK=0 -I/Library/Developer/CommandLineTools/SDKs/MacOSX12.1.sdk/usr/include -Isrc -Isrc/lxml/includes -I/private/var/folders/51/hd414ycd67n82196sw51xqtc0000gn/T/cibw-run-f3uecac9/cp310-macosx_arm64/build/venv/include -I/Library/Frameworks/Python.framework/Versions/3.10/include/python3.10 -c src/lxml/etree.c -o build/temp.macosx-11.0-arm64-cpython-310/src/lxml/etree.o -w -flat_namespace
2022-12-27T11:41:13.5003440Z   src/lxml/etree.c:5432:15: error: no member named 'use_tracing' in 'struct _ts'
2022-12-27T11:41:13.5004730Z         tstate->use_tracing = 0;
2022-12-27T11:41:13.5005880Z         ~~~~~~  ^
2022-12-27T11:41:13.5007740Z   src/lxml/etree.c:5438:15: error: no member named 'use_tracing' in 'struct _ts'
2022-12-27T11:41:13.5008610Z         tstate->use_tracing = 1;
2022-12-27T11:41:13.5009640Z         ~~~~~~  ^
2022-12-27T11:41:13.5152600Z   src/lxml/etree.c:11426:3: error: no member named 'use_tracing' in 'struct _ts'
2022-12-27T11:41:13.5154170Z     __Pyx_TraceCall("__getitem__", __pyx_f[0], 97, 0, __PYX_ERR(0, 97, __pyx_L1_error));
2022-12-27T11:41:13.5155720Z     ^~~~~~~~~~~~~~~~~~~~~~~~~~~~~~~~~~~~~~~~~~~~~~~~~~~~~~~~~~~~~~~~~~~~~~~~~~~~~~~~~~~
2022-12-27T11:41:13.5157310Z   src/lxml/etree.c:5383:32: note: expanded from macro '__Pyx_TraceCall'
2022-12-27T11:41:13.5158710Z             if (unlikely(tstate->use_tracing) && !tstate->tracing &&\
2022-12-27T11:41:13.5159560Z                          ~~~~~~  ^
2022-12-27T11:41:13.5161170Z   src/lxml/etree.c:887:43: note: expanded from macro 'unlikely'
2022-12-27T11:41:13.5162220Z     #define unlikely(x) __builtin_expect(!!(x), 0)
2022-12-27T11:41:13.5163480Z                                             ^
2022-12-27T11:41:13.5165230Z   src/lxml/etree.c:11426:3: error: no member named 'use_tracing' in 'struct _ts'
2022-12-27T11:41:13.5166060Z     __Pyx_TraceCall("__getitem__", __pyx_f[0], 97, 0, __PYX_ERR(0, 97, __pyx_L1_error));
2022-12-27T11:41:13.5167220Z     ^~~~~~~~~~~~~~~~~~~~~~~~~~~~~~~~~~~~~~~~~~~~~~~~~~~~~~~~~~~~~~~~~~~~~~~~~~~~~~~~~~~
2022-12-27T11:41:13.5168630Z   src/lxml/etree.c:5392:28: note: expanded from macro '__Pyx_TraceCall'
2022-12-27T11:41:13.5169790Z         if (unlikely(tstate->use_tracing) && !tstate->tracing &&\
2022-12-27T11:41:13.5170880Z                      ~~~~~~  ^
2022-12-27T11:41:13.5172290Z   src/lxml/etree.c:887:43: note: expanded from macro 'unlikely'
2022-12-27T11:41:13.5173510Z     #define unlikely(x) __builtin_expect(!!(x), 0)
2022-12-27T11:41:13.5174700Z                                             ^
2022-12-27T11:41:13.5176050Z   src/lxml/etree.c:11452:3: error: no member named 'use_tracing' in 'struct _ts'
2022-12-27T11:41:13.5177280Z     __Pyx_TraceReturn(__pyx_r, 0);
2022-12-27T11:41:13.5178410Z     ^~~~~~~~~~~~~~~~~~~~~~~~~~~~~
2022-12-27T11:41:13.5179790Z   src/lxml/etree.c:5450:27: note: expanded from macro '__Pyx_TraceReturn'
2022-12-27T11:41:13.5180970Z                 if (tstate->use_tracing) {\
2022-12-27T11:41:13.5182020Z                     ~~~~~~  ^
2022-12-27T11:41:13.5183450Z   src/lxml/etree.c:11452:3: error: no member named 'use_tracing' in 'struct _ts'
2022-12-27T11:41:13.5184490Z     __Pyx_TraceReturn(__pyx_r, 0);
2022-12-27T11:41:13.5185620Z     ^~~~~~~~~~~~~~~~~~~~~~~~~~~~~
2022-12-27T11:41:13.5187070Z   src/lxml/etree.c:5457:23: note: expanded from macro '__Pyx_TraceReturn'
2022-12-27T11:41:13.5188070Z             if (tstate->use_tracing) {\
2022-12-27T11:41:13.5189280Z                 ~~~~~~  ^
2022-12-27T11:41:13.5190660Z   src/lxml/etree.c:11544:3: error: no member named 'use_tracing' in 'struct _ts'
2022-12-27T11:41:13.5191820Z     __Pyx_TraceCall("__setitem__", __pyx_f[0], 100, 0, __PYX_ERR(0, 100, __pyx_L1_error));
2022-12-27T11:41:13.5193010Z     ^~~~~~~~~~~~~~~~~~~~~~~~~~~~~~~~~~~~~~~~~~~~~~~~~~~~~~~~~~~~~~~~~~~~~~~~~~~~~~~~~~~~~
2022-12-27T11:41:13.5194340Z   src/lxml/etree.c:5383:32: note: expanded from macro '__Pyx_TraceCall'
2022-12-27T11:41:13.5195580Z             if (unlikely(tstate->use_tracing) && !tstate->tracing &&\
2022-12-27T11:41:13.5196710Z                          ~~~~~~  ^
2022-12-27T11:41:13.5198080Z   src/lxml/etree.c:887:43: note: expanded from macro 'unlikely'
2022-12-27T11:41:13.5199210Z     #define unlikely(x) __builtin_expect(!!(x), 0)
2022-12-27T11:41:13.5200340Z                                             ^
2022-12-27T11:41:13.5201690Z   src/lxml/etree.c:11544:3: error: no member named 'use_tracing' in 'struct _ts'
2022-12-27T11:41:13.5202840Z     __Pyx_TraceCall("__setitem__", __pyx_f[0], 100, 0, __PYX_ERR(0, 100, __pyx_L1_error));
2022-12-27T11:41:13.5204070Z     ^~~~~~~~~~~~~~~~~~~~~~~~~~~~~~~~~~~~~~~~~~~~~~~~~~~~~~~~~~~~~~~~~~~~~~~~~~~~~~~~~~~~~
2022-12-27T11:41:13.5205340Z   src/lxml/etree.c:5392:28: note: expanded from macro '__Pyx_TraceCall'
2022-12-27T11:41:13.5206540Z         if (unlikely(tstate->use_tracing) && !tstate->tracing &&\
2022-12-27T11:41:13.5207580Z                      ~~~~~~  ^
2022-12-27T11:41:13.5208940Z   src/lxml/etree.c:887:43: note: expanded from macro 'unlikely'
2022-12-27T11:41:13.5210050Z     #define unlikely(x) __builtin_expect(!!(x), 0)
2022-12-27T11:41:13.5211200Z                                             ^
2022-12-27T11:41:13.5212590Z   src/lxml/etree.c:11570:3: error: no member named 'use_tracing' in 'struct _ts'
2022-12-27T11:41:13.5213710Z     __Pyx_TraceReturn(__pyx_r, 0);
2022-12-27T11:41:13.5214830Z     ^~~~~~~~~~~~~~~~~~~~~~~~~~~~~
2022-12-27T11:41:13.5216180Z   src/lxml/etree.c:5450:27: note: expanded from macro '__Pyx_TraceReturn'
2022-12-27T11:41:13.5217380Z                 if (tstate->use_tracing) {\
2022-12-27T11:41:13.5218460Z                     ~~~~~~  ^
2022-12-27T11:41:13.5219800Z   src/lxml/etree.c:11570:3: error: no member named 'use_tracing' in 'struct _ts'
2022-12-27T11:41:13.5220790Z     __Pyx_TraceReturn(__pyx_r, 0);
2022-12-27T11:41:13.5222190Z     ^~~~~~~~~~~~~~~~~~~~~~~~~~~~~
2022-12-27T11:41:13.5223450Z   src/lxml/etree.c:5457:23: note: expanded from macro '__Pyx_TraceReturn'
2022-12-27T11:41:13.5224530Z             if (tstate->use_tracing) {\
2022-12-27T11:41:13.5225660Z                 ~~~~~~  ^
2022-12-27T11:41:13.5227010Z   src/lxml/etree.c:11651:3: error: no member named 'use_tracing' in 'struct _ts'
2022-12-27T11:41:13.5228270Z     __Pyx_TraceCall("__delitem__", __pyx_f[0], 103, 0, __PYX_ERR(0, 103, __pyx_L1_error));
2022-12-27T11:41:13.5229380Z     ^~~~~~~~~~~~~~~~~~~~~~~~~~~~~~~~~~~~~~~~~~~~~~~~~~~~~~~~~~~~~~~~~~~~~~~~~~~~~~~~~~~~~
2022-12-27T11:41:13.5230750Z   src/lxml/etree.c:5383:32: note: expanded from macro '__Pyx_TraceCall'
2022-12-27T11:41:13.5231930Z             if (unlikely(tstate->use_tracing) && !tstate->tracing &&\
2022-12-27T11:41:13.5233050Z                          ~~~~~~  ^
2022-12-27T11:41:13.5234360Z   src/lxml/etree.c:887:43: note: expanded from macro 'unlikely'
2022-12-27T11:41:13.5235520Z     #define unlikely(x) __builtin_expect(!!(x), 0)
2022-12-27T11:41:13.5236710Z                                             ^
2022-12-27T11:41:13.5238210Z   src/lxml/etree.c:11651:3: error: no member named 'use_tracing' in 'struct _ts'
2022-12-27T11:41:13.5239380Z     __Pyx_TraceCall("__delitem__", __pyx_f[0], 103, 0, __PYX_ERR(0, 103, __pyx_L1_error));
2022-12-27T11:41:13.5240610Z     ^~~~~~~~~~~~~~~~~~~~~~~~~~~~~~~~~~~~~~~~~~~~~~~~~~~~~~~~~~~~~~~~~~~~~~~~~~~~~~~~~~~~~
2022-12-27T11:41:13.5241910Z   src/lxml/etree.c:5392:28: note: expanded from macro '__Pyx_TraceCall'
2022-12-27T11:41:13.5243150Z         if (unlikely(tstate->use_tracing) && !tstate->tracing &&\
2022-12-27T11:41:13.5244230Z                      ~~~~~~  ^
2022-12-27T11:41:13.5245590Z   src/lxml/etree.c:887:43: note: expanded from macro 'unlikely'
2022-12-27T11:41:13.5246730Z     #define unlikely(x) __builtin_expect(!!(x), 0)
2022-12-27T11:41:13.5247910Z                                             ^
2022-12-27T11:41:13.5249200Z   src/lxml/etree.c:11677:3: error: no member named 'use_tracing' in 'struct _ts'
2022-12-27T11:41:13.5250460Z     __Pyx_TraceReturn(__pyx_r, 0);
2022-12-27T11:41:13.5251630Z     ^~~~~~~~~~~~~~~~~~~~~~~~~~~~~
2022-12-27T11:41:13.5253100Z   src/lxml/etree.c:5450:27: note: expanded from macro '__Pyx_TraceReturn'
2022-12-27T11:41:13.5254300Z                 if (tstate->use_tracing) {\
2022-12-27T11:41:13.5255440Z                     ~~~~~~  ^
2022-12-27T11:41:13.5256850Z   src/lxml/etree.c:11677:3: error: no member named 'use_tracing' in 'struct _ts'
2022-12-27T11:41:13.5257970Z     __Pyx_TraceReturn(__pyx_r, 0);
2022-12-27T11:41:13.5259130Z     ^~~~~~~~~~~~~~~~~~~~~~~~~~~~~
2022-12-27T11:41:13.5260470Z   src/lxml/etree.c:5457:23: note: expanded from macro '__Pyx_TraceReturn'
2022-12-27T11:41:13.5261650Z             if (tstate->use_tracing) {\
2022-12-27T11:41:13.5262770Z                 ~~~~~~  ^
2022-12-27T11:41:13.5264070Z   src/lxml/etree.c:11758:3: error: no member named 'use_tracing' in 'struct _ts'
2022-12-27T11:41:13.5265350Z     __Pyx_TraceCall("__contains__", __pyx_f[0], 106, 0, __PYX_ERR(0, 106, __pyx_L1_error));
2022-12-27T11:41:13.5266520Z     ^~~~~~~~~~~~~~~~~~~~~~~~~~~~~~~~~~~~~~~~~~~~~~~~~~~~~~~~~~~~~~~~~~~~~~~~~~~~~~~~~~~~~~
2022-12-27T11:41:13.5267850Z   src/lxml/etree.c:5383:32: note: expanded from macro '__Pyx_TraceCall'
2022-12-27T11:41:13.5269060Z             if (unlikely(tstate->use_tracing) && !tstate->tracing &&\
2022-12-27T11:41:13.5270160Z                          ~~~~~~  ^
2022-12-27T11:41:13.5271460Z   src/lxml/etree.c:887:43: note: expanded from macro 'unlikely'
2022-12-27T11:41:13.5272570Z     #define unlikely(x) __builtin_expect(!!(x), 0)
2022-12-27T11:41:13.5273820Z                                             ^
2022-12-27T11:41:13.5275110Z   src/lxml/etree.c:11758:3: error: no member named 'use_tracing' in 'struct _ts'
2022-12-27T11:41:13.5276330Z     __Pyx_TraceCall("__contains__", __pyx_f[0], 106, 0, __PYX_ERR(0, 106, __pyx_L1_error));
2022-12-27T11:41:13.5277640Z     ^~~~~~~~~~~~~~~~~~~~~~~~~~~~~~~~~~~~~~~~~~~~~~~~~~~~~~~~~~~~~~~~~~~~~~~~~~~~~~~~~~~~~~
2022-12-27T11:41:13.5278880Z   src/lxml/etree.c:5392:28: note: expanded from macro '__Pyx_TraceCall'
2022-12-27T11:41:13.5280040Z         if (unlikely(tstate->use_tracing) && !tstate->tracing &&\
2022-12-27T11:41:13.5281140Z                      ~~~~~~  ^
2022-12-27T11:41:13.5282400Z   src/lxml/etree.c:887:43: note: expanded from macro 'unlikely'
2022-12-27T11:41:13.5283570Z     #define unlikely(x) __builtin_expect(!!(x), 0)
2022-12-27T11:41:13.5284750Z                                             ^
2022-12-27T11:41:13.5286110Z   src/lxml/etree.c:11787:3: error: no member named 'use_tracing' in 'struct _ts'
2022-12-27T11:41:13.5287170Z     __Pyx_TraceReturn(__pyx_r, 0);
2022-12-27T11:41:13.5288390Z     ^~~~~~~~~~~~~~~~~~~~~~~~~~~~~
2022-12-27T11:41:13.5289700Z   src/lxml/etree.c:5450:27: note: expanded from macro '__Pyx_TraceReturn'
2022-12-27T11:41:13.5290900Z                 if (tstate->use_tracing) {\
2022-12-27T11:41:13.5292020Z                     ~~~~~~  ^
2022-12-27T11:41:13.5293350Z   src/lxml/etree.c:11787:3: error: no member named 'use_tracing' in 'struct _ts'
2022-12-27T11:41:13.5294450Z     __Pyx_TraceReturn(__pyx_r, 0);
2022-12-27T11:41:13.5295610Z     ^~~~~~~~~~~~~~~~~~~~~~~~~~~~~
2022-12-27T11:41:13.5297030Z   src/lxml/etree.c:5457:23: note: expanded from macro '__Pyx_TraceReturn'
2022-12-27T11:41:13.5298180Z             if (tstate->use_tracing) {\
2022-12-27T11:41:13.5299300Z                 ~~~~~~  ^
2022-12-27T11:41:13.5300640Z   src/lxml/etree.c:11820:3: error: no member named 'use_tracing' in 'struct _ts'
2022-12-27T11:41:13.5301800Z     __Pyx_TraceCall("__len__", __pyx_f[0], 109, 0, __PYX_ERR(0, 109, __pyx_L1_error));
2022-12-27T11:41:13.5302950Z     ^~~~~~~~~~~~~~~~~~~~~~~~~~~~~~~~~~~~~~~~~~~~~~~~~~~~~~~~~~~~~~~~~~~~~~~~~~~~~~~~~
2022-12-27T11:41:13.5304310Z   src/lxml/etree.c:5383:32: note: expanded from macro '__Pyx_TraceCall'
2022-12-27T11:41:13.5305510Z             if (unlikely(tstate->use_tracing) && !tstate->tracing &&\
2022-12-27T11:41:13.5306610Z                          ~~~~~~  ^
2022-12-27T11:41:13.5307870Z   src/lxml/etree.c:887:43: note: expanded from macro 'unlikely'
2022-12-27T11:41:13.5309120Z     #define unlikely(x) __builtin_expect(!!(x), 0)
2022-12-27T11:41:13.5310130Z                                             ^
2022-12-27T11:41:13.5311550Z   fatal error: too many errors emitted, stopping now [-ferror-limit=]
2022-12-27T11:41:14.7390300Z   20 errors generated.
2022-12-27T11:41:14.7448200Z   Compile failed: command '/usr/bin/clang' failed with exit code 1
2022-12-27T11:41:14.8313770Z   creating var
2022-12-27T11:41:14.8315060Z   creating var/folders
2022-12-27T11:41:14.8316870Z   creating var/folders/51
2022-12-27T11:41:14.8318730Z   creating var/folders/51/hd414ycd67n82196sw51xqtc0000gn
2022-12-27T11:41:14.8320460Z   creating var/folders/51/hd414ycd67n82196sw51xqtc0000gn/T
2022-12-27T11:41:14.8323010Z   cc -arch arm64 -I/Library/Developer/CommandLineTools/SDKs/MacOSX12.1.sdk/usr/include -I/usr/include/libxml2 -c /var/folders/51/hd414ycd67n82196sw51xqtc0000gn/T/xmlXPathInit2j6814dl.c -o var/folders/51/hd414ycd67n82196sw51xqtc0000gn/T/xmlXPathInit2j6814dl.o
2022-12-27T11:41:14.8747680Z   cc -arch arm64 var/folders/51/hd414ycd67n82196sw51xqtc0000gn/T/xmlXPathInit2j6814dl.o -L/Library/Developer/CommandLineTools/SDKs/MacOSX12.1.sdk/usr/lib -lxml2 -o a.out
2022-12-27T11:41:14.9149110Z   error: command '/usr/bin/clang' failed with exit code 1
2022-12-27T11:41:14.9455810Z   error: subprocess-exited-with-error
2022-12-27T11:41:14.9456230Z   
2022-12-27T11:41:14.9456730Z   Ã— python setup.py bdist_wheel did not run successfully.
2022-12-27T11:41:14.9457010Z   â”‚ exit code: 1
2022-12-27T11:41:14.9457340Z   â•°â”€> See above for output.
2022-12-27T11:41:14.9457550Z   
2022-12-27T11:41:14.9457840Z   note: This error originates from a subprocess, and is likely not a problem with pip.
2022-12-27T11:41:14.9464770Z   full command: /private/var/folders/51/hd414ycd67n82196sw51xqtc0000gn/T/cibw-run-f3uecac9/cp310-macosx_arm64/build/venv/bin/python -u -c '
2022-12-27T11:41:14.9465710Z   exec(compile('"'"''"'"''"'"'
2022-12-27T11:41:14.9530080Z   # This is <pip-setuptools-caller> -- a caller that pip uses to run setup.py
2022-12-27T11:41:14.9530380Z   #
2022-12-27T11:41:14.9530730Z   # - It imports setuptools before invoking setup.py, to enable projects that directly
2022-12-27T11:41:14.9531090Z   #   import from `distutils.core` to work with newer packaging standards.
2022-12-27T11:41:14.9531490Z   # - It provides a clear error message when setuptools is not installed.
2022-12-27T11:41:14.9531920Z   # - It sets `sys.argv[0]` to the underlying `setup.py`, when invoking `setup.py` so
2022-12-27T11:41:14.9532370Z   #   setuptools doesn'"'"'t think the script is `-c`. This avoids the following warning:
2022-12-27T11:41:14.9532740Z   #     manifest_maker: standard file '"'"'-c'"'"' not found".
2022-12-27T11:41:14.9533120Z   # - It generates a shim setup.py, for handling setup.cfg-only projects.
2022-12-27T11:41:14.9533370Z   import os, sys, tokenize
2022-12-27T11:41:14.9533550Z   
2022-12-27T11:41:14.9533700Z   try:
2022-12-27T11:41:14.9533870Z       import setuptools
2022-12-27T11:41:14.9534120Z   except ImportError as error:
2022-12-27T11:41:14.9534330Z       print(
2022-12-27T11:41:14.9534600Z           "ERROR: Can not execute `setup.py` since setuptools is not available in "
2022-12-27T11:41:14.9534850Z           "the build environment.",
2022-12-27T11:41:14.9535030Z           file=sys.stderr,
2022-12-27T11:41:14.9535190Z       )
2022-12-27T11:41:14.9535330Z       sys.exit(1)
2022-12-27T11:41:14.9535480Z   
2022-12-27T11:41:14.9535620Z   __file__ = %r
2022-12-27T11:41:14.9535790Z   sys.argv[0] = __file__
2022-12-27T11:41:14.9535940Z   
2022-12-27T11:41:14.9536330Z   if os.path.exists(__file__):
2022-12-27T11:41:14.9536520Z       filename = __file__
2022-12-27T11:41:14.9536710Z       with tokenize.open(__file__) as f:
2022-12-27T11:41:14.9536910Z           setup_py_code = f.read()
2022-12-27T11:41:14.9537080Z   else:
2022-12-27T11:41:14.9537350Z       filename = "<auto-generated setuptools caller>"
2022-12-27T11:41:14.9537610Z       setup_py_code = "from setuptools import setup; setup()"
2022-12-27T11:41:14.9537800Z   
2022-12-27T11:41:14.9537980Z   exec(compile(setup_py_code, filename, "exec"))
2022-12-27T11:41:14.9539040Z   '"'"''"'"''"'"' % ('"'"'/Users/runner/actions-runner/_work/python.build/python.build/build_lxml422310/lxml-4.2.2/setup.py'"'"',), "<pip-setuptools-caller>", "exec"))' bdist_wheel -d /private/var/folders/51/hd414ycd67n82196sw51xqtc0000gn/T/pip-wheel-9ktcgntp
2022-12-27T11:41:14.9539620Z   cwd: /Users/runner/actions-runner/_work/python.build/python.build/build_lxml422310/lxml-4.2.2/
2022-12-27T11:41:14.9539890Z   ERROR: Failed building wheel for lxml
2022-12-27T11:41:14.9540110Z   Running command python setup.py clean
2022-12-27T11:41:14.9540430Z   Building wheel for lxml (setup.py): finished with status 'error'
2022-12-27T11:41:14.9540670Z   Running setup.py clean for lxml
2022-12-27T11:41:15.0983200Z   Building lxml version 4.2.2.
2022-12-27T11:41:15.0984300Z   Building without Cython.
2022-12-27T11:41:15.1127080Z   Using build configuration of libxslt 1.1.29
2022-12-27T11:41:15.2225480Z   Building against libxml2/libxslt in the following directory: /Library/Developer/CommandLineTools/SDKs/MacOSX12.1.sdk/usr/lib
2022-12-27T11:41:15.2384640Z   running clean
2022-12-27T11:41:15.2409040Z   removing 'build/temp.macosx-11.0-arm64-cpython-310' (and everything under it)
2022-12-27T11:41:15.2412610Z   removing 'build/lib.macosx-11.0-arm64-cpython-310' (and everything under it)
2022-12-27T11:41:15.2463130Z   'build/bdist.macosx-11.0-arm64' does not exist -- can't clean it
2022-12-27T11:41:15.2465010Z   'build/scripts-3.10' does not exist -- can't clean it
2022-12-27T11:41:15.2466170Z   removing 'build'
2022-12-27T11:41:15.2715810Z Failed to build lxml
2022-12-27T11:41:15.2720430Z ERROR: Failed to build one or more wheels
2022-12-27T11:41:15.2730120Z Exception information:
2022-12-27T11:41:15.2730400Z Traceback (most recent call last):
2022-12-27T11:41:15.2738500Z   File "/private/var/folders/51/hd414ycd67n82196sw51xqtc0000gn/T/cibw-run-f3uecac9/cp310-macosx_arm64/build/venv/lib/python3.10/site-packages/pip/_internal/cli/base_command.py", line 160, in exc_logging_wrapper
2022-12-27T11:41:15.2738880Z     status = run_func(*args)
2022-12-27T11:41:15.2739420Z   File "/private/var/folders/51/hd414ycd67n82196sw51xqtc0000gn/T/cibw-run-f3uecac9/cp310-macosx_arm64/build/venv/lib/python3.10/site-packages/pip/_internal/cli/req_command.py", line 247, in wrapper
2022-12-27T11:41:15.2739740Z     return func(self, options, args)
2022-12-27T11:41:15.2740200Z   File "/private/var/folders/51/hd414ycd67n82196sw51xqtc0000gn/T/cibw-run-f3uecac9/cp310-macosx_arm64/build/venv/lib/python3.10/site-packages/pip/_internal/commands/wheel.py", line 201, in run
2022-12-27T11:41:15.2740530Z     raise CommandError("Failed to build one or more wheels")
2022-12-27T11:41:15.2740770Z pip._internal.exceptions.CommandError: Failed to build one or more wheels
2022-12-27T11:41:15.2741150Z Removed build tracker: '/private/var/folders/51/hd414ycd67n82196sw51xqtc0000gn/T/pip-build-tracker-typ_ey6s'
2022-12-27T11:41:15.3146810Z ##[endgroup]
2022-12-27T11:41:15.3169670Z ##[error]Command ['python', '-m', 'pip', 'wheel', '/Users/runner/actions-runner/_work/python.build/python.build/build_lxml422310/lxml-4.2.2', '--wheel-dir=/private/var/folders/51/hd414ycd67n82196sw51xqtc0000gn/T/cibw-run-f3uecac9/cp310-macosx_arm64/built_wheel', '--no-deps', '-vvv'] failed with code 1. None
2022-12-27T11:41:15.3175790Z                                                               [31mâœ• [0m2.95s
2022-12-27T11:41:15.3175900Z 
2022-12-27T11:41:15.3626750Z ##[error]Process completed with exit code 1.
2022-12-27T11:41:15.3657980Z ##[group]Run rm -rf build_lxml422310 wheelsout
2022-12-27T11:41:15.3658160Z [36;1mrm -rf build_lxml422310 wheelsout[0m
2022-12-27T11:41:15.3672760Z shell: /bin/bash -e {0}
2022-12-27T11:41:15.3672870Z env:
2022-12-27T11:41:15.3673020Z   pythonLocation: /Users/runner/hostedtoolcache/Python/3.10.9/x64
2022-12-27T11:41:15.3673200Z   PKG_CONFIG_PATH: /Users/runner/hostedtoolcache/Python/3.10.9/x64/lib/pkgconfig
2022-12-27T11:41:15.3673390Z   Python_ROOT_DIR: /Users/runner/hostedtoolcache/Python/3.10.9/x64
2022-12-27T11:41:15.3673730Z   Python2_ROOT_DIR: /Users/runner/hostedtoolcache/Python/3.10.9/x64
2022-12-27T11:41:15.3673900Z   Python3_ROOT_DIR: /Users/runner/hostedtoolcache/Python/3.10.9/x64
2022-12-27T11:41:15.3674040Z ##[endgroup]
2022-12-27T11:41:15.4241940Z Cleaning up orphan processes
