2022-12-27T08:46:17.3991337Z Requested labels: self-hosted, macOS, X64
2022-12-27T08:46:17.3991403Z Job defined at: kilnbuild/python.build/.github/workflows/mac_arm_build.yml@refs/heads/main
2022-12-27T08:46:17.3991430Z Waiting for a runner to pick up this job...
2022-12-27T11:07:05.2837897Z Job is about to start running on the runner: k2 (organization)
2022-12-27T11:07:07.0835040Z Current runner version: '2.300.2'
2022-12-27T11:07:07.0839990Z Runner name: 'k2'
2022-12-27T11:07:07.0840240Z Runner group name: 'Default'
2022-12-27T11:07:07.0840670Z Machine name: 'k2'
2022-12-27T11:07:07.0842150Z ##[group]GITHUB_TOKEN Permissions
2022-12-27T11:07:07.0842570Z Actions: write
2022-12-27T11:07:07.0842700Z Checks: write
2022-12-27T11:07:07.0842830Z Contents: write
2022-12-27T11:07:07.0842970Z Deployments: write
2022-12-27T11:07:07.0843110Z Discussions: write
2022-12-27T11:07:07.0843240Z Issues: write
2022-12-27T11:07:07.0843370Z Metadata: read
2022-12-27T11:07:07.0843490Z Packages: write
2022-12-27T11:07:07.0843640Z Pages: write
2022-12-27T11:07:07.0843770Z PullRequests: write
2022-12-27T11:07:07.0843930Z RepositoryProjects: write
2022-12-27T11:07:07.0844090Z SecurityEvents: write
2022-12-27T11:07:07.0844230Z Statuses: write
2022-12-27T11:07:07.0844360Z ##[endgroup]
2022-12-27T11:07:07.0847170Z Secret source: Actions
2022-12-27T11:07:07.0847500Z Prepare workflow directory
2022-12-27T11:07:07.1506440Z Prepare all required actions
2022-12-27T11:07:07.1626790Z Getting action download info
2022-12-27T11:07:07.7056090Z Download action repository 'actions/setup-python@v4' (SHA:5ccb29d8773c3f3f653e1705f474dfaa8a06a912)
2022-12-27T11:07:09.4490670Z Download action repository 'actions/upload-artifact@v3' (SHA:83fd05a356d7e2593de66fc9913b3002723633cb)
2022-12-27T11:07:10.7655750Z ##[group]Run echo '{
2022-12-27T11:07:10.7655990Z [36;1mecho '{[0m
2022-12-27T11:07:10.7656150Z [36;1m  "package_name": "lxml",[0m
2022-12-27T11:07:10.7656380Z [36;1m  "package_url": "https://files.pythonhosted.org/packages/03/b9/0ae845e2e2c4439da17bdf54afdfac73b820e79b4ebdd58fa1e2163e01b4/lxml-2.1beta1.tar.gz",[0m
2022-12-27T11:07:10.7656620Z [36;1m  "package_version": "2.1beta1",[0m
2022-12-27T11:07:10.7656740Z [36;1m  "python_version": "3.11",[0m
2022-12-27T11:07:10.7656850Z [36;1m  "use_ccache": "true"[0m
2022-12-27T11:07:10.7656990Z [36;1m}'[0m
2022-12-27T11:07:10.7671970Z shell: /bin/bash -e {0}
2022-12-27T11:07:10.7672190Z ##[endgroup]
2022-12-27T11:07:10.7880540Z {
2022-12-27T11:07:10.7881790Z   "package_name": "lxml",
2022-12-27T11:07:10.7882520Z   "package_url": "https://files.pythonhosted.org/packages/03/b9/0ae845e2e2c4439da17bdf54afdfac73b820e79b4ebdd58fa1e2163e01b4/lxml-2.1beta1.tar.gz",
2022-12-27T11:07:10.7882800Z   "package_version": "2.1beta1",
2022-12-27T11:07:10.7883040Z   "python_version": "3.11",
2022-12-27T11:07:10.7883220Z   "use_ccache": "true"
2022-12-27T11:07:10.7883380Z }
2022-12-27T11:07:10.8087360Z ##[group]Run actions/setup-python@v4
2022-12-27T11:07:10.8087600Z with:
2022-12-27T11:07:10.8087770Z   python-version: 3.11
2022-12-27T11:07:10.8087980Z   check-latest: false
2022-12-27T11:07:10.8088260Z   token: ***
2022-12-27T11:07:10.8088440Z   update-environment: true
2022-12-27T11:07:10.8088580Z ##[endgroup]
2022-12-27T11:07:10.9291640Z ##[group]Installed versions
2022-12-27T11:07:10.9391260Z Successfully set up CPython (3.11.1)
2022-12-27T11:07:10.9392280Z ##[endgroup]
2022-12-27T11:07:10.9533420Z ##[group]Run if [ "true" == "true" ]
2022-12-27T11:07:10.9533700Z [36;1mif [ "true" == "true" ][0m
2022-12-27T11:07:10.9533890Z [36;1mthen[0m
2022-12-27T11:07:10.9534110Z [36;1m  echo "CCACHE_PATH_PREPEND=/usr/local/opt/ccache/libexec" >> $GITHUB_OUTPUT[0m
2022-12-27T11:07:10.9534350Z [36;1melse[0m
2022-12-27T11:07:10.9534530Z [36;1m  echo "CCACHE_PATH_PREPEND=" >> $GITHUB_OUTPUT[0m
2022-12-27T11:07:10.9534720Z [36;1mfi[0m
2022-12-27T11:07:10.9551970Z shell: /bin/bash -e {0}
2022-12-27T11:07:10.9552260Z env:
2022-12-27T11:07:10.9552480Z   pythonLocation: /Users/runner/hostedtoolcache/Python/3.11.1/x64
2022-12-27T11:07:10.9552710Z   PKG_CONFIG_PATH: /Users/runner/hostedtoolcache/Python/3.11.1/x64/lib/pkgconfig
2022-12-27T11:07:10.9552960Z   Python_ROOT_DIR: /Users/runner/hostedtoolcache/Python/3.11.1/x64
2022-12-27T11:07:10.9553260Z   Python2_ROOT_DIR: /Users/runner/hostedtoolcache/Python/3.11.1/x64
2022-12-27T11:07:10.9553500Z   Python3_ROOT_DIR: /Users/runner/hostedtoolcache/Python/3.11.1/x64
2022-12-27T11:07:10.9553980Z ##[endgroup]
2022-12-27T11:07:10.9662890Z ##[group]Run echo "BUILD_NAME=$(echo lxml_2.1beta1_3.11 | tr -dc '[:alnum:]\n\r' | tr '[:upper:]' '[:lower:]')" >> $GITHUB_OUTPUT
2022-12-27T11:07:10.9663320Z [36;1mecho "BUILD_NAME=$(echo lxml_2.1beta1_3.11 | tr -dc '[:alnum:]\n\r' | tr '[:upper:]' '[:lower:]')" >> $GITHUB_OUTPUT[0m
2022-12-27T11:07:10.9677630Z shell: /bin/bash -e {0}
2022-12-27T11:07:10.9677820Z env:
2022-12-27T11:07:10.9677980Z   pythonLocation: /Users/runner/hostedtoolcache/Python/3.11.1/x64
2022-12-27T11:07:10.9678240Z   PKG_CONFIG_PATH: /Users/runner/hostedtoolcache/Python/3.11.1/x64/lib/pkgconfig
2022-12-27T11:07:10.9678570Z   Python_ROOT_DIR: /Users/runner/hostedtoolcache/Python/3.11.1/x64
2022-12-27T11:07:10.9678780Z   Python2_ROOT_DIR: /Users/runner/hostedtoolcache/Python/3.11.1/x64
2022-12-27T11:07:10.9679030Z   Python3_ROOT_DIR: /Users/runner/hostedtoolcache/Python/3.11.1/x64
2022-12-27T11:07:10.9679250Z ##[endgroup]
2022-12-27T11:07:10.9821970Z ##[group]Run echo "PYTHON_NO_DOTS=$(echo 3.11 | tr -dc '[:alnum:]\n\r' | tr '[:upper:]' '[:lower:]')" >> $GITHUB_OUTPUT
2022-12-27T11:07:10.9822400Z [36;1mecho "PYTHON_NO_DOTS=$(echo 3.11 | tr -dc '[:alnum:]\n\r' | tr '[:upper:]' '[:lower:]')" >> $GITHUB_OUTPUT[0m
2022-12-27T11:07:10.9836480Z shell: /bin/bash -e {0}
2022-12-27T11:07:10.9836630Z env:
2022-12-27T11:07:10.9836830Z   pythonLocation: /Users/runner/hostedtoolcache/Python/3.11.1/x64
2022-12-27T11:07:10.9837080Z   PKG_CONFIG_PATH: /Users/runner/hostedtoolcache/Python/3.11.1/x64/lib/pkgconfig
2022-12-27T11:07:10.9837290Z   Python_ROOT_DIR: /Users/runner/hostedtoolcache/Python/3.11.1/x64
2022-12-27T11:07:10.9837550Z   Python2_ROOT_DIR: /Users/runner/hostedtoolcache/Python/3.11.1/x64
2022-12-27T11:07:10.9838140Z   Python3_ROOT_DIR: /Users/runner/hostedtoolcache/Python/3.11.1/x64
2022-12-27T11:07:10.9838330Z ##[endgroup]
2022-12-27T11:07:10.9942880Z ##[group]Run rm -rf build_lxml21beta1311
2022-12-27T11:07:10.9943280Z [36;1mrm -rf build_lxml21beta1311[0m
2022-12-27T11:07:10.9943460Z [36;1mmkdir build_lxml21beta1311[0m
2022-12-27T11:07:10.9943640Z [36;1mcd build_lxml21beta1311[0m
2022-12-27T11:07:10.9943930Z [36;1m/usr/local/bin/wget --quiet https://files.pythonhosted.org/packages/03/b9/0ae845e2e2c4439da17bdf54afdfac73b820e79b4ebdd58fa1e2163e01b4/lxml-2.1beta1.tar.gz[0m
2022-12-27T11:07:10.9944190Z [36;1mtar xf *.tar.gz[0m
2022-12-27T11:07:10.9944350Z [36;1mcd *[0m
2022-12-27T11:07:10.9944550Z [36;1mpython -m pip install cibuildwheel==2.11.3[0m
2022-12-27T11:07:10.9944880Z [36;1mpython -m cibuildwheel --output-dir ../wheelsout[0m
2022-12-27T11:07:10.9958900Z shell: /bin/bash -e {0}
2022-12-27T11:07:10.9959140Z env:
2022-12-27T11:07:10.9959330Z   pythonLocation: /Users/runner/hostedtoolcache/Python/3.11.1/x64
2022-12-27T11:07:10.9959590Z   PKG_CONFIG_PATH: /Users/runner/hostedtoolcache/Python/3.11.1/x64/lib/pkgconfig
2022-12-27T11:07:10.9959830Z   Python_ROOT_DIR: /Users/runner/hostedtoolcache/Python/3.11.1/x64
2022-12-27T11:07:10.9960080Z   Python2_ROOT_DIR: /Users/runner/hostedtoolcache/Python/3.11.1/x64
2022-12-27T11:07:10.9960300Z   Python3_ROOT_DIR: /Users/runner/hostedtoolcache/Python/3.11.1/x64
2022-12-27T11:07:10.9960460Z   CIBW_ARCHS_MACOS: arm64
2022-12-27T11:07:10.9960630Z   CIBW_TEST_SKIP: *_arm64
2022-12-27T11:07:10.9960930Z   CIBW_BUILD: cp311-macosx_arm64
2022-12-27T11:07:10.9961080Z   CIBW_BUILD_FRONTEND: pip
2022-12-27T11:07:10.9961250Z   CIBW_BUILD_VERBOSITY: 3
2022-12-27T11:07:10.9961540Z   CIBW_ENVIRONMENT_MACOS:  CFLAGS="-I/usr/local/opt/openssl@3/include" LDFLAGS="-L/usr/local/opt/openssl@3/lib" CPPFLAGS="-I/usr/local/opt/openssl@3/include" MAKEFLAGS="-j$(sysctl -n hw.logicalcpu)" PATH=/usr/local/opt/ccache/libexec:$PATH
2022-12-27T11:07:10.9961880Z   CIBW_BEFORE_BUILD: pip install Cython; if [[ -f requirements.txt ]]; then pip install -r requirements.txt; fi
2022-12-27T11:07:10.9962110Z   MAKEFLAGS: -j$(sysctl -n hw.logicalcpu)
2022-12-27T11:07:10.9962280Z ##[endgroup]
2022-12-27T11:07:11.4120270Z Requirement already satisfied: cibuildwheel==2.11.3 in /Library/Frameworks/Python.framework/Versions/3.11/lib/python3.11/site-packages (2.11.3)
2022-12-27T11:07:11.4425880Z Requirement already satisfied: bashlex!=0.13 in /Library/Frameworks/Python.framework/Versions/3.11/lib/python3.11/site-packages (from cibuildwheel==2.11.3) (0.16)
2022-12-27T11:07:11.4432200Z Requirement already satisfied: bracex in /Library/Frameworks/Python.framework/Versions/3.11/lib/python3.11/site-packages (from cibuildwheel==2.11.3) (2.3.post1)
2022-12-27T11:07:11.4438450Z Requirement already satisfied: certifi in /Library/Frameworks/Python.framework/Versions/3.11/lib/python3.11/site-packages (from cibuildwheel==2.11.3) (2022.12.7)
2022-12-27T11:07:11.4444470Z Requirement already satisfied: filelock in /Library/Frameworks/Python.framework/Versions/3.11/lib/python3.11/site-packages (from cibuildwheel==2.11.3) (3.8.2)
2022-12-27T11:07:11.4453110Z Requirement already satisfied: packaging>=20.9 in /Library/Frameworks/Python.framework/Versions/3.11/lib/python3.11/site-packages (from cibuildwheel==2.11.3) (22.0)
2022-12-27T11:07:11.4460790Z Requirement already satisfied: platformdirs in /Library/Frameworks/Python.framework/Versions/3.11/lib/python3.11/site-packages (from cibuildwheel==2.11.3) (2.6.0)
2022-12-27T11:07:11.6601630Z 
2022-12-27T11:07:11.6601890Z      _ _       _ _   _       _           _
2022-12-27T11:07:11.6602450Z  ___|_| |_ _ _|_| |_| |_ _ _| |_ ___ ___| |
2022-12-27T11:07:11.6603290Z |  _| | . | | | | | . | | | |   | -_| -_| |
2022-12-27T11:07:11.6603550Z |___|_|___|___|_|_|___|_____|_|_|___|___|_|
2022-12-27T11:07:11.6603650Z 
2022-12-27T11:07:11.6603760Z cibuildwheel version 2.11.3
2022-12-27T11:07:11.6604040Z 
2022-12-27T11:07:11.6604150Z Build options:
2022-12-27T11:07:11.6604370Z   platform: macos
2022-12-27T11:07:11.6650380Z   architectures: arm64[0m
2022-12-27T11:07:11.6650670Z   build_selector: 
2022-12-27T11:07:11.6651930Z     build_config: cp311-macosx_arm64
2022-12-27T11:07:11.6652420Z     skip_config: 
2022-12-27T11:07:11.6652620Z     requires_python: None
2022-12-27T11:07:11.6653170Z     prerelease_pythons: False[0m
2022-12-27T11:07:11.6653670Z   [38;5;244mcontainer_engine: docker[0m
2022-12-27T11:07:11.6654150Z   output_dir: /Users/runner/actions-runner/_work/python.build/python.build/build_lxml21beta1311/wheelsout[0m
2022-12-27T11:07:11.6654670Z   package_dir: /Users/runner/actions-runner/_work/python.build/python.build/build_lxml21beta1311/lxml-2.1beta1[0m
2022-12-27T11:07:11.6655020Z   test_selector: 
2022-12-27T11:07:11.6655310Z     skip_config: *_arm64[0m
2022-12-27T11:07:11.6655610Z   [38;5;244mbefore_all: [0m
2022-12-27T11:07:11.6656100Z   before_build: pip install Cython; if [[ -f requirements.txt ]]; then pip install -r requirements.txt; fi[0m
2022-12-27T11:07:11.6656510Z   [38;5;244mbefore_test: [0m
2022-12-27T11:07:11.6656790Z   [38;5;244mbuild_frontend: pip[0m
2022-12-27T11:07:11.6657110Z   build_verbosity: 3[0m
2022-12-27T11:07:11.6657430Z   [38;5;244mconfig_settings: [0m
2022-12-27T11:07:11.6657710Z   [38;5;244mdependency_constraints: pinned[0m
2022-12-27T11:07:11.6657940Z   environment: 
2022-12-27T11:07:11.6658230Z     CFLAGS="-I/usr/local/opt/openssl@3/include"
2022-12-27T11:07:11.6658500Z     LDFLAGS="-L/usr/local/opt/openssl@3/lib"
2022-12-27T11:07:11.6658860Z     CPPFLAGS="-I/usr/local/opt/openssl@3/include"
2022-12-27T11:07:11.6659180Z     MAKEFLAGS="-j$(sysctl -n hw.logicalcpu)"
2022-12-27T11:07:11.6659460Z     PATH=/usr/local/opt/ccache/libexec:$PATH[0m
2022-12-27T11:07:11.6659750Z   [38;5;244mmanylinux_images: None[0m
2022-12-27T11:07:11.6660070Z   [38;5;244mmusllinux_images: None[0m
2022-12-27T11:07:11.6660470Z   [38;5;244mrepair_command: delocate-wheel --require-archs {delocate_archs} -w {dest_dir} -v {wheel}[0m
2022-12-27T11:07:11.6660770Z   [38;5;244mtest_command: [0m
2022-12-27T11:07:11.6661030Z   [38;5;244mtest_extras: [0m
2022-12-27T11:07:11.6661300Z   [38;5;244mtest_requires: [0m
2022-12-27T11:07:11.6661470Z 
2022-12-27T11:07:11.6661570Z Cache folder: /Users/runner/Library/Caches/cibuildwheel
2022-12-27T11:07:11.6664700Z 
2022-12-27T11:07:11.6664950Z Here we go!
2022-12-27T11:07:11.6665110Z 
2022-12-27T11:07:11.6771670Z 
2022-12-27T11:07:11.6772570Z [1m[34mBuilding cp311-macosx_arm64 wheel[0m
2022-12-27T11:07:11.6773170Z CPython 3.11 macOS arm64 - Apple Silicon
2022-12-27T11:07:11.6773350Z 
2022-12-27T11:07:11.6775100Z ##[group]Installing Python cp311...
2022-12-27T11:07:11.6775350Z 
2022-12-27T11:07:11.6775630Z + pkgutil --pkgs
2022-12-27T11:07:11.6872650Z ##[endgroup]
2022-12-27T11:07:11.6873660Z                                                               [32m✓ [0m0.01s
2022-12-27T11:07:11.6874410Z ##[group]Setting up build environment...
2022-12-27T11:07:11.6874580Z 
2022-12-27T11:07:11.6890860Z + /Library/Frameworks/Python.framework/Versions/3.11/bin/python -sS /Users/runner/Library/Caches/cibuildwheel/virtualenv-20.17.0.pyz --activators= --no-periodic-update --pip=22.3.1 --setuptools=65.6.3 --wheel=0.38.4 --symlink-app-data --python /Library/Frameworks/Python.framework/Versions/3.11/bin/python3 /private/var/folders/51/hd414ycd67n82196sw51xqtc0000gn/T/cibw-run-7g81gkuw/cp311-macosx_arm64/build/venv
2022-12-27T11:07:11.8719500Z created virtual environment CPython3.11.1.final.0-64 in 51ms
2022-12-27T11:07:11.8720280Z   creator CPython3Posix(dest=/private/var/folders/51/hd414ycd67n82196sw51xqtc0000gn/T/cibw-run-7g81gkuw/cp311-macosx_arm64/build/venv, clear=False, no_vcs_ignore=False, global=False)
2022-12-27T11:07:11.8720630Z   seeder FromAppData(download=False, pip=22.3.1, setuptools=65.6.3, wheel=0.38.4, via=symlink, app_data_dir=/Users/runner/Library/Application Support/virtualenv)
2022-12-27T11:07:11.8720930Z     added seed packages: pip==22.3.1, setuptools==65.6.3, wheel==0.38.4
2022-12-27T11:07:11.8862130Z + python -m pip install --upgrade pip -c /Library/Frameworks/Python.framework/Versions/3.11/lib/python3.11/site-packages/cibuildwheel/resources/constraints-python311.txt
2022-12-27T11:07:12.1513590Z Requirement already satisfied: pip in ./lib/python3.11/site-packages (22.3.1)
2022-12-27T11:07:12.2769990Z + which pip
2022-12-27T11:07:12.2786570Z /private/var/folders/51/hd414ycd67n82196sw51xqtc0000gn/T/cibw-run-7g81gkuw/cp311-macosx_arm64/build/venv/bin/pip
2022-12-27T11:07:12.2788050Z + pip --version
2022-12-27T11:07:12.4666580Z pip 22.3.1 from /private/var/folders/51/hd414ycd67n82196sw51xqtc0000gn/T/cibw-run-7g81gkuw/cp311-macosx_arm64/build/venv/lib/python3.11/site-packages/pip (python 3.11)
2022-12-27T11:07:12.4925440Z + which pip
2022-12-27T11:07:12.4950770Z + which python
2022-12-27T11:07:12.4969360Z /private/var/folders/51/hd414ycd67n82196sw51xqtc0000gn/T/cibw-run-7g81gkuw/cp311-macosx_arm64/build/venv/bin/python
2022-12-27T11:07:12.4971140Z + python --version
2022-12-27T11:07:12.5027970Z Python 3.11.1
2022-12-27T11:07:12.5030630Z + which python
2022-12-27T11:07:12.5081730Z ##[endgroup]
2022-12-27T11:07:12.5082230Z                                                               [32m✓ [0m0.82s
2022-12-27T11:07:12.5082750Z ##[group]Installing build tools...
2022-12-27T11:07:12.5082930Z 
2022-12-27T11:07:12.5083660Z + pip install --upgrade setuptools wheel delocate -c /Library/Frameworks/Python.framework/Versions/3.11/lib/python3.11/site-packages/cibuildwheel/resources/constraints-python311.txt
2022-12-27T11:07:12.7735940Z Requirement already satisfied: setuptools in /private/var/folders/51/hd414ycd67n82196sw51xqtc0000gn/T/cibw-run-7g81gkuw/cp311-macosx_arm64/build/venv/lib/python3.11/site-packages (65.6.3)
2022-12-27T11:07:12.9408020Z Requirement already satisfied: wheel in /private/var/folders/51/hd414ycd67n82196sw51xqtc0000gn/T/cibw-run-7g81gkuw/cp311-macosx_arm64/build/venv/lib/python3.11/site-packages (0.38.4)
2022-12-27T11:07:12.9840990Z Collecting delocate
2022-12-27T11:07:12.9862140Z   Using cached delocate-0.10.3-py3-none-any.whl (142 kB)
2022-12-27T11:07:13.0119910Z Collecting packaging>=20.9
2022-12-27T11:07:13.0137690Z   Using cached packaging-21.3-py3-none-any.whl (40 kB)
2022-12-27T11:07:13.0286060Z Collecting typing-extensions
2022-12-27T11:07:13.0303110Z   Using cached typing_extensions-4.4.0-py3-none-any.whl (26 kB)
2022-12-27T11:07:13.0592000Z Collecting pyparsing!=3.0.5,>=2.0.2
2022-12-27T11:07:13.0607630Z   Using cached pyparsing-3.0.9-py3-none-any.whl (98 kB)
2022-12-27T11:07:13.1142440Z Installing collected packages: typing-extensions, pyparsing, packaging, delocate
2022-12-27T11:07:13.2388710Z Successfully installed delocate-0.10.3 packaging-21.3 pyparsing-3.0.9 typing-extensions-4.4.0
2022-12-27T11:07:13.2826020Z ##[endgroup]
2022-12-27T11:07:13.2826650Z                                                               [32m✓ [0m0.77s
2022-12-27T11:07:13.2827010Z ##[group]Running before_build...
2022-12-27T11:07:13.2827140Z 
2022-12-27T11:07:13.2831110Z + pip install Cython; if [[ -f requirements.txt ]]; then pip install -r requirements.txt; fi
2022-12-27T11:07:13.8326900Z Collecting Cython
2022-12-27T11:07:13.8369570Z   Using cached Cython-0.29.32-py2.py3-none-any.whl (986 kB)
2022-12-27T11:07:13.8825740Z Installing collected packages: Cython
2022-12-27T11:07:14.2856400Z Successfully installed Cython-0.29.32
2022-12-27T11:07:14.3357870Z ##[endgroup]
2022-12-27T11:07:14.3358480Z                                                               [32m✓ [0m1.05s
2022-12-27T11:07:14.3359050Z ##[group]Building wheel...
2022-12-27T11:07:14.3359190Z 
2022-12-27T11:07:14.3365520Z + python -m pip wheel /Users/runner/actions-runner/_work/python.build/python.build/build_lxml21beta1311/lxml-2.1beta1 --wheel-dir=/private/var/folders/51/hd414ycd67n82196sw51xqtc0000gn/T/cibw-run-7g81gkuw/cp311-macosx_arm64/built_wheel --no-deps -vvv
2022-12-27T11:07:14.5994080Z Created temporary directory: /private/var/folders/51/hd414ycd67n82196sw51xqtc0000gn/T/pip-ephem-wheel-cache-ph2r49br
2022-12-27T11:07:14.5997940Z Created temporary directory: /private/var/folders/51/hd414ycd67n82196sw51xqtc0000gn/T/pip-build-tracker-ct9pfgz2
2022-12-27T11:07:14.6000400Z Initialized build tracking at /private/var/folders/51/hd414ycd67n82196sw51xqtc0000gn/T/pip-build-tracker-ct9pfgz2
2022-12-27T11:07:14.6001420Z Created build tracker: /private/var/folders/51/hd414ycd67n82196sw51xqtc0000gn/T/pip-build-tracker-ct9pfgz2
2022-12-27T11:07:14.6002340Z Entered build tracker: /private/var/folders/51/hd414ycd67n82196sw51xqtc0000gn/T/pip-build-tracker-ct9pfgz2
2022-12-27T11:07:14.6005050Z Created temporary directory: /private/var/folders/51/hd414ycd67n82196sw51xqtc0000gn/T/pip-wheel-nuuwjk75
2022-12-27T11:07:14.6010270Z Created temporary directory: /private/var/folders/51/hd414ycd67n82196sw51xqtc0000gn/T/pip-ephem-wheel-cache-lf9rr0a2
2022-12-27T11:07:14.6081150Z Processing /Users/runner/actions-runner/_work/python.build/python.build/build_lxml21beta1311/lxml-2.1beta1
2022-12-27T11:07:14.6085430Z   Added file:///Users/runner/actions-runner/_work/python.build/python.build/build_lxml21beta1311/lxml-2.1beta1 to build tracker '/private/var/folders/51/hd414ycd67n82196sw51xqtc0000gn/T/pip-build-tracker-ct9pfgz2'
2022-12-27T11:07:14.6088430Z   Running setup.py (path:/Users/runner/actions-runner/_work/python.build/python.build/build_lxml21beta1311/lxml-2.1beta1/setup.py) egg_info for package from file:///Users/runner/actions-runner/_work/python.build/python.build/build_lxml21beta1311/lxml-2.1beta1
2022-12-27T11:07:14.6090870Z   Created temporary directory: /private/var/folders/51/hd414ycd67n82196sw51xqtc0000gn/T/pip-pip-egg-info-bqe6tdea
2022-12-27T11:07:14.6091940Z   Preparing metadata (setup.py): started
2022-12-27T11:07:14.6093470Z   Running command python setup.py egg_info
2022-12-27T11:07:14.8683830Z   Traceback (most recent call last):
2022-12-27T11:07:14.8690520Z     File "<string>", line 2, in <module>
2022-12-27T11:07:14.8691190Z     File "<pip-setuptools-caller>", line 34, in <module>
2022-12-27T11:07:14.8691810Z     File "/Users/runner/actions-runner/_work/python.build/python.build/build_lxml21beta1311/lxml-2.1beta1/setup.py", line 104, in <module>
2022-12-27T11:07:14.8692140Z       ext_modules = setupinfo.ext_modules(
2022-12-27T11:07:14.8692380Z                     ^^^^^^^^^^^^^^^^^^^^^^
2022-12-27T11:07:14.8692960Z     File "/Users/runner/actions-runner/_work/python.build/python.build/build_lxml21beta1311/lxml-2.1beta1/setupinfo.py", line 44, in ext_modules
2022-12-27T11:07:14.8693710Z       _include_dirs = include_dirs(static_include_dirs)
2022-12-27T11:07:14.8693930Z                       ^^^^^^^^^^^^^^^^^^^^^^^^^^^^^^^^^
2022-12-27T11:07:14.8694520Z     File "/Users/runner/actions-runner/_work/python.build/python.build/build_lxml21beta1311/lxml-2.1beta1/setupinfo.py", line 150, in include_dirs
2022-12-27T11:07:14.8695040Z       if possible_include_dir.startswith('-I'):
2022-12-27T11:07:14.8695370Z          ^^^^^^^^^^^^^^^^^^^^^^^^^^^^^^^^^^^^^
2022-12-27T11:07:14.8696310Z   TypeError: startswith first arg must be bytes or a tuple of bytes, not str
2022-12-27T11:07:14.8697800Z   Building lxml version 2.1.beta1.
2022-12-27T11:07:14.8698650Z   Building with Cython 0.29.32.
2022-12-27T11:07:14.8699660Z   Using build configuration of libxslt b'1.1.29'
2022-12-27T11:07:14.9098660Z   error: subprocess-exited-with-error
2022-12-27T11:07:14.9099140Z   
2022-12-27T11:07:14.9099710Z   × python setup.py egg_info did not run successfully.
2022-12-27T11:07:14.9100390Z   │ exit code: 1
2022-12-27T11:07:14.9100690Z   ╰─> See above for output.
2022-12-27T11:07:14.9100950Z   
2022-12-27T11:07:14.9101280Z   note: This error originates from a subprocess, and is likely not a problem with pip.
2022-12-27T11:07:14.9106500Z   full command: /private/var/folders/51/hd414ycd67n82196sw51xqtc0000gn/T/cibw-run-7g81gkuw/cp311-macosx_arm64/build/venv/bin/python -c '
2022-12-27T11:07:14.9107300Z   exec(compile('"'"''"'"''"'"'
2022-12-27T11:07:14.9108290Z   # This is <pip-setuptools-caller> -- a caller that pip uses to run setup.py
2022-12-27T11:07:14.9108700Z   #
2022-12-27T11:07:14.9109410Z   # - It imports setuptools before invoking setup.py, to enable projects that directly
2022-12-27T11:07:14.9110620Z   #   import from `distutils.core` to work with newer packaging standards.
2022-12-27T11:07:14.9111400Z   # - It provides a clear error message when setuptools is not installed.
2022-12-27T11:07:14.9112010Z   # - It sets `sys.argv[0]` to the underlying `setup.py`, when invoking `setup.py` so
2022-12-27T11:07:14.9112590Z   #   setuptools doesn'"'"'t think the script is `-c`. This avoids the following warning:
2022-12-27T11:07:14.9112960Z   #     manifest_maker: standard file '"'"'-c'"'"' not found".
2022-12-27T11:07:14.9113330Z   # - It generates a shim setup.py, for handling setup.cfg-only projects.
2022-12-27T11:07:14.9113560Z   import os, sys, tokenize
2022-12-27T11:07:14.9113800Z   
2022-12-27T11:07:14.9113980Z   try:
2022-12-27T11:07:14.9114140Z       import setuptools
2022-12-27T11:07:14.9114350Z   except ImportError as error:
2022-12-27T11:07:14.9114600Z       print(
2022-12-27T11:07:14.9114830Z           "ERROR: Can not execute `setup.py` since setuptools is not available in "
2022-12-27T11:07:14.9115110Z           "the build environment.",
2022-12-27T11:07:14.9115320Z           file=sys.stderr,
2022-12-27T11:07:14.9115480Z       )
2022-12-27T11:07:14.9115710Z       sys.exit(1)
2022-12-27T11:07:14.9115950Z   
2022-12-27T11:07:14.9116100Z   __file__ = %r
2022-12-27T11:07:14.9116300Z   sys.argv[0] = __file__
2022-12-27T11:07:14.9116490Z   
2022-12-27T11:07:14.9116680Z   if os.path.exists(__file__):
2022-12-27T11:07:14.9116910Z       filename = __file__
2022-12-27T11:07:14.9117130Z       with tokenize.open(__file__) as f:
2022-12-27T11:07:14.9117290Z           setup_py_code = f.read()
2022-12-27T11:07:14.9117460Z   else:
2022-12-27T11:07:14.9117760Z       filename = "<auto-generated setuptools caller>"
2022-12-27T11:07:14.9117990Z       setup_py_code = "from setuptools import setup; setup()"
2022-12-27T11:07:14.9118140Z   
2022-12-27T11:07:14.9118320Z   exec(compile(setup_py_code, filename, "exec"))
2022-12-27T11:07:14.9118880Z   '"'"''"'"''"'"' % ('"'"'/Users/runner/actions-runner/_work/python.build/python.build/build_lxml21beta1311/lxml-2.1beta1/setup.py'"'"',), "<pip-setuptools-caller>", "exec"))' egg_info --egg-base /private/var/folders/51/hd414ycd67n82196sw51xqtc0000gn/T/pip-pip-egg-info-bqe6tdea
2022-12-27T11:07:14.9119630Z   cwd: /Users/runner/actions-runner/_work/python.build/python.build/build_lxml21beta1311/lxml-2.1beta1/
2022-12-27T11:07:14.9120190Z   Preparing metadata (setup.py): finished with status 'error'
2022-12-27T11:07:14.9120520Z error: metadata-generation-failed
2022-12-27T11:07:14.9120660Z 
2022-12-27T11:07:14.9120850Z × Encountered error while generating package metadata.
2022-12-27T11:07:14.9121440Z ╰─> See above for output.
2022-12-27T11:07:14.9121560Z 
2022-12-27T11:07:14.9121670Z note: This is an issue with the package mentioned above, not pip.
2022-12-27T11:07:14.9122010Z hint: See above for details.
2022-12-27T11:07:14.9148630Z Exception information:
2022-12-27T11:07:14.9148950Z Traceback (most recent call last):
2022-12-27T11:07:14.9150100Z   File "/private/var/folders/51/hd414ycd67n82196sw51xqtc0000gn/T/cibw-run-7g81gkuw/cp311-macosx_arm64/build/venv/lib/python3.11/site-packages/pip/_internal/operations/build/metadata_legacy.py", line 64, in generate_metadata
2022-12-27T11:07:14.9150910Z     call_subprocess(
2022-12-27T11:07:14.9151770Z   File "/private/var/folders/51/hd414ycd67n82196sw51xqtc0000gn/T/cibw-run-7g81gkuw/cp311-macosx_arm64/build/venv/lib/python3.11/site-packages/pip/_internal/utils/subprocess.py", line 224, in call_subprocess
2022-12-27T11:07:14.9152460Z     raise error
2022-12-27T11:07:14.9152940Z pip._internal.exceptions.InstallationSubprocessError: python setup.py egg_info exited with 1
2022-12-27T11:07:14.9153270Z 
2022-12-27T11:07:14.9153430Z The above exception was the direct cause of the following exception:
2022-12-27T11:07:14.9153680Z 
2022-12-27T11:07:14.9153850Z Traceback (most recent call last):
2022-12-27T11:07:14.9155090Z   File "/private/var/folders/51/hd414ycd67n82196sw51xqtc0000gn/T/cibw-run-7g81gkuw/cp311-macosx_arm64/build/venv/lib/python3.11/site-packages/pip/_internal/cli/base_command.py", line 160, in exc_logging_wrapper
2022-12-27T11:07:14.9155660Z     status = run_func(*args)
2022-12-27T11:07:14.9155880Z              ^^^^^^^^^^^^^^^
2022-12-27T11:07:14.9156470Z   File "/private/var/folders/51/hd414ycd67n82196sw51xqtc0000gn/T/cibw-run-7g81gkuw/cp311-macosx_arm64/build/venv/lib/python3.11/site-packages/pip/_internal/cli/req_command.py", line 247, in wrapper
2022-12-27T11:07:14.9156930Z     return func(self, options, args)
2022-12-27T11:07:14.9157240Z            ^^^^^^^^^^^^^^^^^^^^^^^^^
2022-12-27T11:07:14.9157790Z   File "/private/var/folders/51/hd414ycd67n82196sw51xqtc0000gn/T/cibw-run-7g81gkuw/cp311-macosx_arm64/build/venv/lib/python3.11/site-packages/pip/_internal/commands/wheel.py", line 170, in run
2022-12-27T11:07:14.9158170Z     requirement_set = resolver.resolve(reqs, check_supported_wheels=True)
2022-12-27T11:07:14.9158440Z                       ^^^^^^^^^^^^^^^^^^^^^^^^^^^^^^^^^^^^^^^^^^^^^^^^^^^
2022-12-27T11:07:14.9159080Z   File "/private/var/folders/51/hd414ycd67n82196sw51xqtc0000gn/T/cibw-run-7g81gkuw/cp311-macosx_arm64/build/venv/lib/python3.11/site-packages/pip/_internal/resolution/resolvelib/resolver.py", line 73, in resolve
2022-12-27T11:07:14.9159500Z     collected = self.factory.collect_root_requirements(root_reqs)
2022-12-27T11:07:14.9159730Z                 ^^^^^^^^^^^^^^^^^^^^^^^^^^^^^^^^^^^^^^^^^^^^^^^^^
2022-12-27T11:07:14.9160340Z   File "/private/var/folders/51/hd414ycd67n82196sw51xqtc0000gn/T/cibw-run-7g81gkuw/cp311-macosx_arm64/build/venv/lib/python3.11/site-packages/pip/_internal/resolution/resolvelib/factory.py", line 491, in collect_root_requirements
2022-12-27T11:07:14.9160750Z     req = self._make_requirement_from_install_req(
2022-12-27T11:07:14.9161370Z           ^^^^^^^^^^^^^^^^^^^^^^^^^^^^^^^^^^^^^^^^
2022-12-27T11:07:14.9162010Z   File "/private/var/folders/51/hd414ycd67n82196sw51xqtc0000gn/T/cibw-run-7g81gkuw/cp311-macosx_arm64/build/venv/lib/python3.11/site-packages/pip/_internal/resolution/resolvelib/factory.py", line 453, in _make_requirement_from_install_req
2022-12-27T11:07:14.9162430Z     cand = self._make_candidate_from_link(
2022-12-27T11:07:14.9162630Z            ^^^^^^^^^^^^^^^^^^^^^^^^^^^^^^^
2022-12-27T11:07:14.9163520Z   File "/private/var/folders/51/hd414ycd67n82196sw51xqtc0000gn/T/cibw-run-7g81gkuw/cp311-macosx_arm64/build/venv/lib/python3.11/site-packages/pip/_internal/resolution/resolvelib/factory.py", line 206, in _make_candidate_from_link
2022-12-27T11:07:14.9163960Z     self._link_candidate_cache[link] = LinkCandidate(
2022-12-27T11:07:14.9164210Z                                        ^^^^^^^^^^^^^^
2022-12-27T11:07:14.9164770Z   File "/private/var/folders/51/hd414ycd67n82196sw51xqtc0000gn/T/cibw-run-7g81gkuw/cp311-macosx_arm64/build/venv/lib/python3.11/site-packages/pip/_internal/resolution/resolvelib/candidates.py", line 297, in __init__
2022-12-27T11:07:14.9165150Z     super().__init__(
2022-12-27T11:07:14.9165790Z   File "/private/var/folders/51/hd414ycd67n82196sw51xqtc0000gn/T/cibw-run-7g81gkuw/cp311-macosx_arm64/build/venv/lib/python3.11/site-packages/pip/_internal/resolution/resolvelib/candidates.py", line 162, in __init__
2022-12-27T11:07:14.9166170Z     self.dist = self._prepare()
2022-12-27T11:07:14.9166390Z                 ^^^^^^^^^^^^^^^
2022-12-27T11:07:14.9166900Z   File "/private/var/folders/51/hd414ycd67n82196sw51xqtc0000gn/T/cibw-run-7g81gkuw/cp311-macosx_arm64/build/venv/lib/python3.11/site-packages/pip/_internal/resolution/resolvelib/candidates.py", line 231, in _prepare
2022-12-27T11:07:14.9167270Z     dist = self._prepare_distribution()
2022-12-27T11:07:14.9167460Z            ^^^^^^^^^^^^^^^^^^^^^^^^^^^^
2022-12-27T11:07:14.9167900Z   File "/private/var/folders/51/hd414ycd67n82196sw51xqtc0000gn/T/cibw-run-7g81gkuw/cp311-macosx_arm64/build/venv/lib/python3.11/site-packages/pip/_internal/resolution/resolvelib/candidates.py", line 308, in _prepare_distribution
2022-12-27T11:07:14.9168240Z     return preparer.prepare_linked_requirement(self._ireq, parallel_builds=True)
2022-12-27T11:07:14.9168560Z            ^^^^^^^^^^^^^^^^^^^^^^^^^^^^^^^^^^^^^^^^^^^^^^^^^^^^^^^^^^^^^^^^^^^^^
2022-12-27T11:07:14.9169110Z   File "/private/var/folders/51/hd414ycd67n82196sw51xqtc0000gn/T/cibw-run-7g81gkuw/cp311-macosx_arm64/build/venv/lib/python3.11/site-packages/pip/_internal/operations/prepare.py", line 491, in prepare_linked_requirement
2022-12-27T11:07:14.9169440Z     return self._prepare_linked_requirement(req, parallel_builds)
2022-12-27T11:07:14.9169650Z            ^^^^^^^^^^^^^^^^^^^^^^^^^^^^^^^^^^^^^^^^^^^^^^^^^^^^^^
2022-12-27T11:07:14.9170050Z   File "/private/var/folders/51/hd414ycd67n82196sw51xqtc0000gn/T/cibw-run-7g81gkuw/cp311-macosx_arm64/build/venv/lib/python3.11/site-packages/pip/_internal/operations/prepare.py", line 577, in _prepare_linked_requirement
2022-12-27T11:07:14.9233220Z     dist = _get_prepared_distribution(
2022-12-27T11:07:14.9233400Z            ^^^^^^^^^^^^^^^^^^^^^^^^^^^
2022-12-27T11:07:14.9233960Z   File "/private/var/folders/51/hd414ycd67n82196sw51xqtc0000gn/T/cibw-run-7g81gkuw/cp311-macosx_arm64/build/venv/lib/python3.11/site-packages/pip/_internal/operations/prepare.py", line 69, in _get_prepared_distribution
2022-12-27T11:07:14.9234420Z     abstract_dist.prepare_distribution_metadata(
2022-12-27T11:07:14.9234880Z   File "/private/var/folders/51/hd414ycd67n82196sw51xqtc0000gn/T/cibw-run-7g81gkuw/cp311-macosx_arm64/build/venv/lib/python3.11/site-packages/pip/_internal/distributions/sdist.py", line 61, in prepare_distribution_metadata
2022-12-27T11:07:14.9235150Z     self.req.prepare_metadata()
2022-12-27T11:07:14.9235600Z   File "/private/var/folders/51/hd414ycd67n82196sw51xqtc0000gn/T/cibw-run-7g81gkuw/cp311-macosx_arm64/build/venv/lib/python3.11/site-packages/pip/_internal/req/req_install.py", line 541, in prepare_metadata
2022-12-27T11:07:14.9235900Z     self.metadata_directory = generate_metadata_legacy(
2022-12-27T11:07:14.9236160Z                               ^^^^^^^^^^^^^^^^^^^^^^^^^
2022-12-27T11:07:14.9236600Z   File "/private/var/folders/51/hd414ycd67n82196sw51xqtc0000gn/T/cibw-run-7g81gkuw/cp311-macosx_arm64/build/venv/lib/python3.11/site-packages/pip/_internal/operations/build/metadata_legacy.py", line 71, in generate_metadata
2022-12-27T11:07:14.9237300Z     raise MetadataGenerationFailed(package_details=details) from error
2022-12-27T11:07:14.9237580Z pip._internal.exceptions.MetadataGenerationFailed: metadata generation failed
2022-12-27T11:07:14.9238070Z Removed file:///Users/runner/actions-runner/_work/python.build/python.build/build_lxml21beta1311/lxml-2.1beta1 from build tracker '/private/var/folders/51/hd414ycd67n82196sw51xqtc0000gn/T/pip-build-tracker-ct9pfgz2'
2022-12-27T11:07:14.9238570Z Removed build tracker: '/private/var/folders/51/hd414ycd67n82196sw51xqtc0000gn/T/pip-build-tracker-ct9pfgz2'
2022-12-27T11:07:14.9522510Z ##[endgroup]
2022-12-27T11:07:14.9544410Z ##[error]Command ['python', '-m', 'pip', 'wheel', '/Users/runner/actions-runner/_work/python.build/python.build/build_lxml21beta1311/lxml-2.1beta1', '--wheel-dir=/private/var/folders/51/hd414ycd67n82196sw51xqtc0000gn/T/cibw-run-7g81gkuw/cp311-macosx_arm64/built_wheel', '--no-deps', '-vvv'] failed with code 1. None
2022-12-27T11:07:14.9550480Z 
2022-12-27T11:07:14.9550780Z                                                               [31m✕ [0m0.62s
2022-12-27T11:07:15.0002360Z ##[error]Process completed with exit code 1.
2022-12-27T11:07:15.0034720Z ##[group]Run rm -rf build_lxml21beta1311 wheelsout
2022-12-27T11:07:15.0034910Z [36;1mrm -rf build_lxml21beta1311 wheelsout[0m
2022-12-27T11:07:15.0050900Z shell: /bin/bash -e {0}
2022-12-27T11:07:15.0051040Z env:
2022-12-27T11:07:15.0051240Z   pythonLocation: /Users/runner/hostedtoolcache/Python/3.11.1/x64
2022-12-27T11:07:15.0051760Z   PKG_CONFIG_PATH: /Users/runner/hostedtoolcache/Python/3.11.1/x64/lib/pkgconfig
2022-12-27T11:07:15.0051980Z   Python_ROOT_DIR: /Users/runner/hostedtoolcache/Python/3.11.1/x64
2022-12-27T11:07:15.0052180Z   Python2_ROOT_DIR: /Users/runner/hostedtoolcache/Python/3.11.1/x64
2022-12-27T11:07:15.0052390Z   Python3_ROOT_DIR: /Users/runner/hostedtoolcache/Python/3.11.1/x64
2022-12-27T11:07:15.0052580Z ##[endgroup]
2022-12-27T11:07:15.0493440Z Cleaning up orphan processes
