2022-12-27T01:55:03.8961839Z Requested labels: self-hosted, macOS, X64
2022-12-27T01:55:03.8961914Z Job defined at: kilnbuild/python.build/.github/workflows/mac_arm_build.yml@refs/heads/main
2022-12-27T01:55:03.8961947Z Waiting for a runner to pick up this job...
2022-12-27T02:23:58.6334885Z Job is about to start running on the runner: k1 (organization)
2022-12-27T02:24:02.5337590Z Current runner version: '2.300.2'
2022-12-27T02:24:02.5342530Z Runner name: 'k1'
2022-12-27T02:24:02.5342780Z Runner group name: 'Default'
2022-12-27T02:24:02.5343200Z Machine name: 'k1'
2022-12-27T02:24:02.5344660Z ##[group]GITHUB_TOKEN Permissions
2022-12-27T02:24:02.5345100Z Actions: write
2022-12-27T02:24:02.5345230Z Checks: write
2022-12-27T02:24:02.5345350Z Contents: write
2022-12-27T02:24:02.5345490Z Deployments: write
2022-12-27T02:24:02.5345620Z Discussions: write
2022-12-27T02:24:02.5345750Z Issues: write
2022-12-27T02:24:02.5345880Z Metadata: read
2022-12-27T02:24:02.5346010Z Packages: write
2022-12-27T02:24:02.5346150Z Pages: write
2022-12-27T02:24:02.5346280Z PullRequests: write
2022-12-27T02:24:02.5346440Z RepositoryProjects: write
2022-12-27T02:24:02.5346600Z SecurityEvents: write
2022-12-27T02:24:02.5346740Z Statuses: write
2022-12-27T02:24:02.5346860Z ##[endgroup]
2022-12-27T02:24:02.5349460Z Secret source: Actions
2022-12-27T02:24:02.5349770Z Prepare workflow directory
2022-12-27T02:24:02.6054830Z Prepare all required actions
2022-12-27T02:24:02.6174530Z Getting action download info
2022-12-27T02:24:03.0650020Z Download action repository 'actions/setup-python@v4' (SHA:5ccb29d8773c3f3f653e1705f474dfaa8a06a912)
2022-12-27T02:24:04.7415550Z Download action repository 'actions/upload-artifact@v3' (SHA:83fd05a356d7e2593de66fc9913b3002723633cb)
2022-12-27T02:24:07.0665860Z ##[group]Run echo '{
2022-12-27T02:24:07.0666180Z [36;1mecho '{[0m
2022-12-27T02:24:07.0666460Z [36;1m  "environment_variables": "GRPC_PYTHON_BUILD_WITH_CYTHON=1 GRPC_BUILD_WITH_BORING_SSL_ASM='' GRPC_PYTHON_BUILD_SYSTEM_OPENSSL=TRUE",[0m
2022-12-27T02:24:07.0666750Z [36;1m  "package_name": "grpcio",[0m
2022-12-27T02:24:07.0667150Z [36;1m  "package_url": "https://files.pythonhosted.org/packages/d1/d7/9bf18818763e0f7debe6706705f61ce89aa5636d93083776a6167320d573/grpcio-0.15.0.tar.gz",[0m
2022-12-27T02:24:07.0667440Z [36;1m  "package_version": "0.15.0",[0m
2022-12-27T02:24:07.0667620Z [36;1m  "python_version": "3.8",[0m
2022-12-27T02:24:07.0667800Z [36;1m  "use_ccache": "true"[0m
2022-12-27T02:24:07.0667950Z [36;1m}'[0m
2022-12-27T02:24:07.0691240Z shell: /bin/bash -e {0}
2022-12-27T02:24:07.0691550Z ##[endgroup]
2022-12-27T02:24:07.0930690Z {
2022-12-27T02:24:07.0932200Z   "environment_variables": "GRPC_PYTHON_BUILD_WITH_CYTHON=1 GRPC_BUILD_WITH_BORING_SSL_ASM= GRPC_PYTHON_BUILD_SYSTEM_OPENSSL=TRUE",
2022-12-27T02:24:07.0932490Z   "package_name": "grpcio",
2022-12-27T02:24:07.0933330Z   "package_url": "https://files.pythonhosted.org/packages/d1/d7/9bf18818763e0f7debe6706705f61ce89aa5636d93083776a6167320d573/grpcio-0.15.0.tar.gz",
2022-12-27T02:24:07.0933620Z   "package_version": "0.15.0",
2022-12-27T02:24:07.0933770Z   "python_version": "3.8",
2022-12-27T02:24:07.0933950Z   "use_ccache": "true"
2022-12-27T02:24:07.0934120Z }
2022-12-27T02:24:07.1153190Z ##[group]Run actions/setup-python@v4
2022-12-27T02:24:07.1153450Z with:
2022-12-27T02:24:07.1153600Z   python-version: 3.8
2022-12-27T02:24:07.1153790Z   check-latest: false
2022-12-27T02:24:07.1154140Z   token: ***
2022-12-27T02:24:07.1154390Z   update-environment: true
2022-12-27T02:24:07.1154550Z ##[endgroup]
2022-12-27T02:24:07.2432210Z ##[group]Installed versions
2022-12-27T02:24:07.2472470Z Successfully set up CPython (3.8.15)
2022-12-27T02:24:07.2473390Z ##[endgroup]
2022-12-27T02:24:07.2614960Z ##[group]Run if [ "true" == "true" ]
2022-12-27T02:24:07.2615240Z [36;1mif [ "true" == "true" ][0m
2022-12-27T02:24:07.2615590Z [36;1mthen[0m
2022-12-27T02:24:07.2615810Z [36;1m  echo "CCACHE_PATH_PREPEND=/usr/local/opt/ccache/libexec" >> $GITHUB_OUTPUT[0m
2022-12-27T02:24:07.2615990Z [36;1melse[0m
2022-12-27T02:24:07.2616170Z [36;1m  echo "CCACHE_PATH_PREPEND=" >> $GITHUB_OUTPUT[0m
2022-12-27T02:24:07.2616360Z [36;1mfi[0m
2022-12-27T02:24:07.2632540Z shell: /bin/bash -e {0}
2022-12-27T02:24:07.2632710Z env:
2022-12-27T02:24:07.2632930Z   pythonLocation: /Users/runner/hostedtoolcache/Python/3.8.15/x64
2022-12-27T02:24:07.2633280Z   PKG_CONFIG_PATH: /Users/runner/hostedtoolcache/Python/3.8.15/x64/lib/pkgconfig
2022-12-27T02:24:07.2633910Z   Python_ROOT_DIR: /Users/runner/hostedtoolcache/Python/3.8.15/x64
2022-12-27T02:24:07.2634150Z   Python2_ROOT_DIR: /Users/runner/hostedtoolcache/Python/3.8.15/x64
2022-12-27T02:24:07.2634430Z   Python3_ROOT_DIR: /Users/runner/hostedtoolcache/Python/3.8.15/x64
2022-12-27T02:24:07.2634610Z ##[endgroup]
2022-12-27T02:24:07.2747880Z ##[group]Run echo "BUILD_NAME=$(echo grpcio_0.15.0_3.8 | tr -dc '[:alnum:]\n\r' | tr '[:upper:]' '[:lower:]')" >> $GITHUB_OUTPUT
2022-12-27T02:24:07.2748410Z [36;1mecho "BUILD_NAME=$(echo grpcio_0.15.0_3.8 | tr -dc '[:alnum:]\n\r' | tr '[:upper:]' '[:lower:]')" >> $GITHUB_OUTPUT[0m
2022-12-27T02:24:07.2762960Z shell: /bin/bash -e {0}
2022-12-27T02:24:07.2763160Z env:
2022-12-27T02:24:07.2763390Z   pythonLocation: /Users/runner/hostedtoolcache/Python/3.8.15/x64
2022-12-27T02:24:07.2763700Z   PKG_CONFIG_PATH: /Users/runner/hostedtoolcache/Python/3.8.15/x64/lib/pkgconfig
2022-12-27T02:24:07.2763960Z   Python_ROOT_DIR: /Users/runner/hostedtoolcache/Python/3.8.15/x64
2022-12-27T02:24:07.2764240Z   Python2_ROOT_DIR: /Users/runner/hostedtoolcache/Python/3.8.15/x64
2022-12-27T02:24:07.2764480Z   Python3_ROOT_DIR: /Users/runner/hostedtoolcache/Python/3.8.15/x64
2022-12-27T02:24:07.2764650Z ##[endgroup]
2022-12-27T02:24:07.2915900Z ##[group]Run echo "PYTHON_NO_DOTS=$(echo 3.8 | tr -dc '[:alnum:]\n\r' | tr '[:upper:]' '[:lower:]')" >> $GITHUB_OUTPUT
2022-12-27T02:24:07.2916250Z [36;1mecho "PYTHON_NO_DOTS=$(echo 3.8 | tr -dc '[:alnum:]\n\r' | tr '[:upper:]' '[:lower:]')" >> $GITHUB_OUTPUT[0m
2022-12-27T02:24:07.2929280Z shell: /bin/bash -e {0}
2022-12-27T02:24:07.2929430Z env:
2022-12-27T02:24:07.2929630Z   pythonLocation: /Users/runner/hostedtoolcache/Python/3.8.15/x64
2022-12-27T02:24:07.2930340Z   PKG_CONFIG_PATH: /Users/runner/hostedtoolcache/Python/3.8.15/x64/lib/pkgconfig
2022-12-27T02:24:07.2930610Z   Python_ROOT_DIR: /Users/runner/hostedtoolcache/Python/3.8.15/x64
2022-12-27T02:24:07.2930810Z   Python2_ROOT_DIR: /Users/runner/hostedtoolcache/Python/3.8.15/x64
2022-12-27T02:24:07.2931070Z   Python3_ROOT_DIR: /Users/runner/hostedtoolcache/Python/3.8.15/x64
2022-12-27T02:24:07.2931260Z ##[endgroup]
2022-12-27T02:24:07.3054370Z ##[group]Run rm -rf build_grpcio015038
2022-12-27T02:24:07.3054750Z [36;1mrm -rf build_grpcio015038[0m
2022-12-27T02:24:07.3054930Z [36;1mmkdir build_grpcio015038[0m
2022-12-27T02:24:07.3055110Z [36;1mcd build_grpcio015038[0m
2022-12-27T02:24:07.3055390Z [36;1m/usr/local/bin/wget --quiet https://files.pythonhosted.org/packages/d1/d7/9bf18818763e0f7debe6706705f61ce89aa5636d93083776a6167320d573/grpcio-0.15.0.tar.gz[0m
2022-12-27T02:24:07.3055680Z [36;1mtar xf *.tar.gz[0m
2022-12-27T02:24:07.3055850Z [36;1mcd grpcio-*/[0m
2022-12-27T02:24:07.3056040Z [36;1mpython -m pip install cibuildwheel==2.11.3[0m
2022-12-27T02:24:07.3056230Z [36;1mpython -m cibuildwheel --output-dir ../wheelsout[0m
2022-12-27T02:24:07.3069550Z shell: /bin/bash -e {0}
2022-12-27T02:24:07.3069730Z env:
2022-12-27T02:24:07.3069930Z   pythonLocation: /Users/runner/hostedtoolcache/Python/3.8.15/x64
2022-12-27T02:24:07.3070250Z   PKG_CONFIG_PATH: /Users/runner/hostedtoolcache/Python/3.8.15/x64/lib/pkgconfig
2022-12-27T02:24:07.3070490Z   Python_ROOT_DIR: /Users/runner/hostedtoolcache/Python/3.8.15/x64
2022-12-27T02:24:07.3070710Z   Python2_ROOT_DIR: /Users/runner/hostedtoolcache/Python/3.8.15/x64
2022-12-27T02:24:07.3070930Z   Python3_ROOT_DIR: /Users/runner/hostedtoolcache/Python/3.8.15/x64
2022-12-27T02:24:07.3071130Z   CIBW_ARCHS_MACOS: arm64
2022-12-27T02:24:07.3071290Z   CIBW_TEST_SKIP: *_arm64
2022-12-27T02:24:07.3071470Z   CIBW_BUILD: cp38-macosx_arm64
2022-12-27T02:24:07.3071620Z   CIBW_BUILD_FRONTEND: pip
2022-12-27T02:24:07.3071790Z   CIBW_BUILD_VERBOSITY: 3
2022-12-27T02:24:07.3072190Z   CIBW_ENVIRONMENT_MACOS: GRPC_PYTHON_BUILD_WITH_CYTHON=1 GRPC_BUILD_WITH_BORING_SSL_ASM='' GRPC_PYTHON_BUILD_SYSTEM_OPENSSL=TRUE CFLAGS="-I/usr/local/opt/openssl@3/include" LDFLAGS="-L/usr/local/opt/openssl@3/lib" CPPFLAGS="-I/usr/local/opt/openssl@3/include" MAKEFLAGS="-j$(sysctl -n hw.logicalcpu)" PATH=/usr/local/opt/ccache/libexec:$PATH
2022-12-27T02:24:07.3072810Z   CIBW_BEFORE_BUILD: pip install Cython; if [[ -f requirements.txt ]]; then pip install -r requirements.txt; fi
2022-12-27T02:24:07.3073020Z   MAKEFLAGS: -j$(sysctl -n hw.logicalcpu)
2022-12-27T02:24:07.3073200Z ##[endgroup]
2022-12-27T02:24:08.1322600Z Requirement already satisfied: cibuildwheel==2.11.3 in /Users/runner/hostedtoolcache/Python/3.8.15/x64/lib/python3.8/site-packages (2.11.3)
2022-12-27T02:24:08.1651440Z Requirement already satisfied: platformdirs in /Users/runner/hostedtoolcache/Python/3.8.15/x64/lib/python3.8/site-packages (from cibuildwheel==2.11.3) (2.6.0)
2022-12-27T02:24:08.1654960Z Requirement already satisfied: certifi in /Users/runner/hostedtoolcache/Python/3.8.15/x64/lib/python3.8/site-packages (from cibuildwheel==2.11.3) (2022.12.7)
2022-12-27T02:24:08.1664150Z Requirement already satisfied: typing-extensions>=4.1.0 in /Users/runner/hostedtoolcache/Python/3.8.15/x64/lib/python3.8/site-packages (from cibuildwheel==2.11.3) (4.4.0)
2022-12-27T02:24:08.1667210Z Requirement already satisfied: filelock in /Users/runner/hostedtoolcache/Python/3.8.15/x64/lib/python3.8/site-packages (from cibuildwheel==2.11.3) (3.8.2)
2022-12-27T02:24:08.1674050Z Requirement already satisfied: tomli in /Users/runner/hostedtoolcache/Python/3.8.15/x64/lib/python3.8/site-packages (from cibuildwheel==2.11.3) (2.0.1)
2022-12-27T02:24:08.1676980Z Requirement already satisfied: bracex in /Users/runner/hostedtoolcache/Python/3.8.15/x64/lib/python3.8/site-packages (from cibuildwheel==2.11.3) (2.3.post1)
2022-12-27T02:24:08.1681720Z Requirement already satisfied: packaging>=20.9 in /Users/runner/hostedtoolcache/Python/3.8.15/x64/lib/python3.8/site-packages (from cibuildwheel==2.11.3) (22.0)
2022-12-27T02:24:08.1686360Z Requirement already satisfied: bashlex!=0.13 in /Users/runner/hostedtoolcache/Python/3.8.15/x64/lib/python3.8/site-packages (from cibuildwheel==2.11.3) (0.16)
2022-12-27T02:24:08.3415870Z 
2022-12-27T02:24:08.3416300Z      _ _       _ _   _       _           _
2022-12-27T02:24:08.3416760Z  ___|_| |_ _ _|_| |_| |_ _ _| |_ ___ ___| |
2022-12-27T02:24:08.3418060Z |  _| | . | | | | | . | | | |   | -_| -_| |
2022-12-27T02:24:08.3418450Z |___|_|___|___|_|_|___|_____|_|_|___|___|_|
2022-12-27T02:24:08.3418600Z 
2022-12-27T02:24:08.3418730Z cibuildwheel version 2.11.3
2022-12-27T02:24:08.3418920Z 
2022-12-27T02:24:08.3419040Z Build options:
2022-12-27T02:24:08.3419370Z   platform: macos
2022-12-27T02:24:08.3560690Z   architectures: arm64[0m
2022-12-27T02:24:08.3561040Z   build_selector: 
2022-12-27T02:24:08.3561500Z     build_config: cp38-macosx_arm64
2022-12-27T02:24:08.3562190Z     skip_config: 
2022-12-27T02:24:08.3563140Z     requires_python: None
2022-12-27T02:24:08.3563520Z     prerelease_pythons: False[0m
2022-12-27T02:24:08.3563960Z   [38;5;244mcontainer_engine: docker[0m
2022-12-27T02:24:08.3564710Z   output_dir: /Users/runner/actions-runner/_work/python.build/python.build/build_grpcio015038/wheelsout[0m
2022-12-27T02:24:08.3565440Z   package_dir: /Users/runner/actions-runner/_work/python.build/python.build/build_grpcio015038/grpcio-0.15.0[0m
2022-12-27T02:24:08.3565760Z   test_selector: 
2022-12-27T02:24:08.3566120Z     skip_config: *_arm64[0m
2022-12-27T02:24:08.3566570Z   [38;5;244mbefore_all: [0m
2022-12-27T02:24:08.3567000Z   before_build: pip install Cython; if [[ -f requirements.txt ]]; then pip install -r requirements.txt; fi[0m
2022-12-27T02:24:08.3567400Z   [38;5;244mbefore_test: [0m
2022-12-27T02:24:08.3567850Z   [38;5;244mbuild_frontend: pip[0m
2022-12-27T02:24:08.3568170Z   build_verbosity: 3[0m
2022-12-27T02:24:08.3568450Z   [38;5;244mconfig_settings: [0m
2022-12-27T02:24:08.3568890Z   [38;5;244mdependency_constraints: pinned[0m
2022-12-27T02:24:08.3569310Z   environment: 
2022-12-27T02:24:08.3569750Z     GRPC_PYTHON_BUILD_WITH_CYTHON=1
2022-12-27T02:24:08.3570220Z     GRPC_BUILD_WITH_BORING_SSL_ASM=''
2022-12-27T02:24:08.3570850Z     GRPC_PYTHON_BUILD_SYSTEM_OPENSSL=TRUE
2022-12-27T02:24:08.3571790Z     CFLAGS="-I/usr/local/opt/openssl@3/include"
2022-12-27T02:24:08.3572330Z     LDFLAGS="-L/usr/local/opt/openssl@3/lib"
2022-12-27T02:24:08.3573020Z     CPPFLAGS="-I/usr/local/opt/openssl@3/include"
2022-12-27T02:24:08.3573570Z     MAKEFLAGS="-j$(sysctl -n hw.logicalcpu)"
2022-12-27T02:24:08.3574100Z     PATH=/usr/local/opt/ccache/libexec:$PATH[0m
2022-12-27T02:24:08.3574610Z   [38;5;244mmanylinux_images: None[0m
2022-12-27T02:24:08.3575160Z   [38;5;244mmusllinux_images: None[0m
2022-12-27T02:24:08.3575860Z   [38;5;244mrepair_command: delocate-wheel --require-archs {delocate_archs} -w {dest_dir} -v {wheel}[0m
2022-12-27T02:24:08.3576460Z   [38;5;244mtest_command: [0m
2022-12-27T02:24:08.3576900Z   [38;5;244mtest_extras: [0m
2022-12-27T02:24:08.3577310Z   [38;5;244mtest_requires: [0m
2022-12-27T02:24:08.3577530Z 
2022-12-27T02:24:08.3577840Z Cache folder: /Users/runner/Library/Caches/cibuildwheel
2022-12-27T02:24:08.3586960Z 
2022-12-27T02:24:08.3587410Z Here we go!
2022-12-27T02:24:08.3587760Z 
2022-12-27T02:24:08.3717180Z 
2022-12-27T02:24:08.3717990Z [1m[34mBuilding cp38-macosx_arm64 wheel[0m
2022-12-27T02:24:08.3718570Z CPython 3.8 macOS arm64 - Apple Silicon
2022-12-27T02:24:08.3718820Z 
2022-12-27T02:24:08.3721240Z ##[group]Installing Python cp38...
2022-12-27T02:24:08.3721520Z 
2022-12-27T02:24:08.3721790Z + pkgutil --pkgs
2022-12-27T02:24:08.3824600Z ##[endgroup]
2022-12-27T02:24:08.3825590Z                                                               [32mâœ“ [0m0.01s
2022-12-27T02:24:08.3826150Z ##[group]Setting up build environment...
2022-12-27T02:24:08.3826300Z 
2022-12-27T02:24:08.3845460Z + /Users/runner/hostedtoolcache/Python/3.8.15/x64/bin/python -sS /Users/runner/Library/Caches/cibuildwheel/virtualenv-20.17.0.pyz --activators= --no-periodic-update --pip=22.3.1 --setuptools=65.6.3 --wheel=0.38.4 --symlink-app-data --python /Library/Frameworks/Python.framework/Versions/3.8/bin/python3 /private/var/folders/51/hd414ycd67n82196sw51xqtc0000gn/T/cibw-run-p67r47bk/cp38-macosx_arm64/build/venv
2022-12-27T02:24:08.5678080Z created virtual environment CPython3.8.10.final.0-64 in 47ms
2022-12-27T02:24:08.5679040Z   creator CPython3Posix(dest=/private/var/folders/51/hd414ycd67n82196sw51xqtc0000gn/T/cibw-run-p67r47bk/cp38-macosx_arm64/build/venv, clear=False, no_vcs_ignore=False, global=False)
2022-12-27T02:24:08.5679630Z   seeder FromAppData(download=False, pip=22.3.1, setuptools=65.6.3, wheel=0.38.4, via=symlink, app_data_dir=/Users/runner/Library/Application Support/virtualenv)
2022-12-27T02:24:08.5680090Z     added seed packages: pip==22.3.1, setuptools==65.6.3, wheel==0.38.4
2022-12-27T02:24:08.5816310Z + python -m pip install --upgrade pip -c /Users/runner/hostedtoolcache/Python/3.8.15/x64/lib/python3.8/site-packages/cibuildwheel/resources/constraints-python38.txt
2022-12-27T02:24:08.8792950Z Requirement already satisfied: pip in ./lib/python3.8/site-packages (22.3.1)
2022-12-27T02:24:09.0175200Z + which pip
2022-12-27T02:24:09.0193630Z /private/var/folders/51/hd414ycd67n82196sw51xqtc0000gn/T/cibw-run-p67r47bk/cp38-macosx_arm64/build/venv/bin/pip
2022-12-27T02:24:09.0197300Z + pip --version
2022-12-27T02:24:09.2349830Z pip 22.3.1 from /private/var/folders/51/hd414ycd67n82196sw51xqtc0000gn/T/cibw-run-p67r47bk/cp38-macosx_arm64/build/venv/lib/python3.8/site-packages/pip (python 3.8)
2022-12-27T02:24:09.2591210Z + which pip
2022-12-27T02:24:09.2620220Z + which python
2022-12-27T02:24:09.2641470Z /private/var/folders/51/hd414ycd67n82196sw51xqtc0000gn/T/cibw-run-p67r47bk/cp38-macosx_arm64/build/venv/bin/python
2022-12-27T02:24:09.2643920Z + python --version
2022-12-27T02:24:09.2694890Z Python 3.8.10
2022-12-27T02:24:09.2698810Z + which python
2022-12-27T02:24:09.2754940Z ##[endgroup]
2022-12-27T02:24:09.2755390Z                                                               [32mâœ“ [0m0.89s
2022-12-27T02:24:09.2755940Z ##[group]Installing build tools...
2022-12-27T02:24:09.2756080Z 
2022-12-27T02:24:09.2756620Z + pip install --upgrade setuptools wheel delocate -c /Users/runner/hostedtoolcache/Python/3.8.15/x64/lib/python3.8/site-packages/cibuildwheel/resources/constraints-python38.txt
2022-12-27T02:24:09.5755890Z Requirement already satisfied: setuptools in /private/var/folders/51/hd414ycd67n82196sw51xqtc0000gn/T/cibw-run-p67r47bk/cp38-macosx_arm64/build/venv/lib/python3.8/site-packages (65.6.3)
2022-12-27T02:24:09.8001240Z Requirement already satisfied: wheel in /private/var/folders/51/hd414ycd67n82196sw51xqtc0000gn/T/cibw-run-p67r47bk/cp38-macosx_arm64/build/venv/lib/python3.8/site-packages (0.38.4)
2022-12-27T02:24:09.8529890Z Collecting delocate
2022-12-27T02:24:09.8557570Z   Using cached delocate-0.10.3-py3-none-any.whl (142 kB)
2022-12-27T02:24:09.8780700Z Collecting typing-extensions
2022-12-27T02:24:09.8803200Z   Using cached typing_extensions-4.4.0-py3-none-any.whl (26 kB)
2022-12-27T02:24:09.9061330Z Collecting packaging>=20.9
2022-12-27T02:24:09.9083920Z   Using cached packaging-21.3-py3-none-any.whl (40 kB)
2022-12-27T02:24:09.9465880Z Collecting pyparsing!=3.0.5,>=2.0.2
2022-12-27T02:24:09.9487880Z   Using cached pyparsing-3.0.9-py3-none-any.whl (98 kB)
2022-12-27T02:24:09.9853220Z Installing collected packages: typing-extensions, pyparsing, packaging, delocate
2022-12-27T02:24:10.1186610Z Successfully installed delocate-0.10.3 packaging-21.3 pyparsing-3.0.9 typing-extensions-4.4.0
2022-12-27T02:24:10.1599190Z ##[endgroup]
2022-12-27T02:24:10.1599820Z                                                               [32mâœ“ [0m0.88s
2022-12-27T02:24:10.1600280Z ##[group]Running before_build...
2022-12-27T02:24:10.1600440Z 
2022-12-27T02:24:10.1607000Z + pip install Cython; if [[ -f requirements.txt ]]; then pip install -r requirements.txt; fi
2022-12-27T02:24:10.8108570Z Collecting Cython
2022-12-27T02:24:10.8158350Z   Using cached Cython-0.29.32-py2.py3-none-any.whl (986 kB)
2022-12-27T02:24:10.8639980Z Installing collected packages: Cython
2022-12-27T02:24:11.2712610Z Successfully installed Cython-0.29.32
2022-12-27T02:24:12.0197160Z Collecting coverage>=4.0
2022-12-27T02:24:12.0228250Z   Using cached coverage-7.0.1-cp38-cp38-macosx_10_9_x86_64.whl (187 kB)
2022-12-27T02:24:12.0333060Z Requirement already satisfied: cython>=0.23 in /private/var/folders/51/hd414ycd67n82196sw51xqtc0000gn/T/cibw-run-p67r47bk/cp38-macosx_arm64/build/venv/lib/python3.8/site-packages (from -r requirements.txt (line 3)) (0.29.32)
2022-12-27T02:24:12.0822450Z Collecting enum34>=1.0.4
2022-12-27T02:24:12.0844020Z   Using cached enum34-1.1.10-py3-none-any.whl (11 kB)
2022-12-27T02:24:12.0996300Z Collecting futures>=2.2.0
2022-12-27T02:24:12.0998100Z   Using cached futures-3.0.5-py3-none-any.whl
2022-12-27T02:24:12.6586200Z Collecting protobuf>=3.0.0a3
2022-12-27T02:24:12.6620130Z   Using cached protobuf-4.21.12-cp37-abi3-macosx_10_9_universal2.whl (486 kB)
2022-12-27T02:24:12.6886730Z Collecting six>=1.10
2022-12-27T02:24:12.6909870Z   Using cached six-1.16.0-py2.py3-none-any.whl (11 kB)
2022-12-27T02:24:12.6927150Z Requirement already satisfied: wheel>=0.29 in /private/var/folders/51/hd414ycd67n82196sw51xqtc0000gn/T/cibw-run-p67r47bk/cp38-macosx_arm64/build/venv/lib/python3.8/site-packages (from -r requirements.txt (line 8)) (0.38.4)
2022-12-27T02:24:12.7330890Z Installing collected packages: futures, enum34, six, protobuf, coverage
2022-12-27T02:24:12.9816720Z Successfully installed coverage-7.0.1 enum34-1.1.10 futures-3.0.5 protobuf-4.21.12 six-1.16.0
2022-12-27T02:24:13.0318400Z ##[endgroup]
2022-12-27T02:24:13.0319190Z                                                               [32mâœ“ [0m2.87s
2022-12-27T02:24:13.0319770Z ##[group]Building wheel...
2022-12-27T02:24:13.0319940Z 
2022-12-27T02:24:13.0324870Z + python -m pip wheel /Users/runner/actions-runner/_work/python.build/python.build/build_grpcio015038/grpcio-0.15.0 --wheel-dir=/private/var/folders/51/hd414ycd67n82196sw51xqtc0000gn/T/cibw-run-p67r47bk/cp38-macosx_arm64/built_wheel --no-deps -vvv
2022-12-27T02:24:13.3122200Z Created temporary directory: /private/var/folders/51/hd414ycd67n82196sw51xqtc0000gn/T/pip-ephem-wheel-cache-d8ebhy5k
2022-12-27T02:24:13.3126930Z Created temporary directory: /private/var/folders/51/hd414ycd67n82196sw51xqtc0000gn/T/pip-build-tracker-q1wmqb_3
2022-12-27T02:24:13.3128510Z Initialized build tracking at /private/var/folders/51/hd414ycd67n82196sw51xqtc0000gn/T/pip-build-tracker-q1wmqb_3
2022-12-27T02:24:13.3130120Z Created build tracker: /private/var/folders/51/hd414ycd67n82196sw51xqtc0000gn/T/pip-build-tracker-q1wmqb_3
2022-12-27T02:24:13.3131610Z Entered build tracker: /private/var/folders/51/hd414ycd67n82196sw51xqtc0000gn/T/pip-build-tracker-q1wmqb_3
2022-12-27T02:24:13.3134850Z Created temporary directory: /private/var/folders/51/hd414ycd67n82196sw51xqtc0000gn/T/pip-wheel-caj8yhj0
2022-12-27T02:24:13.3141220Z Created temporary directory: /private/var/folders/51/hd414ycd67n82196sw51xqtc0000gn/T/pip-ephem-wheel-cache-y43kal4x
2022-12-27T02:24:13.3220220Z Processing /Users/runner/actions-runner/_work/python.build/python.build/build_grpcio015038/grpcio-0.15.0
2022-12-27T02:24:13.3225410Z   Added file:///Users/runner/actions-runner/_work/python.build/python.build/build_grpcio015038/grpcio-0.15.0 to build tracker '/private/var/folders/51/hd414ycd67n82196sw51xqtc0000gn/T/pip-build-tracker-q1wmqb_3'
2022-12-27T02:24:13.3228730Z   Running setup.py (path:/Users/runner/actions-runner/_work/python.build/python.build/build_grpcio015038/grpcio-0.15.0/setup.py) egg_info for package from file:///Users/runner/actions-runner/_work/python.build/python.build/build_grpcio015038/grpcio-0.15.0
2022-12-27T02:24:13.3231870Z   Created temporary directory: /private/var/folders/51/hd414ycd67n82196sw51xqtc0000gn/T/pip-pip-egg-info-uqm8_ebc
2022-12-27T02:24:13.3233360Z   Preparing metadata (setup.py): started
2022-12-27T02:24:13.3235250Z   Running command python setup.py egg_info
2022-12-27T02:24:14.7125550Z   Compiling ./src/python/grpcio/grpc/_cython/cygrpc.pyx because it depends on /private/var/folders/51/hd414ycd67n82196sw51xqtc0000gn/T/cibw-run-p67r47bk/cp38-macosx_arm64/build/venv/lib/python3.8/site-packages/Cython/Includes/libc/time.pxd.
2022-12-27T02:24:14.7126270Z   [1/1] Cythonizing ./src/python/grpcio/grpc/_cython/cygrpc.pyx
2022-12-27T02:24:28.5402680Z   running egg_info
2022-12-27T02:24:28.5407920Z   creating /private/var/folders/51/hd414ycd67n82196sw51xqtc0000gn/T/pip-pip-egg-info-uqm8_ebc/grpcio.egg-info
2022-12-27T02:24:28.5508990Z   writing /private/var/folders/51/hd414ycd67n82196sw51xqtc0000gn/T/pip-pip-egg-info-uqm8_ebc/grpcio.egg-info/PKG-INFO
2022-12-27T02:24:28.5511350Z   writing dependency_links to /private/var/folders/51/hd414ycd67n82196sw51xqtc0000gn/T/pip-pip-egg-info-uqm8_ebc/grpcio.egg-info/dependency_links.txt
2022-12-27T02:24:28.5514400Z   writing requirements to /private/var/folders/51/hd414ycd67n82196sw51xqtc0000gn/T/pip-pip-egg-info-uqm8_ebc/grpcio.egg-info/requires.txt
2022-12-27T02:24:28.5515800Z   writing top-level names to /private/var/folders/51/hd414ycd67n82196sw51xqtc0000gn/T/pip-pip-egg-info-uqm8_ebc/grpcio.egg-info/top_level.txt
2022-12-27T02:24:28.5520040Z   writing manifest file '/private/var/folders/51/hd414ycd67n82196sw51xqtc0000gn/T/pip-pip-egg-info-uqm8_ebc/grpcio.egg-info/SOURCES.txt'
2022-12-27T02:24:28.5800660Z   reading manifest file '/private/var/folders/51/hd414ycd67n82196sw51xqtc0000gn/T/pip-pip-egg-info-uqm8_ebc/grpcio.egg-info/SOURCES.txt'
2022-12-27T02:24:28.5802090Z   reading manifest template 'PYTHON-MANIFEST.in'
2022-12-27T02:24:28.5954240Z   /private/var/folders/51/hd414ycd67n82196sw51xqtc0000gn/T/cibw-run-p67r47bk/cp38-macosx_arm64/build/venv/lib/python3.8/site-packages/Cython/Compiler/Main.py:369: FutureWarning: Cython directive 'language_level' not set, using 2 for now (Py2). This will change in a later release! File: /Users/runner/actions-runner/_work/python.build/python.build/build_grpcio015038/grpcio-0.15.0/src/python/grpcio/grpc/_cython/cygrpc.pxd
2022-12-27T02:24:28.5955140Z     tree = Parsing.p_module(s, pxd, full_module_name)
2022-12-27T02:24:28.5957140Z   warning: ./src/python/grpcio/grpc/_cython/_cygrpc/grpc.pxi:146:13: 'GRPC_ARG_PRIMARY_USER_AGENT_STRING' redeclared
2022-12-27T02:24:28.5959170Z   /private/var/folders/51/hd414ycd67n82196sw51xqtc0000gn/T/cibw-run-p67r47bk/cp38-macosx_arm64/build/venv/lib/python3.8/site-packages/setuptools/installer.py:27: SetuptoolsDeprecationWarning: setuptools.installer is deprecated. Requirements should be satisfied by a PEP 517 installer.
2022-12-27T02:24:28.5960170Z     warnings.warn(
2022-12-27T02:24:28.5961820Z   warning: no files found matching '*.python' under directory 'src/python/grpcio/grpc'
2022-12-27T02:24:28.5976210Z   warning: no previously-included files matching '*.so' found under directory 'src/python/grpcio/grpc/_cython'
2022-12-27T02:24:28.5980060Z   warning: no previously-included files matching '*.pyd' found under directory 'src/python/grpcio/grpc/_cython'
2022-12-27T02:24:28.6365840Z   warning: no files found matching 'src/python/grpcio/precompiled.py'
2022-12-27T02:24:28.6614730Z   writing manifest file '/private/var/folders/51/hd414ycd67n82196sw51xqtc0000gn/T/pip-pip-egg-info-uqm8_ebc/grpcio.egg-info/SOURCES.txt'
2022-12-27T02:24:28.7228140Z   Preparing metadata (setup.py): finished with status 'done'
2022-12-27T02:24:28.7252170Z   Source in /Users/runner/actions-runner/_work/python.build/python.build/build_grpcio015038/grpcio-0.15.0 has version 0.15.0, which satisfies requirement grpcio==0.15.0 from file:///Users/runner/actions-runner/_work/python.build/python.build/build_grpcio015038/grpcio-0.15.0
2022-12-27T02:24:28.7255460Z   Removed grpcio==0.15.0 from file:///Users/runner/actions-runner/_work/python.build/python.build/build_grpcio015038/grpcio-0.15.0 from build tracker '/private/var/folders/51/hd414ycd67n82196sw51xqtc0000gn/T/pip-build-tracker-q1wmqb_3'
2022-12-27T02:24:28.7368420Z Created temporary directory: /private/var/folders/51/hd414ycd67n82196sw51xqtc0000gn/T/pip-unpack-gcp4yckr
2022-12-27T02:24:28.7370340Z Building wheels for collected packages: grpcio
2022-12-27T02:24:28.7375480Z   Created temporary directory: /private/var/folders/51/hd414ycd67n82196sw51xqtc0000gn/T/pip-wheel-p3chd14i
2022-12-27T02:24:28.7376890Z   Building wheel for grpcio (setup.py): started
2022-12-27T02:24:28.7379240Z   Destination directory: /private/var/folders/51/hd414ycd67n82196sw51xqtc0000gn/T/pip-wheel-p3chd14i
2022-12-27T02:24:28.7379970Z   Running command python setup.py bdist_wheel
2022-12-27T02:24:29.1621370Z   /private/var/folders/51/hd414ycd67n82196sw51xqtc0000gn/T/cibw-run-p67r47bk/cp38-macosx_arm64/build/venv/lib/python3.8/site-packages/setuptools/installer.py:27: SetuptoolsDeprecationWarning: setuptools.installer is deprecated. Requirements should be satisfied by a PEP 517 installer.
2022-12-27T02:24:29.1622090Z     warnings.warn(
2022-12-27T02:24:29.7754190Z   Traceback (most recent call last):
2022-12-27T02:24:29.7762200Z     File "<string>", line 2, in <module>
2022-12-27T02:24:29.7763010Z     File "<pip-setuptools-caller>", line 34, in <module>
2022-12-27T02:24:29.7763660Z     File "/Users/runner/actions-runner/_work/python.build/python.build/build_grpcio015038/grpcio-0.15.0/setup.py", line 244, in <module>
2022-12-27T02:24:29.7764040Z       setuptools.setup(
2022-12-27T02:24:29.7764660Z     File "/private/var/folders/51/hd414ycd67n82196sw51xqtc0000gn/T/cibw-run-p67r47bk/cp38-macosx_arm64/build/venv/lib/python3.8/site-packages/setuptools/__init__.py", line 86, in setup
2022-12-27T02:24:29.7765210Z       _install_setup_requires(attrs)
2022-12-27T02:24:29.7765890Z     File "/private/var/folders/51/hd414ycd67n82196sw51xqtc0000gn/T/cibw-run-p67r47bk/cp38-macosx_arm64/build/venv/lib/python3.8/site-packages/setuptools/__init__.py", line 80, in _install_setup_requires
2022-12-27T02:24:29.7766400Z       dist.fetch_build_eggs(dist.setup_requires)
2022-12-27T02:24:29.7767360Z     File "/private/var/folders/51/hd414ycd67n82196sw51xqtc0000gn/T/cibw-run-p67r47bk/cp38-macosx_arm64/build/venv/lib/python3.8/site-packages/setuptools/dist.py", line 874, in fetch_build_eggs
2022-12-27T02:24:29.7768700Z       resolved_dists = pkg_resources.working_set.resolve(
2022-12-27T02:24:29.7770540Z     File "/private/var/folders/51/hd414ycd67n82196sw51xqtc0000gn/T/cibw-run-p67r47bk/cp38-macosx_arm64/build/venv/lib/python3.8/site-packages/pkg_resources/__init__.py", line 789, in resolve
2022-12-27T02:24:29.7771590Z       dist = best[req.key] = env.best_match(
2022-12-27T02:24:29.7773840Z     File "/private/var/folders/51/hd414ycd67n82196sw51xqtc0000gn/T/cibw-run-p67r47bk/cp38-macosx_arm64/build/venv/lib/python3.8/site-packages/pkg_resources/__init__.py", line 1075, in best_match
2022-12-27T02:24:29.7774770Z       return self.obtain(req, installer)
2022-12-27T02:24:29.7776670Z     File "/private/var/folders/51/hd414ycd67n82196sw51xqtc0000gn/T/cibw-run-p67r47bk/cp38-macosx_arm64/build/venv/lib/python3.8/site-packages/pkg_resources/__init__.py", line 1087, in obtain
2022-12-27T02:24:29.7777590Z       return installer(requirement)
2022-12-27T02:24:29.7779410Z     File "/private/var/folders/51/hd414ycd67n82196sw51xqtc0000gn/T/cibw-run-p67r47bk/cp38-macosx_arm64/build/venv/lib/python3.8/site-packages/setuptools/dist.py", line 944, in fetch_build_egg
2022-12-27T02:24:29.7780330Z       return fetch_build_egg(self, req)
2022-12-27T02:24:29.7782030Z     File "/private/var/folders/51/hd414ycd67n82196sw51xqtc0000gn/T/cibw-run-p67r47bk/cp38-macosx_arm64/build/venv/lib/python3.8/site-packages/setuptools/installer.py", line 87, in fetch_build_egg
2022-12-27T02:24:29.7783110Z       wheel.install_as_egg(dist_location)
2022-12-27T02:24:29.7784900Z     File "/private/var/folders/51/hd414ycd67n82196sw51xqtc0000gn/T/cibw-run-p67r47bk/cp38-macosx_arm64/build/venv/lib/python3.8/site-packages/setuptools/wheel.py", line 110, in install_as_egg
2022-12-27T02:24:29.7785920Z       self._install_as_egg(destination_eggdir, zf)
2022-12-27T02:24:29.7787730Z     File "/private/var/folders/51/hd414ycd67n82196sw51xqtc0000gn/T/cibw-run-p67r47bk/cp38-macosx_arm64/build/venv/lib/python3.8/site-packages/setuptools/wheel.py", line 118, in _install_as_egg
2022-12-27T02:24:29.7788800Z       self._convert_metadata(zf, destination_eggdir, dist_info, egg_info)
2022-12-27T02:24:29.7790710Z     File "/private/var/folders/51/hd414ycd67n82196sw51xqtc0000gn/T/cibw-run-p67r47bk/cp38-macosx_arm64/build/venv/lib/python3.8/site-packages/setuptools/wheel.py", line 162, in _convert_metadata
2022-12-27T02:24:29.7791500Z       os.rename(dist_info, egg_info)
2022-12-27T02:24:29.7794380Z   OSError: [Errno 66] Directory not empty: '/Users/runner/actions-runner/_work/python.build/python.build/build_grpcio015038/grpcio-0.15.0/.eggs/MarkupSafe-2.1.1-py3.8-macosx-11.0-arm64.egg/MarkupSafe-2.1.1.dist-info' -> '/Users/runner/actions-runner/_work/python.build/python.build/build_grpcio015038/grpcio-0.15.0/.eggs/MarkupSafe-2.1.1-py3.8-macosx-11.0-arm64.egg/EGG-INFO'
2022-12-27T02:24:29.8182330Z   error: subprocess-exited-with-error
2022-12-27T02:24:29.8182700Z   
2022-12-27T02:24:29.8183270Z   Ã— python setup.py bdist_wheel did not run successfully.
2022-12-27T02:24:29.8183750Z   â”‚ exit code: 1
2022-12-27T02:24:29.8184110Z   â•°â”€> See above for output.
2022-12-27T02:24:29.8184330Z   
2022-12-27T02:24:29.8184680Z   note: This error originates from a subprocess, and is likely not a problem with pip.
2022-12-27T02:24:29.8192090Z   full command: /private/var/folders/51/hd414ycd67n82196sw51xqtc0000gn/T/cibw-run-p67r47bk/cp38-macosx_arm64/build/venv/bin/python -u -c '
2022-12-27T02:24:29.8192600Z   exec(compile('"'"''"'"''"'"'
2022-12-27T02:24:29.8192960Z   # This is <pip-setuptools-caller> -- a caller that pip uses to run setup.py
2022-12-27T02:24:29.8193240Z   #
2022-12-27T02:24:29.8193650Z   # - It imports setuptools before invoking setup.py, to enable projects that directly
2022-12-27T02:24:29.8194140Z   #   import from `distutils.core` to work with newer packaging standards.
2022-12-27T02:24:29.8194510Z   # - It provides a clear error message when setuptools is not installed.
2022-12-27T02:24:29.8194940Z   # - It sets `sys.argv[0]` to the underlying `setup.py`, when invoking `setup.py` so
2022-12-27T02:24:29.8195420Z   #   setuptools doesn'"'"'t think the script is `-c`. This avoids the following warning:
2022-12-27T02:24:29.8196010Z   #     manifest_maker: standard file '"'"'-c'"'"' not found".
2022-12-27T02:24:29.8196420Z   # - It generates a shim setup.py, for handling setup.cfg-only projects.
2022-12-27T02:24:29.8196790Z   import os, sys, tokenize
2022-12-27T02:24:29.8197030Z   
2022-12-27T02:24:29.8197190Z   try:
2022-12-27T02:24:29.8197690Z       import setuptools
2022-12-27T02:24:29.8198000Z   except ImportError as error:
2022-12-27T02:24:29.8198190Z       print(
2022-12-27T02:24:29.8198550Z           "ERROR: Can not execute `setup.py` since setuptools is not available in "
2022-12-27T02:24:29.8198870Z           "the build environment.",
2022-12-27T02:24:29.8199060Z           file=sys.stderr,
2022-12-27T02:24:29.8199340Z       )
2022-12-27T02:24:29.8199550Z       sys.exit(1)
2022-12-27T02:24:29.8199720Z   
2022-12-27T02:24:29.8199910Z   __file__ = %r
2022-12-27T02:24:29.8200170Z   sys.argv[0] = __file__
2022-12-27T02:24:29.8265670Z   
2022-12-27T02:24:29.8265920Z   if os.path.exists(__file__):
2022-12-27T02:24:29.8266110Z       filename = __file__
2022-12-27T02:24:29.8266250Z       with tokenize.open(__file__) as f:
2022-12-27T02:24:29.8266410Z           setup_py_code = f.read()
2022-12-27T02:24:29.8266580Z   else:
2022-12-27T02:24:29.8266840Z       filename = "<auto-generated setuptools caller>"
2022-12-27T02:24:29.8267090Z       setup_py_code = "from setuptools import setup; setup()"
2022-12-27T02:24:29.8267270Z   
2022-12-27T02:24:29.8267390Z   exec(compile(setup_py_code, filename, "exec"))
2022-12-27T02:24:29.8267920Z   '"'"''"'"''"'"' % ('"'"'/Users/runner/actions-runner/_work/python.build/python.build/build_grpcio015038/grpcio-0.15.0/setup.py'"'"',), "<pip-setuptools-caller>", "exec"))' bdist_wheel -d /private/var/folders/51/hd414ycd67n82196sw51xqtc0000gn/T/pip-wheel-p3chd14i
2022-12-27T02:24:29.8268410Z   cwd: /Users/runner/actions-runner/_work/python.build/python.build/build_grpcio015038/grpcio-0.15.0/
2022-12-27T02:24:29.8268640Z   ERROR: Failed building wheel for grpcio
2022-12-27T02:24:29.8268890Z   Building wheel for grpcio (setup.py): finished with status 'error'
2022-12-27T02:24:29.8269130Z   Running command python setup.py clean
2022-12-27T02:24:29.8269550Z   Running setup.py clean for grpcio
2022-12-27T02:24:30.2428820Z   /private/var/folders/51/hd414ycd67n82196sw51xqtc0000gn/T/cibw-run-p67r47bk/cp38-macosx_arm64/build/venv/lib/python3.8/site-packages/setuptools/installer.py:27: SetuptoolsDeprecationWarning: setuptools.installer is deprecated. Requirements should be satisfied by a PEP 517 installer.
2022-12-27T02:24:30.2429490Z     warnings.warn(
2022-12-27T02:24:30.8546780Z   Traceback (most recent call last):
2022-12-27T02:24:30.8548350Z     File "<string>", line 2, in <module>
2022-12-27T02:24:30.8550790Z     File "<pip-setuptools-caller>", line 34, in <module>
2022-12-27T02:24:30.8552640Z     File "/Users/runner/actions-runner/_work/python.build/python.build/build_grpcio015038/grpcio-0.15.0/setup.py", line 244, in <module>
2022-12-27T02:24:30.8553580Z       setuptools.setup(
2022-12-27T02:24:30.8555670Z     File "/private/var/folders/51/hd414ycd67n82196sw51xqtc0000gn/T/cibw-run-p67r47bk/cp38-macosx_arm64/build/venv/lib/python3.8/site-packages/setuptools/__init__.py", line 86, in setup
2022-12-27T02:24:30.8556560Z       _install_setup_requires(attrs)
2022-12-27T02:24:30.8558910Z     File "/private/var/folders/51/hd414ycd67n82196sw51xqtc0000gn/T/cibw-run-p67r47bk/cp38-macosx_arm64/build/venv/lib/python3.8/site-packages/setuptools/__init__.py", line 80, in _install_setup_requires
2022-12-27T02:24:30.8559630Z       dist.fetch_build_eggs(dist.setup_requires)
2022-12-27T02:24:30.8561300Z     File "/private/var/folders/51/hd414ycd67n82196sw51xqtc0000gn/T/cibw-run-p67r47bk/cp38-macosx_arm64/build/venv/lib/python3.8/site-packages/setuptools/dist.py", line 874, in fetch_build_eggs
2022-12-27T02:24:30.8562670Z       resolved_dists = pkg_resources.working_set.resolve(
2022-12-27T02:24:30.8564270Z     File "/private/var/folders/51/hd414ycd67n82196sw51xqtc0000gn/T/cibw-run-p67r47bk/cp38-macosx_arm64/build/venv/lib/python3.8/site-packages/pkg_resources/__init__.py", line 789, in resolve
2022-12-27T02:24:30.8565420Z       dist = best[req.key] = env.best_match(
2022-12-27T02:24:30.8567470Z     File "/private/var/folders/51/hd414ycd67n82196sw51xqtc0000gn/T/cibw-run-p67r47bk/cp38-macosx_arm64/build/venv/lib/python3.8/site-packages/pkg_resources/__init__.py", line 1075, in best_match
2022-12-27T02:24:30.8568050Z       return self.obtain(req, installer)
2022-12-27T02:24:30.8570030Z     File "/private/var/folders/51/hd414ycd67n82196sw51xqtc0000gn/T/cibw-run-p67r47bk/cp38-macosx_arm64/build/venv/lib/python3.8/site-packages/pkg_resources/__init__.py", line 1087, in obtain
2022-12-27T02:24:30.8570870Z       return installer(requirement)
2022-12-27T02:24:30.8572630Z     File "/private/var/folders/51/hd414ycd67n82196sw51xqtc0000gn/T/cibw-run-p67r47bk/cp38-macosx_arm64/build/venv/lib/python3.8/site-packages/setuptools/dist.py", line 944, in fetch_build_egg
2022-12-27T02:24:30.8573590Z       return fetch_build_egg(self, req)
2022-12-27T02:24:30.8575420Z     File "/private/var/folders/51/hd414ycd67n82196sw51xqtc0000gn/T/cibw-run-p67r47bk/cp38-macosx_arm64/build/venv/lib/python3.8/site-packages/setuptools/installer.py", line 87, in fetch_build_egg
2022-12-27T02:24:30.8576310Z       wheel.install_as_egg(dist_location)
2022-12-27T02:24:30.8578120Z     File "/private/var/folders/51/hd414ycd67n82196sw51xqtc0000gn/T/cibw-run-p67r47bk/cp38-macosx_arm64/build/venv/lib/python3.8/site-packages/setuptools/wheel.py", line 110, in install_as_egg
2022-12-27T02:24:30.8579070Z       self._install_as_egg(destination_eggdir, zf)
2022-12-27T02:24:30.8580980Z     File "/private/var/folders/51/hd414ycd67n82196sw51xqtc0000gn/T/cibw-run-p67r47bk/cp38-macosx_arm64/build/venv/lib/python3.8/site-packages/setuptools/wheel.py", line 118, in _install_as_egg
2022-12-27T02:24:30.8581790Z       self._convert_metadata(zf, destination_eggdir, dist_info, egg_info)
2022-12-27T02:24:30.8583720Z     File "/private/var/folders/51/hd414ycd67n82196sw51xqtc0000gn/T/cibw-run-p67r47bk/cp38-macosx_arm64/build/venv/lib/python3.8/site-packages/setuptools/wheel.py", line 162, in _convert_metadata
2022-12-27T02:24:30.8584640Z       os.rename(dist_info, egg_info)
2022-12-27T02:24:30.8587070Z   OSError: [Errno 66] Directory not empty: '/Users/runner/actions-runner/_work/python.build/python.build/build_grpcio015038/grpcio-0.15.0/.eggs/MarkupSafe-2.1.1-py3.8-macosx-11.0-arm64.egg/MarkupSafe-2.1.1.dist-info' -> '/Users/runner/actions-runner/_work/python.build/python.build/build_grpcio015038/grpcio-0.15.0/.eggs/MarkupSafe-2.1.1-py3.8-macosx-11.0-arm64.egg/EGG-INFO'
2022-12-27T02:24:30.8940820Z   error: subprocess-exited-with-error
2022-12-27T02:24:30.8941120Z   
2022-12-27T02:24:30.8941430Z   Ã— python setup.py clean did not run successfully.
2022-12-27T02:24:30.8941710Z   â”‚ exit code: 1
2022-12-27T02:24:30.8942010Z   â•°â”€> See above for output.
2022-12-27T02:24:30.8942230Z   
2022-12-27T02:24:30.8942470Z   note: This error originates from a subprocess, and is likely not a problem with pip.
2022-12-27T02:24:30.8951840Z   full command: /private/var/folders/51/hd414ycd67n82196sw51xqtc0000gn/T/cibw-run-p67r47bk/cp38-macosx_arm64/build/venv/bin/python -u -c '
2022-12-27T02:24:30.8952340Z   exec(compile('"'"''"'"''"'"'
2022-12-27T02:24:30.8952730Z   # This is <pip-setuptools-caller> -- a caller that pip uses to run setup.py
2022-12-27T02:24:30.8953000Z   #
2022-12-27T02:24:30.8953360Z   # - It imports setuptools before invoking setup.py, to enable projects that directly
2022-12-27T02:24:30.8953680Z   #   import from `distutils.core` to work with newer packaging standards.
2022-12-27T02:24:30.8954120Z   # - It provides a clear error message when setuptools is not installed.
2022-12-27T02:24:30.8954480Z   # - It sets `sys.argv[0]` to the underlying `setup.py`, when invoking `setup.py` so
2022-12-27T02:24:30.8954860Z   #   setuptools doesn'"'"'t think the script is `-c`. This avoids the following warning:
2022-12-27T02:24:30.8955220Z   #     manifest_maker: standard file '"'"'-c'"'"' not found".
2022-12-27T02:24:30.8955540Z   # - It generates a shim setup.py, for handling setup.cfg-only projects.
2022-12-27T02:24:30.8956260Z   import os, sys, tokenize
2022-12-27T02:24:30.8956430Z   
2022-12-27T02:24:30.8956550Z   try:
2022-12-27T02:24:30.8956720Z       import setuptools
2022-12-27T02:24:30.8956890Z   except ImportError as error:
2022-12-27T02:24:30.8957080Z       print(
2022-12-27T02:24:30.8957340Z           "ERROR: Can not execute `setup.py` since setuptools is not available in "
2022-12-27T02:24:30.8957600Z           "the build environment.",
2022-12-27T02:24:30.8957800Z           file=sys.stderr,
2022-12-27T02:24:30.8957990Z       )
2022-12-27T02:24:30.8958170Z       sys.exit(1)
2022-12-27T02:24:30.8958350Z   
2022-12-27T02:24:30.8958500Z   __file__ = %r
2022-12-27T02:24:30.8958700Z   sys.argv[0] = __file__
2022-12-27T02:24:30.8958870Z   
2022-12-27T02:24:30.8959040Z   if os.path.exists(__file__):
2022-12-27T02:24:30.8959260Z       filename = __file__
2022-12-27T02:24:30.8959490Z       with tokenize.open(__file__) as f:
2022-12-27T02:24:30.8959700Z           setup_py_code = f.read()
2022-12-27T02:24:30.8960080Z   else:
2022-12-27T02:24:30.8960410Z       filename = "<auto-generated setuptools caller>"
2022-12-27T02:24:30.8960700Z       setup_py_code = "from setuptools import setup; setup()"
2022-12-27T02:24:30.8960900Z   
2022-12-27T02:24:30.8961120Z   exec(compile(setup_py_code, filename, "exec"))
2022-12-27T02:24:30.8961650Z   '"'"''"'"''"'"' % ('"'"'/Users/runner/actions-runner/_work/python.build/python.build/build_grpcio015038/grpcio-0.15.0/setup.py'"'"',), "<pip-setuptools-caller>", "exec"))' clean --all
2022-12-27T02:24:30.8962150Z   cwd: /Users/runner/actions-runner/_work/python.build/python.build/build_grpcio015038/grpcio-0.15.0
2022-12-27T02:24:30.8962480Z   ERROR: Failed cleaning build dir for grpcio
2022-12-27T02:24:30.8963330Z Failed to build grpcio
2022-12-27T02:24:30.8966880Z ERROR: Failed to build one or more wheels
2022-12-27T02:24:30.8975860Z Exception information:
2022-12-27T02:24:30.8976100Z Traceback (most recent call last):
2022-12-27T02:24:30.8977010Z   File "/private/var/folders/51/hd414ycd67n82196sw51xqtc0000gn/T/cibw-run-p67r47bk/cp38-macosx_arm64/build/venv/lib/python3.8/site-packages/pip/_internal/cli/base_command.py", line 160, in exc_logging_wrapper
2022-12-27T02:24:30.8977440Z     status = run_func(*args)
2022-12-27T02:24:30.8978010Z   File "/private/var/folders/51/hd414ycd67n82196sw51xqtc0000gn/T/cibw-run-p67r47bk/cp38-macosx_arm64/build/venv/lib/python3.8/site-packages/pip/_internal/cli/req_command.py", line 247, in wrapper
2022-12-27T02:24:30.8978390Z     return func(self, options, args)
2022-12-27T02:24:30.8978880Z   File "/private/var/folders/51/hd414ycd67n82196sw51xqtc0000gn/T/cibw-run-p67r47bk/cp38-macosx_arm64/build/venv/lib/python3.8/site-packages/pip/_internal/commands/wheel.py", line 201, in run
2022-12-27T02:24:30.8979250Z     raise CommandError("Failed to build one or more wheels")
2022-12-27T02:24:30.8979530Z pip._internal.exceptions.CommandError: Failed to build one or more wheels
2022-12-27T02:24:30.8980030Z Removed build tracker: '/private/var/folders/51/hd414ycd67n82196sw51xqtc0000gn/T/pip-build-tracker-q1wmqb_3'
2022-12-27T02:24:30.9374300Z ##[endgroup]
2022-12-27T02:24:30.9374960Z                                                              [31mâœ• [0m17.91s
2022-12-27T02:24:30.9874800Z ##[error]Command ['python', '-m', 'pip', 'wheel', '/Users/runner/actions-runner/_work/python.build/python.build/build_grpcio015038/grpcio-0.15.0', '--wheel-dir=/private/var/folders/51/hd414ycd67n82196sw51xqtc0000gn/T/cibw-run-p67r47bk/cp38-macosx_arm64/built_wheel', '--no-deps', '-vvv'] failed with code 1. None
2022-12-27T02:24:30.9880450Z 
2022-12-27T02:24:30.9995660Z ##[error]Process completed with exit code 1.
2022-12-27T02:24:31.0028840Z ##[group]Run rm -rf build_grpcio015038 wheelsout
2022-12-27T02:24:31.0029020Z [36;1mrm -rf build_grpcio015038 wheelsout[0m
2022-12-27T02:24:31.0043760Z shell: /bin/bash -e {0}
2022-12-27T02:24:31.0043890Z env:
2022-12-27T02:24:31.0044050Z   pythonLocation: /Users/runner/hostedtoolcache/Python/3.8.15/x64
2022-12-27T02:24:31.0044420Z   PKG_CONFIG_PATH: /Users/runner/hostedtoolcache/Python/3.8.15/x64/lib/pkgconfig
2022-12-27T02:24:31.0044620Z   Python_ROOT_DIR: /Users/runner/hostedtoolcache/Python/3.8.15/x64
2022-12-27T02:24:31.0044800Z   Python2_ROOT_DIR: /Users/runner/hostedtoolcache/Python/3.8.15/x64
2022-12-27T02:24:31.0044990Z   Python3_ROOT_DIR: /Users/runner/hostedtoolcache/Python/3.8.15/x64
2022-12-27T02:24:31.0045150Z ##[endgroup]
2022-12-27T02:24:31.3433720Z Cleaning up orphan processes
