2022-12-27T08:50:23.5961064Z Requested labels: self-hosted, macOS, X64
2022-12-27T08:50:23.5961158Z Job defined at: kilnbuild/python.build/.github/workflows/mac_arm_build.yml@refs/heads/main
2022-12-27T08:50:23.5961190Z Waiting for a runner to pick up this job...
2022-12-27T11:19:52.8203020Z Job is about to start running on the runner: kr2 (organization)
2022-12-27T11:19:59.5925150Z Current runner version: '2.300.2'
2022-12-27T11:19:59.5932600Z Runner name: 'kr2'
2022-12-27T11:19:59.5933000Z Runner group name: 'Default'
2022-12-27T11:19:59.5933780Z Machine name: 'kr2'
2022-12-27T11:19:59.5936360Z ##[group]GITHUB_TOKEN Permissions
2022-12-27T11:19:59.5937070Z Actions: write
2022-12-27T11:19:59.5937310Z Checks: write
2022-12-27T11:19:59.5937540Z Contents: write
2022-12-27T11:19:59.5937800Z Deployments: write
2022-12-27T11:19:59.5938040Z Discussions: write
2022-12-27T11:19:59.5938290Z Issues: write
2022-12-27T11:19:59.5938530Z Metadata: read
2022-12-27T11:19:59.5938760Z Packages: write
2022-12-27T11:19:59.5939000Z Pages: write
2022-12-27T11:19:59.5939250Z PullRequests: write
2022-12-27T11:19:59.5939620Z RepositoryProjects: write
2022-12-27T11:19:59.5939900Z SecurityEvents: write
2022-12-27T11:19:59.5940150Z Statuses: write
2022-12-27T11:19:59.5940380Z ##[endgroup]
2022-12-27T11:19:59.5943810Z Secret source: Actions
2022-12-27T11:19:59.5944270Z Prepare workflow directory
2022-12-27T11:19:59.7037760Z Prepare all required actions
2022-12-27T11:19:59.7244210Z Getting action download info
2022-12-27T11:20:00.2207700Z Download action repository 'actions/setup-python@v4' (SHA:5ccb29d8773c3f3f653e1705f474dfaa8a06a912)
2022-12-27T11:20:02.1299100Z Download action repository 'actions/upload-artifact@v3' (SHA:83fd05a356d7e2593de66fc9913b3002723633cb)
2022-12-27T11:20:03.5935080Z ##[group]Run echo '{
2022-12-27T11:20:03.5935670Z [36;1mecho '{[0m
2022-12-27T11:20:03.5935960Z [36;1m  "package_name": "lxml",[0m
2022-12-27T11:20:03.5936360Z [36;1m  "package_url": "https://files.pythonhosted.org/packages/d8/7f/b384d5b459b8b965218e8b89e748393cbddbd7090eb4febca20fa483492d/lxml-1.1alpha.tar.gz",[0m
2022-12-27T11:20:03.5936710Z [36;1m  "package_version": "1.1alpha",[0m
2022-12-27T11:20:03.5936920Z [36;1m  "python_version": "3.9",[0m
2022-12-27T11:20:03.5937130Z [36;1m  "use_ccache": "true"[0m
2022-12-27T11:20:03.5937300Z [36;1m}'[0m
2022-12-27T11:20:03.5964300Z shell: /bin/bash -e {0}
2022-12-27T11:20:03.5964530Z ##[endgroup]
2022-12-27T11:20:03.6391730Z {
2022-12-27T11:20:03.6394450Z   "package_name": "lxml",
2022-12-27T11:20:03.6395720Z   "package_url": "https://files.pythonhosted.org/packages/d8/7f/b384d5b459b8b965218e8b89e748393cbddbd7090eb4febca20fa483492d/lxml-1.1alpha.tar.gz",
2022-12-27T11:20:03.6396290Z   "package_version": "1.1alpha",
2022-12-27T11:20:03.6396750Z   "python_version": "3.9",
2022-12-27T11:20:03.6397120Z   "use_ccache": "true"
2022-12-27T11:20:03.6397430Z }
2022-12-27T11:20:03.6753150Z ##[group]Run actions/setup-python@v4
2022-12-27T11:20:03.6753650Z with:
2022-12-27T11:20:03.6753980Z   python-version: 3.9
2022-12-27T11:20:03.6754240Z   check-latest: false
2022-12-27T11:20:03.6754750Z   token: ***
2022-12-27T11:20:03.6755140Z   update-environment: true
2022-12-27T11:20:03.6755410Z ##[endgroup]
2022-12-27T11:20:03.9001860Z ##[group]Installed versions
2022-12-27T11:20:03.9061540Z Successfully set up CPython (3.9.16)
2022-12-27T11:20:03.9062260Z ##[endgroup]
2022-12-27T11:20:03.9302950Z ##[group]Run if [ "true" == "true" ]
2022-12-27T11:20:03.9303370Z [36;1mif [ "true" == "true" ][0m
2022-12-27T11:20:03.9303730Z [36;1mthen[0m
2022-12-27T11:20:03.9304250Z [36;1m  echo "CCACHE_PATH_PREPEND=/usr/local/opt/ccache/libexec" >> $GITHUB_OUTPUT[0m
2022-12-27T11:20:03.9304590Z [36;1melse[0m
2022-12-27T11:20:03.9304960Z [36;1m  echo "CCACHE_PATH_PREPEND=" >> $GITHUB_OUTPUT[0m
2022-12-27T11:20:03.9305320Z [36;1mfi[0m
2022-12-27T11:20:03.9333480Z shell: /bin/bash -e {0}
2022-12-27T11:20:03.9333850Z env:
2022-12-27T11:20:03.9334290Z   pythonLocation: /Users/runner/hostedtoolcache/Python/3.9.16/x64
2022-12-27T11:20:03.9334680Z   PKG_CONFIG_PATH: /Users/runner/hostedtoolcache/Python/3.9.16/x64/lib/pkgconfig
2022-12-27T11:20:03.9335220Z   Python_ROOT_DIR: /Users/runner/hostedtoolcache/Python/3.9.16/x64
2022-12-27T11:20:03.9335660Z   Python2_ROOT_DIR: /Users/runner/hostedtoolcache/Python/3.9.16/x64
2022-12-27T11:20:03.9336180Z   Python3_ROOT_DIR: /Users/runner/hostedtoolcache/Python/3.9.16/x64
2022-12-27T11:20:03.9337030Z ##[endgroup]
2022-12-27T11:20:03.9612340Z ##[group]Run echo "BUILD_NAME=$(echo lxml_1.1alpha_3.9 | tr -dc '[:alnum:]\n\r' | tr '[:upper:]' '[:lower:]')" >> $GITHUB_OUTPUT
2022-12-27T11:20:03.9613040Z [36;1mecho "BUILD_NAME=$(echo lxml_1.1alpha_3.9 | tr -dc '[:alnum:]\n\r' | tr '[:upper:]' '[:lower:]')" >> $GITHUB_OUTPUT[0m
2022-12-27T11:20:03.9639810Z shell: /bin/bash -e {0}
2022-12-27T11:20:03.9640140Z env:
2022-12-27T11:20:03.9640510Z   pythonLocation: /Users/runner/hostedtoolcache/Python/3.9.16/x64
2022-12-27T11:20:03.9641090Z   PKG_CONFIG_PATH: /Users/runner/hostedtoolcache/Python/3.9.16/x64/lib/pkgconfig
2022-12-27T11:20:03.9641480Z   Python_ROOT_DIR: /Users/runner/hostedtoolcache/Python/3.9.16/x64
2022-12-27T11:20:03.9642010Z   Python2_ROOT_DIR: /Users/runner/hostedtoolcache/Python/3.9.16/x64
2022-12-27T11:20:03.9642440Z   Python3_ROOT_DIR: /Users/runner/hostedtoolcache/Python/3.9.16/x64
2022-12-27T11:20:03.9642750Z ##[endgroup]
2022-12-27T11:20:03.9899820Z ##[group]Run echo "PYTHON_NO_DOTS=$(echo 3.9 | tr -dc '[:alnum:]\n\r' | tr '[:upper:]' '[:lower:]')" >> $GITHUB_OUTPUT
2022-12-27T11:20:03.9900580Z [36;1mecho "PYTHON_NO_DOTS=$(echo 3.9 | tr -dc '[:alnum:]\n\r' | tr '[:upper:]' '[:lower:]')" >> $GITHUB_OUTPUT[0m
2022-12-27T11:20:03.9929380Z shell: /bin/bash -e {0}
2022-12-27T11:20:03.9929810Z env:
2022-12-27T11:20:03.9930120Z   pythonLocation: /Users/runner/hostedtoolcache/Python/3.9.16/x64
2022-12-27T11:20:03.9930570Z   PKG_CONFIG_PATH: /Users/runner/hostedtoolcache/Python/3.9.16/x64/lib/pkgconfig
2022-12-27T11:20:03.9931020Z   Python_ROOT_DIR: /Users/runner/hostedtoolcache/Python/3.9.16/x64
2022-12-27T11:20:03.9931520Z   Python2_ROOT_DIR: /Users/runner/hostedtoolcache/Python/3.9.16/x64
2022-12-27T11:20:03.9931880Z   Python3_ROOT_DIR: /Users/runner/hostedtoolcache/Python/3.9.16/x64
2022-12-27T11:20:03.9932240Z ##[endgroup]
2022-12-27T11:20:04.0202860Z ##[group]Run rm -rf build_lxml11alpha39
2022-12-27T11:20:04.0203540Z [36;1mrm -rf build_lxml11alpha39[0m
2022-12-27T11:20:04.0203920Z [36;1mmkdir build_lxml11alpha39[0m
2022-12-27T11:20:04.0204270Z [36;1mcd build_lxml11alpha39[0m
2022-12-27T11:20:04.0204880Z [36;1m/usr/local/bin/wget --quiet https://files.pythonhosted.org/packages/d8/7f/b384d5b459b8b965218e8b89e748393cbddbd7090eb4febca20fa483492d/lxml-1.1alpha.tar.gz[0m
2022-12-27T11:20:04.0205370Z [36;1mtar xf *.tar.gz[0m
2022-12-27T11:20:04.0205710Z [36;1mcd *[0m
2022-12-27T11:20:04.0206060Z [36;1mpython -m pip install cibuildwheel==2.11.3[0m
2022-12-27T11:20:04.0206470Z [36;1mpython -m cibuildwheel --output-dir ../wheelsout[0m
2022-12-27T11:20:04.0234200Z shell: /bin/bash -e {0}
2022-12-27T11:20:04.0234450Z env:
2022-12-27T11:20:04.0234820Z   pythonLocation: /Users/runner/hostedtoolcache/Python/3.9.16/x64
2022-12-27T11:20:04.0235380Z   PKG_CONFIG_PATH: /Users/runner/hostedtoolcache/Python/3.9.16/x64/lib/pkgconfig
2022-12-27T11:20:04.0235760Z   Python_ROOT_DIR: /Users/runner/hostedtoolcache/Python/3.9.16/x64
2022-12-27T11:20:04.0236260Z   Python2_ROOT_DIR: /Users/runner/hostedtoolcache/Python/3.9.16/x64
2022-12-27T11:20:04.0236690Z   Python3_ROOT_DIR: /Users/runner/hostedtoolcache/Python/3.9.16/x64
2022-12-27T11:20:04.0237070Z   CIBW_ARCHS_MACOS: arm64
2022-12-27T11:20:04.0237320Z   CIBW_TEST_SKIP: *_arm64
2022-12-27T11:20:04.0237720Z   CIBW_BUILD: cp39-macosx_arm64
2022-12-27T11:20:04.0238050Z   CIBW_BUILD_FRONTEND: pip
2022-12-27T11:20:04.0238310Z   CIBW_BUILD_VERBOSITY: 3
2022-12-27T11:20:04.0238840Z   CIBW_ENVIRONMENT_MACOS:  CFLAGS="-I/usr/local/opt/openssl@3/include" LDFLAGS="-L/usr/local/opt/openssl@3/lib" CPPFLAGS="-I/usr/local/opt/openssl@3/include" MAKEFLAGS="-j$(sysctl -n hw.logicalcpu)" PATH=/usr/local/opt/ccache/libexec:$PATH
2022-12-27T11:20:04.0239530Z   CIBW_BEFORE_BUILD: pip install Cython; if [[ -f requirements.txt ]]; then pip install -r requirements.txt; fi
2022-12-27T11:20:04.0241250Z   MAKEFLAGS: -j$(sysctl -n hw.logicalcpu)
2022-12-27T11:20:04.0241530Z ##[endgroup]
2022-12-27T11:20:04.5864360Z Requirement already satisfied: cibuildwheel==2.11.3 in /Users/runner/hostedtoolcache/Python/3.9.16/x64/lib/python3.9/site-packages (2.11.3)
2022-12-27T11:20:04.6268030Z Requirement already satisfied: bashlex!=0.13 in /Users/runner/hostedtoolcache/Python/3.9.16/x64/lib/python3.9/site-packages (from cibuildwheel==2.11.3) (0.16)
2022-12-27T11:20:04.6270290Z Requirement already satisfied: filelock in /Users/runner/hostedtoolcache/Python/3.9.16/x64/lib/python3.9/site-packages (from cibuildwheel==2.11.3) (3.8.2)
2022-12-27T11:20:04.6286210Z Requirement already satisfied: typing-extensions>=4.1.0 in /Users/runner/hostedtoolcache/Python/3.9.16/x64/lib/python3.9/site-packages (from cibuildwheel==2.11.3) (4.4.0)
2022-12-27T11:20:04.6288950Z Requirement already satisfied: platformdirs in /Users/runner/hostedtoolcache/Python/3.9.16/x64/lib/python3.9/site-packages (from cibuildwheel==2.11.3) (2.6.0)
2022-12-27T11:20:04.6295140Z Requirement already satisfied: bracex in /Users/runner/hostedtoolcache/Python/3.9.16/x64/lib/python3.9/site-packages (from cibuildwheel==2.11.3) (2.3.post1)
2022-12-27T11:20:04.6300560Z Requirement already satisfied: certifi in /Users/runner/hostedtoolcache/Python/3.9.16/x64/lib/python3.9/site-packages (from cibuildwheel==2.11.3) (2022.12.7)
2022-12-27T11:20:04.6308660Z Requirement already satisfied: tomli in /Users/runner/hostedtoolcache/Python/3.9.16/x64/lib/python3.9/site-packages (from cibuildwheel==2.11.3) (2.0.1)
2022-12-27T11:20:04.6318910Z Requirement already satisfied: packaging>=20.9 in /Users/runner/hostedtoolcache/Python/3.9.16/x64/lib/python3.9/site-packages (from cibuildwheel==2.11.3) (22.0)
2022-12-27T11:20:04.9314310Z 
2022-12-27T11:20:04.9315860Z      _ _       _ _   _       _           _
2022-12-27T11:20:04.9317080Z  ___|_| |_ _ _|_| |_| |_ _ _| |_ ___ ___| |
2022-12-27T11:20:04.9319130Z |  _| | . | | | | | . | | | |   | -_| -_| |
2022-12-27T11:20:04.9321280Z |___|_|___|___|_|_|___|_____|_|_|___|___|_|
2022-12-27T11:20:04.9321760Z 
2022-12-27T11:20:04.9322090Z cibuildwheel version 2.11.3
2022-12-27T11:20:04.9322490Z 
2022-12-27T11:20:04.9322810Z Build options:
2022-12-27T11:20:04.9323530Z   platform: macos
2022-12-27T11:20:04.9374940Z   architectures: arm64[0m
2022-12-27T11:20:04.9377940Z   build_selector: 
2022-12-27T11:20:04.9379370Z     build_config: cp39-macosx_arm64
2022-12-27T11:20:04.9380220Z     skip_config: 
2022-12-27T11:20:04.9383130Z     requires_python: None
2022-12-27T11:20:04.9384090Z     prerelease_pythons: False[0m
2022-12-27T11:20:04.9384700Z   [38;5;244mcontainer_engine: docker[0m
2022-12-27T11:20:04.9385360Z   output_dir: /Users/runner/actions-runner/_work/python.build/python.build/build_lxml11alpha39/wheelsout[0m
2022-12-27T11:20:04.9386850Z   package_dir: /Users/runner/actions-runner/_work/python.build/python.build/build_lxml11alpha39/lxml-1.1alpha[0m
2022-12-27T11:20:04.9387270Z   test_selector: 
2022-12-27T11:20:04.9387740Z     skip_config: *_arm64[0m
2022-12-27T11:20:04.9388190Z   [38;5;244mbefore_all: [0m
2022-12-27T11:20:04.9388720Z   before_build: pip install Cython; if [[ -f requirements.txt ]]; then pip install -r requirements.txt; fi[0m
2022-12-27T11:20:04.9389630Z   [38;5;244mbefore_test: [0m
2022-12-27T11:20:04.9390070Z   [38;5;244mbuild_frontend: pip[0m
2022-12-27T11:20:04.9390420Z   build_verbosity: 3[0m
2022-12-27T11:20:04.9390850Z   [38;5;244mconfig_settings: [0m
2022-12-27T11:20:04.9391540Z   [38;5;244mdependency_constraints: pinned[0m
2022-12-27T11:20:04.9391910Z   environment: 
2022-12-27T11:20:04.9392310Z     CFLAGS="-I/usr/local/opt/openssl@3/include"
2022-12-27T11:20:04.9392820Z     LDFLAGS="-L/usr/local/opt/openssl@3/lib"
2022-12-27T11:20:04.9393310Z     CPPFLAGS="-I/usr/local/opt/openssl@3/include"
2022-12-27T11:20:04.9393910Z     MAKEFLAGS="-j$(sysctl -n hw.logicalcpu)"
2022-12-27T11:20:04.9394410Z     PATH=/usr/local/opt/ccache/libexec:$PATH[0m
2022-12-27T11:20:04.9394890Z   [38;5;244mmanylinux_images: None[0m
2022-12-27T11:20:04.9395280Z   [38;5;244mmusllinux_images: None[0m
2022-12-27T11:20:04.9395870Z   [38;5;244mrepair_command: delocate-wheel --require-archs {delocate_archs} -w {dest_dir} -v {wheel}[0m
2022-12-27T11:20:04.9397400Z   [38;5;244mtest_command: [0m
2022-12-27T11:20:04.9397750Z   [38;5;244mtest_extras: [0m
2022-12-27T11:20:04.9398180Z   [38;5;244mtest_requires: [0m
2022-12-27T11:20:04.9398390Z 
2022-12-27T11:20:04.9398600Z Cache folder: /Users/runner/Library/Caches/cibuildwheel
2022-12-27T11:20:04.9408390Z 
2022-12-27T11:20:04.9408770Z Here we go!
2022-12-27T11:20:04.9409210Z 
2022-12-27T11:20:04.9498330Z 
2022-12-27T11:20:04.9499920Z [1m[34mBuilding cp39-macosx_arm64 wheel[0m
2022-12-27T11:20:04.9501450Z CPython 3.9 macOS arm64 - Apple Silicon
2022-12-27T11:20:04.9501990Z 
2022-12-27T11:20:04.9504740Z ##[group]Installing Python cp39...
2022-12-27T11:20:04.9505280Z 
2022-12-27T11:20:04.9505580Z + pkgutil --pkgs
2022-12-27T11:20:04.9700010Z ##[endgroup]
2022-12-27T11:20:04.9702550Z                                                               [32m✓ [0m0.02s
2022-12-27T11:20:04.9704020Z ##[group]Setting up build environment...
2022-12-27T11:20:04.9704730Z 
2022-12-27T11:20:04.9733470Z + /Users/runner/hostedtoolcache/Python/3.9.16/x64/bin/python -sS /Users/runner/Library/Caches/cibuildwheel/virtualenv-20.17.0.pyz --activators= --no-periodic-update --pip=22.3.1 --setuptools=65.6.3 --wheel=0.38.4 --symlink-app-data --python /Library/Frameworks/Python.framework/Versions/3.9/bin/python3 /private/var/folders/51/hd414ycd67n82196sw51xqtc0000gn/T/cibw-run-hzeq3jcc/cp39-macosx_arm64/build/venv
2022-12-27T11:20:05.2816690Z created virtual environment CPython3.9.13.final.0-64 in 79ms
2022-12-27T11:20:05.2818750Z   creator CPython3Posix(dest=/private/var/folders/51/hd414ycd67n82196sw51xqtc0000gn/T/cibw-run-hzeq3jcc/cp39-macosx_arm64/build/venv, clear=False, no_vcs_ignore=False, global=False)
2022-12-27T11:20:05.2820040Z   seeder FromAppData(download=False, pip=22.3.1, setuptools=65.6.3, wheel=0.38.4, via=symlink, app_data_dir=/Users/runner/Library/Application Support/virtualenv)
2022-12-27T11:20:05.2820650Z     added seed packages: pip==22.3.1, setuptools==65.6.3, wheel==0.38.4
2022-12-27T11:20:05.3056460Z + python -m pip install --upgrade pip -c /Users/runner/hostedtoolcache/Python/3.9.16/x64/lib/python3.9/site-packages/cibuildwheel/resources/constraints-python39.txt
2022-12-27T11:20:05.8301780Z Requirement already satisfied: pip in ./lib/python3.9/site-packages (22.3.1)
2022-12-27T11:20:06.1264420Z + which pip
2022-12-27T11:20:06.1310310Z /private/var/folders/51/hd414ycd67n82196sw51xqtc0000gn/T/cibw-run-hzeq3jcc/cp39-macosx_arm64/build/venv/bin/pip
2022-12-27T11:20:06.1312370Z + pip --version
2022-12-27T11:20:06.5088060Z pip 22.3.1 from /private/var/folders/51/hd414ycd67n82196sw51xqtc0000gn/T/cibw-run-hzeq3jcc/cp39-macosx_arm64/build/venv/lib/python3.9/site-packages/pip (python 3.9)
2022-12-27T11:20:06.5675510Z + which pip
2022-12-27T11:20:06.5732540Z + which python
2022-12-27T11:20:06.5774330Z /private/var/folders/51/hd414ycd67n82196sw51xqtc0000gn/T/cibw-run-hzeq3jcc/cp39-macosx_arm64/build/venv/bin/python
2022-12-27T11:20:06.5777480Z + python --version
2022-12-27T11:20:06.5881860Z Python 3.9.13
2022-12-27T11:20:06.5891090Z + which python
2022-12-27T11:20:06.6037390Z ##[endgroup]
2022-12-27T11:20:06.6038740Z                                                               [32m✓ [0m1.63s
2022-12-27T11:20:06.6040200Z ##[group]Installing build tools...
2022-12-27T11:20:06.6041010Z 
2022-12-27T11:20:06.6042080Z + pip install --upgrade setuptools wheel delocate -c /Users/runner/hostedtoolcache/Python/3.9.16/x64/lib/python3.9/site-packages/cibuildwheel/resources/constraints-python39.txt
2022-12-27T11:20:07.1176290Z Requirement already satisfied: setuptools in /private/var/folders/51/hd414ycd67n82196sw51xqtc0000gn/T/cibw-run-hzeq3jcc/cp39-macosx_arm64/build/venv/lib/python3.9/site-packages (65.6.3)
2022-12-27T11:20:07.5315430Z Requirement already satisfied: wheel in /private/var/folders/51/hd414ycd67n82196sw51xqtc0000gn/T/cibw-run-hzeq3jcc/cp39-macosx_arm64/build/venv/lib/python3.9/site-packages (0.38.4)
2022-12-27T11:20:07.6235210Z Collecting delocate
2022-12-27T11:20:07.6286850Z   Using cached delocate-0.10.3-py3-none-any.whl (142 kB)
2022-12-27T11:20:07.6709350Z Collecting typing-extensions
2022-12-27T11:20:07.6757520Z   Using cached typing_extensions-4.4.0-py3-none-any.whl (26 kB)
2022-12-27T11:20:07.7266590Z Collecting packaging>=20.9
2022-12-27T11:20:07.7333060Z   Using cached packaging-21.3-py3-none-any.whl (40 kB)
2022-12-27T11:20:07.8068220Z Collecting pyparsing!=3.0.5,>=2.0.2
2022-12-27T11:20:07.8121790Z   Using cached pyparsing-3.0.9-py3-none-any.whl (98 kB)
2022-12-27T11:20:07.8788530Z Installing collected packages: typing-extensions, pyparsing, packaging, delocate
2022-12-27T11:20:08.1317940Z Successfully installed delocate-0.10.3 packaging-21.3 pyparsing-3.0.9 typing-extensions-4.4.0
2022-12-27T11:20:08.2675990Z ##[endgroup]
2022-12-27T11:20:08.2677310Z                                                               [32m✓ [0m1.66s
2022-12-27T11:20:08.2678330Z ##[group]Running before_build...
2022-12-27T11:20:08.2678910Z 
2022-12-27T11:20:08.2697590Z + pip install Cython; if [[ -f requirements.txt ]]; then pip install -r requirements.txt; fi
2022-12-27T11:20:09.4951010Z Collecting Cython
2022-12-27T11:20:09.5047270Z   Using cached Cython-0.29.32-py2.py3-none-any.whl (986 kB)
2022-12-27T11:20:09.5860410Z Installing collected packages: Cython
2022-12-27T11:20:10.4297280Z Successfully installed Cython-0.29.32
2022-12-27T11:20:10.5260320Z ##[endgroup]
2022-12-27T11:20:10.5262030Z                                                               [32m✓ [0m2.26s
2022-12-27T11:20:10.5263490Z ##[group]Building wheel...
2022-12-27T11:20:10.5263830Z 
2022-12-27T11:20:10.5269040Z + python -m pip wheel /Users/runner/actions-runner/_work/python.build/python.build/build_lxml11alpha39/lxml-1.1alpha --wheel-dir=/private/var/folders/51/hd414ycd67n82196sw51xqtc0000gn/T/cibw-run-hzeq3jcc/cp39-macosx_arm64/built_wheel --no-deps -vvv
2022-12-27T11:20:10.9974000Z Created temporary directory: /private/var/folders/51/hd414ycd67n82196sw51xqtc0000gn/T/pip-ephem-wheel-cache-ltgxntou
2022-12-27T11:20:10.9979100Z Created temporary directory: /private/var/folders/51/hd414ycd67n82196sw51xqtc0000gn/T/pip-build-tracker-06qzpm5h
2022-12-27T11:20:10.9981560Z Initialized build tracking at /private/var/folders/51/hd414ycd67n82196sw51xqtc0000gn/T/pip-build-tracker-06qzpm5h
2022-12-27T11:20:10.9984280Z Created build tracker: /private/var/folders/51/hd414ycd67n82196sw51xqtc0000gn/T/pip-build-tracker-06qzpm5h
2022-12-27T11:20:10.9989220Z Entered build tracker: /private/var/folders/51/hd414ycd67n82196sw51xqtc0000gn/T/pip-build-tracker-06qzpm5h
2022-12-27T11:20:11.0000050Z Created temporary directory: /private/var/folders/51/hd414ycd67n82196sw51xqtc0000gn/T/pip-wheel-9p7o7gjh
2022-12-27T11:20:11.0022960Z Created temporary directory: /private/var/folders/51/hd414ycd67n82196sw51xqtc0000gn/T/pip-ephem-wheel-cache-bjjy0hot
2022-12-27T11:20:11.0392660Z Processing /Users/runner/actions-runner/_work/python.build/python.build/build_lxml11alpha39/lxml-1.1alpha
2022-12-27T11:20:11.0402090Z   Added file:///Users/runner/actions-runner/_work/python.build/python.build/build_lxml11alpha39/lxml-1.1alpha to build tracker '/private/var/folders/51/hd414ycd67n82196sw51xqtc0000gn/T/pip-build-tracker-06qzpm5h'
2022-12-27T11:20:11.0408800Z   Running setup.py (path:/Users/runner/actions-runner/_work/python.build/python.build/build_lxml11alpha39/lxml-1.1alpha/setup.py) egg_info for package from file:///Users/runner/actions-runner/_work/python.build/python.build/build_lxml11alpha39/lxml-1.1alpha
2022-12-27T11:20:11.0413970Z   Created temporary directory: /private/var/folders/51/hd414ycd67n82196sw51xqtc0000gn/T/pip-pip-egg-info-esmu5n57
2022-12-27T11:20:11.0418500Z   Preparing metadata (setup.py): started
2022-12-27T11:20:11.0420410Z   Running command python setup.py egg_info
2022-12-27T11:20:11.3080750Z   Traceback (most recent call last):
2022-12-27T11:20:11.3103120Z     File "<string>", line 2, in <module>
2022-12-27T11:20:11.3104450Z     File "<pip-setuptools-caller>", line 34, in <module>
2022-12-27T11:20:11.3106140Z     File "/Users/runner/actions-runner/_work/python.build/python.build/build_lxml11alpha39/lxml-1.1alpha/setup.py", line 25
2022-12-27T11:20:11.3109000Z       raise NotImplementedError, \
2022-12-27T11:20:11.3110850Z                                ^
2022-12-27T11:20:11.3111870Z   SyntaxError: invalid syntax
2022-12-27T11:20:11.3387100Z   error: subprocess-exited-with-error
2022-12-27T11:20:11.3388060Z   
2022-12-27T11:20:11.3389500Z   × python setup.py egg_info did not run successfully.
2022-12-27T11:20:11.3391440Z   │ exit code: 1
2022-12-27T11:20:11.3392610Z   ╰─> See above for output.
2022-12-27T11:20:11.3393350Z   
2022-12-27T11:20:11.3394180Z   note: This error originates from a subprocess, and is likely not a problem with pip.
2022-12-27T11:20:11.3404480Z   full command: /private/var/folders/51/hd414ycd67n82196sw51xqtc0000gn/T/cibw-run-hzeq3jcc/cp39-macosx_arm64/build/venv/bin/python -c '
2022-12-27T11:20:11.3406090Z   exec(compile('"'"''"'"''"'"'
2022-12-27T11:20:11.3407660Z   # This is <pip-setuptools-caller> -- a caller that pip uses to run setup.py
2022-12-27T11:20:11.3409020Z   #
2022-12-27T11:20:11.3410800Z   # - It imports setuptools before invoking setup.py, to enable projects that directly
2022-12-27T11:20:11.3412000Z   #   import from `distutils.core` to work with newer packaging standards.
2022-12-27T11:20:11.3413440Z   # - It provides a clear error message when setuptools is not installed.
2022-12-27T11:20:11.3414470Z   # - It sets `sys.argv[0]` to the underlying `setup.py`, when invoking `setup.py` so
2022-12-27T11:20:11.3415160Z   #   setuptools doesn'"'"'t think the script is `-c`. This avoids the following warning:
2022-12-27T11:20:11.3415910Z   #     manifest_maker: standard file '"'"'-c'"'"' not found".
2022-12-27T11:20:11.3416470Z   # - It generates a shim setup.py, for handling setup.cfg-only projects.
2022-12-27T11:20:11.3416910Z   import os, sys, tokenize
2022-12-27T11:20:11.3417860Z   
2022-12-27T11:20:11.3418250Z   try:
2022-12-27T11:20:11.3418880Z       import setuptools
2022-12-27T11:20:11.3419190Z   except ImportError as error:
2022-12-27T11:20:11.3419550Z       print(
2022-12-27T11:20:11.3419970Z           "ERROR: Can not execute `setup.py` since setuptools is not available in "
2022-12-27T11:20:11.3420320Z           "the build environment.",
2022-12-27T11:20:11.3420780Z           file=sys.stderr,
2022-12-27T11:20:11.3421120Z       )
2022-12-27T11:20:11.3421360Z       sys.exit(1)
2022-12-27T11:20:11.3421690Z   
2022-12-27T11:20:11.3422090Z   __file__ = %r
2022-12-27T11:20:11.3422370Z   sys.argv[0] = __file__
2022-12-27T11:20:11.3422700Z   
2022-12-27T11:20:11.3423130Z   if os.path.exists(__file__):
2022-12-27T11:20:11.3423420Z       filename = __file__
2022-12-27T11:20:11.3423960Z       with tokenize.open(__file__) as f:
2022-12-27T11:20:11.3424330Z           setup_py_code = f.read()
2022-12-27T11:20:11.3424590Z   else:
2022-12-27T11:20:11.3425050Z       filename = "<auto-generated setuptools caller>"
2022-12-27T11:20:11.3425480Z       setup_py_code = "from setuptools import setup; setup()"
2022-12-27T11:20:11.3425940Z   
2022-12-27T11:20:11.3426220Z   exec(compile(setup_py_code, filename, "exec"))
2022-12-27T11:20:11.3427080Z   '"'"''"'"''"'"' % ('"'"'/Users/runner/actions-runner/_work/python.build/python.build/build_lxml11alpha39/lxml-1.1alpha/setup.py'"'"',), "<pip-setuptools-caller>", "exec"))' egg_info --egg-base /private/var/folders/51/hd414ycd67n82196sw51xqtc0000gn/T/pip-pip-egg-info-esmu5n57
2022-12-27T11:20:11.3427910Z   cwd: /Users/runner/actions-runner/_work/python.build/python.build/build_lxml11alpha39/lxml-1.1alpha/
2022-12-27T11:20:11.3428420Z   Preparing metadata (setup.py): finished with status 'error'
2022-12-27T11:20:11.3433500Z error: metadata-generation-failed
2022-12-27T11:20:11.3434700Z 
2022-12-27T11:20:11.3435940Z × Encountered error while generating package metadata.
2022-12-27T11:20:11.3436740Z ╰─> See above for output.
2022-12-27T11:20:11.3437100Z 
2022-12-27T11:20:11.3437610Z note: This is an issue with the package mentioned above, not pip.
2022-12-27T11:20:11.3438260Z hint: See above for details.
2022-12-27T11:20:11.3485220Z Exception information:
2022-12-27T11:20:11.3486040Z Traceback (most recent call last):
2022-12-27T11:20:11.3488720Z   File "/private/var/folders/51/hd414ycd67n82196sw51xqtc0000gn/T/cibw-run-hzeq3jcc/cp39-macosx_arm64/build/venv/lib/python3.9/site-packages/pip/_internal/operations/build/metadata_legacy.py", line 64, in generate_metadata
2022-12-27T11:20:11.3493730Z     call_subprocess(
2022-12-27T11:20:11.3495890Z   File "/private/var/folders/51/hd414ycd67n82196sw51xqtc0000gn/T/cibw-run-hzeq3jcc/cp39-macosx_arm64/build/venv/lib/python3.9/site-packages/pip/_internal/utils/subprocess.py", line 224, in call_subprocess
2022-12-27T11:20:11.3496880Z     raise error
2022-12-27T11:20:11.3633770Z pip._internal.exceptions.InstallationSubprocessError: python setup.py egg_info exited with 1
2022-12-27T11:20:11.3634160Z 
2022-12-27T11:20:11.3634350Z The above exception was the direct cause of the following exception:
2022-12-27T11:20:11.3635360Z 
2022-12-27T11:20:11.3635530Z Traceback (most recent call last):
2022-12-27T11:20:11.3636930Z   File "/private/var/folders/51/hd414ycd67n82196sw51xqtc0000gn/T/cibw-run-hzeq3jcc/cp39-macosx_arm64/build/venv/lib/python3.9/site-packages/pip/_internal/cli/base_command.py", line 160, in exc_logging_wrapper
2022-12-27T11:20:11.3637480Z     status = run_func(*args)
2022-12-27T11:20:11.3638170Z   File "/private/var/folders/51/hd414ycd67n82196sw51xqtc0000gn/T/cibw-run-hzeq3jcc/cp39-macosx_arm64/build/venv/lib/python3.9/site-packages/pip/_internal/cli/req_command.py", line 247, in wrapper
2022-12-27T11:20:11.3638660Z     return func(self, options, args)
2022-12-27T11:20:11.3639350Z   File "/private/var/folders/51/hd414ycd67n82196sw51xqtc0000gn/T/cibw-run-hzeq3jcc/cp39-macosx_arm64/build/venv/lib/python3.9/site-packages/pip/_internal/commands/wheel.py", line 170, in run
2022-12-27T11:20:11.3640700Z     requirement_set = resolver.resolve(reqs, check_supported_wheels=True)
2022-12-27T11:20:11.3641530Z   File "/private/var/folders/51/hd414ycd67n82196sw51xqtc0000gn/T/cibw-run-hzeq3jcc/cp39-macosx_arm64/build/venv/lib/python3.9/site-packages/pip/_internal/resolution/resolvelib/resolver.py", line 73, in resolve
2022-12-27T11:20:11.3642070Z     collected = self.factory.collect_root_requirements(root_reqs)
2022-12-27T11:20:11.3643000Z   File "/private/var/folders/51/hd414ycd67n82196sw51xqtc0000gn/T/cibw-run-hzeq3jcc/cp39-macosx_arm64/build/venv/lib/python3.9/site-packages/pip/_internal/resolution/resolvelib/factory.py", line 491, in collect_root_requirements
2022-12-27T11:20:11.3643590Z     req = self._make_requirement_from_install_req(
2022-12-27T11:20:11.3644520Z   File "/private/var/folders/51/hd414ycd67n82196sw51xqtc0000gn/T/cibw-run-hzeq3jcc/cp39-macosx_arm64/build/venv/lib/python3.9/site-packages/pip/_internal/resolution/resolvelib/factory.py", line 453, in _make_requirement_from_install_req
2022-12-27T11:20:11.3645090Z     cand = self._make_candidate_from_link(
2022-12-27T11:20:11.3645860Z   File "/private/var/folders/51/hd414ycd67n82196sw51xqtc0000gn/T/cibw-run-hzeq3jcc/cp39-macosx_arm64/build/venv/lib/python3.9/site-packages/pip/_internal/resolution/resolvelib/factory.py", line 206, in _make_candidate_from_link
2022-12-27T11:20:11.3646600Z     self._link_candidate_cache[link] = LinkCandidate(
2022-12-27T11:20:11.3647420Z   File "/private/var/folders/51/hd414ycd67n82196sw51xqtc0000gn/T/cibw-run-hzeq3jcc/cp39-macosx_arm64/build/venv/lib/python3.9/site-packages/pip/_internal/resolution/resolvelib/candidates.py", line 297, in __init__
2022-12-27T11:20:11.3647960Z     super().__init__(
2022-12-27T11:20:11.3648730Z   File "/private/var/folders/51/hd414ycd67n82196sw51xqtc0000gn/T/cibw-run-hzeq3jcc/cp39-macosx_arm64/build/venv/lib/python3.9/site-packages/pip/_internal/resolution/resolvelib/candidates.py", line 162, in __init__
2022-12-27T11:20:11.3649360Z     self.dist = self._prepare()
2022-12-27T11:20:11.3650080Z   File "/private/var/folders/51/hd414ycd67n82196sw51xqtc0000gn/T/cibw-run-hzeq3jcc/cp39-macosx_arm64/build/venv/lib/python3.9/site-packages/pip/_internal/resolution/resolvelib/candidates.py", line 231, in _prepare
2022-12-27T11:20:11.3651020Z     dist = self._prepare_distribution()
2022-12-27T11:20:11.3651930Z   File "/private/var/folders/51/hd414ycd67n82196sw51xqtc0000gn/T/cibw-run-hzeq3jcc/cp39-macosx_arm64/build/venv/lib/python3.9/site-packages/pip/_internal/resolution/resolvelib/candidates.py", line 308, in _prepare_distribution
2022-12-27T11:20:11.3652600Z     return preparer.prepare_linked_requirement(self._ireq, parallel_builds=True)
2022-12-27T11:20:11.3653470Z   File "/private/var/folders/51/hd414ycd67n82196sw51xqtc0000gn/T/cibw-run-hzeq3jcc/cp39-macosx_arm64/build/venv/lib/python3.9/site-packages/pip/_internal/operations/prepare.py", line 491, in prepare_linked_requirement
2022-12-27T11:20:11.3654020Z     return self._prepare_linked_requirement(req, parallel_builds)
2022-12-27T11:20:11.3654810Z   File "/private/var/folders/51/hd414ycd67n82196sw51xqtc0000gn/T/cibw-run-hzeq3jcc/cp39-macosx_arm64/build/venv/lib/python3.9/site-packages/pip/_internal/operations/prepare.py", line 577, in _prepare_linked_requirement
2022-12-27T11:20:11.3655360Z     dist = _get_prepared_distribution(
2022-12-27T11:20:11.3656140Z   File "/private/var/folders/51/hd414ycd67n82196sw51xqtc0000gn/T/cibw-run-hzeq3jcc/cp39-macosx_arm64/build/venv/lib/python3.9/site-packages/pip/_internal/operations/prepare.py", line 69, in _get_prepared_distribution
2022-12-27T11:20:11.3656650Z     abstract_dist.prepare_distribution_metadata(
2022-12-27T11:20:11.3657420Z   File "/private/var/folders/51/hd414ycd67n82196sw51xqtc0000gn/T/cibw-run-hzeq3jcc/cp39-macosx_arm64/build/venv/lib/python3.9/site-packages/pip/_internal/distributions/sdist.py", line 61, in prepare_distribution_metadata
2022-12-27T11:20:11.3657890Z     self.req.prepare_metadata()
2022-12-27T11:20:11.3658900Z   File "/private/var/folders/51/hd414ycd67n82196sw51xqtc0000gn/T/cibw-run-hzeq3jcc/cp39-macosx_arm64/build/venv/lib/python3.9/site-packages/pip/_internal/req/req_install.py", line 541, in prepare_metadata
2022-12-27T11:20:11.3659490Z     self.metadata_directory = generate_metadata_legacy(
2022-12-27T11:20:11.3660300Z   File "/private/var/folders/51/hd414ycd67n82196sw51xqtc0000gn/T/cibw-run-hzeq3jcc/cp39-macosx_arm64/build/venv/lib/python3.9/site-packages/pip/_internal/operations/build/metadata_legacy.py", line 71, in generate_metadata
2022-12-27T11:20:11.3660920Z     raise MetadataGenerationFailed(package_details=details) from error
2022-12-27T11:20:11.3661340Z pip._internal.exceptions.MetadataGenerationFailed: metadata generation failed
2022-12-27T11:20:11.3662310Z Removed file:///Users/runner/actions-runner/_work/python.build/python.build/build_lxml11alpha39/lxml-1.1alpha from build tracker '/private/var/folders/51/hd414ycd67n82196sw51xqtc0000gn/T/pip-build-tracker-06qzpm5h'
2022-12-27T11:20:11.3663190Z Removed build tracker: '/private/var/folders/51/hd414ycd67n82196sw51xqtc0000gn/T/pip-build-tracker-06qzpm5h'
2022-12-27T11:20:11.4403100Z ##[error]Command ['python', '-m', 'pip', 'wheel', '/Users/runner/actions-runner/_work/python.build/python.build/build_lxml11alpha39/lxml-1.1alpha', '--wheel-dir=/private/var/folders/51/hd414ycd67n82196sw51xqtc0000gn/T/cibw-run-hzeq3jcc/cp39-macosx_arm64/built_wheel', '--no-deps', '-vvv'] failed with code 1. None
2022-12-27T11:20:11.4413030Z 
2022-12-27T11:20:11.4413550Z ##[endgroup]
2022-12-27T11:20:11.4414180Z                                                               [31m✕ [0m0.91s
2022-12-27T11:20:11.5212680Z ##[error]Process completed with exit code 1.
2022-12-27T11:20:11.5291330Z ##[group]Run rm -rf build_lxml11alpha39 wheelsout
2022-12-27T11:20:11.5291720Z [36;1mrm -rf build_lxml11alpha39 wheelsout[0m
2022-12-27T11:20:11.5319160Z shell: /bin/bash -e {0}
2022-12-27T11:20:11.5319460Z env:
2022-12-27T11:20:11.5319810Z   pythonLocation: /Users/runner/hostedtoolcache/Python/3.9.16/x64
2022-12-27T11:20:11.5320190Z   PKG_CONFIG_PATH: /Users/runner/hostedtoolcache/Python/3.9.16/x64/lib/pkgconfig
2022-12-27T11:20:11.5320630Z   Python_ROOT_DIR: /Users/runner/hostedtoolcache/Python/3.9.16/x64
2022-12-27T11:20:11.5321320Z   Python2_ROOT_DIR: /Users/runner/hostedtoolcache/Python/3.9.16/x64
2022-12-27T11:20:11.5321670Z   Python3_ROOT_DIR: /Users/runner/hostedtoolcache/Python/3.9.16/x64
2022-12-27T11:20:11.5322140Z ##[endgroup]
2022-12-27T11:20:11.5865030Z Cleaning up orphan processes
