2022-12-27T08:51:20.2647536Z Requested labels: self-hosted, macOS, X64
2022-12-27T08:51:20.2647613Z Job defined at: kilnbuild/python.build/.github/workflows/mac_arm_build.yml@refs/heads/main
2022-12-27T08:51:20.2647639Z Waiting for a runner to pick up this job...
2022-12-27T11:21:15.5922476Z Job is about to start running on the runner: k2 (organization)
2022-12-27T11:21:18.9559490Z Current runner version: '2.300.2'
2022-12-27T11:21:18.9564220Z Runner name: 'k2'
2022-12-27T11:21:18.9564460Z Runner group name: 'Default'
2022-12-27T11:21:18.9564880Z Machine name: 'k2'
2022-12-27T11:21:18.9566320Z ##[group]GITHUB_TOKEN Permissions
2022-12-27T11:21:18.9566720Z Actions: write
2022-12-27T11:21:18.9566860Z Checks: write
2022-12-27T11:21:18.9566990Z Contents: write
2022-12-27T11:21:18.9567120Z Deployments: write
2022-12-27T11:21:18.9567260Z Discussions: write
2022-12-27T11:21:18.9567390Z Issues: write
2022-12-27T11:21:18.9567510Z Metadata: read
2022-12-27T11:21:18.9567640Z Packages: write
2022-12-27T11:21:18.9567780Z Pages: write
2022-12-27T11:21:18.9567910Z PullRequests: write
2022-12-27T11:21:18.9568070Z RepositoryProjects: write
2022-12-27T11:21:18.9568220Z SecurityEvents: write
2022-12-27T11:21:18.9568360Z Statuses: write
2022-12-27T11:21:18.9568500Z ##[endgroup]
2022-12-27T11:21:18.9570910Z Secret source: Actions
2022-12-27T11:21:18.9571220Z Prepare workflow directory
2022-12-27T11:21:19.0219360Z Prepare all required actions
2022-12-27T11:21:19.0337770Z Getting action download info
2022-12-27T11:21:19.4640210Z Download action repository 'actions/setup-python@v4' (SHA:5ccb29d8773c3f3f653e1705f474dfaa8a06a912)
2022-12-27T11:21:21.2160810Z Download action repository 'actions/upload-artifact@v3' (SHA:83fd05a356d7e2593de66fc9913b3002723633cb)
2022-12-27T11:21:22.5264350Z ##[group]Run echo '{
2022-12-27T11:21:22.5264670Z [36;1mecho '{[0m
2022-12-27T11:21:22.5264820Z [36;1m  "package_name": "lxml",[0m
2022-12-27T11:21:22.5265100Z [36;1m  "package_url": "https://files.pythonhosted.org/packages/fe/46/bece79b13fb3147fc0547c0c6cf02789eeac07e7bf0c2922579289bd4e11/lxml-1.2.1.tar.gz",[0m
2022-12-27T11:21:22.5265320Z [36;1m  "package_version": "1.2.1",[0m
2022-12-27T11:21:22.5265480Z [36;1m  "python_version": "3.9",[0m
2022-12-27T11:21:22.5265630Z [36;1m  "use_ccache": "true"[0m
2022-12-27T11:21:22.5265790Z [36;1m}'[0m
2022-12-27T11:21:22.5281470Z shell: /bin/bash -e {0}
2022-12-27T11:21:22.5281640Z ##[endgroup]
2022-12-27T11:21:22.5503900Z {
2022-12-27T11:21:22.5505330Z   "package_name": "lxml",
2022-12-27T11:21:22.5506160Z   "package_url": "https://files.pythonhosted.org/packages/fe/46/bece79b13fb3147fc0547c0c6cf02789eeac07e7bf0c2922579289bd4e11/lxml-1.2.1.tar.gz",
2022-12-27T11:21:22.5506500Z   "package_version": "1.2.1",
2022-12-27T11:21:22.5506760Z   "python_version": "3.9",
2022-12-27T11:21:22.5506910Z   "use_ccache": "true"
2022-12-27T11:21:22.5507080Z }
2022-12-27T11:21:22.5729930Z ##[group]Run actions/setup-python@v4
2022-12-27T11:21:22.5730280Z with:
2022-12-27T11:21:22.5730460Z   python-version: 3.9
2022-12-27T11:21:22.5730640Z   check-latest: false
2022-12-27T11:21:22.5730930Z   token: ***
2022-12-27T11:21:22.5731120Z   update-environment: true
2022-12-27T11:21:22.5731350Z ##[endgroup]
2022-12-27T11:21:22.6958810Z ##[group]Installed versions
2022-12-27T11:21:22.7062450Z Successfully set up CPython (3.9.16)
2022-12-27T11:21:22.7063280Z ##[endgroup]
2022-12-27T11:21:22.7208480Z ##[group]Run if [ "true" == "true" ]
2022-12-27T11:21:22.7208770Z [36;1mif [ "true" == "true" ][0m
2022-12-27T11:21:22.7209080Z [36;1mthen[0m
2022-12-27T11:21:22.7209350Z [36;1m  echo "CCACHE_PATH_PREPEND=/usr/local/opt/ccache/libexec" >> $GITHUB_OUTPUT[0m
2022-12-27T11:21:22.7209570Z [36;1melse[0m
2022-12-27T11:21:22.7209730Z [36;1m  echo "CCACHE_PATH_PREPEND=" >> $GITHUB_OUTPUT[0m
2022-12-27T11:21:22.7210250Z [36;1mfi[0m
2022-12-27T11:21:22.7226850Z shell: /bin/bash -e {0}
2022-12-27T11:21:22.7227070Z env:
2022-12-27T11:21:22.7227260Z   pythonLocation: /Users/runner/hostedtoolcache/Python/3.9.16/x64
2022-12-27T11:21:22.7227630Z   PKG_CONFIG_PATH: /Users/runner/hostedtoolcache/Python/3.9.16/x64/lib/pkgconfig
2022-12-27T11:21:22.7227890Z   Python_ROOT_DIR: /Users/runner/hostedtoolcache/Python/3.9.16/x64
2022-12-27T11:21:22.7228100Z   Python2_ROOT_DIR: /Users/runner/hostedtoolcache/Python/3.9.16/x64
2022-12-27T11:21:22.7228390Z   Python3_ROOT_DIR: /Users/runner/hostedtoolcache/Python/3.9.16/x64
2022-12-27T11:21:22.7229020Z ##[endgroup]
2022-12-27T11:21:22.7332860Z ##[group]Run echo "BUILD_NAME=$(echo lxml_1.2.1_3.9 | tr -dc '[:alnum:]\n\r' | tr '[:upper:]' '[:lower:]')" >> $GITHUB_OUTPUT
2022-12-27T11:21:22.7333330Z [36;1mecho "BUILD_NAME=$(echo lxml_1.2.1_3.9 | tr -dc '[:alnum:]\n\r' | tr '[:upper:]' '[:lower:]')" >> $GITHUB_OUTPUT[0m
2022-12-27T11:21:22.7346710Z shell: /bin/bash -e {0}
2022-12-27T11:21:22.7347260Z env:
2022-12-27T11:21:22.7347480Z   pythonLocation: /Users/runner/hostedtoolcache/Python/3.9.16/x64
2022-12-27T11:21:22.7347750Z   PKG_CONFIG_PATH: /Users/runner/hostedtoolcache/Python/3.9.16/x64/lib/pkgconfig
2022-12-27T11:21:22.7348010Z   Python_ROOT_DIR: /Users/runner/hostedtoolcache/Python/3.9.16/x64
2022-12-27T11:21:22.7348250Z   Python2_ROOT_DIR: /Users/runner/hostedtoolcache/Python/3.9.16/x64
2022-12-27T11:21:22.7348520Z   Python3_ROOT_DIR: /Users/runner/hostedtoolcache/Python/3.9.16/x64
2022-12-27T11:21:22.7348720Z ##[endgroup]
2022-12-27T11:21:22.7488850Z ##[group]Run echo "PYTHON_NO_DOTS=$(echo 3.9 | tr -dc '[:alnum:]\n\r' | tr '[:upper:]' '[:lower:]')" >> $GITHUB_OUTPUT
2022-12-27T11:21:22.7489300Z [36;1mecho "PYTHON_NO_DOTS=$(echo 3.9 | tr -dc '[:alnum:]\n\r' | tr '[:upper:]' '[:lower:]')" >> $GITHUB_OUTPUT[0m
2022-12-27T11:21:22.7502890Z shell: /bin/bash -e {0}
2022-12-27T11:21:22.7503030Z env:
2022-12-27T11:21:22.7503240Z   pythonLocation: /Users/runner/hostedtoolcache/Python/3.9.16/x64
2022-12-27T11:21:22.7503500Z   PKG_CONFIG_PATH: /Users/runner/hostedtoolcache/Python/3.9.16/x64/lib/pkgconfig
2022-12-27T11:21:22.7503710Z   Python_ROOT_DIR: /Users/runner/hostedtoolcache/Python/3.9.16/x64
2022-12-27T11:21:22.7503990Z   Python2_ROOT_DIR: /Users/runner/hostedtoolcache/Python/3.9.16/x64
2022-12-27T11:21:22.7504220Z   Python3_ROOT_DIR: /Users/runner/hostedtoolcache/Python/3.9.16/x64
2022-12-27T11:21:22.7504410Z ##[endgroup]
2022-12-27T11:21:22.7611020Z ##[group]Run rm -rf build_lxml12139
2022-12-27T11:21:22.7611350Z [36;1mrm -rf build_lxml12139[0m
2022-12-27T11:21:22.7611490Z [36;1mmkdir build_lxml12139[0m
2022-12-27T11:21:22.7611690Z [36;1mcd build_lxml12139[0m
2022-12-27T11:21:22.7612170Z [36;1m/usr/local/bin/wget --quiet https://files.pythonhosted.org/packages/fe/46/bece79b13fb3147fc0547c0c6cf02789eeac07e7bf0c2922579289bd4e11/lxml-1.2.1.tar.gz[0m
2022-12-27T11:21:22.7612510Z [36;1mtar xf *.tar.gz[0m
2022-12-27T11:21:22.7612640Z [36;1mcd *[0m
2022-12-27T11:21:22.7612830Z [36;1mpython -m pip install cibuildwheel==2.11.3[0m
2022-12-27T11:21:22.7613050Z [36;1mpython -m cibuildwheel --output-dir ../wheelsout[0m
2022-12-27T11:21:22.7626360Z shell: /bin/bash -e {0}
2022-12-27T11:21:22.7626550Z env:
2022-12-27T11:21:22.7626740Z   pythonLocation: /Users/runner/hostedtoolcache/Python/3.9.16/x64
2022-12-27T11:21:22.7627030Z   PKG_CONFIG_PATH: /Users/runner/hostedtoolcache/Python/3.9.16/x64/lib/pkgconfig
2022-12-27T11:21:22.7627300Z   Python_ROOT_DIR: /Users/runner/hostedtoolcache/Python/3.9.16/x64
2022-12-27T11:21:22.7627500Z   Python2_ROOT_DIR: /Users/runner/hostedtoolcache/Python/3.9.16/x64
2022-12-27T11:21:22.7627730Z   Python3_ROOT_DIR: /Users/runner/hostedtoolcache/Python/3.9.16/x64
2022-12-27T11:21:22.7627950Z   CIBW_ARCHS_MACOS: arm64
2022-12-27T11:21:22.7628090Z   CIBW_TEST_SKIP: *_arm64
2022-12-27T11:21:22.7628270Z   CIBW_BUILD: cp39-macosx_arm64
2022-12-27T11:21:22.7628450Z   CIBW_BUILD_FRONTEND: pip
2022-12-27T11:21:22.7628620Z   CIBW_BUILD_VERBOSITY: 3
2022-12-27T11:21:22.7628920Z   CIBW_ENVIRONMENT_MACOS:  CFLAGS="-I/usr/local/opt/openssl@3/include" LDFLAGS="-L/usr/local/opt/openssl@3/lib" CPPFLAGS="-I/usr/local/opt/openssl@3/include" MAKEFLAGS="-j$(sysctl -n hw.logicalcpu)" PATH=/usr/local/opt/ccache/libexec:$PATH
2022-12-27T11:21:22.7629280Z   CIBW_BEFORE_BUILD: pip install Cython; if [[ -f requirements.txt ]]; then pip install -r requirements.txt; fi
2022-12-27T11:21:22.7629520Z   MAKEFLAGS: -j$(sysctl -n hw.logicalcpu)
2022-12-27T11:21:22.7629700Z ##[endgroup]
2022-12-27T11:21:23.1035060Z Requirement already satisfied: cibuildwheel==2.11.3 in /Users/runner/hostedtoolcache/Python/3.9.16/x64/lib/python3.9/site-packages (2.11.3)
2022-12-27T11:21:23.1282940Z Requirement already satisfied: filelock in /Users/runner/hostedtoolcache/Python/3.9.16/x64/lib/python3.9/site-packages (from cibuildwheel==2.11.3) (3.8.2)
2022-12-27T11:21:23.1286230Z Requirement already satisfied: platformdirs in /Users/runner/hostedtoolcache/Python/3.9.16/x64/lib/python3.9/site-packages (from cibuildwheel==2.11.3) (2.6.0)
2022-12-27T11:21:23.1291170Z Requirement already satisfied: bashlex!=0.13 in /Users/runner/hostedtoolcache/Python/3.9.16/x64/lib/python3.9/site-packages (from cibuildwheel==2.11.3) (0.16)
2022-12-27T11:21:23.1295860Z Requirement already satisfied: packaging>=20.9 in /Users/runner/hostedtoolcache/Python/3.9.16/x64/lib/python3.9/site-packages (from cibuildwheel==2.11.3) (22.0)
2022-12-27T11:21:23.1299520Z Requirement already satisfied: bracex in /Users/runner/hostedtoolcache/Python/3.9.16/x64/lib/python3.9/site-packages (from cibuildwheel==2.11.3) (2.3.post1)
2022-12-27T11:21:23.1306120Z Requirement already satisfied: tomli in /Users/runner/hostedtoolcache/Python/3.9.16/x64/lib/python3.9/site-packages (from cibuildwheel==2.11.3) (2.0.1)
2022-12-27T11:21:23.1309440Z Requirement already satisfied: certifi in /Users/runner/hostedtoolcache/Python/3.9.16/x64/lib/python3.9/site-packages (from cibuildwheel==2.11.3) (2022.12.7)
2022-12-27T11:21:23.1317890Z Requirement already satisfied: typing-extensions>=4.1.0 in /Users/runner/hostedtoolcache/Python/3.9.16/x64/lib/python3.9/site-packages (from cibuildwheel==2.11.3) (4.4.0)
2022-12-27T11:21:23.2975130Z 
2022-12-27T11:21:23.2975600Z      _ _       _ _   _       _           _
2022-12-27T11:21:23.2976180Z  ___|_| |_ _ _|_| |_| |_ _ _| |_ ___ ___| |
2022-12-27T11:21:23.2976710Z |  _| | . | | | | | . | | | |   | -_| -_| |
2022-12-27T11:21:23.2976960Z |___|_|___|___|_|_|___|_____|_|_|___|___|_|
2022-12-27T11:21:23.2977740Z 
2022-12-27T11:21:23.2977900Z cibuildwheel version 2.11.3
2022-12-27T11:21:23.2978020Z 
2022-12-27T11:21:23.2978210Z Build options:
2022-12-27T11:21:23.2978470Z   platform: macos
2022-12-27T11:21:23.3011290Z   architectures: arm64[0m
2022-12-27T11:21:23.3011580Z   build_selector: 
2022-12-27T11:21:23.3013450Z     build_config: cp39-macosx_arm64
2022-12-27T11:21:23.3013800Z     skip_config: 
2022-12-27T11:21:23.3014020Z     requires_python: None
2022-12-27T11:21:23.3014380Z     prerelease_pythons: False[0m
2022-12-27T11:21:23.3014730Z   [38;5;244mcontainer_engine: docker[0m
2022-12-27T11:21:23.3015300Z   output_dir: /Users/runner/actions-runner/_work/python.build/python.build/build_lxml12139/wheelsout[0m
2022-12-27T11:21:23.3015830Z   package_dir: /Users/runner/actions-runner/_work/python.build/python.build/build_lxml12139/lxml-1.2.1[0m
2022-12-27T11:21:23.3016170Z   test_selector: 
2022-12-27T11:21:23.3016510Z     skip_config: *_arm64[0m
2022-12-27T11:21:23.3016800Z   [38;5;244mbefore_all: [0m
2022-12-27T11:21:23.3017360Z   before_build: pip install Cython; if [[ -f requirements.txt ]]; then pip install -r requirements.txt; fi[0m
2022-12-27T11:21:23.3017790Z   [38;5;244mbefore_test: [0m
2022-12-27T11:21:23.3018110Z   [38;5;244mbuild_frontend: pip[0m
2022-12-27T11:21:23.3018390Z   build_verbosity: 3[0m
2022-12-27T11:21:23.3018760Z   [38;5;244mconfig_settings: [0m
2022-12-27T11:21:23.3019100Z   [38;5;244mdependency_constraints: pinned[0m
2022-12-27T11:21:23.3019310Z   environment: 
2022-12-27T11:21:23.3019600Z     CFLAGS="-I/usr/local/opt/openssl@3/include"
2022-12-27T11:21:23.3019920Z     LDFLAGS="-L/usr/local/opt/openssl@3/lib"
2022-12-27T11:21:23.3020260Z     CPPFLAGS="-I/usr/local/opt/openssl@3/include"
2022-12-27T11:21:23.3020580Z     MAKEFLAGS="-j$(sysctl -n hw.logicalcpu)"
2022-12-27T11:21:23.3020910Z     PATH=/usr/local/opt/ccache/libexec:$PATH[0m
2022-12-27T11:21:23.3021180Z   [38;5;244mmanylinux_images: None[0m
2022-12-27T11:21:23.3021460Z   [38;5;244mmusllinux_images: None[0m
2022-12-27T11:21:23.3021930Z   [38;5;244mrepair_command: delocate-wheel --require-archs {delocate_archs} -w {dest_dir} -v {wheel}[0m
2022-12-27T11:21:23.3022550Z   [38;5;244mtest_command: [0m
2022-12-27T11:21:23.3022790Z   [38;5;244mtest_extras: [0m
2022-12-27T11:21:23.3023050Z   [38;5;244mtest_requires: [0m
2022-12-27T11:21:23.3023210Z 
2022-12-27T11:21:23.3023400Z Cache folder: /Users/runner/Library/Caches/cibuildwheel
2022-12-27T11:21:23.3029890Z 
2022-12-27T11:21:23.3030020Z Here we go!
2022-12-27T11:21:23.3030120Z 
2022-12-27T11:21:23.3151000Z 
2022-12-27T11:21:23.3151580Z [1m[34mBuilding cp39-macosx_arm64 wheel[0m
2022-12-27T11:21:23.3152260Z CPython 3.9 macOS arm64 - Apple Silicon
2022-12-27T11:21:23.3152540Z 
2022-12-27T11:21:23.3154810Z ##[group]Installing Python cp39...
2022-12-27T11:21:23.3155040Z 
2022-12-27T11:21:23.3155270Z + pkgutil --pkgs
2022-12-27T11:21:23.3254070Z ##[endgroup]
2022-12-27T11:21:23.3255050Z                                                               [32mâœ“ [0m0.01s
2022-12-27T11:21:23.3255600Z ##[group]Setting up build environment...
2022-12-27T11:21:23.3255780Z 
2022-12-27T11:21:23.3275120Z + /Users/runner/hostedtoolcache/Python/3.9.16/x64/bin/python -sS /Users/runner/Library/Caches/cibuildwheel/virtualenv-20.17.0.pyz --activators= --no-periodic-update --pip=22.3.1 --setuptools=65.6.3 --wheel=0.38.4 --symlink-app-data --python /Library/Frameworks/Python.framework/Versions/3.9/bin/python3 /private/var/folders/51/hd414ycd67n82196sw51xqtc0000gn/T/cibw-run-ylc4y8za/cp39-macosx_arm64/build/venv
2022-12-27T11:21:23.5069040Z created virtual environment CPython3.9.13.final.0-64 in 46ms
2022-12-27T11:21:23.5069590Z   creator CPython3Posix(dest=/private/var/folders/51/hd414ycd67n82196sw51xqtc0000gn/T/cibw-run-ylc4y8za/cp39-macosx_arm64/build/venv, clear=False, no_vcs_ignore=False, global=False)
2022-12-27T11:21:23.5070300Z   seeder FromAppData(download=False, pip=22.3.1, setuptools=65.6.3, wheel=0.38.4, via=symlink, app_data_dir=/Users/runner/Library/Application Support/virtualenv)
2022-12-27T11:21:23.5070680Z     added seed packages: pip==22.3.1, setuptools==65.6.3, wheel==0.38.4
2022-12-27T11:21:23.5184970Z + python -m pip install --upgrade pip -c /Users/runner/hostedtoolcache/Python/3.9.16/x64/lib/python3.9/site-packages/cibuildwheel/resources/constraints-python39.txt
2022-12-27T11:21:23.8173720Z Requirement already satisfied: pip in ./lib/python3.9/site-packages (22.3.1)
2022-12-27T11:21:23.9567120Z + which pip
2022-12-27T11:21:23.9586480Z /private/var/folders/51/hd414ycd67n82196sw51xqtc0000gn/T/cibw-run-ylc4y8za/cp39-macosx_arm64/build/venv/bin/pip
2022-12-27T11:21:23.9588300Z + pip --version
2022-12-27T11:21:24.1781330Z pip 22.3.1 from /private/var/folders/51/hd414ycd67n82196sw51xqtc0000gn/T/cibw-run-ylc4y8za/cp39-macosx_arm64/build/venv/lib/python3.9/site-packages/pip (python 3.9)
2022-12-27T11:21:24.2033040Z + which pip
2022-12-27T11:21:24.2061410Z + which python
2022-12-27T11:21:24.2081480Z /private/var/folders/51/hd414ycd67n82196sw51xqtc0000gn/T/cibw-run-ylc4y8za/cp39-macosx_arm64/build/venv/bin/python
2022-12-27T11:21:24.2083910Z + python --version
2022-12-27T11:21:24.2136840Z Python 3.9.13
2022-12-27T11:21:24.2140480Z + which python
2022-12-27T11:21:24.2205190Z ##[endgroup]
2022-12-27T11:21:24.2205700Z                                                               [32mâœ“ [0m0.90s
2022-12-27T11:21:24.2206380Z ##[group]Installing build tools...
2022-12-27T11:21:24.2206550Z 
2022-12-27T11:21:24.2206980Z + pip install --upgrade setuptools wheel delocate -c /Users/runner/hostedtoolcache/Python/3.9.16/x64/lib/python3.9/site-packages/cibuildwheel/resources/constraints-python39.txt
2022-12-27T11:21:24.5231760Z Requirement already satisfied: setuptools in /private/var/folders/51/hd414ycd67n82196sw51xqtc0000gn/T/cibw-run-ylc4y8za/cp39-macosx_arm64/build/venv/lib/python3.9/site-packages (65.6.3)
2022-12-27T11:21:24.7538890Z Requirement already satisfied: wheel in /private/var/folders/51/hd414ycd67n82196sw51xqtc0000gn/T/cibw-run-ylc4y8za/cp39-macosx_arm64/build/venv/lib/python3.9/site-packages (0.38.4)
2022-12-27T11:21:24.8039100Z Collecting delocate
2022-12-27T11:21:24.8069380Z   Using cached delocate-0.10.3-py3-none-any.whl (142 kB)
2022-12-27T11:21:24.8387430Z Collecting packaging>=20.9
2022-12-27T11:21:24.8409090Z   Using cached packaging-21.3-py3-none-any.whl (40 kB)
2022-12-27T11:21:24.8590290Z Collecting typing-extensions
2022-12-27T11:21:24.8612150Z   Using cached typing_extensions-4.4.0-py3-none-any.whl (26 kB)
2022-12-27T11:21:24.8967640Z Collecting pyparsing!=3.0.5,>=2.0.2
2022-12-27T11:21:24.8989750Z   Using cached pyparsing-3.0.9-py3-none-any.whl (98 kB)
2022-12-27T11:21:24.9361580Z Installing collected packages: typing-extensions, pyparsing, packaging, delocate
2022-12-27T11:21:25.0797520Z Successfully installed delocate-0.10.3 packaging-21.3 pyparsing-3.0.9 typing-extensions-4.4.0
2022-12-27T11:21:25.1257910Z ##[endgroup]
2022-12-27T11:21:25.1258510Z                                                               [32mâœ“ [0m0.91s
2022-12-27T11:21:25.1258960Z ##[group]Running before_build...
2022-12-27T11:21:25.1259070Z 
2022-12-27T11:21:25.1265440Z + pip install Cython; if [[ -f requirements.txt ]]; then pip install -r requirements.txt; fi
2022-12-27T11:21:25.8345990Z Collecting Cython
2022-12-27T11:21:25.8393970Z   Using cached Cython-0.29.32-py2.py3-none-any.whl (986 kB)
2022-12-27T11:21:25.8889830Z Installing collected packages: Cython
2022-12-27T11:21:26.3665900Z Successfully installed Cython-0.29.32
2022-12-27T11:21:26.4101530Z ##[endgroup]
2022-12-27T11:21:26.4102100Z                                                               [32mâœ“ [0m1.28s
2022-12-27T11:21:26.4102510Z ##[group]Building wheel...
2022-12-27T11:21:26.4102630Z 
2022-12-27T11:21:26.4107900Z + python -m pip wheel /Users/runner/actions-runner/_work/python.build/python.build/build_lxml12139/lxml-1.2.1 --wheel-dir=/private/var/folders/51/hd414ycd67n82196sw51xqtc0000gn/T/cibw-run-ylc4y8za/cp39-macosx_arm64/built_wheel --no-deps -vvv
2022-12-27T11:21:26.6866090Z Created temporary directory: /private/var/folders/51/hd414ycd67n82196sw51xqtc0000gn/T/pip-ephem-wheel-cache-3ng6wh9l
2022-12-27T11:21:26.6871100Z Created temporary directory: /private/var/folders/51/hd414ycd67n82196sw51xqtc0000gn/T/pip-build-tracker-igd3wkwa
2022-12-27T11:21:26.6873230Z Initialized build tracking at /private/var/folders/51/hd414ycd67n82196sw51xqtc0000gn/T/pip-build-tracker-igd3wkwa
2022-12-27T11:21:26.6874500Z Created build tracker: /private/var/folders/51/hd414ycd67n82196sw51xqtc0000gn/T/pip-build-tracker-igd3wkwa
2022-12-27T11:21:26.6876030Z Entered build tracker: /private/var/folders/51/hd414ycd67n82196sw51xqtc0000gn/T/pip-build-tracker-igd3wkwa
2022-12-27T11:21:26.6879690Z Created temporary directory: /private/var/folders/51/hd414ycd67n82196sw51xqtc0000gn/T/pip-wheel-_hfclah7
2022-12-27T11:21:26.6886160Z Created temporary directory: /private/var/folders/51/hd414ycd67n82196sw51xqtc0000gn/T/pip-ephem-wheel-cache-4a7sly1s
2022-12-27T11:21:26.7045940Z Processing /Users/runner/actions-runner/_work/python.build/python.build/build_lxml12139/lxml-1.2.1
2022-12-27T11:21:26.7051110Z   Added file:///Users/runner/actions-runner/_work/python.build/python.build/build_lxml12139/lxml-1.2.1 to build tracker '/private/var/folders/51/hd414ycd67n82196sw51xqtc0000gn/T/pip-build-tracker-igd3wkwa'
2022-12-27T11:21:26.7054900Z   Running setup.py (path:/Users/runner/actions-runner/_work/python.build/python.build/build_lxml12139/lxml-1.2.1/setup.py) egg_info for package from file:///Users/runner/actions-runner/_work/python.build/python.build/build_lxml12139/lxml-1.2.1
2022-12-27T11:21:26.7058110Z   Created temporary directory: /private/var/folders/51/hd414ycd67n82196sw51xqtc0000gn/T/pip-pip-egg-info-q385gr39
2022-12-27T11:21:26.7060300Z   Preparing metadata (setup.py): started
2022-12-27T11:21:26.7062230Z   Running command python setup.py egg_info
2022-12-27T11:21:26.8594540Z   Traceback (most recent call last):
2022-12-27T11:21:26.8602710Z     File "<string>", line 2, in <module>
2022-12-27T11:21:26.8603320Z     File "<pip-setuptools-caller>", line 34, in <module>
2022-12-27T11:21:26.8603820Z     File "/Users/runner/actions-runner/_work/python.build/python.build/build_lxml12139/lxml-1.2.1/setup.py", line 25
2022-12-27T11:21:26.8604560Z       print "Building lxml version", svn_version
2022-12-27T11:21:26.8604780Z             ^
2022-12-27T11:21:26.8605150Z   SyntaxError: Missing parentheses in call to 'print'. Did you mean print("Building lxml version", svn_version)?
2022-12-27T11:21:26.8757860Z   error: subprocess-exited-with-error
2022-12-27T11:21:26.8758500Z   
2022-12-27T11:21:26.8759520Z   Ã— python setup.py egg_info did not run successfully.
2022-12-27T11:21:26.8759980Z   â”‚ exit code: 1
2022-12-27T11:21:26.8760330Z   â•°â”€> See above for output.
2022-12-27T11:21:26.8760690Z   
2022-12-27T11:21:26.8760960Z   note: This error originates from a subprocess, and is likely not a problem with pip.
2022-12-27T11:21:26.8767960Z   full command: /private/var/folders/51/hd414ycd67n82196sw51xqtc0000gn/T/cibw-run-ylc4y8za/cp39-macosx_arm64/build/venv/bin/python -c '
2022-12-27T11:21:26.8768990Z   exec(compile('"'"''"'"''"'"'
2022-12-27T11:21:26.8769510Z   # This is <pip-setuptools-caller> -- a caller that pip uses to run setup.py
2022-12-27T11:21:26.8769740Z   #
2022-12-27T11:21:26.8770070Z   # - It imports setuptools before invoking setup.py, to enable projects that directly
2022-12-27T11:21:26.8770500Z   #   import from `distutils.core` to work with newer packaging standards.
2022-12-27T11:21:26.8770840Z   # - It provides a clear error message when setuptools is not installed.
2022-12-27T11:21:26.8771230Z   # - It sets `sys.argv[0]` to the underlying `setup.py`, when invoking `setup.py` so
2022-12-27T11:21:26.8772680Z   #   setuptools doesn'"'"'t think the script is `-c`. This avoids the following warning:
2022-12-27T11:21:26.8774200Z   #     manifest_maker: standard file '"'"'-c'"'"' not found".
2022-12-27T11:21:26.8774800Z   # - It generates a shim setup.py, for handling setup.cfg-only projects.
2022-12-27T11:21:26.8775260Z   import os, sys, tokenize
2022-12-27T11:21:26.8775830Z   
2022-12-27T11:21:26.8776050Z   try:
2022-12-27T11:21:26.8776290Z       import setuptools
2022-12-27T11:21:26.8776650Z   except ImportError as error:
2022-12-27T11:21:26.8776940Z       print(
2022-12-27T11:21:26.8777220Z           "ERROR: Can not execute `setup.py` since setuptools is not available in "
2022-12-27T11:21:26.8777550Z           "the build environment.",
2022-12-27T11:21:26.8777890Z           file=sys.stderr,
2022-12-27T11:21:26.8778080Z       )
2022-12-27T11:21:26.8778310Z       sys.exit(1)
2022-12-27T11:21:26.8778550Z   
2022-12-27T11:21:26.8778750Z   __file__ = %r
2022-12-27T11:21:26.8778960Z   sys.argv[0] = __file__
2022-12-27T11:21:26.8779170Z   
2022-12-27T11:21:26.8779350Z   if os.path.exists(__file__):
2022-12-27T11:21:26.8779570Z       filename = __file__
2022-12-27T11:21:26.8779850Z       with tokenize.open(__file__) as f:
2022-12-27T11:21:26.8780050Z           setup_py_code = f.read()
2022-12-27T11:21:26.8780260Z   else:
2022-12-27T11:21:26.8780580Z       filename = "<auto-generated setuptools caller>"
2022-12-27T11:21:26.8780840Z       setup_py_code = "from setuptools import setup; setup()"
2022-12-27T11:21:26.8781130Z   
2022-12-27T11:21:26.8781360Z   exec(compile(setup_py_code, filename, "exec"))
2022-12-27T11:21:26.8782020Z   '"'"''"'"''"'"' % ('"'"'/Users/runner/actions-runner/_work/python.build/python.build/build_lxml12139/lxml-1.2.1/setup.py'"'"',), "<pip-setuptools-caller>", "exec"))' egg_info --egg-base /private/var/folders/51/hd414ycd67n82196sw51xqtc0000gn/T/pip-pip-egg-info-q385gr39
2022-12-27T11:21:26.8782630Z   cwd: /Users/runner/actions-runner/_work/python.build/python.build/build_lxml12139/lxml-1.2.1/
2022-12-27T11:21:26.8783090Z   Preparing metadata (setup.py): finished with status 'error'
2022-12-27T11:21:26.8786750Z error: metadata-generation-failed
2022-12-27T11:21:26.8786980Z 
2022-12-27T11:21:26.8787210Z Ã— Encountered error while generating package metadata.
2022-12-27T11:21:26.8787460Z â•°â”€> See above for output.
2022-12-27T11:21:26.8787570Z 
2022-12-27T11:21:26.8787850Z note: This is an issue with the package mentioned above, not pip.
2022-12-27T11:21:26.8788090Z hint: See above for details.
2022-12-27T11:21:26.8813120Z Exception information:
2022-12-27T11:21:26.8813600Z Traceback (most recent call last):
2022-12-27T11:21:26.8815140Z   File "/private/var/folders/51/hd414ycd67n82196sw51xqtc0000gn/T/cibw-run-ylc4y8za/cp39-macosx_arm64/build/venv/lib/python3.9/site-packages/pip/_internal/operations/build/metadata_legacy.py", line 64, in generate_metadata
2022-12-27T11:21:26.8815840Z     call_subprocess(
2022-12-27T11:21:26.8816830Z   File "/private/var/folders/51/hd414ycd67n82196sw51xqtc0000gn/T/cibw-run-ylc4y8za/cp39-macosx_arm64/build/venv/lib/python3.9/site-packages/pip/_internal/utils/subprocess.py", line 224, in call_subprocess
2022-12-27T11:21:26.8817450Z     raise error
2022-12-27T11:21:26.8818050Z pip._internal.exceptions.InstallationSubprocessError: python setup.py egg_info exited with 1
2022-12-27T11:21:26.8818440Z 
2022-12-27T11:21:26.8818710Z The above exception was the direct cause of the following exception:
2022-12-27T11:21:26.8818990Z 
2022-12-27T11:21:26.8819140Z Traceback (most recent call last):
2022-12-27T11:21:26.8820010Z   File "/private/var/folders/51/hd414ycd67n82196sw51xqtc0000gn/T/cibw-run-ylc4y8za/cp39-macosx_arm64/build/venv/lib/python3.9/site-packages/pip/_internal/cli/base_command.py", line 160, in exc_logging_wrapper
2022-12-27T11:21:26.8820660Z     status = run_func(*args)
2022-12-27T11:21:26.8821510Z   File "/private/var/folders/51/hd414ycd67n82196sw51xqtc0000gn/T/cibw-run-ylc4y8za/cp39-macosx_arm64/build/venv/lib/python3.9/site-packages/pip/_internal/cli/req_command.py", line 247, in wrapper
2022-12-27T11:21:26.8821860Z     return func(self, options, args)
2022-12-27T11:21:26.8822410Z   File "/private/var/folders/51/hd414ycd67n82196sw51xqtc0000gn/T/cibw-run-ylc4y8za/cp39-macosx_arm64/build/venv/lib/python3.9/site-packages/pip/_internal/commands/wheel.py", line 170, in run
2022-12-27T11:21:26.8823030Z     requirement_set = resolver.resolve(reqs, check_supported_wheels=True)
2022-12-27T11:21:26.8823770Z   File "/private/var/folders/51/hd414ycd67n82196sw51xqtc0000gn/T/cibw-run-ylc4y8za/cp39-macosx_arm64/build/venv/lib/python3.9/site-packages/pip/_internal/resolution/resolvelib/resolver.py", line 73, in resolve
2022-12-27T11:21:26.8824300Z     collected = self.factory.collect_root_requirements(root_reqs)
2022-12-27T11:21:26.8824940Z   File "/private/var/folders/51/hd414ycd67n82196sw51xqtc0000gn/T/cibw-run-ylc4y8za/cp39-macosx_arm64/build/venv/lib/python3.9/site-packages/pip/_internal/resolution/resolvelib/factory.py", line 491, in collect_root_requirements
2022-12-27T11:21:26.8825350Z     req = self._make_requirement_from_install_req(
2022-12-27T11:21:26.8826040Z   File "/private/var/folders/51/hd414ycd67n82196sw51xqtc0000gn/T/cibw-run-ylc4y8za/cp39-macosx_arm64/build/venv/lib/python3.9/site-packages/pip/_internal/resolution/resolvelib/factory.py", line 453, in _make_requirement_from_install_req
2022-12-27T11:21:26.8826440Z     cand = self._make_candidate_from_link(
2022-12-27T11:21:26.8827020Z   File "/private/var/folders/51/hd414ycd67n82196sw51xqtc0000gn/T/cibw-run-ylc4y8za/cp39-macosx_arm64/build/venv/lib/python3.9/site-packages/pip/_internal/resolution/resolvelib/factory.py", line 206, in _make_candidate_from_link
2022-12-27T11:21:26.8827430Z     self._link_candidate_cache[link] = LinkCandidate(
2022-12-27T11:21:26.8828070Z   File "/private/var/folders/51/hd414ycd67n82196sw51xqtc0000gn/T/cibw-run-ylc4y8za/cp39-macosx_arm64/build/venv/lib/python3.9/site-packages/pip/_internal/resolution/resolvelib/candidates.py", line 297, in __init__
2022-12-27T11:21:26.8828430Z     super().__init__(
2022-12-27T11:21:26.8828930Z   File "/private/var/folders/51/hd414ycd67n82196sw51xqtc0000gn/T/cibw-run-ylc4y8za/cp39-macosx_arm64/build/venv/lib/python3.9/site-packages/pip/_internal/resolution/resolvelib/candidates.py", line 162, in __init__
2022-12-27T11:21:26.8829290Z     self.dist = self._prepare()
2022-12-27T11:21:26.8829780Z   File "/private/var/folders/51/hd414ycd67n82196sw51xqtc0000gn/T/cibw-run-ylc4y8za/cp39-macosx_arm64/build/venv/lib/python3.9/site-packages/pip/_internal/resolution/resolvelib/candidates.py", line 231, in _prepare
2022-12-27T11:21:26.8830340Z     dist = self._prepare_distribution()
2022-12-27T11:21:26.8830840Z   File "/private/var/folders/51/hd414ycd67n82196sw51xqtc0000gn/T/cibw-run-ylc4y8za/cp39-macosx_arm64/build/venv/lib/python3.9/site-packages/pip/_internal/resolution/resolvelib/candidates.py", line 308, in _prepare_distribution
2022-12-27T11:21:26.8831160Z     return preparer.prepare_linked_requirement(self._ireq, parallel_builds=True)
2022-12-27T11:21:26.8831660Z   File "/private/var/folders/51/hd414ycd67n82196sw51xqtc0000gn/T/cibw-run-ylc4y8za/cp39-macosx_arm64/build/venv/lib/python3.9/site-packages/pip/_internal/operations/prepare.py", line 491, in prepare_linked_requirement
2022-12-27T11:21:26.8832130Z     return self._prepare_linked_requirement(req, parallel_builds)
2022-12-27T11:21:26.8832620Z   File "/private/var/folders/51/hd414ycd67n82196sw51xqtc0000gn/T/cibw-run-ylc4y8za/cp39-macosx_arm64/build/venv/lib/python3.9/site-packages/pip/_internal/operations/prepare.py", line 577, in _prepare_linked_requirement
2022-12-27T11:21:26.8832940Z     dist = _get_prepared_distribution(
2022-12-27T11:21:26.8833400Z   File "/private/var/folders/51/hd414ycd67n82196sw51xqtc0000gn/T/cibw-run-ylc4y8za/cp39-macosx_arm64/build/venv/lib/python3.9/site-packages/pip/_internal/operations/prepare.py", line 69, in _get_prepared_distribution
2022-12-27T11:21:26.8833690Z     abstract_dist.prepare_distribution_metadata(
2022-12-27T11:21:26.8834210Z   File "/private/var/folders/51/hd414ycd67n82196sw51xqtc0000gn/T/cibw-run-ylc4y8za/cp39-macosx_arm64/build/venv/lib/python3.9/site-packages/pip/_internal/distributions/sdist.py", line 61, in prepare_distribution_metadata
2022-12-27T11:21:26.8834520Z     self.req.prepare_metadata()
2022-12-27T11:21:26.8835110Z   File "/private/var/folders/51/hd414ycd67n82196sw51xqtc0000gn/T/cibw-run-ylc4y8za/cp39-macosx_arm64/build/venv/lib/python3.9/site-packages/pip/_internal/req/req_install.py", line 541, in prepare_metadata
2022-12-27T11:21:26.8835440Z     self.metadata_directory = generate_metadata_legacy(
2022-12-27T11:21:26.8835990Z   File "/private/var/folders/51/hd414ycd67n82196sw51xqtc0000gn/T/cibw-run-ylc4y8za/cp39-macosx_arm64/build/venv/lib/python3.9/site-packages/pip/_internal/operations/build/metadata_legacy.py", line 71, in generate_metadata
2022-12-27T11:21:26.8836320Z     raise MetadataGenerationFailed(package_details=details) from error
2022-12-27T11:21:26.8836610Z pip._internal.exceptions.MetadataGenerationFailed: metadata generation failed
2022-12-27T11:21:26.8837100Z Removed file:///Users/runner/actions-runner/_work/python.build/python.build/build_lxml12139/lxml-1.2.1 from build tracker '/private/var/folders/51/hd414ycd67n82196sw51xqtc0000gn/T/pip-build-tracker-igd3wkwa'
2022-12-27T11:21:26.8837610Z Removed build tracker: '/private/var/folders/51/hd414ycd67n82196sw51xqtc0000gn/T/pip-build-tracker-igd3wkwa'
2022-12-27T11:21:26.9227230Z ##[endgroup]
2022-12-27T11:21:26.9322300Z ##[error]Command ['python', '-m', 'pip', 'wheel', '/Users/runner/actions-runner/_work/python.build/python.build/build_lxml12139/lxml-1.2.1', '--wheel-dir=/private/var/folders/51/hd414ycd67n82196sw51xqtc0000gn/T/cibw-run-ylc4y8za/cp39-macosx_arm64/built_wheel', '--no-deps', '-vvv'] failed with code 1. None
2022-12-27T11:21:26.9329080Z 
2022-12-27T11:21:26.9329500Z                                                               [31mâœ• [0m0.51s
2022-12-27T11:21:26.9688820Z ##[error]Process completed with exit code 1.
2022-12-27T11:21:26.9720170Z ##[group]Run rm -rf build_lxml12139 wheelsout
2022-12-27T11:21:26.9720430Z [36;1mrm -rf build_lxml12139 wheelsout[0m
2022-12-27T11:21:26.9735140Z shell: /bin/bash -e {0}
2022-12-27T11:21:26.9735260Z env:
2022-12-27T11:21:26.9735510Z   pythonLocation: /Users/runner/hostedtoolcache/Python/3.9.16/x64
2022-12-27T11:21:26.9735760Z   PKG_CONFIG_PATH: /Users/runner/hostedtoolcache/Python/3.9.16/x64/lib/pkgconfig
2022-12-27T11:21:26.9736010Z   Python_ROOT_DIR: /Users/runner/hostedtoolcache/Python/3.9.16/x64
2022-12-27T11:21:26.9736220Z   Python2_ROOT_DIR: /Users/runner/hostedtoolcache/Python/3.9.16/x64
2022-12-27T11:21:26.9736610Z   Python3_ROOT_DIR: /Users/runner/hostedtoolcache/Python/3.9.16/x64
2022-12-27T11:21:26.9736770Z ##[endgroup]
2022-12-27T11:21:27.0022460Z Cleaning up orphan processes
