2022-12-27T08:55:30.5007977Z Requested labels: self-hosted, macOS, X64
2022-12-27T08:55:30.5008080Z Job defined at: kilnbuild/python.build/.github/workflows/mac_arm_build.yml@refs/heads/main
2022-12-27T08:55:30.5008108Z Waiting for a runner to pick up this job...
2022-12-27T11:34:24.8300842Z Job is about to start running on the runner: kr1 (organization)
2022-12-27T11:34:29.3938750Z Current runner version: '2.300.2'
2022-12-27T11:34:29.3946400Z Runner name: 'kr1'
2022-12-27T11:34:29.3946810Z Runner group name: 'Default'
2022-12-27T11:34:29.3947690Z Machine name: 'kr1'
2022-12-27T11:34:29.3950370Z ##[group]GITHUB_TOKEN Permissions
2022-12-27T11:34:29.3951100Z Actions: write
2022-12-27T11:34:29.3951370Z Checks: write
2022-12-27T11:34:29.3951630Z Contents: write
2022-12-27T11:34:29.3951900Z Deployments: write
2022-12-27T11:34:29.3952180Z Discussions: write
2022-12-27T11:34:29.3952440Z Issues: write
2022-12-27T11:34:29.3952690Z Metadata: read
2022-12-27T11:34:29.3952950Z Packages: write
2022-12-27T11:34:29.3953230Z Pages: write
2022-12-27T11:34:29.3953510Z PullRequests: write
2022-12-27T11:34:29.3953830Z RepositoryProjects: write
2022-12-27T11:34:29.3954140Z SecurityEvents: write
2022-12-27T11:34:29.3954420Z Statuses: write
2022-12-27T11:34:29.3954680Z ##[endgroup]
2022-12-27T11:34:29.3958390Z Secret source: Actions
2022-12-27T11:34:29.3958900Z Prepare workflow directory
2022-12-27T11:34:29.5106270Z Prepare all required actions
2022-12-27T11:34:29.5312720Z Getting action download info
2022-12-27T11:34:29.9797680Z Download action repository 'actions/setup-python@v4' (SHA:5ccb29d8773c3f3f653e1705f474dfaa8a06a912)
2022-12-27T11:34:31.8546590Z Download action repository 'actions/upload-artifact@v3' (SHA:83fd05a356d7e2593de66fc9913b3002723633cb)
2022-12-27T11:34:33.3368390Z ##[group]Run echo '{
2022-12-27T11:34:33.3369020Z [36;1mecho '{[0m
2022-12-27T11:34:33.3369300Z [36;1m  "package_name": "lxml",[0m
2022-12-27T11:34:33.3369790Z [36;1m  "package_url": "https://files.pythonhosted.org/packages/38/da/d38681213e2f9c58b233f59f461c6a6dc3f465c6584c356eb6112502ed76/lxml-2.3.4.tar.gz",[0m
2022-12-27T11:34:33.3370190Z [36;1m  "package_version": "2.3.4",[0m
2022-12-27T11:34:33.3370530Z [36;1m  "python_version": "3.9",[0m
2022-12-27T11:34:33.3370780Z [36;1m  "use_ccache": "true"[0m
2022-12-27T11:34:33.3370970Z [36;1m}'[0m
2022-12-27T11:34:33.3399800Z shell: /bin/bash -e {0}
2022-12-27T11:34:33.3400180Z ##[endgroup]
2022-12-27T11:34:33.3803630Z {
2022-12-27T11:34:33.3806180Z   "package_name": "lxml",
2022-12-27T11:34:33.3807640Z   "package_url": "https://files.pythonhosted.org/packages/38/da/d38681213e2f9c58b233f59f461c6a6dc3f465c6584c356eb6112502ed76/lxml-2.3.4.tar.gz",
2022-12-27T11:34:33.3808090Z   "package_version": "2.3.4",
2022-12-27T11:34:33.3808490Z   "python_version": "3.9",
2022-12-27T11:34:33.3808820Z   "use_ccache": "true"
2022-12-27T11:34:33.3809180Z }
2022-12-27T11:34:33.4159540Z ##[group]Run actions/setup-python@v4
2022-12-27T11:34:33.4159960Z with:
2022-12-27T11:34:33.4160260Z   python-version: 3.9
2022-12-27T11:34:33.4160520Z   check-latest: false
2022-12-27T11:34:33.4161050Z   token: ***
2022-12-27T11:34:33.4161460Z   update-environment: true
2022-12-27T11:34:33.4161730Z ##[endgroup]
2022-12-27T11:34:33.6373540Z ##[group]Installed versions
2022-12-27T11:34:33.6418010Z Successfully set up CPython (3.9.16)
2022-12-27T11:34:33.6418900Z ##[endgroup]
2022-12-27T11:34:33.6645650Z ##[group]Run if [ "true" == "true" ]
2022-12-27T11:34:33.6646370Z [36;1mif [ "true" == "true" ][0m
2022-12-27T11:34:33.6646730Z [36;1mthen[0m
2022-12-27T11:34:33.6647060Z [36;1m  echo "CCACHE_PATH_PREPEND=/usr/local/opt/ccache/libexec" >> $GITHUB_OUTPUT[0m
2022-12-27T11:34:33.6647440Z [36;1melse[0m
2022-12-27T11:34:33.6647800Z [36;1m  echo "CCACHE_PATH_PREPEND=" >> $GITHUB_OUTPUT[0m
2022-12-27T11:34:33.6648250Z [36;1mfi[0m
2022-12-27T11:34:33.6677120Z shell: /bin/bash -e {0}
2022-12-27T11:34:33.6677470Z env:
2022-12-27T11:34:33.6677980Z   pythonLocation: /Users/runner/hostedtoolcache/Python/3.9.16/x64
2022-12-27T11:34:33.6678380Z   PKG_CONFIG_PATH: /Users/runner/hostedtoolcache/Python/3.9.16/x64/lib/pkgconfig
2022-12-27T11:34:33.6678830Z   Python_ROOT_DIR: /Users/runner/hostedtoolcache/Python/3.9.16/x64
2022-12-27T11:34:33.6679830Z   Python2_ROOT_DIR: /Users/runner/hostedtoolcache/Python/3.9.16/x64
2022-12-27T11:34:33.6680310Z   Python3_ROOT_DIR: /Users/runner/hostedtoolcache/Python/3.9.16/x64
2022-12-27T11:34:33.6681450Z ##[endgroup]
2022-12-27T11:34:33.7008100Z ##[group]Run echo "BUILD_NAME=$(echo lxml_2.3.4_3.9 | tr -dc '[:alnum:]\n\r' | tr '[:upper:]' '[:lower:]')" >> $GITHUB_OUTPUT
2022-12-27T11:34:33.7008750Z [36;1mecho "BUILD_NAME=$(echo lxml_2.3.4_3.9 | tr -dc '[:alnum:]\n\r' | tr '[:upper:]' '[:lower:]')" >> $GITHUB_OUTPUT[0m
2022-12-27T11:34:33.7036720Z shell: /bin/bash -e {0}
2022-12-27T11:34:33.7037120Z env:
2022-12-27T11:34:33.7037440Z   pythonLocation: /Users/runner/hostedtoolcache/Python/3.9.16/x64
2022-12-27T11:34:33.7037890Z   PKG_CONFIG_PATH: /Users/runner/hostedtoolcache/Python/3.9.16/x64/lib/pkgconfig
2022-12-27T11:34:33.7038340Z   Python_ROOT_DIR: /Users/runner/hostedtoolcache/Python/3.9.16/x64
2022-12-27T11:34:33.7038720Z   Python2_ROOT_DIR: /Users/runner/hostedtoolcache/Python/3.9.16/x64
2022-12-27T11:34:33.7039220Z   Python3_ROOT_DIR: /Users/runner/hostedtoolcache/Python/3.9.16/x64
2022-12-27T11:34:33.7039590Z ##[endgroup]
2022-12-27T11:34:33.7277410Z ##[group]Run echo "PYTHON_NO_DOTS=$(echo 3.9 | tr -dc '[:alnum:]\n\r' | tr '[:upper:]' '[:lower:]')" >> $GITHUB_OUTPUT
2022-12-27T11:34:33.7278100Z [36;1mecho "PYTHON_NO_DOTS=$(echo 3.9 | tr -dc '[:alnum:]\n\r' | tr '[:upper:]' '[:lower:]')" >> $GITHUB_OUTPUT[0m
2022-12-27T11:34:33.7304940Z shell: /bin/bash -e {0}
2022-12-27T11:34:33.7305340Z env:
2022-12-27T11:34:33.7305640Z   pythonLocation: /Users/runner/hostedtoolcache/Python/3.9.16/x64
2022-12-27T11:34:33.7306070Z   PKG_CONFIG_PATH: /Users/runner/hostedtoolcache/Python/3.9.16/x64/lib/pkgconfig
2022-12-27T11:34:33.7306510Z   Python_ROOT_DIR: /Users/runner/hostedtoolcache/Python/3.9.16/x64
2022-12-27T11:34:33.7306870Z   Python2_ROOT_DIR: /Users/runner/hostedtoolcache/Python/3.9.16/x64
2022-12-27T11:34:33.7307360Z   Python3_ROOT_DIR: /Users/runner/hostedtoolcache/Python/3.9.16/x64
2022-12-27T11:34:33.7307710Z ##[endgroup]
2022-12-27T11:34:33.7573080Z ##[group]Run rm -rf build_lxml23439
2022-12-27T11:34:33.7573580Z [36;1mrm -rf build_lxml23439[0m
2022-12-27T11:34:33.7574010Z [36;1mmkdir build_lxml23439[0m
2022-12-27T11:34:33.7574350Z [36;1mcd build_lxml23439[0m
2022-12-27T11:34:33.7574890Z [36;1m/usr/local/bin/wget --quiet https://files.pythonhosted.org/packages/38/da/d38681213e2f9c58b233f59f461c6a6dc3f465c6584c356eb6112502ed76/lxml-2.3.4.tar.gz[0m
2022-12-27T11:34:33.7575350Z [36;1mtar xf *.tar.gz[0m
2022-12-27T11:34:33.7575660Z [36;1mcd *[0m
2022-12-27T11:34:33.7576020Z [36;1mpython -m pip install cibuildwheel==2.11.3[0m
2022-12-27T11:34:33.7576420Z [36;1mpython -m cibuildwheel --output-dir ../wheelsout[0m
2022-12-27T11:34:33.7603450Z shell: /bin/bash -e {0}
2022-12-27T11:34:33.7603690Z env:
2022-12-27T11:34:33.7604140Z   pythonLocation: /Users/runner/hostedtoolcache/Python/3.9.16/x64
2022-12-27T11:34:33.7604580Z   PKG_CONFIG_PATH: /Users/runner/hostedtoolcache/Python/3.9.16/x64/lib/pkgconfig
2022-12-27T11:34:33.7608090Z   Python_ROOT_DIR: /Users/runner/hostedtoolcache/Python/3.9.16/x64
2022-12-27T11:34:33.7608880Z   Python2_ROOT_DIR: /Users/runner/hostedtoolcache/Python/3.9.16/x64
2022-12-27T11:34:33.7609840Z   Python3_ROOT_DIR: /Users/runner/hostedtoolcache/Python/3.9.16/x64
2022-12-27T11:34:33.7610550Z   CIBW_ARCHS_MACOS: arm64
2022-12-27T11:34:33.7611050Z   CIBW_TEST_SKIP: *_arm64
2022-12-27T11:34:33.7611670Z   CIBW_BUILD: cp39-macosx_arm64
2022-12-27T11:34:33.7612430Z   CIBW_BUILD_FRONTEND: pip
2022-12-27T11:34:33.7613060Z   CIBW_BUILD_VERBOSITY: 3
2022-12-27T11:34:33.7614020Z   CIBW_ENVIRONMENT_MACOS:  CFLAGS="-I/usr/local/opt/openssl@3/include" LDFLAGS="-L/usr/local/opt/openssl@3/lib" CPPFLAGS="-I/usr/local/opt/openssl@3/include" MAKEFLAGS="-j$(sysctl -n hw.logicalcpu)" PATH=/usr/local/opt/ccache/libexec:$PATH
2022-12-27T11:34:33.7615320Z   CIBW_BEFORE_BUILD: pip install Cython; if [[ -f requirements.txt ]]; then pip install -r requirements.txt; fi
2022-12-27T11:34:33.7616200Z   MAKEFLAGS: -j$(sysctl -n hw.logicalcpu)
2022-12-27T11:34:33.7616950Z ##[endgroup]
2022-12-27T11:34:34.6024230Z Requirement already satisfied: cibuildwheel==2.11.3 in /Users/runner/hostedtoolcache/Python/3.9.16/x64/lib/python3.9/site-packages (2.11.3)
2022-12-27T11:34:34.6406670Z Requirement already satisfied: filelock in /Users/runner/hostedtoolcache/Python/3.9.16/x64/lib/python3.9/site-packages (from cibuildwheel==2.11.3) (3.8.2)
2022-12-27T11:34:34.6411900Z Requirement already satisfied: bashlex!=0.13 in /Users/runner/hostedtoolcache/Python/3.9.16/x64/lib/python3.9/site-packages (from cibuildwheel==2.11.3) (0.16)
2022-12-27T11:34:34.6427200Z Requirement already satisfied: typing-extensions>=4.1.0 in /Users/runner/hostedtoolcache/Python/3.9.16/x64/lib/python3.9/site-packages (from cibuildwheel==2.11.3) (4.4.0)
2022-12-27T11:34:34.6434780Z Requirement already satisfied: tomli in /Users/runner/hostedtoolcache/Python/3.9.16/x64/lib/python3.9/site-packages (from cibuildwheel==2.11.3) (2.0.1)
2022-12-27T11:34:34.6441390Z Requirement already satisfied: packaging>=20.9 in /Users/runner/hostedtoolcache/Python/3.9.16/x64/lib/python3.9/site-packages (from cibuildwheel==2.11.3) (22.0)
2022-12-27T11:34:34.6446960Z Requirement already satisfied: platformdirs in /Users/runner/hostedtoolcache/Python/3.9.16/x64/lib/python3.9/site-packages (from cibuildwheel==2.11.3) (2.6.0)
2022-12-27T11:34:34.6452420Z Requirement already satisfied: certifi in /Users/runner/hostedtoolcache/Python/3.9.16/x64/lib/python3.9/site-packages (from cibuildwheel==2.11.3) (2022.12.7)
2022-12-27T11:34:34.6455360Z Requirement already satisfied: bracex in /Users/runner/hostedtoolcache/Python/3.9.16/x64/lib/python3.9/site-packages (from cibuildwheel==2.11.3) (2.3.post1)
2022-12-27T11:34:34.9637170Z 
2022-12-27T11:34:34.9638450Z      _ _       _ _   _       _           _
2022-12-27T11:34:34.9639390Z  ___|_| |_ _ _|_| |_| |_ _ _| |_ ___ ___| |
2022-12-27T11:34:34.9640880Z |  _| | . | | | | | . | | | |   | -_| -_| |
2022-12-27T11:34:34.9641740Z |___|_|___|___|_|_|___|_____|_|_|___|___|_|
2022-12-27T11:34:34.9643530Z 
2022-12-27T11:34:34.9644340Z cibuildwheel version 2.11.3
2022-12-27T11:34:34.9644770Z 
2022-12-27T11:34:34.9645050Z Build options:
2022-12-27T11:34:34.9645680Z   platform: macos
2022-12-27T11:34:34.9806730Z   architectures: arm64[0m
2022-12-27T11:34:34.9807820Z   build_selector: 
2022-12-27T11:34:34.9810180Z     build_config: cp39-macosx_arm64
2022-12-27T11:34:34.9811200Z     skip_config: 
2022-12-27T11:34:34.9811980Z     requires_python: None
2022-12-27T11:34:34.9813990Z     prerelease_pythons: False[0m
2022-12-27T11:34:34.9816660Z   [38;5;244mcontainer_engine: docker[0m
2022-12-27T11:34:34.9817580Z   output_dir: /Users/runner/actions-runner/_work/python.build/python.build/build_lxml23439/wheelsout[0m
2022-12-27T11:34:34.9818600Z   package_dir: /Users/runner/actions-runner/_work/python.build/python.build/build_lxml23439/lxml-2.3.4[0m
2022-12-27T11:34:34.9819040Z   test_selector: 
2022-12-27T11:34:34.9819410Z     skip_config: *_arm64[0m
2022-12-27T11:34:34.9819950Z   [38;5;244mbefore_all: [0m
2022-12-27T11:34:34.9820540Z   before_build: pip install Cython; if [[ -f requirements.txt ]]; then pip install -r requirements.txt; fi[0m
2022-12-27T11:34:34.9821070Z   [38;5;244mbefore_test: [0m
2022-12-27T11:34:34.9821430Z   [38;5;244mbuild_frontend: pip[0m
2022-12-27T11:34:34.9821930Z   build_verbosity: 3[0m
2022-12-27T11:34:34.9822360Z   [38;5;244mconfig_settings: [0m
2022-12-27T11:34:34.9822800Z   [38;5;244mdependency_constraints: pinned[0m
2022-12-27T11:34:34.9823150Z   environment: 
2022-12-27T11:34:34.9823630Z     CFLAGS="-I/usr/local/opt/openssl@3/include"
2022-12-27T11:34:34.9824120Z     LDFLAGS="-L/usr/local/opt/openssl@3/lib"
2022-12-27T11:34:34.9824600Z     CPPFLAGS="-I/usr/local/opt/openssl@3/include"
2022-12-27T11:34:34.9825100Z     MAKEFLAGS="-j$(sysctl -n hw.logicalcpu)"
2022-12-27T11:34:34.9825510Z     PATH=/usr/local/opt/ccache/libexec:$PATH[0m
2022-12-27T11:34:34.9825970Z   [38;5;244mmanylinux_images: None[0m
2022-12-27T11:34:34.9826540Z   [38;5;244mmusllinux_images: None[0m
2022-12-27T11:34:34.9827170Z   [38;5;244mrepair_command: delocate-wheel --require-archs {delocate_archs} -w {dest_dir} -v {wheel}[0m
2022-12-27T11:34:34.9828290Z   [38;5;244mtest_command: [0m
2022-12-27T11:34:34.9828690Z   [38;5;244mtest_extras: [0m
2022-12-27T11:34:34.9829180Z   [38;5;244mtest_requires: [0m
2022-12-27T11:34:34.9829380Z 
2022-12-27T11:34:34.9829500Z Cache folder: /Users/runner/Library/Caches/cibuildwheel
2022-12-27T11:34:34.9834470Z 
2022-12-27T11:34:34.9835450Z Here we go!
2022-12-27T11:34:34.9836160Z 
2022-12-27T11:34:34.9939630Z 
2022-12-27T11:34:34.9940850Z [1m[34mBuilding cp39-macosx_arm64 wheel[0m
2022-12-27T11:34:34.9941820Z CPython 3.9 macOS arm64 - Apple Silicon
2022-12-27T11:34:34.9942660Z 
2022-12-27T11:34:34.9944160Z ##[group]Installing Python cp39...
2022-12-27T11:34:34.9944610Z 
2022-12-27T11:34:34.9945060Z + pkgutil --pkgs
2022-12-27T11:34:35.0152350Z ##[endgroup]
2022-12-27T11:34:35.0154470Z                                                               [32mâœ“ [0m0.02s
2022-12-27T11:34:35.0155540Z ##[group]Setting up build environment...
2022-12-27T11:34:35.0155810Z 
2022-12-27T11:34:35.0185790Z + /Users/runner/hostedtoolcache/Python/3.9.16/x64/bin/python -sS /Users/runner/Library/Caches/cibuildwheel/virtualenv-20.17.0.pyz --activators= --no-periodic-update --pip=22.3.1 --setuptools=65.6.3 --wheel=0.38.4 --symlink-app-data --python /Library/Frameworks/Python.framework/Versions/3.9/bin/python3 /private/var/folders/51/hd414ycd67n82196sw51xqtc0000gn/T/cibw-run-h1chbmar/cp39-macosx_arm64/build/venv
2022-12-27T11:34:35.3172550Z created virtual environment CPython3.9.13.final.0-64 in 78ms
2022-12-27T11:34:35.3173430Z   creator CPython3Posix(dest=/private/var/folders/51/hd414ycd67n82196sw51xqtc0000gn/T/cibw-run-h1chbmar/cp39-macosx_arm64/build/venv, clear=False, no_vcs_ignore=False, global=False)
2022-12-27T11:34:35.3174600Z   seeder FromAppData(download=False, pip=22.3.1, setuptools=65.6.3, wheel=0.38.4, via=symlink, app_data_dir=/Users/runner/Library/Application Support/virtualenv)
2022-12-27T11:34:35.3175270Z     added seed packages: pip==22.3.1, setuptools==65.6.3, wheel==0.38.4
2022-12-27T11:34:35.3402020Z + python -m pip install --upgrade pip -c /Users/runner/hostedtoolcache/Python/3.9.16/x64/lib/python3.9/site-packages/cibuildwheel/resources/constraints-python39.txt
2022-12-27T11:34:35.8519230Z Requirement already satisfied: pip in ./lib/python3.9/site-packages (22.3.1)
2022-12-27T11:34:36.1467070Z + which pip
2022-12-27T11:34:36.1507860Z /private/var/folders/51/hd414ycd67n82196sw51xqtc0000gn/T/cibw-run-h1chbmar/cp39-macosx_arm64/build/venv/bin/pip
2022-12-27T11:34:36.1515050Z + pip --version
2022-12-27T11:34:36.5310180Z pip 22.3.1 from /private/var/folders/51/hd414ycd67n82196sw51xqtc0000gn/T/cibw-run-h1chbmar/cp39-macosx_arm64/build/venv/lib/python3.9/site-packages/pip (python 3.9)
2022-12-27T11:34:36.5774580Z + which pip
2022-12-27T11:34:36.5833930Z + which python
2022-12-27T11:34:36.5885150Z /private/var/folders/51/hd414ycd67n82196sw51xqtc0000gn/T/cibw-run-h1chbmar/cp39-macosx_arm64/build/venv/bin/python
2022-12-27T11:34:36.5893320Z + python --version
2022-12-27T11:34:36.5993610Z Python 3.9.13
2022-12-27T11:34:36.6001230Z + which python
2022-12-27T11:34:36.6106480Z ##[endgroup]
2022-12-27T11:34:36.6107370Z                                                               [32mâœ“ [0m1.60s
2022-12-27T11:34:36.6108060Z ##[group]Installing build tools...
2022-12-27T11:34:36.6108600Z 
2022-12-27T11:34:36.6109150Z + pip install --upgrade setuptools wheel delocate -c /Users/runner/hostedtoolcache/Python/3.9.16/x64/lib/python3.9/site-packages/cibuildwheel/resources/constraints-python39.txt
2022-12-27T11:34:37.1090270Z Requirement already satisfied: setuptools in /private/var/folders/51/hd414ycd67n82196sw51xqtc0000gn/T/cibw-run-h1chbmar/cp39-macosx_arm64/build/venv/lib/python3.9/site-packages (65.6.3)
2022-12-27T11:34:37.5208530Z Requirement already satisfied: wheel in /private/var/folders/51/hd414ycd67n82196sw51xqtc0000gn/T/cibw-run-h1chbmar/cp39-macosx_arm64/build/venv/lib/python3.9/site-packages (0.38.4)
2022-12-27T11:34:37.6080100Z Collecting delocate
2022-12-27T11:34:37.6138740Z   Using cached delocate-0.10.3-py3-none-any.whl (142 kB)
2022-12-27T11:34:37.6625600Z Collecting typing-extensions
2022-12-27T11:34:37.6679730Z   Using cached typing_extensions-4.4.0-py3-none-any.whl (26 kB)
2022-12-27T11:34:37.7155100Z Collecting packaging>=20.9
2022-12-27T11:34:37.7198500Z   Using cached packaging-21.3-py3-none-any.whl (40 kB)
2022-12-27T11:34:37.7942260Z Collecting pyparsing!=3.0.5,>=2.0.2
2022-12-27T11:34:37.7996300Z   Using cached pyparsing-3.0.9-py3-none-any.whl (98 kB)
2022-12-27T11:34:37.8649680Z Installing collected packages: typing-extensions, pyparsing, packaging, delocate
2022-12-27T11:34:38.1128810Z Successfully installed delocate-0.10.3 packaging-21.3 pyparsing-3.0.9 typing-extensions-4.4.0
2022-12-27T11:34:38.2450550Z ##[endgroup]
2022-12-27T11:34:38.2451770Z                                                               [32mâœ“ [0m1.63s
2022-12-27T11:34:38.2452950Z ##[group]Running before_build...
2022-12-27T11:34:38.2453620Z 
2022-12-27T11:34:38.2464690Z + pip install Cython; if [[ -f requirements.txt ]]; then pip install -r requirements.txt; fi
2022-12-27T11:34:39.5752740Z Collecting Cython
2022-12-27T11:34:39.5867240Z   Using cached Cython-0.29.32-py2.py3-none-any.whl (986 kB)
2022-12-27T11:34:39.6652850Z Installing collected packages: Cython
2022-12-27T11:34:40.5173290Z Successfully installed Cython-0.29.32
2022-12-27T11:34:40.6245420Z ##[endgroup]
2022-12-27T11:34:40.6246850Z                                                               [32mâœ“ [0m2.38s
2022-12-27T11:34:40.6247970Z ##[group]Building wheel...
2022-12-27T11:34:40.6248360Z 
2022-12-27T11:34:40.6258590Z + python -m pip wheel /Users/runner/actions-runner/_work/python.build/python.build/build_lxml23439/lxml-2.3.4 --wheel-dir=/private/var/folders/51/hd414ycd67n82196sw51xqtc0000gn/T/cibw-run-h1chbmar/cp39-macosx_arm64/built_wheel --no-deps -vvv
2022-12-27T11:34:41.0804590Z Created temporary directory: /private/var/folders/51/hd414ycd67n82196sw51xqtc0000gn/T/pip-ephem-wheel-cache-o_yu2_lq
2022-12-27T11:34:41.0810230Z Created temporary directory: /private/var/folders/51/hd414ycd67n82196sw51xqtc0000gn/T/pip-build-tracker-jdm3bhvq
2022-12-27T11:34:41.0811970Z Initialized build tracking at /private/var/folders/51/hd414ycd67n82196sw51xqtc0000gn/T/pip-build-tracker-jdm3bhvq
2022-12-27T11:34:41.0815550Z Created build tracker: /private/var/folders/51/hd414ycd67n82196sw51xqtc0000gn/T/pip-build-tracker-jdm3bhvq
2022-12-27T11:34:41.0817240Z Entered build tracker: /private/var/folders/51/hd414ycd67n82196sw51xqtc0000gn/T/pip-build-tracker-jdm3bhvq
2022-12-27T11:34:41.0823180Z Created temporary directory: /private/var/folders/51/hd414ycd67n82196sw51xqtc0000gn/T/pip-wheel-qxvb_5mw
2022-12-27T11:34:41.0834360Z Created temporary directory: /private/var/folders/51/hd414ycd67n82196sw51xqtc0000gn/T/pip-ephem-wheel-cache-dg7t71d5
2022-12-27T11:34:41.1229510Z Processing /Users/runner/actions-runner/_work/python.build/python.build/build_lxml23439/lxml-2.3.4
2022-12-27T11:34:41.1246900Z   Added file:///Users/runner/actions-runner/_work/python.build/python.build/build_lxml23439/lxml-2.3.4 to build tracker '/private/var/folders/51/hd414ycd67n82196sw51xqtc0000gn/T/pip-build-tracker-jdm3bhvq'
2022-12-27T11:34:41.1260280Z   Running setup.py (path:/Users/runner/actions-runner/_work/python.build/python.build/build_lxml23439/lxml-2.3.4/setup.py) egg_info for package from file:///Users/runner/actions-runner/_work/python.build/python.build/build_lxml23439/lxml-2.3.4
2022-12-27T11:34:41.1269310Z   Created temporary directory: /private/var/folders/51/hd414ycd67n82196sw51xqtc0000gn/T/pip-pip-egg-info-bz8t7h96
2022-12-27T11:34:41.1275120Z   Preparing metadata (setup.py): started
2022-12-27T11:34:41.1281050Z   Running command python setup.py egg_info
2022-12-27T11:34:41.8089240Z   Building lxml version 2.3.4.
2022-12-27T11:34:41.8091280Z   Building with Cython 0.29.32.
2022-12-27T11:34:41.8092900Z   Using build configuration of libxslt 1.1.29
2022-12-27T11:34:41.8096760Z   Building against libxml2/libxslt in the following directory: /Library/Developer/CommandLineTools/SDKs/MacOSX12.1.sdk/usr/lib
2022-12-27T11:34:41.8098320Z   running egg_info
2022-12-27T11:34:41.8102840Z   creating /private/var/folders/51/hd414ycd67n82196sw51xqtc0000gn/T/pip-pip-egg-info-bz8t7h96/lxml.egg-info
2022-12-27T11:34:41.8112730Z   writing /private/var/folders/51/hd414ycd67n82196sw51xqtc0000gn/T/pip-pip-egg-info-bz8t7h96/lxml.egg-info/PKG-INFO
2022-12-27T11:34:41.8121800Z   writing dependency_links to /private/var/folders/51/hd414ycd67n82196sw51xqtc0000gn/T/pip-pip-egg-info-bz8t7h96/lxml.egg-info/dependency_links.txt
2022-12-27T11:34:41.8128690Z   writing top-level names to /private/var/folders/51/hd414ycd67n82196sw51xqtc0000gn/T/pip-pip-egg-info-bz8t7h96/lxml.egg-info/top_level.txt
2022-12-27T11:34:41.8130500Z   writing manifest file '/private/var/folders/51/hd414ycd67n82196sw51xqtc0000gn/T/pip-pip-egg-info-bz8t7h96/lxml.egg-info/SOURCES.txt'
2022-12-27T11:34:41.8253750Z   reading manifest file '/private/var/folders/51/hd414ycd67n82196sw51xqtc0000gn/T/pip-pip-egg-info-bz8t7h96/lxml.egg-info/SOURCES.txt'
2022-12-27T11:34:41.8257730Z   reading manifest template 'MANIFEST.in'
2022-12-27T11:34:42.0260600Z   adding license file 'LICENSES.txt'
2022-12-27T11:34:42.0385020Z   writing manifest file '/private/var/folders/51/hd414ycd67n82196sw51xqtc0000gn/T/pip-pip-egg-info-bz8t7h96/lxml.egg-info/SOURCES.txt'
2022-12-27T11:34:42.0983640Z   Preparing metadata (setup.py): finished with status 'done'
2022-12-27T11:34:42.1028940Z   Source in /Users/runner/actions-runner/_work/python.build/python.build/build_lxml23439/lxml-2.3.4 has version 2.3.4, which satisfies requirement lxml==2.3.4 from file:///Users/runner/actions-runner/_work/python.build/python.build/build_lxml23439/lxml-2.3.4
2022-12-27T11:34:42.1033930Z   Removed lxml==2.3.4 from file:///Users/runner/actions-runner/_work/python.build/python.build/build_lxml23439/lxml-2.3.4 from build tracker '/private/var/folders/51/hd414ycd67n82196sw51xqtc0000gn/T/pip-build-tracker-jdm3bhvq'
2022-12-27T11:34:42.1062610Z Created temporary directory: /private/var/folders/51/hd414ycd67n82196sw51xqtc0000gn/T/pip-unpack-panvi_h8
2022-12-27T11:34:42.1065750Z Building wheels for collected packages: lxml
2022-12-27T11:34:42.1078410Z   Created temporary directory: /private/var/folders/51/hd414ycd67n82196sw51xqtc0000gn/T/pip-wheel-cn1j3xdx
2022-12-27T11:34:42.1081500Z   Building wheel for lxml (setup.py): started
2022-12-27T11:34:42.1086570Z   Destination directory: /private/var/folders/51/hd414ycd67n82196sw51xqtc0000gn/T/pip-wheel-cn1j3xdx
2022-12-27T11:34:42.1087520Z   Running command python setup.py bdist_wheel
2022-12-27T11:34:42.5380290Z   Building lxml version 2.3.4.
2022-12-27T11:34:42.5380670Z   Building with Cython 0.29.32.
2022-12-27T11:34:42.5650120Z   Using build configuration of libxslt 1.1.29
2022-12-27T11:34:42.7505690Z   Building against libxml2/libxslt in the following directory: /Library/Developer/CommandLineTools/SDKs/MacOSX12.1.sdk/usr/lib
2022-12-27T11:34:42.7925480Z   running bdist_wheel
2022-12-27T11:34:42.8001030Z   running build
2022-12-27T11:34:42.8004780Z   running build_py
2022-12-27T11:34:42.8034350Z   creating build
2022-12-27T11:34:42.8036330Z   creating build/lib.macosx-11.0-arm64-cpython-39
2022-12-27T11:34:42.8039220Z   creating build/lib.macosx-11.0-arm64-cpython-39/lxml
2022-12-27T11:34:42.8043870Z   copying src/lxml/_elementpath.py -> build/lib.macosx-11.0-arm64-cpython-39/lxml
2022-12-27T11:34:42.8045090Z   copying src/lxml/sax.py -> build/lib.macosx-11.0-arm64-cpython-39/lxml
2022-12-27T11:34:42.8056950Z   copying src/lxml/pyclasslookup.py -> build/lib.macosx-11.0-arm64-cpython-39/lxml
2022-12-27T11:34:42.8062570Z   copying src/lxml/__init__.py -> build/lib.macosx-11.0-arm64-cpython-39/lxml
2022-12-27T11:34:42.8067370Z   copying src/lxml/builder.py -> build/lib.macosx-11.0-arm64-cpython-39/lxml
2022-12-27T11:34:42.8072630Z   copying src/lxml/doctestcompare.py -> build/lib.macosx-11.0-arm64-cpython-39/lxml
2022-12-27T11:34:42.8078320Z   copying src/lxml/usedoctest.py -> build/lib.macosx-11.0-arm64-cpython-39/lxml
2022-12-27T11:34:42.8082870Z   copying src/lxml/cssselect.py -> build/lib.macosx-11.0-arm64-cpython-39/lxml
2022-12-27T11:34:42.8088370Z   copying src/lxml/ElementInclude.py -> build/lib.macosx-11.0-arm64-cpython-39/lxml
2022-12-27T11:34:42.8093630Z   creating build/lib.macosx-11.0-arm64-cpython-39/lxml/html
2022-12-27T11:34:42.8099010Z   copying src/lxml/html/soupparser.py -> build/lib.macosx-11.0-arm64-cpython-39/lxml/html
2022-12-27T11:34:42.8104390Z   copying src/lxml/html/defs.py -> build/lib.macosx-11.0-arm64-cpython-39/lxml/html
2022-12-27T11:34:42.8109520Z   copying src/lxml/html/_setmixin.py -> build/lib.macosx-11.0-arm64-cpython-39/lxml/html
2022-12-27T11:34:42.8116550Z   copying src/lxml/html/clean.py -> build/lib.macosx-11.0-arm64-cpython-39/lxml/html
2022-12-27T11:34:42.8122140Z   copying src/lxml/html/_diffcommand.py -> build/lib.macosx-11.0-arm64-cpython-39/lxml/html
2022-12-27T11:34:42.8126570Z   copying src/lxml/html/html5parser.py -> build/lib.macosx-11.0-arm64-cpython-39/lxml/html
2022-12-27T11:34:42.8132170Z   copying src/lxml/html/__init__.py -> build/lib.macosx-11.0-arm64-cpython-39/lxml/html
2022-12-27T11:34:42.8139520Z   copying src/lxml/html/formfill.py -> build/lib.macosx-11.0-arm64-cpython-39/lxml/html
2022-12-27T11:34:42.8143000Z   copying src/lxml/html/builder.py -> build/lib.macosx-11.0-arm64-cpython-39/lxml/html
2022-12-27T11:34:42.8148400Z   copying src/lxml/html/ElementSoup.py -> build/lib.macosx-11.0-arm64-cpython-39/lxml/html
2022-12-27T11:34:42.8153770Z   copying src/lxml/html/_html5builder.py -> build/lib.macosx-11.0-arm64-cpython-39/lxml/html
2022-12-27T11:34:42.8157120Z   copying src/lxml/html/usedoctest.py -> build/lib.macosx-11.0-arm64-cpython-39/lxml/html
2022-12-27T11:34:42.8159710Z   copying src/lxml/html/diff.py -> build/lib.macosx-11.0-arm64-cpython-39/lxml/html
2022-12-27T11:34:42.8162210Z   copying src/lxml/html/_dictmixin.py -> build/lib.macosx-11.0-arm64-cpython-39/lxml/html
2022-12-27T11:34:42.8165990Z   creating build/lib.macosx-11.0-arm64-cpython-39/lxml/isoschematron
2022-12-27T11:34:42.8167580Z   copying src/lxml/isoschematron/__init__.py -> build/lib.macosx-11.0-arm64-cpython-39/lxml/isoschematron
2022-12-27T11:34:42.8180790Z   copying src/lxml/etreepublic.pxd -> build/lib.macosx-11.0-arm64-cpython-39/lxml
2022-12-27T11:34:42.8188300Z   copying src/lxml/tree.pxd -> build/lib.macosx-11.0-arm64-cpython-39/lxml
2022-12-27T11:34:42.8191250Z   copying src/lxml/etree_defs.h -> build/lib.macosx-11.0-arm64-cpython-39/lxml
2022-12-27T11:34:42.8312510Z   creating build/lib.macosx-11.0-arm64-cpython-39/lxml/isoschematron/resources
2022-12-27T11:34:42.8315050Z   creating build/lib.macosx-11.0-arm64-cpython-39/lxml/isoschematron/resources/rng
2022-12-27T11:34:42.8315970Z   copying src/lxml/isoschematron/resources/rng/iso-schematron.rng -> build/lib.macosx-11.0-arm64-cpython-39/lxml/isoschematron/resources/rng
2022-12-27T11:34:42.8316950Z   creating build/lib.macosx-11.0-arm64-cpython-39/lxml/isoschematron/resources/xsl
2022-12-27T11:34:42.8317730Z   copying src/lxml/isoschematron/resources/xsl/XSD2Schtrn.xsl -> build/lib.macosx-11.0-arm64-cpython-39/lxml/isoschematron/resources/xsl
2022-12-27T11:34:42.8319160Z   copying src/lxml/isoschematron/resources/xsl/RNG2Schtrn.xsl -> build/lib.macosx-11.0-arm64-cpython-39/lxml/isoschematron/resources/xsl
2022-12-27T11:34:42.8320230Z   creating build/lib.macosx-11.0-arm64-cpython-39/lxml/isoschematron/resources/xsl/iso-schematron-xslt1
2022-12-27T11:34:42.8321060Z   copying src/lxml/isoschematron/resources/xsl/iso-schematron-xslt1/iso_abstract_expand.xsl -> build/lib.macosx-11.0-arm64-cpython-39/lxml/isoschematron/resources/xsl/iso-schematron-xslt1
2022-12-27T11:34:42.8322000Z   copying src/lxml/isoschematron/resources/xsl/iso-schematron-xslt1/iso_dsdl_include.xsl -> build/lib.macosx-11.0-arm64-cpython-39/lxml/isoschematron/resources/xsl/iso-schematron-xslt1
2022-12-27T11:34:42.8322940Z   copying src/lxml/isoschematron/resources/xsl/iso-schematron-xslt1/iso_schematron_skeleton_for_xslt1.xsl -> build/lib.macosx-11.0-arm64-cpython-39/lxml/isoschematron/resources/xsl/iso-schematron-xslt1
2022-12-27T11:34:42.8323810Z   copying src/lxml/isoschematron/resources/xsl/iso-schematron-xslt1/iso_svrl_for_xslt1.xsl -> build/lib.macosx-11.0-arm64-cpython-39/lxml/isoschematron/resources/xsl/iso-schematron-xslt1
2022-12-27T11:34:42.8325230Z   copying src/lxml/isoschematron/resources/xsl/iso-schematron-xslt1/iso_schematron_message.xsl -> build/lib.macosx-11.0-arm64-cpython-39/lxml/isoschematron/resources/xsl/iso-schematron-xslt1
2022-12-27T11:34:42.8326130Z   copying src/lxml/isoschematron/resources/xsl/iso-schematron-xslt1/readme.txt -> build/lib.macosx-11.0-arm64-cpython-39/lxml/isoschematron/resources/xsl/iso-schematron-xslt1
2022-12-27T11:34:42.8326540Z   running build_ext
2022-12-27T11:34:42.9094510Z   skipping 'src/lxml/lxml.etree.c' Cython extension (up-to-date)
2022-12-27T11:34:42.9097270Z   skipping 'src/lxml/lxml.objectify.c' Cython extension (up-to-date)
2022-12-27T11:34:42.9100660Z   building 'lxml.etree' extension
2022-12-27T11:34:42.9106550Z   creating build/temp.macosx-11.0-arm64-cpython-39
2022-12-27T11:34:42.9112030Z   creating build/temp.macosx-11.0-arm64-cpython-39/src
2022-12-27T11:34:42.9117330Z   creating build/temp.macosx-11.0-arm64-cpython-39/src/lxml
2022-12-27T11:34:42.9126060Z   gcc -Wno-unused-result -Wsign-compare -Wunreachable-code -fno-common -dynamic -DNDEBUG -g -fwrapv -O3 -Wall -g -I/usr/local/opt/openssl@3/include -I/usr/local/opt/openssl@3/include -arch arm64 -I/Library/Developer/CommandLineTools/SDKs/MacOSX12.1.sdk/usr/include -I/private/var/folders/51/hd414ycd67n82196sw51xqtc0000gn/T/cibw-run-h1chbmar/cp39-macosx_arm64/build/venv/include -I/Library/Frameworks/Python.framework/Versions/3.9/include/python3.9 -c src/lxml/lxml.etree.c -o build/temp.macosx-11.0-arm64-cpython-39/src/lxml/lxml.etree.o -w -flat_namespace
2022-12-27T11:34:43.9769780Z   src/lxml/lxml.etree.c:164361:24: error: no member named 'exc_type' in 'struct _ts'
2022-12-27T11:34:43.9771760Z       tmp_type = tstate->exc_type;
2022-12-27T11:34:43.9772450Z                  ~~~~~~  ^
2022-12-27T11:34:43.9775650Z   src/lxml/lxml.etree.c:164362:25: error: no member named 'exc_value' in 'struct _ts'; did you mean 'curexc_value'?
2022-12-27T11:34:43.9777920Z       tmp_value = tstate->exc_value;
2022-12-27T11:34:43.9780850Z                           ^~~~~~~~~
2022-12-27T11:34:43.9782930Z                           curexc_value
2022-12-27T11:34:43.9789400Z   /Library/Frameworks/Python.framework/Versions/3.9/include/python3.9/cpython/pystate.h:78:15: note: 'curexc_value' declared here
2022-12-27T11:34:43.9790380Z       PyObject *curexc_value;
2022-12-27T11:34:43.9791170Z                 ^
2022-12-27T11:34:43.9795090Z   src/lxml/lxml.etree.c:164363:22: error: no member named 'exc_traceback' in 'struct _ts'; did you mean 'curexc_traceback'?
2022-12-27T11:34:43.9796950Z       tmp_tb = tstate->exc_traceback;
2022-12-27T11:34:43.9800240Z                        ^~~~~~~~~~~~~
2022-12-27T11:34:43.9801950Z                        curexc_traceback
2022-12-27T11:34:43.9805400Z   /Library/Frameworks/Python.framework/Versions/3.9/include/python3.9/cpython/pystate.h:79:15: note: 'curexc_traceback' declared here
2022-12-27T11:34:43.9807050Z       PyObject *curexc_traceback;
2022-12-27T11:34:43.9810160Z                 ^
2022-12-27T11:34:43.9813220Z   src/lxml/lxml.etree.c:164364:13: error: no member named 'exc_type' in 'struct _ts'
2022-12-27T11:34:43.9815660Z       tstate->exc_type = local_type;
2022-12-27T11:34:43.9817800Z       ~~~~~~  ^
2022-12-27T11:34:43.9820620Z   src/lxml/lxml.etree.c:164365:13: error: no member named 'exc_value' in 'struct _ts'; did you mean 'curexc_value'?
2022-12-27T11:34:43.9823260Z       tstate->exc_value = local_value;
2022-12-27T11:34:43.9825700Z               ^~~~~~~~~
2022-12-27T11:34:43.9828340Z               curexc_value
2022-12-27T11:34:43.9831500Z   /Library/Frameworks/Python.framework/Versions/3.9/include/python3.9/cpython/pystate.h:78:15: note: 'curexc_value' declared here
2022-12-27T11:34:43.9833600Z       PyObject *curexc_value;
2022-12-27T11:34:43.9836170Z                 ^
2022-12-27T11:34:43.9839310Z   src/lxml/lxml.etree.c:164366:13: error: no member named 'exc_traceback' in 'struct _ts'; did you mean 'curexc_traceback'?
2022-12-27T11:34:43.9841440Z       tstate->exc_traceback = local_tb;
2022-12-27T11:34:43.9844160Z               ^~~~~~~~~~~~~
2022-12-27T11:34:43.9846690Z               curexc_traceback
2022-12-27T11:34:43.9849810Z   /Library/Frameworks/Python.framework/Versions/3.9/include/python3.9/cpython/pystate.h:79:15: note: 'curexc_traceback' declared here
2022-12-27T11:34:43.9852090Z       PyObject *curexc_traceback;
2022-12-27T11:34:43.9854600Z                 ^
2022-12-27T11:34:43.9858030Z   src/lxml/lxml.etree.c:164530:21: error: no member named 'exc_type' in 'struct _ts'
2022-12-27T11:34:43.9860580Z       *type = tstate->exc_type;
2022-12-27T11:34:43.9862870Z               ~~~~~~  ^
2022-12-27T11:34:43.9866060Z   src/lxml/lxml.etree.c:164531:22: error: no member named 'exc_value' in 'struct _ts'; did you mean 'curexc_value'?
2022-12-27T11:34:43.9868260Z       *value = tstate->exc_value;
2022-12-27T11:34:43.9870890Z                        ^~~~~~~~~
2022-12-27T11:34:43.9873400Z                        curexc_value
2022-12-27T11:34:43.9876620Z   /Library/Frameworks/Python.framework/Versions/3.9/include/python3.9/cpython/pystate.h:78:15: note: 'curexc_value' declared here
2022-12-27T11:34:43.9878980Z       PyObject *curexc_value;
2022-12-27T11:34:43.9881880Z                 ^
2022-12-27T11:34:43.9884780Z   src/lxml/lxml.etree.c:164532:19: error: no member named 'exc_traceback' in 'struct _ts'; did you mean 'curexc_traceback'?
2022-12-27T11:34:43.9887070Z       *tb = tstate->exc_traceback;
2022-12-27T11:34:43.9889770Z                     ^~~~~~~~~~~~~
2022-12-27T11:34:43.9893220Z                     curexc_traceback
2022-12-27T11:34:43.9897190Z   /Library/Frameworks/Python.framework/Versions/3.9/include/python3.9/cpython/pystate.h:79:15: note: 'curexc_traceback' declared here
2022-12-27T11:34:43.9898240Z       PyObject *curexc_traceback;
2022-12-27T11:34:43.9901010Z                 ^
2022-12-27T11:34:43.9904150Z   src/lxml/lxml.etree.c:164541:24: error: no member named 'exc_type' in 'struct _ts'
2022-12-27T11:34:43.9906100Z       tmp_type = tstate->exc_type;
2022-12-27T11:34:43.9908550Z                  ~~~~~~  ^
2022-12-27T11:34:43.9911820Z   src/lxml/lxml.etree.c:164542:25: error: no member named 'exc_value' in 'struct _ts'; did you mean 'curexc_value'?
2022-12-27T11:34:43.9914090Z       tmp_value = tstate->exc_value;
2022-12-27T11:34:43.9916550Z                           ^~~~~~~~~
2022-12-27T11:34:43.9919070Z                           curexc_value
2022-12-27T11:34:43.9922080Z   /Library/Frameworks/Python.framework/Versions/3.9/include/python3.9/cpython/pystate.h:78:15: note: 'curexc_value' declared here
2022-12-27T11:34:43.9924310Z       PyObject *curexc_value;
2022-12-27T11:34:43.9927070Z                 ^
2022-12-27T11:34:43.9930320Z   src/lxml/lxml.etree.c:164543:22: error: no member named 'exc_traceback' in 'struct _ts'; did you mean 'curexc_traceback'?
2022-12-27T11:34:43.9932560Z       tmp_tb = tstate->exc_traceback;
2022-12-27T11:34:43.9935320Z                        ^~~~~~~~~~~~~
2022-12-27T11:34:43.9937820Z                        curexc_traceback
2022-12-27T11:34:43.9941430Z   /Library/Frameworks/Python.framework/Versions/3.9/include/python3.9/cpython/pystate.h:79:15: note: 'curexc_traceback' declared here
2022-12-27T11:34:43.9942880Z       PyObject *curexc_traceback;
2022-12-27T11:34:43.9946160Z                 ^
2022-12-27T11:34:43.9948790Z   src/lxml/lxml.etree.c:164544:13: error: no member named 'exc_type' in 'struct _ts'
2022-12-27T11:34:43.9951410Z       tstate->exc_type = type;
2022-12-27T11:34:43.9954010Z       ~~~~~~  ^
2022-12-27T11:34:43.9956780Z   src/lxml/lxml.etree.c:164545:13: error: no member named 'exc_value' in 'struct _ts'; did you mean 'curexc_value'?
2022-12-27T11:34:43.9959660Z       tstate->exc_value = value;
2022-12-27T11:34:43.9961960Z               ^~~~~~~~~
2022-12-27T11:34:43.9964750Z               curexc_value
2022-12-27T11:34:43.9968260Z   /Library/Frameworks/Python.framework/Versions/3.9/include/python3.9/cpython/pystate.h:78:15: note: 'curexc_value' declared here
2022-12-27T11:34:43.9970400Z       PyObject *curexc_value;
2022-12-27T11:34:43.9973000Z                 ^
2022-12-27T11:34:43.9976310Z   src/lxml/lxml.etree.c:164546:13: error: no member named 'exc_traceback' in 'struct _ts'; did you mean 'curexc_traceback'?
2022-12-27T11:34:43.9978440Z       tstate->exc_traceback = tb;
2022-12-27T11:34:43.9980950Z               ^~~~~~~~~~~~~
2022-12-27T11:34:43.9983540Z               curexc_traceback
2022-12-27T11:34:43.9986910Z   /Library/Frameworks/Python.framework/Versions/3.9/include/python3.9/cpython/pystate.h:79:15: note: 'curexc_traceback' declared here
2022-12-27T11:34:43.9989070Z       PyObject *curexc_traceback;
2022-12-27T11:34:43.9991850Z                 ^
2022-12-27T11:34:43.9994780Z   15 errors generated.
2022-12-27T11:34:44.0042170Z   error: command '/usr/bin/gcc' failed with exit code 1
2022-12-27T11:34:44.0718050Z   error: subprocess-exited-with-error
2022-12-27T11:34:44.0718410Z   
2022-12-27T11:34:44.0718940Z   Ã— python setup.py bdist_wheel did not run successfully.
2022-12-27T11:34:44.0719400Z   â”‚ exit code: 1
2022-12-27T11:34:44.0719770Z   â•°â”€> See above for output.
2022-12-27T11:34:44.0720510Z   
2022-12-27T11:34:44.0720930Z   note: This error originates from a subprocess, and is likely not a problem with pip.
2022-12-27T11:34:44.0736730Z   full command: /private/var/folders/51/hd414ycd67n82196sw51xqtc0000gn/T/cibw-run-h1chbmar/cp39-macosx_arm64/build/venv/bin/python -u -c '
2022-12-27T11:34:44.0737660Z   exec(compile('"'"''"'"''"'"'
2022-12-27T11:34:44.0739120Z   # This is <pip-setuptools-caller> -- a caller that pip uses to run setup.py
2022-12-27T11:34:44.0739700Z   #
2022-12-27T11:34:44.0740550Z   # - It imports setuptools before invoking setup.py, to enable projects that directly
2022-12-27T11:34:44.0742350Z   #   import from `distutils.core` to work with newer packaging standards.
2022-12-27T11:34:44.0743270Z   # - It provides a clear error message when setuptools is not installed.
2022-12-27T11:34:44.0744070Z   # - It sets `sys.argv[0]` to the underlying `setup.py`, when invoking `setup.py` so
2022-12-27T11:34:44.0745000Z   #   setuptools doesn'"'"'t think the script is `-c`. This avoids the following warning:
2022-12-27T11:34:44.0745730Z   #     manifest_maker: standard file '"'"'-c'"'"' not found".
2022-12-27T11:34:44.0746380Z   # - It generates a shim setup.py, for handling setup.cfg-only projects.
2022-12-27T11:34:44.0746850Z   import os, sys, tokenize
2022-12-27T11:34:44.0747310Z   
2022-12-27T11:34:44.0747610Z   try:
2022-12-27T11:34:44.0748050Z       import setuptools
2022-12-27T11:34:44.0748580Z   except ImportError as error:
2022-12-27T11:34:44.0749090Z       print(
2022-12-27T11:34:44.0749620Z           "ERROR: Can not execute `setup.py` since setuptools is not available in "
2022-12-27T11:34:44.0750220Z           "the build environment.",
2022-12-27T11:34:44.0750710Z           file=sys.stderr,
2022-12-27T11:34:44.0750970Z       )
2022-12-27T11:34:44.0751370Z       sys.exit(1)
2022-12-27T11:34:44.0751730Z   
2022-12-27T11:34:44.0752090Z   __file__ = %r
2022-12-27T11:34:44.0752350Z   sys.argv[0] = __file__
2022-12-27T11:34:44.0752590Z   
2022-12-27T11:34:44.0752760Z   if os.path.exists(__file__):
2022-12-27T11:34:44.0753060Z       filename = __file__
2022-12-27T11:34:44.0753390Z       with tokenize.open(__file__) as f:
2022-12-27T11:34:44.0753690Z           setup_py_code = f.read()
2022-12-27T11:34:44.0753960Z   else:
2022-12-27T11:34:44.0754410Z       filename = "<auto-generated setuptools caller>"
2022-12-27T11:34:44.0754760Z       setup_py_code = "from setuptools import setup; setup()"
2022-12-27T11:34:44.0755090Z   
2022-12-27T11:34:44.0755430Z   exec(compile(setup_py_code, filename, "exec"))
2022-12-27T11:34:44.0756250Z   '"'"''"'"''"'"' % ('"'"'/Users/runner/actions-runner/_work/python.build/python.build/build_lxml23439/lxml-2.3.4/setup.py'"'"',), "<pip-setuptools-caller>", "exec"))' bdist_wheel -d /private/var/folders/51/hd414ycd67n82196sw51xqtc0000gn/T/pip-wheel-cn1j3xdx
2022-12-27T11:34:44.0757400Z   cwd: /Users/runner/actions-runner/_work/python.build/python.build/build_lxml23439/lxml-2.3.4/
2022-12-27T11:34:44.0757850Z   ERROR: Failed building wheel for lxml
2022-12-27T11:34:44.0758390Z   Building wheel for lxml (setup.py): finished with status 'error'
2022-12-27T11:34:44.0758740Z   Running command python setup.py clean
2022-12-27T11:34:44.0759090Z   Running setup.py clean for lxml
2022-12-27T11:34:44.5085110Z   Building lxml version 2.3.4.
2022-12-27T11:34:44.5086350Z   Building with Cython 0.29.32.
2022-12-27T11:34:44.5355430Z   Using build configuration of libxslt 1.1.29
2022-12-27T11:34:44.7238720Z   Building against libxml2/libxslt in the following directory: /Library/Developer/CommandLineTools/SDKs/MacOSX12.1.sdk/usr/lib
2022-12-27T11:34:44.7471110Z   running clean
2022-12-27T11:34:44.7515730Z   removing 'build/temp.macosx-11.0-arm64-cpython-39' (and everything under it)
2022-12-27T11:34:44.7519880Z   removing 'build/lib.macosx-11.0-arm64-cpython-39' (and everything under it)
2022-12-27T11:34:44.7577340Z   'build/bdist.macosx-11.0-arm64' does not exist -- can't clean it
2022-12-27T11:34:44.7580030Z   'build/scripts-3.9' does not exist -- can't clean it
2022-12-27T11:34:44.7582140Z   removing 'build'
2022-12-27T11:34:44.8171630Z Failed to build lxml
2022-12-27T11:34:44.8173610Z ERROR: Failed to build one or more wheels
2022-12-27T11:34:44.8191640Z Exception information:
2022-12-27T11:34:44.8192070Z Traceback (most recent call last):
2022-12-27T11:34:44.8213080Z   File "/private/var/folders/51/hd414ycd67n82196sw51xqtc0000gn/T/cibw-run-h1chbmar/cp39-macosx_arm64/build/venv/lib/python3.9/site-packages/pip/_internal/cli/base_command.py", line 160, in exc_logging_wrapper
2022-12-27T11:34:44.8214140Z     status = run_func(*args)
2022-12-27T11:34:44.8216650Z   File "/private/var/folders/51/hd414ycd67n82196sw51xqtc0000gn/T/cibw-run-h1chbmar/cp39-macosx_arm64/build/venv/lib/python3.9/site-packages/pip/_internal/cli/req_command.py", line 247, in wrapper
2022-12-27T11:34:44.8217780Z     return func(self, options, args)
2022-12-27T11:34:44.8219260Z   File "/private/var/folders/51/hd414ycd67n82196sw51xqtc0000gn/T/cibw-run-h1chbmar/cp39-macosx_arm64/build/venv/lib/python3.9/site-packages/pip/_internal/commands/wheel.py", line 201, in run
2022-12-27T11:34:44.8220400Z     raise CommandError("Failed to build one or more wheels")
2022-12-27T11:34:44.8221100Z pip._internal.exceptions.CommandError: Failed to build one or more wheels
2022-12-27T11:34:44.8222310Z Removed build tracker: '/private/var/folders/51/hd414ycd67n82196sw51xqtc0000gn/T/pip-build-tracker-jdm3bhvq'
2022-12-27T11:34:44.9213420Z ##[error]Command ['python', '-m', 'pip', 'wheel', '/Users/runner/actions-runner/_work/python.build/python.build/build_lxml23439/lxml-2.3.4', '--wheel-dir=/private/var/folders/51/hd414ycd67n82196sw51xqtc0000gn/T/cibw-run-h1chbmar/cp39-macosx_arm64/built_wheel', '--no-deps', '-vvv'] failed with code 1. None
2022-12-27T11:34:44.9231160Z ##[endgroup]
2022-12-27T11:34:44.9231810Z                                                               [31mâœ• [0m4.29s
2022-12-27T11:34:44.9232060Z 
2022-12-27T11:34:44.9950660Z ##[error]Process completed with exit code 1.
2022-12-27T11:34:45.0003560Z ##[group]Run rm -rf build_lxml23439 wheelsout
2022-12-27T11:34:45.0003860Z [36;1mrm -rf build_lxml23439 wheelsout[0m
2022-12-27T11:34:45.0030110Z shell: /bin/bash -e {0}
2022-12-27T11:34:45.0030290Z env:
2022-12-27T11:34:45.0030520Z   pythonLocation: /Users/runner/hostedtoolcache/Python/3.9.16/x64
2022-12-27T11:34:45.0030820Z   PKG_CONFIG_PATH: /Users/runner/hostedtoolcache/Python/3.9.16/x64/lib/pkgconfig
2022-12-27T11:34:45.0031130Z   Python_ROOT_DIR: /Users/runner/hostedtoolcache/Python/3.9.16/x64
2022-12-27T11:34:45.0031430Z   Python2_ROOT_DIR: /Users/runner/hostedtoolcache/Python/3.9.16/x64
2022-12-27T11:34:45.0031900Z   Python3_ROOT_DIR: /Users/runner/hostedtoolcache/Python/3.9.16/x64
2022-12-27T11:34:45.0032120Z ##[endgroup]
2022-12-27T11:34:45.1035780Z Cleaning up orphan processes
