2022-12-27T08:54:29.7704337Z Requested labels: self-hosted, macOS, X64
2022-12-27T08:54:29.7704438Z Job defined at: kilnbuild/python.build/.github/workflows/mac_arm_build.yml@refs/heads/main
2022-12-27T08:54:29.7704464Z Waiting for a runner to pick up this job...
2022-12-27T11:31:36.9371682Z Job is about to start running on the runner: kr2 (organization)
2022-12-27T11:31:43.0686070Z Current runner version: '2.300.2'
2022-12-27T11:31:43.0694070Z Runner name: 'kr2'
2022-12-27T11:31:43.0694490Z Runner group name: 'Default'
2022-12-27T11:31:43.0695340Z Machine name: 'kr2'
2022-12-27T11:31:43.0698040Z ##[group]GITHUB_TOKEN Permissions
2022-12-27T11:31:43.0698750Z Actions: write
2022-12-27T11:31:43.0698990Z Checks: write
2022-12-27T11:31:43.0699240Z Contents: write
2022-12-27T11:31:43.0699500Z Deployments: write
2022-12-27T11:31:43.0699740Z Discussions: write
2022-12-27T11:31:43.0699990Z Issues: write
2022-12-27T11:31:43.0700230Z Metadata: read
2022-12-27T11:31:43.0700470Z Packages: write
2022-12-27T11:31:43.0700730Z Pages: write
2022-12-27T11:31:43.0700980Z PullRequests: write
2022-12-27T11:31:43.0701270Z RepositoryProjects: write
2022-12-27T11:31:43.0701560Z SecurityEvents: write
2022-12-27T11:31:43.0701820Z Statuses: write
2022-12-27T11:31:43.0702050Z ##[endgroup]
2022-12-27T11:31:43.0705780Z Secret source: Actions
2022-12-27T11:31:43.0706300Z Prepare workflow directory
2022-12-27T11:31:43.1809230Z Prepare all required actions
2022-12-27T11:31:43.2015710Z Getting action download info
2022-12-27T11:31:43.6613080Z Download action repository 'actions/setup-python@v4' (SHA:5ccb29d8773c3f3f653e1705f474dfaa8a06a912)
2022-12-27T11:31:45.5712710Z Download action repository 'actions/upload-artifact@v3' (SHA:83fd05a356d7e2593de66fc9913b3002723633cb)
2022-12-27T11:31:47.0520440Z ##[group]Run echo '{
2022-12-27T11:31:47.0521100Z [36;1mecho '{[0m
2022-12-27T11:31:47.0521400Z [36;1m  "package_name": "lxml",[0m
2022-12-27T11:31:47.0521950Z [36;1m  "package_url": "https://files.pythonhosted.org/packages/a6/09/aabce8833f69baf5543ee714f31552a4e173cf6f6e8c5c5f172ab7cf7e04/lxml-2.2.2.tar.gz",[0m
2022-12-27T11:31:47.0522390Z [36;1m  "package_version": "2.2.2",[0m
2022-12-27T11:31:47.0522670Z [36;1m  "python_version": "3.9",[0m
2022-12-27T11:31:47.0522890Z [36;1m  "use_ccache": "true"[0m
2022-12-27T11:31:47.0523060Z [36;1m}'[0m
2022-12-27T11:31:47.0552990Z shell: /bin/bash -e {0}
2022-12-27T11:31:47.0553370Z ##[endgroup]
2022-12-27T11:31:47.0968990Z {
2022-12-27T11:31:47.0971340Z   "package_name": "lxml",
2022-12-27T11:31:47.0972690Z   "package_url": "https://files.pythonhosted.org/packages/a6/09/aabce8833f69baf5543ee714f31552a4e173cf6f6e8c5c5f172ab7cf7e04/lxml-2.2.2.tar.gz",
2022-12-27T11:31:47.0973220Z   "package_version": "2.2.2",
2022-12-27T11:31:47.0973750Z   "python_version": "3.9",
2022-12-27T11:31:47.0974030Z   "use_ccache": "true"
2022-12-27T11:31:47.0974340Z }
2022-12-27T11:31:47.1329220Z ##[group]Run actions/setup-python@v4
2022-12-27T11:31:47.1329640Z with:
2022-12-27T11:31:47.1330070Z   python-version: 3.9
2022-12-27T11:31:47.1330400Z   check-latest: false
2022-12-27T11:31:47.1331010Z   token: ***
2022-12-27T11:31:47.1331340Z   update-environment: true
2022-12-27T11:31:47.1331670Z ##[endgroup]
2022-12-27T11:31:47.3417020Z ##[group]Installed versions
2022-12-27T11:31:47.3483570Z Successfully set up CPython (3.9.16)
2022-12-27T11:31:47.3484680Z ##[endgroup]
2022-12-27T11:31:47.3711080Z ##[group]Run if [ "true" == "true" ]
2022-12-27T11:31:47.3711650Z [36;1mif [ "true" == "true" ][0m
2022-12-27T11:31:47.3712000Z [36;1mthen[0m
2022-12-27T11:31:47.3712440Z [36;1m  echo "CCACHE_PATH_PREPEND=/usr/local/opt/ccache/libexec" >> $GITHUB_OUTPUT[0m
2022-12-27T11:31:47.3712850Z [36;1melse[0m
2022-12-27T11:31:47.3713230Z [36;1m  echo "CCACHE_PATH_PREPEND=" >> $GITHUB_OUTPUT[0m
2022-12-27T11:31:47.3713540Z [36;1mfi[0m
2022-12-27T11:31:47.3741650Z shell: /bin/bash -e {0}
2022-12-27T11:31:47.3742010Z env:
2022-12-27T11:31:47.3742340Z   pythonLocation: /Users/runner/hostedtoolcache/Python/3.9.16/x64
2022-12-27T11:31:47.3742810Z   PKG_CONFIG_PATH: /Users/runner/hostedtoolcache/Python/3.9.16/x64/lib/pkgconfig
2022-12-27T11:31:47.3743370Z   Python_ROOT_DIR: /Users/runner/hostedtoolcache/Python/3.9.16/x64
2022-12-27T11:31:47.3743820Z   Python2_ROOT_DIR: /Users/runner/hostedtoolcache/Python/3.9.16/x64
2022-12-27T11:31:47.3744310Z   Python3_ROOT_DIR: /Users/runner/hostedtoolcache/Python/3.9.16/x64
2022-12-27T11:31:47.3745370Z ##[endgroup]
2022-12-27T11:31:47.4009340Z ##[group]Run echo "BUILD_NAME=$(echo lxml_2.2.2_3.9 | tr -dc '[:alnum:]\n\r' | tr '[:upper:]' '[:lower:]')" >> $GITHUB_OUTPUT
2022-12-27T11:31:47.4009960Z [36;1mecho "BUILD_NAME=$(echo lxml_2.2.2_3.9 | tr -dc '[:alnum:]\n\r' | tr '[:upper:]' '[:lower:]')" >> $GITHUB_OUTPUT[0m
2022-12-27T11:31:47.4038450Z shell: /bin/bash -e {0}
2022-12-27T11:31:47.4038790Z env:
2022-12-27T11:31:47.4039100Z   pythonLocation: /Users/runner/hostedtoolcache/Python/3.9.16/x64
2022-12-27T11:31:47.4039610Z   PKG_CONFIG_PATH: /Users/runner/hostedtoolcache/Python/3.9.16/x64/lib/pkgconfig
2022-12-27T11:31:47.4040090Z   Python_ROOT_DIR: /Users/runner/hostedtoolcache/Python/3.9.16/x64
2022-12-27T11:31:47.4040670Z   Python2_ROOT_DIR: /Users/runner/hostedtoolcache/Python/3.9.16/x64
2022-12-27T11:31:47.4041120Z   Python3_ROOT_DIR: /Users/runner/hostedtoolcache/Python/3.9.16/x64
2022-12-27T11:31:47.4041530Z ##[endgroup]
2022-12-27T11:31:47.4285220Z ##[group]Run echo "PYTHON_NO_DOTS=$(echo 3.9 | tr -dc '[:alnum:]\n\r' | tr '[:upper:]' '[:lower:]')" >> $GITHUB_OUTPUT
2022-12-27T11:31:47.4285940Z [36;1mecho "PYTHON_NO_DOTS=$(echo 3.9 | tr -dc '[:alnum:]\n\r' | tr '[:upper:]' '[:lower:]')" >> $GITHUB_OUTPUT[0m
2022-12-27T11:31:47.4313150Z shell: /bin/bash -e {0}
2022-12-27T11:31:47.4313480Z env:
2022-12-27T11:31:47.4313930Z   pythonLocation: /Users/runner/hostedtoolcache/Python/3.9.16/x64
2022-12-27T11:31:47.4314320Z   PKG_CONFIG_PATH: /Users/runner/hostedtoolcache/Python/3.9.16/x64/lib/pkgconfig
2022-12-27T11:31:47.4314770Z   Python_ROOT_DIR: /Users/runner/hostedtoolcache/Python/3.9.16/x64
2022-12-27T11:31:47.4315200Z   Python2_ROOT_DIR: /Users/runner/hostedtoolcache/Python/3.9.16/x64
2022-12-27T11:31:47.4315620Z   Python3_ROOT_DIR: /Users/runner/hostedtoolcache/Python/3.9.16/x64
2022-12-27T11:31:47.4315990Z ##[endgroup]
2022-12-27T11:31:47.4567440Z ##[group]Run rm -rf build_lxml22239
2022-12-27T11:31:47.4567890Z [36;1mrm -rf build_lxml22239[0m
2022-12-27T11:31:47.4568160Z [36;1mmkdir build_lxml22239[0m
2022-12-27T11:31:47.4568620Z [36;1mcd build_lxml22239[0m
2022-12-27T11:31:47.4569120Z [36;1m/usr/local/bin/wget --quiet https://files.pythonhosted.org/packages/a6/09/aabce8833f69baf5543ee714f31552a4e173cf6f6e8c5c5f172ab7cf7e04/lxml-2.2.2.tar.gz[0m
2022-12-27T11:31:47.4569600Z [36;1mtar xf *.tar.gz[0m
2022-12-27T11:31:47.4569840Z [36;1mcd *[0m
2022-12-27T11:31:47.4570170Z [36;1mpython -m pip install cibuildwheel==2.11.3[0m
2022-12-27T11:31:47.4570640Z [36;1mpython -m cibuildwheel --output-dir ../wheelsout[0m
2022-12-27T11:31:47.4596970Z shell: /bin/bash -e {0}
2022-12-27T11:31:47.4597310Z env:
2022-12-27T11:31:47.4598020Z   pythonLocation: /Users/runner/hostedtoolcache/Python/3.9.16/x64
2022-12-27T11:31:47.4598430Z   PKG_CONFIG_PATH: /Users/runner/hostedtoolcache/Python/3.9.16/x64/lib/pkgconfig
2022-12-27T11:31:47.4599010Z   Python_ROOT_DIR: /Users/runner/hostedtoolcache/Python/3.9.16/x64
2022-12-27T11:31:47.4599390Z   Python2_ROOT_DIR: /Users/runner/hostedtoolcache/Python/3.9.16/x64
2022-12-27T11:31:47.4601540Z   Python3_ROOT_DIR: /Users/runner/hostedtoolcache/Python/3.9.16/x64
2022-12-27T11:31:47.4602090Z   CIBW_ARCHS_MACOS: arm64
2022-12-27T11:31:47.4602430Z   CIBW_TEST_SKIP: *_arm64
2022-12-27T11:31:47.4602810Z   CIBW_BUILD: cp39-macosx_arm64
2022-12-27T11:31:47.4603290Z   CIBW_BUILD_FRONTEND: pip
2022-12-27T11:31:47.4603800Z   CIBW_BUILD_VERBOSITY: 3
2022-12-27T11:31:47.4604320Z   CIBW_ENVIRONMENT_MACOS:  CFLAGS="-I/usr/local/opt/openssl@3/include" LDFLAGS="-L/usr/local/opt/openssl@3/lib" CPPFLAGS="-I/usr/local/opt/openssl@3/include" MAKEFLAGS="-j$(sysctl -n hw.logicalcpu)" PATH=/usr/local/opt/ccache/libexec:$PATH
2022-12-27T11:31:47.4605000Z   CIBW_BEFORE_BUILD: pip install Cython; if [[ -f requirements.txt ]]; then pip install -r requirements.txt; fi
2022-12-27T11:31:47.4605610Z   MAKEFLAGS: -j$(sysctl -n hw.logicalcpu)
2022-12-27T11:31:47.4606140Z ##[endgroup]
2022-12-27T11:31:48.2300330Z Requirement already satisfied: cibuildwheel==2.11.3 in /Users/runner/hostedtoolcache/Python/3.9.16/x64/lib/python3.9/site-packages (2.11.3)
2022-12-27T11:31:48.2743010Z Requirement already satisfied: filelock in /Users/runner/hostedtoolcache/Python/3.9.16/x64/lib/python3.9/site-packages (from cibuildwheel==2.11.3) (3.8.2)
2022-12-27T11:31:48.2750670Z Requirement already satisfied: packaging>=20.9 in /Users/runner/hostedtoolcache/Python/3.9.16/x64/lib/python3.9/site-packages (from cibuildwheel==2.11.3) (22.0)
2022-12-27T11:31:48.2755490Z Requirement already satisfied: certifi in /Users/runner/hostedtoolcache/Python/3.9.16/x64/lib/python3.9/site-packages (from cibuildwheel==2.11.3) (2022.12.7)
2022-12-27T11:31:48.2765660Z Requirement already satisfied: bashlex!=0.13 in /Users/runner/hostedtoolcache/Python/3.9.16/x64/lib/python3.9/site-packages (from cibuildwheel==2.11.3) (0.16)
2022-12-27T11:31:48.2777130Z Requirement already satisfied: tomli in /Users/runner/hostedtoolcache/Python/3.9.16/x64/lib/python3.9/site-packages (from cibuildwheel==2.11.3) (2.0.1)
2022-12-27T11:31:48.2793900Z Requirement already satisfied: typing-extensions>=4.1.0 in /Users/runner/hostedtoolcache/Python/3.9.16/x64/lib/python3.9/site-packages (from cibuildwheel==2.11.3) (4.4.0)
2022-12-27T11:31:48.2797880Z Requirement already satisfied: platformdirs in /Users/runner/hostedtoolcache/Python/3.9.16/x64/lib/python3.9/site-packages (from cibuildwheel==2.11.3) (2.6.0)
2022-12-27T11:31:48.2804290Z Requirement already satisfied: bracex in /Users/runner/hostedtoolcache/Python/3.9.16/x64/lib/python3.9/site-packages (from cibuildwheel==2.11.3) (2.3.post1)
2022-12-27T11:31:48.6099590Z 
2022-12-27T11:31:48.6100440Z      _ _       _ _   _       _           _
2022-12-27T11:31:48.6101650Z  ___|_| |_ _ _|_| |_| |_ _ _| |_ ___ ___| |
2022-12-27T11:31:48.6102820Z |  _| | . | | | | | . | | | |   | -_| -_| |
2022-12-27T11:31:48.6104050Z |___|_|___|___|_|_|___|_____|_|_|___|___|_|
2022-12-27T11:31:48.6106230Z 
2022-12-27T11:31:48.6106660Z cibuildwheel version 2.11.3
2022-12-27T11:31:48.6107060Z 
2022-12-27T11:31:48.6107250Z Build options:
2022-12-27T11:31:48.6108140Z   platform: macos
2022-12-27T11:31:48.6225150Z   architectures: arm64[0m
2022-12-27T11:31:48.6228350Z   build_selector: 
2022-12-27T11:31:48.6229700Z     build_config: cp39-macosx_arm64
2022-12-27T11:31:48.6232970Z     skip_config: 
2022-12-27T11:31:48.6234690Z     requires_python: None
2022-12-27T11:31:48.6235450Z     prerelease_pythons: False[0m
2022-12-27T11:31:48.6236300Z   [38;5;244mcontainer_engine: docker[0m
2022-12-27T11:31:48.6247630Z   output_dir: /Users/runner/actions-runner/_work/python.build/python.build/build_lxml22239/wheelsout[0m
2022-12-27T11:31:48.6248910Z   package_dir: /Users/runner/actions-runner/_work/python.build/python.build/build_lxml22239/lxml-2.2.2[0m
2022-12-27T11:31:48.6249730Z   test_selector: 
2022-12-27T11:31:48.6250530Z     skip_config: *_arm64[0m
2022-12-27T11:31:48.6251320Z   [38;5;244mbefore_all: [0m
2022-12-27T11:31:48.6253260Z   before_build: pip install Cython; if [[ -f requirements.txt ]]; then pip install -r requirements.txt; fi[0m
2022-12-27T11:31:48.6254280Z   [38;5;244mbefore_test: [0m
2022-12-27T11:31:48.6255070Z   [38;5;244mbuild_frontend: pip[0m
2022-12-27T11:31:48.6255730Z   build_verbosity: 3[0m
2022-12-27T11:31:48.6256500Z   [38;5;244mconfig_settings: [0m
2022-12-27T11:31:48.6257820Z   [38;5;244mdependency_constraints: pinned[0m
2022-12-27T11:31:48.6258370Z   environment: 
2022-12-27T11:31:48.6259230Z     CFLAGS="-I/usr/local/opt/openssl@3/include"
2022-12-27T11:31:48.6260110Z     LDFLAGS="-L/usr/local/opt/openssl@3/lib"
2022-12-27T11:31:48.6260880Z     CPPFLAGS="-I/usr/local/opt/openssl@3/include"
2022-12-27T11:31:48.6262060Z     MAKEFLAGS="-j$(sysctl -n hw.logicalcpu)"
2022-12-27T11:31:48.6262960Z     PATH=/usr/local/opt/ccache/libexec:$PATH[0m
2022-12-27T11:31:48.6263860Z   [38;5;244mmanylinux_images: None[0m
2022-12-27T11:31:48.6264610Z   [38;5;244mmusllinux_images: None[0m
2022-12-27T11:31:48.6266180Z   [38;5;244mrepair_command: delocate-wheel --require-archs {delocate_archs} -w {dest_dir} -v {wheel}[0m
2022-12-27T11:31:48.6270080Z   [38;5;244mtest_command: [0m
2022-12-27T11:31:48.6270780Z   [38;5;244mtest_extras: [0m
2022-12-27T11:31:48.6271600Z   [38;5;244mtest_requires: [0m
2022-12-27T11:31:48.6272020Z 
2022-12-27T11:31:48.6272720Z Cache folder: /Users/runner/Library/Caches/cibuildwheel
2022-12-27T11:31:48.6273250Z 
2022-12-27T11:31:48.6273540Z Here we go!
2022-12-27T11:31:48.6273770Z 
2022-12-27T11:31:48.6375400Z 
2022-12-27T11:31:48.6376340Z [1m[34mBuilding cp39-macosx_arm64 wheel[0m
2022-12-27T11:31:48.6376880Z CPython 3.9 macOS arm64 - Apple Silicon
2022-12-27T11:31:48.6377200Z 
2022-12-27T11:31:48.6381590Z ##[group]Installing Python cp39...
2022-12-27T11:31:48.6382130Z 
2022-12-27T11:31:48.6384380Z + pkgutil --pkgs
2022-12-27T11:31:48.6590810Z ##[endgroup]
2022-12-27T11:31:48.6592500Z                                                               [32mâœ“ [0m0.02s
2022-12-27T11:31:48.6593420Z ##[group]Setting up build environment...
2022-12-27T11:31:48.6593650Z 
2022-12-27T11:31:48.6624440Z + /Users/runner/hostedtoolcache/Python/3.9.16/x64/bin/python -sS /Users/runner/Library/Caches/cibuildwheel/virtualenv-20.17.0.pyz --activators= --no-periodic-update --pip=22.3.1 --setuptools=65.6.3 --wheel=0.38.4 --symlink-app-data --python /Library/Frameworks/Python.framework/Versions/3.9/bin/python3 /private/var/folders/51/hd414ycd67n82196sw51xqtc0000gn/T/cibw-run-9r5d6paa/cp39-macosx_arm64/build/venv
2022-12-27T11:31:48.9847140Z created virtual environment CPython3.9.13.final.0-64 in 86ms
2022-12-27T11:31:48.9847960Z   creator CPython3Posix(dest=/private/var/folders/51/hd414ycd67n82196sw51xqtc0000gn/T/cibw-run-9r5d6paa/cp39-macosx_arm64/build/venv, clear=False, no_vcs_ignore=False, global=False)
2022-12-27T11:31:48.9849090Z   seeder FromAppData(download=False, pip=22.3.1, setuptools=65.6.3, wheel=0.38.4, via=symlink, app_data_dir=/Users/runner/Library/Application Support/virtualenv)
2022-12-27T11:31:48.9849570Z     added seed packages: pip==22.3.1, setuptools==65.6.3, wheel==0.38.4
2022-12-27T11:31:49.0077240Z + python -m pip install --upgrade pip -c /Users/runner/hostedtoolcache/Python/3.9.16/x64/lib/python3.9/site-packages/cibuildwheel/resources/constraints-python39.txt
2022-12-27T11:31:49.5432820Z Requirement already satisfied: pip in ./lib/python3.9/site-packages (22.3.1)
2022-12-27T11:31:49.8294620Z + which pip
2022-12-27T11:31:49.8334880Z /private/var/folders/51/hd414ycd67n82196sw51xqtc0000gn/T/cibw-run-9r5d6paa/cp39-macosx_arm64/build/venv/bin/pip
2022-12-27T11:31:49.8342750Z + pip --version
2022-12-27T11:31:50.2222740Z pip 22.3.1 from /private/var/folders/51/hd414ycd67n82196sw51xqtc0000gn/T/cibw-run-9r5d6paa/cp39-macosx_arm64/build/venv/lib/python3.9/site-packages/pip (python 3.9)
2022-12-27T11:31:50.2802500Z + which pip
2022-12-27T11:31:50.2866250Z + which python
2022-12-27T11:31:50.2904570Z /private/var/folders/51/hd414ycd67n82196sw51xqtc0000gn/T/cibw-run-9r5d6paa/cp39-macosx_arm64/build/venv/bin/python
2022-12-27T11:31:50.2913440Z + python --version
2022-12-27T11:31:50.3005950Z Python 3.9.13
2022-12-27T11:31:50.3013680Z + which python
2022-12-27T11:31:50.3129110Z ##[endgroup]
2022-12-27T11:31:50.3129980Z                                                               [32mâœ“ [0m1.65s
2022-12-27T11:31:50.3131070Z ##[group]Installing build tools...
2022-12-27T11:31:50.3131310Z 
2022-12-27T11:31:50.3131920Z + pip install --upgrade setuptools wheel delocate -c /Users/runner/hostedtoolcache/Python/3.9.16/x64/lib/python3.9/site-packages/cibuildwheel/resources/constraints-python39.txt
2022-12-27T11:31:50.8520870Z Requirement already satisfied: setuptools in /private/var/folders/51/hd414ycd67n82196sw51xqtc0000gn/T/cibw-run-9r5d6paa/cp39-macosx_arm64/build/venv/lib/python3.9/site-packages (65.6.3)
2022-12-27T11:31:51.2676850Z Requirement already satisfied: wheel in /private/var/folders/51/hd414ycd67n82196sw51xqtc0000gn/T/cibw-run-9r5d6paa/cp39-macosx_arm64/build/venv/lib/python3.9/site-packages (0.38.4)
2022-12-27T11:31:51.3669110Z Collecting delocate
2022-12-27T11:31:51.3791840Z   Using cached delocate-0.10.3-py3-none-any.whl (142 kB)
2022-12-27T11:31:51.4358180Z Collecting packaging>=20.9
2022-12-27T11:31:51.4409320Z   Using cached packaging-21.3-py3-none-any.whl (40 kB)
2022-12-27T11:31:51.4754770Z Collecting typing-extensions
2022-12-27T11:31:51.4813290Z   Using cached typing_extensions-4.4.0-py3-none-any.whl (26 kB)
2022-12-27T11:31:51.5635220Z Collecting pyparsing!=3.0.5,>=2.0.2
2022-12-27T11:31:51.5687450Z   Using cached pyparsing-3.0.9-py3-none-any.whl (98 kB)
2022-12-27T11:31:51.6398180Z Installing collected packages: typing-extensions, pyparsing, packaging, delocate
2022-12-27T11:31:51.8987420Z Successfully installed delocate-0.10.3 packaging-21.3 pyparsing-3.0.9 typing-extensions-4.4.0
2022-12-27T11:31:51.9993370Z ##[endgroup]
2022-12-27T11:31:51.9995670Z                                                               [32mâœ“ [0m1.69s
2022-12-27T11:31:51.9997520Z ##[group]Running before_build...
2022-12-27T11:31:51.9998390Z 
2022-12-27T11:31:52.0012190Z + pip install Cython; if [[ -f requirements.txt ]]; then pip install -r requirements.txt; fi
2022-12-27T11:31:53.3082760Z Collecting Cython
2022-12-27T11:31:53.3168380Z   Using cached Cython-0.29.32-py2.py3-none-any.whl (986 kB)
2022-12-27T11:31:53.4047440Z Installing collected packages: Cython
2022-12-27T11:31:54.2067810Z Successfully installed Cython-0.29.32
2022-12-27T11:31:54.3007490Z ##[endgroup]
2022-12-27T11:31:54.3008990Z                                                               [32mâœ“ [0m2.30s
2022-12-27T11:31:54.3010640Z ##[group]Building wheel...
2022-12-27T11:31:54.3011040Z 
2022-12-27T11:31:54.3015570Z + python -m pip wheel /Users/runner/actions-runner/_work/python.build/python.build/build_lxml22239/lxml-2.2.2 --wheel-dir=/private/var/folders/51/hd414ycd67n82196sw51xqtc0000gn/T/cibw-run-9r5d6paa/cp39-macosx_arm64/built_wheel --no-deps -vvv
2022-12-27T11:31:54.7701170Z Created temporary directory: /private/var/folders/51/hd414ycd67n82196sw51xqtc0000gn/T/pip-ephem-wheel-cache-_848assf
2022-12-27T11:31:54.7705700Z Created temporary directory: /private/var/folders/51/hd414ycd67n82196sw51xqtc0000gn/T/pip-build-tracker-o5vjkvy_
2022-12-27T11:31:54.7708000Z Initialized build tracking at /private/var/folders/51/hd414ycd67n82196sw51xqtc0000gn/T/pip-build-tracker-o5vjkvy_
2022-12-27T11:31:54.7710830Z Created build tracker: /private/var/folders/51/hd414ycd67n82196sw51xqtc0000gn/T/pip-build-tracker-o5vjkvy_
2022-12-27T11:31:54.7713220Z Entered build tracker: /private/var/folders/51/hd414ycd67n82196sw51xqtc0000gn/T/pip-build-tracker-o5vjkvy_
2022-12-27T11:31:54.7719210Z Created temporary directory: /private/var/folders/51/hd414ycd67n82196sw51xqtc0000gn/T/pip-wheel-vrh1yscd
2022-12-27T11:31:54.7733620Z Created temporary directory: /private/var/folders/51/hd414ycd67n82196sw51xqtc0000gn/T/pip-ephem-wheel-cache-s4a00ewj
2022-12-27T11:31:54.8022070Z Processing /Users/runner/actions-runner/_work/python.build/python.build/build_lxml22239/lxml-2.2.2
2022-12-27T11:31:54.8027190Z   Added file:///Users/runner/actions-runner/_work/python.build/python.build/build_lxml22239/lxml-2.2.2 to build tracker '/private/var/folders/51/hd414ycd67n82196sw51xqtc0000gn/T/pip-build-tracker-o5vjkvy_'
2022-12-27T11:31:54.8033380Z   Running setup.py (path:/Users/runner/actions-runner/_work/python.build/python.build/build_lxml22239/lxml-2.2.2/setup.py) egg_info for package from file:///Users/runner/actions-runner/_work/python.build/python.build/build_lxml22239/lxml-2.2.2
2022-12-27T11:31:54.8039090Z   Created temporary directory: /private/var/folders/51/hd414ycd67n82196sw51xqtc0000gn/T/pip-pip-egg-info-ckqopdt4
2022-12-27T11:31:54.8042830Z   Preparing metadata (setup.py): started
2022-12-27T11:31:54.8045490Z   Running command python setup.py egg_info
2022-12-27T11:31:55.4771120Z   Building lxml version 2.2.2.
2022-12-27T11:31:55.4771840Z   Building with Cython 0.29.32.
2022-12-27T11:31:55.4772440Z   Using build configuration of libxslt 1.1.29
2022-12-27T11:31:55.4776270Z   Building against libxml2/libxslt in the following directory: /Library/Developer/CommandLineTools/SDKs/MacOSX12.1.sdk/usr/lib
2022-12-27T11:31:55.4778120Z   running egg_info
2022-12-27T11:31:55.4781490Z   creating /private/var/folders/51/hd414ycd67n82196sw51xqtc0000gn/T/pip-pip-egg-info-ckqopdt4/lxml.egg-info
2022-12-27T11:31:55.4784740Z   writing /private/var/folders/51/hd414ycd67n82196sw51xqtc0000gn/T/pip-pip-egg-info-ckqopdt4/lxml.egg-info/PKG-INFO
2022-12-27T11:31:55.4789510Z   writing dependency_links to /private/var/folders/51/hd414ycd67n82196sw51xqtc0000gn/T/pip-pip-egg-info-ckqopdt4/lxml.egg-info/dependency_links.txt
2022-12-27T11:31:55.4800480Z   writing top-level names to /private/var/folders/51/hd414ycd67n82196sw51xqtc0000gn/T/pip-pip-egg-info-ckqopdt4/lxml.egg-info/top_level.txt
2022-12-27T11:31:55.4802070Z   writing manifest file '/private/var/folders/51/hd414ycd67n82196sw51xqtc0000gn/T/pip-pip-egg-info-ckqopdt4/lxml.egg-info/SOURCES.txt'
2022-12-27T11:31:55.4905360Z   reading manifest file '/private/var/folders/51/hd414ycd67n82196sw51xqtc0000gn/T/pip-pip-egg-info-ckqopdt4/lxml.egg-info/SOURCES.txt'
2022-12-27T11:31:55.4910500Z   reading manifest template 'MANIFEST.in'
2022-12-27T11:31:55.6670590Z   adding license file 'LICENSES.txt'
2022-12-27T11:31:55.6793320Z   writing manifest file '/private/var/folders/51/hd414ycd67n82196sw51xqtc0000gn/T/pip-pip-egg-info-ckqopdt4/lxml.egg-info/SOURCES.txt'
2022-12-27T11:31:55.7397390Z   Preparing metadata (setup.py): finished with status 'done'
2022-12-27T11:31:55.7438480Z   Source in /Users/runner/actions-runner/_work/python.build/python.build/build_lxml22239/lxml-2.2.2 has version 2.2.2, which satisfies requirement lxml==2.2.2 from file:///Users/runner/actions-runner/_work/python.build/python.build/build_lxml22239/lxml-2.2.2
2022-12-27T11:31:55.7442180Z   Removed lxml==2.2.2 from file:///Users/runner/actions-runner/_work/python.build/python.build/build_lxml22239/lxml-2.2.2 from build tracker '/private/var/folders/51/hd414ycd67n82196sw51xqtc0000gn/T/pip-build-tracker-o5vjkvy_'
2022-12-27T11:31:55.7470840Z Created temporary directory: /private/var/folders/51/hd414ycd67n82196sw51xqtc0000gn/T/pip-unpack-5yra4bwn
2022-12-27T11:31:55.7472940Z Building wheels for collected packages: lxml
2022-12-27T11:31:55.7486440Z   Created temporary directory: /private/var/folders/51/hd414ycd67n82196sw51xqtc0000gn/T/pip-wheel-9slq1o3p
2022-12-27T11:31:55.7488380Z   Building wheel for lxml (setup.py): started
2022-12-27T11:31:55.7491430Z   Destination directory: /private/var/folders/51/hd414ycd67n82196sw51xqtc0000gn/T/pip-wheel-9slq1o3p
2022-12-27T11:31:55.7493790Z   Running command python setup.py bdist_wheel
2022-12-27T11:31:56.1818150Z   Building lxml version 2.2.2.
2022-12-27T11:31:56.1822400Z   Building with Cython 0.29.32.
2022-12-27T11:31:56.2059180Z   Using build configuration of libxslt 1.1.29
2022-12-27T11:31:56.3885810Z   Building against libxml2/libxslt in the following directory: /Library/Developer/CommandLineTools/SDKs/MacOSX12.1.sdk/usr/lib
2022-12-27T11:31:56.4273240Z   running bdist_wheel
2022-12-27T11:31:56.4345720Z   running build
2022-12-27T11:31:56.4346830Z   running build_py
2022-12-27T11:31:56.4386170Z   creating build
2022-12-27T11:31:56.4387550Z   creating build/lib.macosx-11.0-arm64-cpython-39
2022-12-27T11:31:56.4389160Z   creating build/lib.macosx-11.0-arm64-cpython-39/lxml
2022-12-27T11:31:56.4392060Z   copying src/lxml/_elementpath.py -> build/lib.macosx-11.0-arm64-cpython-39/lxml
2022-12-27T11:31:56.4395310Z   copying src/lxml/sax.py -> build/lib.macosx-11.0-arm64-cpython-39/lxml
2022-12-27T11:31:56.4402640Z   copying src/lxml/pyclasslookup.py -> build/lib.macosx-11.0-arm64-cpython-39/lxml
2022-12-27T11:31:56.4408280Z   copying src/lxml/__init__.py -> build/lib.macosx-11.0-arm64-cpython-39/lxml
2022-12-27T11:31:56.4411720Z   copying src/lxml/builder.py -> build/lib.macosx-11.0-arm64-cpython-39/lxml
2022-12-27T11:31:56.4415030Z   copying src/lxml/doctestcompare.py -> build/lib.macosx-11.0-arm64-cpython-39/lxml
2022-12-27T11:31:56.4418330Z   copying src/lxml/usedoctest.py -> build/lib.macosx-11.0-arm64-cpython-39/lxml
2022-12-27T11:31:56.4421660Z   copying src/lxml/cssselect.py -> build/lib.macosx-11.0-arm64-cpython-39/lxml
2022-12-27T11:31:56.4425000Z   copying src/lxml/ElementInclude.py -> build/lib.macosx-11.0-arm64-cpython-39/lxml
2022-12-27T11:31:56.4439860Z   creating build/lib.macosx-11.0-arm64-cpython-39/lxml/html
2022-12-27T11:31:56.4447210Z   copying src/lxml/html/soupparser.py -> build/lib.macosx-11.0-arm64-cpython-39/lxml/html
2022-12-27T11:31:56.4450460Z   copying src/lxml/html/defs.py -> build/lib.macosx-11.0-arm64-cpython-39/lxml/html
2022-12-27T11:31:56.4453950Z   copying src/lxml/html/_setmixin.py -> build/lib.macosx-11.0-arm64-cpython-39/lxml/html
2022-12-27T11:31:56.4456530Z   copying src/lxml/html/clean.py -> build/lib.macosx-11.0-arm64-cpython-39/lxml/html
2022-12-27T11:31:56.4460520Z   copying src/lxml/html/_diffcommand.py -> build/lib.macosx-11.0-arm64-cpython-39/lxml/html
2022-12-27T11:31:56.4463760Z   copying src/lxml/html/html5parser.py -> build/lib.macosx-11.0-arm64-cpython-39/lxml/html
2022-12-27T11:31:56.4469390Z   copying src/lxml/html/__init__.py -> build/lib.macosx-11.0-arm64-cpython-39/lxml/html
2022-12-27T11:31:56.4470890Z   copying src/lxml/html/formfill.py -> build/lib.macosx-11.0-arm64-cpython-39/lxml/html
2022-12-27T11:31:56.4478070Z   copying src/lxml/html/builder.py -> build/lib.macosx-11.0-arm64-cpython-39/lxml/html
2022-12-27T11:31:56.4480220Z   copying src/lxml/html/ElementSoup.py -> build/lib.macosx-11.0-arm64-cpython-39/lxml/html
2022-12-27T11:31:56.4482750Z   copying src/lxml/html/_html5builder.py -> build/lib.macosx-11.0-arm64-cpython-39/lxml/html
2022-12-27T11:31:56.4492630Z   copying src/lxml/html/usedoctest.py -> build/lib.macosx-11.0-arm64-cpython-39/lxml/html
2022-12-27T11:31:56.4495660Z   copying src/lxml/html/diff.py -> build/lib.macosx-11.0-arm64-cpython-39/lxml/html
2022-12-27T11:31:56.4498370Z   copying src/lxml/html/_dictmixin.py -> build/lib.macosx-11.0-arm64-cpython-39/lxml/html
2022-12-27T11:31:56.4520990Z   running build_ext
2022-12-27T11:31:56.5269710Z   skipping 'src/lxml/lxml.etree.c' Cython extension (up-to-date)
2022-12-27T11:31:56.5275510Z   skipping 'src/lxml/lxml.objectify.c' Cython extension (up-to-date)
2022-12-27T11:31:56.5276960Z   building 'lxml.etree' extension
2022-12-27T11:31:56.5280840Z   creating build/temp.macosx-11.0-arm64-cpython-39
2022-12-27T11:31:56.5283760Z   creating build/temp.macosx-11.0-arm64-cpython-39/src
2022-12-27T11:31:56.5285690Z   creating build/temp.macosx-11.0-arm64-cpython-39/src/lxml
2022-12-27T11:31:56.5290570Z   gcc -Wno-unused-result -Wsign-compare -Wunreachable-code -fno-common -dynamic -DNDEBUG -g -fwrapv -O3 -Wall -g -I/usr/local/opt/openssl@3/include -I/usr/local/opt/openssl@3/include -arch arm64 -I/Library/Developer/CommandLineTools/SDKs/MacOSX12.1.sdk/usr/include -I/private/var/folders/51/hd414ycd67n82196sw51xqtc0000gn/T/cibw-run-9r5d6paa/cp39-macosx_arm64/build/venv/include -I/Library/Frameworks/Python.framework/Versions/3.9/include/python3.9 -c src/lxml/lxml.etree.c -o build/temp.macosx-11.0-arm64-cpython-39/src/lxml/lxml.etree.o -w -flat_namespace
2022-12-27T11:31:57.5090070Z   src/lxml/lxml.etree.c:143425:24: error: no member named 'exc_type' in 'struct _ts'
2022-12-27T11:31:57.5091100Z       tmp_type = tstate->exc_type;
2022-12-27T11:31:57.5092860Z                  ~~~~~~  ^
2022-12-27T11:31:57.5098130Z   src/lxml/lxml.etree.c:143426:25: error: no member named 'exc_value' in 'struct _ts'; did you mean 'curexc_value'?
2022-12-27T11:31:57.5099180Z       tmp_value = tstate->exc_value;
2022-12-27T11:31:57.5100760Z                           ^~~~~~~~~
2022-12-27T11:31:57.5103600Z                           curexc_value
2022-12-27T11:31:57.5106140Z   /Library/Frameworks/Python.framework/Versions/3.9/include/python3.9/cpython/pystate.h:78:15: note: 'curexc_value' declared here
2022-12-27T11:31:57.5108550Z       PyObject *curexc_value;
2022-12-27T11:31:57.5110690Z                 ^
2022-12-27T11:31:57.5114250Z   src/lxml/lxml.etree.c:143427:22: error: no member named 'exc_traceback' in 'struct _ts'; did you mean 'curexc_traceback'?
2022-12-27T11:31:57.5115910Z       tmp_tb = tstate->exc_traceback;
2022-12-27T11:31:57.5119000Z                        ^~~~~~~~~~~~~
2022-12-27T11:31:57.5121170Z                        curexc_traceback
2022-12-27T11:31:57.5124850Z   /Library/Frameworks/Python.framework/Versions/3.9/include/python3.9/cpython/pystate.h:79:15: note: 'curexc_traceback' declared here
2022-12-27T11:31:57.5127890Z       PyObject *curexc_traceback;
2022-12-27T11:31:57.5128700Z                 ^
2022-12-27T11:31:57.5132300Z   src/lxml/lxml.etree.c:143428:13: error: no member named 'exc_type' in 'struct _ts'
2022-12-27T11:31:57.5134080Z       tstate->exc_type = *type;
2022-12-27T11:31:57.5137000Z       ~~~~~~  ^
2022-12-27T11:31:57.5140100Z   src/lxml/lxml.etree.c:143429:13: error: no member named 'exc_value' in 'struct _ts'; did you mean 'curexc_value'?
2022-12-27T11:31:57.5142500Z       tstate->exc_value = *value;
2022-12-27T11:31:57.5144480Z               ^~~~~~~~~
2022-12-27T11:31:57.5146980Z               curexc_value
2022-12-27T11:31:57.5150290Z   /Library/Frameworks/Python.framework/Versions/3.9/include/python3.9/cpython/pystate.h:78:15: note: 'curexc_value' declared here
2022-12-27T11:31:57.5151980Z       PyObject *curexc_value;
2022-12-27T11:31:57.5154960Z                 ^
2022-12-27T11:31:57.5157510Z   src/lxml/lxml.etree.c:143430:13: error: no member named 'exc_traceback' in 'struct _ts'; did you mean 'curexc_traceback'?
2022-12-27T11:31:57.5160340Z       tstate->exc_traceback = *tb;
2022-12-27T11:31:57.5162690Z               ^~~~~~~~~~~~~
2022-12-27T11:31:57.5164910Z               curexc_traceback
2022-12-27T11:31:57.5168180Z   /Library/Frameworks/Python.framework/Versions/3.9/include/python3.9/cpython/pystate.h:79:15: note: 'curexc_traceback' declared here
2022-12-27T11:31:57.5170940Z       PyObject *curexc_traceback;
2022-12-27T11:31:57.5172810Z                 ^
2022-12-27T11:31:57.5177200Z   src/lxml/lxml.etree.c:143499:18: error: no member named 'exc_type' in 'struct _ts'
2022-12-27T11:31:57.5178550Z       if ((tstate->exc_type != NULL) & (tstate->exc_type != Py_None)) {
2022-12-27T11:31:57.5181310Z            ~~~~~~  ^
2022-12-27T11:31:57.5183810Z   src/lxml/lxml.etree.c:143499:47: error: no member named 'exc_type' in 'struct _ts'
2022-12-27T11:31:57.5186500Z       if ((tstate->exc_type != NULL) & (tstate->exc_type != Py_None)) {
2022-12-27T11:31:57.5189410Z                                         ~~~~~~  ^
2022-12-27T11:31:57.5191850Z   src/lxml/lxml.etree.c:143500:28: error: no member named 'exc_type' in 'struct _ts'
2022-12-27T11:31:57.5194330Z           tmp_type = tstate->exc_type;
2022-12-27T11:31:57.5197160Z                      ~~~~~~  ^
2022-12-27T11:31:57.5200050Z   src/lxml/lxml.etree.c:143501:29: error: no member named 'exc_value' in 'struct _ts'; did you mean 'curexc_value'?
2022-12-27T11:31:57.5322310Z           tmp_value = tstate->exc_value;
2022-12-27T11:31:57.5324660Z                               ^~~~~~~~~
2022-12-27T11:31:57.5327300Z                               curexc_value
2022-12-27T11:31:57.5330130Z   /Library/Frameworks/Python.framework/Versions/3.9/include/python3.9/cpython/pystate.h:78:15: note: 'curexc_value' declared here
2022-12-27T11:31:57.5332350Z       PyObject *curexc_value;
2022-12-27T11:31:57.5334700Z                 ^
2022-12-27T11:31:57.5337920Z   src/lxml/lxml.etree.c:143502:26: error: no member named 'exc_traceback' in 'struct _ts'; did you mean 'curexc_traceback'?
2022-12-27T11:31:57.5340220Z           tmp_tb = tstate->exc_traceback;
2022-12-27T11:31:57.5342750Z                            ^~~~~~~~~~~~~
2022-12-27T11:31:57.5345090Z                            curexc_traceback
2022-12-27T11:31:57.5348210Z   /Library/Frameworks/Python.framework/Versions/3.9/include/python3.9/cpython/pystate.h:79:15: note: 'curexc_traceback' declared here
2022-12-27T11:31:57.5350410Z       PyObject *curexc_traceback;
2022-12-27T11:31:57.5352890Z                 ^
2022-12-27T11:31:57.5355820Z   src/lxml/lxml.etree.c:143505:17: error: no member named 'exc_type' in 'struct _ts'
2022-12-27T11:31:57.5358390Z           tstate->exc_type = 0;
2022-12-27T11:31:57.5360910Z           ~~~~~~  ^
2022-12-27T11:31:57.5363880Z   src/lxml/lxml.etree.c:143506:17: error: no member named 'exc_value' in 'struct _ts'; did you mean 'curexc_value'?
2022-12-27T11:31:57.5366520Z           tstate->exc_value = 0;
2022-12-27T11:31:57.5368550Z                   ^~~~~~~~~
2022-12-27T11:31:57.5371240Z                   curexc_value
2022-12-27T11:31:57.5374140Z   /Library/Frameworks/Python.framework/Versions/3.9/include/python3.9/cpython/pystate.h:78:15: note: 'curexc_value' declared here
2022-12-27T11:31:57.5376340Z       PyObject *curexc_value;
2022-12-27T11:31:57.5379310Z                 ^
2022-12-27T11:31:57.5382260Z   src/lxml/lxml.etree.c:143507:17: error: no member named 'exc_traceback' in 'struct _ts'; did you mean 'curexc_traceback'?
2022-12-27T11:31:57.5384600Z           tstate->exc_traceback = 0;
2022-12-27T11:31:57.5386860Z                   ^~~~~~~~~~~~~
2022-12-27T11:31:57.5389570Z                   curexc_traceback
2022-12-27T11:31:57.5392400Z   /Library/Frameworks/Python.framework/Versions/3.9/include/python3.9/cpython/pystate.h:79:15: note: 'curexc_traceback' declared here
2022-12-27T11:31:57.5394810Z       PyObject *curexc_traceback;
2022-12-27T11:31:57.5397190Z                 ^
2022-12-27T11:31:57.5400220Z   src/lxml/lxml.etree.c:143567:21: error: no member named 'exc_type' in 'struct _ts'
2022-12-27T11:31:57.5402690Z       *type = tstate->exc_type;
2022-12-27T11:31:57.5405110Z               ~~~~~~  ^
2022-12-27T11:31:57.5408090Z   src/lxml/lxml.etree.c:143568:22: error: no member named 'exc_value' in 'struct _ts'; did you mean 'curexc_value'?
2022-12-27T11:31:57.5410460Z       *value = tstate->exc_value;
2022-12-27T11:31:57.5412970Z                        ^~~~~~~~~
2022-12-27T11:31:57.5415390Z                        curexc_value
2022-12-27T11:31:57.5418700Z   /Library/Frameworks/Python.framework/Versions/3.9/include/python3.9/cpython/pystate.h:78:15: note: 'curexc_value' declared here
2022-12-27T11:31:57.5420880Z       PyObject *curexc_value;
2022-12-27T11:31:57.5423490Z                 ^
2022-12-27T11:31:57.5426450Z   src/lxml/lxml.etree.c:143569:19: error: no member named 'exc_traceback' in 'struct _ts'; did you mean 'curexc_traceback'?
2022-12-27T11:31:57.5430400Z       *tb = tstate->exc_traceback;
2022-12-27T11:31:57.5431130Z                     ^~~~~~~~~~~~~
2022-12-27T11:31:57.5433900Z                     curexc_traceback
2022-12-27T11:31:57.5436900Z   /Library/Frameworks/Python.framework/Versions/3.9/include/python3.9/cpython/pystate.h:79:15: note: 'curexc_traceback' declared here
2022-12-27T11:31:57.5440910Z       PyObject *curexc_traceback;
2022-12-27T11:31:57.5441990Z                 ^
2022-12-27T11:31:57.5445180Z   src/lxml/lxml.etree.c:143578:24: error: no member named 'exc_type' in 'struct _ts'
2022-12-27T11:31:57.5447650Z       tmp_type = tstate->exc_type;
2022-12-27T11:31:57.5449450Z                  ~~~~~~  ^
2022-12-27T11:31:57.5452970Z   src/lxml/lxml.etree.c:143579:25: error: no member named 'exc_value' in 'struct _ts'; did you mean 'curexc_value'?
2022-12-27T11:31:57.5455160Z       tmp_value = tstate->exc_value;
2022-12-27T11:31:57.5457630Z                           ^~~~~~~~~
2022-12-27T11:31:57.5460270Z                           curexc_value
2022-12-27T11:31:57.5463230Z   /Library/Frameworks/Python.framework/Versions/3.9/include/python3.9/cpython/pystate.h:78:15: note: 'curexc_value' declared here
2022-12-27T11:31:57.5465850Z       PyObject *curexc_value;
2022-12-27T11:31:57.5468350Z                 ^
2022-12-27T11:31:57.5471250Z   fatal error: too many errors emitted, stopping now [-ferror-limit=]
2022-12-27T11:31:57.5473760Z   20 errors generated.
2022-12-27T11:31:57.5477320Z   error: command '/usr/bin/gcc' failed with exit code 1
2022-12-27T11:31:57.6093570Z   error: subprocess-exited-with-error
2022-12-27T11:31:57.6093930Z   
2022-12-27T11:31:57.6094480Z   Ã— python setup.py bdist_wheel did not run successfully.
2022-12-27T11:31:57.6095030Z   â”‚ exit code: 1
2022-12-27T11:31:57.6095500Z   â•°â”€> See above for output.
2022-12-27T11:31:57.6095780Z   
2022-12-27T11:31:57.6096210Z   note: This error originates from a subprocess, and is likely not a problem with pip.
2022-12-27T11:31:57.6109560Z   full command: /private/var/folders/51/hd414ycd67n82196sw51xqtc0000gn/T/cibw-run-9r5d6paa/cp39-macosx_arm64/build/venv/bin/python -u -c '
2022-12-27T11:31:57.6110570Z   exec(compile('"'"''"'"''"'"'
2022-12-27T11:31:57.6111020Z   # This is <pip-setuptools-caller> -- a caller that pip uses to run setup.py
2022-12-27T11:31:57.6111410Z   #
2022-12-27T11:31:57.6111920Z   # - It imports setuptools before invoking setup.py, to enable projects that directly
2022-12-27T11:31:57.6112380Z   #   import from `distutils.core` to work with newer packaging standards.
2022-12-27T11:31:57.6113050Z   # - It provides a clear error message when setuptools is not installed.
2022-12-27T11:31:57.6113940Z   # - It sets `sys.argv[0]` to the underlying `setup.py`, when invoking `setup.py` so
2022-12-27T11:31:57.6114650Z   #   setuptools doesn'"'"'t think the script is `-c`. This avoids the following warning:
2022-12-27T11:31:57.6115050Z   #     manifest_maker: standard file '"'"'-c'"'"' not found".
2022-12-27T11:31:57.6115600Z   # - It generates a shim setup.py, for handling setup.cfg-only projects.
2022-12-27T11:31:57.6116020Z   import os, sys, tokenize
2022-12-27T11:31:57.6116270Z   
2022-12-27T11:31:57.6116520Z   try:
2022-12-27T11:31:57.6116830Z       import setuptools
2022-12-27T11:31:57.6117210Z   except ImportError as error:
2022-12-27T11:31:57.6117550Z       print(
2022-12-27T11:31:57.6117950Z           "ERROR: Can not execute `setup.py` since setuptools is not available in "
2022-12-27T11:31:57.6118280Z           "the build environment.",
2022-12-27T11:31:57.6118630Z           file=sys.stderr,
2022-12-27T11:31:57.6118930Z       )
2022-12-27T11:31:57.6119140Z       sys.exit(1)
2022-12-27T11:31:57.6119420Z   
2022-12-27T11:31:57.6119850Z   __file__ = %r
2022-12-27T11:31:57.6120860Z   sys.argv[0] = __file__
2022-12-27T11:31:57.6121170Z   
2022-12-27T11:31:57.6121410Z   if os.path.exists(__file__):
2022-12-27T11:31:57.6121650Z       filename = __file__
2022-12-27T11:31:57.6121930Z       with tokenize.open(__file__) as f:
2022-12-27T11:31:57.6122220Z           setup_py_code = f.read()
2022-12-27T11:31:57.6122520Z   else:
2022-12-27T11:31:57.6122890Z       filename = "<auto-generated setuptools caller>"
2022-12-27T11:31:57.6123280Z       setup_py_code = "from setuptools import setup; setup()"
2022-12-27T11:31:57.6123620Z   
2022-12-27T11:31:57.6123830Z   exec(compile(setup_py_code, filename, "exec"))
2022-12-27T11:31:57.6124650Z   '"'"''"'"''"'"' % ('"'"'/Users/runner/actions-runner/_work/python.build/python.build/build_lxml22239/lxml-2.2.2/setup.py'"'"',), "<pip-setuptools-caller>", "exec"))' bdist_wheel -d /private/var/folders/51/hd414ycd67n82196sw51xqtc0000gn/T/pip-wheel-9slq1o3p
2022-12-27T11:31:57.6125440Z   cwd: /Users/runner/actions-runner/_work/python.build/python.build/build_lxml22239/lxml-2.2.2/
2022-12-27T11:31:57.6125900Z   ERROR: Failed building wheel for lxml
2022-12-27T11:31:57.6126320Z   Building wheel for lxml (setup.py): finished with status 'error'
2022-12-27T11:31:57.6126700Z   Running setup.py clean for lxml
2022-12-27T11:31:57.6128000Z   Running command python setup.py clean
2022-12-27T11:31:58.0518010Z   Building lxml version 2.2.2.
2022-12-27T11:31:58.0518370Z   Building with Cython 0.29.32.
2022-12-27T11:31:58.0777890Z   Using build configuration of libxslt 1.1.29
2022-12-27T11:31:58.2724700Z   Building against libxml2/libxslt in the following directory: /Library/Developer/CommandLineTools/SDKs/MacOSX12.1.sdk/usr/lib
2022-12-27T11:31:58.2959560Z   running clean
2022-12-27T11:31:58.3006870Z   removing 'build/temp.macosx-11.0-arm64-cpython-39' (and everything under it)
2022-12-27T11:31:58.3010240Z   removing 'build/lib.macosx-11.0-arm64-cpython-39' (and everything under it)
2022-12-27T11:31:58.3050510Z   'build/bdist.macosx-11.0-arm64' does not exist -- can't clean it
2022-12-27T11:31:58.3051960Z   'build/scripts-3.9' does not exist -- can't clean it
2022-12-27T11:31:58.3053500Z   removing 'build'
2022-12-27T11:31:58.3573770Z Failed to build lxml
2022-12-27T11:31:58.3581960Z ERROR: Failed to build one or more wheels
2022-12-27T11:31:58.3598190Z Exception information:
2022-12-27T11:31:58.3598700Z Traceback (most recent call last):
2022-12-27T11:31:58.3610610Z   File "/private/var/folders/51/hd414ycd67n82196sw51xqtc0000gn/T/cibw-run-9r5d6paa/cp39-macosx_arm64/build/venv/lib/python3.9/site-packages/pip/_internal/cli/base_command.py", line 160, in exc_logging_wrapper
2022-12-27T11:31:58.3611210Z     status = run_func(*args)
2022-12-27T11:31:58.3612040Z   File "/private/var/folders/51/hd414ycd67n82196sw51xqtc0000gn/T/cibw-run-9r5d6paa/cp39-macosx_arm64/build/venv/lib/python3.9/site-packages/pip/_internal/cli/req_command.py", line 247, in wrapper
2022-12-27T11:31:58.3612620Z     return func(self, options, args)
2022-12-27T11:31:58.3613310Z   File "/private/var/folders/51/hd414ycd67n82196sw51xqtc0000gn/T/cibw-run-9r5d6paa/cp39-macosx_arm64/build/venv/lib/python3.9/site-packages/pip/_internal/commands/wheel.py", line 201, in run
2022-12-27T11:31:58.3613900Z     raise CommandError("Failed to build one or more wheels")
2022-12-27T11:31:58.3614480Z pip._internal.exceptions.CommandError: Failed to build one or more wheels
2022-12-27T11:31:58.3615140Z Removed build tracker: '/private/var/folders/51/hd414ycd67n82196sw51xqtc0000gn/T/pip-build-tracker-o5vjkvy_'
2022-12-27T11:31:58.4512710Z ##[error]Command ['python', '-m', 'pip', 'wheel', '/Users/runner/actions-runner/_work/python.build/python.build/build_lxml22239/lxml-2.2.2', '--wheel-dir=/private/var/folders/51/hd414ycd67n82196sw51xqtc0000gn/T/cibw-run-9r5d6paa/cp39-macosx_arm64/built_wheel', '--no-deps', '-vvv'] failed with code 1. None
2022-12-27T11:31:58.4523260Z ##[endgroup]
2022-12-27T11:31:58.4523500Z 
2022-12-27T11:31:58.4524050Z                                                               [31mâœ• [0m4.15s
2022-12-27T11:31:58.5331990Z ##[error]Process completed with exit code 1.
2022-12-27T11:31:58.5387190Z ##[group]Run rm -rf build_lxml22239 wheelsout
2022-12-27T11:31:58.5387550Z [36;1mrm -rf build_lxml22239 wheelsout[0m
2022-12-27T11:31:58.5415940Z shell: /bin/bash -e {0}
2022-12-27T11:31:58.5416130Z env:
2022-12-27T11:31:58.5416370Z   pythonLocation: /Users/runner/hostedtoolcache/Python/3.9.16/x64
2022-12-27T11:31:58.5416690Z   PKG_CONFIG_PATH: /Users/runner/hostedtoolcache/Python/3.9.16/x64/lib/pkgconfig
2022-12-27T11:31:58.5417010Z   Python_ROOT_DIR: /Users/runner/hostedtoolcache/Python/3.9.16/x64
2022-12-27T11:31:58.5417350Z   Python2_ROOT_DIR: /Users/runner/hostedtoolcache/Python/3.9.16/x64
2022-12-27T11:31:58.5417750Z   Python3_ROOT_DIR: /Users/runner/hostedtoolcache/Python/3.9.16/x64
2022-12-27T11:31:58.5417960Z ##[endgroup]
2022-12-27T11:31:58.6474400Z Cleaning up orphan processes
